Determining if the function sgemm_ exists failed with the following output:
Change Dir: /home/ubuntu/tesseract_ws/build/snp_motion_planning/CMakeFiles/CMakeTmp

Run Build Command(s):/usr/bin/gmake -f Makefile cmTC_e968a/fast && /usr/bin/gmake  -f CMakeFiles/cmTC_e968a.dir/build.make CMakeFiles/cmTC_e968a.dir/build
gmake[1]: Entering directory '/home/ubuntu/tesseract_ws/build/snp_motion_planning/CMakeFiles/CMakeTmp'
Building C object CMakeFiles/cmTC_e968a.dir/CheckFunctionExists.c.o
/usr/bin/cc   -DCHECK_FUNCTION_EXISTS=sgemm_ -o CMakeFiles/cmTC_e968a.dir/CheckFunctionExists.c.o -c /usr/share/cmake-3.22/Modules/CheckFunctionExists.c
Linking C executable cmTC_e968a
/usr/bin/cmake -E cmake_link_script CMakeFiles/cmTC_e968a.dir/link.txt --verbose=1
/usr/bin/cc  -DCHECK_FUNCTION_EXISTS=sgemm_ CMakeFiles/cmTC_e968a.dir/CheckFunctionExists.c.o -o cmTC_e968a 
/usr/bin/ld: CMakeFiles/cmTC_e968a.dir/CheckFunctionExists.c.o: in function `main':
CheckFunctionExists.c:(.text+0x14): undefined reference to `sgemm_'
collect2: error: ld returned 1 exit status
gmake[1]: *** [CMakeFiles/cmTC_e968a.dir/build.make:99: cmTC_e968a] Error 1
gmake[1]: Leaving directory '/home/ubuntu/tesseract_ws/build/snp_motion_planning/CMakeFiles/CMakeTmp'
gmake: *** [Makefile:127: cmTC_e968a/fast] Error 2



Determining if the function cheev_ exists failed with the following output:
Change Dir: /home/ubuntu/tesseract_ws/build/snp_motion_planning/CMakeFiles/CMakeTmp

Run Build Command(s):/usr/bin/gmake -f Makefile cmTC_6f082/fast && /usr/bin/gmake  -f CMakeFiles/cmTC_6f082.dir/build.make CMakeFiles/cmTC_6f082.dir/build
gmake[1]: Entering directory '/home/ubuntu/tesseract_ws/build/snp_motion_planning/CMakeFiles/CMakeTmp'
Building C object CMakeFiles/cmTC_6f082.dir/CheckFunctionExists.c.o
/usr/bin/cc   -DCHECK_FUNCTION_EXISTS=cheev_ -o CMakeFiles/cmTC_6f082.dir/CheckFunctionExists.c.o -c /usr/share/cmake-3.22/Modules/CheckFunctionExists.c
Linking C executable cmTC_6f082
/usr/bin/cmake -E cmake_link_script CMakeFiles/cmTC_6f082.dir/link.txt --verbose=1
/usr/bin/cc  -DCHECK_FUNCTION_EXISTS=cheev_ CMakeFiles/cmTC_6f082.dir/CheckFunctionExists.c.o -o cmTC_6f082  /usr/lib/x86_64-linux-gnu/libblas.so -lm -ldl 
/usr/bin/ld: CMakeFiles/cmTC_6f082.dir/CheckFunctionExists.c.o: in function `main':
CheckFunctionExists.c:(.text+0x14): undefined reference to `cheev_'
collect2: error: ld returned 1 exit status
gmake[1]: *** [CMakeFiles/cmTC_6f082.dir/build.make:100: cmTC_6f082] Error 1
gmake[1]: Leaving directory '/home/ubuntu/tesseract_ws/build/snp_motion_planning/CMakeFiles/CMakeTmp'
gmake: *** [Makefile:127: cmTC_6f082/fast] Error 2



Determining if the function cheev_ exists failed with the following output:
Change Dir: /home/ubuntu/tesseract_ws/build/snp_motion_planning/CMakeFiles/CMakeTmp

Run Build Command(s):/usr/bin/gmake -f Makefile cmTC_9fead/fast && /usr/bin/gmake  -f CMakeFiles/cmTC_9fead.dir/build.make CMakeFiles/cmTC_9fead.dir/build
gmake[1]: Entering directory '/home/ubuntu/tesseract_ws/build/snp_motion_planning/CMakeFiles/CMakeTmp'
Building C object CMakeFiles/cmTC_9fead.dir/CheckFunctionExists.c.o
/usr/bin/cc   -DCHECK_FUNCTION_EXISTS=cheev_ -o CMakeFiles/cmTC_9fead.dir/CheckFunctionExists.c.o -c /usr/share/cmake-3.22/Modules/CheckFunctionExists.c
Linking C executable cmTC_9fead
/usr/bin/cmake -E cmake_link_script CMakeFiles/cmTC_9fead.dir/link.txt --verbose=1
/usr/bin/cc  -DCHECK_FUNCTION_EXISTS=cheev_ CMakeFiles/cmTC_9fead.dir/CheckFunctionExists.c.o -o cmTC_9fead  /usr/lib/x86_64-linux-gnu/liblapack.so /usr/lib/x86_64-linux-gnu/libblas.so -fortranlibs 
cc: error: unrecognized command-line option ‘-fortranlibs’
gmake[1]: *** [CMakeFiles/cmTC_9fead.dir/build.make:101: cmTC_9fead] Error 1
gmake[1]: Leaving directory '/home/ubuntu/tesseract_ws/build/snp_motion_planning/CMakeFiles/CMakeTmp'
gmake: *** [Makefile:127: cmTC_9fead/fast] Error 2



