/usr/lib/python3/dist-packages/setuptools/dist.py:723: UserWarning: Usage of dash-separated 'script-dir' will not be supported in future versions. Please use the underscore name 'script_dir' instead
  warnings.warn(
running develop
/usr/lib/python3/dist-packages/setuptools/command/easy_install.py:158: EasyInstallDeprecationWarning: easy_install command is deprecated. Use build and pip and other standards-based tools.
  warnings.warn(
/usr/lib/python3/dist-packages/setuptools/command/install.py:34: SetuptoolsDeprecationWarning: setup.py install is deprecated. Use build and pip and other standards-based tools.
  warnings.warn(
/usr/lib/python3/dist-packages/pkg_resources/__init__.py:116: PkgResourcesDeprecationWarning: 1.1build1 is an invalid version and will not be supported in a future release
  warnings.warn(
/usr/lib/python3/dist-packages/pkg_resources/__init__.py:116: PkgResourcesDeprecationWarning: 0.1.43ubuntu1 is an invalid version and will not be supported in a future release
  warnings.warn(
running egg_info
creating industrial_moveit2_utils.egg-info
writing industrial_moveit2_utils.egg-info/PKG-INFO
writing dependency_links to industrial_moveit2_utils.egg-info/dependency_links.txt
writing entry points to industrial_moveit2_utils.egg-info/entry_points.txt
writing requirements to industrial_moveit2_utils.egg-info/requires.txt
writing top-level names to industrial_moveit2_utils.egg-info/top_level.txt
writing manifest file 'industrial_moveit2_utils.egg-info/SOURCES.txt'
reading manifest file 'industrial_moveit2_utils.egg-info/SOURCES.txt'
writing manifest file 'industrial_moveit2_utils.egg-info/SOURCES.txt'
running build_ext
Creating /home/ubuntu/perception_driven_ws/install/industrial_moveit2_utils/lib/python3.10/site-packages/industrial-moveit2-utils.egg-link (link to .)

Installed /home/ubuntu/perception_driven_ws/build/industrial_moveit2_utils
running install_data
creating /home/ubuntu/perception_driven_ws/install/industrial_moveit2_utils/share/ament_index
creating /home/ubuntu/perception_driven_ws/install/industrial_moveit2_utils/share/ament_index/resource_index
creating /home/ubuntu/perception_driven_ws/install/industrial_moveit2_utils/share/ament_index/resource_index/packages
copying resource/industrial_moveit2_utils -> /home/ubuntu/perception_driven_ws/install/industrial_moveit2_utils/share/ament_index/resource_index/packages
copying package.xml -> /home/ubuntu/perception_driven_ws/install/industrial_moveit2_utils/share/industrial_moveit2_utils
