running develop
running egg_info
creating industrial_moveit2_utils.egg-info
writing industrial_moveit2_utils.egg-info/PKG-INFO
writing dependency_links to industrial_moveit2_utils.egg-info/dependency_links.txt
writing entry points to industrial_moveit2_utils.egg-info/entry_points.txt
writing requirements to industrial_moveit2_utils.egg-info/requires.txt
writing top-level names to industrial_moveit2_utils.egg-info/top_level.txt
writing manifest file 'industrial_moveit2_utils.egg-info/SOURCES.txt'
reading manifest file 'industrial_moveit2_utils.egg-info/SOURCES.txt'
writing manifest file 'industrial_moveit2_utils.egg-info/SOURCES.txt'
running build_ext
Creating /home/ubuntu/perception_driven_ws/install/industrial_moveit2_utils/lib/python3.10/site-packages/industrial-moveit2-utils.egg-link (link to .)

Installed /home/ubuntu/perception_driven_ws/build/industrial_moveit2_utils
running install_data
creating /home/ubuntu/perception_driven_ws/install/industrial_moveit2_utils/share/ament_index
creating /home/ubuntu/perception_driven_ws/install/industrial_moveit2_utils/share/ament_index/resource_index
creating /home/ubuntu/perception_driven_ws/install/industrial_moveit2_utils/share/ament_index/resource_index/packages
copying resource/industrial_moveit2_utils -> /home/ubuntu/perception_driven_ws/install/industrial_moveit2_utils/share/ament_index/resource_index/packages
copying package.xml -> /home/ubuntu/perception_driven_ws/install/industrial_moveit2_utils/share/industrial_moveit2_utils
