-- Install configuration: ""
-- Execute custom install script
-- Up-to-date symlink: /home/ubuntu/perception_driven_ws/install/robot_workcell_support/share/robot_workcell_support//meshes/coupler/collision/COUPLER.stl
-- Up-to-date symlink: /home/ubuntu/perception_driven_ws/install/robot_workcell_support/share/robot_workcell_support//meshes/coupler/visual/COUPLER.stl
-- Up-to-date symlink: /home/ubuntu/perception_driven_ws/install/robot_workcell_support/share/robot_workcell_support//meshes/vacuum_gripper_single_suction_cup.STL
-- Up-to-date symlink: /home/ubuntu/perception_driven_ws/install/robot_workcell_support/share/robot_workcell_support//urdf/kinect_sensor_macro.xacro
-- Up-to-date symlink: /home/ubuntu/perception_driven_ws/install/robot_workcell_support/share/robot_workcell_support//urdf/ur5_workcell.xacro
-- Up-to-date symlink: /home/ubuntu/perception_driven_ws/install/robot_workcell_support/share/robot_workcell_support//urdf/vacuum_gripper_macro.xacro
-- Up-to-date symlink: /home/ubuntu/perception_driven_ws/install/robot_workcell_support/share/robot_workcell_support//urdf/workspace_components.xacro
-- Up-to-date symlink: /home/ubuntu/perception_driven_ws/install/robot_workcell_support/share/robot_workcell_support//rviz/sia20d_config.rviz
-- Up-to-date symlink: /home/ubuntu/perception_driven_ws/install/robot_workcell_support/share/robot_workcell_support//rviz/ur5_config.rviz
-- Up-to-date symlink: /home/ubuntu/perception_driven_ws/install/robot_workcell_support/share/ament_index/resource_index/package_run_dependencies/robot_workcell_support
-- Up-to-date symlink: /home/ubuntu/perception_driven_ws/install/robot_workcell_support/share/ament_index/resource_index/parent_prefix_path/robot_workcell_support
-- Up-to-date symlink: /home/ubuntu/perception_driven_ws/install/robot_workcell_support/share/robot_workcell_support/environment/ament_prefix_path.sh
-- Up-to-date symlink: /home/ubuntu/perception_driven_ws/install/robot_workcell_support/share/robot_workcell_support/environment/ament_prefix_path.dsv
-- Up-to-date symlink: /home/ubuntu/perception_driven_ws/install/robot_workcell_support/share/robot_workcell_support/environment/path.sh
-- Up-to-date symlink: /home/ubuntu/perception_driven_ws/install/robot_workcell_support/share/robot_workcell_support/environment/path.dsv
-- Up-to-date symlink: /home/ubuntu/perception_driven_ws/install/robot_workcell_support/share/robot_workcell_support/local_setup.bash
-- Up-to-date symlink: /home/ubuntu/perception_driven_ws/install/robot_workcell_support/share/robot_workcell_support/local_setup.sh
-- Up-to-date symlink: /home/ubuntu/perception_driven_ws/install/robot_workcell_support/share/robot_workcell_support/local_setup.zsh
-- Up-to-date symlink: /home/ubuntu/perception_driven_ws/install/robot_workcell_support/share/robot_workcell_support/local_setup.dsv
-- Symlinking: /home/ubuntu/perception_driven_ws/install/robot_workcell_support/share/robot_workcell_support/package.dsv
-- Up-to-date symlink: /home/ubuntu/perception_driven_ws/install/robot_workcell_support/share/ament_index/resource_index/packages/robot_workcell_support
-- Up-to-date symlink: /home/ubuntu/perception_driven_ws/install/robot_workcell_support/share/robot_workcell_support/cmake/robot_workcell_supportConfig.cmake
-- Up-to-date symlink: /home/ubuntu/perception_driven_ws/install/robot_workcell_support/share/robot_workcell_support/cmake/robot_workcell_supportConfig-version.cmake
-- Up-to-date symlink: /home/ubuntu/perception_driven_ws/install/robot_workcell_support/share/robot_workcell_support/package.xml
