[0.030s] Invoking command in '/home/ubuntu/perception_driven_ws/build/robot_workcell_support': CMAKE_PREFIX_PATH=${CMAKE_PREFIX_PATH}:/opt/ros/humble /usr/bin/cmake --build /home/ubuntu/perception_driven_ws/build/robot_workcell_support -- -j4 -l4
[0.476s] Invoked command in '/home/ubuntu/perception_driven_ws/build/robot_workcell_support' returned '0': CMAKE_PREFIX_PATH=${CMAKE_PREFIX_PATH}:/opt/ros/humble /usr/bin/cmake --build /home/ubuntu/perception_driven_ws/build/robot_workcell_support -- -j4 -l4
[0.519s] Invoking command in '/home/ubuntu/perception_driven_ws/build/robot_workcell_support': CMAKE_PREFIX_PATH=${CMAKE_PREFIX_PATH}:/opt/ros/humble /usr/bin/cmake --install /home/ubuntu/perception_driven_ws/build/robot_workcell_support
[0.531s] -- Install configuration: ""
[0.532s] -- Execute custom install script
[0.533s] -- Up-to-date symlink: /home/ubuntu/perception_driven_ws/install/robot_workcell_support/share/robot_workcell_support//meshes/coupler/collision/COUPLER.stl
[0.533s] -- Up-to-date symlink: /home/ubuntu/perception_driven_ws/install/robot_workcell_support/share/robot_workcell_support//meshes/coupler/visual/COUPLER.stl
[0.533s] -- Up-to-date symlink: /home/ubuntu/perception_driven_ws/install/robot_workcell_support/share/robot_workcell_support//meshes/vacuum_gripper_single_suction_cup.STL
[0.534s] -- Up-to-date symlink: /home/ubuntu/perception_driven_ws/install/robot_workcell_support/share/robot_workcell_support//urdf/kinect_sensor_macro.xacro
[0.534s] -- Up-to-date symlink: /home/ubuntu/perception_driven_ws/install/robot_workcell_support/share/robot_workcell_support//urdf/ur5_workcell.xacro
[0.535s] -- Up-to-date symlink: /home/ubuntu/perception_driven_ws/install/robot_workcell_support/share/robot_workcell_support//urdf/vacuum_gripper_macro.xacro
[0.535s] -- Up-to-date symlink: /home/ubuntu/perception_driven_ws/install/robot_workcell_support/share/robot_workcell_support//urdf/workspace_components.xacro
[0.536s] -- Up-to-date symlink: /home/ubuntu/perception_driven_ws/install/robot_workcell_support/share/robot_workcell_support//rviz/sia20d_config.rviz
[0.536s] -- Up-to-date symlink: /home/ubuntu/perception_driven_ws/install/robot_workcell_support/share/robot_workcell_support//rviz/ur5_config.rviz
[0.537s] -- Up-to-date symlink: /home/ubuntu/perception_driven_ws/install/robot_workcell_support/share/ament_index/resource_index/package_run_dependencies/robot_workcell_support
[0.537s] -- Up-to-date symlink: /home/ubuntu/perception_driven_ws/install/robot_workcell_support/share/ament_index/resource_index/parent_prefix_path/robot_workcell_support
[0.538s] -- Up-to-date symlink: /home/ubuntu/perception_driven_ws/install/robot_workcell_support/share/robot_workcell_support/environment/ament_prefix_path.sh
[0.539s] -- Up-to-date symlink: /home/ubuntu/perception_driven_ws/install/robot_workcell_support/share/robot_workcell_support/environment/ament_prefix_path.dsv
[0.539s] -- Up-to-date symlink: /home/ubuntu/perception_driven_ws/install/robot_workcell_support/share/robot_workcell_support/environment/path.sh
[0.540s] -- Up-to-date symlink: /home/ubuntu/perception_driven_ws/install/robot_workcell_support/share/robot_workcell_support/environment/path.dsv
[0.540s] -- Up-to-date symlink: /home/ubuntu/perception_driven_ws/install/robot_workcell_support/share/robot_workcell_support/local_setup.bash
[0.541s] -- Up-to-date symlink: /home/ubuntu/perception_driven_ws/install/robot_workcell_support/share/robot_workcell_support/local_setup.sh
[0.541s] -- Up-to-date symlink: /home/ubuntu/perception_driven_ws/install/robot_workcell_support/share/robot_workcell_support/local_setup.zsh
[0.541s] -- Up-to-date symlink: /home/ubuntu/perception_driven_ws/install/robot_workcell_support/share/robot_workcell_support/local_setup.dsv
[0.541s] -- Symlinking: /home/ubuntu/perception_driven_ws/install/robot_workcell_support/share/robot_workcell_support/package.dsv
[0.554s] -- Up-to-date symlink: /home/ubuntu/perception_driven_ws/install/robot_workcell_support/share/ament_index/resource_index/packages/robot_workcell_support
[0.554s] -- Up-to-date symlink: /home/ubuntu/perception_driven_ws/install/robot_workcell_support/share/robot_workcell_support/cmake/robot_workcell_supportConfig.cmake
[0.554s] -- Up-to-date symlink: /home/ubuntu/perception_driven_ws/install/robot_workcell_support/share/robot_workcell_support/cmake/robot_workcell_supportConfig-version.cmake
[0.554s] -- Up-to-date symlink: /home/ubuntu/perception_driven_ws/install/robot_workcell_support/share/robot_workcell_support/package.xml
[0.558s] Invoked command in '/home/ubuntu/perception_driven_ws/build/robot_workcell_support' returned '0': CMAKE_PREFIX_PATH=${CMAKE_PREFIX_PATH}:/opt/ros/humble /usr/bin/cmake --install /home/ubuntu/perception_driven_ws/build/robot_workcell_support
