[100%] Built target tesseract_common
-- Install configuration: ""
-- Up-to-date: /home/ubuntu/tesseract_ws/install/tesseract_common/share/tesseract_common/package.xml
-- Up-to-date: /home/ubuntu/tesseract_ws/install/tesseract_common/lib/libtesseract_common.so
-- Up-to-date: /home/ubuntu/tesseract_ws/install/tesseract_common/lib/cmake/tesseract_common/tesseract_common-targets.cmake
-- Up-to-date: /home/ubuntu/tesseract_ws/install/tesseract_common/lib/cmake/tesseract_common/tesseract_common-targets-noconfig.cmake
-- Up-to-date: /home/ubuntu/tesseract_ws/install/tesseract_common/lib/cmake/tesseract_common/tesseract_common-config.cmake
-- Up-to-date: /home/ubuntu/tesseract_ws/install/tesseract_common/lib/cmake/tesseract_common/tesseract_common-config-version.cmake
-- Up-to-date: /home/ubuntu/tesseract_ws/install/tesseract_common/share/ament_index/resource_index/packages/tesseract_common
-- Up-to-date: /home/ubuntu/tesseract_ws/install/tesseract_common/share/tesseract_common/hook/ament_prefix_path.dsv
-- Up-to-date: /home/ubuntu/tesseract_ws/install/tesseract_common/share/tesseract_common/hook/ros_package_path.dsv
-- Up-to-date: /home/ubuntu/tesseract_ws/install/tesseract_common/share/tesseract_common/hook/python_path.dsv
-- Up-to-date: /home/ubuntu/tesseract_ws/install/tesseract_common/include/tesseract_common
-- Up-to-date: /home/ubuntu/tesseract_ws/install/tesseract_common/include/tesseract_common/kinematic_limits.h
-- Up-to-date: /home/ubuntu/tesseract_ws/install/tesseract_common/include/tesseract_common/macros.h
-- Up-to-date: /home/ubuntu/tesseract_ws/install/tesseract_common/include/tesseract_common/serialization_extensions.h
-- Up-to-date: /home/ubuntu/tesseract_ws/install/tesseract_common/include/tesseract_common/class_loader.h
-- Up-to-date: /home/ubuntu/tesseract_ws/install/tesseract_common/include/tesseract_common/atomic_serialization.h
-- Up-to-date: /home/ubuntu/tesseract_ws/install/tesseract_common/include/tesseract_common/types.h
-- Up-to-date: /home/ubuntu/tesseract_ws/install/tesseract_common/include/tesseract_common/resource_locator.h
-- Up-to-date: /home/ubuntu/tesseract_ws/install/tesseract_common/include/tesseract_common/unit_test_utils.h
-- Up-to-date: /home/ubuntu/tesseract_ws/install/tesseract_common/include/tesseract_common/any_poly.h
-- Up-to-date: /home/ubuntu/tesseract_ws/install/tesseract_common/include/tesseract_common/allowed_collision_matrix.h
-- Up-to-date: /home/ubuntu/tesseract_ws/install/tesseract_common/include/tesseract_common/serialization.h
-- Up-to-date: /home/ubuntu/tesseract_ws/install/tesseract_common/include/tesseract_common/class_loader.hpp
-- Up-to-date: /home/ubuntu/tesseract_ws/install/tesseract_common/include/tesseract_common/eigen_serialization.h
-- Up-to-date: /home/ubuntu/tesseract_ws/install/tesseract_common/include/tesseract_common/collision_margin_data.h
-- Up-to-date: /home/ubuntu/tesseract_ws/install/tesseract_common/include/tesseract_common/type_erasure.h
-- Up-to-date: /home/ubuntu/tesseract_ws/install/tesseract_common/include/tesseract_common/sfinae_utils.h
-- Up-to-date: /home/ubuntu/tesseract_ws/install/tesseract_common/include/tesseract_common/clone_cache.h
-- Up-to-date: /home/ubuntu/tesseract_ws/install/tesseract_common/include/tesseract_common/plugin_loader.hpp
-- Up-to-date: /home/ubuntu/tesseract_ws/install/tesseract_common/include/tesseract_common/joint_state.h
-- Up-to-date: /home/ubuntu/tesseract_ws/install/tesseract_common/include/tesseract_common/utils.h
-- Up-to-date: /home/ubuntu/tesseract_ws/install/tesseract_common/include/tesseract_common/manipulator_info.h
-- Up-to-date: /home/ubuntu/tesseract_ws/install/tesseract_common/include/tesseract_common/plugin_loader.h
-- Up-to-date: /home/ubuntu/tesseract_ws/install/tesseract_common/include/tesseract_common/yaml_utils.h
-- Up-to-date: /home/ubuntu/tesseract_ws/install/tesseract_common/include/tesseract_common/timer.h
-- Up-to-date: /home/ubuntu/tesseract_ws/install/tesseract_common/lib/cmake/tesseract_common/tesseract_macros.cmake
-- Up-to-date: /home/ubuntu/tesseract_ws/install/tesseract_common/lib/cmake/tesseract_common/FindTinyXML2.cmake
-- Up-to-date: /home/ubuntu/tesseract_ws/install/tesseract_common/lib/cmake/tesseract_common/Findtcmalloc.cmake
-- Up-to-date: /home/ubuntu/tesseract_ws/install/tesseract_common/lib/cmake/tesseract_common/Findtcmalloc_minimal.cmake
