[ 40%] Built target tesseract_state_solver_kdl
[100%] Built target tesseract_state_solver_ofkt
-- Install configuration: ""
-- Up-to-date: /home/ubuntu/tesseract_ws/install/tesseract_state_solver/share/tesseract_state_solver/package.xml
-- Up-to-date: /home/ubuntu/tesseract_ws/install/tesseract_state_solver/lib/libtesseract_state_solver_kdl.so
-- Up-to-date: /home/ubuntu/tesseract_ws/install/tesseract_state_solver/lib/libtesseract_state_solver_ofkt.so
-- Up-to-date: /home/ubuntu/tesseract_ws/install/tesseract_state_solver/lib/cmake/tesseract_state_solver/tesseract_state_solver-targets.cmake
-- Up-to-date: /home/ubuntu/tesseract_ws/install/tesseract_state_solver/lib/cmake/tesseract_state_solver/tesseract_state_solver-targets-noconfig.cmake
-- Up-to-date: /home/ubuntu/tesseract_ws/install/tesseract_state_solver/lib/cmake/tesseract_state_solver/tesseract_state_solver-config.cmake
-- Up-to-date: /home/ubuntu/tesseract_ws/install/tesseract_state_solver/lib/cmake/tesseract_state_solver/tesseract_state_solver-config-version.cmake
-- Up-to-date: /home/ubuntu/tesseract_ws/install/tesseract_state_solver/share/ament_index/resource_index/packages/tesseract_state_solver
-- Up-to-date: /home/ubuntu/tesseract_ws/install/tesseract_state_solver/share/tesseract_state_solver/hook/ament_prefix_path.dsv
-- Up-to-date: /home/ubuntu/tesseract_ws/install/tesseract_state_solver/share/tesseract_state_solver/hook/ros_package_path.dsv
-- Up-to-date: /home/ubuntu/tesseract_ws/install/tesseract_state_solver/share/tesseract_state_solver/hook/python_path.dsv
-- Up-to-date: /home/ubuntu/tesseract_ws/install/tesseract_state_solver/include/tesseract_state_solver
-- Up-to-date: /home/ubuntu/tesseract_ws/install/tesseract_state_solver/include/tesseract_state_solver/state_solver.h
-- Up-to-date: /home/ubuntu/tesseract_ws/install/tesseract_state_solver/include/tesseract_state_solver/kdl
-- Up-to-date: /home/ubuntu/tesseract_ws/install/tesseract_state_solver/include/tesseract_state_solver/kdl/kdl_state_solver.h
-- Up-to-date: /home/ubuntu/tesseract_ws/install/tesseract_state_solver/include/tesseract_state_solver/mutable_state_solver.h
-- Up-to-date: /home/ubuntu/tesseract_ws/install/tesseract_state_solver/include/tesseract_state_solver/ofkt
-- Up-to-date: /home/ubuntu/tesseract_ws/install/tesseract_state_solver/include/tesseract_state_solver/ofkt/ofkt_nodes.h
-- Up-to-date: /home/ubuntu/tesseract_ws/install/tesseract_state_solver/include/tesseract_state_solver/ofkt/ofkt_state_solver.h
-- Up-to-date: /home/ubuntu/tesseract_ws/install/tesseract_state_solver/include/tesseract_state_solver/ofkt/ofkt_node.h
