[ 12%] [34m[1mPerforming update step for 'qpoases'[0m
[ 25%] [34m[1mPerforming patch step for 'qpoases'[0m
[ 37%] [34m[1mPerforming configure step for 'qpoases'[0m
loading initial cache file /home/ubuntu/tesseract_ws/build/qpoases/qpoases-prefix/tmp/qpoases-cache-.cmake
[0mCMake Deprecation Warning at CMakeLists.txt:32 (cmake_minimum_required):
  Compatibility with CMake < 2.8.12 will be removed from a future version of
  CMake.

  Update the VERSION argument <min> value or use a ...<max> suffix to tell
  CMake that the project does not need compatibility with older versions.

[0m
-- Configuring done
-- Generating done
-- Build files have been written to: /home/ubuntu/tesseract_ws/build/qpoases-build
[ 50%] [34m[1mPerforming build step for 'qpoases'[0m
[35m[1mConsolidate compiler generated dependencies of target qpOASES[0m
[100%] Built target qpOASES
[ 62%] [34m[1mPerforming install step for 'qpoases'[0m
[100%] Built target qpOASES
[36mInstall the project...[0m
-- Install configuration: "Release"
-- Up-to-date: /home/ubuntu/tesseract_ws/install/qpoases/lib/libqpOASES.so.3.2
-- Up-to-date: /home/ubuntu/tesseract_ws/install/qpoases/lib/libqpOASES.so
-- Up-to-date: /home/ubuntu/tesseract_ws/install/qpoases/include/qpOASES.hpp
-- Up-to-date: /home/ubuntu/tesseract_ws/install/qpoases/include/qpOASES
-- Up-to-date: /home/ubuntu/tesseract_ws/install/qpoases/include/qpOASES/SQProblem.hpp
-- Up-to-date: /home/ubuntu/tesseract_ws/install/qpoases/include/qpOASES/Indexlist.hpp
-- Up-to-date: /home/ubuntu/tesseract_ws/install/qpoases/include/qpOASES/Utils.ipp
-- Up-to-date: /home/ubuntu/tesseract_ws/install/qpoases/include/qpOASES/MessageHandling.hpp
-- Up-to-date: /home/ubuntu/tesseract_ws/install/qpoases/include/qpOASES/SubjectTo.ipp
-- Up-to-date: /home/ubuntu/tesseract_ws/install/qpoases/include/qpOASES/QProblem.ipp
-- Up-to-date: /home/ubuntu/tesseract_ws/install/qpoases/include/qpOASES/SQProblemSchur.ipp
-- Up-to-date: /home/ubuntu/tesseract_ws/install/qpoases/include/qpOASES/Options.hpp
-- Up-to-date: /home/ubuntu/tesseract_ws/install/qpoases/include/qpOASES/Flipper.hpp
-- Up-to-date: /home/ubuntu/tesseract_ws/install/qpoases/include/qpOASES/Bounds.hpp
-- Up-to-date: /home/ubuntu/tesseract_ws/install/qpoases/include/qpOASES/QProblem.hpp
-- Up-to-date: /home/ubuntu/tesseract_ws/install/qpoases/include/qpOASES/Constraints.ipp
-- Up-to-date: /home/ubuntu/tesseract_ws/install/qpoases/include/qpOASES/Indexlist.ipp
-- Up-to-date: /home/ubuntu/tesseract_ws/install/qpoases/include/qpOASES/Constraints.hpp
-- Up-to-date: /home/ubuntu/tesseract_ws/install/qpoases/include/qpOASES/UnitTesting.hpp
-- Up-to-date: /home/ubuntu/tesseract_ws/install/qpoases/include/qpOASES/Utils.hpp
-- Up-to-date: /home/ubuntu/tesseract_ws/install/qpoases/include/qpOASES/ConstraintProduct.hpp
-- Up-to-date: /home/ubuntu/tesseract_ws/install/qpoases/include/qpOASES/SubjectTo.hpp
-- Up-to-date: /home/ubuntu/tesseract_ws/install/qpoases/include/qpOASES/QProblemB.hpp
-- Up-to-date: /home/ubuntu/tesseract_ws/install/qpoases/include/qpOASES/extras
-- Up-to-date: /home/ubuntu/tesseract_ws/install/qpoases/include/qpOASES/extras/OQPinterface.hpp
-- Up-to-date: /home/ubuntu/tesseract_ws/install/qpoases/include/qpOASES/extras/SolutionAnalysis.ipp
-- Up-to-date: /home/ubuntu/tesseract_ws/install/qpoases/include/qpOASES/extras/SolutionAnalysis.hpp
-- Up-to-date: /home/ubuntu/tesseract_ws/install/qpoases/include/qpOASES/Bounds.ipp
-- Up-to-date: /home/ubuntu/tesseract_ws/install/qpoases/include/qpOASES/SQProblemSchur.hpp
-- Up-to-date: /home/ubuntu/tesseract_ws/install/qpoases/include/qpOASES/QProblemB.ipp
-- Up-to-date: /home/ubuntu/tesseract_ws/install/qpoases/include/qpOASES/MessageHandling.ipp
-- Up-to-date: /home/ubuntu/tesseract_ws/install/qpoases/include/qpOASES/LapackBlasReplacement.hpp
-- Up-to-date: /home/ubuntu/tesseract_ws/install/qpoases/include/qpOASES/Constants.hpp
-- Up-to-date: /home/ubuntu/tesseract_ws/install/qpoases/include/qpOASES/SparseSolver.hpp
-- Up-to-date: /home/ubuntu/tesseract_ws/install/qpoases/include/qpOASES/Types.hpp
-- Up-to-date: /home/ubuntu/tesseract_ws/install/qpoases/include/qpOASES/SQProblem.ipp
-- Up-to-date: /home/ubuntu/tesseract_ws/install/qpoases/include/qpOASES/Matrices.hpp
-- Up-to-date: /home/ubuntu/tesseract_ws/install/qpoases/lib/cmake/qpOASES/qpOASESConfig.cmake
-- Up-to-date: /home/ubuntu/tesseract_ws/install/qpoases/lib/cmake/qpOASES/qpOASESConfigVersion.cmake
[ 75%] [34m[1mCompleted 'qpoases'[0m
[100%] Built target qpoases
-- Install configuration: ""
-- Up-to-date: /home/ubuntu/tesseract_ws/install/qpoases/share/qpoases/package.xml
