[0.385s] DEBUG:colcon:Command line arguments: ['/usr/bin/colcon', 'build', '--symlink-install']
[0.385s] DEBUG:colcon:Parsed command line arguments: Namespace(log_base=None, log_level=None, verb_name='build', build_base='build', install_base='install', merge_install=False, symlink_install=True, test_result_base=None, continue_on_error=False, executor='parallel', parallel_workers=4, event_handlers=None, ignore_user_meta=False, metas=['./colcon.meta'], base_paths=['.'], packages_ignore=None, packages_ignore_regex=None, paths=None, packages_up_to=None, packages_up_to_regex=None, packages_above=None, packages_above_and_dependencies=None, packages_above_depth=None, packages_select_by_dep=None, packages_skip_by_dep=None, packages_skip_up_to=None, packages_select_build_failed=False, packages_skip_build_finished=False, packages_select_test_failures=False, packages_skip_test_passed=False, packages_select=None, packages_skip=None, packages_select_regex=None, packages_skip_regex=None, packages_start=None, packages_end=None, allow_overriding=[], cmake_args=None, cmake_target=None, cmake_target_skip_unavailable=False, cmake_clean_cache=False, cmake_clean_first=False, cmake_force_configure=False, ament_cmake_args=None, catkin_cmake_args=None, catkin_skip_building_tests=False, verb_parser=<colcon_defaults.argument_parser.defaults.DefaultArgumentsDecorator object at 0x7f630d0f2710>, verb_extension=<colcon_core.verb.build.BuildVerb object at 0x7f630d9ea3e0>, main=<bound method BuildVerb.main of <colcon_core.verb.build.BuildVerb object at 0x7f630d9ea3e0>>)
[0.411s] Level 1:colcon.colcon_core.package_discovery:discover_packages(colcon_meta) check parameters
[0.411s] Level 1:colcon.colcon_core.package_discovery:discover_packages(recursive) check parameters
[0.411s] Level 1:colcon.colcon_core.package_discovery:discover_packages(ignore) check parameters
[0.411s] Level 1:colcon.colcon_core.package_discovery:discover_packages(path) check parameters
[0.411s] Level 1:colcon.colcon_core.package_discovery:discover_packages(colcon_meta) discover
[0.411s] Level 1:colcon.colcon_core.package_discovery:discover_packages(recursive) discover
[0.411s] INFO:colcon.colcon_core.package_discovery:Crawling recursively for packages in '/home/ubuntu/perception_driven_ws'
[0.412s] Level 1:colcon.colcon_core.package_identification:_identify(.) by extensions ['ignore', 'ignore_ament_install']
[0.412s] Level 1:colcon.colcon_core.package_identification:_identify(.) by extension 'ignore'
[0.412s] Level 1:colcon.colcon_core.package_identification:_identify(.) by extension 'ignore_ament_install'
[0.412s] Level 1:colcon.colcon_core.package_identification:_identify(.) by extensions ['colcon_pkg']
[0.412s] Level 1:colcon.colcon_core.package_identification:_identify(.) by extension 'colcon_pkg'
[0.412s] Level 1:colcon.colcon_core.package_identification:_identify(.) by extensions ['colcon_meta']
[0.412s] Level 1:colcon.colcon_core.package_identification:_identify(.) by extension 'colcon_meta'
[0.412s] Level 1:colcon.colcon_core.package_identification:_identify(.) by extensions ['ros']
[0.412s] Level 1:colcon.colcon_core.package_identification:_identify(.) by extension 'ros'
[0.425s] Level 1:colcon.colcon_core.package_identification:_identify(.) by extensions ['cmake', 'python']
[0.425s] Level 1:colcon.colcon_core.package_identification:_identify(.) by extension 'cmake'
[0.425s] Level 1:colcon.colcon_core.package_identification:_identify(.) by extension 'python'
[0.425s] Level 1:colcon.colcon_core.package_identification:_identify(.) by extensions ['python_setup_py']
[0.425s] Level 1:colcon.colcon_core.package_identification:_identify(.) by extension 'python_setup_py'
[0.425s] Level 1:colcon.colcon_core.package_identification:_identify(build) by extensions ['ignore', 'ignore_ament_install']
[0.425s] Level 1:colcon.colcon_core.package_identification:_identify(build) by extension 'ignore'
[0.425s] Level 1:colcon.colcon_core.package_identification:_identify(build) ignored
[0.425s] Level 1:colcon.colcon_core.package_identification:_identify(install) by extensions ['ignore', 'ignore_ament_install']
[0.425s] Level 1:colcon.colcon_core.package_identification:_identify(install) by extension 'ignore'
[0.425s] Level 1:colcon.colcon_core.package_identification:_identify(install) ignored
[0.425s] Level 1:colcon.colcon_core.package_identification:_identify(log) by extensions ['ignore', 'ignore_ament_install']
[0.425s] Level 1:colcon.colcon_core.package_identification:_identify(log) by extension 'ignore'
[0.425s] Level 1:colcon.colcon_core.package_identification:_identify(log) ignored
[0.426s] Level 1:colcon.colcon_core.package_identification:_identify(src) by extensions ['ignore', 'ignore_ament_install']
[0.426s] Level 1:colcon.colcon_core.package_identification:_identify(src) by extension 'ignore'
[0.426s] Level 1:colcon.colcon_core.package_identification:_identify(src) by extension 'ignore_ament_install'
[0.426s] Level 1:colcon.colcon_core.package_identification:_identify(src) by extensions ['colcon_pkg']
[0.426s] Level 1:colcon.colcon_core.package_identification:_identify(src) by extension 'colcon_pkg'
[0.426s] Level 1:colcon.colcon_core.package_identification:_identify(src) by extensions ['colcon_meta']
[0.426s] Level 1:colcon.colcon_core.package_identification:_identify(src) by extension 'colcon_meta'
[0.426s] Level 1:colcon.colcon_core.package_identification:_identify(src) by extensions ['ros']
[0.426s] Level 1:colcon.colcon_core.package_identification:_identify(src) by extension 'ros'
[0.426s] Level 1:colcon.colcon_core.package_identification:_identify(src) by extensions ['cmake', 'python']
[0.426s] Level 1:colcon.colcon_core.package_identification:_identify(src) by extension 'cmake'
[0.426s] Level 1:colcon.colcon_core.package_identification:_identify(src) by extension 'python'
[0.426s] Level 1:colcon.colcon_core.package_identification:_identify(src) by extensions ['python_setup_py']
[0.426s] Level 1:colcon.colcon_core.package_identification:_identify(src) by extension 'python_setup_py'
[0.426s] Level 1:colcon.colcon_core.package_identification:_identify(src/industrial_moveit2_utils) by extensions ['ignore', 'ignore_ament_install']
[0.426s] Level 1:colcon.colcon_core.package_identification:_identify(src/industrial_moveit2_utils) by extension 'ignore'
[0.426s] Level 1:colcon.colcon_core.package_identification:_identify(src/industrial_moveit2_utils) by extension 'ignore_ament_install'
[0.426s] Level 1:colcon.colcon_core.package_identification:_identify(src/industrial_moveit2_utils) by extensions ['colcon_pkg']
[0.426s] Level 1:colcon.colcon_core.package_identification:_identify(src/industrial_moveit2_utils) by extension 'colcon_pkg'
[0.426s] Level 1:colcon.colcon_core.package_identification:_identify(src/industrial_moveit2_utils) by extensions ['colcon_meta']
[0.426s] Level 1:colcon.colcon_core.package_identification:_identify(src/industrial_moveit2_utils) by extension 'colcon_meta'
[0.427s] Level 1:colcon.colcon_core.package_identification:_identify(src/industrial_moveit2_utils) by extensions ['ros']
[0.427s] Level 1:colcon.colcon_core.package_identification:_identify(src/industrial_moveit2_utils) by extension 'ros'
[0.429s] DEBUG:colcon.colcon_core.package_identification:Package 'src/industrial_moveit2_utils' with type 'ros.ament_python' and name 'industrial_moveit2_utils'
[0.429s] Level 1:colcon.colcon_core.package_identification:_identify(src/pick_and_place_application) by extensions ['ignore', 'ignore_ament_install']
[0.429s] Level 1:colcon.colcon_core.package_identification:_identify(src/pick_and_place_application) by extension 'ignore'
[0.429s] Level 1:colcon.colcon_core.package_identification:_identify(src/pick_and_place_application) by extension 'ignore_ament_install'
[0.429s] Level 1:colcon.colcon_core.package_identification:_identify(src/pick_and_place_application) by extensions ['colcon_pkg']
[0.429s] Level 1:colcon.colcon_core.package_identification:_identify(src/pick_and_place_application) by extension 'colcon_pkg'
[0.429s] Level 1:colcon.colcon_core.package_identification:_identify(src/pick_and_place_application) by extensions ['colcon_meta']
[0.430s] Level 1:colcon.colcon_core.package_identification:_identify(src/pick_and_place_application) by extension 'colcon_meta'
[0.430s] Level 1:colcon.colcon_core.package_identification:_identify(src/pick_and_place_application) by extensions ['ros']
[0.430s] Level 1:colcon.colcon_core.package_identification:_identify(src/pick_and_place_application) by extension 'ros'
[0.431s] DEBUG:colcon.colcon_core.package_identification:Package 'src/pick_and_place_application' with type 'ros.ament_cmake' and name 'pick_and_place_application'
[0.431s] Level 1:colcon.colcon_core.package_identification:_identify(src/pick_and_place_msgs) by extensions ['ignore', 'ignore_ament_install']
[0.431s] Level 1:colcon.colcon_core.package_identification:_identify(src/pick_and_place_msgs) by extension 'ignore'
[0.431s] Level 1:colcon.colcon_core.package_identification:_identify(src/pick_and_place_msgs) by extension 'ignore_ament_install'
[0.431s] Level 1:colcon.colcon_core.package_identification:_identify(src/pick_and_place_msgs) by extensions ['colcon_pkg']
[0.431s] Level 1:colcon.colcon_core.package_identification:_identify(src/pick_and_place_msgs) by extension 'colcon_pkg'
[0.431s] Level 1:colcon.colcon_core.package_identification:_identify(src/pick_and_place_msgs) by extensions ['colcon_meta']
[0.431s] Level 1:colcon.colcon_core.package_identification:_identify(src/pick_and_place_msgs) by extension 'colcon_meta'
[0.431s] Level 1:colcon.colcon_core.package_identification:_identify(src/pick_and_place_msgs) by extensions ['ros']
[0.431s] Level 1:colcon.colcon_core.package_identification:_identify(src/pick_and_place_msgs) by extension 'ros'
[0.432s] DEBUG:colcon.colcon_core.package_identification:Package 'src/pick_and_place_msgs' with type 'ros.ament_cmake' and name 'pick_and_place_msgs'
[0.432s] Level 1:colcon.colcon_core.package_identification:_identify(src/robot_workcell_support) by extensions ['ignore', 'ignore_ament_install']
[0.432s] Level 1:colcon.colcon_core.package_identification:_identify(src/robot_workcell_support) by extension 'ignore'
[0.432s] Level 1:colcon.colcon_core.package_identification:_identify(src/robot_workcell_support) by extension 'ignore_ament_install'
[0.432s] Level 1:colcon.colcon_core.package_identification:_identify(src/robot_workcell_support) by extensions ['colcon_pkg']
[0.432s] Level 1:colcon.colcon_core.package_identification:_identify(src/robot_workcell_support) by extension 'colcon_pkg'
[0.432s] Level 1:colcon.colcon_core.package_identification:_identify(src/robot_workcell_support) by extensions ['colcon_meta']
[0.432s] Level 1:colcon.colcon_core.package_identification:_identify(src/robot_workcell_support) by extension 'colcon_meta'
[0.432s] Level 1:colcon.colcon_core.package_identification:_identify(src/robot_workcell_support) by extensions ['ros']
[0.432s] Level 1:colcon.colcon_core.package_identification:_identify(src/robot_workcell_support) by extension 'ros'
[0.433s] DEBUG:colcon.colcon_core.package_identification:Package 'src/robot_workcell_support' with type 'ros.ament_cmake' and name 'robot_workcell_support'
[0.433s] Level 1:colcon.colcon_core.package_identification:_identify(src/ur5_workcell_moveit2_config) by extensions ['ignore', 'ignore_ament_install']
[0.433s] Level 1:colcon.colcon_core.package_identification:_identify(src/ur5_workcell_moveit2_config) by extension 'ignore'
[0.433s] Level 1:colcon.colcon_core.package_identification:_identify(src/ur5_workcell_moveit2_config) by extension 'ignore_ament_install'
[0.433s] Level 1:colcon.colcon_core.package_identification:_identify(src/ur5_workcell_moveit2_config) by extensions ['colcon_pkg']
[0.433s] Level 1:colcon.colcon_core.package_identification:_identify(src/ur5_workcell_moveit2_config) by extension 'colcon_pkg'
[0.433s] Level 1:colcon.colcon_core.package_identification:_identify(src/ur5_workcell_moveit2_config) by extensions ['colcon_meta']
[0.433s] Level 1:colcon.colcon_core.package_identification:_identify(src/ur5_workcell_moveit2_config) by extension 'colcon_meta'
[0.433s] Level 1:colcon.colcon_core.package_identification:_identify(src/ur5_workcell_moveit2_config) by extensions ['ros']
[0.433s] Level 1:colcon.colcon_core.package_identification:_identify(src/ur5_workcell_moveit2_config) by extension 'ros'
[0.434s] DEBUG:colcon.colcon_core.package_identification:Package 'src/ur5_workcell_moveit2_config' with type 'ros.ament_cmake' and name 'ur5_workcell_moveit2_config'
[0.434s] Level 1:colcon.colcon_core.package_discovery:discover_packages(recursive) using defaults
[0.434s] Level 1:colcon.colcon_core.package_discovery:discover_packages(ignore) discover
[0.434s] Level 1:colcon.colcon_core.package_discovery:discover_packages(ignore) using defaults
[0.434s] Level 1:colcon.colcon_core.package_discovery:discover_packages(path) discover
[0.434s] Level 1:colcon.colcon_core.package_discovery:discover_packages(path) using defaults
[0.459s] Level 1:colcon.colcon_core.package_discovery:discover_packages(prefix_path) check parameters
[0.460s] Level 1:colcon.colcon_core.package_discovery:discover_packages(prefix_path) discover
[0.462s] DEBUG:colcon.colcon_installed_package_information.package_discovery:Found 1 installed packages in /home/ubuntu/perception_ws/install
[0.464s] DEBUG:colcon.colcon_installed_package_information.package_discovery:Found 356 installed packages in /opt/ros/humble
[0.466s] Level 1:colcon.colcon_core.package_discovery:discover_packages(prefix_path) using defaults
[0.542s] Level 5:colcon.colcon_core.verb:set package 'industrial_moveit2_utils' build argument 'cmake_args' from command line to 'None'
[0.542s] Level 5:colcon.colcon_core.verb:set package 'industrial_moveit2_utils' build argument 'cmake_target' from command line to 'None'
[0.542s] Level 5:colcon.colcon_core.verb:set package 'industrial_moveit2_utils' build argument 'cmake_target_skip_unavailable' from command line to 'False'
[0.542s] Level 5:colcon.colcon_core.verb:set package 'industrial_moveit2_utils' build argument 'cmake_clean_cache' from command line to 'False'
[0.542s] Level 5:colcon.colcon_core.verb:set package 'industrial_moveit2_utils' build argument 'cmake_clean_first' from command line to 'False'
[0.542s] Level 5:colcon.colcon_core.verb:set package 'industrial_moveit2_utils' build argument 'cmake_force_configure' from command line to 'False'
[0.542s] Level 5:colcon.colcon_core.verb:set package 'industrial_moveit2_utils' build argument 'ament_cmake_args' from command line to 'None'
[0.542s] Level 5:colcon.colcon_core.verb:set package 'industrial_moveit2_utils' build argument 'catkin_cmake_args' from command line to 'None'
[0.542s] Level 5:colcon.colcon_core.verb:set package 'industrial_moveit2_utils' build argument 'catkin_skip_building_tests' from command line to 'False'
[0.542s] DEBUG:colcon.colcon_core.verb:Building package 'industrial_moveit2_utils' with the following arguments: {'ament_cmake_args': None, 'build_base': '/home/ubuntu/perception_driven_ws/build/industrial_moveit2_utils', 'catkin_cmake_args': None, 'catkin_skip_building_tests': False, 'cmake_args': None, 'cmake_clean_cache': False, 'cmake_clean_first': False, 'cmake_force_configure': False, 'cmake_target': None, 'cmake_target_skip_unavailable': False, 'install_base': '/home/ubuntu/perception_driven_ws/install/industrial_moveit2_utils', 'merge_install': False, 'path': '/home/ubuntu/perception_driven_ws/src/industrial_moveit2_utils', 'symlink_install': True, 'test_result_base': None}
[0.543s] Level 5:colcon.colcon_core.verb:set package 'pick_and_place_msgs' build argument 'cmake_args' from command line to 'None'
[0.543s] Level 5:colcon.colcon_core.verb:set package 'pick_and_place_msgs' build argument 'cmake_target' from command line to 'None'
[0.543s] Level 5:colcon.colcon_core.verb:set package 'pick_and_place_msgs' build argument 'cmake_target_skip_unavailable' from command line to 'False'
[0.543s] Level 5:colcon.colcon_core.verb:set package 'pick_and_place_msgs' build argument 'cmake_clean_cache' from command line to 'False'
[0.543s] Level 5:colcon.colcon_core.verb:set package 'pick_and_place_msgs' build argument 'cmake_clean_first' from command line to 'False'
[0.543s] Level 5:colcon.colcon_core.verb:set package 'pick_and_place_msgs' build argument 'cmake_force_configure' from command line to 'False'
[0.543s] Level 5:colcon.colcon_core.verb:set package 'pick_and_place_msgs' build argument 'ament_cmake_args' from command line to 'None'
[0.543s] Level 5:colcon.colcon_core.verb:set package 'pick_and_place_msgs' build argument 'catkin_cmake_args' from command line to 'None'
[0.543s] Level 5:colcon.colcon_core.verb:set package 'pick_and_place_msgs' build argument 'catkin_skip_building_tests' from command line to 'False'
[0.543s] DEBUG:colcon.colcon_core.verb:Building package 'pick_and_place_msgs' with the following arguments: {'ament_cmake_args': None, 'build_base': '/home/ubuntu/perception_driven_ws/build/pick_and_place_msgs', 'catkin_cmake_args': None, 'catkin_skip_building_tests': False, 'cmake_args': None, 'cmake_clean_cache': False, 'cmake_clean_first': False, 'cmake_force_configure': False, 'cmake_target': None, 'cmake_target_skip_unavailable': False, 'install_base': '/home/ubuntu/perception_driven_ws/install/pick_and_place_msgs', 'merge_install': False, 'path': '/home/ubuntu/perception_driven_ws/src/pick_and_place_msgs', 'symlink_install': True, 'test_result_base': None}
[0.544s] Level 5:colcon.colcon_core.verb:set package 'robot_workcell_support' build argument 'cmake_args' from command line to 'None'
[0.544s] Level 5:colcon.colcon_core.verb:set package 'robot_workcell_support' build argument 'cmake_target' from command line to 'None'
[0.544s] Level 5:colcon.colcon_core.verb:set package 'robot_workcell_support' build argument 'cmake_target_skip_unavailable' from command line to 'False'
[0.544s] Level 5:colcon.colcon_core.verb:set package 'robot_workcell_support' build argument 'cmake_clean_cache' from command line to 'False'
[0.544s] Level 5:colcon.colcon_core.verb:set package 'robot_workcell_support' build argument 'cmake_clean_first' from command line to 'False'
[0.544s] Level 5:colcon.colcon_core.verb:set package 'robot_workcell_support' build argument 'cmake_force_configure' from command line to 'False'
[0.544s] Level 5:colcon.colcon_core.verb:set package 'robot_workcell_support' build argument 'ament_cmake_args' from command line to 'None'
[0.545s] Level 5:colcon.colcon_core.verb:set package 'robot_workcell_support' build argument 'catkin_cmake_args' from command line to 'None'
[0.545s] Level 5:colcon.colcon_core.verb:set package 'robot_workcell_support' build argument 'catkin_skip_building_tests' from command line to 'False'
[0.545s] DEBUG:colcon.colcon_core.verb:Building package 'robot_workcell_support' with the following arguments: {'ament_cmake_args': None, 'build_base': '/home/ubuntu/perception_driven_ws/build/robot_workcell_support', 'catkin_cmake_args': None, 'catkin_skip_building_tests': False, 'cmake_args': None, 'cmake_clean_cache': False, 'cmake_clean_first': False, 'cmake_force_configure': False, 'cmake_target': None, 'cmake_target_skip_unavailable': False, 'install_base': '/home/ubuntu/perception_driven_ws/install/robot_workcell_support', 'merge_install': False, 'path': '/home/ubuntu/perception_driven_ws/src/robot_workcell_support', 'symlink_install': True, 'test_result_base': None}
[0.546s] Level 5:colcon.colcon_core.verb:set package 'pick_and_place_application' build argument 'cmake_args' from command line to 'None'
[0.546s] Level 5:colcon.colcon_core.verb:set package 'pick_and_place_application' build argument 'cmake_target' from command line to 'None'
[0.546s] Level 5:colcon.colcon_core.verb:set package 'pick_and_place_application' build argument 'cmake_target_skip_unavailable' from command line to 'False'
[0.546s] Level 5:colcon.colcon_core.verb:set package 'pick_and_place_application' build argument 'cmake_clean_cache' from command line to 'False'
[0.546s] Level 5:colcon.colcon_core.verb:set package 'pick_and_place_application' build argument 'cmake_clean_first' from command line to 'False'
[0.546s] Level 5:colcon.colcon_core.verb:set package 'pick_and_place_application' build argument 'cmake_force_configure' from command line to 'False'
[0.546s] Level 5:colcon.colcon_core.verb:set package 'pick_and_place_application' build argument 'ament_cmake_args' from command line to 'None'
[0.546s] Level 5:colcon.colcon_core.verb:set package 'pick_and_place_application' build argument 'catkin_cmake_args' from command line to 'None'
[0.546s] Level 5:colcon.colcon_core.verb:set package 'pick_and_place_application' build argument 'catkin_skip_building_tests' from command line to 'False'
[0.546s] DEBUG:colcon.colcon_core.verb:Building package 'pick_and_place_application' with the following arguments: {'ament_cmake_args': None, 'build_base': '/home/ubuntu/perception_driven_ws/build/pick_and_place_application', 'catkin_cmake_args': None, 'catkin_skip_building_tests': False, 'cmake_args': None, 'cmake_clean_cache': False, 'cmake_clean_first': False, 'cmake_force_configure': False, 'cmake_target': None, 'cmake_target_skip_unavailable': False, 'install_base': '/home/ubuntu/perception_driven_ws/install/pick_and_place_application', 'merge_install': False, 'path': '/home/ubuntu/perception_driven_ws/src/pick_and_place_application', 'symlink_install': True, 'test_result_base': None}
[0.547s] Level 5:colcon.colcon_core.verb:set package 'ur5_workcell_moveit2_config' build argument 'cmake_args' from command line to 'None'
[0.547s] Level 5:colcon.colcon_core.verb:set package 'ur5_workcell_moveit2_config' build argument 'cmake_target' from command line to 'None'
[0.547s] Level 5:colcon.colcon_core.verb:set package 'ur5_workcell_moveit2_config' build argument 'cmake_target_skip_unavailable' from command line to 'False'
[0.547s] Level 5:colcon.colcon_core.verb:set package 'ur5_workcell_moveit2_config' build argument 'cmake_clean_cache' from command line to 'False'
[0.547s] Level 5:colcon.colcon_core.verb:set package 'ur5_workcell_moveit2_config' build argument 'cmake_clean_first' from command line to 'False'
[0.547s] Level 5:colcon.colcon_core.verb:set package 'ur5_workcell_moveit2_config' build argument 'cmake_force_configure' from command line to 'False'
[0.547s] Level 5:colcon.colcon_core.verb:set package 'ur5_workcell_moveit2_config' build argument 'ament_cmake_args' from command line to 'None'
[0.547s] Level 5:colcon.colcon_core.verb:set package 'ur5_workcell_moveit2_config' build argument 'catkin_cmake_args' from command line to 'None'
[0.547s] Level 5:colcon.colcon_core.verb:set package 'ur5_workcell_moveit2_config' build argument 'catkin_skip_building_tests' from command line to 'False'
[0.547s] DEBUG:colcon.colcon_core.verb:Building package 'ur5_workcell_moveit2_config' with the following arguments: {'ament_cmake_args': None, 'build_base': '/home/ubuntu/perception_driven_ws/build/ur5_workcell_moveit2_config', 'catkin_cmake_args': None, 'catkin_skip_building_tests': False, 'cmake_args': None, 'cmake_clean_cache': False, 'cmake_clean_first': False, 'cmake_force_configure': False, 'cmake_target': None, 'cmake_target_skip_unavailable': False, 'install_base': '/home/ubuntu/perception_driven_ws/install/ur5_workcell_moveit2_config', 'merge_install': False, 'path': '/home/ubuntu/perception_driven_ws/src/ur5_workcell_moveit2_config', 'symlink_install': True, 'test_result_base': None}
[0.548s] INFO:colcon.colcon_core.executor:Executing jobs using 'parallel' executor
[0.551s] DEBUG:colcon.colcon_parallel_executor.executor.parallel:run_until_complete
[0.551s] INFO:colcon.colcon_ros.task.ament_cmake.build:Building ROS package in '/home/ubuntu/perception_driven_ws/src/pick_and_place_msgs' with build type 'ament_cmake'
[0.552s] INFO:colcon.colcon_cmake.task.cmake.build:Building CMake package in '/home/ubuntu/perception_driven_ws/src/pick_and_place_msgs'
[0.556s] INFO:colcon.colcon_core.plugin_system:Skipping extension 'colcon_core.shell.bat': Not used on non-Windows systems
[0.556s] INFO:colcon.colcon_core.shell:Skip shell extension 'powershell' for command environment: Not usable outside of PowerShell
[0.556s] DEBUG:colcon.colcon_core.shell:Skip shell extension 'dsv' for command environment
[0.561s] INFO:colcon.colcon_ros.task.ament_cmake.build:Building ROS package in '/home/ubuntu/perception_driven_ws/src/robot_workcell_support' with build type 'ament_cmake'
[0.562s] INFO:colcon.colcon_cmake.task.cmake.build:Building CMake package in '/home/ubuntu/perception_driven_ws/src/robot_workcell_support'
[0.563s] INFO:colcon.colcon_core.shell:Skip shell extension 'powershell' for command environment: Not usable outside of PowerShell
[0.563s] DEBUG:colcon.colcon_core.shell:Skip shell extension 'dsv' for command environment
[0.570s] INFO:colcon.colcon_ros.task.ament_python.build:Building ROS package in '/home/ubuntu/perception_driven_ws/src/industrial_moveit2_utils' with build type 'ament_python'
[0.570s] Level 1:colcon.colcon_core.shell:create_environment_hook('industrial_moveit2_utils', 'ament_prefix_path')
[0.572s] INFO:colcon.colcon_core.shell:Creating environment hook '/home/ubuntu/perception_driven_ws/install/industrial_moveit2_utils/share/industrial_moveit2_utils/hook/ament_prefix_path.ps1'
[0.573s] INFO:colcon.colcon_core.shell:Creating environment descriptor '/home/ubuntu/perception_driven_ws/install/industrial_moveit2_utils/share/industrial_moveit2_utils/hook/ament_prefix_path.dsv'
[0.574s] INFO:colcon.colcon_core.shell:Creating environment hook '/home/ubuntu/perception_driven_ws/install/industrial_moveit2_utils/share/industrial_moveit2_utils/hook/ament_prefix_path.sh'
[0.576s] INFO:colcon.colcon_core.shell:Skip shell extension 'powershell' for command environment: Not usable outside of PowerShell
[0.576s] DEBUG:colcon.colcon_core.shell:Skip shell extension 'dsv' for command environment
[0.586s] DEBUG:colcon.colcon_core.event_handler.log_command:Invoking command in '/home/ubuntu/perception_driven_ws/build/pick_and_place_msgs': CMAKE_PREFIX_PATH=${CMAKE_PREFIX_PATH}:/opt/ros/humble /usr/bin/cmake /home/ubuntu/perception_driven_ws/src/pick_and_place_msgs -DAMENT_CMAKE_SYMLINK_INSTALL=1 -DCMAKE_INSTALL_PREFIX=/home/ubuntu/perception_driven_ws/install/pick_and_place_msgs
[0.587s] DEBUG:colcon.colcon_core.event_handler.log_command:Invoking command in '/home/ubuntu/perception_driven_ws/build/robot_workcell_support': CMAKE_PREFIX_PATH=${CMAKE_PREFIX_PATH}:/opt/ros/humble /usr/bin/cmake /home/ubuntu/perception_driven_ws/src/robot_workcell_support -DAMENT_CMAKE_SYMLINK_INSTALL=1 -DCMAKE_INSTALL_PREFIX=/home/ubuntu/perception_driven_ws/install/robot_workcell_support
[0.969s] INFO:colcon.colcon_core.task.python.build:Building Python package in '/home/ubuntu/perception_driven_ws/src/industrial_moveit2_utils'
[0.971s] INFO:colcon.colcon_core.shell:Skip shell extension 'powershell' for command environment: Not usable outside of PowerShell
[0.971s] DEBUG:colcon.colcon_core.shell:Skip shell extension 'dsv' for command environment
[1.500s] DEBUG:colcon.colcon_core.event_handler.log_command:Invoked command in '/home/ubuntu/perception_driven_ws/build/robot_workcell_support' returned '0': CMAKE_PREFIX_PATH=${CMAKE_PREFIX_PATH}:/opt/ros/humble /usr/bin/cmake /home/ubuntu/perception_driven_ws/src/robot_workcell_support -DAMENT_CMAKE_SYMLINK_INSTALL=1 -DCMAKE_INSTALL_PREFIX=/home/ubuntu/perception_driven_ws/install/robot_workcell_support
[1.502s] DEBUG:colcon.colcon_core.event_handler.log_command:Invoking command in '/home/ubuntu/perception_driven_ws/build/robot_workcell_support': CMAKE_PREFIX_PATH=${CMAKE_PREFIX_PATH}:/opt/ros/humble /usr/bin/cmake --build /home/ubuntu/perception_driven_ws/build/robot_workcell_support -- -j4 -l4
[1.539s] DEBUG:colcon.colcon_core.event_handler.log_command:Invoked command in '/home/ubuntu/perception_driven_ws/build/robot_workcell_support' returned '0': CMAKE_PREFIX_PATH=${CMAKE_PREFIX_PATH}:/opt/ros/humble /usr/bin/cmake --build /home/ubuntu/perception_driven_ws/build/robot_workcell_support -- -j4 -l4
[1.570s] DEBUG:colcon.colcon_core.event_handler.log_command:Invoking command in '/home/ubuntu/perception_driven_ws/build/robot_workcell_support': CMAKE_PREFIX_PATH=${CMAKE_PREFIX_PATH}:/opt/ros/humble /usr/bin/cmake --install /home/ubuntu/perception_driven_ws/build/robot_workcell_support
[1.763s] Level 1:colcon.colcon_core.environment:create_environment_scripts_only(robot_workcell_support)
[1.764s] DEBUG:colcon.colcon_core.event_handler.log_command:Invoked command in '/home/ubuntu/perception_driven_ws/build/robot_workcell_support' returned '0': CMAKE_PREFIX_PATH=${CMAKE_PREFIX_PATH}:/opt/ros/humble /usr/bin/cmake --install /home/ubuntu/perception_driven_ws/build/robot_workcell_support
[1.768s] Level 1:colcon.colcon_core.environment:checking '/home/ubuntu/perception_driven_ws/install/robot_workcell_support' for CMake module files
[1.769s] Level 1:colcon.colcon_core.environment:checking '/home/ubuntu/perception_driven_ws/install/robot_workcell_support' for CMake config files
[1.769s] Level 1:colcon.colcon_core.shell:create_environment_hook('robot_workcell_support', 'cmake_prefix_path')
[1.771s] INFO:colcon.colcon_core.shell:Creating environment hook '/home/ubuntu/perception_driven_ws/install/robot_workcell_support/share/robot_workcell_support/hook/cmake_prefix_path.ps1'
[1.771s] INFO:colcon.colcon_core.shell:Creating environment descriptor '/home/ubuntu/perception_driven_ws/install/robot_workcell_support/share/robot_workcell_support/hook/cmake_prefix_path.dsv'
[1.771s] INFO:colcon.colcon_core.shell:Creating environment hook '/home/ubuntu/perception_driven_ws/install/robot_workcell_support/share/robot_workcell_support/hook/cmake_prefix_path.sh'
[1.772s] Level 1:colcon.colcon_core.environment:checking '/home/ubuntu/perception_driven_ws/install/robot_workcell_support/bin'
[1.772s] Level 1:colcon.colcon_core.environment:checking '/home/ubuntu/perception_driven_ws/install/robot_workcell_support/lib/pkgconfig/robot_workcell_support.pc'
[1.772s] Level 1:colcon.colcon_core.environment:checking '/home/ubuntu/perception_driven_ws/install/robot_workcell_support/lib/python3.10/site-packages'
[1.773s] Level 1:colcon.colcon_core.environment:checking '/home/ubuntu/perception_driven_ws/install/robot_workcell_support/bin'
[1.774s] INFO:colcon.colcon_core.shell:Creating package script '/home/ubuntu/perception_driven_ws/install/robot_workcell_support/share/robot_workcell_support/package.ps1'
[1.775s] INFO:colcon.colcon_core.shell:Creating package descriptor '/home/ubuntu/perception_driven_ws/install/robot_workcell_support/share/robot_workcell_support/package.dsv'
[1.775s] INFO:colcon.colcon_core.shell:Creating package script '/home/ubuntu/perception_driven_ws/install/robot_workcell_support/share/robot_workcell_support/package.sh'
[1.776s] INFO:colcon.colcon_core.shell:Creating package script '/home/ubuntu/perception_driven_ws/install/robot_workcell_support/share/robot_workcell_support/package.bash'
[1.777s] INFO:colcon.colcon_core.shell:Creating package script '/home/ubuntu/perception_driven_ws/install/robot_workcell_support/share/robot_workcell_support/package.zsh'
[1.777s] Level 1:colcon.colcon_core.environment:create_file_with_runtime_dependencies(/home/ubuntu/perception_driven_ws/install/robot_workcell_support/share/colcon-core/packages/robot_workcell_support)
[1.801s] Level 1:colcon.colcon_core.environment:create_environment_scripts_only(robot_workcell_support)
[1.803s] Level 1:colcon.colcon_core.environment:checking '/home/ubuntu/perception_driven_ws/install/robot_workcell_support' for CMake module files
[1.804s] Level 1:colcon.colcon_core.environment:checking '/home/ubuntu/perception_driven_ws/install/robot_workcell_support' for CMake config files
[1.804s] Level 1:colcon.colcon_core.shell:create_environment_hook('robot_workcell_support', 'cmake_prefix_path')
[1.805s] INFO:colcon.colcon_core.shell:Creating environment hook '/home/ubuntu/perception_driven_ws/install/robot_workcell_support/share/robot_workcell_support/hook/cmake_prefix_path.ps1'
[1.806s] INFO:colcon.colcon_core.shell:Creating environment descriptor '/home/ubuntu/perception_driven_ws/install/robot_workcell_support/share/robot_workcell_support/hook/cmake_prefix_path.dsv'
[1.806s] INFO:colcon.colcon_core.shell:Creating environment hook '/home/ubuntu/perception_driven_ws/install/robot_workcell_support/share/robot_workcell_support/hook/cmake_prefix_path.sh'
[1.806s] Level 1:colcon.colcon_core.environment:checking '/home/ubuntu/perception_driven_ws/install/robot_workcell_support/bin'
[1.807s] Level 1:colcon.colcon_core.environment:checking '/home/ubuntu/perception_driven_ws/install/robot_workcell_support/lib/pkgconfig/robot_workcell_support.pc'
[1.807s] Level 1:colcon.colcon_core.environment:checking '/home/ubuntu/perception_driven_ws/install/robot_workcell_support/lib/python3.10/site-packages'
[1.807s] Level 1:colcon.colcon_core.environment:checking '/home/ubuntu/perception_driven_ws/install/robot_workcell_support/bin'
[1.808s] INFO:colcon.colcon_core.shell:Creating package script '/home/ubuntu/perception_driven_ws/install/robot_workcell_support/share/robot_workcell_support/package.ps1'
[1.809s] INFO:colcon.colcon_core.shell:Creating package descriptor '/home/ubuntu/perception_driven_ws/install/robot_workcell_support/share/robot_workcell_support/package.dsv'
[1.809s] INFO:colcon.colcon_core.shell:Creating package script '/home/ubuntu/perception_driven_ws/install/robot_workcell_support/share/robot_workcell_support/package.sh'
[1.810s] INFO:colcon.colcon_core.shell:Creating package script '/home/ubuntu/perception_driven_ws/install/robot_workcell_support/share/robot_workcell_support/package.bash'
[1.810s] INFO:colcon.colcon_core.shell:Creating package script '/home/ubuntu/perception_driven_ws/install/robot_workcell_support/share/robot_workcell_support/package.zsh'
[1.811s] Level 1:colcon.colcon_core.environment:create_file_with_runtime_dependencies(/home/ubuntu/perception_driven_ws/install/robot_workcell_support/share/colcon-core/packages/robot_workcell_support)
[1.811s] INFO:colcon.colcon_ros.task.ament_cmake.build:Building ROS package in '/home/ubuntu/perception_driven_ws/src/ur5_workcell_moveit2_config' with build type 'ament_cmake'
[1.811s] INFO:colcon.colcon_cmake.task.cmake.build:Building CMake package in '/home/ubuntu/perception_driven_ws/src/ur5_workcell_moveit2_config'
[1.813s] INFO:colcon.colcon_core.shell:Skip shell extension 'powershell' for command environment: Not usable outside of PowerShell
[1.813s] DEBUG:colcon.colcon_core.shell:Skip shell extension 'dsv' for command environment
[1.822s] DEBUG:colcon.colcon_core.event_handler.log_command:Invoking command in '/home/ubuntu/perception_driven_ws/build/ur5_workcell_moveit2_config': AMENT_PREFIX_PATH=/home/ubuntu/perception_driven_ws/install/robot_workcell_support:${AMENT_PREFIX_PATH} CMAKE_PREFIX_PATH=/home/ubuntu/perception_driven_ws/install/robot_workcell_support:/home/ubuntu/perception_ws/install/lesson_perception:/opt/ros/humble /usr/bin/cmake /home/ubuntu/perception_driven_ws/src/ur5_workcell_moveit2_config -DAMENT_CMAKE_SYMLINK_INSTALL=1 -DCMAKE_INSTALL_PREFIX=/home/ubuntu/perception_driven_ws/install/ur5_workcell_moveit2_config
[2.024s] DEBUG:colcon.colcon_core.event_handler.log_command:Invoking command in '/home/ubuntu/perception_driven_ws/build/industrial_moveit2_utils': PYTHONPATH=/home/ubuntu/perception_driven_ws/build/industrial_moveit2_utils/prefix_override:/home/ubuntu/perception_driven_ws/install/industrial_moveit2_utils/lib/python3.10/site-packages:${PYTHONPATH} /usr/bin/python3 setup.py develop --editable --build-directory /home/ubuntu/perception_driven_ws/build/industrial_moveit2_utils/build --no-deps install_data
[2.700s] DEBUG:colcon.colcon_core.event_handler.log_command:Invoked command in '/home/ubuntu/perception_driven_ws/build/ur5_workcell_moveit2_config' returned '0': AMENT_PREFIX_PATH=/home/ubuntu/perception_driven_ws/install/robot_workcell_support:${AMENT_PREFIX_PATH} CMAKE_PREFIX_PATH=/home/ubuntu/perception_driven_ws/install/robot_workcell_support:/home/ubuntu/perception_ws/install/lesson_perception:/opt/ros/humble /usr/bin/cmake /home/ubuntu/perception_driven_ws/src/ur5_workcell_moveit2_config -DAMENT_CMAKE_SYMLINK_INSTALL=1 -DCMAKE_INSTALL_PREFIX=/home/ubuntu/perception_driven_ws/install/ur5_workcell_moveit2_config
[2.700s] DEBUG:colcon.colcon_core.event_handler.log_command:Invoking command in '/home/ubuntu/perception_driven_ws/build/ur5_workcell_moveit2_config': AMENT_PREFIX_PATH=/home/ubuntu/perception_driven_ws/install/robot_workcell_support:${AMENT_PREFIX_PATH} CMAKE_PREFIX_PATH=/home/ubuntu/perception_driven_ws/install/robot_workcell_support:/home/ubuntu/perception_ws/install/lesson_perception:/opt/ros/humble /usr/bin/cmake --build /home/ubuntu/perception_driven_ws/build/ur5_workcell_moveit2_config -- -j4 -l4
[2.707s] Level 1:colcon.colcon_core.shell:create_environment_hook('industrial_moveit2_utils', 'pythonpath_develop')
[2.710s] INFO:colcon.colcon_core.shell:Creating environment hook '/home/ubuntu/perception_driven_ws/build/industrial_moveit2_utils/share/industrial_moveit2_utils/hook/pythonpath_develop.ps1'
[2.710s] DEBUG:colcon.colcon_core.event_handler.log_command:Invoked command in '/home/ubuntu/perception_driven_ws/build/industrial_moveit2_utils' returned '0': PYTHONPATH=/home/ubuntu/perception_driven_ws/build/industrial_moveit2_utils/prefix_override:/home/ubuntu/perception_driven_ws/install/industrial_moveit2_utils/lib/python3.10/site-packages:${PYTHONPATH} /usr/bin/python3 setup.py develop --editable --build-directory /home/ubuntu/perception_driven_ws/build/industrial_moveit2_utils/build --no-deps install_data
[2.711s] INFO:colcon.colcon_core.shell:Creating environment descriptor '/home/ubuntu/perception_driven_ws/build/industrial_moveit2_utils/share/industrial_moveit2_utils/hook/pythonpath_develop.dsv'
[2.711s] INFO:colcon.colcon_core.shell:Creating environment hook '/home/ubuntu/perception_driven_ws/build/industrial_moveit2_utils/share/industrial_moveit2_utils/hook/pythonpath_develop.sh'
[2.713s] Level 1:colcon.colcon_core.environment:checking '/home/ubuntu/perception_driven_ws/install/industrial_moveit2_utils' for CMake module files
[2.714s] Level 1:colcon.colcon_core.environment:checking '/home/ubuntu/perception_driven_ws/install/industrial_moveit2_utils' for CMake config files
[2.714s] Level 1:colcon.colcon_core.environment:checking '/home/ubuntu/perception_driven_ws/install/industrial_moveit2_utils/lib'
[2.714s] Level 1:colcon.colcon_core.environment:checking '/home/ubuntu/perception_driven_ws/install/industrial_moveit2_utils/bin'
[2.715s] Level 1:colcon.colcon_core.environment:checking '/home/ubuntu/perception_driven_ws/install/industrial_moveit2_utils/lib/pkgconfig/industrial_moveit2_utils.pc'
[2.715s] Level 1:colcon.colcon_core.environment:checking '/home/ubuntu/perception_driven_ws/install/industrial_moveit2_utils/lib/python3.10/site-packages'
[2.715s] Level 1:colcon.colcon_core.shell:create_environment_hook('industrial_moveit2_utils', 'pythonpath')
[2.716s] INFO:colcon.colcon_core.shell:Creating environment hook '/home/ubuntu/perception_driven_ws/install/industrial_moveit2_utils/share/industrial_moveit2_utils/hook/pythonpath.ps1'
[2.717s] INFO:colcon.colcon_core.shell:Creating environment descriptor '/home/ubuntu/perception_driven_ws/install/industrial_moveit2_utils/share/industrial_moveit2_utils/hook/pythonpath.dsv'
[2.717s] INFO:colcon.colcon_core.shell:Creating environment hook '/home/ubuntu/perception_driven_ws/install/industrial_moveit2_utils/share/industrial_moveit2_utils/hook/pythonpath.sh'
[2.717s] Level 1:colcon.colcon_core.environment:checking '/home/ubuntu/perception_driven_ws/install/industrial_moveit2_utils/bin'
[2.718s] Level 1:colcon.colcon_core.environment:create_environment_scripts_only(industrial_moveit2_utils)
[2.719s] INFO:colcon.colcon_core.shell:Creating package script '/home/ubuntu/perception_driven_ws/install/industrial_moveit2_utils/share/industrial_moveit2_utils/package.ps1'
[2.719s] INFO:colcon.colcon_core.shell:Creating package descriptor '/home/ubuntu/perception_driven_ws/install/industrial_moveit2_utils/share/industrial_moveit2_utils/package.dsv'
[2.720s] INFO:colcon.colcon_core.shell:Creating package script '/home/ubuntu/perception_driven_ws/install/industrial_moveit2_utils/share/industrial_moveit2_utils/package.sh'
[2.720s] INFO:colcon.colcon_core.shell:Creating package script '/home/ubuntu/perception_driven_ws/install/industrial_moveit2_utils/share/industrial_moveit2_utils/package.bash'
[2.720s] INFO:colcon.colcon_core.shell:Creating package script '/home/ubuntu/perception_driven_ws/install/industrial_moveit2_utils/share/industrial_moveit2_utils/package.zsh'
[2.721s] Level 1:colcon.colcon_core.environment:create_file_with_runtime_dependencies(/home/ubuntu/perception_driven_ws/install/industrial_moveit2_utils/share/colcon-core/packages/industrial_moveit2_utils)
[2.748s] DEBUG:colcon.colcon_core.event_handler.log_command:Invoked command in '/home/ubuntu/perception_driven_ws/build/ur5_workcell_moveit2_config' returned '0': AMENT_PREFIX_PATH=/home/ubuntu/perception_driven_ws/install/robot_workcell_support:${AMENT_PREFIX_PATH} CMAKE_PREFIX_PATH=/home/ubuntu/perception_driven_ws/install/robot_workcell_support:/home/ubuntu/perception_ws/install/lesson_perception:/opt/ros/humble /usr/bin/cmake --build /home/ubuntu/perception_driven_ws/build/ur5_workcell_moveit2_config -- -j4 -l4
[2.773s] DEBUG:colcon.colcon_core.event_handler.log_command:Invoking command in '/home/ubuntu/perception_driven_ws/build/ur5_workcell_moveit2_config': AMENT_PREFIX_PATH=/home/ubuntu/perception_driven_ws/install/robot_workcell_support:${AMENT_PREFIX_PATH} CMAKE_PREFIX_PATH=/home/ubuntu/perception_driven_ws/install/robot_workcell_support:/home/ubuntu/perception_ws/install/lesson_perception:/opt/ros/humble /usr/bin/cmake --install /home/ubuntu/perception_driven_ws/build/ur5_workcell_moveit2_config
[3.006s] Level 1:colcon.colcon_core.environment:create_environment_scripts_only(ur5_workcell_moveit2_config)
[3.009s] Level 1:colcon.colcon_core.environment:checking '/home/ubuntu/perception_driven_ws/install/ur5_workcell_moveit2_config' for CMake module files
[3.009s] DEBUG:colcon.colcon_core.event_handler.log_command:Invoked command in '/home/ubuntu/perception_driven_ws/build/ur5_workcell_moveit2_config' returned '0': AMENT_PREFIX_PATH=/home/ubuntu/perception_driven_ws/install/robot_workcell_support:${AMENT_PREFIX_PATH} CMAKE_PREFIX_PATH=/home/ubuntu/perception_driven_ws/install/robot_workcell_support:/home/ubuntu/perception_ws/install/lesson_perception:/opt/ros/humble /usr/bin/cmake --install /home/ubuntu/perception_driven_ws/build/ur5_workcell_moveit2_config
[3.010s] Level 1:colcon.colcon_core.environment:checking '/home/ubuntu/perception_driven_ws/install/ur5_workcell_moveit2_config' for CMake config files
[3.010s] Level 1:colcon.colcon_core.shell:create_environment_hook('ur5_workcell_moveit2_config', 'cmake_prefix_path')
[3.011s] INFO:colcon.colcon_core.shell:Creating environment hook '/home/ubuntu/perception_driven_ws/install/ur5_workcell_moveit2_config/share/ur5_workcell_moveit2_config/hook/cmake_prefix_path.ps1'
[3.012s] INFO:colcon.colcon_core.shell:Creating environment descriptor '/home/ubuntu/perception_driven_ws/install/ur5_workcell_moveit2_config/share/ur5_workcell_moveit2_config/hook/cmake_prefix_path.dsv'
[3.012s] INFO:colcon.colcon_core.shell:Creating environment hook '/home/ubuntu/perception_driven_ws/install/ur5_workcell_moveit2_config/share/ur5_workcell_moveit2_config/hook/cmake_prefix_path.sh'
[3.013s] Level 1:colcon.colcon_core.environment:checking '/home/ubuntu/perception_driven_ws/install/ur5_workcell_moveit2_config/bin'
[3.013s] Level 1:colcon.colcon_core.environment:checking '/home/ubuntu/perception_driven_ws/install/ur5_workcell_moveit2_config/lib/pkgconfig/ur5_workcell_moveit2_config.pc'
[3.013s] Level 1:colcon.colcon_core.environment:checking '/home/ubuntu/perception_driven_ws/install/ur5_workcell_moveit2_config/lib/python3.10/site-packages'
[3.013s] Level 1:colcon.colcon_core.environment:checking '/home/ubuntu/perception_driven_ws/install/ur5_workcell_moveit2_config/bin'
[3.015s] INFO:colcon.colcon_core.shell:Creating package script '/home/ubuntu/perception_driven_ws/install/ur5_workcell_moveit2_config/share/ur5_workcell_moveit2_config/package.ps1'
[3.015s] INFO:colcon.colcon_core.shell:Creating package descriptor '/home/ubuntu/perception_driven_ws/install/ur5_workcell_moveit2_config/share/ur5_workcell_moveit2_config/package.dsv'
[3.015s] INFO:colcon.colcon_core.shell:Creating package script '/home/ubuntu/perception_driven_ws/install/ur5_workcell_moveit2_config/share/ur5_workcell_moveit2_config/package.sh'
[3.016s] INFO:colcon.colcon_core.shell:Creating package script '/home/ubuntu/perception_driven_ws/install/ur5_workcell_moveit2_config/share/ur5_workcell_moveit2_config/package.bash'
[3.016s] INFO:colcon.colcon_core.shell:Creating package script '/home/ubuntu/perception_driven_ws/install/ur5_workcell_moveit2_config/share/ur5_workcell_moveit2_config/package.zsh'
[3.016s] Level 1:colcon.colcon_core.environment:create_file_with_runtime_dependencies(/home/ubuntu/perception_driven_ws/install/ur5_workcell_moveit2_config/share/colcon-core/packages/ur5_workcell_moveit2_config)
[3.039s] Level 1:colcon.colcon_core.environment:create_environment_scripts_only(ur5_workcell_moveit2_config)
[3.041s] Level 1:colcon.colcon_core.environment:checking '/home/ubuntu/perception_driven_ws/install/ur5_workcell_moveit2_config' for CMake module files
[3.041s] Level 1:colcon.colcon_core.environment:checking '/home/ubuntu/perception_driven_ws/install/ur5_workcell_moveit2_config' for CMake config files
[3.042s] Level 1:colcon.colcon_core.shell:create_environment_hook('ur5_workcell_moveit2_config', 'cmake_prefix_path')
[3.043s] INFO:colcon.colcon_core.shell:Creating environment hook '/home/ubuntu/perception_driven_ws/install/ur5_workcell_moveit2_config/share/ur5_workcell_moveit2_config/hook/cmake_prefix_path.ps1'
[3.043s] INFO:colcon.colcon_core.shell:Creating environment descriptor '/home/ubuntu/perception_driven_ws/install/ur5_workcell_moveit2_config/share/ur5_workcell_moveit2_config/hook/cmake_prefix_path.dsv'
[3.044s] INFO:colcon.colcon_core.shell:Creating environment hook '/home/ubuntu/perception_driven_ws/install/ur5_workcell_moveit2_config/share/ur5_workcell_moveit2_config/hook/cmake_prefix_path.sh'
[3.044s] Level 1:colcon.colcon_core.environment:checking '/home/ubuntu/perception_driven_ws/install/ur5_workcell_moveit2_config/bin'
[3.044s] Level 1:colcon.colcon_core.environment:checking '/home/ubuntu/perception_driven_ws/install/ur5_workcell_moveit2_config/lib/pkgconfig/ur5_workcell_moveit2_config.pc'
[3.044s] Level 1:colcon.colcon_core.environment:checking '/home/ubuntu/perception_driven_ws/install/ur5_workcell_moveit2_config/lib/python3.10/site-packages'
[3.045s] Level 1:colcon.colcon_core.environment:checking '/home/ubuntu/perception_driven_ws/install/ur5_workcell_moveit2_config/bin'
[3.046s] INFO:colcon.colcon_core.shell:Creating package script '/home/ubuntu/perception_driven_ws/install/ur5_workcell_moveit2_config/share/ur5_workcell_moveit2_config/package.ps1'
[3.046s] INFO:colcon.colcon_core.shell:Creating package descriptor '/home/ubuntu/perception_driven_ws/install/ur5_workcell_moveit2_config/share/ur5_workcell_moveit2_config/package.dsv'
[3.047s] INFO:colcon.colcon_core.shell:Creating package script '/home/ubuntu/perception_driven_ws/install/ur5_workcell_moveit2_config/share/ur5_workcell_moveit2_config/package.sh'
[3.047s] INFO:colcon.colcon_core.shell:Creating package script '/home/ubuntu/perception_driven_ws/install/ur5_workcell_moveit2_config/share/ur5_workcell_moveit2_config/package.bash'
[3.047s] INFO:colcon.colcon_core.shell:Creating package script '/home/ubuntu/perception_driven_ws/install/ur5_workcell_moveit2_config/share/ur5_workcell_moveit2_config/package.zsh'
[3.048s] Level 1:colcon.colcon_core.environment:create_file_with_runtime_dependencies(/home/ubuntu/perception_driven_ws/install/ur5_workcell_moveit2_config/share/colcon-core/packages/ur5_workcell_moveit2_config)
[3.308s] DEBUG:colcon.colcon_core.event_handler.log_command:Invoked command in '/home/ubuntu/perception_driven_ws/build/pick_and_place_msgs' returned '0': CMAKE_PREFIX_PATH=${CMAKE_PREFIX_PATH}:/opt/ros/humble /usr/bin/cmake /home/ubuntu/perception_driven_ws/src/pick_and_place_msgs -DAMENT_CMAKE_SYMLINK_INSTALL=1 -DCMAKE_INSTALL_PREFIX=/home/ubuntu/perception_driven_ws/install/pick_and_place_msgs
[3.310s] DEBUG:colcon.colcon_core.event_handler.log_command:Invoking command in '/home/ubuntu/perception_driven_ws/build/pick_and_place_msgs': CMAKE_PREFIX_PATH=${CMAKE_PREFIX_PATH}:/opt/ros/humble /usr/bin/cmake --build /home/ubuntu/perception_driven_ws/build/pick_and_place_msgs -- -j4 -l4
[9.372s] DEBUG:colcon.colcon_core.event_handler.log_command:Invoked command in '/home/ubuntu/perception_driven_ws/build/pick_and_place_msgs' returned '0': CMAKE_PREFIX_PATH=${CMAKE_PREFIX_PATH}:/opt/ros/humble /usr/bin/cmake --build /home/ubuntu/perception_driven_ws/build/pick_and_place_msgs -- -j4 -l4
[9.448s] DEBUG:colcon.colcon_core.event_handler.log_command:Invoking command in '/home/ubuntu/perception_driven_ws/build/pick_and_place_msgs': CMAKE_PREFIX_PATH=${CMAKE_PREFIX_PATH}:/opt/ros/humble /usr/bin/cmake --install /home/ubuntu/perception_driven_ws/build/pick_and_place_msgs
[10.136s] Level 1:colcon.colcon_core.environment:create_environment_scripts_only(pick_and_place_msgs)
[10.138s] Level 1:colcon.colcon_core.environment:checking '/home/ubuntu/perception_driven_ws/install/pick_and_place_msgs' for CMake module files
[10.139s] DEBUG:colcon.colcon_core.event_handler.log_command:Invoked command in '/home/ubuntu/perception_driven_ws/build/pick_and_place_msgs' returned '0': CMAKE_PREFIX_PATH=${CMAKE_PREFIX_PATH}:/opt/ros/humble /usr/bin/cmake --install /home/ubuntu/perception_driven_ws/build/pick_and_place_msgs
[10.139s] Level 1:colcon.colcon_core.environment:checking '/home/ubuntu/perception_driven_ws/install/pick_and_place_msgs' for CMake config files
[10.140s] Level 1:colcon.colcon_core.shell:create_environment_hook('pick_and_place_msgs', 'cmake_prefix_path')
[10.142s] INFO:colcon.colcon_core.shell:Creating environment hook '/home/ubuntu/perception_driven_ws/install/pick_and_place_msgs/share/pick_and_place_msgs/hook/cmake_prefix_path.ps1'
[10.142s] INFO:colcon.colcon_core.shell:Creating environment descriptor '/home/ubuntu/perception_driven_ws/install/pick_and_place_msgs/share/pick_and_place_msgs/hook/cmake_prefix_path.dsv'
[10.142s] INFO:colcon.colcon_core.shell:Creating environment hook '/home/ubuntu/perception_driven_ws/install/pick_and_place_msgs/share/pick_and_place_msgs/hook/cmake_prefix_path.sh'
[10.143s] Level 1:colcon.colcon_core.environment:checking '/home/ubuntu/perception_driven_ws/install/pick_and_place_msgs/lib'
[10.143s] Level 1:colcon.colcon_core.shell:create_environment_hook('pick_and_place_msgs', 'ld_library_path_lib')
[10.144s] INFO:colcon.colcon_core.shell:Creating environment hook '/home/ubuntu/perception_driven_ws/install/pick_and_place_msgs/share/pick_and_place_msgs/hook/ld_library_path_lib.ps1'
[10.145s] INFO:colcon.colcon_core.shell:Creating environment descriptor '/home/ubuntu/perception_driven_ws/install/pick_and_place_msgs/share/pick_and_place_msgs/hook/ld_library_path_lib.dsv'
[10.145s] INFO:colcon.colcon_core.shell:Creating environment hook '/home/ubuntu/perception_driven_ws/install/pick_and_place_msgs/share/pick_and_place_msgs/hook/ld_library_path_lib.sh'
[10.145s] Level 1:colcon.colcon_core.environment:checking '/home/ubuntu/perception_driven_ws/install/pick_and_place_msgs/bin'
[10.145s] Level 1:colcon.colcon_core.environment:checking '/home/ubuntu/perception_driven_ws/install/pick_and_place_msgs/lib/pkgconfig/pick_and_place_msgs.pc'
[10.146s] Level 1:colcon.colcon_core.environment:checking '/home/ubuntu/perception_driven_ws/install/pick_and_place_msgs/lib/python3.10/site-packages'
[10.146s] Level 1:colcon.colcon_core.environment:checking '/home/ubuntu/perception_driven_ws/install/pick_and_place_msgs/bin'
[10.147s] INFO:colcon.colcon_core.shell:Creating package script '/home/ubuntu/perception_driven_ws/install/pick_and_place_msgs/share/pick_and_place_msgs/package.ps1'
[10.148s] INFO:colcon.colcon_core.shell:Creating package descriptor '/home/ubuntu/perception_driven_ws/install/pick_and_place_msgs/share/pick_and_place_msgs/package.dsv'
[10.148s] INFO:colcon.colcon_core.shell:Creating package script '/home/ubuntu/perception_driven_ws/install/pick_and_place_msgs/share/pick_and_place_msgs/package.sh'
[10.148s] INFO:colcon.colcon_core.shell:Creating package script '/home/ubuntu/perception_driven_ws/install/pick_and_place_msgs/share/pick_and_place_msgs/package.bash'
[10.149s] INFO:colcon.colcon_core.shell:Creating package script '/home/ubuntu/perception_driven_ws/install/pick_and_place_msgs/share/pick_and_place_msgs/package.zsh'
[10.149s] Level 1:colcon.colcon_core.environment:create_file_with_runtime_dependencies(/home/ubuntu/perception_driven_ws/install/pick_and_place_msgs/share/colcon-core/packages/pick_and_place_msgs)
[10.225s] Level 1:colcon.colcon_core.environment:create_environment_scripts_only(pick_and_place_msgs)
[10.227s] Level 1:colcon.colcon_core.environment:checking '/home/ubuntu/perception_driven_ws/install/pick_and_place_msgs' for CMake module files
[10.228s] Level 1:colcon.colcon_core.environment:checking '/home/ubuntu/perception_driven_ws/install/pick_and_place_msgs' for CMake config files
[10.229s] Level 1:colcon.colcon_core.shell:create_environment_hook('pick_and_place_msgs', 'cmake_prefix_path')
[10.230s] INFO:colcon.colcon_core.shell:Creating environment hook '/home/ubuntu/perception_driven_ws/install/pick_and_place_msgs/share/pick_and_place_msgs/hook/cmake_prefix_path.ps1'
[10.230s] INFO:colcon.colcon_core.shell:Creating environment descriptor '/home/ubuntu/perception_driven_ws/install/pick_and_place_msgs/share/pick_and_place_msgs/hook/cmake_prefix_path.dsv'
[10.231s] INFO:colcon.colcon_core.shell:Creating environment hook '/home/ubuntu/perception_driven_ws/install/pick_and_place_msgs/share/pick_and_place_msgs/hook/cmake_prefix_path.sh'
[10.231s] Level 1:colcon.colcon_core.environment:checking '/home/ubuntu/perception_driven_ws/install/pick_and_place_msgs/lib'
[10.231s] Level 1:colcon.colcon_core.shell:create_environment_hook('pick_and_place_msgs', 'ld_library_path_lib')
[10.233s] INFO:colcon.colcon_core.shell:Creating environment hook '/home/ubuntu/perception_driven_ws/install/pick_and_place_msgs/share/pick_and_place_msgs/hook/ld_library_path_lib.ps1'
[10.233s] INFO:colcon.colcon_core.shell:Creating environment descriptor '/home/ubuntu/perception_driven_ws/install/pick_and_place_msgs/share/pick_and_place_msgs/hook/ld_library_path_lib.dsv'
[10.233s] INFO:colcon.colcon_core.shell:Creating environment hook '/home/ubuntu/perception_driven_ws/install/pick_and_place_msgs/share/pick_and_place_msgs/hook/ld_library_path_lib.sh'
[10.234s] Level 1:colcon.colcon_core.environment:checking '/home/ubuntu/perception_driven_ws/install/pick_and_place_msgs/bin'
[10.234s] Level 1:colcon.colcon_core.environment:checking '/home/ubuntu/perception_driven_ws/install/pick_and_place_msgs/lib/pkgconfig/pick_and_place_msgs.pc'
[10.234s] Level 1:colcon.colcon_core.environment:checking '/home/ubuntu/perception_driven_ws/install/pick_and_place_msgs/lib/python3.10/site-packages'
[10.234s] Level 1:colcon.colcon_core.environment:checking '/home/ubuntu/perception_driven_ws/install/pick_and_place_msgs/bin'
[10.235s] INFO:colcon.colcon_core.shell:Creating package script '/home/ubuntu/perception_driven_ws/install/pick_and_place_msgs/share/pick_and_place_msgs/package.ps1'
[10.236s] INFO:colcon.colcon_core.shell:Creating package descriptor '/home/ubuntu/perception_driven_ws/install/pick_and_place_msgs/share/pick_and_place_msgs/package.dsv'
[10.236s] INFO:colcon.colcon_core.shell:Creating package script '/home/ubuntu/perception_driven_ws/install/pick_and_place_msgs/share/pick_and_place_msgs/package.sh'
[10.237s] INFO:colcon.colcon_core.shell:Creating package script '/home/ubuntu/perception_driven_ws/install/pick_and_place_msgs/share/pick_and_place_msgs/package.bash'
[10.237s] INFO:colcon.colcon_core.shell:Creating package script '/home/ubuntu/perception_driven_ws/install/pick_and_place_msgs/share/pick_and_place_msgs/package.zsh'
[10.238s] Level 1:colcon.colcon_core.environment:create_file_with_runtime_dependencies(/home/ubuntu/perception_driven_ws/install/pick_and_place_msgs/share/colcon-core/packages/pick_and_place_msgs)
[10.238s] INFO:colcon.colcon_ros.task.ament_cmake.build:Building ROS package in '/home/ubuntu/perception_driven_ws/src/pick_and_place_application' with build type 'ament_cmake'
[10.238s] INFO:colcon.colcon_cmake.task.cmake.build:Building CMake package in '/home/ubuntu/perception_driven_ws/src/pick_and_place_application'
[10.239s] INFO:colcon.colcon_core.shell:Skip shell extension 'powershell' for command environment: Not usable outside of PowerShell
[10.239s] DEBUG:colcon.colcon_core.shell:Skip shell extension 'dsv' for command environment
[10.250s] DEBUG:colcon.colcon_core.event_handler.log_command:Invoking command in '/home/ubuntu/perception_driven_ws/build/pick_and_place_application': AMENT_PREFIX_PATH=/home/ubuntu/perception_driven_ws/install/pick_and_place_msgs:${AMENT_PREFIX_PATH} CMAKE_PREFIX_PATH=/home/ubuntu/perception_driven_ws/install/pick_and_place_msgs:/home/ubuntu/perception_ws/install/lesson_perception:/opt/ros/humble LD_LIBRARY_PATH=/home/ubuntu/perception_driven_ws/install/pick_and_place_msgs/lib:${LD_LIBRARY_PATH} PYTHONPATH=/home/ubuntu/perception_driven_ws/install/pick_and_place_msgs/local/lib/python3.10/dist-packages:${PYTHONPATH} /usr/bin/cmake /home/ubuntu/perception_driven_ws/src/pick_and_place_application -DAMENT_CMAKE_SYMLINK_INSTALL=1 -DCMAKE_INSTALL_PREFIX=/home/ubuntu/perception_driven_ws/install/pick_and_place_application
[17.901s] DEBUG:colcon.colcon_core.event_handler.log_command:Invoked command in '/home/ubuntu/perception_driven_ws/build/pick_and_place_application' returned '0': AMENT_PREFIX_PATH=/home/ubuntu/perception_driven_ws/install/pick_and_place_msgs:${AMENT_PREFIX_PATH} CMAKE_PREFIX_PATH=/home/ubuntu/perception_driven_ws/install/pick_and_place_msgs:/home/ubuntu/perception_ws/install/lesson_perception:/opt/ros/humble LD_LIBRARY_PATH=/home/ubuntu/perception_driven_ws/install/pick_and_place_msgs/lib:${LD_LIBRARY_PATH} PYTHONPATH=/home/ubuntu/perception_driven_ws/install/pick_and_place_msgs/local/lib/python3.10/dist-packages:${PYTHONPATH} /usr/bin/cmake /home/ubuntu/perception_driven_ws/src/pick_and_place_application -DAMENT_CMAKE_SYMLINK_INSTALL=1 -DCMAKE_INSTALL_PREFIX=/home/ubuntu/perception_driven_ws/install/pick_and_place_application
[17.903s] DEBUG:colcon.colcon_core.event_handler.log_command:Invoking command in '/home/ubuntu/perception_driven_ws/build/pick_and_place_application': AMENT_PREFIX_PATH=/home/ubuntu/perception_driven_ws/install/pick_and_place_msgs:${AMENT_PREFIX_PATH} CMAKE_PREFIX_PATH=/home/ubuntu/perception_driven_ws/install/pick_and_place_msgs:/home/ubuntu/perception_ws/install/lesson_perception:/opt/ros/humble LD_LIBRARY_PATH=/home/ubuntu/perception_driven_ws/install/pick_and_place_msgs/lib:${LD_LIBRARY_PATH} PYTHONPATH=/home/ubuntu/perception_driven_ws/install/pick_and_place_msgs/local/lib/python3.10/dist-packages:${PYTHONPATH} /usr/bin/cmake --build /home/ubuntu/perception_driven_ws/build/pick_and_place_application -- -j4 -l4
[73.504s] DEBUG:colcon.colcon_core.event_handler.log_command:Invoked command in '/home/ubuntu/perception_driven_ws/build/pick_and_place_application' returned '2': AMENT_PREFIX_PATH=/home/ubuntu/perception_driven_ws/install/pick_and_place_msgs:${AMENT_PREFIX_PATH} CMAKE_PREFIX_PATH=/home/ubuntu/perception_driven_ws/install/pick_and_place_msgs:/home/ubuntu/perception_ws/install/lesson_perception:/opt/ros/humble LD_LIBRARY_PATH=/home/ubuntu/perception_driven_ws/install/pick_and_place_msgs/lib:${LD_LIBRARY_PATH} PYTHONPATH=/home/ubuntu/perception_driven_ws/install/pick_and_place_msgs/local/lib/python3.10/dist-packages:${PYTHONPATH} /usr/bin/cmake --build /home/ubuntu/perception_driven_ws/build/pick_and_place_application -- -j4 -l4
[73.563s] Level 1:colcon.colcon_core.environment:create_environment_scripts_only(pick_and_place_application)
[73.565s] Level 1:colcon.colcon_core.environment:checking '/home/ubuntu/perception_driven_ws/install/pick_and_place_application' for CMake module files
[73.565s] Level 1:colcon.colcon_core.environment:checking '/home/ubuntu/perception_driven_ws/install/pick_and_place_application' for CMake config files
[73.566s] Level 1:colcon.colcon_core.environment:checking '/home/ubuntu/perception_driven_ws/install/pick_and_place_application/bin'
[73.566s] Level 1:colcon.colcon_core.environment:checking '/home/ubuntu/perception_driven_ws/install/pick_and_place_application/lib/pkgconfig/pick_and_place_application.pc'
[73.566s] Level 1:colcon.colcon_core.environment:checking '/home/ubuntu/perception_driven_ws/install/pick_and_place_application/lib/python3.10/site-packages'
[73.566s] Level 1:colcon.colcon_core.environment:checking '/home/ubuntu/perception_driven_ws/install/pick_and_place_application/bin'
[73.567s] INFO:colcon.colcon_core.shell:Creating package script '/home/ubuntu/perception_driven_ws/install/pick_and_place_application/share/pick_and_place_application/package.ps1'
[73.568s] INFO:colcon.colcon_core.shell:Creating package descriptor '/home/ubuntu/perception_driven_ws/install/pick_and_place_application/share/pick_and_place_application/package.dsv'
[73.568s] INFO:colcon.colcon_core.shell:Creating package script '/home/ubuntu/perception_driven_ws/install/pick_and_place_application/share/pick_and_place_application/package.sh'
[73.569s] INFO:colcon.colcon_core.shell:Creating package script '/home/ubuntu/perception_driven_ws/install/pick_and_place_application/share/pick_and_place_application/package.bash'
[73.569s] INFO:colcon.colcon_core.shell:Creating package script '/home/ubuntu/perception_driven_ws/install/pick_and_place_application/share/pick_and_place_application/package.zsh'
[73.569s] Level 1:colcon.colcon_core.environment:create_file_with_runtime_dependencies(/home/ubuntu/perception_driven_ws/install/pick_and_place_application/share/colcon-core/packages/pick_and_place_application)
[73.580s] DEBUG:colcon.colcon_parallel_executor.executor.parallel:closing loop
[73.580s] DEBUG:colcon.colcon_parallel_executor.executor.parallel:loop closed
[73.580s] DEBUG:colcon.colcon_parallel_executor.executor.parallel:run_until_complete finished with '2'
[73.580s] DEBUG:colcon.colcon_core.event_reactor:joining thread
[73.586s] INFO:colcon.colcon_core.plugin_system:Skipping extension 'colcon_notification.desktop_notification.terminal_notifier': Not used on non-Darwin systems
[73.586s] INFO:colcon.colcon_core.plugin_system:Skipping extension 'colcon_notification.desktop_notification.win32': Not used on non-Windows systems
[73.587s] INFO:colcon.colcon_notification.desktop_notification:Sending desktop notification using 'notify2'
[73.598s] DEBUG:colcon.colcon_core.event_reactor:joined thread
[73.600s] INFO:colcon.colcon_core.shell:Creating prefix script '/home/ubuntu/perception_driven_ws/install/local_setup.ps1'
[73.601s] INFO:colcon.colcon_core.shell:Creating prefix util module '/home/ubuntu/perception_driven_ws/install/_local_setup_util_ps1.py'
[73.603s] INFO:colcon.colcon_core.shell:Creating prefix chain script '/home/ubuntu/perception_driven_ws/install/setup.ps1'
[73.605s] INFO:colcon.colcon_core.shell:Creating prefix script '/home/ubuntu/perception_driven_ws/install/local_setup.sh'
[73.606s] INFO:colcon.colcon_core.shell:Creating prefix util module '/home/ubuntu/perception_driven_ws/install/_local_setup_util_sh.py'
[73.607s] INFO:colcon.colcon_core.shell:Creating prefix chain script '/home/ubuntu/perception_driven_ws/install/setup.sh'
[73.609s] INFO:colcon.colcon_core.shell:Creating prefix script '/home/ubuntu/perception_driven_ws/install/local_setup.bash'
[73.610s] INFO:colcon.colcon_core.shell:Creating prefix chain script '/home/ubuntu/perception_driven_ws/install/setup.bash'
[73.612s] INFO:colcon.colcon_core.shell:Creating prefix script '/home/ubuntu/perception_driven_ws/install/local_setup.zsh'
[73.612s] INFO:colcon.colcon_core.shell:Creating prefix chain script '/home/ubuntu/perception_driven_ws/install/setup.zsh'
