-- Found ament_cmake: 1.3.5 (/opt/ros/humble/share/ament_cmake/cmake)
-- Override CMake install command with custom implementation using symlinks instead of copying resources
-- Found rosidl_default_generators: 1.2.0 (/opt/ros/humble/share/rosidl_default_generators/cmake)
-- Using all available rosidl_typesupport_c: rosidl_typesupport_fastrtps_c;rosidl_typesupport_introspection_c
-- Found rosidl_adapter: 3.1.4 (/opt/ros/humble/share/rosidl_adapter/cmake)
-- Using all available rosidl_typesupport_cpp: rosidl_typesupport_fastrtps_cpp;rosidl_typesupport_introspection_cpp
-- Found std_msgs: 4.2.3 (/opt/ros/humble/share/std_msgs/cmake)
-- Found geometry_msgs: 4.2.3 (/opt/ros/humble/share/geometry_msgs/cmake)
-- Found ament_cmake_ros: 0.10.0 (/opt/ros/humble/share/ament_cmake_ros/cmake)
-- Using all available rosidl_typesupport_c: rosidl_typesupport_fastrtps_c;rosidl_typesupport_introspection_c
-- Using all available rosidl_typesupport_cpp: rosidl_typesupport_fastrtps_cpp;rosidl_typesupport_introspection_cpp
-- Found python_cmake_module: 0.10.0 (/opt/ros/humble/share/python_cmake_module/cmake)
-- Using PYTHON_EXECUTABLE: /usr/bin/python3
-- Using PYTHON_INCLUDE_DIRS: /usr/include/python3.10
-- Using PYTHON_LIBRARIES: /usr/lib/x86_64-linux-gnu/libpython3.10.so
-- Configuring done
-- Generating done
-- Build files have been written to: /home/ubuntu/tesseract_ws/build/industrial_reconstruction_msgs
[  1%] Built target industrial_reconstruction_msgs__cpp
Consolidate compiler generated dependencies of target industrial_reconstruction_msgs__rosidl_generator_c
[  1%] Built target ament_cmake_python_symlink_industrial_reconstruction_msgs
Consolidate compiler generated dependencies of target industrial_reconstruction_msgs__rosidl_typesupport_fastrtps_cpp
Consolidate compiler generated dependencies of target industrial_reconstruction_msgs__rosidl_typesupport_cpp
[  3%] Building C object CMakeFiles/industrial_reconstruction_msgs__rosidl_generator_c.dir/rosidl_generator_c/industrial_reconstruction_msgs/msg/detail/rgbd_image_params__functions.c.o
Consolidate compiler generated dependencies of target industrial_reconstruction_msgs__rosidl_typesupport_introspection_cpp
[  4%] Building CXX object CMakeFiles/industrial_reconstruction_msgs__rosidl_typesupport_cpp.dir/rosidl_typesupport_cpp/industrial_reconstruction_msgs/msg/rgbd_image_params__type_support.cpp.o
[  6%] Building CXX object CMakeFiles/industrial_reconstruction_msgs__rosidl_typesupport_fastrtps_cpp.dir/rosidl_typesupport_fastrtps_cpp/industrial_reconstruction_msgs/msg/detail/dds_fastrtps/rgbd_image_params__type_support.cpp.o
[  7%] Building CXX object CMakeFiles/industrial_reconstruction_msgs__rosidl_typesupport_introspection_cpp.dir/rosidl_typesupport_introspection_cpp/industrial_reconstruction_msgs/msg/detail/rgbd_image_params__type_support.cpp.o
[  9%] Building C object CMakeFiles/industrial_reconstruction_msgs__rosidl_generator_c.dir/rosidl_generator_c/industrial_reconstruction_msgs/msg/detail/tsdf_volume_params__functions.c.o
[ 11%] Building CXX object CMakeFiles/industrial_reconstruction_msgs__rosidl_typesupport_cpp.dir/rosidl_typesupport_cpp/industrial_reconstruction_msgs/msg/tsdf_volume_params__type_support.cpp.o
[ 12%] Building C object CMakeFiles/industrial_reconstruction_msgs__rosidl_generator_c.dir/rosidl_generator_c/industrial_reconstruction_msgs/msg/detail/normal_filter_params__functions.c.o
[ 14%] Building CXX object CMakeFiles/industrial_reconstruction_msgs__rosidl_typesupport_introspection_cpp.dir/rosidl_typesupport_introspection_cpp/industrial_reconstruction_msgs/msg/detail/tsdf_volume_params__type_support.cpp.o
[ 15%] Building CXX object CMakeFiles/industrial_reconstruction_msgs__rosidl_typesupport_fastrtps_cpp.dir/rosidl_typesupport_fastrtps_cpp/industrial_reconstruction_msgs/msg/detail/dds_fastrtps/tsdf_volume_params__type_support.cpp.o
[ 17%] Building C object CMakeFiles/industrial_reconstruction_msgs__rosidl_generator_c.dir/rosidl_generator_c/industrial_reconstruction_msgs/srv/detail/start_reconstruction__functions.c.o
[ 19%] Building C object CMakeFiles/industrial_reconstruction_msgs__rosidl_generator_c.dir/rosidl_generator_c/industrial_reconstruction_msgs/srv/detail/stop_reconstruction__functions.c.o
[ 20%] Building CXX object CMakeFiles/industrial_reconstruction_msgs__rosidl_typesupport_cpp.dir/rosidl_typesupport_cpp/industrial_reconstruction_msgs/msg/normal_filter_params__type_support.cpp.o
[ 22%] Linking C shared library libindustrial_reconstruction_msgs__rosidl_generator_c.so
[ 23%] Building CXX object CMakeFiles/industrial_reconstruction_msgs__rosidl_typesupport_introspection_cpp.dir/rosidl_typesupport_introspection_cpp/industrial_reconstruction_msgs/msg/detail/normal_filter_params__type_support.cpp.o
[ 25%] Building CXX object CMakeFiles/industrial_reconstruction_msgs__rosidl_typesupport_fastrtps_cpp.dir/rosidl_typesupport_fastrtps_cpp/industrial_reconstruction_msgs/msg/detail/dds_fastrtps/normal_filter_params__type_support.cpp.o
[ 26%] Built target industrial_reconstruction_msgs__rosidl_generator_c
[ 28%] Building CXX object CMakeFiles/industrial_reconstruction_msgs__rosidl_typesupport_cpp.dir/rosidl_typesupport_cpp/industrial_reconstruction_msgs/srv/start_reconstruction__type_support.cpp.o
running egg_info
writing industrial_reconstruction_msgs.egg-info/PKG-INFO
writing dependency_links to industrial_reconstruction_msgs.egg-info/dependency_links.txt
writing top-level names to industrial_reconstruction_msgs.egg-info/top_level.txt
reading manifest file 'industrial_reconstruction_msgs.egg-info/SOURCES.txt'
writing manifest file 'industrial_reconstruction_msgs.egg-info/SOURCES.txt'
[ 28%] Built target ament_cmake_python_build_industrial_reconstruction_msgs_egg
[ 30%] Building CXX object CMakeFiles/industrial_reconstruction_msgs__rosidl_typesupport_cpp.dir/rosidl_typesupport_cpp/industrial_reconstruction_msgs/srv/stop_reconstruction__type_support.cpp.o
[ 31%] Building CXX object CMakeFiles/industrial_reconstruction_msgs__rosidl_typesupport_introspection_cpp.dir/rosidl_typesupport_introspection_cpp/industrial_reconstruction_msgs/srv/detail/start_reconstruction__type_support.cpp.o
[ 33%] Building CXX object CMakeFiles/industrial_reconstruction_msgs__rosidl_typesupport_fastrtps_cpp.dir/rosidl_typesupport_fastrtps_cpp/industrial_reconstruction_msgs/srv/detail/dds_fastrtps/start_reconstruction__type_support.cpp.o
[ 34%] Building CXX object CMakeFiles/industrial_reconstruction_msgs__rosidl_typesupport_fastrtps_cpp.dir/rosidl_typesupport_fastrtps_cpp/industrial_reconstruction_msgs/srv/detail/dds_fastrtps/stop_reconstruction__type_support.cpp.o
[ 36%] Linking CXX shared library libindustrial_reconstruction_msgs__rosidl_typesupport_cpp.so
[ 38%] Built target industrial_reconstruction_msgs__rosidl_typesupport_cpp
[ 39%] Building CXX object CMakeFiles/industrial_reconstruction_msgs__rosidl_typesupport_introspection_cpp.dir/rosidl_typesupport_introspection_cpp/industrial_reconstruction_msgs/srv/detail/stop_reconstruction__type_support.cpp.o
[ 41%] Linking CXX shared library libindustrial_reconstruction_msgs__rosidl_typesupport_fastrtps_cpp.so
[ 42%] Built target industrial_reconstruction_msgs__rosidl_typesupport_fastrtps_cpp
[ 44%] Linking CXX shared library libindustrial_reconstruction_msgs__rosidl_typesupport_introspection_cpp.so
[ 46%] Built target industrial_reconstruction_msgs__rosidl_typesupport_introspection_cpp
Consolidate compiler generated dependencies of target industrial_reconstruction_msgs__rosidl_typesupport_c
[ 47%] Building CXX object CMakeFiles/industrial_reconstruction_msgs__rosidl_typesupport_c.dir/rosidl_typesupport_c/industrial_reconstruction_msgs/msg/rgbd_image_params__type_support.cpp.o
[ 49%] Building CXX object CMakeFiles/industrial_reconstruction_msgs__rosidl_typesupport_c.dir/rosidl_typesupport_c/industrial_reconstruction_msgs/msg/tsdf_volume_params__type_support.cpp.o
[ 50%] Building CXX object CMakeFiles/industrial_reconstruction_msgs__rosidl_typesupport_c.dir/rosidl_typesupport_c/industrial_reconstruction_msgs/msg/normal_filter_params__type_support.cpp.o
[ 52%] Building CXX object CMakeFiles/industrial_reconstruction_msgs__rosidl_typesupport_c.dir/rosidl_typesupport_c/industrial_reconstruction_msgs/srv/start_reconstruction__type_support.cpp.o
[ 53%] Building CXX object CMakeFiles/industrial_reconstruction_msgs__rosidl_typesupport_c.dir/rosidl_typesupport_c/industrial_reconstruction_msgs/srv/stop_reconstruction__type_support.cpp.o
[ 55%] Linking CXX shared library libindustrial_reconstruction_msgs__rosidl_typesupport_c.so
[ 57%] Built target industrial_reconstruction_msgs__rosidl_typesupport_c
Consolidate compiler generated dependencies of target industrial_reconstruction_msgs__rosidl_typesupport_introspection_c
[ 58%] Building C object CMakeFiles/industrial_reconstruction_msgs__rosidl_typesupport_introspection_c.dir/rosidl_typesupport_introspection_c/industrial_reconstruction_msgs/msg/detail/rgbd_image_params__type_support.c.o
[ 60%] Building C object CMakeFiles/industrial_reconstruction_msgs__rosidl_typesupport_introspection_c.dir/rosidl_typesupport_introspection_c/industrial_reconstruction_msgs/msg/detail/normal_filter_params__type_support.c.o
[ 61%] Building C object CMakeFiles/industrial_reconstruction_msgs__rosidl_typesupport_introspection_c.dir/rosidl_typesupport_introspection_c/industrial_reconstruction_msgs/srv/detail/start_reconstruction__type_support.c.o
[ 63%] Building C object CMakeFiles/industrial_reconstruction_msgs__rosidl_typesupport_introspection_c.dir/rosidl_typesupport_introspection_c/industrial_reconstruction_msgs/srv/detail/stop_reconstruction__type_support.c.o
[ 65%] Building C object CMakeFiles/industrial_reconstruction_msgs__rosidl_typesupport_introspection_c.dir/rosidl_typesupport_introspection_c/industrial_reconstruction_msgs/msg/detail/tsdf_volume_params__type_support.c.o
[ 66%] Linking C shared library libindustrial_reconstruction_msgs__rosidl_typesupport_introspection_c.so
[ 68%] Built target industrial_reconstruction_msgs__rosidl_typesupport_introspection_c
Consolidate compiler generated dependencies of target industrial_reconstruction_msgs__rosidl_typesupport_fastrtps_c
[ 69%] Building CXX object CMakeFiles/industrial_reconstruction_msgs__rosidl_typesupport_fastrtps_c.dir/rosidl_typesupport_fastrtps_c/industrial_reconstruction_msgs/msg/detail/rgbd_image_params__type_support_c.cpp.o
[ 71%] Building CXX object CMakeFiles/industrial_reconstruction_msgs__rosidl_typesupport_fastrtps_c.dir/rosidl_typesupport_fastrtps_c/industrial_reconstruction_msgs/srv/detail/start_reconstruction__type_support_c.cpp.o
[ 73%] Building CXX object CMakeFiles/industrial_reconstruction_msgs__rosidl_typesupport_fastrtps_c.dir/rosidl_typesupport_fastrtps_c/industrial_reconstruction_msgs/srv/detail/stop_reconstruction__type_support_c.cpp.o
[ 74%] Building CXX object CMakeFiles/industrial_reconstruction_msgs__rosidl_typesupport_fastrtps_c.dir/rosidl_typesupport_fastrtps_c/industrial_reconstruction_msgs/msg/detail/normal_filter_params__type_support_c.cpp.o
[ 76%] Building CXX object CMakeFiles/industrial_reconstruction_msgs__rosidl_typesupport_fastrtps_c.dir/rosidl_typesupport_fastrtps_c/industrial_reconstruction_msgs/msg/detail/tsdf_volume_params__type_support_c.cpp.o
[ 77%] Linking CXX shared library libindustrial_reconstruction_msgs__rosidl_typesupport_fastrtps_c.so
[ 79%] Built target industrial_reconstruction_msgs__rosidl_typesupport_fastrtps_c
[ 79%] Built target industrial_reconstruction_msgs
[ 80%] Built target industrial_reconstruction_msgs__py
Consolidate compiler generated dependencies of target industrial_reconstruction_msgs__rosidl_generator_py
[ 82%] Building C object CMakeFiles/industrial_reconstruction_msgs__rosidl_generator_py.dir/rosidl_generator_py/industrial_reconstruction_msgs/msg/_rgbd_image_params_s.c.o
[ 84%] Building C object CMakeFiles/industrial_reconstruction_msgs__rosidl_generator_py.dir/rosidl_generator_py/industrial_reconstruction_msgs/srv/_start_reconstruction_s.c.o
[ 85%] Building C object CMakeFiles/industrial_reconstruction_msgs__rosidl_generator_py.dir/rosidl_generator_py/industrial_reconstruction_msgs/srv/_stop_reconstruction_s.c.o
[ 87%] Building C object CMakeFiles/industrial_reconstruction_msgs__rosidl_generator_py.dir/rosidl_generator_py/industrial_reconstruction_msgs/msg/_normal_filter_params_s.c.o
[ 88%] Building C object CMakeFiles/industrial_reconstruction_msgs__rosidl_generator_py.dir/rosidl_generator_py/industrial_reconstruction_msgs/msg/_tsdf_volume_params_s.c.o
[ 90%] Linking C shared library rosidl_generator_py/industrial_reconstruction_msgs/libindustrial_reconstruction_msgs__rosidl_generator_py.so
[ 90%] Built target industrial_reconstruction_msgs__rosidl_generator_py
Consolidate compiler generated dependencies of target industrial_reconstruction_msgs__rosidl_typesupport_fastrtps_c__pyext
[ 92%] Building C object CMakeFiles/industrial_reconstruction_msgs__rosidl_typesupport_fastrtps_c__pyext.dir/rosidl_generator_py/industrial_reconstruction_msgs/_industrial_reconstruction_msgs_s.ep.rosidl_typesupport_fastrtps_c.c.o
[ 93%] Linking C shared library rosidl_generator_py/industrial_reconstruction_msgs/industrial_reconstruction_msgs_s__rosidl_typesupport_fastrtps_c.cpython-310-x86_64-linux-gnu.so
[ 93%] Built target industrial_reconstruction_msgs__rosidl_typesupport_fastrtps_c__pyext
Consolidate compiler generated dependencies of target industrial_reconstruction_msgs__rosidl_typesupport_c__pyext
[ 95%] Building C object CMakeFiles/industrial_reconstruction_msgs__rosidl_typesupport_c__pyext.dir/rosidl_generator_py/industrial_reconstruction_msgs/_industrial_reconstruction_msgs_s.ep.rosidl_typesupport_c.c.o
[ 96%] Linking C shared library rosidl_generator_py/industrial_reconstruction_msgs/industrial_reconstruction_msgs_s__rosidl_typesupport_c.cpython-310-x86_64-linux-gnu.so
[ 96%] Built target industrial_reconstruction_msgs__rosidl_typesupport_c__pyext
Consolidate compiler generated dependencies of target industrial_reconstruction_msgs__rosidl_typesupport_introspection_c__pyext
[ 98%] Building C object CMakeFiles/industrial_reconstruction_msgs__rosidl_typesupport_introspection_c__pyext.dir/rosidl_generator_py/industrial_reconstruction_msgs/_industrial_reconstruction_msgs_s.ep.rosidl_typesupport_introspection_c.c.o
[100%] Linking C shared library rosidl_generator_py/industrial_reconstruction_msgs/industrial_reconstruction_msgs_s__rosidl_typesupport_introspection_c.cpython-310-x86_64-linux-gnu.so
[100%] Built target industrial_reconstruction_msgs__rosidl_typesupport_introspection_c__pyext
-- Install configuration: "RelWithDebInfo"
-- Execute custom install script
-- Up-to-date symlink: /home/ubuntu/tesseract_ws/install/industrial_reconstruction_msgs/share/ament_index/resource_index/rosidl_interfaces/industrial_reconstruction_msgs
-- Up-to-date symlink: /home/ubuntu/tesseract_ws/install/industrial_reconstruction_msgs/include/industrial_reconstruction_msgs/industrial_reconstruction_msgs/msg/detail/normal_filter_params__functions.h
-- Up-to-date symlink: /home/ubuntu/tesseract_ws/install/industrial_reconstruction_msgs/include/industrial_reconstruction_msgs/industrial_reconstruction_msgs/msg/detail/normal_filter_params__struct.h
-- Up-to-date symlink: /home/ubuntu/tesseract_ws/install/industrial_reconstruction_msgs/include/industrial_reconstruction_msgs/industrial_reconstruction_msgs/msg/detail/normal_filter_params__type_support.h
-- Up-to-date symlink: /home/ubuntu/tesseract_ws/install/industrial_reconstruction_msgs/include/industrial_reconstruction_msgs/industrial_reconstruction_msgs/msg/detail/rgbd_image_params__functions.h
-- Up-to-date symlink: /home/ubuntu/tesseract_ws/install/industrial_reconstruction_msgs/include/industrial_reconstruction_msgs/industrial_reconstruction_msgs/msg/detail/rgbd_image_params__struct.h
-- Up-to-date symlink: /home/ubuntu/tesseract_ws/install/industrial_reconstruction_msgs/include/industrial_reconstruction_msgs/industrial_reconstruction_msgs/msg/detail/rgbd_image_params__type_support.h
-- Up-to-date symlink: /home/ubuntu/tesseract_ws/install/industrial_reconstruction_msgs/include/industrial_reconstruction_msgs/industrial_reconstruction_msgs/msg/detail/tsdf_volume_params__functions.h
-- Up-to-date symlink: /home/ubuntu/tesseract_ws/install/industrial_reconstruction_msgs/include/industrial_reconstruction_msgs/industrial_reconstruction_msgs/msg/detail/tsdf_volume_params__struct.h
-- Up-to-date symlink: /home/ubuntu/tesseract_ws/install/industrial_reconstruction_msgs/include/industrial_reconstruction_msgs/industrial_reconstruction_msgs/msg/detail/tsdf_volume_params__type_support.h
-- Up-to-date symlink: /home/ubuntu/tesseract_ws/install/industrial_reconstruction_msgs/include/industrial_reconstruction_msgs/industrial_reconstruction_msgs/msg/normal_filter_params.h
-- Up-to-date symlink: /home/ubuntu/tesseract_ws/install/industrial_reconstruction_msgs/include/industrial_reconstruction_msgs/industrial_reconstruction_msgs/msg/rgbd_image_params.h
-- Up-to-date symlink: /home/ubuntu/tesseract_ws/install/industrial_reconstruction_msgs/include/industrial_reconstruction_msgs/industrial_reconstruction_msgs/msg/rosidl_generator_c__visibility_control.h
-- Up-to-date symlink: /home/ubuntu/tesseract_ws/install/industrial_reconstruction_msgs/include/industrial_reconstruction_msgs/industrial_reconstruction_msgs/msg/tsdf_volume_params.h
-- Up-to-date symlink: /home/ubuntu/tesseract_ws/install/industrial_reconstruction_msgs/include/industrial_reconstruction_msgs/industrial_reconstruction_msgs/srv/detail/start_reconstruction__functions.h
-- Up-to-date symlink: /home/ubuntu/tesseract_ws/install/industrial_reconstruction_msgs/include/industrial_reconstruction_msgs/industrial_reconstruction_msgs/srv/detail/start_reconstruction__struct.h
-- Up-to-date symlink: /home/ubuntu/tesseract_ws/install/industrial_reconstruction_msgs/include/industrial_reconstruction_msgs/industrial_reconstruction_msgs/srv/detail/start_reconstruction__type_support.h
-- Up-to-date symlink: /home/ubuntu/tesseract_ws/install/industrial_reconstruction_msgs/include/industrial_reconstruction_msgs/industrial_reconstruction_msgs/srv/detail/stop_reconstruction__functions.h
-- Up-to-date symlink: /home/ubuntu/tesseract_ws/install/industrial_reconstruction_msgs/include/industrial_reconstruction_msgs/industrial_reconstruction_msgs/srv/detail/stop_reconstruction__struct.h
-- Up-to-date symlink: /home/ubuntu/tesseract_ws/install/industrial_reconstruction_msgs/include/industrial_reconstruction_msgs/industrial_reconstruction_msgs/srv/detail/stop_reconstruction__type_support.h
-- Up-to-date symlink: /home/ubuntu/tesseract_ws/install/industrial_reconstruction_msgs/include/industrial_reconstruction_msgs/industrial_reconstruction_msgs/srv/start_reconstruction.h
-- Up-to-date symlink: /home/ubuntu/tesseract_ws/install/industrial_reconstruction_msgs/include/industrial_reconstruction_msgs/industrial_reconstruction_msgs/srv/stop_reconstruction.h
-- Up-to-date symlink: /home/ubuntu/tesseract_ws/install/industrial_reconstruction_msgs/share/industrial_reconstruction_msgs/environment/library_path.sh
-- Up-to-date symlink: /home/ubuntu/tesseract_ws/install/industrial_reconstruction_msgs/share/industrial_reconstruction_msgs/environment/library_path.dsv
-- Up-to-date symlink: /home/ubuntu/tesseract_ws/install/industrial_reconstruction_msgs/include/industrial_reconstruction_msgs/industrial_reconstruction_msgs/msg/detail/normal_filter_params__rosidl_typesupport_fastrtps_c.h
-- Up-to-date symlink: /home/ubuntu/tesseract_ws/install/industrial_reconstruction_msgs/include/industrial_reconstruction_msgs/industrial_reconstruction_msgs/msg/detail/rgbd_image_params__rosidl_typesupport_fastrtps_c.h
-- Up-to-date symlink: /home/ubuntu/tesseract_ws/install/industrial_reconstruction_msgs/include/industrial_reconstruction_msgs/industrial_reconstruction_msgs/msg/detail/tsdf_volume_params__rosidl_typesupport_fastrtps_c.h
-- Up-to-date symlink: /home/ubuntu/tesseract_ws/install/industrial_reconstruction_msgs/include/industrial_reconstruction_msgs/industrial_reconstruction_msgs/msg/rosidl_typesupport_fastrtps_c__visibility_control.h
-- Up-to-date symlink: /home/ubuntu/tesseract_ws/install/industrial_reconstruction_msgs/include/industrial_reconstruction_msgs/industrial_reconstruction_msgs/srv/detail/start_reconstruction__rosidl_typesupport_fastrtps_c.h
-- Up-to-date symlink: /home/ubuntu/tesseract_ws/install/industrial_reconstruction_msgs/include/industrial_reconstruction_msgs/industrial_reconstruction_msgs/srv/detail/stop_reconstruction__rosidl_typesupport_fastrtps_c.h
-- Up-to-date symlink: /home/ubuntu/tesseract_ws/install/industrial_reconstruction_msgs/include/industrial_reconstruction_msgs/industrial_reconstruction_msgs/msg/detail/normal_filter_params__rosidl_typesupport_introspection_c.h
-- Up-to-date symlink: /home/ubuntu/tesseract_ws/install/industrial_reconstruction_msgs/include/industrial_reconstruction_msgs/industrial_reconstruction_msgs/msg/detail/rgbd_image_params__rosidl_typesupport_introspection_c.h
-- Up-to-date symlink: /home/ubuntu/tesseract_ws/install/industrial_reconstruction_msgs/include/industrial_reconstruction_msgs/industrial_reconstruction_msgs/msg/detail/tsdf_volume_params__rosidl_typesupport_introspection_c.h
-- Up-to-date symlink: /home/ubuntu/tesseract_ws/install/industrial_reconstruction_msgs/include/industrial_reconstruction_msgs/industrial_reconstruction_msgs/msg/rosidl_typesupport_introspection_c__visibility_control.h
-- Up-to-date symlink: /home/ubuntu/tesseract_ws/install/industrial_reconstruction_msgs/include/industrial_reconstruction_msgs/industrial_reconstruction_msgs/srv/detail/start_reconstruction__rosidl_typesupport_introspection_c.h
-- Up-to-date symlink: /home/ubuntu/tesseract_ws/install/industrial_reconstruction_msgs/include/industrial_reconstruction_msgs/industrial_reconstruction_msgs/srv/detail/stop_reconstruction__rosidl_typesupport_introspection_c.h
-- Up-to-date symlink: /home/ubuntu/tesseract_ws/install/industrial_reconstruction_msgs/include/industrial_reconstruction_msgs/industrial_reconstruction_msgs/msg/detail/normal_filter_params__builder.hpp
-- Up-to-date symlink: /home/ubuntu/tesseract_ws/install/industrial_reconstruction_msgs/include/industrial_reconstruction_msgs/industrial_reconstruction_msgs/msg/detail/normal_filter_params__struct.hpp
-- Up-to-date symlink: /home/ubuntu/tesseract_ws/install/industrial_reconstruction_msgs/include/industrial_reconstruction_msgs/industrial_reconstruction_msgs/msg/detail/normal_filter_params__traits.hpp
-- Up-to-date symlink: /home/ubuntu/tesseract_ws/install/industrial_reconstruction_msgs/include/industrial_reconstruction_msgs/industrial_reconstruction_msgs/msg/detail/rgbd_image_params__builder.hpp
-- Up-to-date symlink: /home/ubuntu/tesseract_ws/install/industrial_reconstruction_msgs/include/industrial_reconstruction_msgs/industrial_reconstruction_msgs/msg/detail/rgbd_image_params__struct.hpp
-- Up-to-date symlink: /home/ubuntu/tesseract_ws/install/industrial_reconstruction_msgs/include/industrial_reconstruction_msgs/industrial_reconstruction_msgs/msg/detail/rgbd_image_params__traits.hpp
-- Up-to-date symlink: /home/ubuntu/tesseract_ws/install/industrial_reconstruction_msgs/include/industrial_reconstruction_msgs/industrial_reconstruction_msgs/msg/detail/tsdf_volume_params__builder.hpp
-- Up-to-date symlink: /home/ubuntu/tesseract_ws/install/industrial_reconstruction_msgs/include/industrial_reconstruction_msgs/industrial_reconstruction_msgs/msg/detail/tsdf_volume_params__struct.hpp
-- Up-to-date symlink: /home/ubuntu/tesseract_ws/install/industrial_reconstruction_msgs/include/industrial_reconstruction_msgs/industrial_reconstruction_msgs/msg/detail/tsdf_volume_params__traits.hpp
-- Up-to-date symlink: /home/ubuntu/tesseract_ws/install/industrial_reconstruction_msgs/include/industrial_reconstruction_msgs/industrial_reconstruction_msgs/msg/normal_filter_params.hpp
-- Up-to-date symlink: /home/ubuntu/tesseract_ws/install/industrial_reconstruction_msgs/include/industrial_reconstruction_msgs/industrial_reconstruction_msgs/msg/rgbd_image_params.hpp
-- Up-to-date symlink: /home/ubuntu/tesseract_ws/install/industrial_reconstruction_msgs/include/industrial_reconstruction_msgs/industrial_reconstruction_msgs/msg/tsdf_volume_params.hpp
-- Up-to-date symlink: /home/ubuntu/tesseract_ws/install/industrial_reconstruction_msgs/include/industrial_reconstruction_msgs/industrial_reconstruction_msgs/srv/detail/start_reconstruction__builder.hpp
-- Up-to-date symlink: /home/ubuntu/tesseract_ws/install/industrial_reconstruction_msgs/include/industrial_reconstruction_msgs/industrial_reconstruction_msgs/srv/detail/start_reconstruction__struct.hpp
-- Up-to-date symlink: /home/ubuntu/tesseract_ws/install/industrial_reconstruction_msgs/include/industrial_reconstruction_msgs/industrial_reconstruction_msgs/srv/detail/start_reconstruction__traits.hpp
-- Up-to-date symlink: /home/ubuntu/tesseract_ws/install/industrial_reconstruction_msgs/include/industrial_reconstruction_msgs/industrial_reconstruction_msgs/srv/detail/stop_reconstruction__builder.hpp
-- Up-to-date symlink: /home/ubuntu/tesseract_ws/install/industrial_reconstruction_msgs/include/industrial_reconstruction_msgs/industrial_reconstruction_msgs/srv/detail/stop_reconstruction__struct.hpp
-- Up-to-date symlink: /home/ubuntu/tesseract_ws/install/industrial_reconstruction_msgs/include/industrial_reconstruction_msgs/industrial_reconstruction_msgs/srv/detail/stop_reconstruction__traits.hpp
-- Up-to-date symlink: /home/ubuntu/tesseract_ws/install/industrial_reconstruction_msgs/include/industrial_reconstruction_msgs/industrial_reconstruction_msgs/srv/start_reconstruction.hpp
-- Up-to-date symlink: /home/ubuntu/tesseract_ws/install/industrial_reconstruction_msgs/include/industrial_reconstruction_msgs/industrial_reconstruction_msgs/srv/stop_reconstruction.hpp
-- Up-to-date symlink: /home/ubuntu/tesseract_ws/install/industrial_reconstruction_msgs/include/industrial_reconstruction_msgs/industrial_reconstruction_msgs/msg/detail/normal_filter_params__rosidl_typesupport_fastrtps_cpp.hpp
-- Up-to-date symlink: /home/ubuntu/tesseract_ws/install/industrial_reconstruction_msgs/include/industrial_reconstruction_msgs/industrial_reconstruction_msgs/msg/detail/rgbd_image_params__rosidl_typesupport_fastrtps_cpp.hpp
-- Up-to-date symlink: /home/ubuntu/tesseract_ws/install/industrial_reconstruction_msgs/include/industrial_reconstruction_msgs/industrial_reconstruction_msgs/msg/detail/tsdf_volume_params__rosidl_typesupport_fastrtps_cpp.hpp
-- Up-to-date symlink: /home/ubuntu/tesseract_ws/install/industrial_reconstruction_msgs/include/industrial_reconstruction_msgs/industrial_reconstruction_msgs/msg/rosidl_typesupport_fastrtps_cpp__visibility_control.h
-- Up-to-date symlink: /home/ubuntu/tesseract_ws/install/industrial_reconstruction_msgs/include/industrial_reconstruction_msgs/industrial_reconstruction_msgs/srv/detail/start_reconstruction__rosidl_typesupport_fastrtps_cpp.hpp
-- Up-to-date symlink: /home/ubuntu/tesseract_ws/install/industrial_reconstruction_msgs/include/industrial_reconstruction_msgs/industrial_reconstruction_msgs/srv/detail/stop_reconstruction__rosidl_typesupport_fastrtps_cpp.hpp
-- Up-to-date symlink: /home/ubuntu/tesseract_ws/install/industrial_reconstruction_msgs/include/industrial_reconstruction_msgs/industrial_reconstruction_msgs/msg/detail/normal_filter_params__rosidl_typesupport_introspection_cpp.hpp
-- Up-to-date symlink: /home/ubuntu/tesseract_ws/install/industrial_reconstruction_msgs/include/industrial_reconstruction_msgs/industrial_reconstruction_msgs/msg/detail/rgbd_image_params__rosidl_typesupport_introspection_cpp.hpp
-- Up-to-date symlink: /home/ubuntu/tesseract_ws/install/industrial_reconstruction_msgs/include/industrial_reconstruction_msgs/industrial_reconstruction_msgs/msg/detail/tsdf_volume_params__rosidl_typesupport_introspection_cpp.hpp
-- Up-to-date symlink: /home/ubuntu/tesseract_ws/install/industrial_reconstruction_msgs/include/industrial_reconstruction_msgs/industrial_reconstruction_msgs/srv/detail/start_reconstruction__rosidl_typesupport_introspection_cpp.hpp
-- Up-to-date symlink: /home/ubuntu/tesseract_ws/install/industrial_reconstruction_msgs/include/industrial_reconstruction_msgs/industrial_reconstruction_msgs/srv/detail/stop_reconstruction__rosidl_typesupport_introspection_cpp.hpp
-- Up-to-date symlink: /home/ubuntu/tesseract_ws/install/industrial_reconstruction_msgs/share/industrial_reconstruction_msgs/environment/pythonpath.sh
-- Up-to-date symlink: /home/ubuntu/tesseract_ws/install/industrial_reconstruction_msgs/share/industrial_reconstruction_msgs/environment/pythonpath.dsv
-- Up-to-date symlink: /home/ubuntu/tesseract_ws/install/industrial_reconstruction_msgs/local/lib/python3.10/dist-packages/industrial_reconstruction_msgs-0.0.0-py3.10.egg-info/PKG-INFO
-- Up-to-date symlink: /home/ubuntu/tesseract_ws/install/industrial_reconstruction_msgs/local/lib/python3.10/dist-packages/industrial_reconstruction_msgs-0.0.0-py3.10.egg-info/SOURCES.txt
-- Up-to-date symlink: /home/ubuntu/tesseract_ws/install/industrial_reconstruction_msgs/local/lib/python3.10/dist-packages/industrial_reconstruction_msgs-0.0.0-py3.10.egg-info/dependency_links.txt
-- Up-to-date symlink: /home/ubuntu/tesseract_ws/install/industrial_reconstruction_msgs/local/lib/python3.10/dist-packages/industrial_reconstruction_msgs-0.0.0-py3.10.egg-info/top_level.txt
-- Up-to-date symlink: /home/ubuntu/tesseract_ws/install/industrial_reconstruction_msgs/local/lib/python3.10/dist-packages/industrial_reconstruction_msgs/__init__.py
-- Up-to-date symlink: /home/ubuntu/tesseract_ws/install/industrial_reconstruction_msgs/local/lib/python3.10/dist-packages/industrial_reconstruction_msgs/_industrial_reconstruction_msgs_s.ep.rosidl_typesupport_c.c
-- Up-to-date symlink: /home/ubuntu/tesseract_ws/install/industrial_reconstruction_msgs/local/lib/python3.10/dist-packages/industrial_reconstruction_msgs/_industrial_reconstruction_msgs_s.ep.rosidl_typesupport_fastrtps_c.c
-- Up-to-date symlink: /home/ubuntu/tesseract_ws/install/industrial_reconstruction_msgs/local/lib/python3.10/dist-packages/industrial_reconstruction_msgs/_industrial_reconstruction_msgs_s.ep.rosidl_typesupport_introspection_c.c
-- Up-to-date symlink: /home/ubuntu/tesseract_ws/install/industrial_reconstruction_msgs/local/lib/python3.10/dist-packages/industrial_reconstruction_msgs/industrial_reconstruction_msgs_s__rosidl_typesupport_c.cpython-310-x86_64-linux-gnu.so
-- Up-to-date symlink: /home/ubuntu/tesseract_ws/install/industrial_reconstruction_msgs/local/lib/python3.10/dist-packages/industrial_reconstruction_msgs/industrial_reconstruction_msgs_s__rosidl_typesupport_fastrtps_c.cpython-310-x86_64-linux-gnu.so
-- Up-to-date symlink: /home/ubuntu/tesseract_ws/install/industrial_reconstruction_msgs/local/lib/python3.10/dist-packages/industrial_reconstruction_msgs/industrial_reconstruction_msgs_s__rosidl_typesupport_introspection_c.cpython-310-x86_64-linux-gnu.so
-- Up-to-date symlink: /home/ubuntu/tesseract_ws/install/industrial_reconstruction_msgs/local/lib/python3.10/dist-packages/industrial_reconstruction_msgs/libindustrial_reconstruction_msgs__rosidl_generator_py.so
-- Up-to-date symlink: /home/ubuntu/tesseract_ws/install/industrial_reconstruction_msgs/local/lib/python3.10/dist-packages/industrial_reconstruction_msgs/msg/__init__.py
-- Up-to-date symlink: /home/ubuntu/tesseract_ws/install/industrial_reconstruction_msgs/local/lib/python3.10/dist-packages/industrial_reconstruction_msgs/msg/_normal_filter_params.py
-- Up-to-date symlink: /home/ubuntu/tesseract_ws/install/industrial_reconstruction_msgs/local/lib/python3.10/dist-packages/industrial_reconstruction_msgs/msg/_normal_filter_params_s.c
-- Up-to-date symlink: /home/ubuntu/tesseract_ws/install/industrial_reconstruction_msgs/local/lib/python3.10/dist-packages/industrial_reconstruction_msgs/msg/_rgbd_image_params.py
-- Up-to-date symlink: /home/ubuntu/tesseract_ws/install/industrial_reconstruction_msgs/local/lib/python3.10/dist-packages/industrial_reconstruction_msgs/msg/_rgbd_image_params_s.c
-- Up-to-date symlink: /home/ubuntu/tesseract_ws/install/industrial_reconstruction_msgs/local/lib/python3.10/dist-packages/industrial_reconstruction_msgs/msg/_tsdf_volume_params.py
-- Up-to-date symlink: /home/ubuntu/tesseract_ws/install/industrial_reconstruction_msgs/local/lib/python3.10/dist-packages/industrial_reconstruction_msgs/msg/_tsdf_volume_params_s.c
-- Up-to-date symlink: /home/ubuntu/tesseract_ws/install/industrial_reconstruction_msgs/local/lib/python3.10/dist-packages/industrial_reconstruction_msgs/srv/__init__.py
-- Up-to-date symlink: /home/ubuntu/tesseract_ws/install/industrial_reconstruction_msgs/local/lib/python3.10/dist-packages/industrial_reconstruction_msgs/srv/_start_reconstruction.py
-- Up-to-date symlink: /home/ubuntu/tesseract_ws/install/industrial_reconstruction_msgs/local/lib/python3.10/dist-packages/industrial_reconstruction_msgs/srv/_start_reconstruction_s.c
-- Up-to-date symlink: /home/ubuntu/tesseract_ws/install/industrial_reconstruction_msgs/local/lib/python3.10/dist-packages/industrial_reconstruction_msgs/srv/_stop_reconstruction.py
-- Up-to-date symlink: /home/ubuntu/tesseract_ws/install/industrial_reconstruction_msgs/local/lib/python3.10/dist-packages/industrial_reconstruction_msgs/srv/_stop_reconstruction_s.c
-- Up-to-date symlink: /home/ubuntu/tesseract_ws/install/industrial_reconstruction_msgs/local/lib/python3.10/dist-packages/industrial_reconstruction_msgs/industrial_reconstruction_msgs_s__rosidl_typesupport_fastrtps_c.cpython-310-x86_64-linux-gnu.so
-- Up-to-date symlink: /home/ubuntu/tesseract_ws/install/industrial_reconstruction_msgs/local/lib/python3.10/dist-packages/industrial_reconstruction_msgs/industrial_reconstruction_msgs_s__rosidl_typesupport_introspection_c.cpython-310-x86_64-linux-gnu.so
-- Up-to-date symlink: /home/ubuntu/tesseract_ws/install/industrial_reconstruction_msgs/local/lib/python3.10/dist-packages/industrial_reconstruction_msgs/industrial_reconstruction_msgs_s__rosidl_typesupport_c.cpython-310-x86_64-linux-gnu.so
-- Up-to-date symlink: /home/ubuntu/tesseract_ws/install/industrial_reconstruction_msgs/share/industrial_reconstruction_msgs/msg/RGBDImageParams.idl
-- Up-to-date symlink: /home/ubuntu/tesseract_ws/install/industrial_reconstruction_msgs/share/industrial_reconstruction_msgs/msg/TSDFVolumeParams.idl
-- Up-to-date symlink: /home/ubuntu/tesseract_ws/install/industrial_reconstruction_msgs/share/industrial_reconstruction_msgs/msg/NormalFilterParams.idl
-- Up-to-date symlink: /home/ubuntu/tesseract_ws/install/industrial_reconstruction_msgs/share/industrial_reconstruction_msgs/srv/StartReconstruction.idl
-- Up-to-date symlink: /home/ubuntu/tesseract_ws/install/industrial_reconstruction_msgs/share/industrial_reconstruction_msgs/srv/StopReconstruction.idl
-- Up-to-date symlink: /home/ubuntu/tesseract_ws/install/industrial_reconstruction_msgs/share/industrial_reconstruction_msgs/msg/RGBDImageParams.msg
-- Up-to-date symlink: /home/ubuntu/tesseract_ws/install/industrial_reconstruction_msgs/share/industrial_reconstruction_msgs/msg/TSDFVolumeParams.msg
-- Up-to-date symlink: /home/ubuntu/tesseract_ws/install/industrial_reconstruction_msgs/share/industrial_reconstruction_msgs/msg/NormalFilterParams.msg
-- Up-to-date symlink: /home/ubuntu/tesseract_ws/install/industrial_reconstruction_msgs/share/industrial_reconstruction_msgs/srv/StartReconstruction.srv
-- Up-to-date symlink: /home/ubuntu/tesseract_ws/install/industrial_reconstruction_msgs/share/industrial_reconstruction_msgs/srv/StartReconstruction_Request.msg
-- Up-to-date symlink: /home/ubuntu/tesseract_ws/install/industrial_reconstruction_msgs/share/industrial_reconstruction_msgs/srv/StartReconstruction_Response.msg
-- Up-to-date symlink: /home/ubuntu/tesseract_ws/install/industrial_reconstruction_msgs/share/industrial_reconstruction_msgs/srv/StopReconstruction.srv
-- Up-to-date symlink: /home/ubuntu/tesseract_ws/install/industrial_reconstruction_msgs/share/industrial_reconstruction_msgs/srv/StopReconstruction_Request.msg
-- Up-to-date symlink: /home/ubuntu/tesseract_ws/install/industrial_reconstruction_msgs/share/industrial_reconstruction_msgs/srv/StopReconstruction_Response.msg
-- Up-to-date symlink: /home/ubuntu/tesseract_ws/install/industrial_reconstruction_msgs/share/ament_index/resource_index/package_run_dependencies/industrial_reconstruction_msgs
-- Up-to-date symlink: /home/ubuntu/tesseract_ws/install/industrial_reconstruction_msgs/share/ament_index/resource_index/parent_prefix_path/industrial_reconstruction_msgs
-- Up-to-date symlink: /home/ubuntu/tesseract_ws/install/industrial_reconstruction_msgs/share/industrial_reconstruction_msgs/environment/ament_prefix_path.sh
-- Up-to-date symlink: /home/ubuntu/tesseract_ws/install/industrial_reconstruction_msgs/share/industrial_reconstruction_msgs/environment/ament_prefix_path.dsv
-- Up-to-date symlink: /home/ubuntu/tesseract_ws/install/industrial_reconstruction_msgs/share/industrial_reconstruction_msgs/environment/path.sh
-- Up-to-date symlink: /home/ubuntu/tesseract_ws/install/industrial_reconstruction_msgs/share/industrial_reconstruction_msgs/environment/path.dsv
-- Up-to-date symlink: /home/ubuntu/tesseract_ws/install/industrial_reconstruction_msgs/share/industrial_reconstruction_msgs/local_setup.bash
-- Up-to-date symlink: /home/ubuntu/tesseract_ws/install/industrial_reconstruction_msgs/share/industrial_reconstruction_msgs/local_setup.sh
-- Up-to-date symlink: /home/ubuntu/tesseract_ws/install/industrial_reconstruction_msgs/share/industrial_reconstruction_msgs/local_setup.zsh
-- Up-to-date symlink: /home/ubuntu/tesseract_ws/install/industrial_reconstruction_msgs/share/industrial_reconstruction_msgs/local_setup.dsv
-- Symlinking: /home/ubuntu/tesseract_ws/install/industrial_reconstruction_msgs/share/industrial_reconstruction_msgs/package.dsv
-- Up-to-date symlink: /home/ubuntu/tesseract_ws/install/industrial_reconstruction_msgs/share/ament_index/resource_index/packages/industrial_reconstruction_msgs
-- Up-to-date symlink: /home/ubuntu/tesseract_ws/install/industrial_reconstruction_msgs/share/industrial_reconstruction_msgs/cmake/rosidl_cmake-extras.cmake
-- Up-to-date symlink: /home/ubuntu/tesseract_ws/install/industrial_reconstruction_msgs/share/industrial_reconstruction_msgs/cmake/ament_cmake_export_dependencies-extras.cmake
-- Up-to-date symlink: /home/ubuntu/tesseract_ws/install/industrial_reconstruction_msgs/share/industrial_reconstruction_msgs/cmake/ament_cmake_export_include_directories-extras.cmake
-- Up-to-date symlink: /home/ubuntu/tesseract_ws/install/industrial_reconstruction_msgs/share/industrial_reconstruction_msgs/cmake/ament_cmake_export_libraries-extras.cmake
-- Up-to-date symlink: /home/ubuntu/tesseract_ws/install/industrial_reconstruction_msgs/share/industrial_reconstruction_msgs/cmake/ament_cmake_export_targets-extras.cmake
-- Up-to-date symlink: /home/ubuntu/tesseract_ws/install/industrial_reconstruction_msgs/share/industrial_reconstruction_msgs/cmake/rosidl_cmake_export_typesupport_targets-extras.cmake
-- Up-to-date symlink: /home/ubuntu/tesseract_ws/install/industrial_reconstruction_msgs/share/industrial_reconstruction_msgs/cmake/rosidl_cmake_export_typesupport_libraries-extras.cmake
-- Up-to-date symlink: /home/ubuntu/tesseract_ws/install/industrial_reconstruction_msgs/share/industrial_reconstruction_msgs/cmake/industrial_reconstruction_msgsConfig.cmake
-- Up-to-date symlink: /home/ubuntu/tesseract_ws/install/industrial_reconstruction_msgs/share/industrial_reconstruction_msgs/cmake/industrial_reconstruction_msgsConfig-version.cmake
-- Up-to-date symlink: /home/ubuntu/tesseract_ws/install/industrial_reconstruction_msgs/share/industrial_reconstruction_msgs/package.xml
-- Installing: /home/ubuntu/tesseract_ws/install/industrial_reconstruction_msgs/lib/libindustrial_reconstruction_msgs__rosidl_generator_c.so
-- Set runtime path of "/home/ubuntu/tesseract_ws/install/industrial_reconstruction_msgs/lib/libindustrial_reconstruction_msgs__rosidl_generator_c.so" to ""
-- Installing: /home/ubuntu/tesseract_ws/install/industrial_reconstruction_msgs/lib/libindustrial_reconstruction_msgs__rosidl_typesupport_fastrtps_c.so
-- Set runtime path of "/home/ubuntu/tesseract_ws/install/industrial_reconstruction_msgs/lib/libindustrial_reconstruction_msgs__rosidl_typesupport_fastrtps_c.so" to ""
-- Installing: /home/ubuntu/tesseract_ws/install/industrial_reconstruction_msgs/lib/libindustrial_reconstruction_msgs__rosidl_typesupport_introspection_c.so
-- Set runtime path of "/home/ubuntu/tesseract_ws/install/industrial_reconstruction_msgs/lib/libindustrial_reconstruction_msgs__rosidl_typesupport_introspection_c.so" to ""
-- Installing: /home/ubuntu/tesseract_ws/install/industrial_reconstruction_msgs/lib/libindustrial_reconstruction_msgs__rosidl_typesupport_c.so
-- Set runtime path of "/home/ubuntu/tesseract_ws/install/industrial_reconstruction_msgs/lib/libindustrial_reconstruction_msgs__rosidl_typesupport_c.so" to ""
-- Installing: /home/ubuntu/tesseract_ws/install/industrial_reconstruction_msgs/lib/libindustrial_reconstruction_msgs__rosidl_typesupport_fastrtps_cpp.so
-- Set runtime path of "/home/ubuntu/tesseract_ws/install/industrial_reconstruction_msgs/lib/libindustrial_reconstruction_msgs__rosidl_typesupport_fastrtps_cpp.so" to ""
-- Installing: /home/ubuntu/tesseract_ws/install/industrial_reconstruction_msgs/lib/libindustrial_reconstruction_msgs__rosidl_typesupport_introspection_cpp.so
-- Set runtime path of "/home/ubuntu/tesseract_ws/install/industrial_reconstruction_msgs/lib/libindustrial_reconstruction_msgs__rosidl_typesupport_introspection_cpp.so" to ""
-- Installing: /home/ubuntu/tesseract_ws/install/industrial_reconstruction_msgs/lib/libindustrial_reconstruction_msgs__rosidl_typesupport_cpp.so
-- Set runtime path of "/home/ubuntu/tesseract_ws/install/industrial_reconstruction_msgs/lib/libindustrial_reconstruction_msgs__rosidl_typesupport_cpp.so" to ""
Listing '/home/ubuntu/tesseract_ws/install/industrial_reconstruction_msgs/local/lib/python3.10/dist-packages/industrial_reconstruction_msgs'...
Compiling '/home/ubuntu/tesseract_ws/install/industrial_reconstruction_msgs/local/lib/python3.10/dist-packages/industrial_reconstruction_msgs/__init__.py'...
Listing '/home/ubuntu/tesseract_ws/install/industrial_reconstruction_msgs/local/lib/python3.10/dist-packages/industrial_reconstruction_msgs/msg'...
Listing '/home/ubuntu/tesseract_ws/install/industrial_reconstruction_msgs/local/lib/python3.10/dist-packages/industrial_reconstruction_msgs/srv'...
-- Installing: /home/ubuntu/tesseract_ws/install/industrial_reconstruction_msgs/lib/libindustrial_reconstruction_msgs__rosidl_generator_py.so
-- Set runtime path of "/home/ubuntu/tesseract_ws/install/industrial_reconstruction_msgs/lib/libindustrial_reconstruction_msgs__rosidl_generator_py.so" to ""
-- Up-to-date: /home/ubuntu/tesseract_ws/install/industrial_reconstruction_msgs/share/industrial_reconstruction_msgs/cmake/export_industrial_reconstruction_msgs__rosidl_generator_cExport.cmake
-- Installing: /home/ubuntu/tesseract_ws/install/industrial_reconstruction_msgs/share/industrial_reconstruction_msgs/cmake/export_industrial_reconstruction_msgs__rosidl_generator_cExport-relwithdebinfo.cmake
-- Up-to-date: /home/ubuntu/tesseract_ws/install/industrial_reconstruction_msgs/share/industrial_reconstruction_msgs/cmake/export_industrial_reconstruction_msgs__rosidl_typesupport_fastrtps_cExport.cmake
-- Installing: /home/ubuntu/tesseract_ws/install/industrial_reconstruction_msgs/share/industrial_reconstruction_msgs/cmake/export_industrial_reconstruction_msgs__rosidl_typesupport_fastrtps_cExport-relwithdebinfo.cmake
-- Up-to-date: /home/ubuntu/tesseract_ws/install/industrial_reconstruction_msgs/share/industrial_reconstruction_msgs/cmake/industrial_reconstruction_msgs__rosidl_typesupport_introspection_cExport.cmake
-- Installing: /home/ubuntu/tesseract_ws/install/industrial_reconstruction_msgs/share/industrial_reconstruction_msgs/cmake/industrial_reconstruction_msgs__rosidl_typesupport_introspection_cExport-relwithdebinfo.cmake
-- Up-to-date: /home/ubuntu/tesseract_ws/install/industrial_reconstruction_msgs/share/industrial_reconstruction_msgs/cmake/industrial_reconstruction_msgs__rosidl_typesupport_cExport.cmake
-- Installing: /home/ubuntu/tesseract_ws/install/industrial_reconstruction_msgs/share/industrial_reconstruction_msgs/cmake/industrial_reconstruction_msgs__rosidl_typesupport_cExport-relwithdebinfo.cmake
-- Up-to-date: /home/ubuntu/tesseract_ws/install/industrial_reconstruction_msgs/share/industrial_reconstruction_msgs/cmake/export_industrial_reconstruction_msgs__rosidl_generator_cppExport.cmake
-- Up-to-date: /home/ubuntu/tesseract_ws/install/industrial_reconstruction_msgs/share/industrial_reconstruction_msgs/cmake/export_industrial_reconstruction_msgs__rosidl_typesupport_fastrtps_cppExport.cmake
-- Installing: /home/ubuntu/tesseract_ws/install/industrial_reconstruction_msgs/share/industrial_reconstruction_msgs/cmake/export_industrial_reconstruction_msgs__rosidl_typesupport_fastrtps_cppExport-relwithdebinfo.cmake
-- Up-to-date: /home/ubuntu/tesseract_ws/install/industrial_reconstruction_msgs/share/industrial_reconstruction_msgs/cmake/industrial_reconstruction_msgs__rosidl_typesupport_introspection_cppExport.cmake
-- Installing: /home/ubuntu/tesseract_ws/install/industrial_reconstruction_msgs/share/industrial_reconstruction_msgs/cmake/industrial_reconstruction_msgs__rosidl_typesupport_introspection_cppExport-relwithdebinfo.cmake
-- Up-to-date: /home/ubuntu/tesseract_ws/install/industrial_reconstruction_msgs/share/industrial_reconstruction_msgs/cmake/industrial_reconstruction_msgs__rosidl_typesupport_cppExport.cmake
-- Installing: /home/ubuntu/tesseract_ws/install/industrial_reconstruction_msgs/share/industrial_reconstruction_msgs/cmake/industrial_reconstruction_msgs__rosidl_typesupport_cppExport-relwithdebinfo.cmake
-- Up-to-date: /home/ubuntu/tesseract_ws/install/industrial_reconstruction_msgs/share/industrial_reconstruction_msgs/cmake/export_industrial_reconstruction_msgs__rosidl_generator_pyExport.cmake
-- Installing: /home/ubuntu/tesseract_ws/install/industrial_reconstruction_msgs/share/industrial_reconstruction_msgs/cmake/export_industrial_reconstruction_msgs__rosidl_generator_pyExport-relwithdebinfo.cmake
