[0.026s] Invoking command in '/home/ubuntu/tesseract_ws/build/industrial_reconstruction_msgs': CMAKE_PREFIX_PATH=${CMAKE_PREFIX_PATH}:/home/ubuntu/tesseract_ws/install/industrial_reconstruction:/opt/ros/humble /usr/bin/cmake /home/ubuntu/tesseract_ws/src/industrial_reconstruction/industrial_reconstruction_msgs -G CodeBlocks - Unix Makefiles -DCMAKE_BUILD_TYPE=RelWithDebInfo -DCMAKE_INSTALL_PREFIX=/home/ubuntu/tesseract_ws/install/industrial_reconstruction_msgs
[0.337s] -- Found ament_cmake: 1.3.5 (/opt/ros/humble/share/ament_cmake/cmake)
[0.760s] -- Override CMake install command with custom implementation using symlinks instead of copying resources
[0.909s] -- Found rosidl_default_generators: 1.2.0 (/opt/ros/humble/share/rosidl_default_generators/cmake)
[0.924s] -- Using all available rosidl_typesupport_c: rosidl_typesupport_fastrtps_c;rosidl_typesupport_introspection_c
[0.931s] -- Found rosidl_adapter: 3.1.4 (/opt/ros/humble/share/rosidl_adapter/cmake)
[0.999s] -- Using all available rosidl_typesupport_cpp: rosidl_typesupport_fastrtps_cpp;rosidl_typesupport_introspection_cpp
[1.047s] -- Found std_msgs: 4.2.3 (/opt/ros/humble/share/std_msgs/cmake)
[1.154s] -- Found geometry_msgs: 4.2.3 (/opt/ros/humble/share/geometry_msgs/cmake)
[1.835s] -- Found ament_cmake_ros: 0.10.0 (/opt/ros/humble/share/ament_cmake_ros/cmake)
[2.324s] -- Using all available rosidl_typesupport_c: rosidl_typesupport_fastrtps_c;rosidl_typesupport_introspection_c
[2.777s] -- Using all available rosidl_typesupport_cpp: rosidl_typesupport_fastrtps_cpp;rosidl_typesupport_introspection_cpp
[2.820s] -- Found python_cmake_module: 0.10.0 (/opt/ros/humble/share/python_cmake_module/cmake)
[2.941s] -- Using PYTHON_EXECUTABLE: /usr/bin/python3
[2.941s] -- Using PYTHON_INCLUDE_DIRS: /usr/include/python3.10
[2.941s] -- Using PYTHON_LIBRARIES: /usr/lib/x86_64-linux-gnu/libpython3.10.so
[3.061s] -- Configuring done
[3.188s] -- Generating done
[3.364s] -- Build files have been written to: /home/ubuntu/tesseract_ws/build/industrial_reconstruction_msgs
[3.377s] Invoked command in '/home/ubuntu/tesseract_ws/build/industrial_reconstruction_msgs' returned '0': CMAKE_PREFIX_PATH=${CMAKE_PREFIX_PATH}:/home/ubuntu/tesseract_ws/install/industrial_reconstruction:/opt/ros/humble /usr/bin/cmake /home/ubuntu/tesseract_ws/src/industrial_reconstruction/industrial_reconstruction_msgs -G CodeBlocks - Unix Makefiles -DCMAKE_BUILD_TYPE=RelWithDebInfo -DCMAKE_INSTALL_PREFIX=/home/ubuntu/tesseract_ws/install/industrial_reconstruction_msgs
[3.378s] Invoking command in '/home/ubuntu/tesseract_ws/build/industrial_reconstruction_msgs': CMAKE_PREFIX_PATH=${CMAKE_PREFIX_PATH}:/home/ubuntu/tesseract_ws/install/industrial_reconstruction:/opt/ros/humble /usr/bin/cmake --build /home/ubuntu/tesseract_ws/build/industrial_reconstruction_msgs -- -j4 -l4
[3.495s] [  1%] Built target industrial_reconstruction_msgs__cpp
[3.502s] Consolidate compiler generated dependencies of target industrial_reconstruction_msgs__rosidl_generator_c
[3.547s] [  1%] Built target ament_cmake_python_symlink_industrial_reconstruction_msgs
[3.557s] Consolidate compiler generated dependencies of target industrial_reconstruction_msgs__rosidl_typesupport_fastrtps_cpp
[3.557s] Consolidate compiler generated dependencies of target industrial_reconstruction_msgs__rosidl_typesupport_cpp
[3.575s] [  3%] Building C object CMakeFiles/industrial_reconstruction_msgs__rosidl_generator_c.dir/rosidl_generator_c/industrial_reconstruction_msgs/msg/detail/rgbd_image_params__functions.c.o
[3.601s] Consolidate compiler generated dependencies of target industrial_reconstruction_msgs__rosidl_typesupport_introspection_cpp
[3.633s] [  4%] Building CXX object CMakeFiles/industrial_reconstruction_msgs__rosidl_typesupport_cpp.dir/rosidl_typesupport_cpp/industrial_reconstruction_msgs/msg/rgbd_image_params__type_support.cpp.o
[3.713s] [  6%] Building CXX object CMakeFiles/industrial_reconstruction_msgs__rosidl_typesupport_fastrtps_cpp.dir/rosidl_typesupport_fastrtps_cpp/industrial_reconstruction_msgs/msg/detail/dds_fastrtps/rgbd_image_params__type_support.cpp.o
[3.725s] [  7%] Building CXX object CMakeFiles/industrial_reconstruction_msgs__rosidl_typesupport_introspection_cpp.dir/rosidl_typesupport_introspection_cpp/industrial_reconstruction_msgs/msg/detail/rgbd_image_params__type_support.cpp.o
[5.388s] [  9%] Building C object CMakeFiles/industrial_reconstruction_msgs__rosidl_generator_c.dir/rosidl_generator_c/industrial_reconstruction_msgs/msg/detail/tsdf_volume_params__functions.c.o
[6.006s] [ 11%] Building CXX object CMakeFiles/industrial_reconstruction_msgs__rosidl_typesupport_cpp.dir/rosidl_typesupport_cpp/industrial_reconstruction_msgs/msg/tsdf_volume_params__type_support.cpp.o
[6.130s] [ 12%] Building C object CMakeFiles/industrial_reconstruction_msgs__rosidl_generator_c.dir/rosidl_generator_c/industrial_reconstruction_msgs/msg/detail/normal_filter_params__functions.c.o
[6.388s] [ 14%] Building CXX object CMakeFiles/industrial_reconstruction_msgs__rosidl_typesupport_introspection_cpp.dir/rosidl_typesupport_introspection_cpp/industrial_reconstruction_msgs/msg/detail/tsdf_volume_params__type_support.cpp.o
[6.632s] [ 15%] Building CXX object CMakeFiles/industrial_reconstruction_msgs__rosidl_typesupport_fastrtps_cpp.dir/rosidl_typesupport_fastrtps_cpp/industrial_reconstruction_msgs/msg/detail/dds_fastrtps/tsdf_volume_params__type_support.cpp.o
[6.819s] [ 17%] Building C object CMakeFiles/industrial_reconstruction_msgs__rosidl_generator_c.dir/rosidl_generator_c/industrial_reconstruction_msgs/srv/detail/start_reconstruction__functions.c.o
[7.976s] [ 19%] Building C object CMakeFiles/industrial_reconstruction_msgs__rosidl_generator_c.dir/rosidl_generator_c/industrial_reconstruction_msgs/srv/detail/stop_reconstruction__functions.c.o
[8.149s] [ 20%] Building CXX object CMakeFiles/industrial_reconstruction_msgs__rosidl_typesupport_cpp.dir/rosidl_typesupport_cpp/industrial_reconstruction_msgs/msg/normal_filter_params__type_support.cpp.o
[9.150s] [ 22%] Linking C shared library libindustrial_reconstruction_msgs__rosidl_generator_c.so
[9.348s] [ 23%] Building CXX object CMakeFiles/industrial_reconstruction_msgs__rosidl_typesupport_introspection_cpp.dir/rosidl_typesupport_introspection_cpp/industrial_reconstruction_msgs/msg/detail/normal_filter_params__type_support.cpp.o
[9.821s] [ 25%] Building CXX object CMakeFiles/industrial_reconstruction_msgs__rosidl_typesupport_fastrtps_cpp.dir/rosidl_typesupport_fastrtps_cpp/industrial_reconstruction_msgs/msg/detail/dds_fastrtps/normal_filter_params__type_support.cpp.o
[9.914s] [ 26%] Built target industrial_reconstruction_msgs__rosidl_generator_c
[10.411s] [ 28%] Building CXX object CMakeFiles/industrial_reconstruction_msgs__rosidl_typesupport_cpp.dir/rosidl_typesupport_cpp/industrial_reconstruction_msgs/srv/start_reconstruction__type_support.cpp.o
[11.973s] running egg_info
[11.975s] writing industrial_reconstruction_msgs.egg-info/PKG-INFO
[11.975s] writing dependency_links to industrial_reconstruction_msgs.egg-info/dependency_links.txt
[11.975s] writing top-level names to industrial_reconstruction_msgs.egg-info/top_level.txt
[12.003s] reading manifest file 'industrial_reconstruction_msgs.egg-info/SOURCES.txt'
[12.004s] writing manifest file 'industrial_reconstruction_msgs.egg-info/SOURCES.txt'
[12.251s] [ 28%] Built target ament_cmake_python_build_industrial_reconstruction_msgs_egg
[12.359s] [ 30%] Building CXX object CMakeFiles/industrial_reconstruction_msgs__rosidl_typesupport_cpp.dir/rosidl_typesupport_cpp/industrial_reconstruction_msgs/srv/stop_reconstruction__type_support.cpp.o
[12.516s] [ 31%] Building CXX object CMakeFiles/industrial_reconstruction_msgs__rosidl_typesupport_introspection_cpp.dir/rosidl_typesupport_introspection_cpp/industrial_reconstruction_msgs/srv/detail/start_reconstruction__type_support.cpp.o
[12.584s] [ 33%] Building CXX object CMakeFiles/industrial_reconstruction_msgs__rosidl_typesupport_fastrtps_cpp.dir/rosidl_typesupport_fastrtps_cpp/industrial_reconstruction_msgs/srv/detail/dds_fastrtps/start_reconstruction__type_support.cpp.o
[12.920s] [ 34%] Building CXX object CMakeFiles/industrial_reconstruction_msgs__rosidl_typesupport_fastrtps_cpp.dir/rosidl_typesupport_fastrtps_cpp/industrial_reconstruction_msgs/srv/detail/dds_fastrtps/stop_reconstruction__type_support.cpp.o
[14.477s] [ 36%] Linking CXX shared library libindustrial_reconstruction_msgs__rosidl_typesupport_cpp.so
[14.901s] [ 38%] Built target industrial_reconstruction_msgs__rosidl_typesupport_cpp
[15.672s] [ 39%] Building CXX object CMakeFiles/industrial_reconstruction_msgs__rosidl_typesupport_introspection_cpp.dir/rosidl_typesupport_introspection_cpp/industrial_reconstruction_msgs/srv/detail/stop_reconstruction__type_support.cpp.o
[16.325s] [ 41%] Linking CXX shared library libindustrial_reconstruction_msgs__rosidl_typesupport_fastrtps_cpp.so
[16.868s] [ 42%] Built target industrial_reconstruction_msgs__rosidl_typesupport_fastrtps_cpp
[18.181s] [ 44%] Linking CXX shared library libindustrial_reconstruction_msgs__rosidl_typesupport_introspection_cpp.so
[18.591s] [ 46%] Built target industrial_reconstruction_msgs__rosidl_typesupport_introspection_cpp
[18.695s] Consolidate compiler generated dependencies of target industrial_reconstruction_msgs__rosidl_typesupport_c
[18.828s] [ 47%] Building CXX object CMakeFiles/industrial_reconstruction_msgs__rosidl_typesupport_c.dir/rosidl_typesupport_c/industrial_reconstruction_msgs/msg/rgbd_image_params__type_support.cpp.o
[19.064s] [ 49%] Building CXX object CMakeFiles/industrial_reconstruction_msgs__rosidl_typesupport_c.dir/rosidl_typesupport_c/industrial_reconstruction_msgs/msg/tsdf_volume_params__type_support.cpp.o
[19.258s] [ 50%] Building CXX object CMakeFiles/industrial_reconstruction_msgs__rosidl_typesupport_c.dir/rosidl_typesupport_c/industrial_reconstruction_msgs/msg/normal_filter_params__type_support.cpp.o
[19.440s] [ 52%] Building CXX object CMakeFiles/industrial_reconstruction_msgs__rosidl_typesupport_c.dir/rosidl_typesupport_c/industrial_reconstruction_msgs/srv/start_reconstruction__type_support.cpp.o
[19.663s] [ 53%] Building CXX object CMakeFiles/industrial_reconstruction_msgs__rosidl_typesupport_c.dir/rosidl_typesupport_c/industrial_reconstruction_msgs/srv/stop_reconstruction__type_support.cpp.o
[19.801s] [ 55%] Linking CXX shared library libindustrial_reconstruction_msgs__rosidl_typesupport_c.so
[20.161s] [ 57%] Built target industrial_reconstruction_msgs__rosidl_typesupport_c
[20.264s] Consolidate compiler generated dependencies of target industrial_reconstruction_msgs__rosidl_typesupport_introspection_c
[20.382s] [ 58%] Building C object CMakeFiles/industrial_reconstruction_msgs__rosidl_typesupport_introspection_c.dir/rosidl_typesupport_introspection_c/industrial_reconstruction_msgs/msg/detail/rgbd_image_params__type_support.c.o
[20.689s] [ 60%] Building C object CMakeFiles/industrial_reconstruction_msgs__rosidl_typesupport_introspection_c.dir/rosidl_typesupport_introspection_c/industrial_reconstruction_msgs/msg/detail/normal_filter_params__type_support.c.o
[20.953s] [ 61%] Building C object CMakeFiles/industrial_reconstruction_msgs__rosidl_typesupport_introspection_c.dir/rosidl_typesupport_introspection_c/industrial_reconstruction_msgs/srv/detail/start_reconstruction__type_support.c.o
[21.251s] [ 63%] Building C object CMakeFiles/industrial_reconstruction_msgs__rosidl_typesupport_introspection_c.dir/rosidl_typesupport_introspection_c/industrial_reconstruction_msgs/srv/detail/stop_reconstruction__type_support.c.o
[21.579s] [ 65%] Building C object CMakeFiles/industrial_reconstruction_msgs__rosidl_typesupport_introspection_c.dir/rosidl_typesupport_introspection_c/industrial_reconstruction_msgs/msg/detail/tsdf_volume_params__type_support.c.o
[21.829s] [ 66%] Linking C shared library libindustrial_reconstruction_msgs__rosidl_typesupport_introspection_c.so
[22.062s] [ 68%] Built target industrial_reconstruction_msgs__rosidl_typesupport_introspection_c
[22.187s] Consolidate compiler generated dependencies of target industrial_reconstruction_msgs__rosidl_typesupport_fastrtps_c
[22.286s] [ 69%] Building CXX object CMakeFiles/industrial_reconstruction_msgs__rosidl_typesupport_fastrtps_c.dir/rosidl_typesupport_fastrtps_c/industrial_reconstruction_msgs/msg/detail/rgbd_image_params__type_support_c.cpp.o
[23.619s] [ 71%] Building CXX object CMakeFiles/industrial_reconstruction_msgs__rosidl_typesupport_fastrtps_c.dir/rosidl_typesupport_fastrtps_c/industrial_reconstruction_msgs/srv/detail/start_reconstruction__type_support_c.cpp.o
[24.864s] [ 73%] Building CXX object CMakeFiles/industrial_reconstruction_msgs__rosidl_typesupport_fastrtps_c.dir/rosidl_typesupport_fastrtps_c/industrial_reconstruction_msgs/srv/detail/stop_reconstruction__type_support_c.cpp.o
[26.498s] [ 74%] Building CXX object CMakeFiles/industrial_reconstruction_msgs__rosidl_typesupport_fastrtps_c.dir/rosidl_typesupport_fastrtps_c/industrial_reconstruction_msgs/msg/detail/normal_filter_params__type_support_c.cpp.o
[27.865s] [ 76%] Building CXX object CMakeFiles/industrial_reconstruction_msgs__rosidl_typesupport_fastrtps_c.dir/rosidl_typesupport_fastrtps_c/industrial_reconstruction_msgs/msg/detail/tsdf_volume_params__type_support_c.cpp.o
[28.906s] [ 77%] Linking CXX shared library libindustrial_reconstruction_msgs__rosidl_typesupport_fastrtps_c.so
[29.171s] [ 79%] Built target industrial_reconstruction_msgs__rosidl_typesupport_fastrtps_c
[29.246s] [ 79%] Built target industrial_reconstruction_msgs
[29.315s] [ 80%] Built target industrial_reconstruction_msgs__py
[29.357s] Consolidate compiler generated dependencies of target industrial_reconstruction_msgs__rosidl_generator_py
[29.386s] [ 82%] Building C object CMakeFiles/industrial_reconstruction_msgs__rosidl_generator_py.dir/rosidl_generator_py/industrial_reconstruction_msgs/msg/_rgbd_image_params_s.c.o
[29.780s] [ 84%] Building C object CMakeFiles/industrial_reconstruction_msgs__rosidl_generator_py.dir/rosidl_generator_py/industrial_reconstruction_msgs/srv/_start_reconstruction_s.c.o
[30.134s] [ 85%] Building C object CMakeFiles/industrial_reconstruction_msgs__rosidl_generator_py.dir/rosidl_generator_py/industrial_reconstruction_msgs/srv/_stop_reconstruction_s.c.o
[30.526s] [ 87%] Building C object CMakeFiles/industrial_reconstruction_msgs__rosidl_generator_py.dir/rosidl_generator_py/industrial_reconstruction_msgs/msg/_normal_filter_params_s.c.o
[30.825s] [ 88%] Building C object CMakeFiles/industrial_reconstruction_msgs__rosidl_generator_py.dir/rosidl_generator_py/industrial_reconstruction_msgs/msg/_tsdf_volume_params_s.c.o
[31.109s] [ 90%] Linking C shared library rosidl_generator_py/industrial_reconstruction_msgs/libindustrial_reconstruction_msgs__rosidl_generator_py.so
[31.231s] [ 90%] Built target industrial_reconstruction_msgs__rosidl_generator_py
[31.266s] Consolidate compiler generated dependencies of target industrial_reconstruction_msgs__rosidl_typesupport_fastrtps_c__pyext
[31.303s] [ 92%] Building C object CMakeFiles/industrial_reconstruction_msgs__rosidl_typesupport_fastrtps_c__pyext.dir/rosidl_generator_py/industrial_reconstruction_msgs/_industrial_reconstruction_msgs_s.ep.rosidl_typesupport_fastrtps_c.c.o
[31.692s] [ 93%] Linking C shared library rosidl_generator_py/industrial_reconstruction_msgs/industrial_reconstruction_msgs_s__rosidl_typesupport_fastrtps_c.cpython-310-x86_64-linux-gnu.so
[31.810s] [ 93%] Built target industrial_reconstruction_msgs__rosidl_typesupport_fastrtps_c__pyext
[31.849s] Consolidate compiler generated dependencies of target industrial_reconstruction_msgs__rosidl_typesupport_c__pyext
[31.913s] [ 95%] Building C object CMakeFiles/industrial_reconstruction_msgs__rosidl_typesupport_c__pyext.dir/rosidl_generator_py/industrial_reconstruction_msgs/_industrial_reconstruction_msgs_s.ep.rosidl_typesupport_c.c.o
[32.327s] [ 96%] Linking C shared library rosidl_generator_py/industrial_reconstruction_msgs/industrial_reconstruction_msgs_s__rosidl_typesupport_c.cpython-310-x86_64-linux-gnu.so
[32.427s] [ 96%] Built target industrial_reconstruction_msgs__rosidl_typesupport_c__pyext
[32.461s] Consolidate compiler generated dependencies of target industrial_reconstruction_msgs__rosidl_typesupport_introspection_c__pyext
[32.494s] [ 98%] Building C object CMakeFiles/industrial_reconstruction_msgs__rosidl_typesupport_introspection_c__pyext.dir/rosidl_generator_py/industrial_reconstruction_msgs/_industrial_reconstruction_msgs_s.ep.rosidl_typesupport_introspection_c.c.o
[32.921s] [100%] Linking C shared library rosidl_generator_py/industrial_reconstruction_msgs/industrial_reconstruction_msgs_s__rosidl_typesupport_introspection_c.cpython-310-x86_64-linux-gnu.so
[33.017s] [100%] Built target industrial_reconstruction_msgs__rosidl_typesupport_introspection_c__pyext
[33.043s] Invoked command in '/home/ubuntu/tesseract_ws/build/industrial_reconstruction_msgs' returned '0': CMAKE_PREFIX_PATH=${CMAKE_PREFIX_PATH}:/home/ubuntu/tesseract_ws/install/industrial_reconstruction:/opt/ros/humble /usr/bin/cmake --build /home/ubuntu/tesseract_ws/build/industrial_reconstruction_msgs -- -j4 -l4
[33.846s] Invoking command in '/home/ubuntu/tesseract_ws/build/industrial_reconstruction_msgs': CMAKE_PREFIX_PATH=${CMAKE_PREFIX_PATH}:/home/ubuntu/tesseract_ws/install/industrial_reconstruction:/opt/ros/humble /usr/bin/cmake --install /home/ubuntu/tesseract_ws/build/industrial_reconstruction_msgs
[33.881s] -- Install configuration: "RelWithDebInfo"
[33.886s] -- Execute custom install script
[33.886s] -- Up-to-date symlink: /home/ubuntu/tesseract_ws/install/industrial_reconstruction_msgs/share/ament_index/resource_index/rosidl_interfaces/industrial_reconstruction_msgs
[33.887s] -- Up-to-date symlink: /home/ubuntu/tesseract_ws/install/industrial_reconstruction_msgs/include/industrial_reconstruction_msgs/industrial_reconstruction_msgs/msg/detail/normal_filter_params__functions.h
[33.887s] -- Up-to-date symlink: /home/ubuntu/tesseract_ws/install/industrial_reconstruction_msgs/include/industrial_reconstruction_msgs/industrial_reconstruction_msgs/msg/detail/normal_filter_params__struct.h
[33.887s] -- Up-to-date symlink: /home/ubuntu/tesseract_ws/install/industrial_reconstruction_msgs/include/industrial_reconstruction_msgs/industrial_reconstruction_msgs/msg/detail/normal_filter_params__type_support.h
[33.888s] -- Up-to-date symlink: /home/ubuntu/tesseract_ws/install/industrial_reconstruction_msgs/include/industrial_reconstruction_msgs/industrial_reconstruction_msgs/msg/detail/rgbd_image_params__functions.h
[33.888s] -- Up-to-date symlink: /home/ubuntu/tesseract_ws/install/industrial_reconstruction_msgs/include/industrial_reconstruction_msgs/industrial_reconstruction_msgs/msg/detail/rgbd_image_params__struct.h
[33.888s] -- Up-to-date symlink: /home/ubuntu/tesseract_ws/install/industrial_reconstruction_msgs/include/industrial_reconstruction_msgs/industrial_reconstruction_msgs/msg/detail/rgbd_image_params__type_support.h
[33.888s] -- Up-to-date symlink: /home/ubuntu/tesseract_ws/install/industrial_reconstruction_msgs/include/industrial_reconstruction_msgs/industrial_reconstruction_msgs/msg/detail/tsdf_volume_params__functions.h
[33.889s] -- Up-to-date symlink: /home/ubuntu/tesseract_ws/install/industrial_reconstruction_msgs/include/industrial_reconstruction_msgs/industrial_reconstruction_msgs/msg/detail/tsdf_volume_params__struct.h
[33.889s] -- Up-to-date symlink: /home/ubuntu/tesseract_ws/install/industrial_reconstruction_msgs/include/industrial_reconstruction_msgs/industrial_reconstruction_msgs/msg/detail/tsdf_volume_params__type_support.h
[33.890s] -- Up-to-date symlink: /home/ubuntu/tesseract_ws/install/industrial_reconstruction_msgs/include/industrial_reconstruction_msgs/industrial_reconstruction_msgs/msg/normal_filter_params.h
[33.890s] -- Up-to-date symlink: /home/ubuntu/tesseract_ws/install/industrial_reconstruction_msgs/include/industrial_reconstruction_msgs/industrial_reconstruction_msgs/msg/rgbd_image_params.h
[33.890s] -- Up-to-date symlink: /home/ubuntu/tesseract_ws/install/industrial_reconstruction_msgs/include/industrial_reconstruction_msgs/industrial_reconstruction_msgs/msg/rosidl_generator_c__visibility_control.h
[33.890s] -- Up-to-date symlink: /home/ubuntu/tesseract_ws/install/industrial_reconstruction_msgs/include/industrial_reconstruction_msgs/industrial_reconstruction_msgs/msg/tsdf_volume_params.h
[33.890s] -- Up-to-date symlink: /home/ubuntu/tesseract_ws/install/industrial_reconstruction_msgs/include/industrial_reconstruction_msgs/industrial_reconstruction_msgs/srv/detail/start_reconstruction__functions.h
[33.891s] -- Up-to-date symlink: /home/ubuntu/tesseract_ws/install/industrial_reconstruction_msgs/include/industrial_reconstruction_msgs/industrial_reconstruction_msgs/srv/detail/start_reconstruction__struct.h
[33.891s] -- Up-to-date symlink: /home/ubuntu/tesseract_ws/install/industrial_reconstruction_msgs/include/industrial_reconstruction_msgs/industrial_reconstruction_msgs/srv/detail/start_reconstruction__type_support.h
[33.891s] -- Up-to-date symlink: /home/ubuntu/tesseract_ws/install/industrial_reconstruction_msgs/include/industrial_reconstruction_msgs/industrial_reconstruction_msgs/srv/detail/stop_reconstruction__functions.h
[33.891s] -- Up-to-date symlink: /home/ubuntu/tesseract_ws/install/industrial_reconstruction_msgs/include/industrial_reconstruction_msgs/industrial_reconstruction_msgs/srv/detail/stop_reconstruction__struct.h
[33.891s] -- Up-to-date symlink: /home/ubuntu/tesseract_ws/install/industrial_reconstruction_msgs/include/industrial_reconstruction_msgs/industrial_reconstruction_msgs/srv/detail/stop_reconstruction__type_support.h
[33.892s] -- Up-to-date symlink: /home/ubuntu/tesseract_ws/install/industrial_reconstruction_msgs/include/industrial_reconstruction_msgs/industrial_reconstruction_msgs/srv/start_reconstruction.h
[33.892s] -- Up-to-date symlink: /home/ubuntu/tesseract_ws/install/industrial_reconstruction_msgs/include/industrial_reconstruction_msgs/industrial_reconstruction_msgs/srv/stop_reconstruction.h
[33.894s] -- Up-to-date symlink: /home/ubuntu/tesseract_ws/install/industrial_reconstruction_msgs/share/industrial_reconstruction_msgs/environment/library_path.sh
[33.894s] -- Up-to-date symlink: /home/ubuntu/tesseract_ws/install/industrial_reconstruction_msgs/share/industrial_reconstruction_msgs/environment/library_path.dsv
[33.894s] -- Up-to-date symlink: /home/ubuntu/tesseract_ws/install/industrial_reconstruction_msgs/include/industrial_reconstruction_msgs/industrial_reconstruction_msgs/msg/detail/normal_filter_params__rosidl_typesupport_fastrtps_c.h
[33.894s] -- Up-to-date symlink: /home/ubuntu/tesseract_ws/install/industrial_reconstruction_msgs/include/industrial_reconstruction_msgs/industrial_reconstruction_msgs/msg/detail/rgbd_image_params__rosidl_typesupport_fastrtps_c.h
[33.894s] -- Up-to-date symlink: /home/ubuntu/tesseract_ws/install/industrial_reconstruction_msgs/include/industrial_reconstruction_msgs/industrial_reconstruction_msgs/msg/detail/tsdf_volume_params__rosidl_typesupport_fastrtps_c.h
[33.895s] -- Up-to-date symlink: /home/ubuntu/tesseract_ws/install/industrial_reconstruction_msgs/include/industrial_reconstruction_msgs/industrial_reconstruction_msgs/msg/rosidl_typesupport_fastrtps_c__visibility_control.h
[33.895s] -- Up-to-date symlink: /home/ubuntu/tesseract_ws/install/industrial_reconstruction_msgs/include/industrial_reconstruction_msgs/industrial_reconstruction_msgs/srv/detail/start_reconstruction__rosidl_typesupport_fastrtps_c.h
[33.895s] -- Up-to-date symlink: /home/ubuntu/tesseract_ws/install/industrial_reconstruction_msgs/include/industrial_reconstruction_msgs/industrial_reconstruction_msgs/srv/detail/stop_reconstruction__rosidl_typesupport_fastrtps_c.h
[33.895s] -- Up-to-date symlink: /home/ubuntu/tesseract_ws/install/industrial_reconstruction_msgs/include/industrial_reconstruction_msgs/industrial_reconstruction_msgs/msg/detail/normal_filter_params__rosidl_typesupport_introspection_c.h
[33.895s] -- Up-to-date symlink: /home/ubuntu/tesseract_ws/install/industrial_reconstruction_msgs/include/industrial_reconstruction_msgs/industrial_reconstruction_msgs/msg/detail/rgbd_image_params__rosidl_typesupport_introspection_c.h
[33.896s] -- Up-to-date symlink: /home/ubuntu/tesseract_ws/install/industrial_reconstruction_msgs/include/industrial_reconstruction_msgs/industrial_reconstruction_msgs/msg/detail/tsdf_volume_params__rosidl_typesupport_introspection_c.h
[33.896s] -- Up-to-date symlink: /home/ubuntu/tesseract_ws/install/industrial_reconstruction_msgs/include/industrial_reconstruction_msgs/industrial_reconstruction_msgs/msg/rosidl_typesupport_introspection_c__visibility_control.h
[33.896s] -- Up-to-date symlink: /home/ubuntu/tesseract_ws/install/industrial_reconstruction_msgs/include/industrial_reconstruction_msgs/industrial_reconstruction_msgs/srv/detail/start_reconstruction__rosidl_typesupport_introspection_c.h
[33.896s] -- Up-to-date symlink: /home/ubuntu/tesseract_ws/install/industrial_reconstruction_msgs/include/industrial_reconstruction_msgs/industrial_reconstruction_msgs/srv/detail/stop_reconstruction__rosidl_typesupport_introspection_c.h
[33.897s] -- Up-to-date symlink: /home/ubuntu/tesseract_ws/install/industrial_reconstruction_msgs/include/industrial_reconstruction_msgs/industrial_reconstruction_msgs/msg/detail/normal_filter_params__builder.hpp
[33.897s] -- Up-to-date symlink: /home/ubuntu/tesseract_ws/install/industrial_reconstruction_msgs/include/industrial_reconstruction_msgs/industrial_reconstruction_msgs/msg/detail/normal_filter_params__struct.hpp
[33.897s] -- Up-to-date symlink: /home/ubuntu/tesseract_ws/install/industrial_reconstruction_msgs/include/industrial_reconstruction_msgs/industrial_reconstruction_msgs/msg/detail/normal_filter_params__traits.hpp
[33.897s] -- Up-to-date symlink: /home/ubuntu/tesseract_ws/install/industrial_reconstruction_msgs/include/industrial_reconstruction_msgs/industrial_reconstruction_msgs/msg/detail/rgbd_image_params__builder.hpp
[33.898s] -- Up-to-date symlink: /home/ubuntu/tesseract_ws/install/industrial_reconstruction_msgs/include/industrial_reconstruction_msgs/industrial_reconstruction_msgs/msg/detail/rgbd_image_params__struct.hpp
[33.898s] -- Up-to-date symlink: /home/ubuntu/tesseract_ws/install/industrial_reconstruction_msgs/include/industrial_reconstruction_msgs/industrial_reconstruction_msgs/msg/detail/rgbd_image_params__traits.hpp
[33.898s] -- Up-to-date symlink: /home/ubuntu/tesseract_ws/install/industrial_reconstruction_msgs/include/industrial_reconstruction_msgs/industrial_reconstruction_msgs/msg/detail/tsdf_volume_params__builder.hpp
[33.898s] -- Up-to-date symlink: /home/ubuntu/tesseract_ws/install/industrial_reconstruction_msgs/include/industrial_reconstruction_msgs/industrial_reconstruction_msgs/msg/detail/tsdf_volume_params__struct.hpp
[33.898s] -- Up-to-date symlink: /home/ubuntu/tesseract_ws/install/industrial_reconstruction_msgs/include/industrial_reconstruction_msgs/industrial_reconstruction_msgs/msg/detail/tsdf_volume_params__traits.hpp
[33.899s] -- Up-to-date symlink: /home/ubuntu/tesseract_ws/install/industrial_reconstruction_msgs/include/industrial_reconstruction_msgs/industrial_reconstruction_msgs/msg/normal_filter_params.hpp
[33.899s] -- Up-to-date symlink: /home/ubuntu/tesseract_ws/install/industrial_reconstruction_msgs/include/industrial_reconstruction_msgs/industrial_reconstruction_msgs/msg/rgbd_image_params.hpp
[33.899s] -- Up-to-date symlink: /home/ubuntu/tesseract_ws/install/industrial_reconstruction_msgs/include/industrial_reconstruction_msgs/industrial_reconstruction_msgs/msg/tsdf_volume_params.hpp
[33.899s] -- Up-to-date symlink: /home/ubuntu/tesseract_ws/install/industrial_reconstruction_msgs/include/industrial_reconstruction_msgs/industrial_reconstruction_msgs/srv/detail/start_reconstruction__builder.hpp
[33.899s] -- Up-to-date symlink: /home/ubuntu/tesseract_ws/install/industrial_reconstruction_msgs/include/industrial_reconstruction_msgs/industrial_reconstruction_msgs/srv/detail/start_reconstruction__struct.hpp
[33.900s] -- Up-to-date symlink: /home/ubuntu/tesseract_ws/install/industrial_reconstruction_msgs/include/industrial_reconstruction_msgs/industrial_reconstruction_msgs/srv/detail/start_reconstruction__traits.hpp
[33.900s] -- Up-to-date symlink: /home/ubuntu/tesseract_ws/install/industrial_reconstruction_msgs/include/industrial_reconstruction_msgs/industrial_reconstruction_msgs/srv/detail/stop_reconstruction__builder.hpp
[33.900s] -- Up-to-date symlink: /home/ubuntu/tesseract_ws/install/industrial_reconstruction_msgs/include/industrial_reconstruction_msgs/industrial_reconstruction_msgs/srv/detail/stop_reconstruction__struct.hpp
[33.900s] -- Up-to-date symlink: /home/ubuntu/tesseract_ws/install/industrial_reconstruction_msgs/include/industrial_reconstruction_msgs/industrial_reconstruction_msgs/srv/detail/stop_reconstruction__traits.hpp
[33.900s] -- Up-to-date symlink: /home/ubuntu/tesseract_ws/install/industrial_reconstruction_msgs/include/industrial_reconstruction_msgs/industrial_reconstruction_msgs/srv/start_reconstruction.hpp
[33.900s] -- Up-to-date symlink: /home/ubuntu/tesseract_ws/install/industrial_reconstruction_msgs/include/industrial_reconstruction_msgs/industrial_reconstruction_msgs/srv/stop_reconstruction.hpp
[33.901s] -- Up-to-date symlink: /home/ubuntu/tesseract_ws/install/industrial_reconstruction_msgs/include/industrial_reconstruction_msgs/industrial_reconstruction_msgs/msg/detail/normal_filter_params__rosidl_typesupport_fastrtps_cpp.hpp
[33.902s] -- Up-to-date symlink: /home/ubuntu/tesseract_ws/install/industrial_reconstruction_msgs/include/industrial_reconstruction_msgs/industrial_reconstruction_msgs/msg/detail/rgbd_image_params__rosidl_typesupport_fastrtps_cpp.hpp
[33.902s] -- Up-to-date symlink: /home/ubuntu/tesseract_ws/install/industrial_reconstruction_msgs/include/industrial_reconstruction_msgs/industrial_reconstruction_msgs/msg/detail/tsdf_volume_params__rosidl_typesupport_fastrtps_cpp.hpp
[33.902s] -- Up-to-date symlink: /home/ubuntu/tesseract_ws/install/industrial_reconstruction_msgs/include/industrial_reconstruction_msgs/industrial_reconstruction_msgs/msg/rosidl_typesupport_fastrtps_cpp__visibility_control.h
[33.903s] -- Up-to-date symlink: /home/ubuntu/tesseract_ws/install/industrial_reconstruction_msgs/include/industrial_reconstruction_msgs/industrial_reconstruction_msgs/srv/detail/start_reconstruction__rosidl_typesupport_fastrtps_cpp.hpp
[33.903s] -- Up-to-date symlink: /home/ubuntu/tesseract_ws/install/industrial_reconstruction_msgs/include/industrial_reconstruction_msgs/industrial_reconstruction_msgs/srv/detail/stop_reconstruction__rosidl_typesupport_fastrtps_cpp.hpp
[33.904s] -- Up-to-date symlink: /home/ubuntu/tesseract_ws/install/industrial_reconstruction_msgs/include/industrial_reconstruction_msgs/industrial_reconstruction_msgs/msg/detail/normal_filter_params__rosidl_typesupport_introspection_cpp.hpp
[33.904s] -- Up-to-date symlink: /home/ubuntu/tesseract_ws/install/industrial_reconstruction_msgs/include/industrial_reconstruction_msgs/industrial_reconstruction_msgs/msg/detail/rgbd_image_params__rosidl_typesupport_introspection_cpp.hpp
[33.904s] -- Up-to-date symlink: /home/ubuntu/tesseract_ws/install/industrial_reconstruction_msgs/include/industrial_reconstruction_msgs/industrial_reconstruction_msgs/msg/detail/tsdf_volume_params__rosidl_typesupport_introspection_cpp.hpp
[33.904s] -- Up-to-date symlink: /home/ubuntu/tesseract_ws/install/industrial_reconstruction_msgs/include/industrial_reconstruction_msgs/industrial_reconstruction_msgs/srv/detail/start_reconstruction__rosidl_typesupport_introspection_cpp.hpp
[33.905s] -- Up-to-date symlink: /home/ubuntu/tesseract_ws/install/industrial_reconstruction_msgs/include/industrial_reconstruction_msgs/industrial_reconstruction_msgs/srv/detail/stop_reconstruction__rosidl_typesupport_introspection_cpp.hpp
[33.905s] -- Up-to-date symlink: /home/ubuntu/tesseract_ws/install/industrial_reconstruction_msgs/share/industrial_reconstruction_msgs/environment/pythonpath.sh
[33.905s] -- Up-to-date symlink: /home/ubuntu/tesseract_ws/install/industrial_reconstruction_msgs/share/industrial_reconstruction_msgs/environment/pythonpath.dsv
[33.906s] -- Up-to-date symlink: /home/ubuntu/tesseract_ws/install/industrial_reconstruction_msgs/local/lib/python3.10/dist-packages/industrial_reconstruction_msgs-0.0.0-py3.10.egg-info/PKG-INFO
[33.906s] -- Up-to-date symlink: /home/ubuntu/tesseract_ws/install/industrial_reconstruction_msgs/local/lib/python3.10/dist-packages/industrial_reconstruction_msgs-0.0.0-py3.10.egg-info/SOURCES.txt
[33.907s] -- Up-to-date symlink: /home/ubuntu/tesseract_ws/install/industrial_reconstruction_msgs/local/lib/python3.10/dist-packages/industrial_reconstruction_msgs-0.0.0-py3.10.egg-info/dependency_links.txt
[33.907s] -- Up-to-date symlink: /home/ubuntu/tesseract_ws/install/industrial_reconstruction_msgs/local/lib/python3.10/dist-packages/industrial_reconstruction_msgs-0.0.0-py3.10.egg-info/top_level.txt
[33.908s] -- Up-to-date symlink: /home/ubuntu/tesseract_ws/install/industrial_reconstruction_msgs/local/lib/python3.10/dist-packages/industrial_reconstruction_msgs/__init__.py
[33.909s] -- Up-to-date symlink: /home/ubuntu/tesseract_ws/install/industrial_reconstruction_msgs/local/lib/python3.10/dist-packages/industrial_reconstruction_msgs/_industrial_reconstruction_msgs_s.ep.rosidl_typesupport_c.c
[33.909s] -- Up-to-date symlink: /home/ubuntu/tesseract_ws/install/industrial_reconstruction_msgs/local/lib/python3.10/dist-packages/industrial_reconstruction_msgs/_industrial_reconstruction_msgs_s.ep.rosidl_typesupport_fastrtps_c.c
[33.909s] -- Up-to-date symlink: /home/ubuntu/tesseract_ws/install/industrial_reconstruction_msgs/local/lib/python3.10/dist-packages/industrial_reconstruction_msgs/_industrial_reconstruction_msgs_s.ep.rosidl_typesupport_introspection_c.c
[33.909s] -- Up-to-date symlink: /home/ubuntu/tesseract_ws/install/industrial_reconstruction_msgs/local/lib/python3.10/dist-packages/industrial_reconstruction_msgs/industrial_reconstruction_msgs_s__rosidl_typesupport_c.cpython-310-x86_64-linux-gnu.so
[33.910s] -- Up-to-date symlink: /home/ubuntu/tesseract_ws/install/industrial_reconstruction_msgs/local/lib/python3.10/dist-packages/industrial_reconstruction_msgs/industrial_reconstruction_msgs_s__rosidl_typesupport_fastrtps_c.cpython-310-x86_64-linux-gnu.so
[33.910s] -- Up-to-date symlink: /home/ubuntu/tesseract_ws/install/industrial_reconstruction_msgs/local/lib/python3.10/dist-packages/industrial_reconstruction_msgs/industrial_reconstruction_msgs_s__rosidl_typesupport_introspection_c.cpython-310-x86_64-linux-gnu.so
[33.910s] -- Up-to-date symlink: /home/ubuntu/tesseract_ws/install/industrial_reconstruction_msgs/local/lib/python3.10/dist-packages/industrial_reconstruction_msgs/libindustrial_reconstruction_msgs__rosidl_generator_py.so
[33.911s] -- Up-to-date symlink: /home/ubuntu/tesseract_ws/install/industrial_reconstruction_msgs/local/lib/python3.10/dist-packages/industrial_reconstruction_msgs/msg/__init__.py
[33.911s] -- Up-to-date symlink: /home/ubuntu/tesseract_ws/install/industrial_reconstruction_msgs/local/lib/python3.10/dist-packages/industrial_reconstruction_msgs/msg/_normal_filter_params.py
[33.911s] -- Up-to-date symlink: /home/ubuntu/tesseract_ws/install/industrial_reconstruction_msgs/local/lib/python3.10/dist-packages/industrial_reconstruction_msgs/msg/_normal_filter_params_s.c
[33.912s] -- Up-to-date symlink: /home/ubuntu/tesseract_ws/install/industrial_reconstruction_msgs/local/lib/python3.10/dist-packages/industrial_reconstruction_msgs/msg/_rgbd_image_params.py
[33.912s] -- Up-to-date symlink: /home/ubuntu/tesseract_ws/install/industrial_reconstruction_msgs/local/lib/python3.10/dist-packages/industrial_reconstruction_msgs/msg/_rgbd_image_params_s.c
[33.912s] -- Up-to-date symlink: /home/ubuntu/tesseract_ws/install/industrial_reconstruction_msgs/local/lib/python3.10/dist-packages/industrial_reconstruction_msgs/msg/_tsdf_volume_params.py
[33.913s] -- Up-to-date symlink: /home/ubuntu/tesseract_ws/install/industrial_reconstruction_msgs/local/lib/python3.10/dist-packages/industrial_reconstruction_msgs/msg/_tsdf_volume_params_s.c
[33.913s] -- Up-to-date symlink: /home/ubuntu/tesseract_ws/install/industrial_reconstruction_msgs/local/lib/python3.10/dist-packages/industrial_reconstruction_msgs/srv/__init__.py
[33.913s] -- Up-to-date symlink: /home/ubuntu/tesseract_ws/install/industrial_reconstruction_msgs/local/lib/python3.10/dist-packages/industrial_reconstruction_msgs/srv/_start_reconstruction.py
[33.914s] -- Up-to-date symlink: /home/ubuntu/tesseract_ws/install/industrial_reconstruction_msgs/local/lib/python3.10/dist-packages/industrial_reconstruction_msgs/srv/_start_reconstruction_s.c
[33.914s] -- Up-to-date symlink: /home/ubuntu/tesseract_ws/install/industrial_reconstruction_msgs/local/lib/python3.10/dist-packages/industrial_reconstruction_msgs/srv/_stop_reconstruction.py
[33.914s] -- Up-to-date symlink: /home/ubuntu/tesseract_ws/install/industrial_reconstruction_msgs/local/lib/python3.10/dist-packages/industrial_reconstruction_msgs/srv/_stop_reconstruction_s.c
[33.915s] -- Up-to-date symlink: /home/ubuntu/tesseract_ws/install/industrial_reconstruction_msgs/local/lib/python3.10/dist-packages/industrial_reconstruction_msgs/industrial_reconstruction_msgs_s__rosidl_typesupport_fastrtps_c.cpython-310-x86_64-linux-gnu.so
[33.916s] -- Up-to-date symlink: /home/ubuntu/tesseract_ws/install/industrial_reconstruction_msgs/local/lib/python3.10/dist-packages/industrial_reconstruction_msgs/industrial_reconstruction_msgs_s__rosidl_typesupport_introspection_c.cpython-310-x86_64-linux-gnu.so
[33.916s] -- Up-to-date symlink: /home/ubuntu/tesseract_ws/install/industrial_reconstruction_msgs/local/lib/python3.10/dist-packages/industrial_reconstruction_msgs/industrial_reconstruction_msgs_s__rosidl_typesupport_c.cpython-310-x86_64-linux-gnu.so
[33.917s] -- Up-to-date symlink: /home/ubuntu/tesseract_ws/install/industrial_reconstruction_msgs/share/industrial_reconstruction_msgs/msg/RGBDImageParams.idl
[33.918s] -- Up-to-date symlink: /home/ubuntu/tesseract_ws/install/industrial_reconstruction_msgs/share/industrial_reconstruction_msgs/msg/TSDFVolumeParams.idl
[33.919s] -- Up-to-date symlink: /home/ubuntu/tesseract_ws/install/industrial_reconstruction_msgs/share/industrial_reconstruction_msgs/msg/NormalFilterParams.idl
[33.921s] -- Up-to-date symlink: /home/ubuntu/tesseract_ws/install/industrial_reconstruction_msgs/share/industrial_reconstruction_msgs/srv/StartReconstruction.idl
[33.922s] -- Up-to-date symlink: /home/ubuntu/tesseract_ws/install/industrial_reconstruction_msgs/share/industrial_reconstruction_msgs/srv/StopReconstruction.idl
[33.925s] -- Up-to-date symlink: /home/ubuntu/tesseract_ws/install/industrial_reconstruction_msgs/share/industrial_reconstruction_msgs/msg/RGBDImageParams.msg
[33.926s] -- Up-to-date symlink: /home/ubuntu/tesseract_ws/install/industrial_reconstruction_msgs/share/industrial_reconstruction_msgs/msg/TSDFVolumeParams.msg
[33.926s] -- Up-to-date symlink: /home/ubuntu/tesseract_ws/install/industrial_reconstruction_msgs/share/industrial_reconstruction_msgs/msg/NormalFilterParams.msg
[33.926s] -- Up-to-date symlink: /home/ubuntu/tesseract_ws/install/industrial_reconstruction_msgs/share/industrial_reconstruction_msgs/srv/StartReconstruction.srv
[33.926s] -- Up-to-date symlink: /home/ubuntu/tesseract_ws/install/industrial_reconstruction_msgs/share/industrial_reconstruction_msgs/srv/StartReconstruction_Request.msg
[33.927s] -- Up-to-date symlink: /home/ubuntu/tesseract_ws/install/industrial_reconstruction_msgs/share/industrial_reconstruction_msgs/srv/StartReconstruction_Response.msg
[33.929s] -- Up-to-date symlink: /home/ubuntu/tesseract_ws/install/industrial_reconstruction_msgs/share/industrial_reconstruction_msgs/srv/StopReconstruction.srv
[33.930s] -- Up-to-date symlink: /home/ubuntu/tesseract_ws/install/industrial_reconstruction_msgs/share/industrial_reconstruction_msgs/srv/StopReconstruction_Request.msg
[33.931s] -- Up-to-date symlink: /home/ubuntu/tesseract_ws/install/industrial_reconstruction_msgs/share/industrial_reconstruction_msgs/srv/StopReconstruction_Response.msg
[33.931s] -- Up-to-date symlink: /home/ubuntu/tesseract_ws/install/industrial_reconstruction_msgs/share/ament_index/resource_index/package_run_dependencies/industrial_reconstruction_msgs
[33.932s] -- Up-to-date symlink: /home/ubuntu/tesseract_ws/install/industrial_reconstruction_msgs/share/ament_index/resource_index/parent_prefix_path/industrial_reconstruction_msgs
[33.932s] -- Up-to-date symlink: /home/ubuntu/tesseract_ws/install/industrial_reconstruction_msgs/share/industrial_reconstruction_msgs/environment/ament_prefix_path.sh
[33.933s] -- Up-to-date symlink: /home/ubuntu/tesseract_ws/install/industrial_reconstruction_msgs/share/industrial_reconstruction_msgs/environment/ament_prefix_path.dsv
[33.933s] -- Up-to-date symlink: /home/ubuntu/tesseract_ws/install/industrial_reconstruction_msgs/share/industrial_reconstruction_msgs/environment/path.sh
[33.934s] -- Up-to-date symlink: /home/ubuntu/tesseract_ws/install/industrial_reconstruction_msgs/share/industrial_reconstruction_msgs/environment/path.dsv
[33.935s] -- Up-to-date symlink: /home/ubuntu/tesseract_ws/install/industrial_reconstruction_msgs/share/industrial_reconstruction_msgs/local_setup.bash
[33.936s] -- Up-to-date symlink: /home/ubuntu/tesseract_ws/install/industrial_reconstruction_msgs/share/industrial_reconstruction_msgs/local_setup.sh
[33.936s] -- Up-to-date symlink: /home/ubuntu/tesseract_ws/install/industrial_reconstruction_msgs/share/industrial_reconstruction_msgs/local_setup.zsh
[33.937s] -- Up-to-date symlink: /home/ubuntu/tesseract_ws/install/industrial_reconstruction_msgs/share/industrial_reconstruction_msgs/local_setup.dsv
[33.937s] -- Symlinking: /home/ubuntu/tesseract_ws/install/industrial_reconstruction_msgs/share/industrial_reconstruction_msgs/package.dsv
[33.959s] -- Up-to-date symlink: /home/ubuntu/tesseract_ws/install/industrial_reconstruction_msgs/share/ament_index/resource_index/packages/industrial_reconstruction_msgs
[33.959s] -- Up-to-date symlink: /home/ubuntu/tesseract_ws/install/industrial_reconstruction_msgs/share/industrial_reconstruction_msgs/cmake/rosidl_cmake-extras.cmake
[33.959s] -- Up-to-date symlink: /home/ubuntu/tesseract_ws/install/industrial_reconstruction_msgs/share/industrial_reconstruction_msgs/cmake/ament_cmake_export_dependencies-extras.cmake
[33.961s] -- Up-to-date symlink: /home/ubuntu/tesseract_ws/install/industrial_reconstruction_msgs/share/industrial_reconstruction_msgs/cmake/ament_cmake_export_include_directories-extras.cmake
[33.961s] -- Up-to-date symlink: /home/ubuntu/tesseract_ws/install/industrial_reconstruction_msgs/share/industrial_reconstruction_msgs/cmake/ament_cmake_export_libraries-extras.cmake
[33.962s] -- Up-to-date symlink: /home/ubuntu/tesseract_ws/install/industrial_reconstruction_msgs/share/industrial_reconstruction_msgs/cmake/ament_cmake_export_targets-extras.cmake
[33.963s] -- Up-to-date symlink: /home/ubuntu/tesseract_ws/install/industrial_reconstruction_msgs/share/industrial_reconstruction_msgs/cmake/rosidl_cmake_export_typesupport_targets-extras.cmake
[33.964s] -- Up-to-date symlink: /home/ubuntu/tesseract_ws/install/industrial_reconstruction_msgs/share/industrial_reconstruction_msgs/cmake/rosidl_cmake_export_typesupport_libraries-extras.cmake
[33.965s] -- Up-to-date symlink: /home/ubuntu/tesseract_ws/install/industrial_reconstruction_msgs/share/industrial_reconstruction_msgs/cmake/industrial_reconstruction_msgsConfig.cmake
[33.966s] -- Up-to-date symlink: /home/ubuntu/tesseract_ws/install/industrial_reconstruction_msgs/share/industrial_reconstruction_msgs/cmake/industrial_reconstruction_msgsConfig-version.cmake
[33.966s] -- Up-to-date symlink: /home/ubuntu/tesseract_ws/install/industrial_reconstruction_msgs/share/industrial_reconstruction_msgs/package.xml
[33.967s] -- Installing: /home/ubuntu/tesseract_ws/install/industrial_reconstruction_msgs/lib/libindustrial_reconstruction_msgs__rosidl_generator_c.so
[33.968s] -- Set runtime path of "/home/ubuntu/tesseract_ws/install/industrial_reconstruction_msgs/lib/libindustrial_reconstruction_msgs__rosidl_generator_c.so" to ""
[33.968s] -- Installing: /home/ubuntu/tesseract_ws/install/industrial_reconstruction_msgs/lib/libindustrial_reconstruction_msgs__rosidl_typesupport_fastrtps_c.so
[33.968s] -- Set runtime path of "/home/ubuntu/tesseract_ws/install/industrial_reconstruction_msgs/lib/libindustrial_reconstruction_msgs__rosidl_typesupport_fastrtps_c.so" to ""
[33.969s] -- Installing: /home/ubuntu/tesseract_ws/install/industrial_reconstruction_msgs/lib/libindustrial_reconstruction_msgs__rosidl_typesupport_introspection_c.so
[33.975s] -- Set runtime path of "/home/ubuntu/tesseract_ws/install/industrial_reconstruction_msgs/lib/libindustrial_reconstruction_msgs__rosidl_typesupport_introspection_c.so" to ""
[33.976s] -- Installing: /home/ubuntu/tesseract_ws/install/industrial_reconstruction_msgs/lib/libindustrial_reconstruction_msgs__rosidl_typesupport_c.so
[33.976s] -- Set runtime path of "/home/ubuntu/tesseract_ws/install/industrial_reconstruction_msgs/lib/libindustrial_reconstruction_msgs__rosidl_typesupport_c.so" to ""
[33.976s] -- Installing: /home/ubuntu/tesseract_ws/install/industrial_reconstruction_msgs/lib/libindustrial_reconstruction_msgs__rosidl_typesupport_fastrtps_cpp.so
[33.976s] -- Set runtime path of "/home/ubuntu/tesseract_ws/install/industrial_reconstruction_msgs/lib/libindustrial_reconstruction_msgs__rosidl_typesupport_fastrtps_cpp.so" to ""
[33.977s] -- Installing: /home/ubuntu/tesseract_ws/install/industrial_reconstruction_msgs/lib/libindustrial_reconstruction_msgs__rosidl_typesupport_introspection_cpp.so
[33.977s] -- Set runtime path of "/home/ubuntu/tesseract_ws/install/industrial_reconstruction_msgs/lib/libindustrial_reconstruction_msgs__rosidl_typesupport_introspection_cpp.so" to ""
[33.977s] -- Installing: /home/ubuntu/tesseract_ws/install/industrial_reconstruction_msgs/lib/libindustrial_reconstruction_msgs__rosidl_typesupport_cpp.so
[33.977s] -- Set runtime path of "/home/ubuntu/tesseract_ws/install/industrial_reconstruction_msgs/lib/libindustrial_reconstruction_msgs__rosidl_typesupport_cpp.so" to ""
[34.053s] Listing '/home/ubuntu/tesseract_ws/install/industrial_reconstruction_msgs/local/lib/python3.10/dist-packages/industrial_reconstruction_msgs'...
[34.053s] Compiling '/home/ubuntu/tesseract_ws/install/industrial_reconstruction_msgs/local/lib/python3.10/dist-packages/industrial_reconstruction_msgs/__init__.py'...
[34.053s] Listing '/home/ubuntu/tesseract_ws/install/industrial_reconstruction_msgs/local/lib/python3.10/dist-packages/industrial_reconstruction_msgs/msg'...
[34.053s] Listing '/home/ubuntu/tesseract_ws/install/industrial_reconstruction_msgs/local/lib/python3.10/dist-packages/industrial_reconstruction_msgs/srv'...
[34.062s] -- Installing: /home/ubuntu/tesseract_ws/install/industrial_reconstruction_msgs/lib/libindustrial_reconstruction_msgs__rosidl_generator_py.so
[34.062s] -- Set runtime path of "/home/ubuntu/tesseract_ws/install/industrial_reconstruction_msgs/lib/libindustrial_reconstruction_msgs__rosidl_generator_py.so" to ""
[34.063s] -- Up-to-date: /home/ubuntu/tesseract_ws/install/industrial_reconstruction_msgs/share/industrial_reconstruction_msgs/cmake/export_industrial_reconstruction_msgs__rosidl_generator_cExport.cmake
[34.063s] -- Installing: /home/ubuntu/tesseract_ws/install/industrial_reconstruction_msgs/share/industrial_reconstruction_msgs/cmake/export_industrial_reconstruction_msgs__rosidl_generator_cExport-relwithdebinfo.cmake
[34.064s] -- Up-to-date: /home/ubuntu/tesseract_ws/install/industrial_reconstruction_msgs/share/industrial_reconstruction_msgs/cmake/export_industrial_reconstruction_msgs__rosidl_typesupport_fastrtps_cExport.cmake
[34.064s] -- Installing: /home/ubuntu/tesseract_ws/install/industrial_reconstruction_msgs/share/industrial_reconstruction_msgs/cmake/export_industrial_reconstruction_msgs__rosidl_typesupport_fastrtps_cExport-relwithdebinfo.cmake
[34.064s] -- Up-to-date: /home/ubuntu/tesseract_ws/install/industrial_reconstruction_msgs/share/industrial_reconstruction_msgs/cmake/industrial_reconstruction_msgs__rosidl_typesupport_introspection_cExport.cmake
[34.064s] -- Installing: /home/ubuntu/tesseract_ws/install/industrial_reconstruction_msgs/share/industrial_reconstruction_msgs/cmake/industrial_reconstruction_msgs__rosidl_typesupport_introspection_cExport-relwithdebinfo.cmake
[34.066s] -- Up-to-date: /home/ubuntu/tesseract_ws/install/industrial_reconstruction_msgs/share/industrial_reconstruction_msgs/cmake/industrial_reconstruction_msgs__rosidl_typesupport_cExport.cmake
[34.066s] -- Installing: /home/ubuntu/tesseract_ws/install/industrial_reconstruction_msgs/share/industrial_reconstruction_msgs/cmake/industrial_reconstruction_msgs__rosidl_typesupport_cExport-relwithdebinfo.cmake
[34.067s] -- Up-to-date: /home/ubuntu/tesseract_ws/install/industrial_reconstruction_msgs/share/industrial_reconstruction_msgs/cmake/export_industrial_reconstruction_msgs__rosidl_generator_cppExport.cmake
[34.068s] -- Up-to-date: /home/ubuntu/tesseract_ws/install/industrial_reconstruction_msgs/share/industrial_reconstruction_msgs/cmake/export_industrial_reconstruction_msgs__rosidl_typesupport_fastrtps_cppExport.cmake
[34.068s] -- Installing: /home/ubuntu/tesseract_ws/install/industrial_reconstruction_msgs/share/industrial_reconstruction_msgs/cmake/export_industrial_reconstruction_msgs__rosidl_typesupport_fastrtps_cppExport-relwithdebinfo.cmake
[34.068s] -- Up-to-date: /home/ubuntu/tesseract_ws/install/industrial_reconstruction_msgs/share/industrial_reconstruction_msgs/cmake/industrial_reconstruction_msgs__rosidl_typesupport_introspection_cppExport.cmake
[34.068s] -- Installing: /home/ubuntu/tesseract_ws/install/industrial_reconstruction_msgs/share/industrial_reconstruction_msgs/cmake/industrial_reconstruction_msgs__rosidl_typesupport_introspection_cppExport-relwithdebinfo.cmake
[34.068s] -- Up-to-date: /home/ubuntu/tesseract_ws/install/industrial_reconstruction_msgs/share/industrial_reconstruction_msgs/cmake/industrial_reconstruction_msgs__rosidl_typesupport_cppExport.cmake
[34.069s] -- Installing: /home/ubuntu/tesseract_ws/install/industrial_reconstruction_msgs/share/industrial_reconstruction_msgs/cmake/industrial_reconstruction_msgs__rosidl_typesupport_cppExport-relwithdebinfo.cmake
[34.070s] -- Up-to-date: /home/ubuntu/tesseract_ws/install/industrial_reconstruction_msgs/share/industrial_reconstruction_msgs/cmake/export_industrial_reconstruction_msgs__rosidl_generator_pyExport.cmake
[34.071s] -- Installing: /home/ubuntu/tesseract_ws/install/industrial_reconstruction_msgs/share/industrial_reconstruction_msgs/cmake/export_industrial_reconstruction_msgs__rosidl_generator_pyExport-relwithdebinfo.cmake
[34.080s] Invoked command in '/home/ubuntu/tesseract_ws/build/industrial_reconstruction_msgs' returned '0': CMAKE_PREFIX_PATH=${CMAKE_PREFIX_PATH}:/home/ubuntu/tesseract_ws/install/industrial_reconstruction:/opt/ros/humble /usr/bin/cmake --install /home/ubuntu/tesseract_ws/build/industrial_reconstruction_msgs
