[ 85%] Built target tesseract_environment_commands
[100%] Built target tesseract_environment
-- Install configuration: ""
-- Up-to-date: /home/ubuntu/tesseract_ws/install/tesseract_environment/share/tesseract_environment/package.xml
-- Up-to-date: /home/ubuntu/tesseract_ws/install/tesseract_environment/lib/libtesseract_environment.so
-- Up-to-date: /home/ubuntu/tesseract_ws/install/tesseract_environment/lib/libtesseract_environment_commands.so
-- Up-to-date: /home/ubuntu/tesseract_ws/install/tesseract_environment/lib/cmake/tesseract_environment/tesseract_environment-targets.cmake
-- Up-to-date: /home/ubuntu/tesseract_ws/install/tesseract_environment/lib/cmake/tesseract_environment/tesseract_environment-targets-noconfig.cmake
-- Up-to-date: /home/ubuntu/tesseract_ws/install/tesseract_environment/lib/cmake/tesseract_environment/tesseract_environment-config.cmake
-- Up-to-date: /home/ubuntu/tesseract_ws/install/tesseract_environment/lib/cmake/tesseract_environment/tesseract_environment-config-version.cmake
-- Up-to-date: /home/ubuntu/tesseract_ws/install/tesseract_environment/share/ament_index/resource_index/packages/tesseract_environment
-- Up-to-date: /home/ubuntu/tesseract_ws/install/tesseract_environment/share/tesseract_environment/hook/ament_prefix_path.dsv
-- Up-to-date: /home/ubuntu/tesseract_ws/install/tesseract_environment/share/tesseract_environment/hook/ros_package_path.dsv
-- Up-to-date: /home/ubuntu/tesseract_ws/install/tesseract_environment/share/tesseract_environment/hook/python_path.dsv
-- Up-to-date: /home/ubuntu/tesseract_ws/install/tesseract_environment/include/tesseract_environment
-- Up-to-date: /home/ubuntu/tesseract_ws/install/tesseract_environment/include/tesseract_environment/command.h
-- Up-to-date: /home/ubuntu/tesseract_ws/install/tesseract_environment/include/tesseract_environment/commands.h
-- Up-to-date: /home/ubuntu/tesseract_ws/install/tesseract_environment/include/tesseract_environment/environment_monitor_interface.h
-- Up-to-date: /home/ubuntu/tesseract_ws/install/tesseract_environment/include/tesseract_environment/events.h
-- Up-to-date: /home/ubuntu/tesseract_ws/install/tesseract_environment/include/tesseract_environment/environment_cache.h
-- Up-to-date: /home/ubuntu/tesseract_ws/install/tesseract_environment/include/tesseract_environment/commands
-- Up-to-date: /home/ubuntu/tesseract_ws/install/tesseract_environment/include/tesseract_environment/commands/remove_link_command.h
-- Up-to-date: /home/ubuntu/tesseract_ws/install/tesseract_environment/include/tesseract_environment/commands/set_active_discrete_contact_manager_command.h
-- Up-to-date: /home/ubuntu/tesseract_ws/install/tesseract_environment/include/tesseract_environment/commands/change_joint_velocity_limits_command.h
-- Up-to-date: /home/ubuntu/tesseract_ws/install/tesseract_environment/include/tesseract_environment/commands/add_trajectory_link_command.h
-- Up-to-date: /home/ubuntu/tesseract_ws/install/tesseract_environment/include/tesseract_environment/commands/change_joint_origin_command.h
-- Up-to-date: /home/ubuntu/tesseract_ws/install/tesseract_environment/include/tesseract_environment/commands/move_joint_command.h
-- Up-to-date: /home/ubuntu/tesseract_ws/install/tesseract_environment/include/tesseract_environment/commands/change_joint_position_limits_command.h
-- Up-to-date: /home/ubuntu/tesseract_ws/install/tesseract_environment/include/tesseract_environment/commands/change_link_collision_enabled_command.h
-- Up-to-date: /home/ubuntu/tesseract_ws/install/tesseract_environment/include/tesseract_environment/commands/replace_joint_command.h
-- Up-to-date: /home/ubuntu/tesseract_ws/install/tesseract_environment/include/tesseract_environment/commands/modify_allowed_collisions_command.h
-- Up-to-date: /home/ubuntu/tesseract_ws/install/tesseract_environment/include/tesseract_environment/commands/remove_joint_command.h
-- Up-to-date: /home/ubuntu/tesseract_ws/install/tesseract_environment/include/tesseract_environment/commands/add_kinematics_information_command.h
-- Up-to-date: /home/ubuntu/tesseract_ws/install/tesseract_environment/include/tesseract_environment/commands/add_link_command.h
-- Up-to-date: /home/ubuntu/tesseract_ws/install/tesseract_environment/include/tesseract_environment/commands/change_joint_acceleration_limits_command.h
-- Up-to-date: /home/ubuntu/tesseract_ws/install/tesseract_environment/include/tesseract_environment/commands/set_active_continuous_contact_manager_command.h
-- Up-to-date: /home/ubuntu/tesseract_ws/install/tesseract_environment/include/tesseract_environment/commands/add_contact_managers_plugin_info_command.h
-- Up-to-date: /home/ubuntu/tesseract_ws/install/tesseract_environment/include/tesseract_environment/commands/change_collision_margins_command.h
-- Up-to-date: /home/ubuntu/tesseract_ws/install/tesseract_environment/include/tesseract_environment/commands/move_link_command.h
-- Up-to-date: /home/ubuntu/tesseract_ws/install/tesseract_environment/include/tesseract_environment/commands/add_scene_graph_command.h
-- Up-to-date: /home/ubuntu/tesseract_ws/install/tesseract_environment/include/tesseract_environment/commands/remove_allowed_collision_link_command.h
-- Up-to-date: /home/ubuntu/tesseract_ws/install/tesseract_environment/include/tesseract_environment/commands/change_link_origin_command.h
-- Up-to-date: /home/ubuntu/tesseract_ws/install/tesseract_environment/include/tesseract_environment/commands/change_link_visibility_command.h
-- Up-to-date: /home/ubuntu/tesseract_ws/install/tesseract_environment/include/tesseract_environment/environment.h
-- Up-to-date: /home/ubuntu/tesseract_ws/install/tesseract_environment/include/tesseract_environment/environment_monitor.h
-- Up-to-date: /home/ubuntu/tesseract_ws/install/tesseract_environment/include/tesseract_environment/utils.h
