[ 25%] Built target boost_plugin_loader
[ 50%] Built target boost_plugin_loader_example_plugin
[ 75%] Built target boost_plugin_loader_example_plugin_impl
[100%] Built target boost_plugin_loader_example
-- Install configuration: ""
-- Up-to-date: /home/ubuntu/tesseract_ws/install/boost_plugin_loader/include/boost_plugin_loader
-- Up-to-date: /home/ubuntu/tesseract_ws/install/boost_plugin_loader/include/boost_plugin_loader/macros.h
-- Up-to-date: /home/ubuntu/tesseract_ws/install/boost_plugin_loader/include/boost_plugin_loader/plugin_loader.hpp
-- Up-to-date: /home/ubuntu/tesseract_ws/install/boost_plugin_loader/include/boost_plugin_loader/utils.h
-- Up-to-date: /home/ubuntu/tesseract_ws/install/boost_plugin_loader/include/boost_plugin_loader/plugin_loader.h
-- Up-to-date: /home/ubuntu/tesseract_ws/install/boost_plugin_loader/share/boost_plugin_loader/package.xml
-- Up-to-date: /home/ubuntu/tesseract_ws/install/boost_plugin_loader/lib/libboost_plugin_loader.so
-- Up-to-date: /home/ubuntu/tesseract_ws/install/boost_plugin_loader/lib/cmake/boost_plugin_loader/boost_plugin_loader-targets.cmake
-- Up-to-date: /home/ubuntu/tesseract_ws/install/boost_plugin_loader/lib/cmake/boost_plugin_loader/boost_plugin_loader-targets-noconfig.cmake
-- Up-to-date: /home/ubuntu/tesseract_ws/install/boost_plugin_loader/lib/cmake/boost_plugin_loader/boost_plugin_loader-config.cmake
-- Up-to-date: /home/ubuntu/tesseract_ws/install/boost_plugin_loader/lib/cmake/boost_plugin_loader/boost_plugin_loader-config-version.cmake
-- Up-to-date: /home/ubuntu/tesseract_ws/install/boost_plugin_loader/share/ament_index/resource_index/packages/boost_plugin_loader
-- Up-to-date: /home/ubuntu/tesseract_ws/install/boost_plugin_loader/share/boost_plugin_loader/hook/ament_prefix_path.dsv
-- Up-to-date: /home/ubuntu/tesseract_ws/install/boost_plugin_loader/share/boost_plugin_loader/hook/ros_package_path.dsv
-- Up-to-date: /home/ubuntu/tesseract_ws/install/boost_plugin_loader/share/boost_plugin_loader/hook/python_path.dsv
-- Up-to-date: /home/ubuntu/tesseract_ws/install/boost_plugin_loader/lib/libboost_plugin_loader_example_plugin.so
-- Up-to-date: /home/ubuntu/tesseract_ws/install/boost_plugin_loader/lib/libboost_plugin_loader_example_plugin_impl.so
-- Up-to-date: /home/ubuntu/tesseract_ws/install/boost_plugin_loader/lib/boost_plugin_loader/boost_plugin_loader_example
