[100%] Built target tesseract_command_language
-- Install configuration: ""
-- Up-to-date: /home/ubuntu/tesseract_ws/install/tesseract_command_language/share/tesseract_command_language/package.xml
-- Up-to-date: /home/ubuntu/tesseract_ws/install/tesseract_command_language/lib/libtesseract_command_language.so
-- Up-to-date: /home/ubuntu/tesseract_ws/install/tesseract_command_language/lib/cmake/tesseract_command_language/tesseract_command_language-targets.cmake
-- Up-to-date: /home/ubuntu/tesseract_ws/install/tesseract_command_language/lib/cmake/tesseract_command_language/tesseract_command_language-targets-noconfig.cmake
-- Up-to-date: /home/ubuntu/tesseract_ws/install/tesseract_command_language/lib/cmake/tesseract_command_language/tesseract_command_language-config.cmake
-- Up-to-date: /home/ubuntu/tesseract_ws/install/tesseract_command_language/lib/cmake/tesseract_command_language/tesseract_command_language-config-version.cmake
-- Up-to-date: /home/ubuntu/tesseract_ws/install/tesseract_command_language/share/ament_index/resource_index/packages/tesseract_command_language
-- Up-to-date: /home/ubuntu/tesseract_ws/install/tesseract_command_language/share/tesseract_command_language/hook/ament_prefix_path.dsv
-- Up-to-date: /home/ubuntu/tesseract_ws/install/tesseract_command_language/share/tesseract_command_language/hook/ros_package_path.dsv
-- Up-to-date: /home/ubuntu/tesseract_ws/install/tesseract_command_language/share/tesseract_command_language/hook/python_path.dsv
-- Up-to-date: /home/ubuntu/tesseract_ws/install/tesseract_command_language/include/tesseract_command_language
-- Up-to-date: /home/ubuntu/tesseract_ws/install/tesseract_command_language/include/tesseract_command_language/timer_instruction.h
-- Up-to-date: /home/ubuntu/tesseract_ws/install/tesseract_command_language/include/tesseract_command_language/profile_dictionary.h
-- Up-to-date: /home/ubuntu/tesseract_ws/install/tesseract_command_language/include/tesseract_command_language/set_analog_instruction.h
-- Up-to-date: /home/ubuntu/tesseract_ws/install/tesseract_command_language/include/tesseract_command_language/cartesian_waypoint.h
-- Up-to-date: /home/ubuntu/tesseract_ws/install/tesseract_command_language/include/tesseract_command_language/test_suite
-- Up-to-date: /home/ubuntu/tesseract_ws/install/tesseract_command_language/include/tesseract_command_language/types.h
-- Up-to-date: /home/ubuntu/tesseract_ws/install/tesseract_command_language/include/tesseract_command_language/constants.h
-- Up-to-date: /home/ubuntu/tesseract_ws/install/tesseract_command_language/include/tesseract_command_language/composite_instruction.h
-- Up-to-date: /home/ubuntu/tesseract_ws/install/tesseract_command_language/include/tesseract_command_language/wait_instruction.h
-- Up-to-date: /home/ubuntu/tesseract_ws/install/tesseract_command_language/include/tesseract_command_language/instruction_type.h
-- Up-to-date: /home/ubuntu/tesseract_ws/install/tesseract_command_language/include/tesseract_command_language/joint_waypoint.h
-- Up-to-date: /home/ubuntu/tesseract_ws/install/tesseract_command_language/include/tesseract_command_language/set_tool_instruction.h
-- Up-to-date: /home/ubuntu/tesseract_ws/install/tesseract_command_language/include/tesseract_command_language/move_instruction.h
-- Up-to-date: /home/ubuntu/tesseract_ws/install/tesseract_command_language/include/tesseract_command_language/state_waypoint.h
-- Up-to-date: /home/ubuntu/tesseract_ws/install/tesseract_command_language/include/tesseract_command_language/utils.h
-- Up-to-date: /home/ubuntu/tesseract_ws/install/tesseract_command_language/include/tesseract_command_language/poly
-- Up-to-date: /home/ubuntu/tesseract_ws/install/tesseract_command_language/include/tesseract_command_language/poly/move_instruction_poly.h
-- Up-to-date: /home/ubuntu/tesseract_ws/install/tesseract_command_language/include/tesseract_command_language/poly/joint_waypoint_poly.h
-- Up-to-date: /home/ubuntu/tesseract_ws/install/tesseract_command_language/include/tesseract_command_language/poly/instruction_poly.h
-- Up-to-date: /home/ubuntu/tesseract_ws/install/tesseract_command_language/include/tesseract_command_language/poly/waypoint_poly.h
-- Up-to-date: /home/ubuntu/tesseract_ws/install/tesseract_command_language/include/tesseract_command_language/poly/state_waypoint_poly.h
-- Up-to-date: /home/ubuntu/tesseract_ws/install/tesseract_command_language/include/tesseract_command_language/poly/cartesian_waypoint_poly.h
