[0.388s] DEBUG:colcon:Command line arguments: ['/usr/bin/colcon', 'build', '--symlink-install']
[0.388s] DEBUG:colcon:Parsed command line arguments: Namespace(log_base=None, log_level=None, verb_name='build', build_base='build', install_base='install', merge_install=False, symlink_install=True, test_result_base=None, continue_on_error=False, executor='parallel', parallel_workers=4, event_handlers=None, ignore_user_meta=False, metas=['./colcon.meta'], base_paths=['.'], packages_ignore=None, packages_ignore_regex=None, paths=None, packages_up_to=None, packages_up_to_regex=None, packages_above=None, packages_above_and_dependencies=None, packages_above_depth=None, packages_select_by_dep=None, packages_skip_by_dep=None, packages_skip_up_to=None, packages_select_build_failed=False, packages_skip_build_finished=False, packages_select_test_failures=False, packages_skip_test_passed=False, packages_select=None, packages_skip=None, packages_select_regex=None, packages_skip_regex=None, packages_start=None, packages_end=None, allow_overriding=[], cmake_args=None, cmake_target=None, cmake_target_skip_unavailable=False, cmake_clean_cache=False, cmake_clean_first=False, cmake_force_configure=False, ament_cmake_args=None, catkin_cmake_args=None, catkin_skip_building_tests=False, verb_parser=<colcon_defaults.argument_parser.defaults.DefaultArgumentsDecorator object at 0x7fe40cbdeb30>, verb_extension=<colcon_core.verb.build.BuildVerb object at 0x7fe40cc32a70>, main=<bound method BuildVerb.main of <colcon_core.verb.build.BuildVerb object at 0x7fe40cc32a70>>)
[0.414s] Level 1:colcon.colcon_core.package_discovery:discover_packages(colcon_meta) check parameters
[0.415s] Level 1:colcon.colcon_core.package_discovery:discover_packages(recursive) check parameters
[0.415s] Level 1:colcon.colcon_core.package_discovery:discover_packages(ignore) check parameters
[0.415s] Level 1:colcon.colcon_core.package_discovery:discover_packages(path) check parameters
[0.415s] Level 1:colcon.colcon_core.package_discovery:discover_packages(colcon_meta) discover
[0.415s] Level 1:colcon.colcon_core.package_discovery:discover_packages(recursive) discover
[0.415s] INFO:colcon.colcon_core.package_discovery:Crawling recursively for packages in '/home/ubuntu/ros2_ws'
[0.415s] Level 1:colcon.colcon_core.package_identification:_identify(.) by extensions ['ignore', 'ignore_ament_install']
[0.415s] Level 1:colcon.colcon_core.package_identification:_identify(.) by extension 'ignore'
[0.415s] Level 1:colcon.colcon_core.package_identification:_identify(.) by extension 'ignore_ament_install'
[0.415s] Level 1:colcon.colcon_core.package_identification:_identify(.) by extensions ['colcon_pkg']
[0.415s] Level 1:colcon.colcon_core.package_identification:_identify(.) by extension 'colcon_pkg'
[0.415s] Level 1:colcon.colcon_core.package_identification:_identify(.) by extensions ['colcon_meta']
[0.415s] Level 1:colcon.colcon_core.package_identification:_identify(.) by extension 'colcon_meta'
[0.415s] Level 1:colcon.colcon_core.package_identification:_identify(.) by extensions ['ros']
[0.415s] Level 1:colcon.colcon_core.package_identification:_identify(.) by extension 'ros'
[0.428s] Level 1:colcon.colcon_core.package_identification:_identify(.) by extensions ['cmake', 'python']
[0.428s] Level 1:colcon.colcon_core.package_identification:_identify(.) by extension 'cmake'
[0.428s] Level 1:colcon.colcon_core.package_identification:_identify(.) by extension 'python'
[0.428s] Level 1:colcon.colcon_core.package_identification:_identify(.) by extensions ['python_setup_py']
[0.428s] Level 1:colcon.colcon_core.package_identification:_identify(.) by extension 'python_setup_py'
[0.428s] Level 1:colcon.colcon_core.package_identification:_identify(build) by extensions ['ignore', 'ignore_ament_install']
[0.428s] Level 1:colcon.colcon_core.package_identification:_identify(build) by extension 'ignore'
[0.428s] Level 1:colcon.colcon_core.package_identification:_identify(build) ignored
[0.429s] Level 1:colcon.colcon_core.package_identification:_identify(devel) by extensions ['ignore', 'ignore_ament_install']
[0.429s] Level 1:colcon.colcon_core.package_identification:_identify(devel) by extension 'ignore'
[0.429s] Level 1:colcon.colcon_core.package_identification:_identify(devel) by extension 'ignore_ament_install'
[0.429s] Level 1:colcon.colcon_core.package_identification:_identify(devel) by extensions ['colcon_pkg']
[0.429s] Level 1:colcon.colcon_core.package_identification:_identify(devel) by extension 'colcon_pkg'
[0.429s] Level 1:colcon.colcon_core.package_identification:_identify(devel) by extensions ['colcon_meta']
[0.429s] Level 1:colcon.colcon_core.package_identification:_identify(devel) by extension 'colcon_meta'
[0.429s] Level 1:colcon.colcon_core.package_identification:_identify(devel) by extensions ['ros']
[0.429s] Level 1:colcon.colcon_core.package_identification:_identify(devel) by extension 'ros'
[0.429s] Level 1:colcon.colcon_core.package_identification:_identify(devel) by extensions ['cmake', 'python']
[0.429s] Level 1:colcon.colcon_core.package_identification:_identify(devel) by extension 'cmake'
[0.429s] Level 1:colcon.colcon_core.package_identification:_identify(devel) by extension 'python'
[0.429s] Level 1:colcon.colcon_core.package_identification:_identify(devel) by extensions ['python_setup_py']
[0.429s] Level 1:colcon.colcon_core.package_identification:_identify(devel) by extension 'python_setup_py'
[0.429s] Level 1:colcon.colcon_core.package_identification:_identify(install) by extensions ['ignore', 'ignore_ament_install']
[0.429s] Level 1:colcon.colcon_core.package_identification:_identify(install) by extension 'ignore'
[0.429s] Level 1:colcon.colcon_core.package_identification:_identify(install) ignored
[0.429s] Level 1:colcon.colcon_core.package_identification:_identify(log) by extensions ['ignore', 'ignore_ament_install']
[0.430s] Level 1:colcon.colcon_core.package_identification:_identify(log) by extension 'ignore'
[0.430s] Level 1:colcon.colcon_core.package_identification:_identify(log) ignored
[0.430s] Level 1:colcon.colcon_core.package_identification:_identify(logs) by extensions ['ignore', 'ignore_ament_install']
[0.430s] Level 1:colcon.colcon_core.package_identification:_identify(logs) by extension 'ignore'
[0.430s] Level 1:colcon.colcon_core.package_identification:_identify(logs) by extension 'ignore_ament_install'
[0.430s] Level 1:colcon.colcon_core.package_identification:_identify(logs) by extensions ['colcon_pkg']
[0.430s] Level 1:colcon.colcon_core.package_identification:_identify(logs) by extension 'colcon_pkg'
[0.430s] Level 1:colcon.colcon_core.package_identification:_identify(logs) by extensions ['colcon_meta']
[0.430s] Level 1:colcon.colcon_core.package_identification:_identify(logs) by extension 'colcon_meta'
[0.430s] Level 1:colcon.colcon_core.package_identification:_identify(logs) by extensions ['ros']
[0.430s] Level 1:colcon.colcon_core.package_identification:_identify(logs) by extension 'ros'
[0.430s] Level 1:colcon.colcon_core.package_identification:_identify(logs) by extensions ['cmake', 'python']
[0.430s] Level 1:colcon.colcon_core.package_identification:_identify(logs) by extension 'cmake'
[0.430s] Level 1:colcon.colcon_core.package_identification:_identify(logs) by extension 'python'
[0.430s] Level 1:colcon.colcon_core.package_identification:_identify(logs) by extensions ['python_setup_py']
[0.430s] Level 1:colcon.colcon_core.package_identification:_identify(logs) by extension 'python_setup_py'
[0.430s] Level 1:colcon.colcon_core.package_identification:_identify(src) by extensions ['ignore', 'ignore_ament_install']
[0.430s] Level 1:colcon.colcon_core.package_identification:_identify(src) by extension 'ignore'
[0.430s] Level 1:colcon.colcon_core.package_identification:_identify(src) by extension 'ignore_ament_install'
[0.430s] Level 1:colcon.colcon_core.package_identification:_identify(src) by extensions ['colcon_pkg']
[0.430s] Level 1:colcon.colcon_core.package_identification:_identify(src) by extension 'colcon_pkg'
[0.430s] Level 1:colcon.colcon_core.package_identification:_identify(src) by extensions ['colcon_meta']
[0.431s] Level 1:colcon.colcon_core.package_identification:_identify(src) by extension 'colcon_meta'
[0.431s] Level 1:colcon.colcon_core.package_identification:_identify(src) by extensions ['ros']
[0.431s] Level 1:colcon.colcon_core.package_identification:_identify(src) by extension 'ros'
[0.431s] Level 1:colcon.colcon_core.package_identification:_identify(src) by extensions ['cmake', 'python']
[0.431s] Level 1:colcon.colcon_core.package_identification:_identify(src) by extension 'cmake'
[0.431s] Level 1:colcon.colcon_core.package_identification:_identify(src) by extension 'python'
[0.431s] Level 1:colcon.colcon_core.package_identification:_identify(src) by extensions ['python_setup_py']
[0.431s] Level 1:colcon.colcon_core.package_identification:_identify(src) by extension 'python_setup_py'
[0.431s] Level 1:colcon.colcon_core.package_identification:_identify(src/fake_ar_publisher) by extensions ['ignore', 'ignore_ament_install']
[0.431s] Level 1:colcon.colcon_core.package_identification:_identify(src/fake_ar_publisher) by extension 'ignore'
[0.431s] Level 1:colcon.colcon_core.package_identification:_identify(src/fake_ar_publisher) by extension 'ignore_ament_install'
[0.431s] Level 1:colcon.colcon_core.package_identification:_identify(src/fake_ar_publisher) by extensions ['colcon_pkg']
[0.431s] Level 1:colcon.colcon_core.package_identification:_identify(src/fake_ar_publisher) by extension 'colcon_pkg'
[0.431s] Level 1:colcon.colcon_core.package_identification:_identify(src/fake_ar_publisher) by extensions ['colcon_meta']
[0.431s] Level 1:colcon.colcon_core.package_identification:_identify(src/fake_ar_publisher) by extension 'colcon_meta'
[0.431s] Level 1:colcon.colcon_core.package_identification:_identify(src/fake_ar_publisher) by extensions ['ros']
[0.431s] Level 1:colcon.colcon_core.package_identification:_identify(src/fake_ar_publisher) by extension 'ros'
[0.434s] DEBUG:colcon.colcon_core.package_identification:Package 'src/fake_ar_publisher' with type 'ros.ament_cmake' and name 'fake_ar_publisher'
[0.434s] Level 1:colcon.colcon_core.package_identification:_identify(src/myworkcell_core) by extensions ['ignore', 'ignore_ament_install']
[0.434s] Level 1:colcon.colcon_core.package_identification:_identify(src/myworkcell_core) by extension 'ignore'
[0.434s] Level 1:colcon.colcon_core.package_identification:_identify(src/myworkcell_core) by extension 'ignore_ament_install'
[0.434s] Level 1:colcon.colcon_core.package_identification:_identify(src/myworkcell_core) by extensions ['colcon_pkg']
[0.434s] Level 1:colcon.colcon_core.package_identification:_identify(src/myworkcell_core) by extension 'colcon_pkg'
[0.434s] Level 1:colcon.colcon_core.package_identification:_identify(src/myworkcell_core) by extensions ['colcon_meta']
[0.434s] Level 1:colcon.colcon_core.package_identification:_identify(src/myworkcell_core) by extension 'colcon_meta'
[0.435s] Level 1:colcon.colcon_core.package_identification:_identify(src/myworkcell_core) by extensions ['ros']
[0.435s] Level 1:colcon.colcon_core.package_identification:_identify(src/myworkcell_core) by extension 'ros'
[0.436s] DEBUG:colcon.colcon_core.package_identification:Package 'src/myworkcell_core' with type 'ros.ament_cmake' and name 'myworkcell_core'
[0.436s] Level 1:colcon.colcon_core.package_identification:_identify(src/myworkcell_moveit_config) by extensions ['ignore', 'ignore_ament_install']
[0.436s] Level 1:colcon.colcon_core.package_identification:_identify(src/myworkcell_moveit_config) by extension 'ignore'
[0.436s] Level 1:colcon.colcon_core.package_identification:_identify(src/myworkcell_moveit_config) by extension 'ignore_ament_install'
[0.436s] Level 1:colcon.colcon_core.package_identification:_identify(src/myworkcell_moveit_config) by extensions ['colcon_pkg']
[0.436s] Level 1:colcon.colcon_core.package_identification:_identify(src/myworkcell_moveit_config) by extension 'colcon_pkg'
[0.436s] Level 1:colcon.colcon_core.package_identification:_identify(src/myworkcell_moveit_config) by extensions ['colcon_meta']
[0.436s] Level 1:colcon.colcon_core.package_identification:_identify(src/myworkcell_moveit_config) by extension 'colcon_meta'
[0.436s] Level 1:colcon.colcon_core.package_identification:_identify(src/myworkcell_moveit_config) by extensions ['ros']
[0.436s] Level 1:colcon.colcon_core.package_identification:_identify(src/myworkcell_moveit_config) by extension 'ros'
[0.437s] DEBUG:colcon.colcon_core.package_identification:Package 'src/myworkcell_moveit_config' with type 'ros.ament_cmake' and name 'myworkcell_moveit_config'
[0.437s] Level 1:colcon.colcon_core.package_identification:_identify(src/myworkcell_support) by extensions ['ignore', 'ignore_ament_install']
[0.437s] Level 1:colcon.colcon_core.package_identification:_identify(src/myworkcell_support) by extension 'ignore'
[0.437s] Level 1:colcon.colcon_core.package_identification:_identify(src/myworkcell_support) by extension 'ignore_ament_install'
[0.437s] Level 1:colcon.colcon_core.package_identification:_identify(src/myworkcell_support) by extensions ['colcon_pkg']
[0.438s] Level 1:colcon.colcon_core.package_identification:_identify(src/myworkcell_support) by extension 'colcon_pkg'
[0.438s] Level 1:colcon.colcon_core.package_identification:_identify(src/myworkcell_support) by extensions ['colcon_meta']
[0.438s] Level 1:colcon.colcon_core.package_identification:_identify(src/myworkcell_support) by extension 'colcon_meta'
[0.438s] Level 1:colcon.colcon_core.package_identification:_identify(src/myworkcell_support) by extensions ['ros']
[0.438s] Level 1:colcon.colcon_core.package_identification:_identify(src/myworkcell_support) by extension 'ros'
[0.438s] DEBUG:colcon.colcon_core.package_identification:Package 'src/myworkcell_support' with type 'ros.ament_cmake' and name 'myworkcell_support'
[0.438s] Level 1:colcon.colcon_core.package_discovery:discover_packages(recursive) using defaults
[0.438s] Level 1:colcon.colcon_core.package_discovery:discover_packages(ignore) discover
[0.438s] Level 1:colcon.colcon_core.package_discovery:discover_packages(ignore) using defaults
[0.438s] Level 1:colcon.colcon_core.package_discovery:discover_packages(path) discover
[0.438s] Level 1:colcon.colcon_core.package_discovery:discover_packages(path) using defaults
[0.465s] Level 1:colcon.colcon_core.package_discovery:discover_packages(prefix_path) check parameters
[0.465s] Level 1:colcon.colcon_core.package_discovery:discover_packages(prefix_path) discover
[0.466s] WARNING:colcon.colcon_ros.prefix_path.ament:The path '/home/ubuntu/ros2_ws/install/myworkcell_moveit_config' in the environment variable AMENT_PREFIX_PATH doesn't exist
[0.466s] WARNING:colcon.colcon_ros.prefix_path.ament:The path '/home/ubuntu/ros2_ws/install/myworkcell_support' in the environment variable AMENT_PREFIX_PATH doesn't exist
[0.466s] WARNING:colcon.colcon_ros.prefix_path.ament:The path '/home/ubuntu/ros2_ws/install/myworkcell_core' in the environment variable AMENT_PREFIX_PATH doesn't exist
[0.466s] WARNING:colcon.colcon_ros.prefix_path.ament:The path '/home/ubuntu/ros2_ws/install/fake_ar_publisher' in the environment variable AMENT_PREFIX_PATH doesn't exist
[0.466s] WARNING:colcon.colcon_ros.prefix_path.catkin:The path '/home/ubuntu/ros2_ws/install/myworkcell_moveit_config' in the environment variable CMAKE_PREFIX_PATH doesn't exist
[0.466s] WARNING:colcon.colcon_ros.prefix_path.catkin:The path '/home/ubuntu/ros2_ws/install/myworkcell_support' in the environment variable CMAKE_PREFIX_PATH doesn't exist
[0.466s] WARNING:colcon.colcon_ros.prefix_path.catkin:The path '/home/ubuntu/ros2_ws/install/myworkcell_core' in the environment variable CMAKE_PREFIX_PATH doesn't exist
[0.466s] WARNING:colcon.colcon_ros.prefix_path.catkin:The path '/home/ubuntu/ros2_ws/install/fake_ar_publisher' in the environment variable CMAKE_PREFIX_PATH doesn't exist
[0.468s] DEBUG:colcon.colcon_installed_package_information.package_discovery:Found 0 installed packages in /home/ubuntu/ros2_ws/install
[0.470s] DEBUG:colcon.colcon_installed_package_information.package_discovery:Found 356 installed packages in /opt/ros/humble
[0.472s] Level 1:colcon.colcon_core.package_discovery:discover_packages(prefix_path) using defaults
[0.553s] Level 5:colcon.colcon_core.verb:set package 'fake_ar_publisher' build argument 'cmake_args' from command line to 'None'
[0.553s] Level 5:colcon.colcon_core.verb:set package 'fake_ar_publisher' build argument 'cmake_target' from command line to 'None'
[0.553s] Level 5:colcon.colcon_core.verb:set package 'fake_ar_publisher' build argument 'cmake_target_skip_unavailable' from command line to 'False'
[0.553s] Level 5:colcon.colcon_core.verb:set package 'fake_ar_publisher' build argument 'cmake_clean_cache' from command line to 'False'
[0.553s] Level 5:colcon.colcon_core.verb:set package 'fake_ar_publisher' build argument 'cmake_clean_first' from command line to 'False'
[0.553s] Level 5:colcon.colcon_core.verb:set package 'fake_ar_publisher' build argument 'cmake_force_configure' from command line to 'False'
[0.553s] Level 5:colcon.colcon_core.verb:set package 'fake_ar_publisher' build argument 'ament_cmake_args' from command line to 'None'
[0.553s] Level 5:colcon.colcon_core.verb:set package 'fake_ar_publisher' build argument 'catkin_cmake_args' from command line to 'None'
[0.553s] Level 5:colcon.colcon_core.verb:set package 'fake_ar_publisher' build argument 'catkin_skip_building_tests' from command line to 'False'
[0.553s] DEBUG:colcon.colcon_core.verb:Building package 'fake_ar_publisher' with the following arguments: {'ament_cmake_args': None, 'build_base': '/home/ubuntu/ros2_ws/build/fake_ar_publisher', 'catkin_cmake_args': None, 'catkin_skip_building_tests': False, 'cmake_args': None, 'cmake_clean_cache': False, 'cmake_clean_first': False, 'cmake_force_configure': False, 'cmake_target': None, 'cmake_target_skip_unavailable': False, 'install_base': '/home/ubuntu/ros2_ws/install/fake_ar_publisher', 'merge_install': False, 'path': '/home/ubuntu/ros2_ws/src/fake_ar_publisher', 'symlink_install': True, 'test_result_base': None}
[0.555s] Level 5:colcon.colcon_core.verb:set package 'myworkcell_core' build argument 'cmake_args' from command line to 'None'
[0.555s] Level 5:colcon.colcon_core.verb:set package 'myworkcell_core' build argument 'cmake_target' from command line to 'None'
[0.555s] Level 5:colcon.colcon_core.verb:set package 'myworkcell_core' build argument 'cmake_target_skip_unavailable' from command line to 'False'
[0.555s] Level 5:colcon.colcon_core.verb:set package 'myworkcell_core' build argument 'cmake_clean_cache' from command line to 'False'
[0.555s] Level 5:colcon.colcon_core.verb:set package 'myworkcell_core' build argument 'cmake_clean_first' from command line to 'False'
[0.555s] Level 5:colcon.colcon_core.verb:set package 'myworkcell_core' build argument 'cmake_force_configure' from command line to 'False'
[0.555s] Level 5:colcon.colcon_core.verb:set package 'myworkcell_core' build argument 'ament_cmake_args' from command line to 'None'
[0.555s] Level 5:colcon.colcon_core.verb:set package 'myworkcell_core' build argument 'catkin_cmake_args' from command line to 'None'
[0.555s] Level 5:colcon.colcon_core.verb:set package 'myworkcell_core' build argument 'catkin_skip_building_tests' from command line to 'False'
[0.555s] DEBUG:colcon.colcon_core.verb:Building package 'myworkcell_core' with the following arguments: {'ament_cmake_args': None, 'build_base': '/home/ubuntu/ros2_ws/build/myworkcell_core', 'catkin_cmake_args': None, 'catkin_skip_building_tests': False, 'cmake_args': None, 'cmake_clean_cache': False, 'cmake_clean_first': False, 'cmake_force_configure': False, 'cmake_target': None, 'cmake_target_skip_unavailable': False, 'install_base': '/home/ubuntu/ros2_ws/install/myworkcell_core', 'merge_install': False, 'path': '/home/ubuntu/ros2_ws/src/myworkcell_core', 'symlink_install': True, 'test_result_base': None}
[0.556s] Level 5:colcon.colcon_core.verb:set package 'myworkcell_support' build argument 'cmake_args' from command line to 'None'
[0.556s] Level 5:colcon.colcon_core.verb:set package 'myworkcell_support' build argument 'cmake_target' from command line to 'None'
[0.556s] Level 5:colcon.colcon_core.verb:set package 'myworkcell_support' build argument 'cmake_target_skip_unavailable' from command line to 'False'
[0.556s] Level 5:colcon.colcon_core.verb:set package 'myworkcell_support' build argument 'cmake_clean_cache' from command line to 'False'
[0.556s] Level 5:colcon.colcon_core.verb:set package 'myworkcell_support' build argument 'cmake_clean_first' from command line to 'False'
[0.556s] Level 5:colcon.colcon_core.verb:set package 'myworkcell_support' build argument 'cmake_force_configure' from command line to 'False'
[0.556s] Level 5:colcon.colcon_core.verb:set package 'myworkcell_support' build argument 'ament_cmake_args' from command line to 'None'
[0.556s] Level 5:colcon.colcon_core.verb:set package 'myworkcell_support' build argument 'catkin_cmake_args' from command line to 'None'
[0.556s] Level 5:colcon.colcon_core.verb:set package 'myworkcell_support' build argument 'catkin_skip_building_tests' from command line to 'False'
[0.556s] DEBUG:colcon.colcon_core.verb:Building package 'myworkcell_support' with the following arguments: {'ament_cmake_args': None, 'build_base': '/home/ubuntu/ros2_ws/build/myworkcell_support', 'catkin_cmake_args': None, 'catkin_skip_building_tests': False, 'cmake_args': None, 'cmake_clean_cache': False, 'cmake_clean_first': False, 'cmake_force_configure': False, 'cmake_target': None, 'cmake_target_skip_unavailable': False, 'install_base': '/home/ubuntu/ros2_ws/install/myworkcell_support', 'merge_install': False, 'path': '/home/ubuntu/ros2_ws/src/myworkcell_support', 'symlink_install': True, 'test_result_base': None}
[0.557s] Level 5:colcon.colcon_core.verb:set package 'myworkcell_moveit_config' build argument 'cmake_args' from command line to 'None'
[0.557s] Level 5:colcon.colcon_core.verb:set package 'myworkcell_moveit_config' build argument 'cmake_target' from command line to 'None'
[0.557s] Level 5:colcon.colcon_core.verb:set package 'myworkcell_moveit_config' build argument 'cmake_target_skip_unavailable' from command line to 'False'
[0.557s] Level 5:colcon.colcon_core.verb:set package 'myworkcell_moveit_config' build argument 'cmake_clean_cache' from command line to 'False'
[0.557s] Level 5:colcon.colcon_core.verb:set package 'myworkcell_moveit_config' build argument 'cmake_clean_first' from command line to 'False'
[0.557s] Level 5:colcon.colcon_core.verb:set package 'myworkcell_moveit_config' build argument 'cmake_force_configure' from command line to 'False'
[0.557s] Level 5:colcon.colcon_core.verb:set package 'myworkcell_moveit_config' build argument 'ament_cmake_args' from command line to 'None'
[0.557s] Level 5:colcon.colcon_core.verb:set package 'myworkcell_moveit_config' build argument 'catkin_cmake_args' from command line to 'None'
[0.557s] Level 5:colcon.colcon_core.verb:set package 'myworkcell_moveit_config' build argument 'catkin_skip_building_tests' from command line to 'False'
[0.557s] DEBUG:colcon.colcon_core.verb:Building package 'myworkcell_moveit_config' with the following arguments: {'ament_cmake_args': None, 'build_base': '/home/ubuntu/ros2_ws/build/myworkcell_moveit_config', 'catkin_cmake_args': None, 'catkin_skip_building_tests': False, 'cmake_args': None, 'cmake_clean_cache': False, 'cmake_clean_first': False, 'cmake_force_configure': False, 'cmake_target': None, 'cmake_target_skip_unavailable': False, 'install_base': '/home/ubuntu/ros2_ws/install/myworkcell_moveit_config', 'merge_install': False, 'path': '/home/ubuntu/ros2_ws/src/myworkcell_moveit_config', 'symlink_install': True, 'test_result_base': None}
[0.558s] INFO:colcon.colcon_core.executor:Executing jobs using 'parallel' executor
[0.561s] DEBUG:colcon.colcon_parallel_executor.executor.parallel:run_until_complete
[0.562s] INFO:colcon.colcon_ros.task.ament_cmake.build:Building ROS package in '/home/ubuntu/ros2_ws/src/fake_ar_publisher' with build type 'ament_cmake'
[0.562s] INFO:colcon.colcon_cmake.task.cmake.build:Building CMake package in '/home/ubuntu/ros2_ws/src/fake_ar_publisher'
[0.566s] INFO:colcon.colcon_core.plugin_system:Skipping extension 'colcon_core.shell.bat': Not used on non-Windows systems
[0.566s] INFO:colcon.colcon_core.shell:Skip shell extension 'powershell' for command environment: Not usable outside of PowerShell
[0.567s] DEBUG:colcon.colcon_core.shell:Skip shell extension 'dsv' for command environment
[0.577s] DEBUG:colcon.colcon_core.event_handler.log_command:Invoking command in '/home/ubuntu/ros2_ws/build/fake_ar_publisher': CMAKE_PREFIX_PATH=${CMAKE_PREFIX_PATH}:/opt/ros/humble /usr/bin/cmake /home/ubuntu/ros2_ws/src/fake_ar_publisher -DAMENT_CMAKE_SYMLINK_INSTALL=1 -DCMAKE_INSTALL_PREFIX=/home/ubuntu/ros2_ws/install/fake_ar_publisher
[3.448s] DEBUG:colcon.colcon_core.event_handler.log_command:Invoked command in '/home/ubuntu/ros2_ws/build/fake_ar_publisher' returned '0': CMAKE_PREFIX_PATH=${CMAKE_PREFIX_PATH}:/opt/ros/humble /usr/bin/cmake /home/ubuntu/ros2_ws/src/fake_ar_publisher -DAMENT_CMAKE_SYMLINK_INSTALL=1 -DCMAKE_INSTALL_PREFIX=/home/ubuntu/ros2_ws/install/fake_ar_publisher
[3.451s] DEBUG:colcon.colcon_core.event_handler.log_command:Invoking command in '/home/ubuntu/ros2_ws/build/fake_ar_publisher': CMAKE_PREFIX_PATH=${CMAKE_PREFIX_PATH}:/opt/ros/humble /usr/bin/cmake --build /home/ubuntu/ros2_ws/build/fake_ar_publisher -- -j4 -l4
[11.244s] DEBUG:colcon.colcon_core.event_handler.log_command:Invoked command in '/home/ubuntu/ros2_ws/build/fake_ar_publisher' returned '0': CMAKE_PREFIX_PATH=${CMAKE_PREFIX_PATH}:/opt/ros/humble /usr/bin/cmake --build /home/ubuntu/ros2_ws/build/fake_ar_publisher -- -j4 -l4
[11.320s] DEBUG:colcon.colcon_core.event_handler.log_command:Invoking command in '/home/ubuntu/ros2_ws/build/fake_ar_publisher': CMAKE_PREFIX_PATH=${CMAKE_PREFIX_PATH}:/opt/ros/humble /usr/bin/cmake --install /home/ubuntu/ros2_ws/build/fake_ar_publisher
[11.859s] Level 1:colcon.colcon_core.environment:create_environment_scripts_only(fake_ar_publisher)
[11.860s] DEBUG:colcon.colcon_core.event_handler.log_command:Invoked command in '/home/ubuntu/ros2_ws/build/fake_ar_publisher' returned '0': CMAKE_PREFIX_PATH=${CMAKE_PREFIX_PATH}:/opt/ros/humble /usr/bin/cmake --install /home/ubuntu/ros2_ws/build/fake_ar_publisher
[11.864s] Level 1:colcon.colcon_core.environment:checking '/home/ubuntu/ros2_ws/install/fake_ar_publisher' for CMake module files
[11.865s] Level 1:colcon.colcon_core.environment:checking '/home/ubuntu/ros2_ws/install/fake_ar_publisher' for CMake config files
[11.866s] Level 1:colcon.colcon_core.shell:create_environment_hook('fake_ar_publisher', 'cmake_prefix_path')
[11.867s] INFO:colcon.colcon_core.shell:Creating environment hook '/home/ubuntu/ros2_ws/install/fake_ar_publisher/share/fake_ar_publisher/hook/cmake_prefix_path.ps1'
[11.868s] INFO:colcon.colcon_core.shell:Creating environment descriptor '/home/ubuntu/ros2_ws/install/fake_ar_publisher/share/fake_ar_publisher/hook/cmake_prefix_path.dsv'
[11.868s] INFO:colcon.colcon_core.shell:Creating environment hook '/home/ubuntu/ros2_ws/install/fake_ar_publisher/share/fake_ar_publisher/hook/cmake_prefix_path.sh'
[11.869s] Level 1:colcon.colcon_core.environment:checking '/home/ubuntu/ros2_ws/install/fake_ar_publisher/lib'
[11.870s] Level 1:colcon.colcon_core.shell:create_environment_hook('fake_ar_publisher', 'ld_library_path_lib')
[11.871s] INFO:colcon.colcon_core.shell:Creating environment hook '/home/ubuntu/ros2_ws/install/fake_ar_publisher/share/fake_ar_publisher/hook/ld_library_path_lib.ps1'
[11.871s] INFO:colcon.colcon_core.shell:Creating environment descriptor '/home/ubuntu/ros2_ws/install/fake_ar_publisher/share/fake_ar_publisher/hook/ld_library_path_lib.dsv'
[11.872s] INFO:colcon.colcon_core.shell:Creating environment hook '/home/ubuntu/ros2_ws/install/fake_ar_publisher/share/fake_ar_publisher/hook/ld_library_path_lib.sh'
[11.872s] Level 1:colcon.colcon_core.environment:checking '/home/ubuntu/ros2_ws/install/fake_ar_publisher/bin'
[11.872s] Level 1:colcon.colcon_core.environment:checking '/home/ubuntu/ros2_ws/install/fake_ar_publisher/lib/pkgconfig/fake_ar_publisher.pc'
[11.872s] Level 1:colcon.colcon_core.environment:checking '/home/ubuntu/ros2_ws/install/fake_ar_publisher/lib/python3.10/site-packages'
[11.872s] Level 1:colcon.colcon_core.environment:checking '/home/ubuntu/ros2_ws/install/fake_ar_publisher/bin'
[11.874s] INFO:colcon.colcon_core.shell:Creating package script '/home/ubuntu/ros2_ws/install/fake_ar_publisher/share/fake_ar_publisher/package.ps1'
[11.875s] INFO:colcon.colcon_core.shell:Creating package descriptor '/home/ubuntu/ros2_ws/install/fake_ar_publisher/share/fake_ar_publisher/package.dsv'
[11.875s] INFO:colcon.colcon_core.shell:Creating package script '/home/ubuntu/ros2_ws/install/fake_ar_publisher/share/fake_ar_publisher/package.sh'
[11.876s] INFO:colcon.colcon_core.shell:Creating package script '/home/ubuntu/ros2_ws/install/fake_ar_publisher/share/fake_ar_publisher/package.bash'
[11.876s] INFO:colcon.colcon_core.shell:Creating package script '/home/ubuntu/ros2_ws/install/fake_ar_publisher/share/fake_ar_publisher/package.zsh'
[11.877s] Level 1:colcon.colcon_core.environment:create_file_with_runtime_dependencies(/home/ubuntu/ros2_ws/install/fake_ar_publisher/share/colcon-core/packages/fake_ar_publisher)
[11.947s] Level 1:colcon.colcon_core.environment:create_environment_scripts_only(fake_ar_publisher)
[11.949s] Level 1:colcon.colcon_core.environment:checking '/home/ubuntu/ros2_ws/install/fake_ar_publisher' for CMake module files
[11.950s] Level 1:colcon.colcon_core.environment:checking '/home/ubuntu/ros2_ws/install/fake_ar_publisher' for CMake config files
[11.951s] Level 1:colcon.colcon_core.shell:create_environment_hook('fake_ar_publisher', 'cmake_prefix_path')
[11.952s] INFO:colcon.colcon_core.shell:Creating environment hook '/home/ubuntu/ros2_ws/install/fake_ar_publisher/share/fake_ar_publisher/hook/cmake_prefix_path.ps1'
[11.953s] INFO:colcon.colcon_core.shell:Creating environment descriptor '/home/ubuntu/ros2_ws/install/fake_ar_publisher/share/fake_ar_publisher/hook/cmake_prefix_path.dsv'
[11.953s] INFO:colcon.colcon_core.shell:Creating environment hook '/home/ubuntu/ros2_ws/install/fake_ar_publisher/share/fake_ar_publisher/hook/cmake_prefix_path.sh'
[11.954s] Level 1:colcon.colcon_core.environment:checking '/home/ubuntu/ros2_ws/install/fake_ar_publisher/lib'
[11.954s] Level 1:colcon.colcon_core.shell:create_environment_hook('fake_ar_publisher', 'ld_library_path_lib')
[11.955s] INFO:colcon.colcon_core.shell:Creating environment hook '/home/ubuntu/ros2_ws/install/fake_ar_publisher/share/fake_ar_publisher/hook/ld_library_path_lib.ps1'
[11.955s] INFO:colcon.colcon_core.shell:Creating environment descriptor '/home/ubuntu/ros2_ws/install/fake_ar_publisher/share/fake_ar_publisher/hook/ld_library_path_lib.dsv'
[11.956s] INFO:colcon.colcon_core.shell:Creating environment hook '/home/ubuntu/ros2_ws/install/fake_ar_publisher/share/fake_ar_publisher/hook/ld_library_path_lib.sh'
[11.956s] Level 1:colcon.colcon_core.environment:checking '/home/ubuntu/ros2_ws/install/fake_ar_publisher/bin'
[11.956s] Level 1:colcon.colcon_core.environment:checking '/home/ubuntu/ros2_ws/install/fake_ar_publisher/lib/pkgconfig/fake_ar_publisher.pc'
[11.956s] Level 1:colcon.colcon_core.environment:checking '/home/ubuntu/ros2_ws/install/fake_ar_publisher/lib/python3.10/site-packages'
[11.956s] Level 1:colcon.colcon_core.environment:checking '/home/ubuntu/ros2_ws/install/fake_ar_publisher/bin'
[11.958s] INFO:colcon.colcon_core.shell:Creating package script '/home/ubuntu/ros2_ws/install/fake_ar_publisher/share/fake_ar_publisher/package.ps1'
[11.958s] INFO:colcon.colcon_core.shell:Creating package descriptor '/home/ubuntu/ros2_ws/install/fake_ar_publisher/share/fake_ar_publisher/package.dsv'
[11.959s] INFO:colcon.colcon_core.shell:Creating package script '/home/ubuntu/ros2_ws/install/fake_ar_publisher/share/fake_ar_publisher/package.sh'
[11.959s] INFO:colcon.colcon_core.shell:Creating package script '/home/ubuntu/ros2_ws/install/fake_ar_publisher/share/fake_ar_publisher/package.bash'
[11.959s] INFO:colcon.colcon_core.shell:Creating package script '/home/ubuntu/ros2_ws/install/fake_ar_publisher/share/fake_ar_publisher/package.zsh'
[11.960s] Level 1:colcon.colcon_core.environment:create_file_with_runtime_dependencies(/home/ubuntu/ros2_ws/install/fake_ar_publisher/share/colcon-core/packages/fake_ar_publisher)
[11.960s] INFO:colcon.colcon_ros.task.ament_cmake.build:Building ROS package in '/home/ubuntu/ros2_ws/src/myworkcell_core' with build type 'ament_cmake'
[11.960s] INFO:colcon.colcon_cmake.task.cmake.build:Building CMake package in '/home/ubuntu/ros2_ws/src/myworkcell_core'
[11.962s] INFO:colcon.colcon_core.shell:Skip shell extension 'powershell' for command environment: Not usable outside of PowerShell
[11.962s] DEBUG:colcon.colcon_core.shell:Skip shell extension 'dsv' for command environment
[11.973s] DEBUG:colcon.colcon_core.event_handler.log_command:Invoking command in '/home/ubuntu/ros2_ws/build/myworkcell_core': CMAKE_PREFIX_PATH=/home/ubuntu/ros2_ws/install/fake_ar_publisher:/home/ubuntu/ros2_ws/install/myworkcell_moveit_config:/home/ubuntu/ros2_ws/install/myworkcell_support:/home/ubuntu/ros2_ws/install/myworkcell_core:/opt/ros/humble LD_LIBRARY_PATH=/home/ubuntu/ros2_ws/install/fake_ar_publisher/lib:/home/ubuntu/ros2_ws/install/myworkcell_core/lib:/opt/ros/humble/opt/rviz_ogre_vendor/lib:/opt/ros/humble/lib/x86_64-linux-gnu:/opt/ros/humble/lib /usr/bin/cmake /home/ubuntu/ros2_ws/src/myworkcell_core -DAMENT_CMAKE_SYMLINK_INSTALL=1 -DCMAKE_INSTALL_PREFIX=/home/ubuntu/ros2_ws/install/myworkcell_core
[18.303s] DEBUG:colcon.colcon_core.event_handler.log_command:Invoked command in '/home/ubuntu/ros2_ws/build/myworkcell_core' returned '0': CMAKE_PREFIX_PATH=/home/ubuntu/ros2_ws/install/fake_ar_publisher:/home/ubuntu/ros2_ws/install/myworkcell_moveit_config:/home/ubuntu/ros2_ws/install/myworkcell_support:/home/ubuntu/ros2_ws/install/myworkcell_core:/opt/ros/humble LD_LIBRARY_PATH=/home/ubuntu/ros2_ws/install/fake_ar_publisher/lib:/home/ubuntu/ros2_ws/install/myworkcell_core/lib:/opt/ros/humble/opt/rviz_ogre_vendor/lib:/opt/ros/humble/lib/x86_64-linux-gnu:/opt/ros/humble/lib /usr/bin/cmake /home/ubuntu/ros2_ws/src/myworkcell_core -DAMENT_CMAKE_SYMLINK_INSTALL=1 -DCMAKE_INSTALL_PREFIX=/home/ubuntu/ros2_ws/install/myworkcell_core
[18.306s] DEBUG:colcon.colcon_core.event_handler.log_command:Invoking command in '/home/ubuntu/ros2_ws/build/myworkcell_core': CMAKE_PREFIX_PATH=/home/ubuntu/ros2_ws/install/fake_ar_publisher:/home/ubuntu/ros2_ws/install/myworkcell_moveit_config:/home/ubuntu/ros2_ws/install/myworkcell_support:/home/ubuntu/ros2_ws/install/myworkcell_core:/opt/ros/humble LD_LIBRARY_PATH=/home/ubuntu/ros2_ws/install/fake_ar_publisher/lib:/home/ubuntu/ros2_ws/install/myworkcell_core/lib:/opt/ros/humble/opt/rviz_ogre_vendor/lib:/opt/ros/humble/lib/x86_64-linux-gnu:/opt/ros/humble/lib /usr/bin/cmake --build /home/ubuntu/ros2_ws/build/myworkcell_core -- -j4 -l4
[33.937s] DEBUG:colcon.colcon_core.event_handler.log_command:Invoked command in '/home/ubuntu/ros2_ws/build/myworkcell_core' returned '0': CMAKE_PREFIX_PATH=/home/ubuntu/ros2_ws/install/fake_ar_publisher:/home/ubuntu/ros2_ws/install/myworkcell_moveit_config:/home/ubuntu/ros2_ws/install/myworkcell_support:/home/ubuntu/ros2_ws/install/myworkcell_core:/opt/ros/humble LD_LIBRARY_PATH=/home/ubuntu/ros2_ws/install/fake_ar_publisher/lib:/home/ubuntu/ros2_ws/install/myworkcell_core/lib:/opt/ros/humble/opt/rviz_ogre_vendor/lib:/opt/ros/humble/lib/x86_64-linux-gnu:/opt/ros/humble/lib /usr/bin/cmake --build /home/ubuntu/ros2_ws/build/myworkcell_core -- -j4 -l4
[34.013s] DEBUG:colcon.colcon_core.event_handler.log_command:Invoking command in '/home/ubuntu/ros2_ws/build/myworkcell_core': CMAKE_PREFIX_PATH=/home/ubuntu/ros2_ws/install/fake_ar_publisher:/home/ubuntu/ros2_ws/install/myworkcell_moveit_config:/home/ubuntu/ros2_ws/install/myworkcell_support:/home/ubuntu/ros2_ws/install/myworkcell_core:/opt/ros/humble LD_LIBRARY_PATH=/home/ubuntu/ros2_ws/install/fake_ar_publisher/lib:/home/ubuntu/ros2_ws/install/myworkcell_core/lib:/opt/ros/humble/opt/rviz_ogre_vendor/lib:/opt/ros/humble/lib/x86_64-linux-gnu:/opt/ros/humble/lib /usr/bin/cmake --install /home/ubuntu/ros2_ws/build/myworkcell_core
[34.599s] Level 1:colcon.colcon_core.environment:create_environment_scripts_only(myworkcell_core)
[34.601s] Level 1:colcon.colcon_core.environment:checking '/home/ubuntu/ros2_ws/install/myworkcell_core' for CMake module files
[34.602s] DEBUG:colcon.colcon_core.event_handler.log_command:Invoked command in '/home/ubuntu/ros2_ws/build/myworkcell_core' returned '0': CMAKE_PREFIX_PATH=/home/ubuntu/ros2_ws/install/fake_ar_publisher:/home/ubuntu/ros2_ws/install/myworkcell_moveit_config:/home/ubuntu/ros2_ws/install/myworkcell_support:/home/ubuntu/ros2_ws/install/myworkcell_core:/opt/ros/humble LD_LIBRARY_PATH=/home/ubuntu/ros2_ws/install/fake_ar_publisher/lib:/home/ubuntu/ros2_ws/install/myworkcell_core/lib:/opt/ros/humble/opt/rviz_ogre_vendor/lib:/opt/ros/humble/lib/x86_64-linux-gnu:/opt/ros/humble/lib /usr/bin/cmake --install /home/ubuntu/ros2_ws/build/myworkcell_core
[34.602s] Level 1:colcon.colcon_core.environment:checking '/home/ubuntu/ros2_ws/install/myworkcell_core' for CMake config files
[34.603s] Level 1:colcon.colcon_core.shell:create_environment_hook('myworkcell_core', 'cmake_prefix_path')
[34.605s] INFO:colcon.colcon_core.shell:Creating environment hook '/home/ubuntu/ros2_ws/install/myworkcell_core/share/myworkcell_core/hook/cmake_prefix_path.ps1'
[34.605s] INFO:colcon.colcon_core.shell:Creating environment descriptor '/home/ubuntu/ros2_ws/install/myworkcell_core/share/myworkcell_core/hook/cmake_prefix_path.dsv'
[34.605s] INFO:colcon.colcon_core.shell:Creating environment hook '/home/ubuntu/ros2_ws/install/myworkcell_core/share/myworkcell_core/hook/cmake_prefix_path.sh'
[34.606s] Level 1:colcon.colcon_core.environment:checking '/home/ubuntu/ros2_ws/install/myworkcell_core/lib'
[34.606s] Level 1:colcon.colcon_core.shell:create_environment_hook('myworkcell_core', 'ld_library_path_lib')
[34.607s] INFO:colcon.colcon_core.shell:Creating environment hook '/home/ubuntu/ros2_ws/install/myworkcell_core/share/myworkcell_core/hook/ld_library_path_lib.ps1'
[34.608s] INFO:colcon.colcon_core.shell:Creating environment descriptor '/home/ubuntu/ros2_ws/install/myworkcell_core/share/myworkcell_core/hook/ld_library_path_lib.dsv'
[34.608s] INFO:colcon.colcon_core.shell:Creating environment hook '/home/ubuntu/ros2_ws/install/myworkcell_core/share/myworkcell_core/hook/ld_library_path_lib.sh'
[34.608s] Level 1:colcon.colcon_core.environment:checking '/home/ubuntu/ros2_ws/install/myworkcell_core/bin'
[34.608s] Level 1:colcon.colcon_core.environment:checking '/home/ubuntu/ros2_ws/install/myworkcell_core/lib/pkgconfig/myworkcell_core.pc'
[34.608s] Level 1:colcon.colcon_core.environment:checking '/home/ubuntu/ros2_ws/install/myworkcell_core/lib/python3.10/site-packages'
[34.609s] Level 1:colcon.colcon_core.environment:checking '/home/ubuntu/ros2_ws/install/myworkcell_core/bin'
[34.610s] INFO:colcon.colcon_core.shell:Creating package script '/home/ubuntu/ros2_ws/install/myworkcell_core/share/myworkcell_core/package.ps1'
[34.610s] INFO:colcon.colcon_core.shell:Creating package descriptor '/home/ubuntu/ros2_ws/install/myworkcell_core/share/myworkcell_core/package.dsv'
[34.611s] INFO:colcon.colcon_core.shell:Creating package script '/home/ubuntu/ros2_ws/install/myworkcell_core/share/myworkcell_core/package.sh'
[34.611s] INFO:colcon.colcon_core.shell:Creating package script '/home/ubuntu/ros2_ws/install/myworkcell_core/share/myworkcell_core/package.bash'
[34.611s] INFO:colcon.colcon_core.shell:Creating package script '/home/ubuntu/ros2_ws/install/myworkcell_core/share/myworkcell_core/package.zsh'
[34.612s] Level 1:colcon.colcon_core.environment:create_file_with_runtime_dependencies(/home/ubuntu/ros2_ws/install/myworkcell_core/share/colcon-core/packages/myworkcell_core)
[34.685s] Level 1:colcon.colcon_core.environment:create_environment_scripts_only(myworkcell_core)
[34.688s] Level 1:colcon.colcon_core.environment:checking '/home/ubuntu/ros2_ws/install/myworkcell_core' for CMake module files
[34.688s] Level 1:colcon.colcon_core.environment:checking '/home/ubuntu/ros2_ws/install/myworkcell_core' for CMake config files
[34.689s] Level 1:colcon.colcon_core.shell:create_environment_hook('myworkcell_core', 'cmake_prefix_path')
[34.690s] INFO:colcon.colcon_core.shell:Creating environment hook '/home/ubuntu/ros2_ws/install/myworkcell_core/share/myworkcell_core/hook/cmake_prefix_path.ps1'
[34.691s] INFO:colcon.colcon_core.shell:Creating environment descriptor '/home/ubuntu/ros2_ws/install/myworkcell_core/share/myworkcell_core/hook/cmake_prefix_path.dsv'
[34.691s] INFO:colcon.colcon_core.shell:Creating environment hook '/home/ubuntu/ros2_ws/install/myworkcell_core/share/myworkcell_core/hook/cmake_prefix_path.sh'
[34.692s] Level 1:colcon.colcon_core.environment:checking '/home/ubuntu/ros2_ws/install/myworkcell_core/lib'
[34.692s] Level 1:colcon.colcon_core.shell:create_environment_hook('myworkcell_core', 'ld_library_path_lib')
[34.693s] INFO:colcon.colcon_core.shell:Creating environment hook '/home/ubuntu/ros2_ws/install/myworkcell_core/share/myworkcell_core/hook/ld_library_path_lib.ps1'
[34.694s] INFO:colcon.colcon_core.shell:Creating environment descriptor '/home/ubuntu/ros2_ws/install/myworkcell_core/share/myworkcell_core/hook/ld_library_path_lib.dsv'
[34.694s] INFO:colcon.colcon_core.shell:Creating environment hook '/home/ubuntu/ros2_ws/install/myworkcell_core/share/myworkcell_core/hook/ld_library_path_lib.sh'
[34.694s] Level 1:colcon.colcon_core.environment:checking '/home/ubuntu/ros2_ws/install/myworkcell_core/bin'
[34.694s] Level 1:colcon.colcon_core.environment:checking '/home/ubuntu/ros2_ws/install/myworkcell_core/lib/pkgconfig/myworkcell_core.pc'
[34.694s] Level 1:colcon.colcon_core.environment:checking '/home/ubuntu/ros2_ws/install/myworkcell_core/lib/python3.10/site-packages'
[34.695s] Level 1:colcon.colcon_core.environment:checking '/home/ubuntu/ros2_ws/install/myworkcell_core/bin'
[34.696s] INFO:colcon.colcon_core.shell:Creating package script '/home/ubuntu/ros2_ws/install/myworkcell_core/share/myworkcell_core/package.ps1'
[34.697s] INFO:colcon.colcon_core.shell:Creating package descriptor '/home/ubuntu/ros2_ws/install/myworkcell_core/share/myworkcell_core/package.dsv'
[34.697s] INFO:colcon.colcon_core.shell:Creating package script '/home/ubuntu/ros2_ws/install/myworkcell_core/share/myworkcell_core/package.sh'
[34.698s] INFO:colcon.colcon_core.shell:Creating package script '/home/ubuntu/ros2_ws/install/myworkcell_core/share/myworkcell_core/package.bash'
[34.698s] INFO:colcon.colcon_core.shell:Creating package script '/home/ubuntu/ros2_ws/install/myworkcell_core/share/myworkcell_core/package.zsh'
[34.698s] Level 1:colcon.colcon_core.environment:create_file_with_runtime_dependencies(/home/ubuntu/ros2_ws/install/myworkcell_core/share/colcon-core/packages/myworkcell_core)
[34.699s] INFO:colcon.colcon_ros.task.ament_cmake.build:Building ROS package in '/home/ubuntu/ros2_ws/src/myworkcell_support' with build type 'ament_cmake'
[34.699s] INFO:colcon.colcon_cmake.task.cmake.build:Building CMake package in '/home/ubuntu/ros2_ws/src/myworkcell_support'
[34.700s] INFO:colcon.colcon_core.shell:Skip shell extension 'powershell' for command environment: Not usable outside of PowerShell
[34.700s] DEBUG:colcon.colcon_core.shell:Skip shell extension 'dsv' for command environment
[34.716s] DEBUG:colcon.colcon_core.event_handler.log_command:Invoking command in '/home/ubuntu/ros2_ws/build/myworkcell_support': CMAKE_PREFIX_PATH=/home/ubuntu/ros2_ws/install/myworkcell_core:/home/ubuntu/ros2_ws/install/fake_ar_publisher:/home/ubuntu/ros2_ws/install/myworkcell_moveit_config:/home/ubuntu/ros2_ws/install/myworkcell_support:/opt/ros/humble /usr/bin/cmake /home/ubuntu/ros2_ws/src/myworkcell_support -DAMENT_CMAKE_SYMLINK_INSTALL=1 -DCMAKE_INSTALL_PREFIX=/home/ubuntu/ros2_ws/install/myworkcell_support
[36.852s] DEBUG:colcon.colcon_core.event_handler.log_command:Invoked command in '/home/ubuntu/ros2_ws/build/myworkcell_support' returned '0': CMAKE_PREFIX_PATH=/home/ubuntu/ros2_ws/install/myworkcell_core:/home/ubuntu/ros2_ws/install/fake_ar_publisher:/home/ubuntu/ros2_ws/install/myworkcell_moveit_config:/home/ubuntu/ros2_ws/install/myworkcell_support:/opt/ros/humble /usr/bin/cmake /home/ubuntu/ros2_ws/src/myworkcell_support -DAMENT_CMAKE_SYMLINK_INSTALL=1 -DCMAKE_INSTALL_PREFIX=/home/ubuntu/ros2_ws/install/myworkcell_support
[36.855s] DEBUG:colcon.colcon_core.event_handler.log_command:Invoking command in '/home/ubuntu/ros2_ws/build/myworkcell_support': CMAKE_PREFIX_PATH=/home/ubuntu/ros2_ws/install/myworkcell_core:/home/ubuntu/ros2_ws/install/fake_ar_publisher:/home/ubuntu/ros2_ws/install/myworkcell_moveit_config:/home/ubuntu/ros2_ws/install/myworkcell_support:/opt/ros/humble /usr/bin/cmake --build /home/ubuntu/ros2_ws/build/myworkcell_support -- -j4 -l4
[36.896s] DEBUG:colcon.colcon_core.event_handler.log_command:Invoked command in '/home/ubuntu/ros2_ws/build/myworkcell_support' returned '0': CMAKE_PREFIX_PATH=/home/ubuntu/ros2_ws/install/myworkcell_core:/home/ubuntu/ros2_ws/install/fake_ar_publisher:/home/ubuntu/ros2_ws/install/myworkcell_moveit_config:/home/ubuntu/ros2_ws/install/myworkcell_support:/opt/ros/humble /usr/bin/cmake --build /home/ubuntu/ros2_ws/build/myworkcell_support -- -j4 -l4
[36.920s] DEBUG:colcon.colcon_core.event_handler.log_command:Invoking command in '/home/ubuntu/ros2_ws/build/myworkcell_support': CMAKE_PREFIX_PATH=/home/ubuntu/ros2_ws/install/myworkcell_core:/home/ubuntu/ros2_ws/install/fake_ar_publisher:/home/ubuntu/ros2_ws/install/myworkcell_moveit_config:/home/ubuntu/ros2_ws/install/myworkcell_support:/opt/ros/humble /usr/bin/cmake --install /home/ubuntu/ros2_ws/build/myworkcell_support
[37.075s] Level 1:colcon.colcon_core.environment:create_environment_scripts_only(myworkcell_support)
[37.078s] Level 1:colcon.colcon_core.environment:checking '/home/ubuntu/ros2_ws/install/myworkcell_support' for CMake module files
[37.078s] DEBUG:colcon.colcon_core.event_handler.log_command:Invoked command in '/home/ubuntu/ros2_ws/build/myworkcell_support' returned '0': CMAKE_PREFIX_PATH=/home/ubuntu/ros2_ws/install/myworkcell_core:/home/ubuntu/ros2_ws/install/fake_ar_publisher:/home/ubuntu/ros2_ws/install/myworkcell_moveit_config:/home/ubuntu/ros2_ws/install/myworkcell_support:/opt/ros/humble /usr/bin/cmake --install /home/ubuntu/ros2_ws/build/myworkcell_support
[37.078s] Level 1:colcon.colcon_core.environment:checking '/home/ubuntu/ros2_ws/install/myworkcell_support' for CMake config files
[37.079s] Level 1:colcon.colcon_core.shell:create_environment_hook('myworkcell_support', 'cmake_prefix_path')
[37.080s] INFO:colcon.colcon_core.shell:Creating environment hook '/home/ubuntu/ros2_ws/install/myworkcell_support/share/myworkcell_support/hook/cmake_prefix_path.ps1'
[37.081s] INFO:colcon.colcon_core.shell:Creating environment descriptor '/home/ubuntu/ros2_ws/install/myworkcell_support/share/myworkcell_support/hook/cmake_prefix_path.dsv'
[37.081s] INFO:colcon.colcon_core.shell:Creating environment hook '/home/ubuntu/ros2_ws/install/myworkcell_support/share/myworkcell_support/hook/cmake_prefix_path.sh'
[37.081s] Level 1:colcon.colcon_core.environment:checking '/home/ubuntu/ros2_ws/install/myworkcell_support/bin'
[37.081s] Level 1:colcon.colcon_core.environment:checking '/home/ubuntu/ros2_ws/install/myworkcell_support/lib/pkgconfig/myworkcell_support.pc'
[37.082s] Level 1:colcon.colcon_core.environment:checking '/home/ubuntu/ros2_ws/install/myworkcell_support/lib/python3.10/site-packages'
[37.082s] Level 1:colcon.colcon_core.environment:checking '/home/ubuntu/ros2_ws/install/myworkcell_support/bin'
[37.083s] INFO:colcon.colcon_core.shell:Creating package script '/home/ubuntu/ros2_ws/install/myworkcell_support/share/myworkcell_support/package.ps1'
[37.084s] INFO:colcon.colcon_core.shell:Creating package descriptor '/home/ubuntu/ros2_ws/install/myworkcell_support/share/myworkcell_support/package.dsv'
[37.084s] INFO:colcon.colcon_core.shell:Creating package script '/home/ubuntu/ros2_ws/install/myworkcell_support/share/myworkcell_support/package.sh'
[37.085s] INFO:colcon.colcon_core.shell:Creating package script '/home/ubuntu/ros2_ws/install/myworkcell_support/share/myworkcell_support/package.bash'
[37.085s] INFO:colcon.colcon_core.shell:Creating package script '/home/ubuntu/ros2_ws/install/myworkcell_support/share/myworkcell_support/package.zsh'
[37.085s] Level 1:colcon.colcon_core.environment:create_file_with_runtime_dependencies(/home/ubuntu/ros2_ws/install/myworkcell_support/share/colcon-core/packages/myworkcell_support)
[37.110s] Level 1:colcon.colcon_core.environment:create_environment_scripts_only(myworkcell_support)
[37.111s] Level 1:colcon.colcon_core.environment:checking '/home/ubuntu/ros2_ws/install/myworkcell_support' for CMake module files
[37.112s] Level 1:colcon.colcon_core.environment:checking '/home/ubuntu/ros2_ws/install/myworkcell_support' for CMake config files
[37.112s] Level 1:colcon.colcon_core.shell:create_environment_hook('myworkcell_support', 'cmake_prefix_path')
[37.113s] INFO:colcon.colcon_core.shell:Creating environment hook '/home/ubuntu/ros2_ws/install/myworkcell_support/share/myworkcell_support/hook/cmake_prefix_path.ps1'
[37.114s] INFO:colcon.colcon_core.shell:Creating environment descriptor '/home/ubuntu/ros2_ws/install/myworkcell_support/share/myworkcell_support/hook/cmake_prefix_path.dsv'
[37.114s] INFO:colcon.colcon_core.shell:Creating environment hook '/home/ubuntu/ros2_ws/install/myworkcell_support/share/myworkcell_support/hook/cmake_prefix_path.sh'
[37.115s] Level 1:colcon.colcon_core.environment:checking '/home/ubuntu/ros2_ws/install/myworkcell_support/bin'
[37.115s] Level 1:colcon.colcon_core.environment:checking '/home/ubuntu/ros2_ws/install/myworkcell_support/lib/pkgconfig/myworkcell_support.pc'
[37.115s] Level 1:colcon.colcon_core.environment:checking '/home/ubuntu/ros2_ws/install/myworkcell_support/lib/python3.10/site-packages'
[37.115s] Level 1:colcon.colcon_core.environment:checking '/home/ubuntu/ros2_ws/install/myworkcell_support/bin'
[37.116s] INFO:colcon.colcon_core.shell:Creating package script '/home/ubuntu/ros2_ws/install/myworkcell_support/share/myworkcell_support/package.ps1'
[37.117s] INFO:colcon.colcon_core.shell:Creating package descriptor '/home/ubuntu/ros2_ws/install/myworkcell_support/share/myworkcell_support/package.dsv'
[37.117s] INFO:colcon.colcon_core.shell:Creating package script '/home/ubuntu/ros2_ws/install/myworkcell_support/share/myworkcell_support/package.sh'
[37.118s] INFO:colcon.colcon_core.shell:Creating package script '/home/ubuntu/ros2_ws/install/myworkcell_support/share/myworkcell_support/package.bash'
[37.118s] INFO:colcon.colcon_core.shell:Creating package script '/home/ubuntu/ros2_ws/install/myworkcell_support/share/myworkcell_support/package.zsh'
[37.119s] Level 1:colcon.colcon_core.environment:create_file_with_runtime_dependencies(/home/ubuntu/ros2_ws/install/myworkcell_support/share/colcon-core/packages/myworkcell_support)
[37.119s] INFO:colcon.colcon_ros.task.ament_cmake.build:Building ROS package in '/home/ubuntu/ros2_ws/src/myworkcell_moveit_config' with build type 'ament_cmake'
[37.119s] INFO:colcon.colcon_cmake.task.cmake.build:Building CMake package in '/home/ubuntu/ros2_ws/src/myworkcell_moveit_config'
[37.121s] INFO:colcon.colcon_core.shell:Skip shell extension 'powershell' for command environment: Not usable outside of PowerShell
[37.121s] DEBUG:colcon.colcon_core.shell:Skip shell extension 'dsv' for command environment
[37.135s] DEBUG:colcon.colcon_core.event_handler.log_command:Invoking command in '/home/ubuntu/ros2_ws/build/myworkcell_moveit_config': CMAKE_PREFIX_PATH=/home/ubuntu/ros2_ws/install/myworkcell_support:/home/ubuntu/ros2_ws/install/myworkcell_core:/home/ubuntu/ros2_ws/install/fake_ar_publisher:/home/ubuntu/ros2_ws/install/myworkcell_moveit_config:/opt/ros/humble /usr/bin/cmake /home/ubuntu/ros2_ws/src/myworkcell_moveit_config -DAMENT_CMAKE_SYMLINK_INSTALL=1 -DCMAKE_INSTALL_PREFIX=/home/ubuntu/ros2_ws/install/myworkcell_moveit_config
[37.827s] DEBUG:colcon.colcon_core.event_handler.log_command:Invoked command in '/home/ubuntu/ros2_ws/build/myworkcell_moveit_config' returned '0': CMAKE_PREFIX_PATH=/home/ubuntu/ros2_ws/install/myworkcell_support:/home/ubuntu/ros2_ws/install/myworkcell_core:/home/ubuntu/ros2_ws/install/fake_ar_publisher:/home/ubuntu/ros2_ws/install/myworkcell_moveit_config:/opt/ros/humble /usr/bin/cmake /home/ubuntu/ros2_ws/src/myworkcell_moveit_config -DAMENT_CMAKE_SYMLINK_INSTALL=1 -DCMAKE_INSTALL_PREFIX=/home/ubuntu/ros2_ws/install/myworkcell_moveit_config
[37.828s] DEBUG:colcon.colcon_core.event_handler.log_command:Invoking command in '/home/ubuntu/ros2_ws/build/myworkcell_moveit_config': CMAKE_PREFIX_PATH=/home/ubuntu/ros2_ws/install/myworkcell_support:/home/ubuntu/ros2_ws/install/myworkcell_core:/home/ubuntu/ros2_ws/install/fake_ar_publisher:/home/ubuntu/ros2_ws/install/myworkcell_moveit_config:/opt/ros/humble /usr/bin/cmake --build /home/ubuntu/ros2_ws/build/myworkcell_moveit_config -- -j4 -l4
[37.866s] DEBUG:colcon.colcon_core.event_handler.log_command:Invoked command in '/home/ubuntu/ros2_ws/build/myworkcell_moveit_config' returned '0': CMAKE_PREFIX_PATH=/home/ubuntu/ros2_ws/install/myworkcell_support:/home/ubuntu/ros2_ws/install/myworkcell_core:/home/ubuntu/ros2_ws/install/fake_ar_publisher:/home/ubuntu/ros2_ws/install/myworkcell_moveit_config:/opt/ros/humble /usr/bin/cmake --build /home/ubuntu/ros2_ws/build/myworkcell_moveit_config -- -j4 -l4
[37.890s] DEBUG:colcon.colcon_core.event_handler.log_command:Invoking command in '/home/ubuntu/ros2_ws/build/myworkcell_moveit_config': CMAKE_PREFIX_PATH=/home/ubuntu/ros2_ws/install/myworkcell_support:/home/ubuntu/ros2_ws/install/myworkcell_core:/home/ubuntu/ros2_ws/install/fake_ar_publisher:/home/ubuntu/ros2_ws/install/myworkcell_moveit_config:/opt/ros/humble /usr/bin/cmake --install /home/ubuntu/ros2_ws/build/myworkcell_moveit_config
[38.203s] Level 1:colcon.colcon_core.environment:create_environment_scripts_only(myworkcell_moveit_config)
[38.205s] Level 1:colcon.colcon_core.environment:checking '/home/ubuntu/ros2_ws/install/myworkcell_moveit_config' for CMake module files
[38.206s] DEBUG:colcon.colcon_core.event_handler.log_command:Invoked command in '/home/ubuntu/ros2_ws/build/myworkcell_moveit_config' returned '0': CMAKE_PREFIX_PATH=/home/ubuntu/ros2_ws/install/myworkcell_support:/home/ubuntu/ros2_ws/install/myworkcell_core:/home/ubuntu/ros2_ws/install/fake_ar_publisher:/home/ubuntu/ros2_ws/install/myworkcell_moveit_config:/opt/ros/humble /usr/bin/cmake --install /home/ubuntu/ros2_ws/build/myworkcell_moveit_config
[38.206s] Level 1:colcon.colcon_core.environment:checking '/home/ubuntu/ros2_ws/install/myworkcell_moveit_config' for CMake config files
[38.207s] Level 1:colcon.colcon_core.shell:create_environment_hook('myworkcell_moveit_config', 'cmake_prefix_path')
[38.208s] INFO:colcon.colcon_core.shell:Creating environment hook '/home/ubuntu/ros2_ws/install/myworkcell_moveit_config/share/myworkcell_moveit_config/hook/cmake_prefix_path.ps1'
[38.208s] INFO:colcon.colcon_core.shell:Creating environment descriptor '/home/ubuntu/ros2_ws/install/myworkcell_moveit_config/share/myworkcell_moveit_config/hook/cmake_prefix_path.dsv'
[38.209s] INFO:colcon.colcon_core.shell:Creating environment hook '/home/ubuntu/ros2_ws/install/myworkcell_moveit_config/share/myworkcell_moveit_config/hook/cmake_prefix_path.sh'
[38.209s] Level 1:colcon.colcon_core.environment:checking '/home/ubuntu/ros2_ws/install/myworkcell_moveit_config/bin'
[38.209s] Level 1:colcon.colcon_core.environment:checking '/home/ubuntu/ros2_ws/install/myworkcell_moveit_config/lib/pkgconfig/myworkcell_moveit_config.pc'
[38.210s] Level 1:colcon.colcon_core.environment:checking '/home/ubuntu/ros2_ws/install/myworkcell_moveit_config/lib/python3.10/site-packages'
[38.210s] Level 1:colcon.colcon_core.environment:checking '/home/ubuntu/ros2_ws/install/myworkcell_moveit_config/bin'
[38.211s] INFO:colcon.colcon_core.shell:Creating package script '/home/ubuntu/ros2_ws/install/myworkcell_moveit_config/share/myworkcell_moveit_config/package.ps1'
[38.211s] INFO:colcon.colcon_core.shell:Creating package descriptor '/home/ubuntu/ros2_ws/install/myworkcell_moveit_config/share/myworkcell_moveit_config/package.dsv'
[38.212s] INFO:colcon.colcon_core.shell:Creating package script '/home/ubuntu/ros2_ws/install/myworkcell_moveit_config/share/myworkcell_moveit_config/package.sh'
[38.212s] INFO:colcon.colcon_core.shell:Creating package script '/home/ubuntu/ros2_ws/install/myworkcell_moveit_config/share/myworkcell_moveit_config/package.bash'
[38.212s] INFO:colcon.colcon_core.shell:Creating package script '/home/ubuntu/ros2_ws/install/myworkcell_moveit_config/share/myworkcell_moveit_config/package.zsh'
[38.213s] Level 1:colcon.colcon_core.environment:create_file_with_runtime_dependencies(/home/ubuntu/ros2_ws/install/myworkcell_moveit_config/share/colcon-core/packages/myworkcell_moveit_config)
[38.236s] Level 1:colcon.colcon_core.environment:create_environment_scripts_only(myworkcell_moveit_config)
[38.238s] Level 1:colcon.colcon_core.environment:checking '/home/ubuntu/ros2_ws/install/myworkcell_moveit_config' for CMake module files
[38.238s] Level 1:colcon.colcon_core.environment:checking '/home/ubuntu/ros2_ws/install/myworkcell_moveit_config' for CMake config files
[38.239s] Level 1:colcon.colcon_core.shell:create_environment_hook('myworkcell_moveit_config', 'cmake_prefix_path')
[38.240s] INFO:colcon.colcon_core.shell:Creating environment hook '/home/ubuntu/ros2_ws/install/myworkcell_moveit_config/share/myworkcell_moveit_config/hook/cmake_prefix_path.ps1'
[38.240s] INFO:colcon.colcon_core.shell:Creating environment descriptor '/home/ubuntu/ros2_ws/install/myworkcell_moveit_config/share/myworkcell_moveit_config/hook/cmake_prefix_path.dsv'
[38.241s] INFO:colcon.colcon_core.shell:Creating environment hook '/home/ubuntu/ros2_ws/install/myworkcell_moveit_config/share/myworkcell_moveit_config/hook/cmake_prefix_path.sh'
[38.241s] Level 1:colcon.colcon_core.environment:checking '/home/ubuntu/ros2_ws/install/myworkcell_moveit_config/bin'
[38.241s] Level 1:colcon.colcon_core.environment:checking '/home/ubuntu/ros2_ws/install/myworkcell_moveit_config/lib/pkgconfig/myworkcell_moveit_config.pc'
[38.242s] Level 1:colcon.colcon_core.environment:checking '/home/ubuntu/ros2_ws/install/myworkcell_moveit_config/lib/python3.10/site-packages'
[38.242s] Level 1:colcon.colcon_core.environment:checking '/home/ubuntu/ros2_ws/install/myworkcell_moveit_config/bin'
[38.243s] INFO:colcon.colcon_core.shell:Creating package script '/home/ubuntu/ros2_ws/install/myworkcell_moveit_config/share/myworkcell_moveit_config/package.ps1'
[38.243s] INFO:colcon.colcon_core.shell:Creating package descriptor '/home/ubuntu/ros2_ws/install/myworkcell_moveit_config/share/myworkcell_moveit_config/package.dsv'
[38.244s] INFO:colcon.colcon_core.shell:Creating package script '/home/ubuntu/ros2_ws/install/myworkcell_moveit_config/share/myworkcell_moveit_config/package.sh'
[38.244s] INFO:colcon.colcon_core.shell:Creating package script '/home/ubuntu/ros2_ws/install/myworkcell_moveit_config/share/myworkcell_moveit_config/package.bash'
[38.245s] INFO:colcon.colcon_core.shell:Creating package script '/home/ubuntu/ros2_ws/install/myworkcell_moveit_config/share/myworkcell_moveit_config/package.zsh'
[38.245s] Level 1:colcon.colcon_core.environment:create_file_with_runtime_dependencies(/home/ubuntu/ros2_ws/install/myworkcell_moveit_config/share/colcon-core/packages/myworkcell_moveit_config)
[38.245s] DEBUG:colcon.colcon_parallel_executor.executor.parallel:closing loop
[38.246s] DEBUG:colcon.colcon_parallel_executor.executor.parallel:loop closed
[38.246s] DEBUG:colcon.colcon_parallel_executor.executor.parallel:run_until_complete finished with '0'
[38.246s] DEBUG:colcon.colcon_core.event_reactor:joining thread
[38.251s] INFO:colcon.colcon_core.plugin_system:Skipping extension 'colcon_notification.desktop_notification.terminal_notifier': Not used on non-Darwin systems
[38.251s] INFO:colcon.colcon_core.plugin_system:Skipping extension 'colcon_notification.desktop_notification.win32': Not used on non-Windows systems
[38.251s] INFO:colcon.colcon_notification.desktop_notification:Sending desktop notification using 'notify2'
[38.265s] DEBUG:colcon.colcon_core.event_reactor:joined thread
[38.266s] INFO:colcon.colcon_core.shell:Creating prefix script '/home/ubuntu/ros2_ws/install/local_setup.ps1'
[38.267s] INFO:colcon.colcon_core.shell:Creating prefix util module '/home/ubuntu/ros2_ws/install/_local_setup_util_ps1.py'
[38.269s] INFO:colcon.colcon_core.shell:Creating prefix chain script '/home/ubuntu/ros2_ws/install/setup.ps1'
[38.272s] INFO:colcon.colcon_core.shell:Creating prefix script '/home/ubuntu/ros2_ws/install/local_setup.sh'
[38.273s] INFO:colcon.colcon_core.shell:Creating prefix util module '/home/ubuntu/ros2_ws/install/_local_setup_util_sh.py'
[38.273s] INFO:colcon.colcon_core.shell:Creating prefix chain script '/home/ubuntu/ros2_ws/install/setup.sh'
[38.276s] INFO:colcon.colcon_core.shell:Creating prefix script '/home/ubuntu/ros2_ws/install/local_setup.bash'
[38.277s] INFO:colcon.colcon_core.shell:Creating prefix chain script '/home/ubuntu/ros2_ws/install/setup.bash'
[38.279s] INFO:colcon.colcon_core.shell:Creating prefix script '/home/ubuntu/ros2_ws/install/local_setup.zsh'
[38.280s] INFO:colcon.colcon_core.shell:Creating prefix chain script '/home/ubuntu/ros2_ws/install/setup.zsh'
