[  1%] Built target industrial_reconstruction_msgs__cpp
[ 12%] Built target industrial_reconstruction_msgs__rosidl_generator_c
[ 12%] Built target ament_cmake_python_symlink_industrial_reconstruction_msgs
[ 23%] Built target industrial_reconstruction_msgs__rosidl_typesupport_introspection_cpp
[ 34%] Built target industrial_reconstruction_msgs__rosidl_typesupport_fastrtps_cpp
[ 46%] Built target industrial_reconstruction_msgs__rosidl_typesupport_cpp
[ 57%] Built target industrial_reconstruction_msgs__rosidl_typesupport_fastrtps_c
[ 68%] Built target industrial_reconstruction_msgs__rosidl_typesupport_c
[ 79%] Built target industrial_reconstruction_msgs__rosidl_typesupport_introspection_c
[ 79%] Built target industrial_reconstruction_msgs
[ 80%] Built target industrial_reconstruction_msgs__py
[ 90%] Built target industrial_reconstruction_msgs__rosidl_generator_py
[ 93%] Built target industrial_reconstruction_msgs__rosidl_typesupport_introspection_c__pyext
[ 96%] Built target industrial_reconstruction_msgs__rosidl_typesupport_c__pyext
[100%] Built target industrial_reconstruction_msgs__rosidl_typesupport_fastrtps_c__pyext
running egg_info
writing industrial_reconstruction_msgs.egg-info/PKG-INFO
writing dependency_links to industrial_reconstruction_msgs.egg-info/dependency_links.txt
writing top-level names to industrial_reconstruction_msgs.egg-info/top_level.txt
reading manifest file 'industrial_reconstruction_msgs.egg-info/SOURCES.txt'
writing manifest file 'industrial_reconstruction_msgs.egg-info/SOURCES.txt'
[100%] Built target ament_cmake_python_build_industrial_reconstruction_msgs_egg
-- Install configuration: ""
-- Execute custom install script
-- Up-to-date symlink: /home/ubuntu/tesseract_ws/install/industrial_reconstruction_msgs/share/ament_index/resource_index/rosidl_interfaces/industrial_reconstruction_msgs
-- Up-to-date symlink: /home/ubuntu/tesseract_ws/install/industrial_reconstruction_msgs/include/industrial_reconstruction_msgs/industrial_reconstruction_msgs/msg/detail/normal_filter_params__functions.h
-- Up-to-date symlink: /home/ubuntu/tesseract_ws/install/industrial_reconstruction_msgs/include/industrial_reconstruction_msgs/industrial_reconstruction_msgs/msg/detail/normal_filter_params__struct.h
-- Up-to-date symlink: /home/ubuntu/tesseract_ws/install/industrial_reconstruction_msgs/include/industrial_reconstruction_msgs/industrial_reconstruction_msgs/msg/detail/normal_filter_params__type_support.h
-- Up-to-date symlink: /home/ubuntu/tesseract_ws/install/industrial_reconstruction_msgs/include/industrial_reconstruction_msgs/industrial_reconstruction_msgs/msg/detail/rgbd_image_params__functions.h
-- Up-to-date symlink: /home/ubuntu/tesseract_ws/install/industrial_reconstruction_msgs/include/industrial_reconstruction_msgs/industrial_reconstruction_msgs/msg/detail/rgbd_image_params__struct.h
-- Up-to-date symlink: /home/ubuntu/tesseract_ws/install/industrial_reconstruction_msgs/include/industrial_reconstruction_msgs/industrial_reconstruction_msgs/msg/detail/rgbd_image_params__type_support.h
-- Up-to-date symlink: /home/ubuntu/tesseract_ws/install/industrial_reconstruction_msgs/include/industrial_reconstruction_msgs/industrial_reconstruction_msgs/msg/detail/tsdf_volume_params__functions.h
-- Up-to-date symlink: /home/ubuntu/tesseract_ws/install/industrial_reconstruction_msgs/include/industrial_reconstruction_msgs/industrial_reconstruction_msgs/msg/detail/tsdf_volume_params__struct.h
-- Up-to-date symlink: /home/ubuntu/tesseract_ws/install/industrial_reconstruction_msgs/include/industrial_reconstruction_msgs/industrial_reconstruction_msgs/msg/detail/tsdf_volume_params__type_support.h
-- Up-to-date symlink: /home/ubuntu/tesseract_ws/install/industrial_reconstruction_msgs/include/industrial_reconstruction_msgs/industrial_reconstruction_msgs/msg/normal_filter_params.h
-- Up-to-date symlink: /home/ubuntu/tesseract_ws/install/industrial_reconstruction_msgs/include/industrial_reconstruction_msgs/industrial_reconstruction_msgs/msg/rgbd_image_params.h
-- Up-to-date symlink: /home/ubuntu/tesseract_ws/install/industrial_reconstruction_msgs/include/industrial_reconstruction_msgs/industrial_reconstruction_msgs/msg/rosidl_generator_c__visibility_control.h
-- Up-to-date symlink: /home/ubuntu/tesseract_ws/install/industrial_reconstruction_msgs/include/industrial_reconstruction_msgs/industrial_reconstruction_msgs/msg/tsdf_volume_params.h
-- Up-to-date symlink: /home/ubuntu/tesseract_ws/install/industrial_reconstruction_msgs/include/industrial_reconstruction_msgs/industrial_reconstruction_msgs/srv/detail/start_reconstruction__functions.h
-- Up-to-date symlink: /home/ubuntu/tesseract_ws/install/industrial_reconstruction_msgs/include/industrial_reconstruction_msgs/industrial_reconstruction_msgs/srv/detail/start_reconstruction__struct.h
-- Up-to-date symlink: /home/ubuntu/tesseract_ws/install/industrial_reconstruction_msgs/include/industrial_reconstruction_msgs/industrial_reconstruction_msgs/srv/detail/start_reconstruction__type_support.h
-- Up-to-date symlink: /home/ubuntu/tesseract_ws/install/industrial_reconstruction_msgs/include/industrial_reconstruction_msgs/industrial_reconstruction_msgs/srv/detail/stop_reconstruction__functions.h
-- Up-to-date symlink: /home/ubuntu/tesseract_ws/install/industrial_reconstruction_msgs/include/industrial_reconstruction_msgs/industrial_reconstruction_msgs/srv/detail/stop_reconstruction__struct.h
-- Up-to-date symlink: /home/ubuntu/tesseract_ws/install/industrial_reconstruction_msgs/include/industrial_reconstruction_msgs/industrial_reconstruction_msgs/srv/detail/stop_reconstruction__type_support.h
-- Up-to-date symlink: /home/ubuntu/tesseract_ws/install/industrial_reconstruction_msgs/include/industrial_reconstruction_msgs/industrial_reconstruction_msgs/srv/start_reconstruction.h
-- Up-to-date symlink: /home/ubuntu/tesseract_ws/install/industrial_reconstruction_msgs/include/industrial_reconstruction_msgs/industrial_reconstruction_msgs/srv/stop_reconstruction.h
-- Up-to-date symlink: /home/ubuntu/tesseract_ws/install/industrial_reconstruction_msgs/share/industrial_reconstruction_msgs/environment/library_path.sh
-- Up-to-date symlink: /home/ubuntu/tesseract_ws/install/industrial_reconstruction_msgs/share/industrial_reconstruction_msgs/environment/library_path.dsv
-- Up-to-date symlink: /home/ubuntu/tesseract_ws/install/industrial_reconstruction_msgs/include/industrial_reconstruction_msgs/industrial_reconstruction_msgs/msg/detail/normal_filter_params__rosidl_typesupport_fastrtps_c.h
-- Up-to-date symlink: /home/ubuntu/tesseract_ws/install/industrial_reconstruction_msgs/include/industrial_reconstruction_msgs/industrial_reconstruction_msgs/msg/detail/rgbd_image_params__rosidl_typesupport_fastrtps_c.h
-- Up-to-date symlink: /home/ubuntu/tesseract_ws/install/industrial_reconstruction_msgs/include/industrial_reconstruction_msgs/industrial_reconstruction_msgs/msg/detail/tsdf_volume_params__rosidl_typesupport_fastrtps_c.h
-- Up-to-date symlink: /home/ubuntu/tesseract_ws/install/industrial_reconstruction_msgs/include/industrial_reconstruction_msgs/industrial_reconstruction_msgs/msg/rosidl_typesupport_fastrtps_c__visibility_control.h
-- Up-to-date symlink: /home/ubuntu/tesseract_ws/install/industrial_reconstruction_msgs/include/industrial_reconstruction_msgs/industrial_reconstruction_msgs/srv/detail/start_reconstruction__rosidl_typesupport_fastrtps_c.h
-- Up-to-date symlink: /home/ubuntu/tesseract_ws/install/industrial_reconstruction_msgs/include/industrial_reconstruction_msgs/industrial_reconstruction_msgs/srv/detail/stop_reconstruction__rosidl_typesupport_fastrtps_c.h
-- Up-to-date symlink: /home/ubuntu/tesseract_ws/install/industrial_reconstruction_msgs/include/industrial_reconstruction_msgs/industrial_reconstruction_msgs/msg/detail/normal_filter_params__rosidl_typesupport_introspection_c.h
-- Up-to-date symlink: /home/ubuntu/tesseract_ws/install/industrial_reconstruction_msgs/include/industrial_reconstruction_msgs/industrial_reconstruction_msgs/msg/detail/rgbd_image_params__rosidl_typesupport_introspection_c.h
-- Up-to-date symlink: /home/ubuntu/tesseract_ws/install/industrial_reconstruction_msgs/include/industrial_reconstruction_msgs/industrial_reconstruction_msgs/msg/detail/tsdf_volume_params__rosidl_typesupport_introspection_c.h
-- Up-to-date symlink: /home/ubuntu/tesseract_ws/install/industrial_reconstruction_msgs/include/industrial_reconstruction_msgs/industrial_reconstruction_msgs/msg/rosidl_typesupport_introspection_c__visibility_control.h
-- Up-to-date symlink: /home/ubuntu/tesseract_ws/install/industrial_reconstruction_msgs/include/industrial_reconstruction_msgs/industrial_reconstruction_msgs/srv/detail/start_reconstruction__rosidl_typesupport_introspection_c.h
-- Up-to-date symlink: /home/ubuntu/tesseract_ws/install/industrial_reconstruction_msgs/include/industrial_reconstruction_msgs/industrial_reconstruction_msgs/srv/detail/stop_reconstruction__rosidl_typesupport_introspection_c.h
-- Up-to-date symlink: /home/ubuntu/tesseract_ws/install/industrial_reconstruction_msgs/include/industrial_reconstruction_msgs/industrial_reconstruction_msgs/msg/detail/normal_filter_params__builder.hpp
-- Up-to-date symlink: /home/ubuntu/tesseract_ws/install/industrial_reconstruction_msgs/include/industrial_reconstruction_msgs/industrial_reconstruction_msgs/msg/detail/normal_filter_params__struct.hpp
-- Up-to-date symlink: /home/ubuntu/tesseract_ws/install/industrial_reconstruction_msgs/include/industrial_reconstruction_msgs/industrial_reconstruction_msgs/msg/detail/normal_filter_params__traits.hpp
-- Up-to-date symlink: /home/ubuntu/tesseract_ws/install/industrial_reconstruction_msgs/include/industrial_reconstruction_msgs/industrial_reconstruction_msgs/msg/detail/rgbd_image_params__builder.hpp
-- Up-to-date symlink: /home/ubuntu/tesseract_ws/install/industrial_reconstruction_msgs/include/industrial_reconstruction_msgs/industrial_reconstruction_msgs/msg/detail/rgbd_image_params__struct.hpp
-- Up-to-date symlink: /home/ubuntu/tesseract_ws/install/industrial_reconstruction_msgs/include/industrial_reconstruction_msgs/industrial_reconstruction_msgs/msg/detail/rgbd_image_params__traits.hpp
-- Up-to-date symlink: /home/ubuntu/tesseract_ws/install/industrial_reconstruction_msgs/include/industrial_reconstruction_msgs/industrial_reconstruction_msgs/msg/detail/tsdf_volume_params__builder.hpp
-- Up-to-date symlink: /home/ubuntu/tesseract_ws/install/industrial_reconstruction_msgs/include/industrial_reconstruction_msgs/industrial_reconstruction_msgs/msg/detail/tsdf_volume_params__struct.hpp
-- Up-to-date symlink: /home/ubuntu/tesseract_ws/install/industrial_reconstruction_msgs/include/industrial_reconstruction_msgs/industrial_reconstruction_msgs/msg/detail/tsdf_volume_params__traits.hpp
-- Up-to-date symlink: /home/ubuntu/tesseract_ws/install/industrial_reconstruction_msgs/include/industrial_reconstruction_msgs/industrial_reconstruction_msgs/msg/normal_filter_params.hpp
-- Up-to-date symlink: /home/ubuntu/tesseract_ws/install/industrial_reconstruction_msgs/include/industrial_reconstruction_msgs/industrial_reconstruction_msgs/msg/rgbd_image_params.hpp
-- Up-to-date symlink: /home/ubuntu/tesseract_ws/install/industrial_reconstruction_msgs/include/industrial_reconstruction_msgs/industrial_reconstruction_msgs/msg/tsdf_volume_params.hpp
-- Up-to-date symlink: /home/ubuntu/tesseract_ws/install/industrial_reconstruction_msgs/include/industrial_reconstruction_msgs/industrial_reconstruction_msgs/srv/detail/start_reconstruction__builder.hpp
-- Up-to-date symlink: /home/ubuntu/tesseract_ws/install/industrial_reconstruction_msgs/include/industrial_reconstruction_msgs/industrial_reconstruction_msgs/srv/detail/start_reconstruction__struct.hpp
-- Up-to-date symlink: /home/ubuntu/tesseract_ws/install/industrial_reconstruction_msgs/include/industrial_reconstruction_msgs/industrial_reconstruction_msgs/srv/detail/start_reconstruction__traits.hpp
-- Up-to-date symlink: /home/ubuntu/tesseract_ws/install/industrial_reconstruction_msgs/include/industrial_reconstruction_msgs/industrial_reconstruction_msgs/srv/detail/stop_reconstruction__builder.hpp
-- Up-to-date symlink: /home/ubuntu/tesseract_ws/install/industrial_reconstruction_msgs/include/industrial_reconstruction_msgs/industrial_reconstruction_msgs/srv/detail/stop_reconstruction__struct.hpp
-- Up-to-date symlink: /home/ubuntu/tesseract_ws/install/industrial_reconstruction_msgs/include/industrial_reconstruction_msgs/industrial_reconstruction_msgs/srv/detail/stop_reconstruction__traits.hpp
-- Up-to-date symlink: /home/ubuntu/tesseract_ws/install/industrial_reconstruction_msgs/include/industrial_reconstruction_msgs/industrial_reconstruction_msgs/srv/start_reconstruction.hpp
-- Up-to-date symlink: /home/ubuntu/tesseract_ws/install/industrial_reconstruction_msgs/include/industrial_reconstruction_msgs/industrial_reconstruction_msgs/srv/stop_reconstruction.hpp
-- Up-to-date symlink: /home/ubuntu/tesseract_ws/install/industrial_reconstruction_msgs/include/industrial_reconstruction_msgs/industrial_reconstruction_msgs/msg/detail/normal_filter_params__rosidl_typesupport_fastrtps_cpp.hpp
-- Up-to-date symlink: /home/ubuntu/tesseract_ws/install/industrial_reconstruction_msgs/include/industrial_reconstruction_msgs/industrial_reconstruction_msgs/msg/detail/rgbd_image_params__rosidl_typesupport_fastrtps_cpp.hpp
-- Up-to-date symlink: /home/ubuntu/tesseract_ws/install/industrial_reconstruction_msgs/include/industrial_reconstruction_msgs/industrial_reconstruction_msgs/msg/detail/tsdf_volume_params__rosidl_typesupport_fastrtps_cpp.hpp
-- Up-to-date symlink: /home/ubuntu/tesseract_ws/install/industrial_reconstruction_msgs/include/industrial_reconstruction_msgs/industrial_reconstruction_msgs/msg/rosidl_typesupport_fastrtps_cpp__visibility_control.h
-- Up-to-date symlink: /home/ubuntu/tesseract_ws/install/industrial_reconstruction_msgs/include/industrial_reconstruction_msgs/industrial_reconstruction_msgs/srv/detail/start_reconstruction__rosidl_typesupport_fastrtps_cpp.hpp
-- Up-to-date symlink: /home/ubuntu/tesseract_ws/install/industrial_reconstruction_msgs/include/industrial_reconstruction_msgs/industrial_reconstruction_msgs/srv/detail/stop_reconstruction__rosidl_typesupport_fastrtps_cpp.hpp
-- Up-to-date symlink: /home/ubuntu/tesseract_ws/install/industrial_reconstruction_msgs/include/industrial_reconstruction_msgs/industrial_reconstruction_msgs/msg/detail/normal_filter_params__rosidl_typesupport_introspection_cpp.hpp
-- Up-to-date symlink: /home/ubuntu/tesseract_ws/install/industrial_reconstruction_msgs/include/industrial_reconstruction_msgs/industrial_reconstruction_msgs/msg/detail/rgbd_image_params__rosidl_typesupport_introspection_cpp.hpp
-- Up-to-date symlink: /home/ubuntu/tesseract_ws/install/industrial_reconstruction_msgs/include/industrial_reconstruction_msgs/industrial_reconstruction_msgs/msg/detail/tsdf_volume_params__rosidl_typesupport_introspection_cpp.hpp
-- Up-to-date symlink: /home/ubuntu/tesseract_ws/install/industrial_reconstruction_msgs/include/industrial_reconstruction_msgs/industrial_reconstruction_msgs/srv/detail/start_reconstruction__rosidl_typesupport_introspection_cpp.hpp
-- Up-to-date symlink: /home/ubuntu/tesseract_ws/install/industrial_reconstruction_msgs/include/industrial_reconstruction_msgs/industrial_reconstruction_msgs/srv/detail/stop_reconstruction__rosidl_typesupport_introspection_cpp.hpp
-- Up-to-date symlink: /home/ubuntu/tesseract_ws/install/industrial_reconstruction_msgs/share/industrial_reconstruction_msgs/environment/pythonpath.sh
-- Up-to-date symlink: /home/ubuntu/tesseract_ws/install/industrial_reconstruction_msgs/share/industrial_reconstruction_msgs/environment/pythonpath.dsv
-- Up-to-date symlink: /home/ubuntu/tesseract_ws/install/industrial_reconstruction_msgs/local/lib/python3.10/dist-packages/industrial_reconstruction_msgs-0.0.0-py3.10.egg-info/PKG-INFO
-- Up-to-date symlink: /home/ubuntu/tesseract_ws/install/industrial_reconstruction_msgs/local/lib/python3.10/dist-packages/industrial_reconstruction_msgs-0.0.0-py3.10.egg-info/SOURCES.txt
-- Up-to-date symlink: /home/ubuntu/tesseract_ws/install/industrial_reconstruction_msgs/local/lib/python3.10/dist-packages/industrial_reconstruction_msgs-0.0.0-py3.10.egg-info/dependency_links.txt
-- Up-to-date symlink: /home/ubuntu/tesseract_ws/install/industrial_reconstruction_msgs/local/lib/python3.10/dist-packages/industrial_reconstruction_msgs-0.0.0-py3.10.egg-info/top_level.txt
-- Up-to-date symlink: /home/ubuntu/tesseract_ws/install/industrial_reconstruction_msgs/local/lib/python3.10/dist-packages/industrial_reconstruction_msgs/__init__.py
-- Up-to-date symlink: /home/ubuntu/tesseract_ws/install/industrial_reconstruction_msgs/local/lib/python3.10/dist-packages/industrial_reconstruction_msgs/_industrial_reconstruction_msgs_s.ep.rosidl_typesupport_c.c
-- Up-to-date symlink: /home/ubuntu/tesseract_ws/install/industrial_reconstruction_msgs/local/lib/python3.10/dist-packages/industrial_reconstruction_msgs/_industrial_reconstruction_msgs_s.ep.rosidl_typesupport_fastrtps_c.c
-- Up-to-date symlink: /home/ubuntu/tesseract_ws/install/industrial_reconstruction_msgs/local/lib/python3.10/dist-packages/industrial_reconstruction_msgs/_industrial_reconstruction_msgs_s.ep.rosidl_typesupport_introspection_c.c
-- Up-to-date symlink: /home/ubuntu/tesseract_ws/install/industrial_reconstruction_msgs/local/lib/python3.10/dist-packages/industrial_reconstruction_msgs/industrial_reconstruction_msgs_s__rosidl_typesupport_c.cpython-310-x86_64-linux-gnu.so
-- Up-to-date symlink: /home/ubuntu/tesseract_ws/install/industrial_reconstruction_msgs/local/lib/python3.10/dist-packages/industrial_reconstruction_msgs/industrial_reconstruction_msgs_s__rosidl_typesupport_fastrtps_c.cpython-310-x86_64-linux-gnu.so
-- Up-to-date symlink: /home/ubuntu/tesseract_ws/install/industrial_reconstruction_msgs/local/lib/python3.10/dist-packages/industrial_reconstruction_msgs/industrial_reconstruction_msgs_s__rosidl_typesupport_introspection_c.cpython-310-x86_64-linux-gnu.so
-- Up-to-date symlink: /home/ubuntu/tesseract_ws/install/industrial_reconstruction_msgs/local/lib/python3.10/dist-packages/industrial_reconstruction_msgs/libindustrial_reconstruction_msgs__rosidl_generator_py.so
-- Up-to-date symlink: /home/ubuntu/tesseract_ws/install/industrial_reconstruction_msgs/local/lib/python3.10/dist-packages/industrial_reconstruction_msgs/msg/__init__.py
-- Up-to-date symlink: /home/ubuntu/tesseract_ws/install/industrial_reconstruction_msgs/local/lib/python3.10/dist-packages/industrial_reconstruction_msgs/msg/_normal_filter_params.py
-- Up-to-date symlink: /home/ubuntu/tesseract_ws/install/industrial_reconstruction_msgs/local/lib/python3.10/dist-packages/industrial_reconstruction_msgs/msg/_normal_filter_params_s.c
-- Up-to-date symlink: /home/ubuntu/tesseract_ws/install/industrial_reconstruction_msgs/local/lib/python3.10/dist-packages/industrial_reconstruction_msgs/msg/_rgbd_image_params.py
-- Up-to-date symlink: /home/ubuntu/tesseract_ws/install/industrial_reconstruction_msgs/local/lib/python3.10/dist-packages/industrial_reconstruction_msgs/msg/_rgbd_image_params_s.c
-- Up-to-date symlink: /home/ubuntu/tesseract_ws/install/industrial_reconstruction_msgs/local/lib/python3.10/dist-packages/industrial_reconstruction_msgs/msg/_tsdf_volume_params.py
-- Up-to-date symlink: /home/ubuntu/tesseract_ws/install/industrial_reconstruction_msgs/local/lib/python3.10/dist-packages/industrial_reconstruction_msgs/msg/_tsdf_volume_params_s.c
-- Up-to-date symlink: /home/ubuntu/tesseract_ws/install/industrial_reconstruction_msgs/local/lib/python3.10/dist-packages/industrial_reconstruction_msgs/srv/__init__.py
-- Up-to-date symlink: /home/ubuntu/tesseract_ws/install/industrial_reconstruction_msgs/local/lib/python3.10/dist-packages/industrial_reconstruction_msgs/srv/_start_reconstruction.py
-- Up-to-date symlink: /home/ubuntu/tesseract_ws/install/industrial_reconstruction_msgs/local/lib/python3.10/dist-packages/industrial_reconstruction_msgs/srv/_start_reconstruction_s.c
-- Up-to-date symlink: /home/ubuntu/tesseract_ws/install/industrial_reconstruction_msgs/local/lib/python3.10/dist-packages/industrial_reconstruction_msgs/srv/_stop_reconstruction.py
-- Up-to-date symlink: /home/ubuntu/tesseract_ws/install/industrial_reconstruction_msgs/local/lib/python3.10/dist-packages/industrial_reconstruction_msgs/srv/_stop_reconstruction_s.c
-- Up-to-date symlink: /home/ubuntu/tesseract_ws/install/industrial_reconstruction_msgs/local/lib/python3.10/dist-packages/industrial_reconstruction_msgs/industrial_reconstruction_msgs_s__rosidl_typesupport_fastrtps_c.cpython-310-x86_64-linux-gnu.so
-- Up-to-date symlink: /home/ubuntu/tesseract_ws/install/industrial_reconstruction_msgs/local/lib/python3.10/dist-packages/industrial_reconstruction_msgs/industrial_reconstruction_msgs_s__rosidl_typesupport_introspection_c.cpython-310-x86_64-linux-gnu.so
-- Up-to-date symlink: /home/ubuntu/tesseract_ws/install/industrial_reconstruction_msgs/local/lib/python3.10/dist-packages/industrial_reconstruction_msgs/industrial_reconstruction_msgs_s__rosidl_typesupport_c.cpython-310-x86_64-linux-gnu.so
-- Up-to-date symlink: /home/ubuntu/tesseract_ws/install/industrial_reconstruction_msgs/share/industrial_reconstruction_msgs/msg/RGBDImageParams.idl
-- Up-to-date symlink: /home/ubuntu/tesseract_ws/install/industrial_reconstruction_msgs/share/industrial_reconstruction_msgs/msg/TSDFVolumeParams.idl
-- Up-to-date symlink: /home/ubuntu/tesseract_ws/install/industrial_reconstruction_msgs/share/industrial_reconstruction_msgs/msg/NormalFilterParams.idl
-- Up-to-date symlink: /home/ubuntu/tesseract_ws/install/industrial_reconstruction_msgs/share/industrial_reconstruction_msgs/srv/StartReconstruction.idl
-- Up-to-date symlink: /home/ubuntu/tesseract_ws/install/industrial_reconstruction_msgs/share/industrial_reconstruction_msgs/srv/StopReconstruction.idl
-- Up-to-date symlink: /home/ubuntu/tesseract_ws/install/industrial_reconstruction_msgs/share/industrial_reconstruction_msgs/msg/RGBDImageParams.msg
-- Up-to-date symlink: /home/ubuntu/tesseract_ws/install/industrial_reconstruction_msgs/share/industrial_reconstruction_msgs/msg/TSDFVolumeParams.msg
-- Up-to-date symlink: /home/ubuntu/tesseract_ws/install/industrial_reconstruction_msgs/share/industrial_reconstruction_msgs/msg/NormalFilterParams.msg
-- Up-to-date symlink: /home/ubuntu/tesseract_ws/install/industrial_reconstruction_msgs/share/industrial_reconstruction_msgs/srv/StartReconstruction.srv
-- Up-to-date symlink: /home/ubuntu/tesseract_ws/install/industrial_reconstruction_msgs/share/industrial_reconstruction_msgs/srv/StartReconstruction_Request.msg
-- Up-to-date symlink: /home/ubuntu/tesseract_ws/install/industrial_reconstruction_msgs/share/industrial_reconstruction_msgs/srv/StartReconstruction_Response.msg
-- Up-to-date symlink: /home/ubuntu/tesseract_ws/install/industrial_reconstruction_msgs/share/industrial_reconstruction_msgs/srv/StopReconstruction.srv
-- Up-to-date symlink: /home/ubuntu/tesseract_ws/install/industrial_reconstruction_msgs/share/industrial_reconstruction_msgs/srv/StopReconstruction_Request.msg
-- Up-to-date symlink: /home/ubuntu/tesseract_ws/install/industrial_reconstruction_msgs/share/industrial_reconstruction_msgs/srv/StopReconstruction_Response.msg
-- Up-to-date symlink: /home/ubuntu/tesseract_ws/install/industrial_reconstruction_msgs/share/ament_index/resource_index/package_run_dependencies/industrial_reconstruction_msgs
-- Up-to-date symlink: /home/ubuntu/tesseract_ws/install/industrial_reconstruction_msgs/share/ament_index/resource_index/parent_prefix_path/industrial_reconstruction_msgs
-- Up-to-date symlink: /home/ubuntu/tesseract_ws/install/industrial_reconstruction_msgs/share/industrial_reconstruction_msgs/environment/ament_prefix_path.sh
-- Up-to-date symlink: /home/ubuntu/tesseract_ws/install/industrial_reconstruction_msgs/share/industrial_reconstruction_msgs/environment/ament_prefix_path.dsv
-- Up-to-date symlink: /home/ubuntu/tesseract_ws/install/industrial_reconstruction_msgs/share/industrial_reconstruction_msgs/environment/path.sh
-- Up-to-date symlink: /home/ubuntu/tesseract_ws/install/industrial_reconstruction_msgs/share/industrial_reconstruction_msgs/environment/path.dsv
-- Up-to-date symlink: /home/ubuntu/tesseract_ws/install/industrial_reconstruction_msgs/share/industrial_reconstruction_msgs/local_setup.bash
-- Up-to-date symlink: /home/ubuntu/tesseract_ws/install/industrial_reconstruction_msgs/share/industrial_reconstruction_msgs/local_setup.sh
-- Up-to-date symlink: /home/ubuntu/tesseract_ws/install/industrial_reconstruction_msgs/share/industrial_reconstruction_msgs/local_setup.zsh
-- Up-to-date symlink: /home/ubuntu/tesseract_ws/install/industrial_reconstruction_msgs/share/industrial_reconstruction_msgs/local_setup.dsv
-- Symlinking: /home/ubuntu/tesseract_ws/install/industrial_reconstruction_msgs/share/industrial_reconstruction_msgs/package.dsv
-- Up-to-date symlink: /home/ubuntu/tesseract_ws/install/industrial_reconstruction_msgs/share/ament_index/resource_index/packages/industrial_reconstruction_msgs
-- Up-to-date symlink: /home/ubuntu/tesseract_ws/install/industrial_reconstruction_msgs/share/industrial_reconstruction_msgs/cmake/rosidl_cmake-extras.cmake
-- Up-to-date symlink: /home/ubuntu/tesseract_ws/install/industrial_reconstruction_msgs/share/industrial_reconstruction_msgs/cmake/ament_cmake_export_dependencies-extras.cmake
-- Up-to-date symlink: /home/ubuntu/tesseract_ws/install/industrial_reconstruction_msgs/share/industrial_reconstruction_msgs/cmake/ament_cmake_export_include_directories-extras.cmake
-- Up-to-date symlink: /home/ubuntu/tesseract_ws/install/industrial_reconstruction_msgs/share/industrial_reconstruction_msgs/cmake/ament_cmake_export_libraries-extras.cmake
-- Up-to-date symlink: /home/ubuntu/tesseract_ws/install/industrial_reconstruction_msgs/share/industrial_reconstruction_msgs/cmake/ament_cmake_export_targets-extras.cmake
-- Up-to-date symlink: /home/ubuntu/tesseract_ws/install/industrial_reconstruction_msgs/share/industrial_reconstruction_msgs/cmake/rosidl_cmake_export_typesupport_targets-extras.cmake
-- Up-to-date symlink: /home/ubuntu/tesseract_ws/install/industrial_reconstruction_msgs/share/industrial_reconstruction_msgs/cmake/rosidl_cmake_export_typesupport_libraries-extras.cmake
-- Up-to-date symlink: /home/ubuntu/tesseract_ws/install/industrial_reconstruction_msgs/share/industrial_reconstruction_msgs/cmake/industrial_reconstruction_msgsConfig.cmake
-- Up-to-date symlink: /home/ubuntu/tesseract_ws/install/industrial_reconstruction_msgs/share/industrial_reconstruction_msgs/cmake/industrial_reconstruction_msgsConfig-version.cmake
-- Up-to-date symlink: /home/ubuntu/tesseract_ws/install/industrial_reconstruction_msgs/share/industrial_reconstruction_msgs/package.xml
-- Up-to-date: /home/ubuntu/tesseract_ws/install/industrial_reconstruction_msgs/lib/libindustrial_reconstruction_msgs__rosidl_generator_c.so
-- Up-to-date: /home/ubuntu/tesseract_ws/install/industrial_reconstruction_msgs/lib/libindustrial_reconstruction_msgs__rosidl_typesupport_fastrtps_c.so
-- Up-to-date: /home/ubuntu/tesseract_ws/install/industrial_reconstruction_msgs/lib/libindustrial_reconstruction_msgs__rosidl_typesupport_introspection_c.so
-- Up-to-date: /home/ubuntu/tesseract_ws/install/industrial_reconstruction_msgs/lib/libindustrial_reconstruction_msgs__rosidl_typesupport_c.so
-- Up-to-date: /home/ubuntu/tesseract_ws/install/industrial_reconstruction_msgs/lib/libindustrial_reconstruction_msgs__rosidl_typesupport_fastrtps_cpp.so
-- Up-to-date: /home/ubuntu/tesseract_ws/install/industrial_reconstruction_msgs/lib/libindustrial_reconstruction_msgs__rosidl_typesupport_introspection_cpp.so
-- Up-to-date: /home/ubuntu/tesseract_ws/install/industrial_reconstruction_msgs/lib/libindustrial_reconstruction_msgs__rosidl_typesupport_cpp.so
Listing '/home/ubuntu/tesseract_ws/install/industrial_reconstruction_msgs/local/lib/python3.10/dist-packages/industrial_reconstruction_msgs'...
Listing '/home/ubuntu/tesseract_ws/install/industrial_reconstruction_msgs/local/lib/python3.10/dist-packages/industrial_reconstruction_msgs/msg'...
Listing '/home/ubuntu/tesseract_ws/install/industrial_reconstruction_msgs/local/lib/python3.10/dist-packages/industrial_reconstruction_msgs/srv'...
-- Up-to-date: /home/ubuntu/tesseract_ws/install/industrial_reconstruction_msgs/lib/libindustrial_reconstruction_msgs__rosidl_generator_py.so
-- Up-to-date: /home/ubuntu/tesseract_ws/install/industrial_reconstruction_msgs/share/industrial_reconstruction_msgs/cmake/export_industrial_reconstruction_msgs__rosidl_generator_cExport.cmake
-- Up-to-date: /home/ubuntu/tesseract_ws/install/industrial_reconstruction_msgs/share/industrial_reconstruction_msgs/cmake/export_industrial_reconstruction_msgs__rosidl_generator_cExport-noconfig.cmake
-- Up-to-date: /home/ubuntu/tesseract_ws/install/industrial_reconstruction_msgs/share/industrial_reconstruction_msgs/cmake/export_industrial_reconstruction_msgs__rosidl_typesupport_fastrtps_cExport.cmake
-- Up-to-date: /home/ubuntu/tesseract_ws/install/industrial_reconstruction_msgs/share/industrial_reconstruction_msgs/cmake/export_industrial_reconstruction_msgs__rosidl_typesupport_fastrtps_cExport-noconfig.cmake
-- Up-to-date: /home/ubuntu/tesseract_ws/install/industrial_reconstruction_msgs/share/industrial_reconstruction_msgs/cmake/industrial_reconstruction_msgs__rosidl_typesupport_introspection_cExport.cmake
-- Up-to-date: /home/ubuntu/tesseract_ws/install/industrial_reconstruction_msgs/share/industrial_reconstruction_msgs/cmake/industrial_reconstruction_msgs__rosidl_typesupport_introspection_cExport-noconfig.cmake
-- Up-to-date: /home/ubuntu/tesseract_ws/install/industrial_reconstruction_msgs/share/industrial_reconstruction_msgs/cmake/industrial_reconstruction_msgs__rosidl_typesupport_cExport.cmake
-- Up-to-date: /home/ubuntu/tesseract_ws/install/industrial_reconstruction_msgs/share/industrial_reconstruction_msgs/cmake/industrial_reconstruction_msgs__rosidl_typesupport_cExport-noconfig.cmake
-- Up-to-date: /home/ubuntu/tesseract_ws/install/industrial_reconstruction_msgs/share/industrial_reconstruction_msgs/cmake/export_industrial_reconstruction_msgs__rosidl_generator_cppExport.cmake
-- Up-to-date: /home/ubuntu/tesseract_ws/install/industrial_reconstruction_msgs/share/industrial_reconstruction_msgs/cmake/export_industrial_reconstruction_msgs__rosidl_typesupport_fastrtps_cppExport.cmake
-- Up-to-date: /home/ubuntu/tesseract_ws/install/industrial_reconstruction_msgs/share/industrial_reconstruction_msgs/cmake/export_industrial_reconstruction_msgs__rosidl_typesupport_fastrtps_cppExport-noconfig.cmake
-- Up-to-date: /home/ubuntu/tesseract_ws/install/industrial_reconstruction_msgs/share/industrial_reconstruction_msgs/cmake/industrial_reconstruction_msgs__rosidl_typesupport_introspection_cppExport.cmake
-- Up-to-date: /home/ubuntu/tesseract_ws/install/industrial_reconstruction_msgs/share/industrial_reconstruction_msgs/cmake/industrial_reconstruction_msgs__rosidl_typesupport_introspection_cppExport-noconfig.cmake
-- Up-to-date: /home/ubuntu/tesseract_ws/install/industrial_reconstruction_msgs/share/industrial_reconstruction_msgs/cmake/industrial_reconstruction_msgs__rosidl_typesupport_cppExport.cmake
-- Up-to-date: /home/ubuntu/tesseract_ws/install/industrial_reconstruction_msgs/share/industrial_reconstruction_msgs/cmake/industrial_reconstruction_msgs__rosidl_typesupport_cppExport-noconfig.cmake
-- Up-to-date: /home/ubuntu/tesseract_ws/install/industrial_reconstruction_msgs/share/industrial_reconstruction_msgs/cmake/export_industrial_reconstruction_msgs__rosidl_generator_pyExport.cmake
-- Up-to-date: /home/ubuntu/tesseract_ws/install/industrial_reconstruction_msgs/share/industrial_reconstruction_msgs/cmake/export_industrial_reconstruction_msgs__rosidl_generator_pyExport-noconfig.cmake
