[0.083s] Invoking command in '/home/ubuntu/tesseract_ws/build/snp_tpp': CMAKE_PREFIX_PATH=/home/ubuntu/tesseract_ws/install/noether_gui:/home/ubuntu/tesseract_ws/install/noether_tpp:/home/ubuntu/tesseract_ws/install/noether_filtering:/home/ubuntu/tesseract_ws/install/boost_plugin_loader:/home/ubuntu/tesseract_ws/install/snp_msgs:/home/ubuntu/tesseract_ws/install/rviz_polygon_selection_tool:/home/ubuntu/tesseract_ws/install/ros_industrial_cmake_boilerplate:/home/ubuntu/tesseract_ws/install/vhacd:/home/ubuntu/tesseract_ws/install/tesseract_ros_examples:/home/ubuntu/tesseract_ws/install/tesseract_rviz:/home/ubuntu/tesseract_ws/install/tesseract_planning_server:/home/ubuntu/tesseract_ws/install/snp_motion_planning:/home/ubuntu/tesseract_ws/install/tesseract_monitoring:/home/ubuntu/tesseract_ws/install/tesseract_rosutils:/home/ubuntu/tesseract_ws/install/tesseract_qt:/home/ubuntu/tesseract_ws/install/tesseract_examples:/home/ubuntu/tesseract_ws/install/tesseract_task_composer:/home/ubuntu/tesseract_ws/install/tesseract_motion_planners:/home/ubuntu/tesseract_ws/install/trajopt_sqp:/home/ubuntu/tesseract_ws/install/trajopt:/home/ubuntu/tesseract_ws/install/trajopt_sco:/home/ubuntu/tesseract_ws/install/trajopt_ifopt:/home/ubuntu/tesseract_ws/install/trajopt_common:/home/ubuntu/tesseract_ws/install/tesseract_visualization:/home/ubuntu/tesseract_ws/install/tesseract_environment:/home/ubuntu/tesseract_ws/install/tesseract_urdf:/home/ubuntu/tesseract_ws/install/tesseract_time_parameterization:/home/ubuntu/tesseract_ws/install/tesseract_collision:/home/ubuntu/tesseract_ws/install/tesseract_support:/home/ubuntu/tesseract_ws/install/tesseract_kinematics:/home/ubuntu/tesseract_ws/install/tesseract_state_solver:/home/ubuntu/tesseract_ws/install/tesseract_srdf:/home/ubuntu/tesseract_ws/install/tesseract_scene_graph:/home/ubuntu/tesseract_ws/install/tesseract_msgs:/home/ubuntu/tesseract_ws/install/tesseract_geometry:/home/ubuntu/tesseract_ws/install/tesseract_command_language:/home/ubuntu/tesseract_ws/install/tesseract_common:/home/ubuntu/tesseract_ws/install/snp_automate_2022:/home/ubuntu/tesseract_ws/install/snp_tpp:/home/ubuntu/tesseract_ws/install/snp_scanning:/home/ubuntu/tesseract_ws/install/snp_motion_execution:/home/ubuntu/tesseract_ws/install/snp_application:/home/ubuntu/tesseract_ws/install/qt_advanced_docking:/home/ubuntu/tesseract_ws/install/qpoases:/home/ubuntu/tesseract_ws/install/osqp_eigen:/home/ubuntu/tesseract_ws/install/osqp:/home/ubuntu/tesseract_ws/install/opw_kinematics:/home/ubuntu/tesseract_ws/install/motoman_hc10_support:/home/ubuntu/tesseract_ws/install/motoman_resources:/home/ubuntu/tesseract_ws/install/industrial_reconstruction_msgs:/home/ubuntu/tesseract_ws/install/ifopt:/home/ubuntu/tesseract_ws/install/descartes_light:/home/ubuntu/tesseract_ws/install/Taskflow:/home/ubuntu/tesseract_ws/install/industrial_reconstruction:/opt/ros/humble LD_LIBRARY_PATH=/home/ubuntu/tesseract_ws/install/noether_gui/lib:/home/ubuntu/tesseract_ws/install/noether_tpp/lib:/home/ubuntu/tesseract_ws/install/noether_filtering/lib:/home/ubuntu/tesseract_ws/install/boost_plugin_loader/lib:/home/ubuntu/tesseract_ws/install/snp_msgs/lib:/home/ubuntu/tesseract_ws/install/rviz_polygon_selection_tool/lib:/home/ubuntu/tesseract_ws/install/vhacd/lib:/home/ubuntu/tesseract_ws/install/tesseract_rviz/lib:/home/ubuntu/tesseract_ws/install/tesseract_planning_server/lib:/home/ubuntu/tesseract_ws/install/snp_motion_planning/lib:/home/ubuntu/tesseract_ws/install/tesseract_monitoring/lib:/home/ubuntu/tesseract_ws/install/tesseract_rosutils/lib:/home/ubuntu/tesseract_ws/install/tesseract_qt/lib:/home/ubuntu/tesseract_ws/install/tesseract_examples/lib:/home/ubuntu/tesseract_ws/install/tesseract_task_composer/lib:/home/ubuntu/tesseract_ws/install/tesseract_motion_planners/lib:/home/ubuntu/tesseract_ws/install/trajopt_sqp/lib:/home/ubuntu/tesseract_ws/install/trajopt/lib:/home/ubuntu/tesseract_ws/install/trajopt_sco/lib:/home/ubuntu/tesseract_ws/install/trajopt_ifopt/lib:/home/ubuntu/tesseract_ws/install/trajopt_common/lib:/home/ubuntu/tesseract_ws/install/tesseract_visualization/lib:/home/ubuntu/tesseract_ws/install/tesseract_environment/lib:/home/ubuntu/tesseract_ws/install/tesseract_urdf/lib:/home/ubuntu/tesseract_ws/install/tesseract_time_parameterization/lib:/home/ubuntu/tesseract_ws/install/tesseract_collision/lib:/home/ubuntu/tesseract_ws/install/tesseract_support/lib:/home/ubuntu/tesseract_ws/install/tesseract_kinematics/lib:/home/ubuntu/tesseract_ws/install/tesseract_state_solver/lib:/home/ubuntu/tesseract_ws/install/tesseract_srdf/lib:/home/ubuntu/tesseract_ws/install/tesseract_scene_graph/lib:/home/ubuntu/tesseract_ws/install/tesseract_msgs/lib:/home/ubuntu/tesseract_ws/install/tesseract_geometry/lib:/home/ubuntu/tesseract_ws/install/tesseract_command_language/lib:/home/ubuntu/tesseract_ws/install/tesseract_common/lib:/home/ubuntu/tesseract_ws/install/snp_tpp/lib:/home/ubuntu/tesseract_ws/install/snp_application/lib:/home/ubuntu/tesseract_ws/install/qt_advanced_docking/lib:/home/ubuntu/tesseract_ws/install/qpoases/lib:/home/ubuntu/tesseract_ws/install/osqp_eigen/lib:/home/ubuntu/tesseract_ws/install/osqp/lib:/home/ubuntu/tesseract_ws/install/industrial_reconstruction_msgs/lib:/home/ubuntu/tesseract_ws/install/ifopt/lib:/home/ubuntu/tesseract_ws/install/descartes_light/lib:/opt/ros/humble/opt/rviz_ogre_vendor/lib:/opt/ros/humble/lib/x86_64-linux-gnu:/opt/ros/humble/lib PATH=/home/ubuntu/tesseract_ws/install/noether_gui/bin:/home/ubuntu/tesseract_ws/install/tesseract_qt/bin:/home/ubuntu/tesseract_ws/install/tesseract_examples/bin:/home/ubuntu/tesseract_ws/install/tesseract_task_composer/bin:/home/ubuntu/tesseract_ws/install/tesseract_motion_planners/bin:/home/ubuntu/tesseract_ws/install/trajopt_sco/bin:/home/ubuntu/tesseract_ws/install/tesseract_urdf/bin:/home/ubuntu/tesseract_ws/install/tesseract_collision/bin:/home/ubuntu/tesseract_ws/install/tesseract_srdf/bin:/home/ubuntu/tesseract_ws/install/tesseract_scene_graph/bin:/home/ubuntu/tesseract_ws/install/tesseract_geometry/bin:/opt/ros/humble/bin:/home/ubuntu/.local/bin:/home/ubuntu/.local/bin:/usr/local/sbin:/usr/local/bin:/usr/sbin:/usr/bin:/sbin:/bin:/usr/games:/usr/local/games:/snap/bin PKG_CONFIG_PATH=/home/ubuntu/tesseract_ws/install/noether_gui/lib/x86_64-linux-gnu/pkgconfig:/home/ubuntu/tesseract_ws/install/noether_gui/lib/pkgconfig:/home/ubuntu/tesseract_ws/install/noether_tpp/lib/x86_64-linux-gnu/pkgconfig:/home/ubuntu/tesseract_ws/install/noether_tpp/lib/pkgconfig:/home/ubuntu/tesseract_ws/install/noether_filtering/lib/x86_64-linux-gnu/pkgconfig:/home/ubuntu/tesseract_ws/install/noether_filtering/lib/pkgconfig:/home/ubuntu/tesseract_ws/install/boost_plugin_loader/lib/x86_64-linux-gnu/pkgconfig:/home/ubuntu/tesseract_ws/install/boost_plugin_loader/lib/pkgconfig:/home/ubuntu/tesseract_ws/install/ros_industrial_cmake_boilerplate/lib/x86_64-linux-gnu/pkgconfig:/home/ubuntu/tesseract_ws/install/ros_industrial_cmake_boilerplate/lib/pkgconfig:/home/ubuntu/tesseract_ws/install/vhacd/lib/x86_64-linux-gnu/pkgconfig:/home/ubuntu/tesseract_ws/install/vhacd/lib/pkgconfig:/home/ubuntu/tesseract_ws/install/tesseract_qt/lib/x86_64-linux-gnu/pkgconfig:/home/ubuntu/tesseract_ws/install/tesseract_qt/lib/pkgconfig:/home/ubuntu/tesseract_ws/install/tesseract_examples/lib/x86_64-linux-gnu/pkgconfig:/home/ubuntu/tesseract_ws/install/tesseract_examples/lib/pkgconfig:/home/ubuntu/tesseract_ws/install/tesseract_task_composer/lib/x86_64-linux-gnu/pkgconfig:/home/ubuntu/tesseract_ws/install/tesseract_task_composer/lib/pkgconfig:/home/ubuntu/tesseract_ws/install/tesseract_motion_planners/lib/x86_64-linux-gnu/pkgconfig:/home/ubuntu/tesseract_ws/install/tesseract_motion_planners/lib/pkgconfig:/home/ubuntu/tesseract_ws/install/trajopt_sqp/lib/x86_64-linux-gnu/pkgconfig:/home/ubuntu/tesseract_ws/install/trajopt_sqp/lib/pkgconfig:/home/ubuntu/tesseract_ws/install/trajopt/lib/x86_64-linux-gnu/pkgconfig:/home/ubuntu/tesseract_ws/install/trajopt/lib/pkgconfig:/home/ubuntu/tesseract_ws/install/trajopt_sco/lib/x86_64-linux-gnu/pkgconfig:/home/ubuntu/tesseract_ws/install/trajopt_sco/lib/pkgconfig:/home/ubuntu/tesseract_ws/install/trajopt_ifopt/lib/x86_64-linux-gnu/pkgconfig:/home/ubuntu/tesseract_ws/install/trajopt_ifopt/lib/pkgconfig:/home/ubuntu/tesseract_ws/install/trajopt_common/lib/x86_64-linux-gnu/pkgconfig:/home/ubuntu/tesseract_ws/install/trajopt_common/lib/pkgconfig:/home/ubuntu/tesseract_ws/install/tesseract_visualization/lib/x86_64-linux-gnu/pkgconfig:/home/ubuntu/tesseract_ws/install/tesseract_visualization/lib/pkgconfig:/home/ubuntu/tesseract_ws/install/tesseract_environment/lib/x86_64-linux-gnu/pkgconfig:/home/ubuntu/tesseract_ws/install/tesseract_environment/lib/pkgconfig:/home/ubuntu/tesseract_ws/install/tesseract_urdf/lib/x86_64-linux-gnu/pkgconfig:/home/ubuntu/tesseract_ws/install/tesseract_urdf/lib/pkgconfig:/home/ubuntu/tesseract_ws/install/tesseract_time_parameterization/lib/x86_64-linux-gnu/pkgconfig:/home/ubuntu/tesseract_ws/install/tesseract_time_parameterization/lib/pkgconfig:/home/ubuntu/tesseract_ws/install/tesseract_collision/lib/x86_64-linux-gnu/pkgconfig:/home/ubuntu/tesseract_ws/install/tesseract_collision/lib/pkgconfig:/home/ubuntu/tesseract_ws/install/tesseract_support/lib/x86_64-linux-gnu/pkgconfig:/home/ubuntu/tesseract_ws/install/tesseract_support/lib/pkgconfig:/home/ubuntu/tesseract_ws/install/tesseract_kinematics/lib/x86_64-linux-gnu/pkgconfig:/home/ubuntu/tesseract_ws/install/tesseract_kinematics/lib/pkgconfig:/home/ubuntu/tesseract_ws/install/tesseract_state_solver/lib/x86_64-linux-gnu/pkgconfig:/home/ubuntu/tesseract_ws/install/tesseract_state_solver/lib/pkgconfig:/home/ubuntu/tesseract_ws/install/tesseract_srdf/lib/x86_64-linux-gnu/pkgconfig:/home/ubuntu/tesseract_ws/install/tesseract_srdf/lib/pkgconfig:/home/ubuntu/tesseract_ws/install/tesseract_scene_graph/lib/x86_64-linux-gnu/pkgconfig:/home/ubuntu/tesseract_ws/install/tesseract_scene_graph/lib/pkgconfig:/home/ubuntu/tesseract_ws/install/tesseract_geometry/lib/x86_64-linux-gnu/pkgconfig:/home/ubuntu/tesseract_ws/install/tesseract_geometry/lib/pkgconfig:/home/ubuntu/tesseract_ws/install/tesseract_command_language/lib/x86_64-linux-gnu/pkgconfig:/home/ubuntu/tesseract_ws/install/tesseract_command_language/lib/pkgconfig:/home/ubuntu/tesseract_ws/install/tesseract_common/lib/x86_64-linux-gnu/pkgconfig:/home/ubuntu/tesseract_ws/install/tesseract_common/lib/pkgconfig:/home/ubuntu/tesseract_ws/install/qt_advanced_docking/lib/x86_64-linux-gnu/pkgconfig:/home/ubuntu/tesseract_ws/install/qt_advanced_docking/lib/pkgconfig:/home/ubuntu/tesseract_ws/install/qpoases/lib/x86_64-linux-gnu/pkgconfig:/home/ubuntu/tesseract_ws/install/qpoases/lib/pkgconfig:/home/ubuntu/tesseract_ws/install/osqp_eigen/lib/x86_64-linux-gnu/pkgconfig:/home/ubuntu/tesseract_ws/install/osqp_eigen/lib/pkgconfig:/home/ubuntu/tesseract_ws/install/osqp/lib/x86_64-linux-gnu/pkgconfig:/home/ubuntu/tesseract_ws/install/osqp/lib/pkgconfig:/home/ubuntu/tesseract_ws/install/opw_kinematics/lib/x86_64-linux-gnu/pkgconfig:/home/ubuntu/tesseract_ws/install/opw_kinematics/lib/pkgconfig:/home/ubuntu/tesseract_ws/install/ifopt/lib/x86_64-linux-gnu/pkgconfig:/home/ubuntu/tesseract_ws/install/ifopt/lib/pkgconfig:/home/ubuntu/tesseract_ws/install/descartes_light/lib/x86_64-linux-gnu/pkgconfig:/home/ubuntu/tesseract_ws/install/descartes_light/lib/pkgconfig /usr/bin/cmake /home/ubuntu/tesseract_ws/src/snp_tpp -DTESSERACT_BUILD_FCL=OFF -DAMENT_CMAKE_SYMLINK_INSTALL=1 -DCMAKE_INSTALL_PREFIX=/home/ubuntu/tesseract_ws/install/snp_tpp
[0.311s] -- The C compiler identification is GNU 11.3.0
[0.472s] -- The CXX compiler identification is GNU 11.3.0
[0.499s] -- Detecting C compiler ABI info
[0.680s] -- Detecting C compiler ABI info - done
[0.699s] -- Check for working C compiler: /usr/bin/cc - skipped
[0.700s] -- Detecting C compile features
[0.701s] -- Detecting C compile features - done
[0.707s] -- Detecting CXX compiler ABI info
[0.909s] -- Detecting CXX compiler ABI info - done
[0.928s] -- Check for working CXX compiler: /usr/bin/c++ - skipped
[0.929s] -- Detecting CXX compile features
[0.930s] -- Detecting CXX compile features - done
[1.044s] -- Checking for module 'eigen3'
[1.089s] --   Found eigen3, version 3.4.0
[1.196s] -- Found Eigen: /usr/include/eigen3 (Required is at least version "3.1") 
[1.196s] -- Eigen found (include: /usr/include/eigen3, version: 3.4.0)
[1.298s] -- Found Boost: /usr/lib/x86_64-linux-gnu/cmake/Boost-1.74.0/BoostConfig.cmake (found suitable version "1.74.0", minimum required is "1.65.0") found components: system filesystem date_time iostreams serialization 
[1.495s] -- Checking for module 'libusb-1.0'
[1.540s] --   Found libusb-1.0, version 1.0.25
[1.667s] -- Found libusb: /usr/lib/x86_64-linux-gnu/libusb-1.0.so  
[1.669s] -- Found OpenNI: /usr/lib/libOpenNI.so;libusb::libusb (found version "1.5.4.0") 
[1.670s] -- OpenNI found (version: 1.5.4.0, include: /usr/include/ni, lib: /usr/lib/libOpenNI.so;libusb::libusb)
[1.988s] -- Found OpenNI2: /usr/lib/x86_64-linux-gnu/libOpenNI2.so;libusb::libusb (found version "2.2.0.33") 
[1.989s] -- OpenNI2 found (version: 2.2.0.33, include: /usr/include/openni2, lib: /usr/lib/x86_64-linux-gnu/libOpenNI2.so;libusb::libusb)
[1.989s] [0m** WARNING ** io features related to pcap will be disabled[0m
[1.990s] [0m** WARNING ** io features related to png will be disabled[0m
[2.098s] -- Looking for pthread.h
[2.357s] -- Looking for pthread.h - found
[2.358s] -- Performing Test CMAKE_HAVE_LIBC_PTHREAD
[2.660s] -- Performing Test CMAKE_HAVE_LIBC_PTHREAD - Success
[2.662s] -- Found Threads: TRUE  
[2.667s] -- Found GLEW: /usr/lib/x86_64-linux-gnu/libGLEW.so  
[2.708s] -- Found OpenGL: /usr/lib/x86_64-linux-gnu/libOpenGL.so  found components: OpenGL GLX 
[3.186s] -- Found MPI_C: /usr/lib/x86_64-linux-gnu/libmpi.so (found version "3.1") 
[3.187s] -- Found MPI: TRUE (found version "3.1") found components: C 
[3.192s] -- Found JsonCpp: /usr/lib/x86_64-linux-gnu/libjsoncpp.so (found suitable version "1.9.5", minimum required is "0.7.0") 
[3.217s] -- Found ZLIB: /usr/lib/x86_64-linux-gnu/libz.so (found version "1.2.11") 
[3.265s] -- Found PNG: /usr/lib/x86_64-linux-gnu/libpng.so (found version "1.6.37") 
[3.274s] -- Found Eigen3: /usr/include/eigen3 (found version "3.4.0") 
[3.602s] -- Found X11: /usr/include   
[3.603s] -- Looking for XOpenDisplay in /usr/lib/x86_64-linux-gnu/libX11.so;/usr/lib/x86_64-linux-gnu/libXext.so
[3.791s] -- Looking for XOpenDisplay in /usr/lib/x86_64-linux-gnu/libX11.so;/usr/lib/x86_64-linux-gnu/libXext.so - found
[3.792s] -- Looking for gethostbyname
[3.969s] -- Looking for gethostbyname - found
[3.969s] -- Looking for connect
[4.142s] -- Looking for connect - found
[4.142s] -- Looking for remove
[4.321s] -- Looking for remove - found
[4.329s] -- Looking for shmat
[4.493s] -- Looking for shmat - found
[4.496s] -- Looking for IceConnectionNumber in ICE
[4.665s] -- Looking for IceConnectionNumber in ICE - found
[4.921s] -- Found EXPAT: /usr/lib/x86_64-linux-gnu/libexpat.so (found version "2.4.7") 
[4.927s] -- Found double-conversion: /usr/lib/x86_64-linux-gnu/libdouble-conversion.so  
[4.932s] -- Found LZ4: /usr/lib/x86_64-linux-gnu/liblz4.so (found version "1.9.3") 
[4.936s] -- Found LZMA: /usr/lib/x86_64-linux-gnu/liblzma.so (found version "5.2.5") 
[4.964s] -- Found JPEG: /usr/lib/x86_64-linux-gnu/libjpeg.so (found version "80") 
[4.979s] -- Found TIFF: /usr/lib/x86_64-linux-gnu/libtiff.so (found version "4.3.0")  
[4.989s] -- Found Freetype: /usr/lib/x86_64-linux-gnu/libfreetype.so (found version "2.11.1") 
[4.999s] -- Found utf8cpp: /usr/include/utf8cpp  
[5.063s] -- Eigen found (include: /usr/include/eigen3, version: 3.4.0)
[5.063s] -- looking for PCL_COMMON
[5.066s] -- Found PCL_COMMON: /usr/lib/x86_64-linux-gnu/libpcl_common.so  
[5.066s] -- looking for PCL_OCTREE
[5.067s] -- Found PCL_OCTREE: /usr/lib/x86_64-linux-gnu/libpcl_octree.so  
[5.067s] -- looking for PCL_IO
[5.069s] -- Found PCL_IO: /usr/lib/x86_64-linux-gnu/libpcl_io.so  
[5.070s] -- Found PCL: pcl_common;pcl_octree;pcl_io;Boost::system;Boost::filesystem;Boost::date_time;Boost::iostreams;Boost::serialization;/usr/lib/libOpenNI.so;libusb::libusb;/usr/lib/x86_64-linux-gnu/libOpenNI2.so;libusb::libusb;VTK::ChartsCore;VTK::CommonColor;VTK::CommonComputationalGeometry;VTK::CommonCore;VTK::CommonDataModel;VTK::CommonExecutionModel;VTK::CommonMath;VTK::CommonMisc;VTK::CommonTransforms;VTK::FiltersCore;VTK::FiltersExtraction;VTK::FiltersGeneral;VTK::FiltersGeometry;VTK::FiltersModeling;VTK::FiltersSources;VTK::ImagingCore;VTK::ImagingSources;VTK::InteractionImage;VTK::InteractionStyle;VTK::InteractionWidgets;VTK::IOCore;VTK::IOGeometry;VTK::IOImage;VTK::IOLegacy;VTK::IOPLY;VTK::RenderingAnnotation;VTK::RenderingCore;VTK::RenderingContext2D;VTK::RenderingLOD;VTK::RenderingFreeType;VTK::ViewsCore;VTK::ViewsContext2D;VTK::RenderingOpenGL2;VTK::GUISupportQt  
[5.735s] -- Found Python3: /usr/bin/python3.10 (found suitable version "3.10.6", minimum required is "3.10") found components: Interpreter Development.Module Development.Embed 
[6.268s] -- Found HDF5: /usr/lib/x86_64-linux-gnu/hdf5/serial/libhdf5.so;/usr/lib/x86_64-linux-gnu/libcrypto.so;/usr/lib/x86_64-linux-gnu/libcurl.so;/usr/lib/x86_64-linux-gnu/libpthread.a;/usr/lib/x86_64-linux-gnu/libsz.so;/usr/lib/x86_64-linux-gnu/libz.so;/usr/lib/x86_64-linux-gnu/libdl.a;/usr/lib/x86_64-linux-gnu/libm.so (found version "1.10.7") found components: C HL 
[6.273s] -- Found NetCDF: /usr/include (found version "4.8.1") 
[6.277s] -- Found OGG: /usr/lib/x86_64-linux-gnu/libogg.so  
[6.283s] -- Found THEORA: /usr/lib/x86_64-linux-gnu/libtheora.so  
[6.456s] -- Found LibXml2: /usr/lib/x86_64-linux-gnu/libxml2.so (found version "2.9.13") 
[6.512s] -- Found GL2PS: /usr/lib/x86_64-linux-gnu/libgl2ps.so (found suitable version "1.4.2", minimum required is "1.4.2") 
[6.531s] -- Found SQLite3: /usr/include (found version "3.37.2") 
[6.550s] -- Found LibPROJ: /usr/lib/x86_64-linux-gnu/libproj.so (found version "8.2.1") 
[6.796s] [33mCMake Warning (dev) at /usr/share/cmake-3.22/Modules/CMakeFindDependencyMacro.cmake:47 (find_package):
[6.796s]   Policy CMP0074 is not set: find_package uses <PackageName>_ROOT variables.
[6.796s]   Run "cmake --help-policy CMP0074" for policy details.  Use the cmake_policy
[6.796s]   command to set the policy and suppress this warning.
[6.797s] 
[6.797s]   CMake variable PCL_ROOT is set to:
[6.797s] 
[6.797s]     /usr
[6.797s] 
[6.797s]   For compatibility, CMake is ignoring the variable.
[6.798s] Call Stack (most recent call first):
[6.798s]   /home/ubuntu/tesseract_ws/install/noether_filtering/lib/cmake/noether_filtering/noether_filtering-config.cmake:23 (find_dependency)
[6.798s]   CMakeLists.txt:22 (find_package)
[6.798s] This warning is for project developers.  Use -Wno-dev to suppress it.
[6.798s] [0m
[6.857s] -- Checking for module 'flann'
[6.905s] --   Found flann, version 1.9.1
[7.040s] -- Found FLANN: /usr/lib/x86_64-linux-gnu/libflann_cpp.so  
[7.041s] -- FLANN found (include: /usr/include, lib: /usr/lib/x86_64-linux-gnu/libflann_cpp.so)
[7.056s] -- Found Qhull version 8.0.2
[8.077s] -- looking for PCL_KDTREE
[8.079s] -- Found PCL_KDTREE: /usr/lib/x86_64-linux-gnu/libpcl_kdtree.so  
[8.080s] -- looking for PCL_SEARCH
[8.082s] -- Found PCL_SEARCH: /usr/lib/x86_64-linux-gnu/libpcl_search.so  
[8.082s] -- looking for PCL_SAMPLE_CONSENSUS
[8.084s] -- Found PCL_SAMPLE_CONSENSUS: /usr/lib/x86_64-linux-gnu/libpcl_sample_consensus.so  
[8.084s] -- looking for PCL_FILTERS
[8.086s] -- Found PCL_FILTERS: /usr/lib/x86_64-linux-gnu/libpcl_filters.so  
[8.086s] -- looking for PCL_SURFACE
[8.087s] -- Found PCL_SURFACE: /usr/lib/x86_64-linux-gnu/libpcl_surface.so  
[8.088s] -- looking for PCL_GEOMETRY
[8.088s] -- Found PCL_GEOMETRY: /usr/include/pcl-1.12  
[8.089s] -- looking for PCL_2D
[8.089s] -- Found PCL_2D: /usr/include/pcl-1.12  
[8.090s] -- looking for PCL_FEATURES
[8.091s] -- Found PCL_FEATURES: /usr/lib/x86_64-linux-gnu/libpcl_features.so  
[8.092s] -- looking for PCL_ML
[8.093s] -- Found PCL_ML: /usr/lib/x86_64-linux-gnu/libpcl_ml.so  
[8.094s] -- looking for PCL_SEGMENTATION
[8.095s] -- Found PCL_SEGMENTATION: /usr/lib/x86_64-linux-gnu/libpcl_segmentation.so  
[8.097s] -- Found PCL: pcl_common;pcl_octree;pcl_io;pcl_kdtree;pcl_search;pcl_sample_consensus;pcl_filters;pcl_surface;pcl_features;pcl_ml;pcl_segmentation;Boost::system;Boost::filesystem;Boost::date_time;Boost::iostreams;Boost::serialization;/usr/lib/libOpenNI.so;libusb::libusb;/usr/lib/x86_64-linux-gnu/libOpenNI2.so;libusb::libusb;VTK::ChartsCore;VTK::CommonColor;VTK::CommonComputationalGeometry;VTK::CommonCore;VTK::CommonDataModel;VTK::CommonExecutionModel;VTK::CommonMath;VTK::CommonMisc;VTK::CommonTransforms;VTK::FiltersCore;VTK::FiltersExtraction;VTK::FiltersGeneral;VTK::FiltersGeometry;VTK::FiltersModeling;VTK::FiltersSources;VTK::ImagingCore;VTK::ImagingSources;VTK::InteractionImage;VTK::InteractionStyle;VTK::InteractionWidgets;VTK::IOCore;VTK::IOGeometry;VTK::IOImage;VTK::IOLegacy;VTK::IOPLY;VTK::RenderingAnnotation;VTK::RenderingCore;VTK::RenderingContext2D;VTK::RenderingLOD;VTK::RenderingFreeType;VTK::ViewsCore;VTK::ViewsContext2D;VTK::RenderingOpenGL2;VTK::GUISupportQt;FLANN::FLANN;QHULL::QHULL  
[8.108s] -- Found pluginlib: 5.1.0 (/opt/ros/humble/share/pluginlib/cmake)
[8.235s] -- Override CMake install command with custom implementation using symlinks instead of copying resources
[8.597s] -- Found Boost: /usr/lib/x86_64-linux-gnu/cmake/Boost-1.74.0/BoostConfig.cmake (found version "1.74.0") found components: filesystem 
[8.629s] -- OpenNI found (version: 1.5.4.0, include: /usr/include/ni, lib: /usr/lib/libOpenNI.so;libusb::libusb)
[8.643s] -- OpenNI2 found (version: 2.2.0.33, include: /usr/include/openni2, lib: /usr/lib/x86_64-linux-gnu/libOpenNI2.so;libusb::libusb)
[9.025s] -- OpenNI found (version: 1.5.4.0, include: /usr/include/ni, lib: /usr/lib/libOpenNI.so;libusb::libusb)
[9.378s] -- looking for PCL_VISUALIZATION
[9.381s] -- Found PCL_VISUALIZATION: /usr/lib/x86_64-linux-gnu/libpcl_visualization.so  
[9.382s] -- looking for PCL_REGISTRATION
[9.384s] -- Found PCL_REGISTRATION: /usr/lib/x86_64-linux-gnu/libpcl_registration.so  
[9.385s] -- looking for PCL_KEYPOINTS
[9.387s] -- Found PCL_KEYPOINTS: /usr/lib/x86_64-linux-gnu/libpcl_keypoints.so  
[9.387s] -- looking for PCL_TRACKING
[9.389s] -- Found PCL_TRACKING: /usr/lib/x86_64-linux-gnu/libpcl_tracking.so  
[9.390s] -- looking for PCL_RECOGNITION
[9.391s] -- Found PCL_RECOGNITION: /usr/lib/x86_64-linux-gnu/libpcl_recognition.so  
[9.392s] -- looking for PCL_STEREO
[9.394s] -- Found PCL_STEREO: /usr/lib/x86_64-linux-gnu/libpcl_stereo.so  
[9.395s] -- looking for PCL_APPS
[9.396s] -- Found PCL_APPS: /usr/lib/x86_64-linux-gnu/libpcl_apps.so  
[9.398s] -- looking for PCL_IN_HAND_SCANNER
[9.399s] -- Found PCL_IN_HAND_SCANNER: /usr/include/pcl-1.12  
[9.399s] -- looking for PCL_MODELER
[9.400s] -- Found PCL_MODELER: /usr/include/pcl-1.12  
[9.400s] -- looking for PCL_POINT_CLOUD_EDITOR
[9.401s] -- Found PCL_POINT_CLOUD_EDITOR: /usr/include/pcl-1.12  
[9.402s] -- looking for PCL_OUTOFCORE
[9.403s] -- Found PCL_OUTOFCORE: /usr/lib/x86_64-linux-gnu/libpcl_outofcore.so  
[9.404s] -- looking for PCL_PEOPLE
[9.406s] -- Found PCL_PEOPLE: /usr/lib/x86_64-linux-gnu/libpcl_people.so  
[9.407s] -- Found PCL: pcl_common;pcl_octree;pcl_io;pcl_kdtree;pcl_search;pcl_sample_consensus;pcl_filters;pcl_surface;pcl_features;pcl_ml;pcl_segmentation;pcl_visualization;pcl_registration;pcl_keypoints;pcl_tracking;pcl_recognition;pcl_stereo;pcl_apps;pcl_outofcore;pcl_people;Boost::system;Boost::filesystem;Boost::date_time;Boost::iostreams;Boost::serialization;/usr/lib/libOpenNI.so;libusb::libusb;/usr/lib/x86_64-linux-gnu/libOpenNI2.so;libusb::libusb;VTK::ChartsCore;VTK::CommonColor;VTK::CommonComputationalGeometry;VTK::CommonCore;VTK::CommonDataModel;VTK::CommonExecutionModel;VTK::CommonMath;VTK::CommonMisc;VTK::CommonTransforms;VTK::FiltersCore;VTK::FiltersExtraction;VTK::FiltersGeneral;VTK::FiltersGeometry;VTK::FiltersModeling;VTK::FiltersSources;VTK::ImagingCore;VTK::ImagingSources;VTK::InteractionImage;VTK::InteractionStyle;VTK::InteractionWidgets;VTK::IOCore;VTK::IOGeometry;VTK::IOImage;VTK::IOLegacy;VTK::IOPLY;VTK::RenderingAnnotation;VTK::RenderingCore;VTK::RenderingContext2D;VTK::RenderingLOD;VTK::RenderingFreeType;VTK::ViewsCore;VTK::ViewsContext2D;VTK::RenderingOpenGL2;VTK::GUISupportQt;FLANN::FLANN;QHULL::QHULL  
[9.420s] -- Found geometry_msgs: 4.2.3 (/opt/ros/humble/share/geometry_msgs/cmake)
[9.576s] -- Found rosidl_generator_c: 3.1.4 (/opt/ros/humble/share/rosidl_generator_c/cmake)
[9.604s] -- Found rosidl_adapter: 3.1.4 (/opt/ros/humble/share/rosidl_adapter/cmake)
[9.648s] -- Found rosidl_generator_cpp: 3.1.4 (/opt/ros/humble/share/rosidl_generator_cpp/cmake)
[9.710s] -- Using all available rosidl_typesupport_c: rosidl_typesupport_fastrtps_c;rosidl_typesupport_introspection_c
[9.778s] -- Using all available rosidl_typesupport_cpp: rosidl_typesupport_fastrtps_cpp;rosidl_typesupport_introspection_cpp
[10.220s] -- Found rclcpp: 16.0.4 (/opt/ros/humble/share/rclcpp/cmake)
[10.483s] -- Found rmw_implementation_cmake: 6.1.1 (/opt/ros/humble/share/rmw_implementation_cmake/cmake)
[10.517s] -- Found rmw_fastrtps_cpp: 6.2.2 (/opt/ros/humble/share/rmw_fastrtps_cpp/cmake)
[11.253s] -- Found OpenSSL: /usr/lib/x86_64-linux-gnu/libcrypto.so (found version "3.0.2")  
[11.389s] -- Found FastRTPS: /opt/ros/humble/include  
[11.642s] -- Using RMW implementation 'rmw_fastrtps_cpp' as default
[12.392s] -- Found rviz_polygon_selection_tool: 0.1.0 (/home/ubuntu/tesseract_ws/install/rviz_polygon_selection_tool/share/rviz_polygon_selection_tool/cmake)
[12.630s] -- Setting OGRE_DIR to: '/opt/ros/humble/share/rviz_ogre_vendor/cmake/../../../opt/rviz_ogre_vendor/lib/OGRE/cmake'
[12.634s] -- Found OGRE
[12.634s] --   static     : OFF
[12.634s] --   components : HLMS;MeshLodGenerator;Overlay;Paging;Property;RTShaderSystem;Terrain;Volume
[12.634s] --   plugins    : Plugin_BSPSceneManager;Plugin_OctreeSceneManager;Plugin_PCZSceneManager;Plugin_ParticleFX;RenderSystem_GL;RenderSystem_GL3Plus;Codec_STBI
[12.635s] --   media      : /opt/ros/humble/opt/rviz_ogre_vendor/share/OGRE/Media
[12.635s] -- OGRE_LIBRARIES: OgreHLMS;OgreMeshLodGenerator;OgreOverlay;OgrePaging;OgreProperty;OgreRTShaderSystem;OgreTerrain;OgreVolume;OgreMain
[12.635s] -- OGRE_LIBRARY_DIRS: /opt/ros/humble/opt/rviz_ogre_vendor/lib
[12.635s] -- OGRE_PLUGINS: Plugin_BSPSceneManager;Plugin_OctreeSceneManager;Plugin_PCZSceneManager;Plugin_ParticleFX;RenderSystem_GL;RenderSystem_GL3Plus;Codec_STBI
[12.635s] -- OGRE_PLUGIN_DIR: /opt/ros/humble/opt/rviz_ogre_vendor/lib/OGRE
[12.635s] -- rviz_ogre_vendor::OgreOverlay for IMPORTED_LOCATION_RELEASE: /opt/ros/humble/opt/rviz_ogre_vendor/lib/libOgreOverlay.so
[12.635s] -- rviz_ogre_vendor::OgreOverlay for IMPORTED_LOCATION_DEBUG: /opt/ros/humble/opt/rviz_ogre_vendor/lib/libOgreOverlay.so
[12.635s] -- rviz_ogre_vendor::OgreMain for IMPORTED_LOCATION_RELEASE: /opt/ros/humble/opt/rviz_ogre_vendor/lib/libOgreMain.so
[12.636s] -- rviz_ogre_vendor::OgreMain for IMPORTED_LOCATION_DEBUG: /opt/ros/humble/opt/rviz_ogre_vendor/lib/libOgreMain.so
[12.649s] -- Could not find freeimage library
[12.677s] -- Found OpenGL: /usr/lib/x86_64-linux-gnu/libOpenGL.so   
[12.865s] -- rviz_ogre_vendor::RenderSystem_GL for IMPORTED_LOCATION_RELEASE: _render_system_gl_static_library_abs-NOTFOUND
[12.865s] -- rviz_ogre_vendor::RenderSystem_GL for IMPORTED_LOCATION_DEBUG: _render_system_gl_static_library_abs-NOTFOUND
[13.403s] -- library: /usr/lib/x86_64-linux-gnu/libcurl.so
[13.838s] -- Found Eigen3: TRUE (found version "3.4.0") 
[13.839s] -- Ensuring Eigen3 include directory is part of orocos-kdl CMake target
[15.103s] -- Found snp_msgs: 0.0.0 (/home/ubuntu/tesseract_ws/install/snp_msgs/share/snp_msgs/cmake)
[15.838s] -- Found std_srvs: 4.2.3 (/opt/ros/humble/share/std_srvs/cmake)
[15.883s] -- Found tf2_eigen: 0.25.2 (/opt/ros/humble/share/tf2_eigen/cmake)
[15.946s] -- Found ament_lint_auto: 0.12.6 (/opt/ros/humble/share/ament_lint_auto/cmake)
[16.114s] -- Configuring done
[16.544s] -- Generating done
[16.548s] [33mCMake Warning:
[16.548s]   Manually-specified variables were not used by the project:
[16.548s] 
[16.548s]     TESSERACT_BUILD_FCL
[16.548s] 
[16.549s] [0m
[16.551s] -- Build files have been written to: /home/ubuntu/tesseract_ws/build/snp_tpp
[16.626s] Invoked command in '/home/ubuntu/tesseract_ws/build/snp_tpp' returned '0': CMAKE_PREFIX_PATH=/home/ubuntu/tesseract_ws/install/noether_gui:/home/ubuntu/tesseract_ws/install/noether_tpp:/home/ubuntu/tesseract_ws/install/noether_filtering:/home/ubuntu/tesseract_ws/install/boost_plugin_loader:/home/ubuntu/tesseract_ws/install/snp_msgs:/home/ubuntu/tesseract_ws/install/rviz_polygon_selection_tool:/home/ubuntu/tesseract_ws/install/ros_industrial_cmake_boilerplate:/home/ubuntu/tesseract_ws/install/vhacd:/home/ubuntu/tesseract_ws/install/tesseract_ros_examples:/home/ubuntu/tesseract_ws/install/tesseract_rviz:/home/ubuntu/tesseract_ws/install/tesseract_planning_server:/home/ubuntu/tesseract_ws/install/snp_motion_planning:/home/ubuntu/tesseract_ws/install/tesseract_monitoring:/home/ubuntu/tesseract_ws/install/tesseract_rosutils:/home/ubuntu/tesseract_ws/install/tesseract_qt:/home/ubuntu/tesseract_ws/install/tesseract_examples:/home/ubuntu/tesseract_ws/install/tesseract_task_composer:/home/ubuntu/tesseract_ws/install/tesseract_motion_planners:/home/ubuntu/tesseract_ws/install/trajopt_sqp:/home/ubuntu/tesseract_ws/install/trajopt:/home/ubuntu/tesseract_ws/install/trajopt_sco:/home/ubuntu/tesseract_ws/install/trajopt_ifopt:/home/ubuntu/tesseract_ws/install/trajopt_common:/home/ubuntu/tesseract_ws/install/tesseract_visualization:/home/ubuntu/tesseract_ws/install/tesseract_environment:/home/ubuntu/tesseract_ws/install/tesseract_urdf:/home/ubuntu/tesseract_ws/install/tesseract_time_parameterization:/home/ubuntu/tesseract_ws/install/tesseract_collision:/home/ubuntu/tesseract_ws/install/tesseract_support:/home/ubuntu/tesseract_ws/install/tesseract_kinematics:/home/ubuntu/tesseract_ws/install/tesseract_state_solver:/home/ubuntu/tesseract_ws/install/tesseract_srdf:/home/ubuntu/tesseract_ws/install/tesseract_scene_graph:/home/ubuntu/tesseract_ws/install/tesseract_msgs:/home/ubuntu/tesseract_ws/install/tesseract_geometry:/home/ubuntu/tesseract_ws/install/tesseract_command_language:/home/ubuntu/tesseract_ws/install/tesseract_common:/home/ubuntu/tesseract_ws/install/snp_automate_2022:/home/ubuntu/tesseract_ws/install/snp_tpp:/home/ubuntu/tesseract_ws/install/snp_scanning:/home/ubuntu/tesseract_ws/install/snp_motion_execution:/home/ubuntu/tesseract_ws/install/snp_application:/home/ubuntu/tesseract_ws/install/qt_advanced_docking:/home/ubuntu/tesseract_ws/install/qpoases:/home/ubuntu/tesseract_ws/install/osqp_eigen:/home/ubuntu/tesseract_ws/install/osqp:/home/ubuntu/tesseract_ws/install/opw_kinematics:/home/ubuntu/tesseract_ws/install/motoman_hc10_support:/home/ubuntu/tesseract_ws/install/motoman_resources:/home/ubuntu/tesseract_ws/install/industrial_reconstruction_msgs:/home/ubuntu/tesseract_ws/install/ifopt:/home/ubuntu/tesseract_ws/install/descartes_light:/home/ubuntu/tesseract_ws/install/Taskflow:/home/ubuntu/tesseract_ws/install/industrial_reconstruction:/opt/ros/humble LD_LIBRARY_PATH=/home/ubuntu/tesseract_ws/install/noether_gui/lib:/home/ubuntu/tesseract_ws/install/noether_tpp/lib:/home/ubuntu/tesseract_ws/install/noether_filtering/lib:/home/ubuntu/tesseract_ws/install/boost_plugin_loader/lib:/home/ubuntu/tesseract_ws/install/snp_msgs/lib:/home/ubuntu/tesseract_ws/install/rviz_polygon_selection_tool/lib:/home/ubuntu/tesseract_ws/install/vhacd/lib:/home/ubuntu/tesseract_ws/install/tesseract_rviz/lib:/home/ubuntu/tesseract_ws/install/tesseract_planning_server/lib:/home/ubuntu/tesseract_ws/install/snp_motion_planning/lib:/home/ubuntu/tesseract_ws/install/tesseract_monitoring/lib:/home/ubuntu/tesseract_ws/install/tesseract_rosutils/lib:/home/ubuntu/tesseract_ws/install/tesseract_qt/lib:/home/ubuntu/tesseract_ws/install/tesseract_examples/lib:/home/ubuntu/tesseract_ws/install/tesseract_task_composer/lib:/home/ubuntu/tesseract_ws/install/tesseract_motion_planners/lib:/home/ubuntu/tesseract_ws/install/trajopt_sqp/lib:/home/ubuntu/tesseract_ws/install/trajopt/lib:/home/ubuntu/tesseract_ws/install/trajopt_sco/lib:/home/ubuntu/tesseract_ws/install/trajopt_ifopt/lib:/home/ubuntu/tesseract_ws/install/trajopt_common/lib:/home/ubuntu/tesseract_ws/install/tesseract_visualization/lib:/home/ubuntu/tesseract_ws/install/tesseract_environment/lib:/home/ubuntu/tesseract_ws/install/tesseract_urdf/lib:/home/ubuntu/tesseract_ws/install/tesseract_time_parameterization/lib:/home/ubuntu/tesseract_ws/install/tesseract_collision/lib:/home/ubuntu/tesseract_ws/install/tesseract_support/lib:/home/ubuntu/tesseract_ws/install/tesseract_kinematics/lib:/home/ubuntu/tesseract_ws/install/tesseract_state_solver/lib:/home/ubuntu/tesseract_ws/install/tesseract_srdf/lib:/home/ubuntu/tesseract_ws/install/tesseract_scene_graph/lib:/home/ubuntu/tesseract_ws/install/tesseract_msgs/lib:/home/ubuntu/tesseract_ws/install/tesseract_geometry/lib:/home/ubuntu/tesseract_ws/install/tesseract_command_language/lib:/home/ubuntu/tesseract_ws/install/tesseract_common/lib:/home/ubuntu/tesseract_ws/install/snp_tpp/lib:/home/ubuntu/tesseract_ws/install/snp_application/lib:/home/ubuntu/tesseract_ws/install/qt_advanced_docking/lib:/home/ubuntu/tesseract_ws/install/qpoases/lib:/home/ubuntu/tesseract_ws/install/osqp_eigen/lib:/home/ubuntu/tesseract_ws/install/osqp/lib:/home/ubuntu/tesseract_ws/install/industrial_reconstruction_msgs/lib:/home/ubuntu/tesseract_ws/install/ifopt/lib:/home/ubuntu/tesseract_ws/install/descartes_light/lib:/opt/ros/humble/opt/rviz_ogre_vendor/lib:/opt/ros/humble/lib/x86_64-linux-gnu:/opt/ros/humble/lib PATH=/home/ubuntu/tesseract_ws/install/noether_gui/bin:/home/ubuntu/tesseract_ws/install/tesseract_qt/bin:/home/ubuntu/tesseract_ws/install/tesseract_examples/bin:/home/ubuntu/tesseract_ws/install/tesseract_task_composer/bin:/home/ubuntu/tesseract_ws/install/tesseract_motion_planners/bin:/home/ubuntu/tesseract_ws/install/trajopt_sco/bin:/home/ubuntu/tesseract_ws/install/tesseract_urdf/bin:/home/ubuntu/tesseract_ws/install/tesseract_collision/bin:/home/ubuntu/tesseract_ws/install/tesseract_srdf/bin:/home/ubuntu/tesseract_ws/install/tesseract_scene_graph/bin:/home/ubuntu/tesseract_ws/install/tesseract_geometry/bin:/opt/ros/humble/bin:/home/ubuntu/.local/bin:/home/ubuntu/.local/bin:/usr/local/sbin:/usr/local/bin:/usr/sbin:/usr/bin:/sbin:/bin:/usr/games:/usr/local/games:/snap/bin PKG_CONFIG_PATH=/home/ubuntu/tesseract_ws/install/noether_gui/lib/x86_64-linux-gnu/pkgconfig:/home/ubuntu/tesseract_ws/install/noether_gui/lib/pkgconfig:/home/ubuntu/tesseract_ws/install/noether_tpp/lib/x86_64-linux-gnu/pkgconfig:/home/ubuntu/tesseract_ws/install/noether_tpp/lib/pkgconfig:/home/ubuntu/tesseract_ws/install/noether_filtering/lib/x86_64-linux-gnu/pkgconfig:/home/ubuntu/tesseract_ws/install/noether_filtering/lib/pkgconfig:/home/ubuntu/tesseract_ws/install/boost_plugin_loader/lib/x86_64-linux-gnu/pkgconfig:/home/ubuntu/tesseract_ws/install/boost_plugin_loader/lib/pkgconfig:/home/ubuntu/tesseract_ws/install/ros_industrial_cmake_boilerplate/lib/x86_64-linux-gnu/pkgconfig:/home/ubuntu/tesseract_ws/install/ros_industrial_cmake_boilerplate/lib/pkgconfig:/home/ubuntu/tesseract_ws/install/vhacd/lib/x86_64-linux-gnu/pkgconfig:/home/ubuntu/tesseract_ws/install/vhacd/lib/pkgconfig:/home/ubuntu/tesseract_ws/install/tesseract_qt/lib/x86_64-linux-gnu/pkgconfig:/home/ubuntu/tesseract_ws/install/tesseract_qt/lib/pkgconfig:/home/ubuntu/tesseract_ws/install/tesseract_examples/lib/x86_64-linux-gnu/pkgconfig:/home/ubuntu/tesseract_ws/install/tesseract_examples/lib/pkgconfig:/home/ubuntu/tesseract_ws/install/tesseract_task_composer/lib/x86_64-linux-gnu/pkgconfig:/home/ubuntu/tesseract_ws/install/tesseract_task_composer/lib/pkgconfig:/home/ubuntu/tesseract_ws/install/tesseract_motion_planners/lib/x86_64-linux-gnu/pkgconfig:/home/ubuntu/tesseract_ws/install/tesseract_motion_planners/lib/pkgconfig:/home/ubuntu/tesseract_ws/install/trajopt_sqp/lib/x86_64-linux-gnu/pkgconfig:/home/ubuntu/tesseract_ws/install/trajopt_sqp/lib/pkgconfig:/home/ubuntu/tesseract_ws/install/trajopt/lib/x86_64-linux-gnu/pkgconfig:/home/ubuntu/tesseract_ws/install/trajopt/lib/pkgconfig:/home/ubuntu/tesseract_ws/install/trajopt_sco/lib/x86_64-linux-gnu/pkgconfig:/home/ubuntu/tesseract_ws/install/trajopt_sco/lib/pkgconfig:/home/ubuntu/tesseract_ws/install/trajopt_ifopt/lib/x86_64-linux-gnu/pkgconfig:/home/ubuntu/tesseract_ws/install/trajopt_ifopt/lib/pkgconfig:/home/ubuntu/tesseract_ws/install/trajopt_common/lib/x86_64-linux-gnu/pkgconfig:/home/ubuntu/tesseract_ws/install/trajopt_common/lib/pkgconfig:/home/ubuntu/tesseract_ws/install/tesseract_visualization/lib/x86_64-linux-gnu/pkgconfig:/home/ubuntu/tesseract_ws/install/tesseract_visualization/lib/pkgconfig:/home/ubuntu/tesseract_ws/install/tesseract_environment/lib/x86_64-linux-gnu/pkgconfig:/home/ubuntu/tesseract_ws/install/tesseract_environment/lib/pkgconfig:/home/ubuntu/tesseract_ws/install/tesseract_urdf/lib/x86_64-linux-gnu/pkgconfig:/home/ubuntu/tesseract_ws/install/tesseract_urdf/lib/pkgconfig:/home/ubuntu/tesseract_ws/install/tesseract_time_parameterization/lib/x86_64-linux-gnu/pkgconfig:/home/ubuntu/tesseract_ws/install/tesseract_time_parameterization/lib/pkgconfig:/home/ubuntu/tesseract_ws/install/tesseract_collision/lib/x86_64-linux-gnu/pkgconfig:/home/ubuntu/tesseract_ws/install/tesseract_collision/lib/pkgconfig:/home/ubuntu/tesseract_ws/install/tesseract_support/lib/x86_64-linux-gnu/pkgconfig:/home/ubuntu/tesseract_ws/install/tesseract_support/lib/pkgconfig:/home/ubuntu/tesseract_ws/install/tesseract_kinematics/lib/x86_64-linux-gnu/pkgconfig:/home/ubuntu/tesseract_ws/install/tesseract_kinematics/lib/pkgconfig:/home/ubuntu/tesseract_ws/install/tesseract_state_solver/lib/x86_64-linux-gnu/pkgconfig:/home/ubuntu/tesseract_ws/install/tesseract_state_solver/lib/pkgconfig:/home/ubuntu/tesseract_ws/install/tesseract_srdf/lib/x86_64-linux-gnu/pkgconfig:/home/ubuntu/tesseract_ws/install/tesseract_srdf/lib/pkgconfig:/home/ubuntu/tesseract_ws/install/tesseract_scene_graph/lib/x86_64-linux-gnu/pkgconfig:/home/ubuntu/tesseract_ws/install/tesseract_scene_graph/lib/pkgconfig:/home/ubuntu/tesseract_ws/install/tesseract_geometry/lib/x86_64-linux-gnu/pkgconfig:/home/ubuntu/tesseract_ws/install/tesseract_geometry/lib/pkgconfig:/home/ubuntu/tesseract_ws/install/tesseract_command_language/lib/x86_64-linux-gnu/pkgconfig:/home/ubuntu/tesseract_ws/install/tesseract_command_language/lib/pkgconfig:/home/ubuntu/tesseract_ws/install/tesseract_common/lib/x86_64-linux-gnu/pkgconfig:/home/ubuntu/tesseract_ws/install/tesseract_common/lib/pkgconfig:/home/ubuntu/tesseract_ws/install/qt_advanced_docking/lib/x86_64-linux-gnu/pkgconfig:/home/ubuntu/tesseract_ws/install/qt_advanced_docking/lib/pkgconfig:/home/ubuntu/tesseract_ws/install/qpoases/lib/x86_64-linux-gnu/pkgconfig:/home/ubuntu/tesseract_ws/install/qpoases/lib/pkgconfig:/home/ubuntu/tesseract_ws/install/osqp_eigen/lib/x86_64-linux-gnu/pkgconfig:/home/ubuntu/tesseract_ws/install/osqp_eigen/lib/pkgconfig:/home/ubuntu/tesseract_ws/install/osqp/lib/x86_64-linux-gnu/pkgconfig:/home/ubuntu/tesseract_ws/install/osqp/lib/pkgconfig:/home/ubuntu/tesseract_ws/install/opw_kinematics/lib/x86_64-linux-gnu/pkgconfig:/home/ubuntu/tesseract_ws/install/opw_kinematics/lib/pkgconfig:/home/ubuntu/tesseract_ws/install/ifopt/lib/x86_64-linux-gnu/pkgconfig:/home/ubuntu/tesseract_ws/install/ifopt/lib/pkgconfig:/home/ubuntu/tesseract_ws/install/descartes_light/lib/x86_64-linux-gnu/pkgconfig:/home/ubuntu/tesseract_ws/install/descartes_light/lib/pkgconfig /usr/bin/cmake /home/ubuntu/tesseract_ws/src/snp_tpp -DTESSERACT_BUILD_FCL=OFF -DAMENT_CMAKE_SYMLINK_INSTALL=1 -DCMAKE_INSTALL_PREFIX=/home/ubuntu/tesseract_ws/install/snp_tpp
[16.627s] Invoking command in '/home/ubuntu/tesseract_ws/build/snp_tpp': CMAKE_PREFIX_PATH=/home/ubuntu/tesseract_ws/install/noether_gui:/home/ubuntu/tesseract_ws/install/noether_tpp:/home/ubuntu/tesseract_ws/install/noether_filtering:/home/ubuntu/tesseract_ws/install/boost_plugin_loader:/home/ubuntu/tesseract_ws/install/snp_msgs:/home/ubuntu/tesseract_ws/install/rviz_polygon_selection_tool:/home/ubuntu/tesseract_ws/install/ros_industrial_cmake_boilerplate:/home/ubuntu/tesseract_ws/install/vhacd:/home/ubuntu/tesseract_ws/install/tesseract_ros_examples:/home/ubuntu/tesseract_ws/install/tesseract_rviz:/home/ubuntu/tesseract_ws/install/tesseract_planning_server:/home/ubuntu/tesseract_ws/install/snp_motion_planning:/home/ubuntu/tesseract_ws/install/tesseract_monitoring:/home/ubuntu/tesseract_ws/install/tesseract_rosutils:/home/ubuntu/tesseract_ws/install/tesseract_qt:/home/ubuntu/tesseract_ws/install/tesseract_examples:/home/ubuntu/tesseract_ws/install/tesseract_task_composer:/home/ubuntu/tesseract_ws/install/tesseract_motion_planners:/home/ubuntu/tesseract_ws/install/trajopt_sqp:/home/ubuntu/tesseract_ws/install/trajopt:/home/ubuntu/tesseract_ws/install/trajopt_sco:/home/ubuntu/tesseract_ws/install/trajopt_ifopt:/home/ubuntu/tesseract_ws/install/trajopt_common:/home/ubuntu/tesseract_ws/install/tesseract_visualization:/home/ubuntu/tesseract_ws/install/tesseract_environment:/home/ubuntu/tesseract_ws/install/tesseract_urdf:/home/ubuntu/tesseract_ws/install/tesseract_time_parameterization:/home/ubuntu/tesseract_ws/install/tesseract_collision:/home/ubuntu/tesseract_ws/install/tesseract_support:/home/ubuntu/tesseract_ws/install/tesseract_kinematics:/home/ubuntu/tesseract_ws/install/tesseract_state_solver:/home/ubuntu/tesseract_ws/install/tesseract_srdf:/home/ubuntu/tesseract_ws/install/tesseract_scene_graph:/home/ubuntu/tesseract_ws/install/tesseract_msgs:/home/ubuntu/tesseract_ws/install/tesseract_geometry:/home/ubuntu/tesseract_ws/install/tesseract_command_language:/home/ubuntu/tesseract_ws/install/tesseract_common:/home/ubuntu/tesseract_ws/install/snp_automate_2022:/home/ubuntu/tesseract_ws/install/snp_tpp:/home/ubuntu/tesseract_ws/install/snp_scanning:/home/ubuntu/tesseract_ws/install/snp_motion_execution:/home/ubuntu/tesseract_ws/install/snp_application:/home/ubuntu/tesseract_ws/install/qt_advanced_docking:/home/ubuntu/tesseract_ws/install/qpoases:/home/ubuntu/tesseract_ws/install/osqp_eigen:/home/ubuntu/tesseract_ws/install/osqp:/home/ubuntu/tesseract_ws/install/opw_kinematics:/home/ubuntu/tesseract_ws/install/motoman_hc10_support:/home/ubuntu/tesseract_ws/install/motoman_resources:/home/ubuntu/tesseract_ws/install/industrial_reconstruction_msgs:/home/ubuntu/tesseract_ws/install/ifopt:/home/ubuntu/tesseract_ws/install/descartes_light:/home/ubuntu/tesseract_ws/install/Taskflow:/home/ubuntu/tesseract_ws/install/industrial_reconstruction:/opt/ros/humble LD_LIBRARY_PATH=/home/ubuntu/tesseract_ws/install/noether_gui/lib:/home/ubuntu/tesseract_ws/install/noether_tpp/lib:/home/ubuntu/tesseract_ws/install/noether_filtering/lib:/home/ubuntu/tesseract_ws/install/boost_plugin_loader/lib:/home/ubuntu/tesseract_ws/install/snp_msgs/lib:/home/ubuntu/tesseract_ws/install/rviz_polygon_selection_tool/lib:/home/ubuntu/tesseract_ws/install/vhacd/lib:/home/ubuntu/tesseract_ws/install/tesseract_rviz/lib:/home/ubuntu/tesseract_ws/install/tesseract_planning_server/lib:/home/ubuntu/tesseract_ws/install/snp_motion_planning/lib:/home/ubuntu/tesseract_ws/install/tesseract_monitoring/lib:/home/ubuntu/tesseract_ws/install/tesseract_rosutils/lib:/home/ubuntu/tesseract_ws/install/tesseract_qt/lib:/home/ubuntu/tesseract_ws/install/tesseract_examples/lib:/home/ubuntu/tesseract_ws/install/tesseract_task_composer/lib:/home/ubuntu/tesseract_ws/install/tesseract_motion_planners/lib:/home/ubuntu/tesseract_ws/install/trajopt_sqp/lib:/home/ubuntu/tesseract_ws/install/trajopt/lib:/home/ubuntu/tesseract_ws/install/trajopt_sco/lib:/home/ubuntu/tesseract_ws/install/trajopt_ifopt/lib:/home/ubuntu/tesseract_ws/install/trajopt_common/lib:/home/ubuntu/tesseract_ws/install/tesseract_visualization/lib:/home/ubuntu/tesseract_ws/install/tesseract_environment/lib:/home/ubuntu/tesseract_ws/install/tesseract_urdf/lib:/home/ubuntu/tesseract_ws/install/tesseract_time_parameterization/lib:/home/ubuntu/tesseract_ws/install/tesseract_collision/lib:/home/ubuntu/tesseract_ws/install/tesseract_support/lib:/home/ubuntu/tesseract_ws/install/tesseract_kinematics/lib:/home/ubuntu/tesseract_ws/install/tesseract_state_solver/lib:/home/ubuntu/tesseract_ws/install/tesseract_srdf/lib:/home/ubuntu/tesseract_ws/install/tesseract_scene_graph/lib:/home/ubuntu/tesseract_ws/install/tesseract_msgs/lib:/home/ubuntu/tesseract_ws/install/tesseract_geometry/lib:/home/ubuntu/tesseract_ws/install/tesseract_command_language/lib:/home/ubuntu/tesseract_ws/install/tesseract_common/lib:/home/ubuntu/tesseract_ws/install/snp_tpp/lib:/home/ubuntu/tesseract_ws/install/snp_application/lib:/home/ubuntu/tesseract_ws/install/qt_advanced_docking/lib:/home/ubuntu/tesseract_ws/install/qpoases/lib:/home/ubuntu/tesseract_ws/install/osqp_eigen/lib:/home/ubuntu/tesseract_ws/install/osqp/lib:/home/ubuntu/tesseract_ws/install/industrial_reconstruction_msgs/lib:/home/ubuntu/tesseract_ws/install/ifopt/lib:/home/ubuntu/tesseract_ws/install/descartes_light/lib:/opt/ros/humble/opt/rviz_ogre_vendor/lib:/opt/ros/humble/lib/x86_64-linux-gnu:/opt/ros/humble/lib PATH=/home/ubuntu/tesseract_ws/install/noether_gui/bin:/home/ubuntu/tesseract_ws/install/tesseract_qt/bin:/home/ubuntu/tesseract_ws/install/tesseract_examples/bin:/home/ubuntu/tesseract_ws/install/tesseract_task_composer/bin:/home/ubuntu/tesseract_ws/install/tesseract_motion_planners/bin:/home/ubuntu/tesseract_ws/install/trajopt_sco/bin:/home/ubuntu/tesseract_ws/install/tesseract_urdf/bin:/home/ubuntu/tesseract_ws/install/tesseract_collision/bin:/home/ubuntu/tesseract_ws/install/tesseract_srdf/bin:/home/ubuntu/tesseract_ws/install/tesseract_scene_graph/bin:/home/ubuntu/tesseract_ws/install/tesseract_geometry/bin:/opt/ros/humble/bin:/home/ubuntu/.local/bin:/home/ubuntu/.local/bin:/usr/local/sbin:/usr/local/bin:/usr/sbin:/usr/bin:/sbin:/bin:/usr/games:/usr/local/games:/snap/bin PKG_CONFIG_PATH=/home/ubuntu/tesseract_ws/install/noether_gui/lib/x86_64-linux-gnu/pkgconfig:/home/ubuntu/tesseract_ws/install/noether_gui/lib/pkgconfig:/home/ubuntu/tesseract_ws/install/noether_tpp/lib/x86_64-linux-gnu/pkgconfig:/home/ubuntu/tesseract_ws/install/noether_tpp/lib/pkgconfig:/home/ubuntu/tesseract_ws/install/noether_filtering/lib/x86_64-linux-gnu/pkgconfig:/home/ubuntu/tesseract_ws/install/noether_filtering/lib/pkgconfig:/home/ubuntu/tesseract_ws/install/boost_plugin_loader/lib/x86_64-linux-gnu/pkgconfig:/home/ubuntu/tesseract_ws/install/boost_plugin_loader/lib/pkgconfig:/home/ubuntu/tesseract_ws/install/ros_industrial_cmake_boilerplate/lib/x86_64-linux-gnu/pkgconfig:/home/ubuntu/tesseract_ws/install/ros_industrial_cmake_boilerplate/lib/pkgconfig:/home/ubuntu/tesseract_ws/install/vhacd/lib/x86_64-linux-gnu/pkgconfig:/home/ubuntu/tesseract_ws/install/vhacd/lib/pkgconfig:/home/ubuntu/tesseract_ws/install/tesseract_qt/lib/x86_64-linux-gnu/pkgconfig:/home/ubuntu/tesseract_ws/install/tesseract_qt/lib/pkgconfig:/home/ubuntu/tesseract_ws/install/tesseract_examples/lib/x86_64-linux-gnu/pkgconfig:/home/ubuntu/tesseract_ws/install/tesseract_examples/lib/pkgconfig:/home/ubuntu/tesseract_ws/install/tesseract_task_composer/lib/x86_64-linux-gnu/pkgconfig:/home/ubuntu/tesseract_ws/install/tesseract_task_composer/lib/pkgconfig:/home/ubuntu/tesseract_ws/install/tesseract_motion_planners/lib/x86_64-linux-gnu/pkgconfig:/home/ubuntu/tesseract_ws/install/tesseract_motion_planners/lib/pkgconfig:/home/ubuntu/tesseract_ws/install/trajopt_sqp/lib/x86_64-linux-gnu/pkgconfig:/home/ubuntu/tesseract_ws/install/trajopt_sqp/lib/pkgconfig:/home/ubuntu/tesseract_ws/install/trajopt/lib/x86_64-linux-gnu/pkgconfig:/home/ubuntu/tesseract_ws/install/trajopt/lib/pkgconfig:/home/ubuntu/tesseract_ws/install/trajopt_sco/lib/x86_64-linux-gnu/pkgconfig:/home/ubuntu/tesseract_ws/install/trajopt_sco/lib/pkgconfig:/home/ubuntu/tesseract_ws/install/trajopt_ifopt/lib/x86_64-linux-gnu/pkgconfig:/home/ubuntu/tesseract_ws/install/trajopt_ifopt/lib/pkgconfig:/home/ubuntu/tesseract_ws/install/trajopt_common/lib/x86_64-linux-gnu/pkgconfig:/home/ubuntu/tesseract_ws/install/trajopt_common/lib/pkgconfig:/home/ubuntu/tesseract_ws/install/tesseract_visualization/lib/x86_64-linux-gnu/pkgconfig:/home/ubuntu/tesseract_ws/install/tesseract_visualization/lib/pkgconfig:/home/ubuntu/tesseract_ws/install/tesseract_environment/lib/x86_64-linux-gnu/pkgconfig:/home/ubuntu/tesseract_ws/install/tesseract_environment/lib/pkgconfig:/home/ubuntu/tesseract_ws/install/tesseract_urdf/lib/x86_64-linux-gnu/pkgconfig:/home/ubuntu/tesseract_ws/install/tesseract_urdf/lib/pkgconfig:/home/ubuntu/tesseract_ws/install/tesseract_time_parameterization/lib/x86_64-linux-gnu/pkgconfig:/home/ubuntu/tesseract_ws/install/tesseract_time_parameterization/lib/pkgconfig:/home/ubuntu/tesseract_ws/install/tesseract_collision/lib/x86_64-linux-gnu/pkgconfig:/home/ubuntu/tesseract_ws/install/tesseract_collision/lib/pkgconfig:/home/ubuntu/tesseract_ws/install/tesseract_support/lib/x86_64-linux-gnu/pkgconfig:/home/ubuntu/tesseract_ws/install/tesseract_support/lib/pkgconfig:/home/ubuntu/tesseract_ws/install/tesseract_kinematics/lib/x86_64-linux-gnu/pkgconfig:/home/ubuntu/tesseract_ws/install/tesseract_kinematics/lib/pkgconfig:/home/ubuntu/tesseract_ws/install/tesseract_state_solver/lib/x86_64-linux-gnu/pkgconfig:/home/ubuntu/tesseract_ws/install/tesseract_state_solver/lib/pkgconfig:/home/ubuntu/tesseract_ws/install/tesseract_srdf/lib/x86_64-linux-gnu/pkgconfig:/home/ubuntu/tesseract_ws/install/tesseract_srdf/lib/pkgconfig:/home/ubuntu/tesseract_ws/install/tesseract_scene_graph/lib/x86_64-linux-gnu/pkgconfig:/home/ubuntu/tesseract_ws/install/tesseract_scene_graph/lib/pkgconfig:/home/ubuntu/tesseract_ws/install/tesseract_geometry/lib/x86_64-linux-gnu/pkgconfig:/home/ubuntu/tesseract_ws/install/tesseract_geometry/lib/pkgconfig:/home/ubuntu/tesseract_ws/install/tesseract_command_language/lib/x86_64-linux-gnu/pkgconfig:/home/ubuntu/tesseract_ws/install/tesseract_command_language/lib/pkgconfig:/home/ubuntu/tesseract_ws/install/tesseract_common/lib/x86_64-linux-gnu/pkgconfig:/home/ubuntu/tesseract_ws/install/tesseract_common/lib/pkgconfig:/home/ubuntu/tesseract_ws/install/qt_advanced_docking/lib/x86_64-linux-gnu/pkgconfig:/home/ubuntu/tesseract_ws/install/qt_advanced_docking/lib/pkgconfig:/home/ubuntu/tesseract_ws/install/qpoases/lib/x86_64-linux-gnu/pkgconfig:/home/ubuntu/tesseract_ws/install/qpoases/lib/pkgconfig:/home/ubuntu/tesseract_ws/install/osqp_eigen/lib/x86_64-linux-gnu/pkgconfig:/home/ubuntu/tesseract_ws/install/osqp_eigen/lib/pkgconfig:/home/ubuntu/tesseract_ws/install/osqp/lib/x86_64-linux-gnu/pkgconfig:/home/ubuntu/tesseract_ws/install/osqp/lib/pkgconfig:/home/ubuntu/tesseract_ws/install/opw_kinematics/lib/x86_64-linux-gnu/pkgconfig:/home/ubuntu/tesseract_ws/install/opw_kinematics/lib/pkgconfig:/home/ubuntu/tesseract_ws/install/ifopt/lib/x86_64-linux-gnu/pkgconfig:/home/ubuntu/tesseract_ws/install/ifopt/lib/pkgconfig:/home/ubuntu/tesseract_ws/install/descartes_light/lib/x86_64-linux-gnu/pkgconfig:/home/ubuntu/tesseract_ws/install/descartes_light/lib/pkgconfig /usr/bin/cmake --build /home/ubuntu/tesseract_ws/build/snp_tpp -- -j4 -l4
[16.930s] [ 13%] [34m[1mGenerating ui_roi_selection_mesh_modifier_widget.h[0m
[16.931s] [ 13%] [34m[1mGenerating include/snp_tpp/moc_tpp_widget.cpp[0m
[16.931s] [ 20%] [34m[1mGenerating ui_tpp_widget.h[0m
[16.931s] [ 26%] [34m[1mGenerating include/snp_tpp/moc_roi_selection_mesh_modifier_widget.cpp[0m
[17.119s] [ 33%] [32mBuilding CXX object CMakeFiles/snp_tpp_widget.dir/src/tpp_widget.cpp.o[0m
[17.138s] [ 40%] [32mBuilding CXX object CMakeFiles/snp_tpp_widget.dir/include/snp_tpp/moc_tpp_widget.cpp.o[0m
[17.173s] [ 46%] [32mBuilding CXX object CMakeFiles/snp_tpp_mesh_modifier.dir/src/roi_selection_mesh_modifier.cpp.o[0m
[17.203s] [ 53%] [32mBuilding CXX object CMakeFiles/snp_tpp_mesh_modifier.dir/src/roi_selection_mesh_modifier_widget.cpp.o[0m
[20.599s] In file included from [01m[K/home/ubuntu/tesseract_ws/src/snp_tpp/src/roi_selection_mesh_modifier.cpp:2[m[K:
[20.599s] [01m[K/opt/ros/humble/include/tf2_eigen/tf2_eigen/tf2_eigen.h:32:2:[m[K [01;35m[Kwarning: [m[K#warning This header is obsolete, please include tf2_eigen/tf2_eigen.hpp instead [[01;35m[K]8;;https://gcc.gnu.org/onlinedocs/gcc/Warning-Options.html#index-Wcpp-Wcpp]8;;[m[K]
[20.599s]    32 | #[01;35m[Kwarning[m[K This header is obsolete, please include tf2_eigen/tf2_eigen.hpp instead
[20.599s]       |  [01;35m[K^~~~~~~[m[K
[24.473s] In file included from [01m[K/home/ubuntu/tesseract_ws/src/snp_tpp/src/tpp_widget.cpp:11[m[K:
[24.474s] [01m[K/opt/ros/humble/include/tf2_eigen/tf2_eigen/tf2_eigen.h:32:2:[m[K [01;35m[Kwarning: [m[K#warning This header is obsolete, please include tf2_eigen/tf2_eigen.hpp instead [[01;35m[K]8;;https://gcc.gnu.org/onlinedocs/gcc/Warning-Options.html#index-Wcpp-Wcpp]8;;[m[K]
[24.474s]    32 | #[01;35m[Kwarning[m[K This header is obsolete, please include tf2_eigen/tf2_eigen.hpp instead
[24.474s]       |  [01;35m[K^~~~~~~[m[K
[37.298s] [ 60%] [32mBuilding CXX object CMakeFiles/snp_tpp_mesh_modifier.dir/include/snp_tpp/moc_roi_selection_mesh_modifier_widget.cpp.o[0m
[43.826s] [ 66%] [32m[1mLinking CXX shared library libsnp_tpp_mesh_modifier.so[0m
[48.883s] [ 66%] Built target snp_tpp_mesh_modifier
[54.907s] [ 73%] [32m[1mLinking CXX shared library libsnp_tpp_widget.so[0m
[58.284s] [ 73%] Built target snp_tpp_widget
[58.350s] [ 80%] [32mBuilding CXX object CMakeFiles/snp_tpp_plugins.dir/src/plugins.cpp.o[0m
[62.750s] [ 86%] [32m[1mLinking CXX shared library libsnp_tpp_plugins.so[0m
[63.518s] [ 86%] Built target snp_tpp_plugins
[63.563s] [ 93%] [32mBuilding CXX object CMakeFiles/snp_tpp_app.dir/src/tpp_app.cpp.o[0m
[68.381s] [100%] [32m[1mLinking CXX executable snp_tpp_app[0m
[69.993s] [100%] Built target snp_tpp_app
[70.011s] Invoked command in '/home/ubuntu/tesseract_ws/build/snp_tpp' returned '0': CMAKE_PREFIX_PATH=/home/ubuntu/tesseract_ws/install/noether_gui:/home/ubuntu/tesseract_ws/install/noether_tpp:/home/ubuntu/tesseract_ws/install/noether_filtering:/home/ubuntu/tesseract_ws/install/boost_plugin_loader:/home/ubuntu/tesseract_ws/install/snp_msgs:/home/ubuntu/tesseract_ws/install/rviz_polygon_selection_tool:/home/ubuntu/tesseract_ws/install/ros_industrial_cmake_boilerplate:/home/ubuntu/tesseract_ws/install/vhacd:/home/ubuntu/tesseract_ws/install/tesseract_ros_examples:/home/ubuntu/tesseract_ws/install/tesseract_rviz:/home/ubuntu/tesseract_ws/install/tesseract_planning_server:/home/ubuntu/tesseract_ws/install/snp_motion_planning:/home/ubuntu/tesseract_ws/install/tesseract_monitoring:/home/ubuntu/tesseract_ws/install/tesseract_rosutils:/home/ubuntu/tesseract_ws/install/tesseract_qt:/home/ubuntu/tesseract_ws/install/tesseract_examples:/home/ubuntu/tesseract_ws/install/tesseract_task_composer:/home/ubuntu/tesseract_ws/install/tesseract_motion_planners:/home/ubuntu/tesseract_ws/install/trajopt_sqp:/home/ubuntu/tesseract_ws/install/trajopt:/home/ubuntu/tesseract_ws/install/trajopt_sco:/home/ubuntu/tesseract_ws/install/trajopt_ifopt:/home/ubuntu/tesseract_ws/install/trajopt_common:/home/ubuntu/tesseract_ws/install/tesseract_visualization:/home/ubuntu/tesseract_ws/install/tesseract_environment:/home/ubuntu/tesseract_ws/install/tesseract_urdf:/home/ubuntu/tesseract_ws/install/tesseract_time_parameterization:/home/ubuntu/tesseract_ws/install/tesseract_collision:/home/ubuntu/tesseract_ws/install/tesseract_support:/home/ubuntu/tesseract_ws/install/tesseract_kinematics:/home/ubuntu/tesseract_ws/install/tesseract_state_solver:/home/ubuntu/tesseract_ws/install/tesseract_srdf:/home/ubuntu/tesseract_ws/install/tesseract_scene_graph:/home/ubuntu/tesseract_ws/install/tesseract_msgs:/home/ubuntu/tesseract_ws/install/tesseract_geometry:/home/ubuntu/tesseract_ws/install/tesseract_command_language:/home/ubuntu/tesseract_ws/install/tesseract_common:/home/ubuntu/tesseract_ws/install/snp_automate_2022:/home/ubuntu/tesseract_ws/install/snp_tpp:/home/ubuntu/tesseract_ws/install/snp_scanning:/home/ubuntu/tesseract_ws/install/snp_motion_execution:/home/ubuntu/tesseract_ws/install/snp_application:/home/ubuntu/tesseract_ws/install/qt_advanced_docking:/home/ubuntu/tesseract_ws/install/qpoases:/home/ubuntu/tesseract_ws/install/osqp_eigen:/home/ubuntu/tesseract_ws/install/osqp:/home/ubuntu/tesseract_ws/install/opw_kinematics:/home/ubuntu/tesseract_ws/install/motoman_hc10_support:/home/ubuntu/tesseract_ws/install/motoman_resources:/home/ubuntu/tesseract_ws/install/industrial_reconstruction_msgs:/home/ubuntu/tesseract_ws/install/ifopt:/home/ubuntu/tesseract_ws/install/descartes_light:/home/ubuntu/tesseract_ws/install/Taskflow:/home/ubuntu/tesseract_ws/install/industrial_reconstruction:/opt/ros/humble LD_LIBRARY_PATH=/home/ubuntu/tesseract_ws/install/noether_gui/lib:/home/ubuntu/tesseract_ws/install/noether_tpp/lib:/home/ubuntu/tesseract_ws/install/noether_filtering/lib:/home/ubuntu/tesseract_ws/install/boost_plugin_loader/lib:/home/ubuntu/tesseract_ws/install/snp_msgs/lib:/home/ubuntu/tesseract_ws/install/rviz_polygon_selection_tool/lib:/home/ubuntu/tesseract_ws/install/vhacd/lib:/home/ubuntu/tesseract_ws/install/tesseract_rviz/lib:/home/ubuntu/tesseract_ws/install/tesseract_planning_server/lib:/home/ubuntu/tesseract_ws/install/snp_motion_planning/lib:/home/ubuntu/tesseract_ws/install/tesseract_monitoring/lib:/home/ubuntu/tesseract_ws/install/tesseract_rosutils/lib:/home/ubuntu/tesseract_ws/install/tesseract_qt/lib:/home/ubuntu/tesseract_ws/install/tesseract_examples/lib:/home/ubuntu/tesseract_ws/install/tesseract_task_composer/lib:/home/ubuntu/tesseract_ws/install/tesseract_motion_planners/lib:/home/ubuntu/tesseract_ws/install/trajopt_sqp/lib:/home/ubuntu/tesseract_ws/install/trajopt/lib:/home/ubuntu/tesseract_ws/install/trajopt_sco/lib:/home/ubuntu/tesseract_ws/install/trajopt_ifopt/lib:/home/ubuntu/tesseract_ws/install/trajopt_common/lib:/home/ubuntu/tesseract_ws/install/tesseract_visualization/lib:/home/ubuntu/tesseract_ws/install/tesseract_environment/lib:/home/ubuntu/tesseract_ws/install/tesseract_urdf/lib:/home/ubuntu/tesseract_ws/install/tesseract_time_parameterization/lib:/home/ubuntu/tesseract_ws/install/tesseract_collision/lib:/home/ubuntu/tesseract_ws/install/tesseract_support/lib:/home/ubuntu/tesseract_ws/install/tesseract_kinematics/lib:/home/ubuntu/tesseract_ws/install/tesseract_state_solver/lib:/home/ubuntu/tesseract_ws/install/tesseract_srdf/lib:/home/ubuntu/tesseract_ws/install/tesseract_scene_graph/lib:/home/ubuntu/tesseract_ws/install/tesseract_msgs/lib:/home/ubuntu/tesseract_ws/install/tesseract_geometry/lib:/home/ubuntu/tesseract_ws/install/tesseract_command_language/lib:/home/ubuntu/tesseract_ws/install/tesseract_common/lib:/home/ubuntu/tesseract_ws/install/snp_tpp/lib:/home/ubuntu/tesseract_ws/install/snp_application/lib:/home/ubuntu/tesseract_ws/install/qt_advanced_docking/lib:/home/ubuntu/tesseract_ws/install/qpoases/lib:/home/ubuntu/tesseract_ws/install/osqp_eigen/lib:/home/ubuntu/tesseract_ws/install/osqp/lib:/home/ubuntu/tesseract_ws/install/industrial_reconstruction_msgs/lib:/home/ubuntu/tesseract_ws/install/ifopt/lib:/home/ubuntu/tesseract_ws/install/descartes_light/lib:/opt/ros/humble/opt/rviz_ogre_vendor/lib:/opt/ros/humble/lib/x86_64-linux-gnu:/opt/ros/humble/lib PATH=/home/ubuntu/tesseract_ws/install/noether_gui/bin:/home/ubuntu/tesseract_ws/install/tesseract_qt/bin:/home/ubuntu/tesseract_ws/install/tesseract_examples/bin:/home/ubuntu/tesseract_ws/install/tesseract_task_composer/bin:/home/ubuntu/tesseract_ws/install/tesseract_motion_planners/bin:/home/ubuntu/tesseract_ws/install/trajopt_sco/bin:/home/ubuntu/tesseract_ws/install/tesseract_urdf/bin:/home/ubuntu/tesseract_ws/install/tesseract_collision/bin:/home/ubuntu/tesseract_ws/install/tesseract_srdf/bin:/home/ubuntu/tesseract_ws/install/tesseract_scene_graph/bin:/home/ubuntu/tesseract_ws/install/tesseract_geometry/bin:/opt/ros/humble/bin:/home/ubuntu/.local/bin:/home/ubuntu/.local/bin:/usr/local/sbin:/usr/local/bin:/usr/sbin:/usr/bin:/sbin:/bin:/usr/games:/usr/local/games:/snap/bin PKG_CONFIG_PATH=/home/ubuntu/tesseract_ws/install/noether_gui/lib/x86_64-linux-gnu/pkgconfig:/home/ubuntu/tesseract_ws/install/noether_gui/lib/pkgconfig:/home/ubuntu/tesseract_ws/install/noether_tpp/lib/x86_64-linux-gnu/pkgconfig:/home/ubuntu/tesseract_ws/install/noether_tpp/lib/pkgconfig:/home/ubuntu/tesseract_ws/install/noether_filtering/lib/x86_64-linux-gnu/pkgconfig:/home/ubuntu/tesseract_ws/install/noether_filtering/lib/pkgconfig:/home/ubuntu/tesseract_ws/install/boost_plugin_loader/lib/x86_64-linux-gnu/pkgconfig:/home/ubuntu/tesseract_ws/install/boost_plugin_loader/lib/pkgconfig:/home/ubuntu/tesseract_ws/install/ros_industrial_cmake_boilerplate/lib/x86_64-linux-gnu/pkgconfig:/home/ubuntu/tesseract_ws/install/ros_industrial_cmake_boilerplate/lib/pkgconfig:/home/ubuntu/tesseract_ws/install/vhacd/lib/x86_64-linux-gnu/pkgconfig:/home/ubuntu/tesseract_ws/install/vhacd/lib/pkgconfig:/home/ubuntu/tesseract_ws/install/tesseract_qt/lib/x86_64-linux-gnu/pkgconfig:/home/ubuntu/tesseract_ws/install/tesseract_qt/lib/pkgconfig:/home/ubuntu/tesseract_ws/install/tesseract_examples/lib/x86_64-linux-gnu/pkgconfig:/home/ubuntu/tesseract_ws/install/tesseract_examples/lib/pkgconfig:/home/ubuntu/tesseract_ws/install/tesseract_task_composer/lib/x86_64-linux-gnu/pkgconfig:/home/ubuntu/tesseract_ws/install/tesseract_task_composer/lib/pkgconfig:/home/ubuntu/tesseract_ws/install/tesseract_motion_planners/lib/x86_64-linux-gnu/pkgconfig:/home/ubuntu/tesseract_ws/install/tesseract_motion_planners/lib/pkgconfig:/home/ubuntu/tesseract_ws/install/trajopt_sqp/lib/x86_64-linux-gnu/pkgconfig:/home/ubuntu/tesseract_ws/install/trajopt_sqp/lib/pkgconfig:/home/ubuntu/tesseract_ws/install/trajopt/lib/x86_64-linux-gnu/pkgconfig:/home/ubuntu/tesseract_ws/install/trajopt/lib/pkgconfig:/home/ubuntu/tesseract_ws/install/trajopt_sco/lib/x86_64-linux-gnu/pkgconfig:/home/ubuntu/tesseract_ws/install/trajopt_sco/lib/pkgconfig:/home/ubuntu/tesseract_ws/install/trajopt_ifopt/lib/x86_64-linux-gnu/pkgconfig:/home/ubuntu/tesseract_ws/install/trajopt_ifopt/lib/pkgconfig:/home/ubuntu/tesseract_ws/install/trajopt_common/lib/x86_64-linux-gnu/pkgconfig:/home/ubuntu/tesseract_ws/install/trajopt_common/lib/pkgconfig:/home/ubuntu/tesseract_ws/install/tesseract_visualization/lib/x86_64-linux-gnu/pkgconfig:/home/ubuntu/tesseract_ws/install/tesseract_visualization/lib/pkgconfig:/home/ubuntu/tesseract_ws/install/tesseract_environment/lib/x86_64-linux-gnu/pkgconfig:/home/ubuntu/tesseract_ws/install/tesseract_environment/lib/pkgconfig:/home/ubuntu/tesseract_ws/install/tesseract_urdf/lib/x86_64-linux-gnu/pkgconfig:/home/ubuntu/tesseract_ws/install/tesseract_urdf/lib/pkgconfig:/home/ubuntu/tesseract_ws/install/tesseract_time_parameterization/lib/x86_64-linux-gnu/pkgconfig:/home/ubuntu/tesseract_ws/install/tesseract_time_parameterization/lib/pkgconfig:/home/ubuntu/tesseract_ws/install/tesseract_collision/lib/x86_64-linux-gnu/pkgconfig:/home/ubuntu/tesseract_ws/install/tesseract_collision/lib/pkgconfig:/home/ubuntu/tesseract_ws/install/tesseract_support/lib/x86_64-linux-gnu/pkgconfig:/home/ubuntu/tesseract_ws/install/tesseract_support/lib/pkgconfig:/home/ubuntu/tesseract_ws/install/tesseract_kinematics/lib/x86_64-linux-gnu/pkgconfig:/home/ubuntu/tesseract_ws/install/tesseract_kinematics/lib/pkgconfig:/home/ubuntu/tesseract_ws/install/tesseract_state_solver/lib/x86_64-linux-gnu/pkgconfig:/home/ubuntu/tesseract_ws/install/tesseract_state_solver/lib/pkgconfig:/home/ubuntu/tesseract_ws/install/tesseract_srdf/lib/x86_64-linux-gnu/pkgconfig:/home/ubuntu/tesseract_ws/install/tesseract_srdf/lib/pkgconfig:/home/ubuntu/tesseract_ws/install/tesseract_scene_graph/lib/x86_64-linux-gnu/pkgconfig:/home/ubuntu/tesseract_ws/install/tesseract_scene_graph/lib/pkgconfig:/home/ubuntu/tesseract_ws/install/tesseract_geometry/lib/x86_64-linux-gnu/pkgconfig:/home/ubuntu/tesseract_ws/install/tesseract_geometry/lib/pkgconfig:/home/ubuntu/tesseract_ws/install/tesseract_command_language/lib/x86_64-linux-gnu/pkgconfig:/home/ubuntu/tesseract_ws/install/tesseract_command_language/lib/pkgconfig:/home/ubuntu/tesseract_ws/install/tesseract_common/lib/x86_64-linux-gnu/pkgconfig:/home/ubuntu/tesseract_ws/install/tesseract_common/lib/pkgconfig:/home/ubuntu/tesseract_ws/install/qt_advanced_docking/lib/x86_64-linux-gnu/pkgconfig:/home/ubuntu/tesseract_ws/install/qt_advanced_docking/lib/pkgconfig:/home/ubuntu/tesseract_ws/install/qpoases/lib/x86_64-linux-gnu/pkgconfig:/home/ubuntu/tesseract_ws/install/qpoases/lib/pkgconfig:/home/ubuntu/tesseract_ws/install/osqp_eigen/lib/x86_64-linux-gnu/pkgconfig:/home/ubuntu/tesseract_ws/install/osqp_eigen/lib/pkgconfig:/home/ubuntu/tesseract_ws/install/osqp/lib/x86_64-linux-gnu/pkgconfig:/home/ubuntu/tesseract_ws/install/osqp/lib/pkgconfig:/home/ubuntu/tesseract_ws/install/opw_kinematics/lib/x86_64-linux-gnu/pkgconfig:/home/ubuntu/tesseract_ws/install/opw_kinematics/lib/pkgconfig:/home/ubuntu/tesseract_ws/install/ifopt/lib/x86_64-linux-gnu/pkgconfig:/home/ubuntu/tesseract_ws/install/ifopt/lib/pkgconfig:/home/ubuntu/tesseract_ws/install/descartes_light/lib/x86_64-linux-gnu/pkgconfig:/home/ubuntu/tesseract_ws/install/descartes_light/lib/pkgconfig /usr/bin/cmake --build /home/ubuntu/tesseract_ws/build/snp_tpp -- -j4 -l4
[70.153s] Invoking command in '/home/ubuntu/tesseract_ws/build/snp_tpp': CMAKE_PREFIX_PATH=/home/ubuntu/tesseract_ws/install/noether_gui:/home/ubuntu/tesseract_ws/install/noether_tpp:/home/ubuntu/tesseract_ws/install/noether_filtering:/home/ubuntu/tesseract_ws/install/boost_plugin_loader:/home/ubuntu/tesseract_ws/install/snp_msgs:/home/ubuntu/tesseract_ws/install/rviz_polygon_selection_tool:/home/ubuntu/tesseract_ws/install/ros_industrial_cmake_boilerplate:/home/ubuntu/tesseract_ws/install/vhacd:/home/ubuntu/tesseract_ws/install/tesseract_ros_examples:/home/ubuntu/tesseract_ws/install/tesseract_rviz:/home/ubuntu/tesseract_ws/install/tesseract_planning_server:/home/ubuntu/tesseract_ws/install/snp_motion_planning:/home/ubuntu/tesseract_ws/install/tesseract_monitoring:/home/ubuntu/tesseract_ws/install/tesseract_rosutils:/home/ubuntu/tesseract_ws/install/tesseract_qt:/home/ubuntu/tesseract_ws/install/tesseract_examples:/home/ubuntu/tesseract_ws/install/tesseract_task_composer:/home/ubuntu/tesseract_ws/install/tesseract_motion_planners:/home/ubuntu/tesseract_ws/install/trajopt_sqp:/home/ubuntu/tesseract_ws/install/trajopt:/home/ubuntu/tesseract_ws/install/trajopt_sco:/home/ubuntu/tesseract_ws/install/trajopt_ifopt:/home/ubuntu/tesseract_ws/install/trajopt_common:/home/ubuntu/tesseract_ws/install/tesseract_visualization:/home/ubuntu/tesseract_ws/install/tesseract_environment:/home/ubuntu/tesseract_ws/install/tesseract_urdf:/home/ubuntu/tesseract_ws/install/tesseract_time_parameterization:/home/ubuntu/tesseract_ws/install/tesseract_collision:/home/ubuntu/tesseract_ws/install/tesseract_support:/home/ubuntu/tesseract_ws/install/tesseract_kinematics:/home/ubuntu/tesseract_ws/install/tesseract_state_solver:/home/ubuntu/tesseract_ws/install/tesseract_srdf:/home/ubuntu/tesseract_ws/install/tesseract_scene_graph:/home/ubuntu/tesseract_ws/install/tesseract_msgs:/home/ubuntu/tesseract_ws/install/tesseract_geometry:/home/ubuntu/tesseract_ws/install/tesseract_command_language:/home/ubuntu/tesseract_ws/install/tesseract_common:/home/ubuntu/tesseract_ws/install/snp_automate_2022:/home/ubuntu/tesseract_ws/install/snp_tpp:/home/ubuntu/tesseract_ws/install/snp_scanning:/home/ubuntu/tesseract_ws/install/snp_motion_execution:/home/ubuntu/tesseract_ws/install/snp_application:/home/ubuntu/tesseract_ws/install/qt_advanced_docking:/home/ubuntu/tesseract_ws/install/qpoases:/home/ubuntu/tesseract_ws/install/osqp_eigen:/home/ubuntu/tesseract_ws/install/osqp:/home/ubuntu/tesseract_ws/install/opw_kinematics:/home/ubuntu/tesseract_ws/install/motoman_hc10_support:/home/ubuntu/tesseract_ws/install/motoman_resources:/home/ubuntu/tesseract_ws/install/industrial_reconstruction_msgs:/home/ubuntu/tesseract_ws/install/ifopt:/home/ubuntu/tesseract_ws/install/descartes_light:/home/ubuntu/tesseract_ws/install/Taskflow:/home/ubuntu/tesseract_ws/install/industrial_reconstruction:/opt/ros/humble LD_LIBRARY_PATH=/home/ubuntu/tesseract_ws/install/noether_gui/lib:/home/ubuntu/tesseract_ws/install/noether_tpp/lib:/home/ubuntu/tesseract_ws/install/noether_filtering/lib:/home/ubuntu/tesseract_ws/install/boost_plugin_loader/lib:/home/ubuntu/tesseract_ws/install/snp_msgs/lib:/home/ubuntu/tesseract_ws/install/rviz_polygon_selection_tool/lib:/home/ubuntu/tesseract_ws/install/vhacd/lib:/home/ubuntu/tesseract_ws/install/tesseract_rviz/lib:/home/ubuntu/tesseract_ws/install/tesseract_planning_server/lib:/home/ubuntu/tesseract_ws/install/snp_motion_planning/lib:/home/ubuntu/tesseract_ws/install/tesseract_monitoring/lib:/home/ubuntu/tesseract_ws/install/tesseract_rosutils/lib:/home/ubuntu/tesseract_ws/install/tesseract_qt/lib:/home/ubuntu/tesseract_ws/install/tesseract_examples/lib:/home/ubuntu/tesseract_ws/install/tesseract_task_composer/lib:/home/ubuntu/tesseract_ws/install/tesseract_motion_planners/lib:/home/ubuntu/tesseract_ws/install/trajopt_sqp/lib:/home/ubuntu/tesseract_ws/install/trajopt/lib:/home/ubuntu/tesseract_ws/install/trajopt_sco/lib:/home/ubuntu/tesseract_ws/install/trajopt_ifopt/lib:/home/ubuntu/tesseract_ws/install/trajopt_common/lib:/home/ubuntu/tesseract_ws/install/tesseract_visualization/lib:/home/ubuntu/tesseract_ws/install/tesseract_environment/lib:/home/ubuntu/tesseract_ws/install/tesseract_urdf/lib:/home/ubuntu/tesseract_ws/install/tesseract_time_parameterization/lib:/home/ubuntu/tesseract_ws/install/tesseract_collision/lib:/home/ubuntu/tesseract_ws/install/tesseract_support/lib:/home/ubuntu/tesseract_ws/install/tesseract_kinematics/lib:/home/ubuntu/tesseract_ws/install/tesseract_state_solver/lib:/home/ubuntu/tesseract_ws/install/tesseract_srdf/lib:/home/ubuntu/tesseract_ws/install/tesseract_scene_graph/lib:/home/ubuntu/tesseract_ws/install/tesseract_msgs/lib:/home/ubuntu/tesseract_ws/install/tesseract_geometry/lib:/home/ubuntu/tesseract_ws/install/tesseract_command_language/lib:/home/ubuntu/tesseract_ws/install/tesseract_common/lib:/home/ubuntu/tesseract_ws/install/snp_tpp/lib:/home/ubuntu/tesseract_ws/install/snp_application/lib:/home/ubuntu/tesseract_ws/install/qt_advanced_docking/lib:/home/ubuntu/tesseract_ws/install/qpoases/lib:/home/ubuntu/tesseract_ws/install/osqp_eigen/lib:/home/ubuntu/tesseract_ws/install/osqp/lib:/home/ubuntu/tesseract_ws/install/industrial_reconstruction_msgs/lib:/home/ubuntu/tesseract_ws/install/ifopt/lib:/home/ubuntu/tesseract_ws/install/descartes_light/lib:/opt/ros/humble/opt/rviz_ogre_vendor/lib:/opt/ros/humble/lib/x86_64-linux-gnu:/opt/ros/humble/lib PATH=/home/ubuntu/tesseract_ws/install/noether_gui/bin:/home/ubuntu/tesseract_ws/install/tesseract_qt/bin:/home/ubuntu/tesseract_ws/install/tesseract_examples/bin:/home/ubuntu/tesseract_ws/install/tesseract_task_composer/bin:/home/ubuntu/tesseract_ws/install/tesseract_motion_planners/bin:/home/ubuntu/tesseract_ws/install/trajopt_sco/bin:/home/ubuntu/tesseract_ws/install/tesseract_urdf/bin:/home/ubuntu/tesseract_ws/install/tesseract_collision/bin:/home/ubuntu/tesseract_ws/install/tesseract_srdf/bin:/home/ubuntu/tesseract_ws/install/tesseract_scene_graph/bin:/home/ubuntu/tesseract_ws/install/tesseract_geometry/bin:/opt/ros/humble/bin:/home/ubuntu/.local/bin:/home/ubuntu/.local/bin:/usr/local/sbin:/usr/local/bin:/usr/sbin:/usr/bin:/sbin:/bin:/usr/games:/usr/local/games:/snap/bin PKG_CONFIG_PATH=/home/ubuntu/tesseract_ws/install/noether_gui/lib/x86_64-linux-gnu/pkgconfig:/home/ubuntu/tesseract_ws/install/noether_gui/lib/pkgconfig:/home/ubuntu/tesseract_ws/install/noether_tpp/lib/x86_64-linux-gnu/pkgconfig:/home/ubuntu/tesseract_ws/install/noether_tpp/lib/pkgconfig:/home/ubuntu/tesseract_ws/install/noether_filtering/lib/x86_64-linux-gnu/pkgconfig:/home/ubuntu/tesseract_ws/install/noether_filtering/lib/pkgconfig:/home/ubuntu/tesseract_ws/install/boost_plugin_loader/lib/x86_64-linux-gnu/pkgconfig:/home/ubuntu/tesseract_ws/install/boost_plugin_loader/lib/pkgconfig:/home/ubuntu/tesseract_ws/install/ros_industrial_cmake_boilerplate/lib/x86_64-linux-gnu/pkgconfig:/home/ubuntu/tesseract_ws/install/ros_industrial_cmake_boilerplate/lib/pkgconfig:/home/ubuntu/tesseract_ws/install/vhacd/lib/x86_64-linux-gnu/pkgconfig:/home/ubuntu/tesseract_ws/install/vhacd/lib/pkgconfig:/home/ubuntu/tesseract_ws/install/tesseract_qt/lib/x86_64-linux-gnu/pkgconfig:/home/ubuntu/tesseract_ws/install/tesseract_qt/lib/pkgconfig:/home/ubuntu/tesseract_ws/install/tesseract_examples/lib/x86_64-linux-gnu/pkgconfig:/home/ubuntu/tesseract_ws/install/tesseract_examples/lib/pkgconfig:/home/ubuntu/tesseract_ws/install/tesseract_task_composer/lib/x86_64-linux-gnu/pkgconfig:/home/ubuntu/tesseract_ws/install/tesseract_task_composer/lib/pkgconfig:/home/ubuntu/tesseract_ws/install/tesseract_motion_planners/lib/x86_64-linux-gnu/pkgconfig:/home/ubuntu/tesseract_ws/install/tesseract_motion_planners/lib/pkgconfig:/home/ubuntu/tesseract_ws/install/trajopt_sqp/lib/x86_64-linux-gnu/pkgconfig:/home/ubuntu/tesseract_ws/install/trajopt_sqp/lib/pkgconfig:/home/ubuntu/tesseract_ws/install/trajopt/lib/x86_64-linux-gnu/pkgconfig:/home/ubuntu/tesseract_ws/install/trajopt/lib/pkgconfig:/home/ubuntu/tesseract_ws/install/trajopt_sco/lib/x86_64-linux-gnu/pkgconfig:/home/ubuntu/tesseract_ws/install/trajopt_sco/lib/pkgconfig:/home/ubuntu/tesseract_ws/install/trajopt_ifopt/lib/x86_64-linux-gnu/pkgconfig:/home/ubuntu/tesseract_ws/install/trajopt_ifopt/lib/pkgconfig:/home/ubuntu/tesseract_ws/install/trajopt_common/lib/x86_64-linux-gnu/pkgconfig:/home/ubuntu/tesseract_ws/install/trajopt_common/lib/pkgconfig:/home/ubuntu/tesseract_ws/install/tesseract_visualization/lib/x86_64-linux-gnu/pkgconfig:/home/ubuntu/tesseract_ws/install/tesseract_visualization/lib/pkgconfig:/home/ubuntu/tesseract_ws/install/tesseract_environment/lib/x86_64-linux-gnu/pkgconfig:/home/ubuntu/tesseract_ws/install/tesseract_environment/lib/pkgconfig:/home/ubuntu/tesseract_ws/install/tesseract_urdf/lib/x86_64-linux-gnu/pkgconfig:/home/ubuntu/tesseract_ws/install/tesseract_urdf/lib/pkgconfig:/home/ubuntu/tesseract_ws/install/tesseract_time_parameterization/lib/x86_64-linux-gnu/pkgconfig:/home/ubuntu/tesseract_ws/install/tesseract_time_parameterization/lib/pkgconfig:/home/ubuntu/tesseract_ws/install/tesseract_collision/lib/x86_64-linux-gnu/pkgconfig:/home/ubuntu/tesseract_ws/install/tesseract_collision/lib/pkgconfig:/home/ubuntu/tesseract_ws/install/tesseract_support/lib/x86_64-linux-gnu/pkgconfig:/home/ubuntu/tesseract_ws/install/tesseract_support/lib/pkgconfig:/home/ubuntu/tesseract_ws/install/tesseract_kinematics/lib/x86_64-linux-gnu/pkgconfig:/home/ubuntu/tesseract_ws/install/tesseract_kinematics/lib/pkgconfig:/home/ubuntu/tesseract_ws/install/tesseract_state_solver/lib/x86_64-linux-gnu/pkgconfig:/home/ubuntu/tesseract_ws/install/tesseract_state_solver/lib/pkgconfig:/home/ubuntu/tesseract_ws/install/tesseract_srdf/lib/x86_64-linux-gnu/pkgconfig:/home/ubuntu/tesseract_ws/install/tesseract_srdf/lib/pkgconfig:/home/ubuntu/tesseract_ws/install/tesseract_scene_graph/lib/x86_64-linux-gnu/pkgconfig:/home/ubuntu/tesseract_ws/install/tesseract_scene_graph/lib/pkgconfig:/home/ubuntu/tesseract_ws/install/tesseract_geometry/lib/x86_64-linux-gnu/pkgconfig:/home/ubuntu/tesseract_ws/install/tesseract_geometry/lib/pkgconfig:/home/ubuntu/tesseract_ws/install/tesseract_command_language/lib/x86_64-linux-gnu/pkgconfig:/home/ubuntu/tesseract_ws/install/tesseract_command_language/lib/pkgconfig:/home/ubuntu/tesseract_ws/install/tesseract_common/lib/x86_64-linux-gnu/pkgconfig:/home/ubuntu/tesseract_ws/install/tesseract_common/lib/pkgconfig:/home/ubuntu/tesseract_ws/install/qt_advanced_docking/lib/x86_64-linux-gnu/pkgconfig:/home/ubuntu/tesseract_ws/install/qt_advanced_docking/lib/pkgconfig:/home/ubuntu/tesseract_ws/install/qpoases/lib/x86_64-linux-gnu/pkgconfig:/home/ubuntu/tesseract_ws/install/qpoases/lib/pkgconfig:/home/ubuntu/tesseract_ws/install/osqp_eigen/lib/x86_64-linux-gnu/pkgconfig:/home/ubuntu/tesseract_ws/install/osqp_eigen/lib/pkgconfig:/home/ubuntu/tesseract_ws/install/osqp/lib/x86_64-linux-gnu/pkgconfig:/home/ubuntu/tesseract_ws/install/osqp/lib/pkgconfig:/home/ubuntu/tesseract_ws/install/opw_kinematics/lib/x86_64-linux-gnu/pkgconfig:/home/ubuntu/tesseract_ws/install/opw_kinematics/lib/pkgconfig:/home/ubuntu/tesseract_ws/install/ifopt/lib/x86_64-linux-gnu/pkgconfig:/home/ubuntu/tesseract_ws/install/ifopt/lib/pkgconfig:/home/ubuntu/tesseract_ws/install/descartes_light/lib/x86_64-linux-gnu/pkgconfig:/home/ubuntu/tesseract_ws/install/descartes_light/lib/pkgconfig /usr/bin/cmake --install /home/ubuntu/tesseract_ws/build/snp_tpp
[70.166s] -- Install configuration: ""
[70.167s] -- Execute custom install script
[70.167s] -- Symlinking: /home/ubuntu/tesseract_ws/install/snp_tpp/include/snp_tpp/roi_selection_mesh_modifier.h
[70.182s] -- Symlinking: /home/ubuntu/tesseract_ws/install/snp_tpp/include/snp_tpp/roi_selection_mesh_modifier_widget.h
[70.197s] -- Symlinking: /home/ubuntu/tesseract_ws/install/snp_tpp/include/snp_tpp/tpp_widget.h
[70.210s] -- Symlinking: /home/ubuntu/tesseract_ws/install/snp_tpp/lib/snp_tpp/snp_tpp_app
[70.224s] -- Symlinking: /home/ubuntu/tesseract_ws/install/snp_tpp/share/snp_tpp/environment/library_path.sh
[70.239s] -- Symlinking: /home/ubuntu/tesseract_ws/install/snp_tpp/share/snp_tpp/environment/library_path.dsv
[70.254s] -- Symlinking: /home/ubuntu/tesseract_ws/install/snp_tpp/share/ament_index/resource_index/package_run_dependencies/snp_tpp
[70.268s] -- Symlinking: /home/ubuntu/tesseract_ws/install/snp_tpp/share/ament_index/resource_index/parent_prefix_path/snp_tpp
[70.282s] -- Symlinking: /home/ubuntu/tesseract_ws/install/snp_tpp/share/snp_tpp/environment/ament_prefix_path.sh
[70.296s] -- Symlinking: /home/ubuntu/tesseract_ws/install/snp_tpp/share/snp_tpp/environment/ament_prefix_path.dsv
[70.309s] -- Symlinking: /home/ubuntu/tesseract_ws/install/snp_tpp/share/snp_tpp/environment/path.sh
[70.323s] -- Symlinking: /home/ubuntu/tesseract_ws/install/snp_tpp/share/snp_tpp/environment/path.dsv
[70.337s] -- Symlinking: /home/ubuntu/tesseract_ws/install/snp_tpp/share/snp_tpp/local_setup.bash
[70.351s] -- Symlinking: /home/ubuntu/tesseract_ws/install/snp_tpp/share/snp_tpp/local_setup.sh
[70.366s] -- Symlinking: /home/ubuntu/tesseract_ws/install/snp_tpp/share/snp_tpp/local_setup.zsh
[70.380s] -- Symlinking: /home/ubuntu/tesseract_ws/install/snp_tpp/share/snp_tpp/local_setup.dsv
[70.393s] -- Symlinking: /home/ubuntu/tesseract_ws/install/snp_tpp/share/snp_tpp/package.dsv
[70.407s] -- Symlinking: /home/ubuntu/tesseract_ws/install/snp_tpp/share/ament_index/resource_index/packages/snp_tpp
[70.421s] -- Symlinking: /home/ubuntu/tesseract_ws/install/snp_tpp/share/snp_tpp/cmake/ament_cmake_export_targets-extras.cmake
[70.435s] -- Symlinking: /home/ubuntu/tesseract_ws/install/snp_tpp/share/snp_tpp/cmake/ament_cmake_export_dependencies-extras.cmake
[70.451s] -- Symlinking: /home/ubuntu/tesseract_ws/install/snp_tpp/share/snp_tpp/cmake/snp_tppConfig.cmake
[70.470s] -- Symlinking: /home/ubuntu/tesseract_ws/install/snp_tpp/share/snp_tpp/cmake/snp_tppConfig-version.cmake
[70.484s] -- Symlinking: /home/ubuntu/tesseract_ws/install/snp_tpp/share/snp_tpp/package.xml
[70.497s] -- Installing: /home/ubuntu/tesseract_ws/install/snp_tpp/lib/libsnp_tpp_mesh_modifier.so
[70.500s] -- Set runtime path of "/home/ubuntu/tesseract_ws/install/snp_tpp/lib/libsnp_tpp_mesh_modifier.so" to ""
[70.500s] -- Installing: /home/ubuntu/tesseract_ws/install/snp_tpp/lib/libsnp_tpp_plugins.so
[70.500s] -- Set runtime path of "/home/ubuntu/tesseract_ws/install/snp_tpp/lib/libsnp_tpp_plugins.so" to ""
[70.501s] -- Installing: /home/ubuntu/tesseract_ws/install/snp_tpp/lib/libsnp_tpp_widget.so
[70.503s] -- Set runtime path of "/home/ubuntu/tesseract_ws/install/snp_tpp/lib/libsnp_tpp_widget.so" to ""
[70.504s] -- Installing: /home/ubuntu/tesseract_ws/install/snp_tpp/share/snp_tpp/cmake/snp_tpp-targetsExport.cmake
[70.504s] -- Installing: /home/ubuntu/tesseract_ws/install/snp_tpp/share/snp_tpp/cmake/snp_tpp-targetsExport-noconfig.cmake
[70.510s] Invoked command in '/home/ubuntu/tesseract_ws/build/snp_tpp' returned '0': CMAKE_PREFIX_PATH=/home/ubuntu/tesseract_ws/install/noether_gui:/home/ubuntu/tesseract_ws/install/noether_tpp:/home/ubuntu/tesseract_ws/install/noether_filtering:/home/ubuntu/tesseract_ws/install/boost_plugin_loader:/home/ubuntu/tesseract_ws/install/snp_msgs:/home/ubuntu/tesseract_ws/install/rviz_polygon_selection_tool:/home/ubuntu/tesseract_ws/install/ros_industrial_cmake_boilerplate:/home/ubuntu/tesseract_ws/install/vhacd:/home/ubuntu/tesseract_ws/install/tesseract_ros_examples:/home/ubuntu/tesseract_ws/install/tesseract_rviz:/home/ubuntu/tesseract_ws/install/tesseract_planning_server:/home/ubuntu/tesseract_ws/install/snp_motion_planning:/home/ubuntu/tesseract_ws/install/tesseract_monitoring:/home/ubuntu/tesseract_ws/install/tesseract_rosutils:/home/ubuntu/tesseract_ws/install/tesseract_qt:/home/ubuntu/tesseract_ws/install/tesseract_examples:/home/ubuntu/tesseract_ws/install/tesseract_task_composer:/home/ubuntu/tesseract_ws/install/tesseract_motion_planners:/home/ubuntu/tesseract_ws/install/trajopt_sqp:/home/ubuntu/tesseract_ws/install/trajopt:/home/ubuntu/tesseract_ws/install/trajopt_sco:/home/ubuntu/tesseract_ws/install/trajopt_ifopt:/home/ubuntu/tesseract_ws/install/trajopt_common:/home/ubuntu/tesseract_ws/install/tesseract_visualization:/home/ubuntu/tesseract_ws/install/tesseract_environment:/home/ubuntu/tesseract_ws/install/tesseract_urdf:/home/ubuntu/tesseract_ws/install/tesseract_time_parameterization:/home/ubuntu/tesseract_ws/install/tesseract_collision:/home/ubuntu/tesseract_ws/install/tesseract_support:/home/ubuntu/tesseract_ws/install/tesseract_kinematics:/home/ubuntu/tesseract_ws/install/tesseract_state_solver:/home/ubuntu/tesseract_ws/install/tesseract_srdf:/home/ubuntu/tesseract_ws/install/tesseract_scene_graph:/home/ubuntu/tesseract_ws/install/tesseract_msgs:/home/ubuntu/tesseract_ws/install/tesseract_geometry:/home/ubuntu/tesseract_ws/install/tesseract_command_language:/home/ubuntu/tesseract_ws/install/tesseract_common:/home/ubuntu/tesseract_ws/install/snp_automate_2022:/home/ubuntu/tesseract_ws/install/snp_tpp:/home/ubuntu/tesseract_ws/install/snp_scanning:/home/ubuntu/tesseract_ws/install/snp_motion_execution:/home/ubuntu/tesseract_ws/install/snp_application:/home/ubuntu/tesseract_ws/install/qt_advanced_docking:/home/ubuntu/tesseract_ws/install/qpoases:/home/ubuntu/tesseract_ws/install/osqp_eigen:/home/ubuntu/tesseract_ws/install/osqp:/home/ubuntu/tesseract_ws/install/opw_kinematics:/home/ubuntu/tesseract_ws/install/motoman_hc10_support:/home/ubuntu/tesseract_ws/install/motoman_resources:/home/ubuntu/tesseract_ws/install/industrial_reconstruction_msgs:/home/ubuntu/tesseract_ws/install/ifopt:/home/ubuntu/tesseract_ws/install/descartes_light:/home/ubuntu/tesseract_ws/install/Taskflow:/home/ubuntu/tesseract_ws/install/industrial_reconstruction:/opt/ros/humble LD_LIBRARY_PATH=/home/ubuntu/tesseract_ws/install/noether_gui/lib:/home/ubuntu/tesseract_ws/install/noether_tpp/lib:/home/ubuntu/tesseract_ws/install/noether_filtering/lib:/home/ubuntu/tesseract_ws/install/boost_plugin_loader/lib:/home/ubuntu/tesseract_ws/install/snp_msgs/lib:/home/ubuntu/tesseract_ws/install/rviz_polygon_selection_tool/lib:/home/ubuntu/tesseract_ws/install/vhacd/lib:/home/ubuntu/tesseract_ws/install/tesseract_rviz/lib:/home/ubuntu/tesseract_ws/install/tesseract_planning_server/lib:/home/ubuntu/tesseract_ws/install/snp_motion_planning/lib:/home/ubuntu/tesseract_ws/install/tesseract_monitoring/lib:/home/ubuntu/tesseract_ws/install/tesseract_rosutils/lib:/home/ubuntu/tesseract_ws/install/tesseract_qt/lib:/home/ubuntu/tesseract_ws/install/tesseract_examples/lib:/home/ubuntu/tesseract_ws/install/tesseract_task_composer/lib:/home/ubuntu/tesseract_ws/install/tesseract_motion_planners/lib:/home/ubuntu/tesseract_ws/install/trajopt_sqp/lib:/home/ubuntu/tesseract_ws/install/trajopt/lib:/home/ubuntu/tesseract_ws/install/trajopt_sco/lib:/home/ubuntu/tesseract_ws/install/trajopt_ifopt/lib:/home/ubuntu/tesseract_ws/install/trajopt_common/lib:/home/ubuntu/tesseract_ws/install/tesseract_visualization/lib:/home/ubuntu/tesseract_ws/install/tesseract_environment/lib:/home/ubuntu/tesseract_ws/install/tesseract_urdf/lib:/home/ubuntu/tesseract_ws/install/tesseract_time_parameterization/lib:/home/ubuntu/tesseract_ws/install/tesseract_collision/lib:/home/ubuntu/tesseract_ws/install/tesseract_support/lib:/home/ubuntu/tesseract_ws/install/tesseract_kinematics/lib:/home/ubuntu/tesseract_ws/install/tesseract_state_solver/lib:/home/ubuntu/tesseract_ws/install/tesseract_srdf/lib:/home/ubuntu/tesseract_ws/install/tesseract_scene_graph/lib:/home/ubuntu/tesseract_ws/install/tesseract_msgs/lib:/home/ubuntu/tesseract_ws/install/tesseract_geometry/lib:/home/ubuntu/tesseract_ws/install/tesseract_command_language/lib:/home/ubuntu/tesseract_ws/install/tesseract_common/lib:/home/ubuntu/tesseract_ws/install/snp_tpp/lib:/home/ubuntu/tesseract_ws/install/snp_application/lib:/home/ubuntu/tesseract_ws/install/qt_advanced_docking/lib:/home/ubuntu/tesseract_ws/install/qpoases/lib:/home/ubuntu/tesseract_ws/install/osqp_eigen/lib:/home/ubuntu/tesseract_ws/install/osqp/lib:/home/ubuntu/tesseract_ws/install/industrial_reconstruction_msgs/lib:/home/ubuntu/tesseract_ws/install/ifopt/lib:/home/ubuntu/tesseract_ws/install/descartes_light/lib:/opt/ros/humble/opt/rviz_ogre_vendor/lib:/opt/ros/humble/lib/x86_64-linux-gnu:/opt/ros/humble/lib PATH=/home/ubuntu/tesseract_ws/install/noether_gui/bin:/home/ubuntu/tesseract_ws/install/tesseract_qt/bin:/home/ubuntu/tesseract_ws/install/tesseract_examples/bin:/home/ubuntu/tesseract_ws/install/tesseract_task_composer/bin:/home/ubuntu/tesseract_ws/install/tesseract_motion_planners/bin:/home/ubuntu/tesseract_ws/install/trajopt_sco/bin:/home/ubuntu/tesseract_ws/install/tesseract_urdf/bin:/home/ubuntu/tesseract_ws/install/tesseract_collision/bin:/home/ubuntu/tesseract_ws/install/tesseract_srdf/bin:/home/ubuntu/tesseract_ws/install/tesseract_scene_graph/bin:/home/ubuntu/tesseract_ws/install/tesseract_geometry/bin:/opt/ros/humble/bin:/home/ubuntu/.local/bin:/home/ubuntu/.local/bin:/usr/local/sbin:/usr/local/bin:/usr/sbin:/usr/bin:/sbin:/bin:/usr/games:/usr/local/games:/snap/bin PKG_CONFIG_PATH=/home/ubuntu/tesseract_ws/install/noether_gui/lib/x86_64-linux-gnu/pkgconfig:/home/ubuntu/tesseract_ws/install/noether_gui/lib/pkgconfig:/home/ubuntu/tesseract_ws/install/noether_tpp/lib/x86_64-linux-gnu/pkgconfig:/home/ubuntu/tesseract_ws/install/noether_tpp/lib/pkgconfig:/home/ubuntu/tesseract_ws/install/noether_filtering/lib/x86_64-linux-gnu/pkgconfig:/home/ubuntu/tesseract_ws/install/noether_filtering/lib/pkgconfig:/home/ubuntu/tesseract_ws/install/boost_plugin_loader/lib/x86_64-linux-gnu/pkgconfig:/home/ubuntu/tesseract_ws/install/boost_plugin_loader/lib/pkgconfig:/home/ubuntu/tesseract_ws/install/ros_industrial_cmake_boilerplate/lib/x86_64-linux-gnu/pkgconfig:/home/ubuntu/tesseract_ws/install/ros_industrial_cmake_boilerplate/lib/pkgconfig:/home/ubuntu/tesseract_ws/install/vhacd/lib/x86_64-linux-gnu/pkgconfig:/home/ubuntu/tesseract_ws/install/vhacd/lib/pkgconfig:/home/ubuntu/tesseract_ws/install/tesseract_qt/lib/x86_64-linux-gnu/pkgconfig:/home/ubuntu/tesseract_ws/install/tesseract_qt/lib/pkgconfig:/home/ubuntu/tesseract_ws/install/tesseract_examples/lib/x86_64-linux-gnu/pkgconfig:/home/ubuntu/tesseract_ws/install/tesseract_examples/lib/pkgconfig:/home/ubuntu/tesseract_ws/install/tesseract_task_composer/lib/x86_64-linux-gnu/pkgconfig:/home/ubuntu/tesseract_ws/install/tesseract_task_composer/lib/pkgconfig:/home/ubuntu/tesseract_ws/install/tesseract_motion_planners/lib/x86_64-linux-gnu/pkgconfig:/home/ubuntu/tesseract_ws/install/tesseract_motion_planners/lib/pkgconfig:/home/ubuntu/tesseract_ws/install/trajopt_sqp/lib/x86_64-linux-gnu/pkgconfig:/home/ubuntu/tesseract_ws/install/trajopt_sqp/lib/pkgconfig:/home/ubuntu/tesseract_ws/install/trajopt/lib/x86_64-linux-gnu/pkgconfig:/home/ubuntu/tesseract_ws/install/trajopt/lib/pkgconfig:/home/ubuntu/tesseract_ws/install/trajopt_sco/lib/x86_64-linux-gnu/pkgconfig:/home/ubuntu/tesseract_ws/install/trajopt_sco/lib/pkgconfig:/home/ubuntu/tesseract_ws/install/trajopt_ifopt/lib/x86_64-linux-gnu/pkgconfig:/home/ubuntu/tesseract_ws/install/trajopt_ifopt/lib/pkgconfig:/home/ubuntu/tesseract_ws/install/trajopt_common/lib/x86_64-linux-gnu/pkgconfig:/home/ubuntu/tesseract_ws/install/trajopt_common/lib/pkgconfig:/home/ubuntu/tesseract_ws/install/tesseract_visualization/lib/x86_64-linux-gnu/pkgconfig:/home/ubuntu/tesseract_ws/install/tesseract_visualization/lib/pkgconfig:/home/ubuntu/tesseract_ws/install/tesseract_environment/lib/x86_64-linux-gnu/pkgconfig:/home/ubuntu/tesseract_ws/install/tesseract_environment/lib/pkgconfig:/home/ubuntu/tesseract_ws/install/tesseract_urdf/lib/x86_64-linux-gnu/pkgconfig:/home/ubuntu/tesseract_ws/install/tesseract_urdf/lib/pkgconfig:/home/ubuntu/tesseract_ws/install/tesseract_time_parameterization/lib/x86_64-linux-gnu/pkgconfig:/home/ubuntu/tesseract_ws/install/tesseract_time_parameterization/lib/pkgconfig:/home/ubuntu/tesseract_ws/install/tesseract_collision/lib/x86_64-linux-gnu/pkgconfig:/home/ubuntu/tesseract_ws/install/tesseract_collision/lib/pkgconfig:/home/ubuntu/tesseract_ws/install/tesseract_support/lib/x86_64-linux-gnu/pkgconfig:/home/ubuntu/tesseract_ws/install/tesseract_support/lib/pkgconfig:/home/ubuntu/tesseract_ws/install/tesseract_kinematics/lib/x86_64-linux-gnu/pkgconfig:/home/ubuntu/tesseract_ws/install/tesseract_kinematics/lib/pkgconfig:/home/ubuntu/tesseract_ws/install/tesseract_state_solver/lib/x86_64-linux-gnu/pkgconfig:/home/ubuntu/tesseract_ws/install/tesseract_state_solver/lib/pkgconfig:/home/ubuntu/tesseract_ws/install/tesseract_srdf/lib/x86_64-linux-gnu/pkgconfig:/home/ubuntu/tesseract_ws/install/tesseract_srdf/lib/pkgconfig:/home/ubuntu/tesseract_ws/install/tesseract_scene_graph/lib/x86_64-linux-gnu/pkgconfig:/home/ubuntu/tesseract_ws/install/tesseract_scene_graph/lib/pkgconfig:/home/ubuntu/tesseract_ws/install/tesseract_geometry/lib/x86_64-linux-gnu/pkgconfig:/home/ubuntu/tesseract_ws/install/tesseract_geometry/lib/pkgconfig:/home/ubuntu/tesseract_ws/install/tesseract_command_language/lib/x86_64-linux-gnu/pkgconfig:/home/ubuntu/tesseract_ws/install/tesseract_command_language/lib/pkgconfig:/home/ubuntu/tesseract_ws/install/tesseract_common/lib/x86_64-linux-gnu/pkgconfig:/home/ubuntu/tesseract_ws/install/tesseract_common/lib/pkgconfig:/home/ubuntu/tesseract_ws/install/qt_advanced_docking/lib/x86_64-linux-gnu/pkgconfig:/home/ubuntu/tesseract_ws/install/qt_advanced_docking/lib/pkgconfig:/home/ubuntu/tesseract_ws/install/qpoases/lib/x86_64-linux-gnu/pkgconfig:/home/ubuntu/tesseract_ws/install/qpoases/lib/pkgconfig:/home/ubuntu/tesseract_ws/install/osqp_eigen/lib/x86_64-linux-gnu/pkgconfig:/home/ubuntu/tesseract_ws/install/osqp_eigen/lib/pkgconfig:/home/ubuntu/tesseract_ws/install/osqp/lib/x86_64-linux-gnu/pkgconfig:/home/ubuntu/tesseract_ws/install/osqp/lib/pkgconfig:/home/ubuntu/tesseract_ws/install/opw_kinematics/lib/x86_64-linux-gnu/pkgconfig:/home/ubuntu/tesseract_ws/install/opw_kinematics/lib/pkgconfig:/home/ubuntu/tesseract_ws/install/ifopt/lib/x86_64-linux-gnu/pkgconfig:/home/ubuntu/tesseract_ws/install/ifopt/lib/pkgconfig:/home/ubuntu/tesseract_ws/install/descartes_light/lib/x86_64-linux-gnu/pkgconfig:/home/ubuntu/tesseract_ws/install/descartes_light/lib/pkgconfig /usr/bin/cmake --install /home/ubuntu/tesseract_ws/build/snp_tpp
