[100%] Built target tesseract_support
-- Install configuration: ""
-- Up-to-date: /home/ubuntu/tesseract_ws/install/tesseract_support/share/tesseract_support/package.xml
-- Up-to-date: /home/ubuntu/tesseract_ws/install/tesseract_support/lib/libtesseract_support.so
-- Up-to-date: /home/ubuntu/tesseract_ws/install/tesseract_support/lib/cmake/tesseract_support/tesseract_support-targets.cmake
-- Up-to-date: /home/ubuntu/tesseract_ws/install/tesseract_support/lib/cmake/tesseract_support/tesseract_support-targets-noconfig.cmake
-- Up-to-date: /home/ubuntu/tesseract_ws/install/tesseract_support/lib/cmake/tesseract_support/tesseract_support-config.cmake
-- Up-to-date: /home/ubuntu/tesseract_ws/install/tesseract_support/lib/cmake/tesseract_support/tesseract_support-config-version.cmake
-- Up-to-date: /home/ubuntu/tesseract_ws/install/tesseract_support/share/ament_index/resource_index/packages/tesseract_support
-- Up-to-date: /home/ubuntu/tesseract_ws/install/tesseract_support/share/tesseract_support/hook/ament_prefix_path.dsv
-- Up-to-date: /home/ubuntu/tesseract_ws/install/tesseract_support/share/tesseract_support/hook/ros_package_path.dsv
-- Up-to-date: /home/ubuntu/tesseract_ws/install/tesseract_support/share/tesseract_support/hook/python_path.dsv
-- Up-to-date: /home/ubuntu/tesseract_ws/install/tesseract_support/include/tesseract_support
-- Up-to-date: /home/ubuntu/tesseract_ws/install/tesseract_support/include/tesseract_support/tesseract_support_resource_locator.h
-- Up-to-date: /home/ubuntu/tesseract_ws/install/tesseract_support/share/tesseract_support/urdf
-- Up-to-date: /home/ubuntu/tesseract_ws/install/tesseract_support/share/tesseract_support/urdf/lbr_iiwa_14_r820.srdf
-- Up-to-date: /home/ubuntu/tesseract_ws/install/tesseract_support/share/tesseract_support/urdf/lbr_iiwa_14_r820_plugins.yaml
-- Up-to-date: /home/ubuntu/tesseract_ws/install/tesseract_support/share/tesseract_support/urdf/pick_and_place_plan.urdf
-- Up-to-date: /home/ubuntu/tesseract_ws/install/tesseract_support/share/tesseract_support/urdf/puzzle_bent.csv
-- Up-to-date: /home/ubuntu/tesseract_ws/install/tesseract_support/share/tesseract_support/urdf/pick_and_place_environment.xacro
-- Up-to-date: /home/ubuntu/tesseract_ws/install/tesseract_support/share/tesseract_support/urdf/puzzle_piece_workcell.xacro
-- Up-to-date: /home/ubuntu/tesseract_ws/install/tesseract_support/share/tesseract_support/urdf/gantry_robot_underslung
-- Up-to-date: /home/ubuntu/tesseract_ws/install/tesseract_support/share/tesseract_support/urdf/gantry_robot_underslung/gudel_fp6.xacro
-- Up-to-date: /home/ubuntu/tesseract_ws/install/tesseract_support/share/tesseract_support/urdf/gantry_robot_underslung/gudel_fp6_macro.xacro
-- Up-to-date: /home/ubuntu/tesseract_ws/install/tesseract_support/share/tesseract_support/urdf/gantry_robot_underslung/materials.xacro
-- Up-to-date: /home/ubuntu/tesseract_ws/install/tesseract_support/share/tesseract_support/urdf/gantry_robot_underslung/gantry_robot_underslung.xacro
-- Up-to-date: /home/ubuntu/tesseract_ws/install/tesseract_support/share/tesseract_support/urdf/car_seat_demo.xacro
-- Up-to-date: /home/ubuntu/tesseract_ws/install/tesseract_support/share/tesseract_support/urdf/scene_graph_example.srdf
-- Up-to-date: /home/ubuntu/tesseract_ws/install/tesseract_support/share/tesseract_support/urdf/pick_and_place_plan.srdf
-- Up-to-date: /home/ubuntu/tesseract_ws/install/tesseract_support/share/tesseract_support/urdf/sia20d.xacro
-- Up-to-date: /home/ubuntu/tesseract_ws/install/tesseract_support/share/tesseract_support/urdf/online_planning_example.srdf
-- Up-to-date: /home/ubuntu/tesseract_ws/install/tesseract_support/share/tesseract_support/urdf/iiwa7.srdf
-- Up-to-date: /home/ubuntu/tesseract_ws/install/tesseract_support/share/tesseract_support/urdf/puzzle_mount.xacro
-- Up-to-date: /home/ubuntu/tesseract_ws/install/tesseract_support/share/tesseract_support/urdf/online_planning_example.urdf
-- Up-to-date: /home/ubuntu/tesseract_ws/install/tesseract_support/share/tesseract_support/urdf/online_planning_example.xacro
-- Up-to-date: /home/ubuntu/tesseract_ws/install/tesseract_support/share/tesseract_support/urdf/car_seat_demo.srdf
-- Up-to-date: /home/ubuntu/tesseract_ws/install/tesseract_support/share/tesseract_support/urdf/contact_manager_plugins.yaml
-- Up-to-date: /home/ubuntu/tesseract_ws/install/tesseract_support/share/tesseract_support/urdf/pick_and_place_plan.xacro
-- Up-to-date: /home/ubuntu/tesseract_ws/install/tesseract_support/share/tesseract_support/urdf/pick_and_place_plan_plugins.yaml
-- Up-to-date: /home/ubuntu/tesseract_ws/install/tesseract_support/share/tesseract_support/urdf/abb_irb2400.urdf
-- Up-to-date: /home/ubuntu/tesseract_ws/install/tesseract_support/share/tesseract_support/urdf/abb_irb2400_external_positioner.urdf
-- Up-to-date: /home/ubuntu/tesseract_ws/install/tesseract_support/share/tesseract_support/urdf/online_planning_example_plugins.yaml
-- Up-to-date: /home/ubuntu/tesseract_ws/install/tesseract_support/share/tesseract_support/urdf/lbr_iiwa_14_r820.urdf
-- Up-to-date: /home/ubuntu/tesseract_ws/install/tesseract_support/share/tesseract_support/urdf/iiwa7.urdf
-- Up-to-date: /home/ubuntu/tesseract_ws/install/tesseract_support/share/tesseract_support/urdf/abb_irb2400_external_positioner.srdf
-- Up-to-date: /home/ubuntu/tesseract_ws/install/tesseract_support/share/tesseract_support/urdf/lbr_iiwa_14_r820.xacro
-- Up-to-date: /home/ubuntu/tesseract_ws/install/tesseract_support/share/tesseract_support/urdf/abb_irb2400_on_positioner.srdf
-- Up-to-date: /home/ubuntu/tesseract_ws/install/tesseract_support/share/tesseract_support/urdf/scene_graph_example.xacro
-- Up-to-date: /home/ubuntu/tesseract_ws/install/tesseract_support/share/tesseract_support/urdf/abb_irb2400_calibration.yaml
-- Up-to-date: /home/ubuntu/tesseract_ws/install/tesseract_support/share/tesseract_support/urdf/puzzle_piece_workcell.srdf
-- Up-to-date: /home/ubuntu/tesseract_ws/install/tesseract_support/share/tesseract_support/urdf/puzzle_piece_workcell.urdf
-- Up-to-date: /home/ubuntu/tesseract_ws/install/tesseract_support/share/tesseract_support/urdf/abb_irb2400_on_positioner.urdf
-- Up-to-date: /home/ubuntu/tesseract_ws/install/tesseract_support/share/tesseract_support/urdf/boxbot.srdf
-- Up-to-date: /home/ubuntu/tesseract_ws/install/tesseract_support/share/tesseract_support/urdf/lbr_iiwa_14_r820_macro.xacro
-- Up-to-date: /home/ubuntu/tesseract_ws/install/tesseract_support/share/tesseract_support/urdf/boxbot.urdf
-- Up-to-date: /home/ubuntu/tesseract_ws/install/tesseract_support/share/tesseract_support/urdf/car_seat_demo.urdf
-- Up-to-date: /home/ubuntu/tesseract_ws/install/tesseract_support/share/tesseract_support/urdf/scene_graph_example.urdf
-- Up-to-date: /home/ubuntu/tesseract_ws/install/tesseract_support/share/tesseract_support/urdf/malformed_config.yaml
-- Up-to-date: /home/ubuntu/tesseract_ws/install/tesseract_support/share/tesseract_support/urdf/sia20d_macro.xacro
-- Up-to-date: /home/ubuntu/tesseract_ws/install/tesseract_support/share/tesseract_support/urdf/abb_irb2400.srdf
-- Up-to-date: /home/ubuntu/tesseract_ws/install/tesseract_support/share/tesseract_support/urdf/grinder.xacro
-- Up-to-date: /home/ubuntu/tesseract_ws/install/tesseract_support/share/tesseract_support/urdf/car_seat_demo_macro.xacro
-- Up-to-date: /home/ubuntu/tesseract_ws/install/tesseract_support/share/tesseract_support/urdf/abb_irb2400_plugins.yaml
-- Up-to-date: /home/ubuntu/tesseract_ws/install/tesseract_support/share/tesseract_support/urdf/car_seat_demo_plugins.yaml
-- Up-to-date: /home/ubuntu/tesseract_ws/install/tesseract_support/share/tesseract_support/meshes
-- Up-to-date: /home/ubuntu/tesseract_ws/install/tesseract_support/share/tesseract_support/meshes/tesseract_material_mesh.dae
-- Up-to-date: /home/ubuntu/tesseract_ws/install/tesseract_support/share/tesseract_support/meshes/box_pcd.pcd
-- Up-to-date: /home/ubuntu/tesseract_ws/install/tesseract_support/share/tesseract_support/meshes/sphere_p25m.ply
-- Up-to-date: /home/ubuntu/tesseract_ws/install/tesseract_support/share/tesseract_support/meshes/box_2m.bt
-- Up-to-date: /home/ubuntu/tesseract_ws/install/tesseract_support/share/tesseract_support/meshes/sphere_p25m.stl
-- Up-to-date: /home/ubuntu/tesseract_ws/install/tesseract_support/share/tesseract_support/meshes/car_seat
-- Up-to-date: /home/ubuntu/tesseract_ws/install/tesseract_support/share/tesseract_support/meshes/car_seat/collision
-- Up-to-date: /home/ubuntu/tesseract_ws/install/tesseract_support/share/tesseract_support/meshes/car_seat/collision/car_16.stl
-- Up-to-date: /home/ubuntu/tesseract_ws/install/tesseract_support/share/tesseract_support/meshes/car_seat/collision/seat_6.stl
-- Up-to-date: /home/ubuntu/tesseract_ws/install/tesseract_support/share/tesseract_support/meshes/car_seat/collision/car_2.stl
-- Up-to-date: /home/ubuntu/tesseract_ws/install/tesseract_support/share/tesseract_support/meshes/car_seat/collision/car_21.stl
-- Up-to-date: /home/ubuntu/tesseract_ws/install/tesseract_support/share/tesseract_support/meshes/car_seat/collision/car_23.stl
-- Up-to-date: /home/ubuntu/tesseract_ws/install/tesseract_support/share/tesseract_support/meshes/car_seat/collision/car_17.stl
-- Up-to-date: /home/ubuntu/tesseract_ws/install/tesseract_support/share/tesseract_support/meshes/car_seat/collision/seat_4.stl
-- Up-to-date: /home/ubuntu/tesseract_ws/install/tesseract_support/share/tesseract_support/meshes/car_seat/collision/car_11.stl
-- Up-to-date: /home/ubuntu/tesseract_ws/install/tesseract_support/share/tesseract_support/meshes/car_seat/collision/car_1.stl
-- Up-to-date: /home/ubuntu/tesseract_ws/install/tesseract_support/share/tesseract_support/meshes/car_seat/collision/car_22.stl
-- Up-to-date: /home/ubuntu/tesseract_ws/install/tesseract_support/share/tesseract_support/meshes/car_seat/collision/car_24.stl
-- Up-to-date: /home/ubuntu/tesseract_ws/install/tesseract_support/share/tesseract_support/meshes/car_seat/collision/car_10.stl
-- Up-to-date: /home/ubuntu/tesseract_ws/install/tesseract_support/share/tesseract_support/meshes/car_seat/collision/car_12.stl
-- Up-to-date: /home/ubuntu/tesseract_ws/install/tesseract_support/share/tesseract_support/meshes/car_seat/collision/car_18.stl
-- Up-to-date: /home/ubuntu/tesseract_ws/install/tesseract_support/share/tesseract_support/meshes/car_seat/collision/car_20.stl
-- Up-to-date: /home/ubuntu/tesseract_ws/install/tesseract_support/share/tesseract_support/meshes/car_seat/collision/seat_2.stl
-- Up-to-date: /home/ubuntu/tesseract_ws/install/tesseract_support/share/tesseract_support/meshes/car_seat/collision/seat_1.stl
-- Up-to-date: /home/ubuntu/tesseract_ws/install/tesseract_support/share/tesseract_support/meshes/car_seat/collision/seat_8.stl
-- Up-to-date: /home/ubuntu/tesseract_ws/install/tesseract_support/share/tesseract_support/meshes/car_seat/collision/seat_10.stl
-- Up-to-date: /home/ubuntu/tesseract_ws/install/tesseract_support/share/tesseract_support/meshes/car_seat/collision/seat_3.stl
-- Up-to-date: /home/ubuntu/tesseract_ws/install/tesseract_support/share/tesseract_support/meshes/car_seat/collision/seat_9.stl
-- Up-to-date: /home/ubuntu/tesseract_ws/install/tesseract_support/share/tesseract_support/meshes/car_seat/collision/seat_7.stl
-- Up-to-date: /home/ubuntu/tesseract_ws/install/tesseract_support/share/tesseract_support/meshes/car_seat/collision/car_19.stl
-- Up-to-date: /home/ubuntu/tesseract_ws/install/tesseract_support/share/tesseract_support/meshes/car_seat/collision/car_3.stl
-- Up-to-date: /home/ubuntu/tesseract_ws/install/tesseract_support/share/tesseract_support/meshes/car_seat/collision/seat_5.stl
-- Up-to-date: /home/ubuntu/tesseract_ws/install/tesseract_support/share/tesseract_support/meshes/car_seat/collision/car_6.stl
-- Up-to-date: /home/ubuntu/tesseract_ws/install/tesseract_support/share/tesseract_support/meshes/car_seat/collision/car_9.stl
-- Up-to-date: /home/ubuntu/tesseract_ws/install/tesseract_support/share/tesseract_support/meshes/car_seat/collision/car_7.stl
-- Up-to-date: /home/ubuntu/tesseract_ws/install/tesseract_support/share/tesseract_support/meshes/car_seat/collision/car_8.stl
-- Up-to-date: /home/ubuntu/tesseract_ws/install/tesseract_support/share/tesseract_support/meshes/car_seat/collision/car_5.stl
-- Up-to-date: /home/ubuntu/tesseract_ws/install/tesseract_support/share/tesseract_support/meshes/car_seat/collision/car_15.stl
-- Up-to-date: /home/ubuntu/tesseract_ws/install/tesseract_support/share/tesseract_support/meshes/car_seat/collision/car_13.stl
-- Up-to-date: /home/ubuntu/tesseract_ws/install/tesseract_support/share/tesseract_support/meshes/car_seat/collision/car_4.stl
-- Up-to-date: /home/ubuntu/tesseract_ws/install/tesseract_support/share/tesseract_support/meshes/car_seat/collision/car_14.stl
-- Up-to-date: /home/ubuntu/tesseract_ws/install/tesseract_support/share/tesseract_support/meshes/car_seat/visual
-- Up-to-date: /home/ubuntu/tesseract_ws/install/tesseract_support/share/tesseract_support/meshes/car_seat/visual/carriage_plate.stl
-- Up-to-date: /home/ubuntu/tesseract_ws/install/tesseract_support/share/tesseract_support/meshes/car_seat/visual/end_effector_simple.stl
-- Up-to-date: /home/ubuntu/tesseract_ws/install/tesseract_support/share/tesseract_support/meshes/car_seat/visual/seat.dae
-- Up-to-date: /home/ubuntu/tesseract_ws/install/tesseract_support/share/tesseract_support/meshes/car_seat/visual/end_effector_open.stl
-- Up-to-date: /home/ubuntu/tesseract_ws/install/tesseract_support/share/tesseract_support/meshes/car_seat/visual/car.dae
-- Up-to-date: /home/ubuntu/tesseract_ws/install/tesseract_support/share/tesseract_support/meshes/car_seat/visual/rail_feet.dae
-- Up-to-date: /home/ubuntu/tesseract_ws/install/tesseract_support/share/tesseract_support/meshes/car_seat/visual/rail_structure.dae
-- Up-to-date: /home/ubuntu/tesseract_ws/install/tesseract_support/share/tesseract_support/meshes/car_seat/visual/conveyor.dae
-- Up-to-date: /home/ubuntu/tesseract_ws/install/tesseract_support/share/tesseract_support/meshes/car_seat/visual/end_effector.stl
-- Up-to-date: /home/ubuntu/tesseract_ws/install/tesseract_support/share/tesseract_support/meshes/car_seat/visual/car.stl
-- Up-to-date: /home/ubuntu/tesseract_ws/install/tesseract_support/share/tesseract_support/meshes/car_seat/visual/fence_structure.dae
-- Up-to-date: /home/ubuntu/tesseract_ws/install/tesseract_support/share/tesseract_support/meshes/car_seat/visual/ros_logo_solid.dae
-- Up-to-date: /home/ubuntu/tesseract_ws/install/tesseract_support/share/tesseract_support/meshes/car_seat/visual/fence_mesh.dae
-- Up-to-date: /home/ubuntu/tesseract_ws/install/tesseract_support/share/tesseract_support/meshes/pick_and_place
-- Up-to-date: /home/ubuntu/tesseract_ws/install/tesseract_support/share/tesseract_support/meshes/pick_and_place/workcell.STL
-- Up-to-date: /home/ubuntu/tesseract_ws/install/tesseract_support/share/tesseract_support/meshes/logo_512_300dpi.png
-- Up-to-date: /home/ubuntu/tesseract_ws/install/tesseract_support/share/tesseract_support/meshes/box_box.dae
-- Up-to-date: /home/ubuntu/tesseract_ws/install/tesseract_support/share/tesseract_support/meshes/box2_2m.ply
-- Up-to-date: /home/ubuntu/tesseract_ws/install/tesseract_support/share/tesseract_support/meshes/blender_monkey.bt
-- Up-to-date: /home/ubuntu/tesseract_ws/install/tesseract_support/share/tesseract_support/meshes/iiwa7
-- Up-to-date: /home/ubuntu/tesseract_ws/install/tesseract_support/share/tesseract_support/meshes/iiwa7/collision
-- Up-to-date: /home/ubuntu/tesseract_ws/install/tesseract_support/share/tesseract_support/meshes/iiwa7/collision/link_6.stl
-- Up-to-date: /home/ubuntu/tesseract_ws/install/tesseract_support/share/tesseract_support/meshes/iiwa7/collision/link_0.stl
-- Up-to-date: /home/ubuntu/tesseract_ws/install/tesseract_support/share/tesseract_support/meshes/iiwa7/collision/link_3.stl
-- Up-to-date: /home/ubuntu/tesseract_ws/install/tesseract_support/share/tesseract_support/meshes/iiwa7/collision/link_5.stl
-- Up-to-date: /home/ubuntu/tesseract_ws/install/tesseract_support/share/tesseract_support/meshes/iiwa7/collision/link_7.stl
-- Up-to-date: /home/ubuntu/tesseract_ws/install/tesseract_support/share/tesseract_support/meshes/iiwa7/collision/link_1.stl
-- Up-to-date: /home/ubuntu/tesseract_ws/install/tesseract_support/share/tesseract_support/meshes/iiwa7/collision/link_4.stl
-- Up-to-date: /home/ubuntu/tesseract_ws/install/tesseract_support/share/tesseract_support/meshes/iiwa7/collision/link_2.stl
-- Up-to-date: /home/ubuntu/tesseract_ws/install/tesseract_support/share/tesseract_support/meshes/iiwa7/visual
-- Up-to-date: /home/ubuntu/tesseract_ws/install/tesseract_support/share/tesseract_support/meshes/iiwa7/visual/link_6.stl
-- Up-to-date: /home/ubuntu/tesseract_ws/install/tesseract_support/share/tesseract_support/meshes/iiwa7/visual/link_0.stl
-- Up-to-date: /home/ubuntu/tesseract_ws/install/tesseract_support/share/tesseract_support/meshes/iiwa7/visual/link_3.stl
-- Up-to-date: /home/ubuntu/tesseract_ws/install/tesseract_support/share/tesseract_support/meshes/iiwa7/visual/link_5.stl
-- Up-to-date: /home/ubuntu/tesseract_ws/install/tesseract_support/share/tesseract_support/meshes/iiwa7/visual/link_7.stl
-- Up-to-date: /home/ubuntu/tesseract_ws/install/tesseract_support/share/tesseract_support/meshes/iiwa7/visual/link_1.stl
-- Up-to-date: /home/ubuntu/tesseract_ws/install/tesseract_support/share/tesseract_support/meshes/iiwa7/visual/link_4.stl
-- Up-to-date: /home/ubuntu/tesseract_ws/install/tesseract_support/share/tesseract_support/meshes/iiwa7/visual/link_2.stl
-- Up-to-date: /home/ubuntu/tesseract_ws/install/tesseract_support/share/tesseract_support/meshes/box_2m.ply
-- Up-to-date: /home/ubuntu/tesseract_ws/install/tesseract_support/share/tesseract_support/meshes/tesseract_material_mesh.glb
-- Up-to-date: /home/ubuntu/tesseract_ws/install/tesseract_support/share/tesseract_support/meshes/puzzle_piece
-- Up-to-date: /home/ubuntu/tesseract_ws/install/tesseract_support/share/tesseract_support/meshes/puzzle_piece/puzzle_mount.stl
-- Up-to-date: /home/ubuntu/tesseract_ws/install/tesseract_support/share/tesseract_support/meshes/puzzle_piece/puzzle_bent.dae
-- Up-to-date: /home/ubuntu/tesseract_ws/install/tesseract_support/share/tesseract_support/meshes/puzzle_piece/grinder_visual.dae
-- Up-to-date: /home/ubuntu/tesseract_ws/install/tesseract_support/share/tesseract_support/meshes/puzzle_piece/grinder_collision.dae
-- Up-to-date: /home/ubuntu/tesseract_ws/install/tesseract_support/share/tesseract_support/meshes/lbr_iiwa_14_r820
-- Up-to-date: /home/ubuntu/tesseract_ws/install/tesseract_support/share/tesseract_support/meshes/lbr_iiwa_14_r820/collision
-- Up-to-date: /home/ubuntu/tesseract_ws/install/tesseract_support/share/tesseract_support/meshes/lbr_iiwa_14_r820/collision/link_6.stl
-- Up-to-date: /home/ubuntu/tesseract_ws/install/tesseract_support/share/tesseract_support/meshes/lbr_iiwa_14_r820/collision/link_3.stl
-- Up-to-date: /home/ubuntu/tesseract_ws/install/tesseract_support/share/tesseract_support/meshes/lbr_iiwa_14_r820/collision/link_5.stl
-- Up-to-date: /home/ubuntu/tesseract_ws/install/tesseract_support/share/tesseract_support/meshes/lbr_iiwa_14_r820/collision/link_7.stl
-- Up-to-date: /home/ubuntu/tesseract_ws/install/tesseract_support/share/tesseract_support/meshes/lbr_iiwa_14_r820/collision/link_1.stl
-- Up-to-date: /home/ubuntu/tesseract_ws/install/tesseract_support/share/tesseract_support/meshes/lbr_iiwa_14_r820/collision/base_link.stl
-- Up-to-date: /home/ubuntu/tesseract_ws/install/tesseract_support/share/tesseract_support/meshes/lbr_iiwa_14_r820/collision/link_4.stl
-- Up-to-date: /home/ubuntu/tesseract_ws/install/tesseract_support/share/tesseract_support/meshes/lbr_iiwa_14_r820/collision/link_2.stl
-- Up-to-date: /home/ubuntu/tesseract_ws/install/tesseract_support/share/tesseract_support/meshes/lbr_iiwa_14_r820/visual
-- Up-to-date: /home/ubuntu/tesseract_ws/install/tesseract_support/share/tesseract_support/meshes/lbr_iiwa_14_r820/visual/link_2.dae
-- Up-to-date: /home/ubuntu/tesseract_ws/install/tesseract_support/share/tesseract_support/meshes/lbr_iiwa_14_r820/visual/link_4.dae
-- Up-to-date: /home/ubuntu/tesseract_ws/install/tesseract_support/share/tesseract_support/meshes/lbr_iiwa_14_r820/visual/link_7.dae
-- Up-to-date: /home/ubuntu/tesseract_ws/install/tesseract_support/share/tesseract_support/meshes/lbr_iiwa_14_r820/visual/link_3.dae
-- Up-to-date: /home/ubuntu/tesseract_ws/install/tesseract_support/share/tesseract_support/meshes/lbr_iiwa_14_r820/visual/link_5.dae
-- Up-to-date: /home/ubuntu/tesseract_ws/install/tesseract_support/share/tesseract_support/meshes/lbr_iiwa_14_r820/visual/link_6.dae
-- Up-to-date: /home/ubuntu/tesseract_ws/install/tesseract_support/share/tesseract_support/meshes/lbr_iiwa_14_r820/visual/link_1.dae
-- Up-to-date: /home/ubuntu/tesseract_ws/install/tesseract_support/share/tesseract_support/meshes/lbr_iiwa_14_r820/visual/base_link.dae
-- Up-to-date: /home/ubuntu/tesseract_ws/install/tesseract_support/share/tesseract_support/meshes/box_2m.stl
-- Up-to-date: /home/ubuntu/tesseract_ws/install/tesseract_support/share/tesseract_support/meshes/sia20d
-- Up-to-date: /home/ubuntu/tesseract_ws/install/tesseract_support/share/tesseract_support/meshes/sia20d/collision
-- Up-to-date: /home/ubuntu/tesseract_ws/install/tesseract_support/share/tesseract_support/meshes/sia20d/collision/MOTOMAN_AXIS_E.stl
-- Up-to-date: /home/ubuntu/tesseract_ws/install/tesseract_support/share/tesseract_support/meshes/sia20d/collision/MOTOMAN_AXIS_S.stl
-- Up-to-date: /home/ubuntu/tesseract_ws/install/tesseract_support/share/tesseract_support/meshes/sia20d/collision/MOTOMAN_AXIS_B.stl
-- Up-to-date: /home/ubuntu/tesseract_ws/install/tesseract_support/share/tesseract_support/meshes/sia20d/collision/MOTOMAN_AXIS_R.stl
-- Up-to-date: /home/ubuntu/tesseract_ws/install/tesseract_support/share/tesseract_support/meshes/sia20d/collision/MOTOMAN_BASE.stl
-- Up-to-date: /home/ubuntu/tesseract_ws/install/tesseract_support/share/tesseract_support/meshes/sia20d/collision/MOTOMAN_AXIS_U.stl
-- Up-to-date: /home/ubuntu/tesseract_ws/install/tesseract_support/share/tesseract_support/meshes/sia20d/collision/MOTOMAN_AXIS_T.stl
-- Up-to-date: /home/ubuntu/tesseract_ws/install/tesseract_support/share/tesseract_support/meshes/sia20d/collision/MOTOMAN_AXIS_L.stl
-- Up-to-date: /home/ubuntu/tesseract_ws/install/tesseract_support/share/tesseract_support/meshes/sia20d/visual
-- Up-to-date: /home/ubuntu/tesseract_ws/install/tesseract_support/share/tesseract_support/meshes/sia20d/visual/MOTOMAN_AXIS_E.stl
-- Up-to-date: /home/ubuntu/tesseract_ws/install/tesseract_support/share/tesseract_support/meshes/sia20d/visual/MOTOMAN_AXIS_S.stl
-- Up-to-date: /home/ubuntu/tesseract_ws/install/tesseract_support/share/tesseract_support/meshes/sia20d/visual/MOTOMAN_AXIS_B.stl
-- Up-to-date: /home/ubuntu/tesseract_ws/install/tesseract_support/share/tesseract_support/meshes/sia20d/visual/MOTOMAN_AXIS_R.stl
-- Up-to-date: /home/ubuntu/tesseract_ws/install/tesseract_support/share/tesseract_support/meshes/sia20d/visual/MOTOMAN_BASE.stl
-- Up-to-date: /home/ubuntu/tesseract_ws/install/tesseract_support/share/tesseract_support/meshes/sia20d/visual/MOTOMAN_AXIS_U.stl
-- Up-to-date: /home/ubuntu/tesseract_ws/install/tesseract_support/share/tesseract_support/meshes/sia20d/visual/MOTOMAN_AXIS_T.stl
-- Up-to-date: /home/ubuntu/tesseract_ws/install/tesseract_support/share/tesseract_support/meshes/sia20d/visual/MOTOMAN_AXIS_L.stl
-- Up-to-date: /home/ubuntu/tesseract_ws/install/tesseract_support/share/tesseract_support/meshes/plane_4m.stl
-- Up-to-date: /home/ubuntu/tesseract_ws/install/tesseract_support/share/tesseract_support/meshes/sphere_p25m.dae
-- Up-to-date: /home/ubuntu/tesseract_ws/install/tesseract_support/share/tesseract_support/meshes/abb_irb2400
-- Up-to-date: /home/ubuntu/tesseract_ws/install/tesseract_support/share/tesseract_support/meshes/abb_irb2400/irb2400_common
-- Up-to-date: /home/ubuntu/tesseract_ws/install/tesseract_support/share/tesseract_support/meshes/abb_irb2400/irb2400_common/collision
-- Up-to-date: /home/ubuntu/tesseract_ws/install/tesseract_support/share/tesseract_support/meshes/abb_irb2400/irb2400_common/collision/link_6.stl
-- Up-to-date: /home/ubuntu/tesseract_ws/install/tesseract_support/share/tesseract_support/meshes/abb_irb2400/irb2400_common/collision/link_3.stl
-- Up-to-date: /home/ubuntu/tesseract_ws/install/tesseract_support/share/tesseract_support/meshes/abb_irb2400/irb2400_common/collision/link_5.stl
-- Up-to-date: /home/ubuntu/tesseract_ws/install/tesseract_support/share/tesseract_support/meshes/abb_irb2400/irb2400_common/collision/link_1.stl
-- Up-to-date: /home/ubuntu/tesseract_ws/install/tesseract_support/share/tesseract_support/meshes/abb_irb2400/irb2400_common/collision/base_link.stl
-- Up-to-date: /home/ubuntu/tesseract_ws/install/tesseract_support/share/tesseract_support/meshes/abb_irb2400/irb2400_common/collision/link_lever_a.stl
-- Up-to-date: /home/ubuntu/tesseract_ws/install/tesseract_support/share/tesseract_support/meshes/abb_irb2400/irb2400_common/collision/link_lever_b.stl
-- Up-to-date: /home/ubuntu/tesseract_ws/install/tesseract_support/share/tesseract_support/meshes/abb_irb2400/irb2400_common/collision/link_4.stl
-- Up-to-date: /home/ubuntu/tesseract_ws/install/tesseract_support/share/tesseract_support/meshes/abb_irb2400/irb2400_common/collision/link_2.stl
-- Up-to-date: /home/ubuntu/tesseract_ws/install/tesseract_support/share/tesseract_support/meshes/abb_irb2400/irb2400_common/visual
-- Up-to-date: /home/ubuntu/tesseract_ws/install/tesseract_support/share/tesseract_support/meshes/abb_irb2400/irb2400_common/visual/link_lever_a.dae
-- Up-to-date: /home/ubuntu/tesseract_ws/install/tesseract_support/share/tesseract_support/meshes/abb_irb2400/irb2400_common/visual/link_2.dae
-- Up-to-date: /home/ubuntu/tesseract_ws/install/tesseract_support/share/tesseract_support/meshes/abb_irb2400/irb2400_common/visual/link_4.dae
-- Up-to-date: /home/ubuntu/tesseract_ws/install/tesseract_support/share/tesseract_support/meshes/abb_irb2400/irb2400_common/visual/link_3.dae
-- Up-to-date: /home/ubuntu/tesseract_ws/install/tesseract_support/share/tesseract_support/meshes/abb_irb2400/irb2400_common/visual/link_5.dae
-- Up-to-date: /home/ubuntu/tesseract_ws/install/tesseract_support/share/tesseract_support/meshes/abb_irb2400/irb2400_common/visual/link_6.dae
-- Up-to-date: /home/ubuntu/tesseract_ws/install/tesseract_support/share/tesseract_support/meshes/abb_irb2400/irb2400_common/visual/link_1.dae
-- Up-to-date: /home/ubuntu/tesseract_ws/install/tesseract_support/share/tesseract_support/meshes/abb_irb2400/irb2400_common/visual/base_link.dae
-- Up-to-date: /home/ubuntu/tesseract_ws/install/tesseract_support/share/tesseract_support/meshes/abb_irb2400/irb2400_common/visual/link_lever_b.dae
-- Up-to-date: /home/ubuntu/tesseract_ws/install/tesseract_support/share/tesseract_support/meshes/abb_irb2400/irb2400
-- Up-to-date: /home/ubuntu/tesseract_ws/install/tesseract_support/share/tesseract_support/meshes/abb_irb2400/irb2400/collision
-- Up-to-date: /home/ubuntu/tesseract_ws/install/tesseract_support/share/tesseract_support/meshes/abb_irb2400/irb2400/collision/link_6.stl
-- Up-to-date: /home/ubuntu/tesseract_ws/install/tesseract_support/share/tesseract_support/meshes/abb_irb2400/irb2400/collision/link_3.stl
-- Up-to-date: /home/ubuntu/tesseract_ws/install/tesseract_support/share/tesseract_support/meshes/abb_irb2400/irb2400/collision/link_5.stl
-- Up-to-date: /home/ubuntu/tesseract_ws/install/tesseract_support/share/tesseract_support/meshes/abb_irb2400/irb2400/collision/link_1.stl
-- Up-to-date: /home/ubuntu/tesseract_ws/install/tesseract_support/share/tesseract_support/meshes/abb_irb2400/irb2400/collision/base_link.stl
-- Up-to-date: /home/ubuntu/tesseract_ws/install/tesseract_support/share/tesseract_support/meshes/abb_irb2400/irb2400/collision/link_4.stl
-- Up-to-date: /home/ubuntu/tesseract_ws/install/tesseract_support/share/tesseract_support/meshes/abb_irb2400/irb2400/collision/link_2_whole.stl
-- Up-to-date: /home/ubuntu/tesseract_ws/install/tesseract_support/share/tesseract_support/meshes/abb_irb2400/irb2400/collision/link_2.stl
-- Up-to-date: /home/ubuntu/tesseract_ws/install/tesseract_support/share/tesseract_support/meshes/abb_irb2400/irb2400/visual
-- Up-to-date: /home/ubuntu/tesseract_ws/install/tesseract_support/share/tesseract_support/meshes/abb_irb2400/irb2400/visual/link_2.dae
-- Up-to-date: /home/ubuntu/tesseract_ws/install/tesseract_support/share/tesseract_support/meshes/abb_irb2400/irb2400/visual/link_4.dae
-- Up-to-date: /home/ubuntu/tesseract_ws/install/tesseract_support/share/tesseract_support/meshes/abb_irb2400/irb2400/visual/link_3.dae
-- Up-to-date: /home/ubuntu/tesseract_ws/install/tesseract_support/share/tesseract_support/meshes/abb_irb2400/irb2400/visual/link_5.dae
-- Up-to-date: /home/ubuntu/tesseract_ws/install/tesseract_support/share/tesseract_support/meshes/abb_irb2400/irb2400/visual/link_6.dae
-- Up-to-date: /home/ubuntu/tesseract_ws/install/tesseract_support/share/tesseract_support/meshes/abb_irb2400/irb2400/visual/link_1.dae
-- Up-to-date: /home/ubuntu/tesseract_ws/install/tesseract_support/share/tesseract_support/meshes/abb_irb2400/irb2400/visual/base_link.dae
