[0.043s] Invoking command in '/home/ubuntu/tesseract_ws/build/motoman_resources': CMAKE_PREFIX_PATH=${CMAKE_PREFIX_PATH}:/home/ubuntu/tesseract_ws/install/industrial_reconstruction:/opt/ros/humble /usr/bin/cmake --build /home/ubuntu/tesseract_ws/build/motoman_resources -- -j4 -l4
[0.144s] Invoked command in '/home/ubuntu/tesseract_ws/build/motoman_resources' returned '0': CMAKE_PREFIX_PATH=${CMAKE_PREFIX_PATH}:/home/ubuntu/tesseract_ws/install/industrial_reconstruction:/opt/ros/humble /usr/bin/cmake --build /home/ubuntu/tesseract_ws/build/motoman_resources -- -j4 -l4
[0.240s] Invoking command in '/home/ubuntu/tesseract_ws/build/motoman_resources': CMAKE_PREFIX_PATH=${CMAKE_PREFIX_PATH}:/home/ubuntu/tesseract_ws/install/industrial_reconstruction:/opt/ros/humble /usr/bin/cmake --install /home/ubuntu/tesseract_ws/build/motoman_resources
[0.262s] -- Install configuration: ""
[0.262s] -- Execute custom install script
[0.262s] -- Up-to-date symlink: /home/ubuntu/tesseract_ws/install/motoman_resources/share/motoman_resources//urdf/common_colors.xacro
[0.263s] -- Up-to-date symlink: /home/ubuntu/tesseract_ws/install/motoman_resources/share/motoman_resources//urdf/common_materials.xacro
[0.266s] -- Up-to-date symlink: /home/ubuntu/tesseract_ws/install/motoman_resources/share/ament_index/resource_index/package_run_dependencies/motoman_resources
[0.266s] -- Up-to-date symlink: /home/ubuntu/tesseract_ws/install/motoman_resources/share/ament_index/resource_index/parent_prefix_path/motoman_resources
[0.266s] -- Up-to-date symlink: /home/ubuntu/tesseract_ws/install/motoman_resources/share/motoman_resources/environment/ament_prefix_path.sh
[0.266s] -- Up-to-date symlink: /home/ubuntu/tesseract_ws/install/motoman_resources/share/motoman_resources/environment/ament_prefix_path.dsv
[0.266s] -- Up-to-date symlink: /home/ubuntu/tesseract_ws/install/motoman_resources/share/motoman_resources/environment/path.sh
[0.266s] -- Up-to-date symlink: /home/ubuntu/tesseract_ws/install/motoman_resources/share/motoman_resources/environment/path.dsv
[0.266s] -- Up-to-date symlink: /home/ubuntu/tesseract_ws/install/motoman_resources/share/motoman_resources/local_setup.bash
[0.266s] -- Up-to-date symlink: /home/ubuntu/tesseract_ws/install/motoman_resources/share/motoman_resources/local_setup.sh
[0.267s] -- Up-to-date symlink: /home/ubuntu/tesseract_ws/install/motoman_resources/share/motoman_resources/local_setup.zsh
[0.267s] -- Up-to-date symlink: /home/ubuntu/tesseract_ws/install/motoman_resources/share/motoman_resources/local_setup.dsv
[0.267s] -- Symlinking: /home/ubuntu/tesseract_ws/install/motoman_resources/share/motoman_resources/package.dsv
[0.289s] -- Up-to-date symlink: /home/ubuntu/tesseract_ws/install/motoman_resources/share/ament_index/resource_index/packages/motoman_resources
[0.289s] -- Up-to-date symlink: /home/ubuntu/tesseract_ws/install/motoman_resources/share/motoman_resources/cmake/motoman_resourcesConfig.cmake
[0.290s] -- Up-to-date symlink: /home/ubuntu/tesseract_ws/install/motoman_resources/share/motoman_resources/cmake/motoman_resourcesConfig-version.cmake
[0.290s] -- Up-to-date symlink: /home/ubuntu/tesseract_ws/install/motoman_resources/share/motoman_resources/package.xml
[0.296s] Invoked command in '/home/ubuntu/tesseract_ws/build/motoman_resources' returned '0': CMAKE_PREFIX_PATH=${CMAKE_PREFIX_PATH}:/home/ubuntu/tesseract_ws/install/industrial_reconstruction:/opt/ros/humble /usr/bin/cmake --install /home/ubuntu/tesseract_ws/build/motoman_resources
