[100%] Built target vhacd
-- Install configuration: ""
-- Up-to-date: /home/ubuntu/tesseract_ws/install/vhacd/share/vhacd/package.xml
-- Up-to-date: /home/ubuntu/tesseract_ws/install/vhacd/lib/libvhacd.so
-- Up-to-date: /home/ubuntu/tesseract_ws/install/vhacd/lib/cmake/vhacd/vhacd-targets.cmake
-- Up-to-date: /home/ubuntu/tesseract_ws/install/vhacd/lib/cmake/vhacd/vhacd-targets-noconfig.cmake
-- Up-to-date: /home/ubuntu/tesseract_ws/install/vhacd/lib/cmake/vhacd/vhacd-config.cmake
-- Up-to-date: /home/ubuntu/tesseract_ws/install/vhacd/lib/cmake/vhacd/vhacd-config-version.cmake
-- Up-to-date: /home/ubuntu/tesseract_ws/install/vhacd/share/ament_index/resource_index/packages/vhacd
-- Up-to-date: /home/ubuntu/tesseract_ws/install/vhacd/share/vhacd/hook/ament_prefix_path.dsv
-- Up-to-date: /home/ubuntu/tesseract_ws/install/vhacd/share/vhacd/hook/ros_package_path.dsv
-- Up-to-date: /home/ubuntu/tesseract_ws/install/vhacd/share/vhacd/hook/python_path.dsv
-- Up-to-date: /home/ubuntu/tesseract_ws/install/vhacd/include/vhacd/VHACD.h
-- Up-to-date: /home/ubuntu/tesseract_ws/install/vhacd/include/vhacd/FloatMath.h
-- Up-to-date: /home/ubuntu/tesseract_ws/install/vhacd/include/vhacd/btAlignedAllocator.h
-- Up-to-date: /home/ubuntu/tesseract_ws/install/vhacd/include/vhacd/btAlignedObjectArray.h
-- Up-to-date: /home/ubuntu/tesseract_ws/install/vhacd/include/vhacd/btConvexHullComputer.h
-- Up-to-date: /home/ubuntu/tesseract_ws/install/vhacd/include/vhacd/btMinMax.h
-- Up-to-date: /home/ubuntu/tesseract_ws/install/vhacd/include/vhacd/btScalar.h
-- Up-to-date: /home/ubuntu/tesseract_ws/install/vhacd/include/vhacd/btVector3.h
-- Up-to-date: /home/ubuntu/tesseract_ws/install/vhacd/include/vhacd/vhacdCircularList.h
-- Up-to-date: /home/ubuntu/tesseract_ws/install/vhacd/include/vhacd/vhacdICHull.h
-- Up-to-date: /home/ubuntu/tesseract_ws/install/vhacd/include/vhacd/vhacdManifoldMesh.h
-- Up-to-date: /home/ubuntu/tesseract_ws/install/vhacd/include/vhacd/vhacdMesh.h
-- Up-to-date: /home/ubuntu/tesseract_ws/install/vhacd/include/vhacd/vhacdMutex.h
-- Up-to-date: /home/ubuntu/tesseract_ws/install/vhacd/include/vhacd/vhacdRaycastMesh.h
-- Up-to-date: /home/ubuntu/tesseract_ws/install/vhacd/include/vhacd/vhacdSArray.h
-- Up-to-date: /home/ubuntu/tesseract_ws/install/vhacd/include/vhacd/vhacdTimer.h
-- Up-to-date: /home/ubuntu/tesseract_ws/install/vhacd/include/vhacd/vhacdVHACD.h
-- Up-to-date: /home/ubuntu/tesseract_ws/install/vhacd/include/vhacd/vhacdVector.h
-- Up-to-date: /home/ubuntu/tesseract_ws/install/vhacd/include/vhacd/vhacdVolume.h
-- Up-to-date: /home/ubuntu/tesseract_ws/install/vhacd/include/vhacd/vhacdCircularList.inl
-- Up-to-date: /home/ubuntu/tesseract_ws/install/vhacd/include/vhacd/vhacdVector.inl
