-- clang-tidy not found!
-- include-what-you-use found: /usr/bin/include-what-you-use
-- cppcheck found: /usr/bin/cppcheck
-- The CXX compiler identification is GNU 11.3.0
-- Detecting CXX compiler ABI info
-- Detecting CXX compiler ABI info - done
-- Check for working CXX compiler: /usr/bin/c++ - skipped
-- Detecting CXX compile features
-- Detecting CXX compile features - done
-- Found Boost: /usr/lib/x86_64-linux-gnu/cmake/Boost-1.74.0/BoostConfig.cmake (found version "1.74.0") found components: filesystem 
-- Found ament_cmake: 1.3.5 (/opt/ros/humble/share/ament_cmake/cmake)
-- Found Python3: /usr/bin/python3.10 (found version "3.10.6") found components: Interpreter 
-- Override CMake install command with custom implementation using symlinks instead of copying resources
-- Found industrial_reconstruction_msgs: 0.0.0 (/home/ubuntu/tesseract_ws/install/industrial_reconstruction_msgs/share/industrial_reconstruction_msgs/cmake)
-- Found rosidl_generator_c: 3.1.4 (/opt/ros/humble/share/rosidl_generator_c/cmake)
-- Found rosidl_adapter: 3.1.4 (/opt/ros/humble/share/rosidl_adapter/cmake)
-- Found rosidl_generator_cpp: 3.1.4 (/opt/ros/humble/share/rosidl_generator_cpp/cmake)
-- Using all available rosidl_typesupport_c: rosidl_typesupport_fastrtps_c;rosidl_typesupport_introspection_c
-- Using all available rosidl_typesupport_cpp: rosidl_typesupport_fastrtps_cpp;rosidl_typesupport_introspection_cpp
-- Found rclcpp: 16.0.4 (/opt/ros/humble/share/rclcpp/cmake)
-- Found rmw_implementation_cmake: 6.1.1 (/opt/ros/humble/share/rmw_implementation_cmake/cmake)
-- Found rmw_fastrtps_cpp: 6.2.2 (/opt/ros/humble/share/rmw_fastrtps_cpp/cmake)
-- Found OpenSSL: /usr/lib/x86_64-linux-gnu/libcrypto.so (found version "3.0.2")  
-- Found FastRTPS: /opt/ros/humble/include  
-- Using RMW implementation 'rmw_fastrtps_cpp' as default
-- Looking for C++ include pthread.h
-- Looking for C++ include pthread.h - found
-- Performing Test CMAKE_HAVE_LIBC_PTHREAD
-- Performing Test CMAKE_HAVE_LIBC_PTHREAD - Success
-- Found Threads: TRUE  
-- Found visualization_msgs: 4.2.3 (/opt/ros/humble/share/visualization_msgs/cmake)
-- Found ament_lint_auto: 0.12.6 (/opt/ros/humble/share/ament_lint_auto/cmake)
-- Configuring done
-- Generating done
-- Build files have been written to: /home/ubuntu/tesseract_ws/build/snp_scanning
[ 50%] [32mBuilding CXX object CMakeFiles/open3d_sim_node.dir/src/open3d_sim_node.cpp.o[0m
[100%] [32m[1mLinking CXX executable open3d_sim_node[0m
[100%] Built target open3d_sim_node
-- Install configuration: ""
-- Execute custom install script
-- Symlinking: /home/ubuntu/tesseract_ws/install/snp_scanning/lib/snp_scanning/open3d_sim_node
-- Symlinking: /home/ubuntu/tesseract_ws/install/snp_scanning/share/ament_index/resource_index/package_run_dependencies/snp_scanning
-- Symlinking: /home/ubuntu/tesseract_ws/install/snp_scanning/share/ament_index/resource_index/parent_prefix_path/snp_scanning
-- Symlinking: /home/ubuntu/tesseract_ws/install/snp_scanning/share/snp_scanning/environment/ament_prefix_path.sh
-- Symlinking: /home/ubuntu/tesseract_ws/install/snp_scanning/share/snp_scanning/environment/ament_prefix_path.dsv
-- Symlinking: /home/ubuntu/tesseract_ws/install/snp_scanning/share/snp_scanning/environment/path.sh
-- Symlinking: /home/ubuntu/tesseract_ws/install/snp_scanning/share/snp_scanning/environment/path.dsv
-- Symlinking: /home/ubuntu/tesseract_ws/install/snp_scanning/share/snp_scanning/local_setup.bash
-- Symlinking: /home/ubuntu/tesseract_ws/install/snp_scanning/share/snp_scanning/local_setup.sh
-- Symlinking: /home/ubuntu/tesseract_ws/install/snp_scanning/share/snp_scanning/local_setup.zsh
-- Symlinking: /home/ubuntu/tesseract_ws/install/snp_scanning/share/snp_scanning/local_setup.dsv
-- Symlinking: /home/ubuntu/tesseract_ws/install/snp_scanning/share/snp_scanning/package.dsv
-- Symlinking: /home/ubuntu/tesseract_ws/install/snp_scanning/share/ament_index/resource_index/packages/snp_scanning
-- Symlinking: /home/ubuntu/tesseract_ws/install/snp_scanning/share/snp_scanning/cmake/ament_cmake_export_dependencies-extras.cmake
-- Symlinking: /home/ubuntu/tesseract_ws/install/snp_scanning/share/snp_scanning/cmake/snp_scanningConfig.cmake
-- Symlinking: /home/ubuntu/tesseract_ws/install/snp_scanning/share/snp_scanning/cmake/snp_scanningConfig-version.cmake
-- Symlinking: /home/ubuntu/tesseract_ws/install/snp_scanning/share/snp_scanning/package.xml
