[  7%] Built target tesseract_motion_planners_core
[ 19%] Built target tesseract_motion_planners_simple
[ 36%] Built target tesseract_motion_planners_descartes
[ 53%] Built target tesseract_motion_planners_trajopt
[ 78%] Built target tesseract_motion_planners_ompl
[ 82%] Built target tesseract_motion_planners_chain_example
[ 92%] Built target tesseract_motion_planners_trajopt_ifopt
[ 96%] Built target tesseract_motion_planners_freespace_example
[100%] Built target tesseract_motion_planners_raster_example
-- Install configuration: ""
-- Up-to-date: /home/ubuntu/tesseract_ws/install/tesseract_motion_planners/share/tesseract_motion_planners/package.xml
-- Up-to-date: /home/ubuntu/tesseract_ws/install/tesseract_motion_planners/lib/cmake/tesseract_motion_planners/tesseract_motion_planners-targets.cmake
-- Up-to-date: /home/ubuntu/tesseract_ws/install/tesseract_motion_planners/lib/cmake/tesseract_motion_planners/tesseract_motion_planners-targets-noconfig.cmake
-- Up-to-date: /home/ubuntu/tesseract_ws/install/tesseract_motion_planners/lib/cmake/tesseract_motion_planners/tesseract_motion_planners-config.cmake
-- Up-to-date: /home/ubuntu/tesseract_ws/install/tesseract_motion_planners/lib/cmake/tesseract_motion_planners/tesseract_motion_planners-config-version.cmake
-- Up-to-date: /home/ubuntu/tesseract_ws/install/tesseract_motion_planners/share/ament_index/resource_index/packages/tesseract_motion_planners
-- Up-to-date: /home/ubuntu/tesseract_ws/install/tesseract_motion_planners/share/tesseract_motion_planners/hook/ament_prefix_path.dsv
-- Up-to-date: /home/ubuntu/tesseract_ws/install/tesseract_motion_planners/share/tesseract_motion_planners/hook/ros_package_path.dsv
-- Up-to-date: /home/ubuntu/tesseract_ws/install/tesseract_motion_planners/share/tesseract_motion_planners/hook/python_path.dsv
-- Up-to-date: /home/ubuntu/tesseract_ws/install/tesseract_motion_planners/include/tesseract_motion_planners
-- Up-to-date: /home/ubuntu/tesseract_ws/install/tesseract_motion_planners/include/tesseract_motion_planners/planner_utils.h
-- Up-to-date: /home/ubuntu/tesseract_ws/install/tesseract_motion_planners/include/tesseract_motion_planners/robot_config.h
-- Up-to-date: /home/ubuntu/tesseract_ws/install/tesseract_motion_planners/include/tesseract_motion_planners/interface_utils.h
-- Up-to-date: /home/ubuntu/tesseract_ws/install/tesseract_motion_planners/include/tesseract_motion_planners/core
-- Up-to-date: /home/ubuntu/tesseract_ws/install/tesseract_motion_planners/include/tesseract_motion_planners/core/types.h
-- Up-to-date: /home/ubuntu/tesseract_ws/install/tesseract_motion_planners/include/tesseract_motion_planners/core/planner.h
-- Up-to-date: /home/ubuntu/tesseract_ws/install/tesseract_motion_planners/include/tesseract_motion_planners/core/interpolation.h
-- Up-to-date: /home/ubuntu/tesseract_ws/install/tesseract_motion_planners/include/tesseract_motion_planners/core/utils.h
-- Up-to-date: /home/ubuntu/tesseract_ws/install/tesseract_motion_planners/include/tesseract_motion_planners/simple
-- Up-to-date: /home/ubuntu/tesseract_ws/install/tesseract_motion_planners/include/tesseract_motion_planners/simple/simple_motion_planner.h
-- Up-to-date: /home/ubuntu/tesseract_ws/install/tesseract_motion_planners/include/tesseract_motion_planners/simple/profile
-- Up-to-date: /home/ubuntu/tesseract_ws/install/tesseract_motion_planners/include/tesseract_motion_planners/simple/profile/simple_planner_profile.h
-- Up-to-date: /home/ubuntu/tesseract_ws/install/tesseract_motion_planners/include/tesseract_motion_planners/simple/profile/simple_planner_fixed_size_assign_plan_profile.h
-- Up-to-date: /home/ubuntu/tesseract_ws/install/tesseract_motion_planners/include/tesseract_motion_planners/simple/profile/simple_planner_lvs_plan_profile.h
-- Up-to-date: /home/ubuntu/tesseract_ws/install/tesseract_motion_planners/include/tesseract_motion_planners/simple/profile/simple_planner_lvs_no_ik_plan_profile.h
-- Up-to-date: /home/ubuntu/tesseract_ws/install/tesseract_motion_planners/include/tesseract_motion_planners/simple/profile/simple_planner_fixed_size_plan_profile.h
-- Up-to-date: /home/ubuntu/tesseract_ws/install/tesseract_motion_planners/lib/libtesseract_motion_planners_core.so
-- Up-to-date: /home/ubuntu/tesseract_ws/install/tesseract_motion_planners/lib/libtesseract_motion_planners_simple.so
-- Up-to-date: /home/ubuntu/tesseract_ws/install/tesseract_motion_planners/include/tesseract_motion_planners
-- Up-to-date: /home/ubuntu/tesseract_ws/install/tesseract_motion_planners/include/tesseract_motion_planners/ompl
-- Up-to-date: /home/ubuntu/tesseract_ws/install/tesseract_motion_planners/include/tesseract_motion_planners/ompl/continuous_motion_validator.h
-- Up-to-date: /home/ubuntu/tesseract_ws/install/tesseract_motion_planners/include/tesseract_motion_planners/ompl/serialize.h
-- Up-to-date: /home/ubuntu/tesseract_ws/install/tesseract_motion_planners/include/tesseract_motion_planners/ompl/compound_state_validator.h
-- Up-to-date: /home/ubuntu/tesseract_ws/install/tesseract_motion_planners/include/tesseract_motion_planners/ompl/ompl_problem.h
-- Up-to-date: /home/ubuntu/tesseract_ws/install/tesseract_motion_planners/include/tesseract_motion_planners/ompl/types.h
-- Up-to-date: /home/ubuntu/tesseract_ws/install/tesseract_motion_planners/include/tesseract_motion_planners/ompl/ompl_motion_planner.h
-- Up-to-date: /home/ubuntu/tesseract_ws/install/tesseract_motion_planners/include/tesseract_motion_planners/ompl/ompl_planner_configurator.h
-- Up-to-date: /home/ubuntu/tesseract_ws/install/tesseract_motion_planners/include/tesseract_motion_planners/ompl/deserialize.h
-- Up-to-date: /home/ubuntu/tesseract_ws/install/tesseract_motion_planners/include/tesseract_motion_planners/ompl/profile
-- Up-to-date: /home/ubuntu/tesseract_ws/install/tesseract_motion_planners/include/tesseract_motion_planners/ompl/profile/ompl_profile.h
-- Up-to-date: /home/ubuntu/tesseract_ws/install/tesseract_motion_planners/include/tesseract_motion_planners/ompl/profile/ompl_default_plan_profile.h
-- Up-to-date: /home/ubuntu/tesseract_ws/install/tesseract_motion_planners/include/tesseract_motion_planners/ompl/state_collision_validator.h
-- Up-to-date: /home/ubuntu/tesseract_ws/install/tesseract_motion_planners/include/tesseract_motion_planners/ompl/weighted_real_vector_state_sampler.h
-- Up-to-date: /home/ubuntu/tesseract_ws/install/tesseract_motion_planners/include/tesseract_motion_planners/ompl/utils.h
-- Up-to-date: /home/ubuntu/tesseract_ws/install/tesseract_motion_planners/include/tesseract_motion_planners/ompl/discrete_motion_validator.h
-- Up-to-date: /home/ubuntu/tesseract_ws/install/tesseract_motion_planners/lib/libtesseract_motion_planners_ompl.so
-- Up-to-date: /home/ubuntu/tesseract_ws/install/tesseract_motion_planners/include/tesseract_motion_planners
-- Up-to-date: /home/ubuntu/tesseract_ws/install/tesseract_motion_planners/include/tesseract_motion_planners/descartes
-- Up-to-date: /home/ubuntu/tesseract_ws/install/tesseract_motion_planners/include/tesseract_motion_planners/descartes/descartes_collision.h
-- Up-to-date: /home/ubuntu/tesseract_ws/install/tesseract_motion_planners/include/tesseract_motion_planners/descartes/serialize.h
-- Up-to-date: /home/ubuntu/tesseract_ws/install/tesseract_motion_planners/include/tesseract_motion_planners/descartes/descartes_robot_sampler.h
-- Up-to-date: /home/ubuntu/tesseract_ws/install/tesseract_motion_planners/include/tesseract_motion_planners/descartes/descartes_collision_edge_evaluator.h
-- Up-to-date: /home/ubuntu/tesseract_ws/install/tesseract_motion_planners/include/tesseract_motion_planners/descartes/types.h
-- Up-to-date: /home/ubuntu/tesseract_ws/install/tesseract_motion_planners/include/tesseract_motion_planners/descartes/descartes_problem.h
-- Up-to-date: /home/ubuntu/tesseract_ws/install/tesseract_motion_planners/include/tesseract_motion_planners/descartes/descartes_utils.h
-- Up-to-date: /home/ubuntu/tesseract_ws/install/tesseract_motion_planners/include/tesseract_motion_planners/descartes/deserialize.h
-- Up-to-date: /home/ubuntu/tesseract_ws/install/tesseract_motion_planners/include/tesseract_motion_planners/descartes/profile
-- Up-to-date: /home/ubuntu/tesseract_ws/install/tesseract_motion_planners/include/tesseract_motion_planners/descartes/profile/descartes_default_plan_profile.h
-- Up-to-date: /home/ubuntu/tesseract_ws/install/tesseract_motion_planners/include/tesseract_motion_planners/descartes/profile/descartes_profile.h
-- Up-to-date: /home/ubuntu/tesseract_ws/install/tesseract_motion_planners/include/tesseract_motion_planners/descartes/descartes_motion_planner.h
-- Up-to-date: /home/ubuntu/tesseract_ws/install/tesseract_motion_planners/include/tesseract_motion_planners/descartes/descartes_vertex_evaluator.h
-- Up-to-date: /home/ubuntu/tesseract_ws/install/tesseract_motion_planners/include/tesseract_motion_planners/descartes/impl
-- Up-to-date: /home/ubuntu/tesseract_ws/install/tesseract_motion_planners/include/tesseract_motion_planners/descartes/impl/descartes_motion_planner.hpp
-- Up-to-date: /home/ubuntu/tesseract_ws/install/tesseract_motion_planners/include/tesseract_motion_planners/descartes/impl/descartes_robot_sampler.hpp
-- Up-to-date: /home/ubuntu/tesseract_ws/install/tesseract_motion_planners/include/tesseract_motion_planners/descartes/impl/descartes_collision_edge_evaluator.hpp
-- Up-to-date: /home/ubuntu/tesseract_ws/install/tesseract_motion_planners/include/tesseract_motion_planners/descartes/impl/profile
-- Up-to-date: /home/ubuntu/tesseract_ws/install/tesseract_motion_planners/include/tesseract_motion_planners/descartes/impl/profile/descartes_default_plan_profile.hpp
-- Up-to-date: /home/ubuntu/tesseract_ws/install/tesseract_motion_planners/lib/libtesseract_motion_planners_descartes.so
-- Up-to-date: /home/ubuntu/tesseract_ws/install/tesseract_motion_planners/include/tesseract_motion_planners
-- Up-to-date: /home/ubuntu/tesseract_ws/install/tesseract_motion_planners/include/tesseract_motion_planners/trajopt
-- Up-to-date: /home/ubuntu/tesseract_ws/install/tesseract_motion_planners/include/tesseract_motion_planners/trajopt/serialize.h
-- Up-to-date: /home/ubuntu/tesseract_ws/install/tesseract_motion_planners/include/tesseract_motion_planners/trajopt/trajopt_utils.h
-- Up-to-date: /home/ubuntu/tesseract_ws/install/tesseract_motion_planners/include/tesseract_motion_planners/trajopt/trajopt_motion_planner.h
-- Up-to-date: /home/ubuntu/tesseract_ws/install/tesseract_motion_planners/include/tesseract_motion_planners/trajopt/trajopt_collision_config.h
-- Up-to-date: /home/ubuntu/tesseract_ws/install/tesseract_motion_planners/include/tesseract_motion_planners/trajopt/deserialize.h
-- Up-to-date: /home/ubuntu/tesseract_ws/install/tesseract_motion_planners/include/tesseract_motion_planners/trajopt/profile
-- Up-to-date: /home/ubuntu/tesseract_ws/install/tesseract_motion_planners/include/tesseract_motion_planners/trajopt/profile/trajopt_default_solver_profile.h
-- Up-to-date: /home/ubuntu/tesseract_ws/install/tesseract_motion_planners/include/tesseract_motion_planners/trajopt/profile/trajopt_profile.h
-- Up-to-date: /home/ubuntu/tesseract_ws/install/tesseract_motion_planners/include/tesseract_motion_planners/trajopt/profile/trajopt_default_composite_profile.h
-- Up-to-date: /home/ubuntu/tesseract_ws/install/tesseract_motion_planners/include/tesseract_motion_planners/trajopt/profile/trajopt_default_plan_profile.h
-- Up-to-date: /home/ubuntu/tesseract_ws/install/tesseract_motion_planners/lib/libtesseract_motion_planners_trajopt.so
-- Up-to-date: /home/ubuntu/tesseract_ws/install/tesseract_motion_planners/include/tesseract_motion_planners
-- Up-to-date: /home/ubuntu/tesseract_ws/install/tesseract_motion_planners/include/tesseract_motion_planners/trajopt_ifopt
-- Up-to-date: /home/ubuntu/tesseract_ws/install/tesseract_motion_planners/include/tesseract_motion_planners/trajopt_ifopt/trajopt_ifopt_utils.h
-- Up-to-date: /home/ubuntu/tesseract_ws/install/tesseract_motion_planners/include/tesseract_motion_planners/trajopt_ifopt/profile
-- Up-to-date: /home/ubuntu/tesseract_ws/install/tesseract_motion_planners/include/tesseract_motion_planners/trajopt_ifopt/profile/trajopt_ifopt_default_plan_profile.h
-- Up-to-date: /home/ubuntu/tesseract_ws/install/tesseract_motion_planners/include/tesseract_motion_planners/trajopt_ifopt/profile/trajopt_ifopt_profile.h
-- Up-to-date: /home/ubuntu/tesseract_ws/install/tesseract_motion_planners/include/tesseract_motion_planners/trajopt_ifopt/profile/trajopt_ifopt_default_composite_profile.h
-- Up-to-date: /home/ubuntu/tesseract_ws/install/tesseract_motion_planners/include/tesseract_motion_planners/trajopt_ifopt/trajopt_ifopt_motion_planner.h
-- Up-to-date: /home/ubuntu/tesseract_ws/install/tesseract_motion_planners/include/tesseract_motion_planners/trajopt_ifopt/trajopt_ifopt_problem.h
-- Up-to-date: /home/ubuntu/tesseract_ws/install/tesseract_motion_planners/lib/libtesseract_motion_planners_trajopt_ifopt.so
-- Up-to-date: /home/ubuntu/tesseract_ws/install/tesseract_motion_planners/bin/tesseract_motion_planners_chain_example
-- Up-to-date: /home/ubuntu/tesseract_ws/install/tesseract_motion_planners/bin/tesseract_motion_planners_raster_example
-- Up-to-date: /home/ubuntu/tesseract_ws/install/tesseract_motion_planners/bin/tesseract_motion_planners_freespace_example
