-- The C compiler identification is GNU 11.3.0
-- The CXX compiler identification is GNU 11.3.0
-- Detecting C compiler ABI info
-- Detecting C compiler ABI info - done
-- Check for working C compiler: /usr/bin/cc - skipped
-- Detecting C compile features
-- Detecting C compile features - done
-- Detecting CXX compiler ABI info
-- Detecting CXX compiler ABI info - done
-- Check for working CXX compiler: /usr/bin/c++ - skipped
-- Detecting CXX compile features
-- Detecting CXX compile features - done
-- Found ament_cmake: 1.3.5 (/opt/ros/humble/share/ament_cmake/cmake)
-- Found Python3: /usr/bin/python3.10 (found version "3.10.6") found components: Interpreter 
-- Override CMake install command with custom implementation using symlinks instead of copying resources
-- Configuring done
-- Generating done
-- Build files have been written to: /home/ubuntu/perception_driven_ws/build/robot_workcell_support
-- Install configuration: ""
-- Execute custom install script
-- Symlinking: /home/ubuntu/perception_driven_ws/install/robot_workcell_support/share/robot_workcell_support//meshes/coupler/collision/COUPLER.stl
-- Symlinking: /home/ubuntu/perception_driven_ws/install/robot_workcell_support/share/robot_workcell_support//meshes/coupler/visual/COUPLER.stl
-- Symlinking: /home/ubuntu/perception_driven_ws/install/robot_workcell_support/share/robot_workcell_support//meshes/vacuum_gripper_single_suction_cup.STL
-- Symlinking: /home/ubuntu/perception_driven_ws/install/robot_workcell_support/share/robot_workcell_support//urdf/kinect_sensor_macro.xacro
-- Symlinking: /home/ubuntu/perception_driven_ws/install/robot_workcell_support/share/robot_workcell_support//urdf/ur5_workcell.xacro
-- Symlinking: /home/ubuntu/perception_driven_ws/install/robot_workcell_support/share/robot_workcell_support//urdf/vacuum_gripper_macro.xacro
-- Symlinking: /home/ubuntu/perception_driven_ws/install/robot_workcell_support/share/robot_workcell_support//urdf/workspace_components.xacro
-- Symlinking: /home/ubuntu/perception_driven_ws/install/robot_workcell_support/share/robot_workcell_support//rviz/sia20d_config.rviz
-- Symlinking: /home/ubuntu/perception_driven_ws/install/robot_workcell_support/share/robot_workcell_support//rviz/ur5_config.rviz
-- Symlinking: /home/ubuntu/perception_driven_ws/install/robot_workcell_support/share/ament_index/resource_index/package_run_dependencies/robot_workcell_support
-- Symlinking: /home/ubuntu/perception_driven_ws/install/robot_workcell_support/share/ament_index/resource_index/parent_prefix_path/robot_workcell_support
-- Symlinking: /home/ubuntu/perception_driven_ws/install/robot_workcell_support/share/robot_workcell_support/environment/ament_prefix_path.sh
-- Symlinking: /home/ubuntu/perception_driven_ws/install/robot_workcell_support/share/robot_workcell_support/environment/ament_prefix_path.dsv
-- Symlinking: /home/ubuntu/perception_driven_ws/install/robot_workcell_support/share/robot_workcell_support/environment/path.sh
-- Symlinking: /home/ubuntu/perception_driven_ws/install/robot_workcell_support/share/robot_workcell_support/environment/path.dsv
-- Symlinking: /home/ubuntu/perception_driven_ws/install/robot_workcell_support/share/robot_workcell_support/local_setup.bash
-- Symlinking: /home/ubuntu/perception_driven_ws/install/robot_workcell_support/share/robot_workcell_support/local_setup.sh
-- Symlinking: /home/ubuntu/perception_driven_ws/install/robot_workcell_support/share/robot_workcell_support/local_setup.zsh
-- Symlinking: /home/ubuntu/perception_driven_ws/install/robot_workcell_support/share/robot_workcell_support/local_setup.dsv
-- Symlinking: /home/ubuntu/perception_driven_ws/install/robot_workcell_support/share/robot_workcell_support/package.dsv
-- Symlinking: /home/ubuntu/perception_driven_ws/install/robot_workcell_support/share/ament_index/resource_index/packages/robot_workcell_support
-- Symlinking: /home/ubuntu/perception_driven_ws/install/robot_workcell_support/share/robot_workcell_support/cmake/robot_workcell_supportConfig.cmake
-- Symlinking: /home/ubuntu/perception_driven_ws/install/robot_workcell_support/share/robot_workcell_support/cmake/robot_workcell_supportConfig-version.cmake
-- Symlinking: /home/ubuntu/perception_driven_ws/install/robot_workcell_support/share/robot_workcell_support/package.xml
