[0.025s] Invoking command in '/home/ubuntu/perception_driven_ws/build/robot_workcell_support': CMAKE_PREFIX_PATH=${CMAKE_PREFIX_PATH}:/opt/ros/humble /usr/bin/cmake /home/ubuntu/perception_driven_ws/src/robot_workcell_support -DAMENT_CMAKE_SYMLINK_INSTALL=1 -DCMAKE_INSTALL_PREFIX=/home/ubuntu/perception_driven_ws/install/robot_workcell_support
[0.092s] -- The C compiler identification is GNU 11.3.0
[0.182s] -- The CXX compiler identification is GNU 11.3.0
[0.193s] -- Detecting C compiler ABI info
[0.288s] -- Detecting C compiler ABI info - done
[0.297s] -- Check for working C compiler: /usr/bin/cc - skipped
[0.297s] -- Detecting C compile features
[0.298s] -- Detecting C compile features - done
[0.301s] -- Detecting CXX compiler ABI info
[0.400s] -- Detecting CXX compiler ABI info - done
[0.417s] -- Check for working CXX compiler: /usr/bin/c++ - skipped
[0.417s] -- Detecting CXX compile features
[0.418s] -- Detecting CXX compile features - done
[0.421s] -- Found ament_cmake: 1.3.5 (/opt/ros/humble/share/ament_cmake/cmake)
[0.675s] -- Found Python3: /usr/bin/python3.10 (found version "3.10.6") found components: Interpreter 
[0.776s] -- Override CMake install command with custom implementation using symlinks instead of copying resources
[0.926s] -- Configuring done
[0.930s] -- Generating done
[0.931s] -- Build files have been written to: /home/ubuntu/perception_driven_ws/build/robot_workcell_support
[0.938s] Invoked command in '/home/ubuntu/perception_driven_ws/build/robot_workcell_support' returned '0': CMAKE_PREFIX_PATH=${CMAKE_PREFIX_PATH}:/opt/ros/humble /usr/bin/cmake /home/ubuntu/perception_driven_ws/src/robot_workcell_support -DAMENT_CMAKE_SYMLINK_INSTALL=1 -DCMAKE_INSTALL_PREFIX=/home/ubuntu/perception_driven_ws/install/robot_workcell_support
[0.940s] Invoking command in '/home/ubuntu/perception_driven_ws/build/robot_workcell_support': CMAKE_PREFIX_PATH=${CMAKE_PREFIX_PATH}:/opt/ros/humble /usr/bin/cmake --build /home/ubuntu/perception_driven_ws/build/robot_workcell_support -- -j4 -l4
[0.977s] Invoked command in '/home/ubuntu/perception_driven_ws/build/robot_workcell_support' returned '0': CMAKE_PREFIX_PATH=${CMAKE_PREFIX_PATH}:/opt/ros/humble /usr/bin/cmake --build /home/ubuntu/perception_driven_ws/build/robot_workcell_support -- -j4 -l4
[1.008s] Invoking command in '/home/ubuntu/perception_driven_ws/build/robot_workcell_support': CMAKE_PREFIX_PATH=${CMAKE_PREFIX_PATH}:/opt/ros/humble /usr/bin/cmake --install /home/ubuntu/perception_driven_ws/build/robot_workcell_support
[1.015s] -- Install configuration: ""
[1.015s] -- Execute custom install script
[1.016s] -- Symlinking: /home/ubuntu/perception_driven_ws/install/robot_workcell_support/share/robot_workcell_support//meshes/coupler/collision/COUPLER.stl
[1.026s] -- Symlinking: /home/ubuntu/perception_driven_ws/install/robot_workcell_support/share/robot_workcell_support//meshes/coupler/visual/COUPLER.stl
[1.034s] -- Symlinking: /home/ubuntu/perception_driven_ws/install/robot_workcell_support/share/robot_workcell_support//meshes/vacuum_gripper_single_suction_cup.STL
[1.042s] -- Symlinking: /home/ubuntu/perception_driven_ws/install/robot_workcell_support/share/robot_workcell_support//urdf/kinect_sensor_macro.xacro
[1.049s] -- Symlinking: /home/ubuntu/perception_driven_ws/install/robot_workcell_support/share/robot_workcell_support//urdf/ur5_workcell.xacro
[1.056s] -- Symlinking: /home/ubuntu/perception_driven_ws/install/robot_workcell_support/share/robot_workcell_support//urdf/vacuum_gripper_macro.xacro
[1.064s] -- Symlinking: /home/ubuntu/perception_driven_ws/install/robot_workcell_support/share/robot_workcell_support//urdf/workspace_components.xacro
[1.071s] -- Symlinking: /home/ubuntu/perception_driven_ws/install/robot_workcell_support/share/robot_workcell_support//rviz/sia20d_config.rviz
[1.078s] -- Symlinking: /home/ubuntu/perception_driven_ws/install/robot_workcell_support/share/robot_workcell_support//rviz/ur5_config.rviz
[1.085s] -- Symlinking: /home/ubuntu/perception_driven_ws/install/robot_workcell_support/share/ament_index/resource_index/package_run_dependencies/robot_workcell_support
[1.093s] -- Symlinking: /home/ubuntu/perception_driven_ws/install/robot_workcell_support/share/ament_index/resource_index/parent_prefix_path/robot_workcell_support
[1.100s] -- Symlinking: /home/ubuntu/perception_driven_ws/install/robot_workcell_support/share/robot_workcell_support/environment/ament_prefix_path.sh
[1.108s] -- Symlinking: /home/ubuntu/perception_driven_ws/install/robot_workcell_support/share/robot_workcell_support/environment/ament_prefix_path.dsv
[1.116s] -- Symlinking: /home/ubuntu/perception_driven_ws/install/robot_workcell_support/share/robot_workcell_support/environment/path.sh
[1.126s] -- Symlinking: /home/ubuntu/perception_driven_ws/install/robot_workcell_support/share/robot_workcell_support/environment/path.dsv
[1.134s] -- Symlinking: /home/ubuntu/perception_driven_ws/install/robot_workcell_support/share/robot_workcell_support/local_setup.bash
[1.141s] -- Symlinking: /home/ubuntu/perception_driven_ws/install/robot_workcell_support/share/robot_workcell_support/local_setup.sh
[1.149s] -- Symlinking: /home/ubuntu/perception_driven_ws/install/robot_workcell_support/share/robot_workcell_support/local_setup.zsh
[1.156s] -- Symlinking: /home/ubuntu/perception_driven_ws/install/robot_workcell_support/share/robot_workcell_support/local_setup.dsv
[1.163s] -- Symlinking: /home/ubuntu/perception_driven_ws/install/robot_workcell_support/share/robot_workcell_support/package.dsv
[1.170s] -- Symlinking: /home/ubuntu/perception_driven_ws/install/robot_workcell_support/share/ament_index/resource_index/packages/robot_workcell_support
[1.178s] -- Symlinking: /home/ubuntu/perception_driven_ws/install/robot_workcell_support/share/robot_workcell_support/cmake/robot_workcell_supportConfig.cmake
[1.185s] -- Symlinking: /home/ubuntu/perception_driven_ws/install/robot_workcell_support/share/robot_workcell_support/cmake/robot_workcell_supportConfig-version.cmake
[1.193s] -- Symlinking: /home/ubuntu/perception_driven_ws/install/robot_workcell_support/share/robot_workcell_support/package.xml
[1.202s] Invoked command in '/home/ubuntu/perception_driven_ws/build/robot_workcell_support' returned '0': CMAKE_PREFIX_PATH=${CMAKE_PREFIX_PATH}:/opt/ros/humble /usr/bin/cmake --install /home/ubuntu/perception_driven_ws/build/robot_workcell_support
