/usr/lib/python3/dist-packages/setuptools/dist.py:723: UserWarning: Usage of dash-separated 'script-dir' will not be supported in future versions. Please use the underscore name 'script_dir' instead
  warnings.warn(
running develop
/usr/lib/python3/dist-packages/setuptools/command/easy_install.py:158: EasyInstallDeprecationWarning: easy_install command is deprecated. Use build and pip and other standards-based tools.
  warnings.warn(
/usr/lib/python3/dist-packages/setuptools/command/install.py:34: SetuptoolsDeprecationWarning: setup.py install is deprecated. Use build and pip and other standards-based tools.
  warnings.warn(
/usr/lib/python3/dist-packages/pkg_resources/__init__.py:116: PkgResourcesDeprecationWarning: 1.1build1 is an invalid version and will not be supported in a future release
  warnings.warn(
/usr/lib/python3/dist-packages/pkg_resources/__init__.py:116: PkgResourcesDeprecationWarning: 0.1.43ubuntu1 is an invalid version and will not be supported in a future release
  warnings.warn(
running egg_info
writing industrial_reconstruction.egg-info/PKG-INFO
writing dependency_links to industrial_reconstruction.egg-info/dependency_links.txt
writing entry points to industrial_reconstruction.egg-info/entry_points.txt
writing requirements to industrial_reconstruction.egg-info/requires.txt
writing top-level names to industrial_reconstruction.egg-info/top_level.txt
reading manifest file 'industrial_reconstruction.egg-info/SOURCES.txt'
writing manifest file 'industrial_reconstruction.egg-info/SOURCES.txt'
running build_ext
Creating /home/ubuntu/tesseract_ws/install/industrial_reconstruction/lib/python3.10/site-packages/industrial-reconstruction.egg-link (link to .)
Installing archive_player script to /home/ubuntu/tesseract_ws/install/industrial_reconstruction/lib/industrial_reconstruction
Installing industrial_reconstruction script to /home/ubuntu/tesseract_ws/install/industrial_reconstruction/lib/industrial_reconstruction

Installed /home/ubuntu/tesseract_ws/build/industrial_reconstruction
running install_data
