-- The C compiler identification is GNU 11.3.0
-- The CXX compiler identification is GNU 11.3.0
-- Detecting C compiler ABI info
-- Detecting C compiler ABI info - done
-- Check for working C compiler: /usr/bin/cc - skipped
-- Detecting C compile features
-- Detecting C compile features - done
-- Detecting CXX compiler ABI info
-- Detecting CXX compiler ABI info - done
-- Check for working CXX compiler: /usr/bin/c++ - skipped
-- Detecting CXX compile features
-- Detecting CXX compile features - done
-- Found ament_cmake: 1.3.5 (/opt/ros/humble/share/ament_cmake/cmake)
-- Found Python3: /usr/bin/python3.10 (found version "3.10.6") found components: Interpreter 
-- Override CMake install command with custom implementation using symlinks instead of copying resources
-- Found rclcpp: 16.0.4 (/opt/ros/humble/share/rclcpp/cmake)
-- Found rosidl_generator_c: 3.1.4 (/opt/ros/humble/share/rosidl_generator_c/cmake)
-- Found rosidl_adapter: 3.1.4 (/opt/ros/humble/share/rosidl_adapter/cmake)
-- Found rosidl_generator_cpp: 3.1.4 (/opt/ros/humble/share/rosidl_generator_cpp/cmake)
-- Using all available rosidl_typesupport_c: rosidl_typesupport_fastrtps_c;rosidl_typesupport_introspection_c
-- Using all available rosidl_typesupport_cpp: rosidl_typesupport_fastrtps_cpp;rosidl_typesupport_introspection_cpp
-- Found rmw_implementation_cmake: 6.1.1 (/opt/ros/humble/share/rmw_implementation_cmake/cmake)
-- Found rmw_fastrtps_cpp: 6.2.2 (/opt/ros/humble/share/rmw_fastrtps_cpp/cmake)
-- Found OpenSSL: /usr/lib/x86_64-linux-gnu/libcrypto.so (found version "3.0.2")  
-- Found FastRTPS: /opt/ros/humble/include  
-- Using RMW implementation 'rmw_fastrtps_cpp' as default
-- Looking for pthread.h
-- Looking for pthread.h - found
-- Performing Test CMAKE_HAVE_LIBC_PTHREAD
-- Performing Test CMAKE_HAVE_LIBC_PTHREAD - Success
-- Found Threads: TRUE  
-- Found fake_ar_publisher: 0.0.0 (/home/ubuntu/ros2_ws/install/fake_ar_publisher/share/fake_ar_publisher/cmake)
-- Found tf2_geometry_msgs: 0.25.2 (/opt/ros/humble/share/tf2_geometry_msgs/cmake)
-- Found eigen3_cmake_module: 0.1.1 (/opt/ros/humble/share/eigen3_cmake_module/cmake)
-- Found Eigen3: TRUE (found version "3.4.0") 
-- Ensuring Eigen3 include directory is part of orocos-kdl CMake target
-- Found moveit_msgs: 2.2.1 (/opt/ros/humble/share/moveit_msgs/cmake)
-- Found moveit_ros_planning_interface: 2.5.4 (/opt/ros/humble/share/moveit_ros_planning_interface/cmake)
-- Found Boost: /usr/lib/x86_64-linux-gnu/cmake/Boost-1.74.0/BoostConfig.cmake (found version "1.74.0") found components: date_time filesystem program_options system thread 
-- Found Boost: /usr/lib/x86_64-linux-gnu/cmake/Boost-1.74.0/BoostConfig.cmake (found version "1.74.0") found components: chrono date_time filesystem iostreams program_options regex serialization system thread 
-- Found Boost: /usr/lib/x86_64-linux-gnu/cmake/Boost-1.74.0/BoostConfig.cmake (found version "1.74.0") found components: filesystem 
-- library: /usr/lib/x86_64-linux-gnu/libcurl.so
-- Found Boost: /usr/lib/x86_64-linux-gnu/cmake/Boost-1.74.0/BoostConfig.cmake (found version "1.74.0") found components: system filesystem date_time program_options thread chrono 
-- Found Boost: /usr/lib/x86_64-linux-gnu/cmake/Boost-1.74.0/BoostConfig.cmake (found version "1.74.0") found components: thread system filesystem regex date_time program_options 
-- Found Boost: /usr/lib/x86_64-linux-gnu/cmake/Boost-1.74.0/BoostConfig.cmake (found version "1.74.0") found components: system filesystem date_time program_options thread 
-- Found rosidl_default_generators: 1.2.0 (/opt/ros/humble/share/rosidl_default_generators/cmake)
-- Found ament_cmake_ros: 0.10.0 (/opt/ros/humble/share/ament_cmake_ros/cmake)
-- Using all available rosidl_typesupport_c: rosidl_typesupport_fastrtps_c;rosidl_typesupport_introspection_c
-- Using all available rosidl_typesupport_cpp: rosidl_typesupport_fastrtps_cpp;rosidl_typesupport_introspection_cpp
-- Found PythonInterp: /usr/bin/python3 (found suitable version "3.10.6", minimum required is "3.6") 
-- Found python_cmake_module: 0.10.0 (/opt/ros/humble/share/python_cmake_module/cmake)
-- Found PythonLibs: /usr/lib/x86_64-linux-gnu/libpython3.10.so (found suitable version "3.10.6", minimum required is "3.5") 
-- Using PYTHON_EXECUTABLE: /usr/bin/python3
-- Using PYTHON_INCLUDE_DIRS: /usr/include/python3.10
-- Using PYTHON_LIBRARIES: /usr/lib/x86_64-linux-gnu/libpython3.10.so
-- Found PythonExtra: .so  
-- Found ament_lint_auto: 0.12.6 (/opt/ros/humble/share/ament_lint_auto/cmake)
-- Added test 'copyright' to check source files copyright and LICENSE
-- Added test 'cppcheck' to perform static code analysis on C / C++ code
-- Configured cppcheck include dirs: 
-- Configured cppcheck exclude dirs and/or files: 
-- Added test 'cpplint' to check C / C++ code against the Google style
-- Configured cpplint exclude dirs and/or files: 
-- Added test 'lint_cmake' to check CMake code style
-- Added test 'uncrustify' to check C / C++ code style
-- Configured uncrustify additional arguments: 
-- Added test 'xmllint' to check XML markup files
-- Configuring done
-- Generating done
-- Build files have been written to: /home/ubuntu/ros2_ws/build/myworkcell_core
[  2%] [34m[1mGenerating C code for ROS interfaces[0m
[  5%] [34m[1mGenerating C++ code for ROS interfaces[0m
[  5%] Built target ament_cmake_python_symlink_myworkcell_core
[  5%] Built target myworkcell_core__cpp
[  8%] [34m[1mGenerating C++ type support for eProsima Fast-RTPS[0m
[ 11%] [34m[1mGenerating C++ type support dispatch for ROS interfaces[0m
running egg_info
creating myworkcell_core.egg-info
writing myworkcell_core.egg-info/PKG-INFO
writing dependency_links to myworkcell_core.egg-info/dependency_links.txt
writing top-level names to myworkcell_core.egg-info/top_level.txt
writing manifest file 'myworkcell_core.egg-info/SOURCES.txt'
reading manifest file 'myworkcell_core.egg-info/SOURCES.txt'
writing manifest file 'myworkcell_core.egg-info/SOURCES.txt'
[ 11%] Built target ament_cmake_python_build_myworkcell_core_egg
[ 14%] [34m[1mGenerating C++ introspection for ROS interfaces[0m
[ 17%] [32mBuilding C object CMakeFiles/myworkcell_core__rosidl_generator_c.dir/rosidl_generator_c/myworkcell_core/srv/detail/localize_part__functions.c.o[0m
[ 20%] [32m[1mLinking C shared library libmyworkcell_core__rosidl_generator_c.so[0m
[ 20%] Built target myworkcell_core__rosidl_generator_c
[ 22%] [34m[1mGenerating C type support for eProsima Fast-RTPS[0m
[ 25%] [32mBuilding CXX object CMakeFiles/myworkcell_core__rosidl_typesupport_cpp.dir/rosidl_typesupport_cpp/myworkcell_core/srv/localize_part__type_support.cpp.o[0m
[ 28%] [32mBuilding CXX object CMakeFiles/myworkcell_core__rosidl_typesupport_fastrtps_cpp.dir/rosidl_typesupport_fastrtps_cpp/myworkcell_core/srv/detail/dds_fastrtps/localize_part__type_support.cpp.o[0m
[ 31%] [32mBuilding CXX object CMakeFiles/myworkcell_core__rosidl_typesupport_introspection_cpp.dir/rosidl_typesupport_introspection_cpp/myworkcell_core/srv/detail/localize_part__type_support.cpp.o[0m
[ 34%] [32mBuilding CXX object CMakeFiles/myworkcell_core__rosidl_typesupport_fastrtps_c.dir/rosidl_typesupport_fastrtps_c/myworkcell_core/srv/detail/localize_part__type_support_c.cpp.o[0m
[ 37%] [32m[1mLinking CXX shared library libmyworkcell_core__rosidl_typesupport_cpp.so[0m
[ 37%] Built target myworkcell_core__rosidl_typesupport_cpp
[ 40%] [34m[1mGenerating C introspection for ROS interfaces[0m
[ 42%] [32m[1mLinking CXX shared library libmyworkcell_core__rosidl_typesupport_fastrtps_cpp.so[0m
[ 45%] [32m[1mLinking CXX shared library libmyworkcell_core__rosidl_typesupport_introspection_cpp.so[0m
[ 45%] Built target myworkcell_core__rosidl_typesupport_introspection_cpp
[ 48%] [34m[1mGenerating C type support dispatch for ROS interfaces[0m
[ 48%] Built target myworkcell_core__rosidl_typesupport_fastrtps_cpp
[ 51%] [32m[1mLinking CXX shared library libmyworkcell_core__rosidl_typesupport_fastrtps_c.so[0m
[ 54%] [32mBuilding C object CMakeFiles/myworkcell_core__rosidl_typesupport_introspection_c.dir/rosidl_typesupport_introspection_c/myworkcell_core/srv/detail/localize_part__type_support.c.o[0m
[ 57%] [32m[1mLinking C shared library libmyworkcell_core__rosidl_typesupport_introspection_c.so[0m
[ 57%] Built target myworkcell_core__rosidl_typesupport_fastrtps_c
[ 57%] Built target myworkcell_core__rosidl_typesupport_introspection_c
[ 60%] [32mBuilding CXX object CMakeFiles/myworkcell_core__rosidl_typesupport_c.dir/rosidl_typesupport_c/myworkcell_core/srv/localize_part__type_support.cpp.o[0m
[ 62%] [32m[1mLinking CXX shared library libmyworkcell_core__rosidl_typesupport_c.so[0m
[ 62%] Built target myworkcell_core__rosidl_typesupport_c
[ 62%] Built target myworkcell_core
[ 65%] [32mBuilding CXX object CMakeFiles/vision_node.dir/src/vision_node.cpp.o[0m
[ 68%] [32mBuilding CXX object CMakeFiles/myworkcell_node.dir/src/myworkcell_node.cpp.o[0m
[ 71%] [34m[1mGenerating Python code for ROS interfaces[0m
[ 71%] Built target myworkcell_core__py
[ 74%] [32mBuilding C object CMakeFiles/myworkcell_core__rosidl_generator_py.dir/rosidl_generator_py/myworkcell_core/srv/_localize_part_s.c.o[0m
[ 77%] [32m[1mLinking C shared library rosidl_generator_py/myworkcell_core/libmyworkcell_core__rosidl_generator_py.so[0m
[ 77%] Built target myworkcell_core__rosidl_generator_py
[ 80%] [32mBuilding C object CMakeFiles/myworkcell_core__rosidl_typesupport_fastrtps_c__pyext.dir/rosidl_generator_py/myworkcell_core/_myworkcell_core_s.ep.rosidl_typesupport_fastrtps_c.c.o[0m
[ 82%] [32mBuilding C object CMakeFiles/myworkcell_core__rosidl_typesupport_introspection_c__pyext.dir/rosidl_generator_py/myworkcell_core/_myworkcell_core_s.ep.rosidl_typesupport_introspection_c.c.o[0m
[ 85%] [32m[1mLinking C shared library rosidl_generator_py/myworkcell_core/myworkcell_core_s__rosidl_typesupport_introspection_c.cpython-310-x86_64-linux-gnu.so[0m
[ 88%] [32m[1mLinking C shared library rosidl_generator_py/myworkcell_core/myworkcell_core_s__rosidl_typesupport_fastrtps_c.cpython-310-x86_64-linux-gnu.so[0m
[ 88%] Built target myworkcell_core__rosidl_typesupport_introspection_c__pyext
[ 88%] Built target myworkcell_core__rosidl_typesupport_fastrtps_c__pyext
[ 91%] [32mBuilding C object CMakeFiles/myworkcell_core__rosidl_typesupport_c__pyext.dir/rosidl_generator_py/myworkcell_core/_myworkcell_core_s.ep.rosidl_typesupport_c.c.o[0m
[ 94%] [32m[1mLinking C shared library rosidl_generator_py/myworkcell_core/myworkcell_core_s__rosidl_typesupport_c.cpython-310-x86_64-linux-gnu.so[0m
[ 94%] Built target myworkcell_core__rosidl_typesupport_c__pyext
[ 97%] [32m[1mLinking CXX executable vision_node[0m
[ 97%] Built target vision_node
[100%] [32m[1mLinking CXX executable myworkcell_node[0m
[100%] Built target myworkcell_node
-- Install configuration: ""
-- Execute custom install script
-- Symlinking: /home/ubuntu/ros2_ws/install/myworkcell_core/share/ament_index/resource_index/rosidl_interfaces/myworkcell_core
-- Symlinking: /home/ubuntu/ros2_ws/install/myworkcell_core/include/myworkcell_core/myworkcell_core/msg/rosidl_generator_c__visibility_control.h
-- Symlinking: /home/ubuntu/ros2_ws/install/myworkcell_core/include/myworkcell_core/myworkcell_core/srv/detail/localize_part__functions.h
-- Symlinking: /home/ubuntu/ros2_ws/install/myworkcell_core/include/myworkcell_core/myworkcell_core/srv/detail/localize_part__struct.h
-- Symlinking: /home/ubuntu/ros2_ws/install/myworkcell_core/include/myworkcell_core/myworkcell_core/srv/detail/localize_part__type_support.h
-- Symlinking: /home/ubuntu/ros2_ws/install/myworkcell_core/include/myworkcell_core/myworkcell_core/srv/localize_part.h
-- Symlinking: /home/ubuntu/ros2_ws/install/myworkcell_core/share/myworkcell_core/environment/library_path.sh
-- Symlinking: /home/ubuntu/ros2_ws/install/myworkcell_core/share/myworkcell_core/environment/library_path.dsv
-- Symlinking: /home/ubuntu/ros2_ws/install/myworkcell_core/include/myworkcell_core/myworkcell_core/msg/rosidl_typesupport_fastrtps_c__visibility_control.h
-- Symlinking: /home/ubuntu/ros2_ws/install/myworkcell_core/include/myworkcell_core/myworkcell_core/srv/detail/localize_part__rosidl_typesupport_fastrtps_c.h
-- Symlinking: /home/ubuntu/ros2_ws/install/myworkcell_core/include/myworkcell_core/myworkcell_core/srv/detail/localize_part__builder.hpp
-- Symlinking: /home/ubuntu/ros2_ws/install/myworkcell_core/include/myworkcell_core/myworkcell_core/srv/detail/localize_part__struct.hpp
-- Symlinking: /home/ubuntu/ros2_ws/install/myworkcell_core/include/myworkcell_core/myworkcell_core/srv/detail/localize_part__traits.hpp
-- Symlinking: /home/ubuntu/ros2_ws/install/myworkcell_core/include/myworkcell_core/myworkcell_core/srv/localize_part.hpp
-- Symlinking: /home/ubuntu/ros2_ws/install/myworkcell_core/include/myworkcell_core/myworkcell_core/msg/rosidl_typesupport_fastrtps_cpp__visibility_control.h
-- Symlinking: /home/ubuntu/ros2_ws/install/myworkcell_core/include/myworkcell_core/myworkcell_core/srv/detail/localize_part__rosidl_typesupport_fastrtps_cpp.hpp
-- Symlinking: /home/ubuntu/ros2_ws/install/myworkcell_core/include/myworkcell_core/myworkcell_core/msg/rosidl_typesupport_introspection_c__visibility_control.h
-- Symlinking: /home/ubuntu/ros2_ws/install/myworkcell_core/include/myworkcell_core/myworkcell_core/srv/detail/localize_part__rosidl_typesupport_introspection_c.h
-- Symlinking: /home/ubuntu/ros2_ws/install/myworkcell_core/include/myworkcell_core/myworkcell_core/srv/detail/localize_part__rosidl_typesupport_introspection_cpp.hpp
-- Symlinking: /home/ubuntu/ros2_ws/install/myworkcell_core/share/myworkcell_core/environment/pythonpath.sh
-- Symlinking: /home/ubuntu/ros2_ws/install/myworkcell_core/share/myworkcell_core/environment/pythonpath.dsv
-- Symlinking: /home/ubuntu/ros2_ws/install/myworkcell_core/local/lib/python3.10/dist-packages/myworkcell_core-0.0.0-py3.10.egg-info/PKG-INFO
-- Symlinking: /home/ubuntu/ros2_ws/install/myworkcell_core/local/lib/python3.10/dist-packages/myworkcell_core-0.0.0-py3.10.egg-info/SOURCES.txt
-- Symlinking: /home/ubuntu/ros2_ws/install/myworkcell_core/local/lib/python3.10/dist-packages/myworkcell_core-0.0.0-py3.10.egg-info/dependency_links.txt
-- Symlinking: /home/ubuntu/ros2_ws/install/myworkcell_core/local/lib/python3.10/dist-packages/myworkcell_core-0.0.0-py3.10.egg-info/top_level.txt
-- Symlinking: /home/ubuntu/ros2_ws/install/myworkcell_core/local/lib/python3.10/dist-packages/myworkcell_core/__init__.py
-- Symlinking: /home/ubuntu/ros2_ws/install/myworkcell_core/local/lib/python3.10/dist-packages/myworkcell_core/_myworkcell_core_s.ep.rosidl_typesupport_c.c
-- Symlinking: /home/ubuntu/ros2_ws/install/myworkcell_core/local/lib/python3.10/dist-packages/myworkcell_core/_myworkcell_core_s.ep.rosidl_typesupport_fastrtps_c.c
-- Symlinking: /home/ubuntu/ros2_ws/install/myworkcell_core/local/lib/python3.10/dist-packages/myworkcell_core/_myworkcell_core_s.ep.rosidl_typesupport_introspection_c.c
-- Symlinking: /home/ubuntu/ros2_ws/install/myworkcell_core/local/lib/python3.10/dist-packages/myworkcell_core/libmyworkcell_core__rosidl_generator_py.so
-- Symlinking: /home/ubuntu/ros2_ws/install/myworkcell_core/local/lib/python3.10/dist-packages/myworkcell_core/myworkcell_core_s__rosidl_typesupport_c.cpython-310-x86_64-linux-gnu.so
-- Symlinking: /home/ubuntu/ros2_ws/install/myworkcell_core/local/lib/python3.10/dist-packages/myworkcell_core/myworkcell_core_s__rosidl_typesupport_fastrtps_c.cpython-310-x86_64-linux-gnu.so
-- Symlinking: /home/ubuntu/ros2_ws/install/myworkcell_core/local/lib/python3.10/dist-packages/myworkcell_core/myworkcell_core_s__rosidl_typesupport_introspection_c.cpython-310-x86_64-linux-gnu.so
-- Symlinking: /home/ubuntu/ros2_ws/install/myworkcell_core/local/lib/python3.10/dist-packages/myworkcell_core/srv/__init__.py
-- Symlinking: /home/ubuntu/ros2_ws/install/myworkcell_core/local/lib/python3.10/dist-packages/myworkcell_core/srv/_localize_part.py
-- Symlinking: /home/ubuntu/ros2_ws/install/myworkcell_core/local/lib/python3.10/dist-packages/myworkcell_core/srv/_localize_part_s.c
-- Up-to-date symlink: /home/ubuntu/ros2_ws/install/myworkcell_core/local/lib/python3.10/dist-packages/myworkcell_core/myworkcell_core_s__rosidl_typesupport_fastrtps_c.cpython-310-x86_64-linux-gnu.so
-- Up-to-date symlink: /home/ubuntu/ros2_ws/install/myworkcell_core/local/lib/python3.10/dist-packages/myworkcell_core/myworkcell_core_s__rosidl_typesupport_introspection_c.cpython-310-x86_64-linux-gnu.so
-- Up-to-date symlink: /home/ubuntu/ros2_ws/install/myworkcell_core/local/lib/python3.10/dist-packages/myworkcell_core/myworkcell_core_s__rosidl_typesupport_c.cpython-310-x86_64-linux-gnu.so
-- Symlinking: /home/ubuntu/ros2_ws/install/myworkcell_core/share/myworkcell_core/srv/LocalizePart.idl
-- Symlinking: /home/ubuntu/ros2_ws/install/myworkcell_core/share/myworkcell_core/srv/LocalizePart.srv
-- Symlinking: /home/ubuntu/ros2_ws/install/myworkcell_core/share/myworkcell_core/srv/LocalizePart_Request.msg
-- Symlinking: /home/ubuntu/ros2_ws/install/myworkcell_core/share/myworkcell_core/srv/LocalizePart_Response.msg
-- Symlinking: /home/ubuntu/ros2_ws/install/myworkcell_core/lib/myworkcell_core/vision_node
-- Symlinking: /home/ubuntu/ros2_ws/install/myworkcell_core/lib/myworkcell_core/myworkcell_node
-- Symlinking: /home/ubuntu/ros2_ws/install/myworkcell_core/share/ament_index/resource_index/package_run_dependencies/myworkcell_core
-- Symlinking: /home/ubuntu/ros2_ws/install/myworkcell_core/share/ament_index/resource_index/parent_prefix_path/myworkcell_core
-- Symlinking: /home/ubuntu/ros2_ws/install/myworkcell_core/share/myworkcell_core/environment/ament_prefix_path.sh
-- Symlinking: /home/ubuntu/ros2_ws/install/myworkcell_core/share/myworkcell_core/environment/ament_prefix_path.dsv
-- Symlinking: /home/ubuntu/ros2_ws/install/myworkcell_core/share/myworkcell_core/environment/path.sh
-- Symlinking: /home/ubuntu/ros2_ws/install/myworkcell_core/share/myworkcell_core/environment/path.dsv
-- Symlinking: /home/ubuntu/ros2_ws/install/myworkcell_core/share/myworkcell_core/local_setup.bash
-- Symlinking: /home/ubuntu/ros2_ws/install/myworkcell_core/share/myworkcell_core/local_setup.sh
-- Symlinking: /home/ubuntu/ros2_ws/install/myworkcell_core/share/myworkcell_core/local_setup.zsh
-- Symlinking: /home/ubuntu/ros2_ws/install/myworkcell_core/share/myworkcell_core/local_setup.dsv
-- Symlinking: /home/ubuntu/ros2_ws/install/myworkcell_core/share/myworkcell_core/package.dsv
-- Symlinking: /home/ubuntu/ros2_ws/install/myworkcell_core/share/ament_index/resource_index/packages/myworkcell_core
-- Symlinking: /home/ubuntu/ros2_ws/install/myworkcell_core/share/myworkcell_core/cmake/rosidl_cmake-extras.cmake
-- Symlinking: /home/ubuntu/ros2_ws/install/myworkcell_core/share/myworkcell_core/cmake/ament_cmake_export_dependencies-extras.cmake
-- Symlinking: /home/ubuntu/ros2_ws/install/myworkcell_core/share/myworkcell_core/cmake/ament_cmake_export_include_directories-extras.cmake
-- Symlinking: /home/ubuntu/ros2_ws/install/myworkcell_core/share/myworkcell_core/cmake/ament_cmake_export_libraries-extras.cmake
-- Symlinking: /home/ubuntu/ros2_ws/install/myworkcell_core/share/myworkcell_core/cmake/ament_cmake_export_targets-extras.cmake
-- Symlinking: /home/ubuntu/ros2_ws/install/myworkcell_core/share/myworkcell_core/cmake/rosidl_cmake_export_typesupport_targets-extras.cmake
-- Symlinking: /home/ubuntu/ros2_ws/install/myworkcell_core/share/myworkcell_core/cmake/rosidl_cmake_export_typesupport_libraries-extras.cmake
-- Symlinking: /home/ubuntu/ros2_ws/install/myworkcell_core/share/myworkcell_core/cmake/myworkcell_coreConfig.cmake
-- Symlinking: /home/ubuntu/ros2_ws/install/myworkcell_core/share/myworkcell_core/cmake/myworkcell_coreConfig-version.cmake
-- Symlinking: /home/ubuntu/ros2_ws/install/myworkcell_core/share/myworkcell_core/package.xml
-- Installing: /home/ubuntu/ros2_ws/install/myworkcell_core/lib/libmyworkcell_core__rosidl_generator_c.so
-- Set runtime path of "/home/ubuntu/ros2_ws/install/myworkcell_core/lib/libmyworkcell_core__rosidl_generator_c.so" to ""
-- Installing: /home/ubuntu/ros2_ws/install/myworkcell_core/lib/libmyworkcell_core__rosidl_typesupport_fastrtps_c.so
-- Set runtime path of "/home/ubuntu/ros2_ws/install/myworkcell_core/lib/libmyworkcell_core__rosidl_typesupport_fastrtps_c.so" to ""
-- Installing: /home/ubuntu/ros2_ws/install/myworkcell_core/lib/libmyworkcell_core__rosidl_typesupport_fastrtps_cpp.so
-- Set runtime path of "/home/ubuntu/ros2_ws/install/myworkcell_core/lib/libmyworkcell_core__rosidl_typesupport_fastrtps_cpp.so" to ""
-- Installing: /home/ubuntu/ros2_ws/install/myworkcell_core/lib/libmyworkcell_core__rosidl_typesupport_introspection_c.so
-- Set runtime path of "/home/ubuntu/ros2_ws/install/myworkcell_core/lib/libmyworkcell_core__rosidl_typesupport_introspection_c.so" to ""
-- Installing: /home/ubuntu/ros2_ws/install/myworkcell_core/lib/libmyworkcell_core__rosidl_typesupport_c.so
-- Set runtime path of "/home/ubuntu/ros2_ws/install/myworkcell_core/lib/libmyworkcell_core__rosidl_typesupport_c.so" to ""
-- Installing: /home/ubuntu/ros2_ws/install/myworkcell_core/lib/libmyworkcell_core__rosidl_typesupport_introspection_cpp.so
-- Set runtime path of "/home/ubuntu/ros2_ws/install/myworkcell_core/lib/libmyworkcell_core__rosidl_typesupport_introspection_cpp.so" to ""
-- Installing: /home/ubuntu/ros2_ws/install/myworkcell_core/lib/libmyworkcell_core__rosidl_typesupport_cpp.so
-- Set runtime path of "/home/ubuntu/ros2_ws/install/myworkcell_core/lib/libmyworkcell_core__rosidl_typesupport_cpp.so" to ""
Listing '/home/ubuntu/ros2_ws/install/myworkcell_core/local/lib/python3.10/dist-packages/myworkcell_core'...
Compiling '/home/ubuntu/ros2_ws/install/myworkcell_core/local/lib/python3.10/dist-packages/myworkcell_core/__init__.py'...
Listing '/home/ubuntu/ros2_ws/install/myworkcell_core/local/lib/python3.10/dist-packages/myworkcell_core/srv'...
Compiling '/home/ubuntu/ros2_ws/install/myworkcell_core/local/lib/python3.10/dist-packages/myworkcell_core/srv/__init__.py'...
Compiling '/home/ubuntu/ros2_ws/install/myworkcell_core/local/lib/python3.10/dist-packages/myworkcell_core/srv/_localize_part.py'...
-- Installing: /home/ubuntu/ros2_ws/install/myworkcell_core/lib/libmyworkcell_core__rosidl_generator_py.so
-- Set runtime path of "/home/ubuntu/ros2_ws/install/myworkcell_core/lib/libmyworkcell_core__rosidl_generator_py.so" to ""
-- Installing: /home/ubuntu/ros2_ws/install/myworkcell_core/share/myworkcell_core/cmake/export_myworkcell_core__rosidl_generator_cExport.cmake
-- Installing: /home/ubuntu/ros2_ws/install/myworkcell_core/share/myworkcell_core/cmake/export_myworkcell_core__rosidl_generator_cExport-noconfig.cmake
-- Installing: /home/ubuntu/ros2_ws/install/myworkcell_core/share/myworkcell_core/cmake/export_myworkcell_core__rosidl_typesupport_fastrtps_cExport.cmake
-- Installing: /home/ubuntu/ros2_ws/install/myworkcell_core/share/myworkcell_core/cmake/export_myworkcell_core__rosidl_typesupport_fastrtps_cExport-noconfig.cmake
-- Installing: /home/ubuntu/ros2_ws/install/myworkcell_core/share/myworkcell_core/cmake/export_myworkcell_core__rosidl_generator_cppExport.cmake
-- Installing: /home/ubuntu/ros2_ws/install/myworkcell_core/share/myworkcell_core/cmake/export_myworkcell_core__rosidl_typesupport_fastrtps_cppExport.cmake
-- Installing: /home/ubuntu/ros2_ws/install/myworkcell_core/share/myworkcell_core/cmake/export_myworkcell_core__rosidl_typesupport_fastrtps_cppExport-noconfig.cmake
-- Installing: /home/ubuntu/ros2_ws/install/myworkcell_core/share/myworkcell_core/cmake/myworkcell_core__rosidl_typesupport_introspection_cExport.cmake
-- Installing: /home/ubuntu/ros2_ws/install/myworkcell_core/share/myworkcell_core/cmake/myworkcell_core__rosidl_typesupport_introspection_cExport-noconfig.cmake
-- Installing: /home/ubuntu/ros2_ws/install/myworkcell_core/share/myworkcell_core/cmake/myworkcell_core__rosidl_typesupport_cExport.cmake
-- Installing: /home/ubuntu/ros2_ws/install/myworkcell_core/share/myworkcell_core/cmake/myworkcell_core__rosidl_typesupport_cExport-noconfig.cmake
-- Installing: /home/ubuntu/ros2_ws/install/myworkcell_core/share/myworkcell_core/cmake/myworkcell_core__rosidl_typesupport_introspection_cppExport.cmake
-- Installing: /home/ubuntu/ros2_ws/install/myworkcell_core/share/myworkcell_core/cmake/myworkcell_core__rosidl_typesupport_introspection_cppExport-noconfig.cmake
-- Installing: /home/ubuntu/ros2_ws/install/myworkcell_core/share/myworkcell_core/cmake/myworkcell_core__rosidl_typesupport_cppExport.cmake
-- Installing: /home/ubuntu/ros2_ws/install/myworkcell_core/share/myworkcell_core/cmake/myworkcell_core__rosidl_typesupport_cppExport-noconfig.cmake
-- Installing: /home/ubuntu/ros2_ws/install/myworkcell_core/share/myworkcell_core/cmake/export_myworkcell_core__rosidl_generator_pyExport.cmake
-- Installing: /home/ubuntu/ros2_ws/install/myworkcell_core/share/myworkcell_core/cmake/export_myworkcell_core__rosidl_generator_pyExport-noconfig.cmake
