[0.986s] Invoking command in '/home/ubuntu/perception_driven_ws/build/industrial_moveit2_utils': PYTHONPATH=/home/ubuntu/perception_driven_ws/build/industrial_moveit2_utils/prefix_override:/home/ubuntu/perception_driven_ws/install/industrial_moveit2_utils/lib/python3.10/site-packages:${PYTHONPATH} /usr/bin/python3 setup.py develop --editable --build-directory /home/ubuntu/perception_driven_ws/build/industrial_moveit2_utils/build --no-deps install_data
[1.372s] /usr/lib/python3/dist-packages/setuptools/dist.py:723: UserWarning: Usage of dash-separated 'script-dir' will not be supported in future versions. Please use the underscore name 'script_dir' instead
[1.372s]   warnings.warn(
[1.475s] running develop
[1.476s] /usr/lib/python3/dist-packages/setuptools/command/easy_install.py:158: EasyInstallDeprecationWarning: easy_install command is deprecated. Use build and pip and other standards-based tools.
[1.476s]   warnings.warn(
[1.478s] /usr/lib/python3/dist-packages/setuptools/command/install.py:34: SetuptoolsDeprecationWarning: setup.py install is deprecated. Use build and pip and other standards-based tools.
[1.478s]   warnings.warn(
[1.632s] /usr/lib/python3/dist-packages/pkg_resources/__init__.py:116: PkgResourcesDeprecationWarning: 1.1build1 is an invalid version and will not be supported in a future release
[1.632s]   warnings.warn(
[1.633s] /usr/lib/python3/dist-packages/pkg_resources/__init__.py:116: PkgResourcesDeprecationWarning: 0.1.43ubuntu1 is an invalid version and will not be supported in a future release
[1.633s]   warnings.warn(
[1.851s] running egg_info
[1.851s] writing industrial_moveit2_utils.egg-info/PKG-INFO
[1.852s] writing dependency_links to industrial_moveit2_utils.egg-info/dependency_links.txt
[1.852s] writing entry points to industrial_moveit2_utils.egg-info/entry_points.txt
[1.853s] writing requirements to industrial_moveit2_utils.egg-info/requires.txt
[1.853s] writing top-level names to industrial_moveit2_utils.egg-info/top_level.txt
[1.856s] reading manifest file 'industrial_moveit2_utils.egg-info/SOURCES.txt'
[1.858s] writing manifest file 'industrial_moveit2_utils.egg-info/SOURCES.txt'
[1.860s] running build_ext
[1.861s] Creating /home/ubuntu/perception_driven_ws/install/industrial_moveit2_utils/lib/python3.10/site-packages/industrial-moveit2-utils.egg-link (link to .)
[1.862s] 
[1.862s] Installed /home/ubuntu/perception_driven_ws/build/industrial_moveit2_utils
[1.862s] running install_data
[1.925s] Invoked command in '/home/ubuntu/perception_driven_ws/build/industrial_moveit2_utils' returned '0': PYTHONPATH=/home/ubuntu/perception_driven_ws/build/industrial_moveit2_utils/prefix_override:/home/ubuntu/perception_driven_ws/install/industrial_moveit2_utils/lib/python3.10/site-packages:${PYTHONPATH} /usr/bin/python3 setup.py develop --editable --build-directory /home/ubuntu/perception_driven_ws/build/industrial_moveit2_utils/build --no-deps install_data
