[ 55%] Built target noether_filtering
[ 77%] Built target noether_filtering_cloud_filters
[100%] Built target noether_filtering_cloud_filter_plugins
-- Install configuration: ""
-- Up-to-date: /home/ubuntu/tesseract_ws/install/noether_filtering/include/
-- Up-to-date: /home/ubuntu/tesseract_ws/install/noether_filtering/include//noether_filtering
-- Up-to-date: /home/ubuntu/tesseract_ws/install/noether_filtering/include//noether_filtering/subset_extraction
-- Up-to-date: /home/ubuntu/tesseract_ws/install/noether_filtering/include//noether_filtering/subset_extraction/subset_extractor.h
-- Up-to-date: /home/ubuntu/tesseract_ws/install/noether_filtering/include//noether_filtering/subset_extraction/extruded_polygon_subset_extractor.h
-- Up-to-date: /home/ubuntu/tesseract_ws/install/noether_filtering/include//noether_filtering/filter_base.h
-- Up-to-date: /home/ubuntu/tesseract_ws/install/noether_filtering/include//noether_filtering/filter_manager.h
-- Up-to-date: /home/ubuntu/tesseract_ws/install/noether_filtering/include//noether_filtering/cloud
-- Up-to-date: /home/ubuntu/tesseract_ws/install/noether_filtering/include//noether_filtering/cloud/pass_through_filter.h
-- Up-to-date: /home/ubuntu/tesseract_ws/install/noether_filtering/include//noether_filtering/cloud/voxel_grid_filter.h
-- Up-to-date: /home/ubuntu/tesseract_ws/install/noether_filtering/include//noether_filtering/cloud/cloud_filter_manager.h
-- Up-to-date: /home/ubuntu/tesseract_ws/install/noether_filtering/include//noether_filtering/cloud/radius_outlier_filter.h
-- Up-to-date: /home/ubuntu/tesseract_ws/install/noether_filtering/include//noether_filtering/cloud/mls_smoothing_filter.h
-- Up-to-date: /home/ubuntu/tesseract_ws/install/noether_filtering/include//noether_filtering/cloud/crop_box_filter.h
-- Up-to-date: /home/ubuntu/tesseract_ws/install/noether_filtering/include//noether_filtering/cloud/statistical_outlier_filter.h
-- Up-to-date: /home/ubuntu/tesseract_ws/install/noether_filtering/include//noether_filtering/cloud/impl
-- Up-to-date: /home/ubuntu/tesseract_ws/install/noether_filtering/include//noether_filtering/cloud/impl/radius_outlier_filter.hpp
-- Up-to-date: /home/ubuntu/tesseract_ws/install/noether_filtering/include//noether_filtering/cloud/impl/crop_box_filter.hpp
-- Up-to-date: /home/ubuntu/tesseract_ws/install/noether_filtering/include//noether_filtering/cloud/impl/voxel_grid_filter.hpp
-- Up-to-date: /home/ubuntu/tesseract_ws/install/noether_filtering/include//noether_filtering/cloud/impl/statistical_outlier_filter.hpp
-- Up-to-date: /home/ubuntu/tesseract_ws/install/noether_filtering/include//noether_filtering/cloud/impl/mls_smoothing_filter.hpp
-- Up-to-date: /home/ubuntu/tesseract_ws/install/noether_filtering/include//noether_filtering/cloud/impl/pass_through_filter.hpp
-- Up-to-date: /home/ubuntu/tesseract_ws/install/noether_filtering/include//noether_filtering/mesh
-- Up-to-date: /home/ubuntu/tesseract_ws/install/noether_filtering/include//noether_filtering/mesh/clean_data.h
-- Up-to-date: /home/ubuntu/tesseract_ws/install/noether_filtering/include//noether_filtering/mesh/mesh_filter_manager.h
-- Up-to-date: /home/ubuntu/tesseract_ws/install/noether_filtering/include//noether_filtering/mesh/bspline_reconstruction.h
-- Up-to-date: /home/ubuntu/tesseract_ws/install/noether_filtering/include//noether_filtering/mesh/fill_holes.h
-- Up-to-date: /home/ubuntu/tesseract_ws/install/noether_filtering/include//noether_filtering/mesh/windowed_sinc_smoothing.h
-- Up-to-date: /home/ubuntu/tesseract_ws/install/noether_filtering/include//noether_filtering/mesh/mesh_filter_base.h
-- Up-to-date: /home/ubuntu/tesseract_ws/install/noether_filtering/include//noether_filtering/mesh/euclidean_clustering.h
-- Up-to-date: /home/ubuntu/tesseract_ws/install/noether_filtering/include//noether_filtering/filter_group.h
-- Up-to-date: /home/ubuntu/tesseract_ws/install/noether_filtering/include//noether_filtering/utils.h
-- Up-to-date: /home/ubuntu/tesseract_ws/install/noether_filtering/include//noether_filtering/impl
-- Up-to-date: /home/ubuntu/tesseract_ws/install/noether_filtering/include//noether_filtering/impl/filter_manager.hpp
-- Up-to-date: /home/ubuntu/tesseract_ws/install/noether_filtering/include//noether_filtering/impl/filter_group.hpp
-- Up-to-date: /home/ubuntu/tesseract_ws/install/noether_filtering/share/noether_filtering/package.xml
-- Up-to-date: /home/ubuntu/tesseract_ws/install/noether_filtering/share/noether_filtering/cloud_filter_plugins.xml
-- Up-to-date: /home/ubuntu/tesseract_ws/install/noether_filtering/share/noether_filtering/mesh_filter_plugins.xml
-- Up-to-date: /home/ubuntu/tesseract_ws/install/noether_filtering/share/noether_filtering/package.xml
-- Up-to-date: /home/ubuntu/tesseract_ws/install/noether_filtering/lib/libnoether_filtering.so
-- Up-to-date: /home/ubuntu/tesseract_ws/install/noether_filtering/lib/libnoether_filtering_cloud_filters.so
-- Up-to-date: /home/ubuntu/tesseract_ws/install/noether_filtering/lib/libnoether_filtering_cloud_filter_plugins.so
-- Up-to-date: /home/ubuntu/tesseract_ws/install/noether_filtering/lib/cmake/noether_filtering/noether_filtering-targets.cmake
-- Up-to-date: /home/ubuntu/tesseract_ws/install/noether_filtering/lib/cmake/noether_filtering/noether_filtering-targets-noconfig.cmake
-- Up-to-date: /home/ubuntu/tesseract_ws/install/noether_filtering/lib/cmake/noether_filtering/noether_filtering-config.cmake
-- Up-to-date: /home/ubuntu/tesseract_ws/install/noether_filtering/lib/cmake/noether_filtering/noether_filtering-config-version.cmake
-- Up-to-date: /home/ubuntu/tesseract_ws/install/noether_filtering/share/ament_index/resource_index/packages/noether_filtering
-- Up-to-date: /home/ubuntu/tesseract_ws/install/noether_filtering/share/noether_filtering/hook/ament_prefix_path.dsv
-- Up-to-date: /home/ubuntu/tesseract_ws/install/noether_filtering/share/noether_filtering/hook/ros_package_path.dsv
-- Up-to-date: /home/ubuntu/tesseract_ws/install/noether_filtering/share/noether_filtering/hook/python_path.dsv
