-- The C compiler identification is GNU 11.3.0
-- The CXX compiler identification is GNU 11.3.0
-- Detecting C compiler ABI info
-- Detecting C compiler ABI info - done
-- Check for working C compiler: /usr/bin/cc - skipped
-- Detecting C compile features
-- Detecting C compile features - done
-- Detecting CXX compiler ABI info
-- Detecting CXX compiler ABI info - done
-- Check for working CXX compiler: /usr/bin/c++ - skipped
-- Detecting CXX compile features
-- Detecting CXX compile features - done
-- Found ament_cmake: 1.3.5 (/opt/ros/humble/share/ament_cmake/cmake)
-- Found Python3: /usr/bin/python3.10 (found version "3.10.6") found components: Interpreter 
-- Override CMake install command with custom implementation using symlinks instead of copying resources
-- Found rclcpp: 16.0.4 (/opt/ros/humble/share/rclcpp/cmake)
-- Found rosidl_generator_c: 3.1.4 (/opt/ros/humble/share/rosidl_generator_c/cmake)
-- Found rosidl_adapter: 3.1.4 (/opt/ros/humble/share/rosidl_adapter/cmake)
-- Found rosidl_generator_cpp: 3.1.4 (/opt/ros/humble/share/rosidl_generator_cpp/cmake)
-- Using all available rosidl_typesupport_c: rosidl_typesupport_fastrtps_c;rosidl_typesupport_introspection_c
-- Using all available rosidl_typesupport_cpp: rosidl_typesupport_fastrtps_cpp;rosidl_typesupport_introspection_cpp
-- Found rmw_implementation_cmake: 6.1.1 (/opt/ros/humble/share/rmw_implementation_cmake/cmake)
-- Found rmw_fastrtps_cpp: 6.2.2 (/opt/ros/humble/share/rmw_fastrtps_cpp/cmake)
-- Found OpenSSL: /usr/lib/x86_64-linux-gnu/libcrypto.so (found version "3.0.2")  
-- Found FastRTPS: /opt/ros/humble/include  
-- Using RMW implementation 'rmw_fastrtps_cpp' as default
-- Looking for pthread.h
-- Looking for pthread.h - found
-- Performing Test CMAKE_HAVE_LIBC_PTHREAD
-- Performing Test CMAKE_HAVE_LIBC_PTHREAD - Success
-- Found Threads: TRUE  
-- Found snp_msgs: 0.0.0 (/home/ubuntu/tesseract_ws/install/snp_msgs/share/snp_msgs/cmake)
-- Found std_srvs: 4.2.3 (/opt/ros/humble/share/std_srvs/cmake)
-- Found tesseract_monitoring: 0.18.0 (/home/ubuntu/tesseract_ws/install/tesseract_monitoring/share/tesseract_monitoring/cmake)
-- BULLET_LIB=LinearMath-float64 BULLET_LIB_ABS=/usr/lib/x86_64-linux-gnu/libLinearMath-float64.so
-- BULLET_LIB=Bullet3Common-float64 BULLET_LIB_ABS=/usr/lib/x86_64-linux-gnu/libBullet3Common-float64.so
-- BULLET_LIB=BulletInverseDynamics-float64 BULLET_LIB_ABS=/usr/lib/x86_64-linux-gnu/libBulletInverseDynamics-float64.so
-- BULLET_LIB=BulletCollision-float64 BULLET_LIB_ABS=/usr/lib/x86_64-linux-gnu/libBulletCollision-float64.so
-- BULLET_LIB=BulletDynamics-float64 BULLET_LIB_ABS=/usr/lib/x86_64-linux-gnu/libBulletDynamics-float64.so
-- BULLET_LIB=BulletSoftBody-float64 BULLET_LIB_ABS=/usr/lib/x86_64-linux-gnu/libBulletSoftBody-float64.so
-- BULLET_LIBRARIES_ABS=/usr/lib/x86_64-linux-gnu/libLinearMath-float64.so;/usr/lib/x86_64-linux-gnu/libBullet3Common-float64.so;/usr/lib/x86_64-linux-gnu/libBulletInverseDynamics-float64.so;/usr/lib/x86_64-linux-gnu/libBulletCollision-float64.so;/usr/lib/x86_64-linux-gnu/libBulletDynamics-float64.so;/usr/lib/x86_64-linux-gnu/libBulletSoftBody-float64.so
-- Checking for module 'eigen3'
--   Found eigen3, version 3.4.0
-- Found Eigen: /usr/include/eigen3 (Required is at least version "3.1") 
-- Eigen found (include: /usr/include/eigen3, version: 3.4.0)
-- Checking for module 'libusb-1.0'
--   Found libusb-1.0, version 1.0.25
-- Found libusb: /usr/lib/x86_64-linux-gnu/libusb-1.0.so  
-- OpenNI found (version: 1.5.4.0, include: /usr/include/ni, lib: /usr/lib/libOpenNI.so;libusb::libusb)
-- OpenNI2 found (version: 2.2.0.33, include: /usr/include/openni2, lib: /usr/lib/x86_64-linux-gnu/libOpenNI2.so;libusb::libusb)
-- Eigen found (include: /usr/include/eigen3, version: 3.4.0)
-- Found PCL_COMMON: /usr/lib/x86_64-linux-gnu/libpcl_common.so  
-- Found PCL_OCTREE: /usr/lib/x86_64-linux-gnu/libpcl_octree.so  
-- Found PCL_IO: /usr/lib/x86_64-linux-gnu/libpcl_io.so  
-- BULLET_LIB=LinearMath-float64 BULLET_LIB_ABS=/usr/lib/x86_64-linux-gnu/libLinearMath-float64.so
-- BULLET_LIB=Bullet3Common-float64 BULLET_LIB_ABS=/usr/lib/x86_64-linux-gnu/libBullet3Common-float64.so
-- BULLET_LIB=BulletInverseDynamics-float64 BULLET_LIB_ABS=/usr/lib/x86_64-linux-gnu/libBulletInverseDynamics-float64.so
-- BULLET_LIB=BulletCollision-float64 BULLET_LIB_ABS=/usr/lib/x86_64-linux-gnu/libBulletCollision-float64.so
-- BULLET_LIB=BulletDynamics-float64 BULLET_LIB_ABS=/usr/lib/x86_64-linux-gnu/libBulletDynamics-float64.so
-- BULLET_LIB=BulletSoftBody-float64 BULLET_LIB_ABS=/usr/lib/x86_64-linux-gnu/libBulletSoftBody-float64.so
-- BULLET_LIBRARIES_ABS=/usr/lib/x86_64-linux-gnu/libLinearMath-float64.so;/usr/lib/x86_64-linux-gnu/libBullet3Common-float64.so;/usr/lib/x86_64-linux-gnu/libBulletInverseDynamics-float64.so;/usr/lib/x86_64-linux-gnu/libBulletCollision-float64.so;/usr/lib/x86_64-linux-gnu/libBulletDynamics-float64.so;/usr/lib/x86_64-linux-gnu/libBulletSoftBody-float64.so
-- BULLET_LIB=LinearMath-float64 BULLET_LIB_ABS=/usr/lib/x86_64-linux-gnu/libLinearMath-float64.so
-- BULLET_LIB=Bullet3Common-float64 BULLET_LIB_ABS=/usr/lib/x86_64-linux-gnu/libBullet3Common-float64.so
-- BULLET_LIB=BulletInverseDynamics-float64 BULLET_LIB_ABS=/usr/lib/x86_64-linux-gnu/libBulletInverseDynamics-float64.so
-- BULLET_LIB=BulletCollision-float64 BULLET_LIB_ABS=/usr/lib/x86_64-linux-gnu/libBulletCollision-float64.so
-- BULLET_LIB=BulletDynamics-float64 BULLET_LIB_ABS=/usr/lib/x86_64-linux-gnu/libBulletDynamics-float64.so
-- BULLET_LIB=BulletSoftBody-float64 BULLET_LIB_ABS=/usr/lib/x86_64-linux-gnu/libBulletSoftBody-float64.so
-- BULLET_LIBRARIES_ABS=/usr/lib/x86_64-linux-gnu/libLinearMath-float64.so;/usr/lib/x86_64-linux-gnu/libBullet3Common-float64.so;/usr/lib/x86_64-linux-gnu/libBulletInverseDynamics-float64.so;/usr/lib/x86_64-linux-gnu/libBulletCollision-float64.so;/usr/lib/x86_64-linux-gnu/libBulletDynamics-float64.so;/usr/lib/x86_64-linux-gnu/libBulletSoftBody-float64.so
-- BULLET_LIB=LinearMath-float64 BULLET_LIB_ABS=/usr/lib/x86_64-linux-gnu/libLinearMath-float64.so
-- BULLET_LIB=Bullet3Common-float64 BULLET_LIB_ABS=/usr/lib/x86_64-linux-gnu/libBullet3Common-float64.so
-- BULLET_LIB=BulletInverseDynamics-float64 BULLET_LIB_ABS=/usr/lib/x86_64-linux-gnu/libBulletInverseDynamics-float64.so
-- BULLET_LIB=BulletCollision-float64 BULLET_LIB_ABS=/usr/lib/x86_64-linux-gnu/libBulletCollision-float64.so
-- BULLET_LIB=BulletDynamics-float64 BULLET_LIB_ABS=/usr/lib/x86_64-linux-gnu/libBulletDynamics-float64.so
-- BULLET_LIB=BulletSoftBody-float64 BULLET_LIB_ABS=/usr/lib/x86_64-linux-gnu/libBulletSoftBody-float64.so
-- BULLET_LIBRARIES_ABS=/usr/lib/x86_64-linux-gnu/libLinearMath-float64.so;/usr/lib/x86_64-linux-gnu/libBullet3Common-float64.so;/usr/lib/x86_64-linux-gnu/libBulletInverseDynamics-float64.so;/usr/lib/x86_64-linux-gnu/libBulletCollision-float64.so;/usr/lib/x86_64-linux-gnu/libBulletDynamics-float64.so;/usr/lib/x86_64-linux-gnu/libBulletSoftBody-float64.so
-- BULLET_LIB=LinearMath-float64 BULLET_LIB_ABS=/usr/lib/x86_64-linux-gnu/libLinearMath-float64.so
-- BULLET_LIB=Bullet3Common-float64 BULLET_LIB_ABS=/usr/lib/x86_64-linux-gnu/libBullet3Common-float64.so
-- BULLET_LIB=BulletInverseDynamics-float64 BULLET_LIB_ABS=/usr/lib/x86_64-linux-gnu/libBulletInverseDynamics-float64.so
-- BULLET_LIB=BulletCollision-float64 BULLET_LIB_ABS=/usr/lib/x86_64-linux-gnu/libBulletCollision-float64.so
-- BULLET_LIB=BulletDynamics-float64 BULLET_LIB_ABS=/usr/lib/x86_64-linux-gnu/libBulletDynamics-float64.so
-- BULLET_LIB=BulletSoftBody-float64 BULLET_LIB_ABS=/usr/lib/x86_64-linux-gnu/libBulletSoftBody-float64.so
-- BULLET_LIBRARIES_ABS=/usr/lib/x86_64-linux-gnu/libLinearMath-float64.so;/usr/lib/x86_64-linux-gnu/libBullet3Common-float64.so;/usr/lib/x86_64-linux-gnu/libBulletInverseDynamics-float64.so;/usr/lib/x86_64-linux-gnu/libBulletCollision-float64.so;/usr/lib/x86_64-linux-gnu/libBulletDynamics-float64.so;/usr/lib/x86_64-linux-gnu/libBulletSoftBody-float64.so
-- BULLET_LIB=LinearMath-float64 BULLET_LIB_ABS=/usr/lib/x86_64-linux-gnu/libLinearMath-float64.so
-- BULLET_LIB=Bullet3Common-float64 BULLET_LIB_ABS=/usr/lib/x86_64-linux-gnu/libBullet3Common-float64.so
-- BULLET_LIB=BulletInverseDynamics-float64 BULLET_LIB_ABS=/usr/lib/x86_64-linux-gnu/libBulletInverseDynamics-float64.so
-- BULLET_LIB=BulletCollision-float64 BULLET_LIB_ABS=/usr/lib/x86_64-linux-gnu/libBulletCollision-float64.so
-- BULLET_LIB=BulletDynamics-float64 BULLET_LIB_ABS=/usr/lib/x86_64-linux-gnu/libBulletDynamics-float64.so
-- BULLET_LIB=BulletSoftBody-float64 BULLET_LIB_ABS=/usr/lib/x86_64-linux-gnu/libBulletSoftBody-float64.so
-- BULLET_LIBRARIES_ABS=/usr/lib/x86_64-linux-gnu/libLinearMath-float64.so;/usr/lib/x86_64-linux-gnu/libBullet3Common-float64.so;/usr/lib/x86_64-linux-gnu/libBulletInverseDynamics-float64.so;/usr/lib/x86_64-linux-gnu/libBulletCollision-float64.so;/usr/lib/x86_64-linux-gnu/libBulletDynamics-float64.so;/usr/lib/x86_64-linux-gnu/libBulletSoftBody-float64.so
-- BULLET_LIB=LinearMath-float64 BULLET_LIB_ABS=/usr/lib/x86_64-linux-gnu/libLinearMath-float64.so
-- BULLET_LIB=Bullet3Common-float64 BULLET_LIB_ABS=/usr/lib/x86_64-linux-gnu/libBullet3Common-float64.so
-- BULLET_LIB=BulletInverseDynamics-float64 BULLET_LIB_ABS=/usr/lib/x86_64-linux-gnu/libBulletInverseDynamics-float64.so
-- BULLET_LIB=BulletCollision-float64 BULLET_LIB_ABS=/usr/lib/x86_64-linux-gnu/libBulletCollision-float64.so
-- BULLET_LIB=BulletDynamics-float64 BULLET_LIB_ABS=/usr/lib/x86_64-linux-gnu/libBulletDynamics-float64.so
-- BULLET_LIB=BulletSoftBody-float64 BULLET_LIB_ABS=/usr/lib/x86_64-linux-gnu/libBulletSoftBody-float64.so
-- BULLET_LIBRARIES_ABS=/usr/lib/x86_64-linux-gnu/libLinearMath-float64.so;/usr/lib/x86_64-linux-gnu/libBullet3Common-float64.so;/usr/lib/x86_64-linux-gnu/libBulletInverseDynamics-float64.so;/usr/lib/x86_64-linux-gnu/libBulletCollision-float64.so;/usr/lib/x86_64-linux-gnu/libBulletDynamics-float64.so;/usr/lib/x86_64-linux-gnu/libBulletSoftBody-float64.so
-- BULLET_LIB=LinearMath-float64 BULLET_LIB_ABS=/usr/lib/x86_64-linux-gnu/libLinearMath-float64.so
-- BULLET_LIB=Bullet3Common-float64 BULLET_LIB_ABS=/usr/lib/x86_64-linux-gnu/libBullet3Common-float64.so
-- BULLET_LIB=BulletInverseDynamics-float64 BULLET_LIB_ABS=/usr/lib/x86_64-linux-gnu/libBulletInverseDynamics-float64.so
-- BULLET_LIB=BulletCollision-float64 BULLET_LIB_ABS=/usr/lib/x86_64-linux-gnu/libBulletCollision-float64.so
-- BULLET_LIB=BulletDynamics-float64 BULLET_LIB_ABS=/usr/lib/x86_64-linux-gnu/libBulletDynamics-float64.so
-- BULLET_LIB=BulletSoftBody-float64 BULLET_LIB_ABS=/usr/lib/x86_64-linux-gnu/libBulletSoftBody-float64.so
-- BULLET_LIBRARIES_ABS=/usr/lib/x86_64-linux-gnu/libLinearMath-float64.so;/usr/lib/x86_64-linux-gnu/libBullet3Common-float64.so;/usr/lib/x86_64-linux-gnu/libBulletInverseDynamics-float64.so;/usr/lib/x86_64-linux-gnu/libBulletCollision-float64.so;/usr/lib/x86_64-linux-gnu/libBulletDynamics-float64.so;/usr/lib/x86_64-linux-gnu/libBulletSoftBody-float64.so
-- BULLET_LIB=LinearMath-float64 BULLET_LIB_ABS=/usr/lib/x86_64-linux-gnu/libLinearMath-float64.so
-- BULLET_LIB=Bullet3Common-float64 BULLET_LIB_ABS=/usr/lib/x86_64-linux-gnu/libBullet3Common-float64.so
-- BULLET_LIB=BulletInverseDynamics-float64 BULLET_LIB_ABS=/usr/lib/x86_64-linux-gnu/libBulletInverseDynamics-float64.so
-- BULLET_LIB=BulletCollision-float64 BULLET_LIB_ABS=/usr/lib/x86_64-linux-gnu/libBulletCollision-float64.so
-- BULLET_LIB=BulletDynamics-float64 BULLET_LIB_ABS=/usr/lib/x86_64-linux-gnu/libBulletDynamics-float64.so
-- BULLET_LIB=BulletSoftBody-float64 BULLET_LIB_ABS=/usr/lib/x86_64-linux-gnu/libBulletSoftBody-float64.so
-- BULLET_LIBRARIES_ABS=/usr/lib/x86_64-linux-gnu/libLinearMath-float64.so;/usr/lib/x86_64-linux-gnu/libBullet3Common-float64.so;/usr/lib/x86_64-linux-gnu/libBulletInverseDynamics-float64.so;/usr/lib/x86_64-linux-gnu/libBulletCollision-float64.so;/usr/lib/x86_64-linux-gnu/libBulletDynamics-float64.so;/usr/lib/x86_64-linux-gnu/libBulletSoftBody-float64.so
-- BULLET_LIB=LinearMath-float64 BULLET_LIB_ABS=/usr/lib/x86_64-linux-gnu/libLinearMath-float64.so
-- BULLET_LIB=Bullet3Common-float64 BULLET_LIB_ABS=/usr/lib/x86_64-linux-gnu/libBullet3Common-float64.so
-- BULLET_LIB=BulletInverseDynamics-float64 BULLET_LIB_ABS=/usr/lib/x86_64-linux-gnu/libBulletInverseDynamics-float64.so
-- BULLET_LIB=BulletCollision-float64 BULLET_LIB_ABS=/usr/lib/x86_64-linux-gnu/libBulletCollision-float64.so
-- BULLET_LIB=BulletDynamics-float64 BULLET_LIB_ABS=/usr/lib/x86_64-linux-gnu/libBulletDynamics-float64.so
-- BULLET_LIB=BulletSoftBody-float64 BULLET_LIB_ABS=/usr/lib/x86_64-linux-gnu/libBulletSoftBody-float64.so
-- BULLET_LIBRARIES_ABS=/usr/lib/x86_64-linux-gnu/libLinearMath-float64.so;/usr/lib/x86_64-linux-gnu/libBullet3Common-float64.so;/usr/lib/x86_64-linux-gnu/libBulletInverseDynamics-float64.so;/usr/lib/x86_64-linux-gnu/libBulletCollision-float64.so;/usr/lib/x86_64-linux-gnu/libBulletDynamics-float64.so;/usr/lib/x86_64-linux-gnu/libBulletSoftBody-float64.so
-- BULLET_LIB=LinearMath-float64 BULLET_LIB_ABS=/usr/lib/x86_64-linux-gnu/libLinearMath-float64.so
-- BULLET_LIB=Bullet3Common-float64 BULLET_LIB_ABS=/usr/lib/x86_64-linux-gnu/libBullet3Common-float64.so
-- BULLET_LIB=BulletInverseDynamics-float64 BULLET_LIB_ABS=/usr/lib/x86_64-linux-gnu/libBulletInverseDynamics-float64.so
-- BULLET_LIB=BulletCollision-float64 BULLET_LIB_ABS=/usr/lib/x86_64-linux-gnu/libBulletCollision-float64.so
-- BULLET_LIB=BulletDynamics-float64 BULLET_LIB_ABS=/usr/lib/x86_64-linux-gnu/libBulletDynamics-float64.so
-- BULLET_LIB=BulletSoftBody-float64 BULLET_LIB_ABS=/usr/lib/x86_64-linux-gnu/libBulletSoftBody-float64.so
-- BULLET_LIBRARIES_ABS=/usr/lib/x86_64-linux-gnu/libLinearMath-float64.so;/usr/lib/x86_64-linux-gnu/libBullet3Common-float64.so;/usr/lib/x86_64-linux-gnu/libBulletInverseDynamics-float64.so;/usr/lib/x86_64-linux-gnu/libBulletCollision-float64.so;/usr/lib/x86_64-linux-gnu/libBulletDynamics-float64.so;/usr/lib/x86_64-linux-gnu/libBulletSoftBody-float64.so
-- BULLET_LIB=LinearMath-float64 BULLET_LIB_ABS=/usr/lib/x86_64-linux-gnu/libLinearMath-float64.so
-- BULLET_LIB=Bullet3Common-float64 BULLET_LIB_ABS=/usr/lib/x86_64-linux-gnu/libBullet3Common-float64.so
-- BULLET_LIB=BulletInverseDynamics-float64 BULLET_LIB_ABS=/usr/lib/x86_64-linux-gnu/libBulletInverseDynamics-float64.so
-- BULLET_LIB=BulletCollision-float64 BULLET_LIB_ABS=/usr/lib/x86_64-linux-gnu/libBulletCollision-float64.so
-- BULLET_LIB=BulletDynamics-float64 BULLET_LIB_ABS=/usr/lib/x86_64-linux-gnu/libBulletDynamics-float64.so
-- BULLET_LIB=BulletSoftBody-float64 BULLET_LIB_ABS=/usr/lib/x86_64-linux-gnu/libBulletSoftBody-float64.so
-- BULLET_LIBRARIES_ABS=/usr/lib/x86_64-linux-gnu/libLinearMath-float64.so;/usr/lib/x86_64-linux-gnu/libBullet3Common-float64.so;/usr/lib/x86_64-linux-gnu/libBulletInverseDynamics-float64.so;/usr/lib/x86_64-linux-gnu/libBulletCollision-float64.so;/usr/lib/x86_64-linux-gnu/libBulletDynamics-float64.so;/usr/lib/x86_64-linux-gnu/libBulletSoftBody-float64.so
-- BULLET_LIB=LinearMath-float64 BULLET_LIB_ABS=/usr/lib/x86_64-linux-gnu/libLinearMath-float64.so
-- BULLET_LIB=Bullet3Common-float64 BULLET_LIB_ABS=/usr/lib/x86_64-linux-gnu/libBullet3Common-float64.so
-- BULLET_LIB=BulletInverseDynamics-float64 BULLET_LIB_ABS=/usr/lib/x86_64-linux-gnu/libBulletInverseDynamics-float64.so
-- BULLET_LIB=BulletCollision-float64 BULLET_LIB_ABS=/usr/lib/x86_64-linux-gnu/libBulletCollision-float64.so
-- BULLET_LIB=BulletDynamics-float64 BULLET_LIB_ABS=/usr/lib/x86_64-linux-gnu/libBulletDynamics-float64.so
-- BULLET_LIB=BulletSoftBody-float64 BULLET_LIB_ABS=/usr/lib/x86_64-linux-gnu/libBulletSoftBody-float64.so
-- BULLET_LIBRARIES_ABS=/usr/lib/x86_64-linux-gnu/libLinearMath-float64.so;/usr/lib/x86_64-linux-gnu/libBullet3Common-float64.so;/usr/lib/x86_64-linux-gnu/libBulletInverseDynamics-float64.so;/usr/lib/x86_64-linux-gnu/libBulletCollision-float64.so;/usr/lib/x86_64-linux-gnu/libBulletDynamics-float64.so;/usr/lib/x86_64-linux-gnu/libBulletSoftBody-float64.so
-- BULLET_LIB=LinearMath-float64 BULLET_LIB_ABS=/usr/lib/x86_64-linux-gnu/libLinearMath-float64.so
-- BULLET_LIB=Bullet3Common-float64 BULLET_LIB_ABS=/usr/lib/x86_64-linux-gnu/libBullet3Common-float64.so
-- BULLET_LIB=BulletInverseDynamics-float64 BULLET_LIB_ABS=/usr/lib/x86_64-linux-gnu/libBulletInverseDynamics-float64.so
-- BULLET_LIB=BulletCollision-float64 BULLET_LIB_ABS=/usr/lib/x86_64-linux-gnu/libBulletCollision-float64.so
-- BULLET_LIB=BulletDynamics-float64 BULLET_LIB_ABS=/usr/lib/x86_64-linux-gnu/libBulletDynamics-float64.so
-- BULLET_LIB=BulletSoftBody-float64 BULLET_LIB_ABS=/usr/lib/x86_64-linux-gnu/libBulletSoftBody-float64.so
-- BULLET_LIBRARIES_ABS=/usr/lib/x86_64-linux-gnu/libLinearMath-float64.so;/usr/lib/x86_64-linux-gnu/libBullet3Common-float64.so;/usr/lib/x86_64-linux-gnu/libBulletInverseDynamics-float64.so;/usr/lib/x86_64-linux-gnu/libBulletCollision-float64.so;/usr/lib/x86_64-linux-gnu/libBulletDynamics-float64.so;/usr/lib/x86_64-linux-gnu/libBulletSoftBody-float64.so
-- BULLET_LIB=LinearMath-float64 BULLET_LIB_ABS=/usr/lib/x86_64-linux-gnu/libLinearMath-float64.so
-- BULLET_LIB=Bullet3Common-float64 BULLET_LIB_ABS=/usr/lib/x86_64-linux-gnu/libBullet3Common-float64.so
-- BULLET_LIB=BulletInverseDynamics-float64 BULLET_LIB_ABS=/usr/lib/x86_64-linux-gnu/libBulletInverseDynamics-float64.so
-- BULLET_LIB=BulletCollision-float64 BULLET_LIB_ABS=/usr/lib/x86_64-linux-gnu/libBulletCollision-float64.so
-- BULLET_LIB=BulletDynamics-float64 BULLET_LIB_ABS=/usr/lib/x86_64-linux-gnu/libBulletDynamics-float64.so
-- BULLET_LIB=BulletSoftBody-float64 BULLET_LIB_ABS=/usr/lib/x86_64-linux-gnu/libBulletSoftBody-float64.so
-- BULLET_LIBRARIES_ABS=/usr/lib/x86_64-linux-gnu/libLinearMath-float64.so;/usr/lib/x86_64-linux-gnu/libBullet3Common-float64.so;/usr/lib/x86_64-linux-gnu/libBulletInverseDynamics-float64.so;/usr/lib/x86_64-linux-gnu/libBulletCollision-float64.so;/usr/lib/x86_64-linux-gnu/libBulletDynamics-float64.so;/usr/lib/x86_64-linux-gnu/libBulletSoftBody-float64.so
-- BULLET_LIB=LinearMath-float64 BULLET_LIB_ABS=/usr/lib/x86_64-linux-gnu/libLinearMath-float64.so
-- BULLET_LIB=Bullet3Common-float64 BULLET_LIB_ABS=/usr/lib/x86_64-linux-gnu/libBullet3Common-float64.so
-- BULLET_LIB=BulletInverseDynamics-float64 BULLET_LIB_ABS=/usr/lib/x86_64-linux-gnu/libBulletInverseDynamics-float64.so
-- BULLET_LIB=BulletCollision-float64 BULLET_LIB_ABS=/usr/lib/x86_64-linux-gnu/libBulletCollision-float64.so
-- BULLET_LIB=BulletDynamics-float64 BULLET_LIB_ABS=/usr/lib/x86_64-linux-gnu/libBulletDynamics-float64.so
-- BULLET_LIB=BulletSoftBody-float64 BULLET_LIB_ABS=/usr/lib/x86_64-linux-gnu/libBulletSoftBody-float64.so
-- BULLET_LIBRARIES_ABS=/usr/lib/x86_64-linux-gnu/libLinearMath-float64.so;/usr/lib/x86_64-linux-gnu/libBullet3Common-float64.so;/usr/lib/x86_64-linux-gnu/libBulletInverseDynamics-float64.so;/usr/lib/x86_64-linux-gnu/libBulletCollision-float64.so;/usr/lib/x86_64-linux-gnu/libBulletDynamics-float64.so;/usr/lib/x86_64-linux-gnu/libBulletSoftBody-float64.so
-- BULLET_LIB=LinearMath-float64 BULLET_LIB_ABS=/usr/lib/x86_64-linux-gnu/libLinearMath-float64.so
-- BULLET_LIB=Bullet3Common-float64 BULLET_LIB_ABS=/usr/lib/x86_64-linux-gnu/libBullet3Common-float64.so
-- BULLET_LIB=BulletInverseDynamics-float64 BULLET_LIB_ABS=/usr/lib/x86_64-linux-gnu/libBulletInverseDynamics-float64.so
-- BULLET_LIB=BulletCollision-float64 BULLET_LIB_ABS=/usr/lib/x86_64-linux-gnu/libBulletCollision-float64.so
-- BULLET_LIB=BulletDynamics-float64 BULLET_LIB_ABS=/usr/lib/x86_64-linux-gnu/libBulletDynamics-float64.so
-- BULLET_LIB=BulletSoftBody-float64 BULLET_LIB_ABS=/usr/lib/x86_64-linux-gnu/libBulletSoftBody-float64.so
-- BULLET_LIBRARIES_ABS=/usr/lib/x86_64-linux-gnu/libLinearMath-float64.so;/usr/lib/x86_64-linux-gnu/libBullet3Common-float64.so;/usr/lib/x86_64-linux-gnu/libBulletInverseDynamics-float64.so;/usr/lib/x86_64-linux-gnu/libBulletCollision-float64.so;/usr/lib/x86_64-linux-gnu/libBulletDynamics-float64.so;/usr/lib/x86_64-linux-gnu/libBulletSoftBody-float64.so
-- BULLET_LIB=LinearMath-float64 BULLET_LIB_ABS=/usr/lib/x86_64-linux-gnu/libLinearMath-float64.so
-- BULLET_LIB=Bullet3Common-float64 BULLET_LIB_ABS=/usr/lib/x86_64-linux-gnu/libBullet3Common-float64.so
-- BULLET_LIB=BulletInverseDynamics-float64 BULLET_LIB_ABS=/usr/lib/x86_64-linux-gnu/libBulletInverseDynamics-float64.so
-- BULLET_LIB=BulletCollision-float64 BULLET_LIB_ABS=/usr/lib/x86_64-linux-gnu/libBulletCollision-float64.so
-- BULLET_LIB=BulletDynamics-float64 BULLET_LIB_ABS=/usr/lib/x86_64-linux-gnu/libBulletDynamics-float64.so
-- BULLET_LIB=BulletSoftBody-float64 BULLET_LIB_ABS=/usr/lib/x86_64-linux-gnu/libBulletSoftBody-float64.so
-- BULLET_LIBRARIES_ABS=/usr/lib/x86_64-linux-gnu/libLinearMath-float64.so;/usr/lib/x86_64-linux-gnu/libBullet3Common-float64.so;/usr/lib/x86_64-linux-gnu/libBulletInverseDynamics-float64.so;/usr/lib/x86_64-linux-gnu/libBulletCollision-float64.so;/usr/lib/x86_64-linux-gnu/libBulletDynamics-float64.so;/usr/lib/x86_64-linux-gnu/libBulletSoftBody-float64.so
-- BULLET_LIB=LinearMath-float64 BULLET_LIB_ABS=/usr/lib/x86_64-linux-gnu/libLinearMath-float64.so
-- BULLET_LIB=Bullet3Common-float64 BULLET_LIB_ABS=/usr/lib/x86_64-linux-gnu/libBullet3Common-float64.so
-- BULLET_LIB=BulletInverseDynamics-float64 BULLET_LIB_ABS=/usr/lib/x86_64-linux-gnu/libBulletInverseDynamics-float64.so
-- BULLET_LIB=BulletCollision-float64 BULLET_LIB_ABS=/usr/lib/x86_64-linux-gnu/libBulletCollision-float64.so
-- BULLET_LIB=BulletDynamics-float64 BULLET_LIB_ABS=/usr/lib/x86_64-linux-gnu/libBulletDynamics-float64.so
-- BULLET_LIB=BulletSoftBody-float64 BULLET_LIB_ABS=/usr/lib/x86_64-linux-gnu/libBulletSoftBody-float64.so
-- BULLET_LIBRARIES_ABS=/usr/lib/x86_64-linux-gnu/libLinearMath-float64.so;/usr/lib/x86_64-linux-gnu/libBullet3Common-float64.so;/usr/lib/x86_64-linux-gnu/libBulletInverseDynamics-float64.so;/usr/lib/x86_64-linux-gnu/libBulletCollision-float64.so;/usr/lib/x86_64-linux-gnu/libBulletDynamics-float64.so;/usr/lib/x86_64-linux-gnu/libBulletSoftBody-float64.so
-- BULLET_LIB=LinearMath-float64 BULLET_LIB_ABS=/usr/lib/x86_64-linux-gnu/libLinearMath-float64.so
-- BULLET_LIB=Bullet3Common-float64 BULLET_LIB_ABS=/usr/lib/x86_64-linux-gnu/libBullet3Common-float64.so
-- BULLET_LIB=BulletInverseDynamics-float64 BULLET_LIB_ABS=/usr/lib/x86_64-linux-gnu/libBulletInverseDynamics-float64.so
-- BULLET_LIB=BulletCollision-float64 BULLET_LIB_ABS=/usr/lib/x86_64-linux-gnu/libBulletCollision-float64.so
-- BULLET_LIB=BulletDynamics-float64 BULLET_LIB_ABS=/usr/lib/x86_64-linux-gnu/libBulletDynamics-float64.so
-- BULLET_LIB=BulletSoftBody-float64 BULLET_LIB_ABS=/usr/lib/x86_64-linux-gnu/libBulletSoftBody-float64.so
-- BULLET_LIBRARIES_ABS=/usr/lib/x86_64-linux-gnu/libLinearMath-float64.so;/usr/lib/x86_64-linux-gnu/libBullet3Common-float64.so;/usr/lib/x86_64-linux-gnu/libBulletInverseDynamics-float64.so;/usr/lib/x86_64-linux-gnu/libBulletCollision-float64.so;/usr/lib/x86_64-linux-gnu/libBulletDynamics-float64.so;/usr/lib/x86_64-linux-gnu/libBulletSoftBody-float64.so
-- Taskflow found. Headers: /home/ubuntu/tesseract_ws/install/Taskflow/include/
-- Found TinyXML2: /usr/lib/x86_64-linux-gnu/libtinyxml2.so  
-- Found Boost: /usr/lib/x86_64-linux-gnu/cmake/Boost-1.74.0/BoostConfig.cmake (found version "1.74.0") found components: system filesystem serialization 
-- Found Boost: /usr/lib/x86_64-linux-gnu/cmake/Boost-1.74.0/BoostConfig.cmake (found version "1.74.0") found components: serialization 
-- Found Boost: /usr/lib/x86_64-linux-gnu/cmake/Boost-1.74.0/BoostConfig.cmake (found version "1.74.0") found components: system filesystem serialization 
-- Found Boost: /usr/lib/x86_64-linux-gnu/cmake/Boost-1.74.0/BoostConfig.cmake (found version "1.74.0") found components: serialization 
-- Found Boost: /usr/lib/x86_64-linux-gnu/cmake/Boost-1.74.0/BoostConfig.cmake (found version "1.74.0") found components: system filesystem serialization 
-- Found Boost: /usr/lib/x86_64-linux-gnu/cmake/Boost-1.74.0/BoostConfig.cmake (found version "1.74.0") found components: serialization 
-- Found Boost: /usr/lib/x86_64-linux-gnu/cmake/Boost-1.74.0/BoostConfig.cmake (found version "1.74.0") found components: system serialization 
-- Found Boost: /usr/lib/x86_64-linux-gnu/cmake/Boost-1.74.0/BoostConfig.cmake (found version "1.74.0") found components: system filesystem serialization 
-- Found assimp: /usr/include  
-- BULLET_LIB=LinearMath-float64 BULLET_LIB_ABS=/usr/lib/x86_64-linux-gnu/libLinearMath-float64.so
-- BULLET_LIB=Bullet3Common-float64 BULLET_LIB_ABS=/usr/lib/x86_64-linux-gnu/libBullet3Common-float64.so
-- BULLET_LIB=BulletInverseDynamics-float64 BULLET_LIB_ABS=/usr/lib/x86_64-linux-gnu/libBulletInverseDynamics-float64.so
-- BULLET_LIB=BulletCollision-float64 BULLET_LIB_ABS=/usr/lib/x86_64-linux-gnu/libBulletCollision-float64.so
-- BULLET_LIB=BulletDynamics-float64 BULLET_LIB_ABS=/usr/lib/x86_64-linux-gnu/libBulletDynamics-float64.so
-- BULLET_LIB=BulletSoftBody-float64 BULLET_LIB_ABS=/usr/lib/x86_64-linux-gnu/libBulletSoftBody-float64.so
-- BULLET_LIBRARIES_ABS=/usr/lib/x86_64-linux-gnu/libLinearMath-float64.so;/usr/lib/x86_64-linux-gnu/libBullet3Common-float64.so;/usr/lib/x86_64-linux-gnu/libBulletInverseDynamics-float64.so;/usr/lib/x86_64-linux-gnu/libBulletCollision-float64.so;/usr/lib/x86_64-linux-gnu/libBulletDynamics-float64.so;/usr/lib/x86_64-linux-gnu/libBulletSoftBody-float64.so
-- Found OpenMP_C: -fopenmp (found version "4.5") 
-- Found OpenMP_CXX: -fopenmp (found version "4.5") 
-- Found OpenMP: TRUE (found version "4.5")  
-- Found Boost: /usr/lib/x86_64-linux-gnu/cmake/Boost-1.74.0/BoostConfig.cmake (found version "1.74.0") found components: graph 
-- Found Boost: /usr/lib/x86_64-linux-gnu/cmake/Boost-1.74.0/BoostConfig.cmake (found version "1.74.0") found components: system filesystem serialization 
-- Found Boost: /usr/lib/x86_64-linux-gnu/cmake/Boost-1.74.0/BoostConfig.cmake (found version "1.74.0") found components: graph 
-- Found Boost: /usr/lib/x86_64-linux-gnu/cmake/Boost-1.74.0/BoostConfig.cmake (found version "1.74.0") found components: system filesystem serialization 
-- Found Boost: /usr/lib/x86_64-linux-gnu/cmake/Boost-1.74.0/BoostConfig.cmake (found version "1.74.0")  
-- Found Boost: /usr/lib/x86_64-linux-gnu/cmake/Boost-1.74.0/BoostConfig.cmake (found version "1.74.0") found components: system filesystem serialization 
-- Found Boost: /usr/lib/x86_64-linux-gnu/cmake/Boost-1.74.0/BoostConfig.cmake (found version "1.74.0") found components: graph 
-- Found Boost: /usr/lib/x86_64-linux-gnu/cmake/Boost-1.74.0/BoostConfig.cmake (found version "1.74.0") found components: system filesystem serialization 
-- Found Boost: /usr/lib/x86_64-linux-gnu/cmake/Boost-1.74.0/BoostConfig.cmake (found version "1.74.0") found components: graph 
-- Found Boost: /usr/lib/x86_64-linux-gnu/cmake/Boost-1.74.0/BoostConfig.cmake (found version "1.74.0") found components: system filesystem serialization 
-- Found Boost: /usr/lib/x86_64-linux-gnu/cmake/Boost-1.74.0/BoostConfig.cmake (found version "1.74.0") found components: graph 
-- Found Boost: /usr/lib/x86_64-linux-gnu/cmake/Boost-1.74.0/BoostConfig.cmake (found version "1.74.0") found components: system filesystem serialization 
-- Found Boost: /usr/lib/x86_64-linux-gnu/cmake/Boost-1.74.0/BoostConfig.cmake (found version "1.74.0")  
-- Found Boost: /usr/lib/x86_64-linux-gnu/cmake/Boost-1.74.0/BoostConfig.cmake (found version "1.74.0") found components: system filesystem serialization 
-- Found Boost: /usr/lib/x86_64-linux-gnu/cmake/Boost-1.74.0/BoostConfig.cmake (found version "1.74.0") found components: graph 
-- Found Boost: /usr/lib/x86_64-linux-gnu/cmake/Boost-1.74.0/BoostConfig.cmake (found version "1.74.0") found components: system filesystem serialization 
-- Found Boost: /usr/lib/x86_64-linux-gnu/cmake/Boost-1.74.0/BoostConfig.cmake (found version "1.74.0") found components: system serialization 
-- Found Boost: /usr/lib/x86_64-linux-gnu/cmake/Boost-1.74.0/BoostConfig.cmake (found version "1.74.0") found components: system filesystem serialization 
-- BULLET_LIB=LinearMath-float64 BULLET_LIB_ABS=/usr/lib/x86_64-linux-gnu/libLinearMath-float64.so
-- BULLET_LIB=Bullet3Common-float64 BULLET_LIB_ABS=/usr/lib/x86_64-linux-gnu/libBullet3Common-float64.so
-- BULLET_LIB=BulletInverseDynamics-float64 BULLET_LIB_ABS=/usr/lib/x86_64-linux-gnu/libBulletInverseDynamics-float64.so
-- BULLET_LIB=BulletCollision-float64 BULLET_LIB_ABS=/usr/lib/x86_64-linux-gnu/libBulletCollision-float64.so
-- BULLET_LIB=BulletDynamics-float64 BULLET_LIB_ABS=/usr/lib/x86_64-linux-gnu/libBulletDynamics-float64.so
-- BULLET_LIB=BulletSoftBody-float64 BULLET_LIB_ABS=/usr/lib/x86_64-linux-gnu/libBulletSoftBody-float64.so
-- BULLET_LIBRARIES_ABS=/usr/lib/x86_64-linux-gnu/libLinearMath-float64.so;/usr/lib/x86_64-linux-gnu/libBullet3Common-float64.so;/usr/lib/x86_64-linux-gnu/libBulletInverseDynamics-float64.so;/usr/lib/x86_64-linux-gnu/libBulletCollision-float64.so;/usr/lib/x86_64-linux-gnu/libBulletDynamics-float64.so;/usr/lib/x86_64-linux-gnu/libBulletSoftBody-float64.so
-- Found OpenMP_C: -fopenmp (found version "4.5") 
-- Found OpenMP_CXX: -fopenmp (found version "4.5") 
-- Found Boost: /usr/lib/x86_64-linux-gnu/cmake/Boost-1.74.0/BoostConfig.cmake (found version "1.74.0") found components: serialization 
-- Found Boost: /usr/lib/x86_64-linux-gnu/cmake/Boost-1.74.0/BoostConfig.cmake (found version "1.74.0")  
-- Found ompl: /opt/ros/humble/include/ompl-1.6;/usr/include;/usr/include/eigen3  
-- Found Boost: /usr/lib/x86_64-linux-gnu/cmake/Boost-1.74.0/BoostConfig.cmake (found version "1.74.0") found components: system serialization 
-- Found Boost: /usr/lib/x86_64-linux-gnu/cmake/Boost-1.74.0/BoostConfig.cmake (found version "1.74.0") found components: system filesystem serialization 
-- BULLET_LIB=LinearMath-float64 BULLET_LIB_ABS=/usr/lib/x86_64-linux-gnu/libLinearMath-float64.so
-- BULLET_LIB=Bullet3Common-float64 BULLET_LIB_ABS=/usr/lib/x86_64-linux-gnu/libBullet3Common-float64.so
-- BULLET_LIB=BulletInverseDynamics-float64 BULLET_LIB_ABS=/usr/lib/x86_64-linux-gnu/libBulletInverseDynamics-float64.so
-- BULLET_LIB=BulletCollision-float64 BULLET_LIB_ABS=/usr/lib/x86_64-linux-gnu/libBulletCollision-float64.so
-- BULLET_LIB=BulletDynamics-float64 BULLET_LIB_ABS=/usr/lib/x86_64-linux-gnu/libBulletDynamics-float64.so
-- BULLET_LIB=BulletSoftBody-float64 BULLET_LIB_ABS=/usr/lib/x86_64-linux-gnu/libBulletSoftBody-float64.so
-- BULLET_LIBRARIES_ABS=/usr/lib/x86_64-linux-gnu/libLinearMath-float64.so;/usr/lib/x86_64-linux-gnu/libBullet3Common-float64.so;/usr/lib/x86_64-linux-gnu/libBulletInverseDynamics-float64.so;/usr/lib/x86_64-linux-gnu/libBulletCollision-float64.so;/usr/lib/x86_64-linux-gnu/libBulletDynamics-float64.so;/usr/lib/x86_64-linux-gnu/libBulletSoftBody-float64.so
-- Found OpenMP_C: -fopenmp (found version "4.5") 
-- Found OpenMP_CXX: -fopenmp (found version "4.5") 
-- Found Boost: /usr/lib/x86_64-linux-gnu/cmake/Boost-1.74.0/BoostConfig.cmake (found version "1.74.0")  
-- Found Boost: /usr/lib/x86_64-linux-gnu/cmake/Boost-1.74.0/BoostConfig.cmake (found version "1.74.0") found components: program_options 
-- Found Boost: /usr/lib/x86_64-linux-gnu/cmake/Boost-1.74.0/BoostConfig.cmake (found version "1.74.0") found components: system filesystem serialization 
-- Found Boost: /usr/lib/x86_64-linux-gnu/cmake/Boost-1.74.0/BoostConfig.cmake (found version "1.74.0")  
-- Found OpenMP_C: -fopenmp (found version "4.5") 
-- Found OpenMP_CXX: -fopenmp (found version "4.5") 
-- Found Boost: /usr/lib/x86_64-linux-gnu/cmake/Boost-1.74.0/BoostConfig.cmake (found version "1.74.0") found components: program_options 
-- Found Boost: /usr/lib/x86_64-linux-gnu/cmake/Boost-1.74.0/BoostConfig.cmake (found version "1.74.0") found components: system filesystem serialization 
-- Found Boost: /usr/lib/x86_64-linux-gnu/cmake/Boost-1.74.0/BoostConfig.cmake (found version "1.74.0") found components: system serialization 
-- Found Boost: /usr/lib/x86_64-linux-gnu/cmake/Boost-1.74.0/BoostConfig.cmake (found version "1.74.0") found components: system filesystem serialization 
-- BULLET_LIB=LinearMath-float64 BULLET_LIB_ABS=/usr/lib/x86_64-linux-gnu/libLinearMath-float64.so
-- BULLET_LIB=Bullet3Common-float64 BULLET_LIB_ABS=/usr/lib/x86_64-linux-gnu/libBullet3Common-float64.so
-- BULLET_LIB=BulletInverseDynamics-float64 BULLET_LIB_ABS=/usr/lib/x86_64-linux-gnu/libBulletInverseDynamics-float64.so
-- BULLET_LIB=BulletCollision-float64 BULLET_LIB_ABS=/usr/lib/x86_64-linux-gnu/libBulletCollision-float64.so
-- BULLET_LIB=BulletDynamics-float64 BULLET_LIB_ABS=/usr/lib/x86_64-linux-gnu/libBulletDynamics-float64.so
-- BULLET_LIB=BulletSoftBody-float64 BULLET_LIB_ABS=/usr/lib/x86_64-linux-gnu/libBulletSoftBody-float64.so
-- BULLET_LIBRARIES_ABS=/usr/lib/x86_64-linux-gnu/libLinearMath-float64.so;/usr/lib/x86_64-linux-gnu/libBullet3Common-float64.so;/usr/lib/x86_64-linux-gnu/libBulletInverseDynamics-float64.so;/usr/lib/x86_64-linux-gnu/libBulletCollision-float64.so;/usr/lib/x86_64-linux-gnu/libBulletDynamics-float64.so;/usr/lib/x86_64-linux-gnu/libBulletSoftBody-float64.so
-- Found OpenMP_C: -fopenmp (found version "4.5") 
-- Found OpenMP_CXX: -fopenmp (found version "4.5") 
-- Found Boost: /usr/lib/x86_64-linux-gnu/cmake/Boost-1.74.0/BoostConfig.cmake (found version "1.74.0") found components: graph 
-- Found Boost: /usr/lib/x86_64-linux-gnu/cmake/Boost-1.74.0/BoostConfig.cmake (found version "1.74.0") found components: system filesystem serialization 
-- Found Boost: /usr/lib/x86_64-linux-gnu/cmake/Boost-1.74.0/BoostConfig.cmake (found version "1.74.0") found components: graph 
-- Found Boost: /usr/lib/x86_64-linux-gnu/cmake/Boost-1.74.0/BoostConfig.cmake (found version "1.74.0") found components: system filesystem serialization 
-- Found Boost: /usr/lib/x86_64-linux-gnu/cmake/Boost-1.74.0/BoostConfig.cmake (found version "1.74.0")  
-- Found Boost: /usr/lib/x86_64-linux-gnu/cmake/Boost-1.74.0/BoostConfig.cmake (found version "1.74.0") found components: system filesystem serialization 
-- Found Boost: /usr/lib/x86_64-linux-gnu/cmake/Boost-1.74.0/BoostConfig.cmake (found version "1.74.0") found components: graph 
-- Found Boost: /usr/lib/x86_64-linux-gnu/cmake/Boost-1.74.0/BoostConfig.cmake (found version "1.74.0") found components: system filesystem serialization 
-- Found Boost: /usr/lib/x86_64-linux-gnu/cmake/Boost-1.74.0/BoostConfig.cmake (found version "1.74.0") found components: graph 
-- Found Boost: /usr/lib/x86_64-linux-gnu/cmake/Boost-1.74.0/BoostConfig.cmake (found version "1.74.0") found components: system filesystem serialization 
-- Found Boost: /usr/lib/x86_64-linux-gnu/cmake/Boost-1.74.0/BoostConfig.cmake (found version "1.74.0") found components: graph 
-- Found Boost: /usr/lib/x86_64-linux-gnu/cmake/Boost-1.74.0/BoostConfig.cmake (found version "1.74.0") found components: system filesystem serialization 
-- Found Boost: /usr/lib/x86_64-linux-gnu/cmake/Boost-1.74.0/BoostConfig.cmake (found version "1.74.0")  
-- Found Boost: /usr/lib/x86_64-linux-gnu/cmake/Boost-1.74.0/BoostConfig.cmake (found version "1.74.0") found components: system filesystem serialization 
-- Found Boost: /usr/lib/x86_64-linux-gnu/cmake/Boost-1.74.0/BoostConfig.cmake (found version "1.74.0") found components: graph 
-- Found Boost: /usr/lib/x86_64-linux-gnu/cmake/Boost-1.74.0/BoostConfig.cmake (found version "1.74.0") found components: system filesystem serialization 
-- Found Boost: /usr/lib/x86_64-linux-gnu/cmake/Boost-1.74.0/BoostConfig.cmake (found version "1.74.0") found components: system serialization 
-- Found Boost: /usr/lib/x86_64-linux-gnu/cmake/Boost-1.74.0/BoostConfig.cmake (found version "1.74.0") found components: system filesystem serialization 
-- BULLET_LIB=LinearMath-float64 BULLET_LIB_ABS=/usr/lib/x86_64-linux-gnu/libLinearMath-float64.so
-- BULLET_LIB=Bullet3Common-float64 BULLET_LIB_ABS=/usr/lib/x86_64-linux-gnu/libBullet3Common-float64.so
-- BULLET_LIB=BulletInverseDynamics-float64 BULLET_LIB_ABS=/usr/lib/x86_64-linux-gnu/libBulletInverseDynamics-float64.so
-- BULLET_LIB=BulletCollision-float64 BULLET_LIB_ABS=/usr/lib/x86_64-linux-gnu/libBulletCollision-float64.so
-- BULLET_LIB=BulletDynamics-float64 BULLET_LIB_ABS=/usr/lib/x86_64-linux-gnu/libBulletDynamics-float64.so
-- BULLET_LIB=BulletSoftBody-float64 BULLET_LIB_ABS=/usr/lib/x86_64-linux-gnu/libBulletSoftBody-float64.so
-- BULLET_LIBRARIES_ABS=/usr/lib/x86_64-linux-gnu/libLinearMath-float64.so;/usr/lib/x86_64-linux-gnu/libBullet3Common-float64.so;/usr/lib/x86_64-linux-gnu/libBulletInverseDynamics-float64.so;/usr/lib/x86_64-linux-gnu/libBulletCollision-float64.so;/usr/lib/x86_64-linux-gnu/libBulletDynamics-float64.so;/usr/lib/x86_64-linux-gnu/libBulletSoftBody-float64.so
-- Found OpenMP_C: -fopenmp (found version "4.5") 
-- Found OpenMP_CXX: -fopenmp (found version "4.5") 
-- Found Boost: /usr/lib/x86_64-linux-gnu/cmake/Boost-1.74.0/BoostConfig.cmake (found version "1.74.0") found components: system serialization 
-- Found Boost: /usr/lib/x86_64-linux-gnu/cmake/Boost-1.74.0/BoostConfig.cmake (found version "1.74.0") found components: system filesystem serialization 
-- BULLET_LIB=LinearMath-float64 BULLET_LIB_ABS=/usr/lib/x86_64-linux-gnu/libLinearMath-float64.so
-- BULLET_LIB=Bullet3Common-float64 BULLET_LIB_ABS=/usr/lib/x86_64-linux-gnu/libBullet3Common-float64.so
-- BULLET_LIB=BulletInverseDynamics-float64 BULLET_LIB_ABS=/usr/lib/x86_64-linux-gnu/libBulletInverseDynamics-float64.so
-- BULLET_LIB=BulletCollision-float64 BULLET_LIB_ABS=/usr/lib/x86_64-linux-gnu/libBulletCollision-float64.so
-- BULLET_LIB=BulletDynamics-float64 BULLET_LIB_ABS=/usr/lib/x86_64-linux-gnu/libBulletDynamics-float64.so
-- BULLET_LIB=BulletSoftBody-float64 BULLET_LIB_ABS=/usr/lib/x86_64-linux-gnu/libBulletSoftBody-float64.so
-- BULLET_LIBRARIES_ABS=/usr/lib/x86_64-linux-gnu/libLinearMath-float64.so;/usr/lib/x86_64-linux-gnu/libBullet3Common-float64.so;/usr/lib/x86_64-linux-gnu/libBulletInverseDynamics-float64.so;/usr/lib/x86_64-linux-gnu/libBulletCollision-float64.so;/usr/lib/x86_64-linux-gnu/libBulletDynamics-float64.so;/usr/lib/x86_64-linux-gnu/libBulletSoftBody-float64.so
-- Found OpenMP_C: -fopenmp (found version "4.5") 
-- Found OpenMP_CXX: -fopenmp (found version "4.5") 
-- Found Boost: /usr/lib/x86_64-linux-gnu/cmake/Boost-1.74.0/BoostConfig.cmake (found version "1.74.0") found components: system serialization 
-- Found Boost: /usr/lib/x86_64-linux-gnu/cmake/Boost-1.74.0/BoostConfig.cmake (found version "1.74.0") found components: system filesystem serialization 
-- BULLET_LIB=LinearMath-float64 BULLET_LIB_ABS=/usr/lib/x86_64-linux-gnu/libLinearMath-float64.so
-- BULLET_LIB=Bullet3Common-float64 BULLET_LIB_ABS=/usr/lib/x86_64-linux-gnu/libBullet3Common-float64.so
-- BULLET_LIB=BulletInverseDynamics-float64 BULLET_LIB_ABS=/usr/lib/x86_64-linux-gnu/libBulletInverseDynamics-float64.so
-- BULLET_LIB=BulletCollision-float64 BULLET_LIB_ABS=/usr/lib/x86_64-linux-gnu/libBulletCollision-float64.so
-- BULLET_LIB=BulletDynamics-float64 BULLET_LIB_ABS=/usr/lib/x86_64-linux-gnu/libBulletDynamics-float64.so
-- BULLET_LIB=BulletSoftBody-float64 BULLET_LIB_ABS=/usr/lib/x86_64-linux-gnu/libBulletSoftBody-float64.so
-- BULLET_LIBRARIES_ABS=/usr/lib/x86_64-linux-gnu/libLinearMath-float64.so;/usr/lib/x86_64-linux-gnu/libBullet3Common-float64.so;/usr/lib/x86_64-linux-gnu/libBulletInverseDynamics-float64.so;/usr/lib/x86_64-linux-gnu/libBulletCollision-float64.so;/usr/lib/x86_64-linux-gnu/libBulletDynamics-float64.so;/usr/lib/x86_64-linux-gnu/libBulletSoftBody-float64.so
-- Found OpenMP_C: -fopenmp (found version "4.5") 
-- Found OpenMP_CXX: -fopenmp (found version "4.5") 
-- Found Boost: /usr/lib/x86_64-linux-gnu/cmake/Boost-1.74.0/BoostConfig.cmake (found version "1.74.0") found components: graph 
-- Found Boost: /usr/lib/x86_64-linux-gnu/cmake/Boost-1.74.0/BoostConfig.cmake (found version "1.74.0") found components: system filesystem serialization 
-- Found Boost: /usr/lib/x86_64-linux-gnu/cmake/Boost-1.74.0/BoostConfig.cmake (found version "1.74.0") found components: graph 
-- Found Boost: /usr/lib/x86_64-linux-gnu/cmake/Boost-1.74.0/BoostConfig.cmake (found version "1.74.0") found components: system filesystem serialization 
-- Found Boost: /usr/lib/x86_64-linux-gnu/cmake/Boost-1.74.0/BoostConfig.cmake (found version "1.74.0")  
-- Found Boost: /usr/lib/x86_64-linux-gnu/cmake/Boost-1.74.0/BoostConfig.cmake (found version "1.74.0") found components: system filesystem serialization 
-- Found Boost: /usr/lib/x86_64-linux-gnu/cmake/Boost-1.74.0/BoostConfig.cmake (found version "1.74.0") found components: graph 
-- Found Boost: /usr/lib/x86_64-linux-gnu/cmake/Boost-1.74.0/BoostConfig.cmake (found version "1.74.0") found components: system filesystem serialization 
-- Found Boost: /usr/lib/x86_64-linux-gnu/cmake/Boost-1.74.0/BoostConfig.cmake (found version "1.74.0") found components: graph 
-- Found Boost: /usr/lib/x86_64-linux-gnu/cmake/Boost-1.74.0/BoostConfig.cmake (found version "1.74.0") found components: system filesystem serialization 
-- Found Boost: /usr/lib/x86_64-linux-gnu/cmake/Boost-1.74.0/BoostConfig.cmake (found version "1.74.0") found components: graph 
-- Found Boost: /usr/lib/x86_64-linux-gnu/cmake/Boost-1.74.0/BoostConfig.cmake (found version "1.74.0") found components: system filesystem serialization 
-- Found Boost: /usr/lib/x86_64-linux-gnu/cmake/Boost-1.74.0/BoostConfig.cmake (found version "1.74.0")  
-- Found Boost: /usr/lib/x86_64-linux-gnu/cmake/Boost-1.74.0/BoostConfig.cmake (found version "1.74.0") found components: system filesystem serialization 
-- Found Boost: /usr/lib/x86_64-linux-gnu/cmake/Boost-1.74.0/BoostConfig.cmake (found version "1.74.0") found components: graph 
-- Found Boost: /usr/lib/x86_64-linux-gnu/cmake/Boost-1.74.0/BoostConfig.cmake (found version "1.74.0") found components: system filesystem serialization 
-- Found Boost: /usr/lib/x86_64-linux-gnu/cmake/Boost-1.74.0/BoostConfig.cmake (found version "1.74.0") found components: system serialization 
-- Found Boost: /usr/lib/x86_64-linux-gnu/cmake/Boost-1.74.0/BoostConfig.cmake (found version "1.74.0") found components: system filesystem serialization 
-- BULLET_LIB=LinearMath-float64 BULLET_LIB_ABS=/usr/lib/x86_64-linux-gnu/libLinearMath-float64.so
-- BULLET_LIB=Bullet3Common-float64 BULLET_LIB_ABS=/usr/lib/x86_64-linux-gnu/libBullet3Common-float64.so
-- BULLET_LIB=BulletInverseDynamics-float64 BULLET_LIB_ABS=/usr/lib/x86_64-linux-gnu/libBulletInverseDynamics-float64.so
-- BULLET_LIB=BulletCollision-float64 BULLET_LIB_ABS=/usr/lib/x86_64-linux-gnu/libBulletCollision-float64.so
-- BULLET_LIB=BulletDynamics-float64 BULLET_LIB_ABS=/usr/lib/x86_64-linux-gnu/libBulletDynamics-float64.so
-- BULLET_LIB=BulletSoftBody-float64 BULLET_LIB_ABS=/usr/lib/x86_64-linux-gnu/libBulletSoftBody-float64.so
-- BULLET_LIBRARIES_ABS=/usr/lib/x86_64-linux-gnu/libLinearMath-float64.so;/usr/lib/x86_64-linux-gnu/libBullet3Common-float64.so;/usr/lib/x86_64-linux-gnu/libBulletInverseDynamics-float64.so;/usr/lib/x86_64-linux-gnu/libBulletCollision-float64.so;/usr/lib/x86_64-linux-gnu/libBulletDynamics-float64.so;/usr/lib/x86_64-linux-gnu/libBulletSoftBody-float64.so
-- Found OpenMP_C: -fopenmp (found version "4.5") 
-- Found OpenMP_CXX: -fopenmp (found version "4.5") 
-- Found Boost: /usr/lib/x86_64-linux-gnu/cmake/Boost-1.74.0/BoostConfig.cmake (found version "1.74.0") found components: graph 
-- Found Boost: /usr/lib/x86_64-linux-gnu/cmake/Boost-1.74.0/BoostConfig.cmake (found version "1.74.0") found components: system filesystem serialization 
-- Found Boost: /usr/lib/x86_64-linux-gnu/cmake/Boost-1.74.0/BoostConfig.cmake (found version "1.74.0") found components: graph 
-- Found Boost: /usr/lib/x86_64-linux-gnu/cmake/Boost-1.74.0/BoostConfig.cmake (found version "1.74.0") found components: system filesystem serialization 
-- Found Boost: /usr/lib/x86_64-linux-gnu/cmake/Boost-1.74.0/BoostConfig.cmake (found version "1.74.0") found components: program_options 
-- Found Boost: /usr/lib/x86_64-linux-gnu/cmake/Boost-1.74.0/BoostConfig.cmake (found version "1.74.0") found components: system filesystem serialization 
-- Found Boost: /usr/lib/x86_64-linux-gnu/cmake/Boost-1.74.0/BoostConfig.cmake (found version "1.74.0")  
-- Found OpenMP_C: -fopenmp (found version "4.5") 
-- Found OpenMP_CXX: -fopenmp (found version "4.5") 
-- Found Boost: /usr/lib/x86_64-linux-gnu/cmake/Boost-1.74.0/BoostConfig.cmake (found version "1.74.0") found components: program_options 
-- Found Boost: /usr/lib/x86_64-linux-gnu/cmake/Boost-1.74.0/BoostConfig.cmake (found version "1.74.0") found components: system filesystem serialization 
-- Found Boost: /usr/lib/x86_64-linux-gnu/cmake/Boost-1.74.0/BoostConfig.cmake (found version "1.74.0") found components: system serialization 
-- Found Boost: /usr/lib/x86_64-linux-gnu/cmake/Boost-1.74.0/BoostConfig.cmake (found version "1.74.0") found components: system filesystem serialization 
-- BULLET_LIB=LinearMath-float64 BULLET_LIB_ABS=/usr/lib/x86_64-linux-gnu/libLinearMath-float64.so
-- BULLET_LIB=Bullet3Common-float64 BULLET_LIB_ABS=/usr/lib/x86_64-linux-gnu/libBullet3Common-float64.so
-- BULLET_LIB=BulletInverseDynamics-float64 BULLET_LIB_ABS=/usr/lib/x86_64-linux-gnu/libBulletInverseDynamics-float64.so
-- BULLET_LIB=BulletCollision-float64 BULLET_LIB_ABS=/usr/lib/x86_64-linux-gnu/libBulletCollision-float64.so
-- BULLET_LIB=BulletDynamics-float64 BULLET_LIB_ABS=/usr/lib/x86_64-linux-gnu/libBulletDynamics-float64.so
-- BULLET_LIB=BulletSoftBody-float64 BULLET_LIB_ABS=/usr/lib/x86_64-linux-gnu/libBulletSoftBody-float64.so
-- BULLET_LIBRARIES_ABS=/usr/lib/x86_64-linux-gnu/libLinearMath-float64.so;/usr/lib/x86_64-linux-gnu/libBullet3Common-float64.so;/usr/lib/x86_64-linux-gnu/libBulletInverseDynamics-float64.so;/usr/lib/x86_64-linux-gnu/libBulletCollision-float64.so;/usr/lib/x86_64-linux-gnu/libBulletDynamics-float64.so;/usr/lib/x86_64-linux-gnu/libBulletSoftBody-float64.so
-- Found OpenMP_C: -fopenmp (found version "4.5") 
-- Found OpenMP_CXX: -fopenmp (found version "4.5") 
-- Found Boost: /usr/lib/x86_64-linux-gnu/cmake/Boost-1.74.0/BoostConfig.cmake (found version "1.74.0") found components: graph 
-- Found Boost: /usr/lib/x86_64-linux-gnu/cmake/Boost-1.74.0/BoostConfig.cmake (found version "1.74.0") found components: system filesystem serialization 
-- Found Boost: /usr/lib/x86_64-linux-gnu/cmake/Boost-1.74.0/BoostConfig.cmake (found version "1.74.0") found components: graph 
-- Found Boost: /usr/lib/x86_64-linux-gnu/cmake/Boost-1.74.0/BoostConfig.cmake (found version "1.74.0") found components: system filesystem serialization 
-- Found Boost: /usr/lib/x86_64-linux-gnu/cmake/Boost-1.74.0/BoostConfig.cmake (found version "1.74.0")  
-- Found Boost: /usr/lib/x86_64-linux-gnu/cmake/Boost-1.74.0/BoostConfig.cmake (found version "1.74.0") found components: system filesystem serialization 
-- Found Boost: /usr/lib/x86_64-linux-gnu/cmake/Boost-1.74.0/BoostConfig.cmake (found version "1.74.0") found components: graph 
-- Found Boost: /usr/lib/x86_64-linux-gnu/cmake/Boost-1.74.0/BoostConfig.cmake (found version "1.74.0") found components: system filesystem serialization 
-- Found Boost: /usr/lib/x86_64-linux-gnu/cmake/Boost-1.74.0/BoostConfig.cmake (found version "1.74.0") found components: graph 
-- Found Boost: /usr/lib/x86_64-linux-gnu/cmake/Boost-1.74.0/BoostConfig.cmake (found version "1.74.0") found components: system filesystem serialization 
-- Found Boost: /usr/lib/x86_64-linux-gnu/cmake/Boost-1.74.0/BoostConfig.cmake (found version "1.74.0") found components: graph 
-- Found Boost: /usr/lib/x86_64-linux-gnu/cmake/Boost-1.74.0/BoostConfig.cmake (found version "1.74.0") found components: system filesystem serialization 
-- Found Boost: /usr/lib/x86_64-linux-gnu/cmake/Boost-1.74.0/BoostConfig.cmake (found version "1.74.0")  
-- Found Boost: /usr/lib/x86_64-linux-gnu/cmake/Boost-1.74.0/BoostConfig.cmake (found version "1.74.0") found components: system filesystem serialization 
-- Found Boost: /usr/lib/x86_64-linux-gnu/cmake/Boost-1.74.0/BoostConfig.cmake (found version "1.74.0") found components: graph 
-- Found Boost: /usr/lib/x86_64-linux-gnu/cmake/Boost-1.74.0/BoostConfig.cmake (found version "1.74.0") found components: system filesystem serialization 
-- Found Boost: /usr/lib/x86_64-linux-gnu/cmake/Boost-1.74.0/BoostConfig.cmake (found version "1.74.0") found components: system serialization 
-- Found Boost: /usr/lib/x86_64-linux-gnu/cmake/Boost-1.74.0/BoostConfig.cmake (found version "1.74.0") found components: system filesystem serialization 
-- BULLET_LIB=LinearMath-float64 BULLET_LIB_ABS=/usr/lib/x86_64-linux-gnu/libLinearMath-float64.so
-- BULLET_LIB=Bullet3Common-float64 BULLET_LIB_ABS=/usr/lib/x86_64-linux-gnu/libBullet3Common-float64.so
-- BULLET_LIB=BulletInverseDynamics-float64 BULLET_LIB_ABS=/usr/lib/x86_64-linux-gnu/libBulletInverseDynamics-float64.so
-- BULLET_LIB=BulletCollision-float64 BULLET_LIB_ABS=/usr/lib/x86_64-linux-gnu/libBulletCollision-float64.so
-- BULLET_LIB=BulletDynamics-float64 BULLET_LIB_ABS=/usr/lib/x86_64-linux-gnu/libBulletDynamics-float64.so
-- BULLET_LIB=BulletSoftBody-float64 BULLET_LIB_ABS=/usr/lib/x86_64-linux-gnu/libBulletSoftBody-float64.so
-- BULLET_LIBRARIES_ABS=/usr/lib/x86_64-linux-gnu/libLinearMath-float64.so;/usr/lib/x86_64-linux-gnu/libBullet3Common-float64.so;/usr/lib/x86_64-linux-gnu/libBulletInverseDynamics-float64.so;/usr/lib/x86_64-linux-gnu/libBulletCollision-float64.so;/usr/lib/x86_64-linux-gnu/libBulletDynamics-float64.so;/usr/lib/x86_64-linux-gnu/libBulletSoftBody-float64.so
-- Found OpenMP_C: -fopenmp (found version "4.5") 
-- Found OpenMP_CXX: -fopenmp (found version "4.5") 
-- Found Boost: /usr/lib/x86_64-linux-gnu/cmake/Boost-1.74.0/BoostConfig.cmake (found version "1.74.0")  
-- Found Boost: /usr/lib/x86_64-linux-gnu/cmake/Boost-1.74.0/BoostConfig.cmake (found version "1.74.0") found components: program_options 
-- Found Boost: /usr/lib/x86_64-linux-gnu/cmake/Boost-1.74.0/BoostConfig.cmake (found version "1.74.0") found components: system filesystem serialization 
-- Found Boost: /usr/lib/x86_64-linux-gnu/cmake/Boost-1.74.0/BoostConfig.cmake (found version "1.74.0") found components: system serialization 
-- Found Boost: /usr/lib/x86_64-linux-gnu/cmake/Boost-1.74.0/BoostConfig.cmake (found version "1.74.0") found components: system filesystem serialization 
-- BULLET_LIB=LinearMath-float64 BULLET_LIB_ABS=/usr/lib/x86_64-linux-gnu/libLinearMath-float64.so
-- BULLET_LIB=Bullet3Common-float64 BULLET_LIB_ABS=/usr/lib/x86_64-linux-gnu/libBullet3Common-float64.so
-- BULLET_LIB=BulletInverseDynamics-float64 BULLET_LIB_ABS=/usr/lib/x86_64-linux-gnu/libBulletInverseDynamics-float64.so
-- BULLET_LIB=BulletCollision-float64 BULLET_LIB_ABS=/usr/lib/x86_64-linux-gnu/libBulletCollision-float64.so
-- BULLET_LIB=BulletDynamics-float64 BULLET_LIB_ABS=/usr/lib/x86_64-linux-gnu/libBulletDynamics-float64.so
-- BULLET_LIB=BulletSoftBody-float64 BULLET_LIB_ABS=/usr/lib/x86_64-linux-gnu/libBulletSoftBody-float64.so
-- BULLET_LIBRARIES_ABS=/usr/lib/x86_64-linux-gnu/libLinearMath-float64.so;/usr/lib/x86_64-linux-gnu/libBullet3Common-float64.so;/usr/lib/x86_64-linux-gnu/libBulletInverseDynamics-float64.so;/usr/lib/x86_64-linux-gnu/libBulletCollision-float64.so;/usr/lib/x86_64-linux-gnu/libBulletDynamics-float64.so;/usr/lib/x86_64-linux-gnu/libBulletSoftBody-float64.so
-- Found OpenMP_C: -fopenmp (found version "4.5") 
-- Found OpenMP_CXX: -fopenmp (found version "4.5") 
-- Found Boost: /usr/lib/x86_64-linux-gnu/cmake/Boost-1.74.0/BoostConfig.cmake (found version "1.74.0") found components: graph 
-- Found Boost: /usr/lib/x86_64-linux-gnu/cmake/Boost-1.74.0/BoostConfig.cmake (found version "1.74.0") found components: system filesystem serialization 
-- Found Boost: /usr/lib/x86_64-linux-gnu/cmake/Boost-1.74.0/BoostConfig.cmake (found version "1.74.0") found components: graph 
-- Found Boost: /usr/lib/x86_64-linux-gnu/cmake/Boost-1.74.0/BoostConfig.cmake (found version "1.74.0") found components: system filesystem serialization 
-- Found Boost: /usr/lib/x86_64-linux-gnu/cmake/Boost-1.74.0/BoostConfig.cmake (found version "1.74.0")  
-- Found Boost: /usr/lib/x86_64-linux-gnu/cmake/Boost-1.74.0/BoostConfig.cmake (found version "1.74.0") found components: system filesystem serialization 
-- Found Boost: /usr/lib/x86_64-linux-gnu/cmake/Boost-1.74.0/BoostConfig.cmake (found version "1.74.0") found components: graph 
-- Found Boost: /usr/lib/x86_64-linux-gnu/cmake/Boost-1.74.0/BoostConfig.cmake (found version "1.74.0") found components: system filesystem serialization 
-- Found Boost: /usr/lib/x86_64-linux-gnu/cmake/Boost-1.74.0/BoostConfig.cmake (found version "1.74.0") found components: graph 
-- Found Boost: /usr/lib/x86_64-linux-gnu/cmake/Boost-1.74.0/BoostConfig.cmake (found version "1.74.0") found components: system filesystem serialization 
-- Found Boost: /usr/lib/x86_64-linux-gnu/cmake/Boost-1.74.0/BoostConfig.cmake (found version "1.74.0") found components: graph 
-- Found Boost: /usr/lib/x86_64-linux-gnu/cmake/Boost-1.74.0/BoostConfig.cmake (found version "1.74.0") found components: system filesystem serialization 
-- Found Boost: /usr/lib/x86_64-linux-gnu/cmake/Boost-1.74.0/BoostConfig.cmake (found version "1.74.0")  
-- Found Boost: /usr/lib/x86_64-linux-gnu/cmake/Boost-1.74.0/BoostConfig.cmake (found version "1.74.0") found components: system filesystem serialization 
-- Found Boost: /usr/lib/x86_64-linux-gnu/cmake/Boost-1.74.0/BoostConfig.cmake (found version "1.74.0") found components: graph 
-- Found Boost: /usr/lib/x86_64-linux-gnu/cmake/Boost-1.74.0/BoostConfig.cmake (found version "1.74.0") found components: system filesystem serialization 
-- Found Boost: /usr/lib/x86_64-linux-gnu/cmake/Boost-1.74.0/BoostConfig.cmake (found version "1.74.0") found components: system serialization 
-- Found Boost: /usr/lib/x86_64-linux-gnu/cmake/Boost-1.74.0/BoostConfig.cmake (found version "1.74.0") found components: system filesystem serialization 
-- BULLET_LIB=LinearMath-float64 BULLET_LIB_ABS=/usr/lib/x86_64-linux-gnu/libLinearMath-float64.so
-- BULLET_LIB=Bullet3Common-float64 BULLET_LIB_ABS=/usr/lib/x86_64-linux-gnu/libBullet3Common-float64.so
-- BULLET_LIB=BulletInverseDynamics-float64 BULLET_LIB_ABS=/usr/lib/x86_64-linux-gnu/libBulletInverseDynamics-float64.so
-- BULLET_LIB=BulletCollision-float64 BULLET_LIB_ABS=/usr/lib/x86_64-linux-gnu/libBulletCollision-float64.so
-- BULLET_LIB=BulletDynamics-float64 BULLET_LIB_ABS=/usr/lib/x86_64-linux-gnu/libBulletDynamics-float64.so
-- BULLET_LIB=BulletSoftBody-float64 BULLET_LIB_ABS=/usr/lib/x86_64-linux-gnu/libBulletSoftBody-float64.so
-- BULLET_LIBRARIES_ABS=/usr/lib/x86_64-linux-gnu/libLinearMath-float64.so;/usr/lib/x86_64-linux-gnu/libBullet3Common-float64.so;/usr/lib/x86_64-linux-gnu/libBulletInverseDynamics-float64.so;/usr/lib/x86_64-linux-gnu/libBulletCollision-float64.so;/usr/lib/x86_64-linux-gnu/libBulletDynamics-float64.so;/usr/lib/x86_64-linux-gnu/libBulletSoftBody-float64.so
-- Found OpenMP_C: -fopenmp (found version "4.5") 
-- Found OpenMP_CXX: -fopenmp (found version "4.5") 
-- Found Boost: /usr/lib/x86_64-linux-gnu/cmake/Boost-1.74.0/BoostConfig.cmake (found version "1.74.0")  
-- Found Boost: /usr/lib/x86_64-linux-gnu/cmake/Boost-1.74.0/BoostConfig.cmake (found version "1.74.0") found components: program_options 
-- Found Boost: /usr/lib/x86_64-linux-gnu/cmake/Boost-1.74.0/BoostConfig.cmake (found version "1.74.0") found components: system filesystem serialization 
-- Found Boost: /usr/lib/x86_64-linux-gnu/cmake/Boost-1.74.0/BoostConfig.cmake (found version "1.74.0") found components: system serialization 
-- Found Boost: /usr/lib/x86_64-linux-gnu/cmake/Boost-1.74.0/BoostConfig.cmake (found version "1.74.0") found components: system filesystem serialization 
-- BULLET_LIB=LinearMath-float64 BULLET_LIB_ABS=/usr/lib/x86_64-linux-gnu/libLinearMath-float64.so
-- BULLET_LIB=Bullet3Common-float64 BULLET_LIB_ABS=/usr/lib/x86_64-linux-gnu/libBullet3Common-float64.so
-- BULLET_LIB=BulletInverseDynamics-float64 BULLET_LIB_ABS=/usr/lib/x86_64-linux-gnu/libBulletInverseDynamics-float64.so
-- BULLET_LIB=BulletCollision-float64 BULLET_LIB_ABS=/usr/lib/x86_64-linux-gnu/libBulletCollision-float64.so
-- BULLET_LIB=BulletDynamics-float64 BULLET_LIB_ABS=/usr/lib/x86_64-linux-gnu/libBulletDynamics-float64.so
-- BULLET_LIB=BulletSoftBody-float64 BULLET_LIB_ABS=/usr/lib/x86_64-linux-gnu/libBulletSoftBody-float64.so
-- BULLET_LIBRARIES_ABS=/usr/lib/x86_64-linux-gnu/libLinearMath-float64.so;/usr/lib/x86_64-linux-gnu/libBullet3Common-float64.so;/usr/lib/x86_64-linux-gnu/libBulletInverseDynamics-float64.so;/usr/lib/x86_64-linux-gnu/libBulletCollision-float64.so;/usr/lib/x86_64-linux-gnu/libBulletDynamics-float64.so;/usr/lib/x86_64-linux-gnu/libBulletSoftBody-float64.so
-- Found OpenMP_C: -fopenmp (found version "4.5") 
-- Found OpenMP_CXX: -fopenmp (found version "4.5") 
-- Found Boost: /usr/lib/x86_64-linux-gnu/cmake/Boost-1.74.0/BoostConfig.cmake (found version "1.74.0") found components: system serialization 
-- Found Boost: /usr/lib/x86_64-linux-gnu/cmake/Boost-1.74.0/BoostConfig.cmake (found version "1.74.0") found components: system filesystem serialization 
-- BULLET_LIB=LinearMath-float64 BULLET_LIB_ABS=/usr/lib/x86_64-linux-gnu/libLinearMath-float64.so
-- BULLET_LIB=Bullet3Common-float64 BULLET_LIB_ABS=/usr/lib/x86_64-linux-gnu/libBullet3Common-float64.so
-- BULLET_LIB=BulletInverseDynamics-float64 BULLET_LIB_ABS=/usr/lib/x86_64-linux-gnu/libBulletInverseDynamics-float64.so
-- BULLET_LIB=BulletCollision-float64 BULLET_LIB_ABS=/usr/lib/x86_64-linux-gnu/libBulletCollision-float64.so
-- BULLET_LIB=BulletDynamics-float64 BULLET_LIB_ABS=/usr/lib/x86_64-linux-gnu/libBulletDynamics-float64.so
-- BULLET_LIB=BulletSoftBody-float64 BULLET_LIB_ABS=/usr/lib/x86_64-linux-gnu/libBulletSoftBody-float64.so
-- BULLET_LIBRARIES_ABS=/usr/lib/x86_64-linux-gnu/libLinearMath-float64.so;/usr/lib/x86_64-linux-gnu/libBullet3Common-float64.so;/usr/lib/x86_64-linux-gnu/libBulletInverseDynamics-float64.so;/usr/lib/x86_64-linux-gnu/libBulletCollision-float64.so;/usr/lib/x86_64-linux-gnu/libBulletDynamics-float64.so;/usr/lib/x86_64-linux-gnu/libBulletSoftBody-float64.so
-- Found OpenMP_C: -fopenmp (found version "4.5") 
-- Found OpenMP_CXX: -fopenmp (found version "4.5") 
-- Found Boost: /usr/lib/x86_64-linux-gnu/cmake/Boost-1.74.0/BoostConfig.cmake (found version "1.74.0") found components: graph 
-- Found Boost: /usr/lib/x86_64-linux-gnu/cmake/Boost-1.74.0/BoostConfig.cmake (found version "1.74.0") found components: system filesystem serialization 
-- Found Boost: /usr/lib/x86_64-linux-gnu/cmake/Boost-1.74.0/BoostConfig.cmake (found version "1.74.0") found components: graph 
-- Found Boost: /usr/lib/x86_64-linux-gnu/cmake/Boost-1.74.0/BoostConfig.cmake (found version "1.74.0") found components: system filesystem serialization 
-- Found Boost: /usr/lib/x86_64-linux-gnu/cmake/Boost-1.74.0/BoostConfig.cmake (found version "1.74.0")  
-- Found Boost: /usr/lib/x86_64-linux-gnu/cmake/Boost-1.74.0/BoostConfig.cmake (found version "1.74.0") found components: system filesystem serialization 
-- Found Boost: /usr/lib/x86_64-linux-gnu/cmake/Boost-1.74.0/BoostConfig.cmake (found version "1.74.0") found components: graph 
-- Found Boost: /usr/lib/x86_64-linux-gnu/cmake/Boost-1.74.0/BoostConfig.cmake (found version "1.74.0") found components: system filesystem serialization 
-- Found Boost: /usr/lib/x86_64-linux-gnu/cmake/Boost-1.74.0/BoostConfig.cmake (found version "1.74.0") found components: graph 
-- Found Boost: /usr/lib/x86_64-linux-gnu/cmake/Boost-1.74.0/BoostConfig.cmake (found version "1.74.0") found components: system filesystem serialization 
-- Found Boost: /usr/lib/x86_64-linux-gnu/cmake/Boost-1.74.0/BoostConfig.cmake (found version "1.74.0") found components: graph 
-- Found Boost: /usr/lib/x86_64-linux-gnu/cmake/Boost-1.74.0/BoostConfig.cmake (found version "1.74.0") found components: system filesystem serialization 
-- Found Boost: /usr/lib/x86_64-linux-gnu/cmake/Boost-1.74.0/BoostConfig.cmake (found version "1.74.0")  
-- Found Boost: /usr/lib/x86_64-linux-gnu/cmake/Boost-1.74.0/BoostConfig.cmake (found version "1.74.0") found components: system filesystem serialization 
-- Found Boost: /usr/lib/x86_64-linux-gnu/cmake/Boost-1.74.0/BoostConfig.cmake (found version "1.74.0") found components: graph 
-- Found Boost: /usr/lib/x86_64-linux-gnu/cmake/Boost-1.74.0/BoostConfig.cmake (found version "1.74.0") found components: system filesystem serialization 
-- Found Boost: /usr/lib/x86_64-linux-gnu/cmake/Boost-1.74.0/BoostConfig.cmake (found version "1.74.0") found components: system serialization 
-- Found Boost: /usr/lib/x86_64-linux-gnu/cmake/Boost-1.74.0/BoostConfig.cmake (found version "1.74.0") found components: system filesystem serialization 
-- BULLET_LIB=LinearMath-float64 BULLET_LIB_ABS=/usr/lib/x86_64-linux-gnu/libLinearMath-float64.so
-- BULLET_LIB=Bullet3Common-float64 BULLET_LIB_ABS=/usr/lib/x86_64-linux-gnu/libBullet3Common-float64.so
-- BULLET_LIB=BulletInverseDynamics-float64 BULLET_LIB_ABS=/usr/lib/x86_64-linux-gnu/libBulletInverseDynamics-float64.so
-- BULLET_LIB=BulletCollision-float64 BULLET_LIB_ABS=/usr/lib/x86_64-linux-gnu/libBulletCollision-float64.so
-- BULLET_LIB=BulletDynamics-float64 BULLET_LIB_ABS=/usr/lib/x86_64-linux-gnu/libBulletDynamics-float64.so
-- BULLET_LIB=BulletSoftBody-float64 BULLET_LIB_ABS=/usr/lib/x86_64-linux-gnu/libBulletSoftBody-float64.so
-- BULLET_LIBRARIES_ABS=/usr/lib/x86_64-linux-gnu/libLinearMath-float64.so;/usr/lib/x86_64-linux-gnu/libBullet3Common-float64.so;/usr/lib/x86_64-linux-gnu/libBulletInverseDynamics-float64.so;/usr/lib/x86_64-linux-gnu/libBulletCollision-float64.so;/usr/lib/x86_64-linux-gnu/libBulletDynamics-float64.so;/usr/lib/x86_64-linux-gnu/libBulletSoftBody-float64.so
-- Found OpenMP_C: -fopenmp (found version "4.5") 
-- Found OpenMP_CXX: -fopenmp (found version "4.5") 
-- Found Boost: /usr/lib/x86_64-linux-gnu/cmake/Boost-1.74.0/BoostConfig.cmake (found version "1.74.0") found components: graph 
-- Found Boost: /usr/lib/x86_64-linux-gnu/cmake/Boost-1.74.0/BoostConfig.cmake (found version "1.74.0") found components: system filesystem serialization 
-- Found Boost: /usr/lib/x86_64-linux-gnu/cmake/Boost-1.74.0/BoostConfig.cmake (found version "1.74.0") found components: graph 
-- Found Boost: /usr/lib/x86_64-linux-gnu/cmake/Boost-1.74.0/BoostConfig.cmake (found version "1.74.0") found components: system filesystem serialization 
-- Found Boost: /usr/lib/x86_64-linux-gnu/cmake/Boost-1.74.0/BoostConfig.cmake (found version "1.74.0") found components: serialization 
-- Found Boost: /usr/lib/x86_64-linux-gnu/cmake/Boost-1.74.0/BoostConfig.cmake (found version "1.74.0")  
-- Found Boost: /usr/lib/x86_64-linux-gnu/cmake/Boost-1.74.0/BoostConfig.cmake (found version "1.74.0") found components: program_options 
-- Found Boost: /usr/lib/x86_64-linux-gnu/cmake/Boost-1.74.0/BoostConfig.cmake (found version "1.74.0") found components: system filesystem serialization 
-- Found Boost: /usr/lib/x86_64-linux-gnu/cmake/Boost-1.74.0/BoostConfig.cmake (found version "1.74.0")  
-- Found OpenMP_C: -fopenmp (found version "4.5") 
-- Found OpenMP_CXX: -fopenmp (found version "4.5") 
-- Found Boost: /usr/lib/x86_64-linux-gnu/cmake/Boost-1.74.0/BoostConfig.cmake (found version "1.74.0") found components: program_options 
-- Found Boost: /usr/lib/x86_64-linux-gnu/cmake/Boost-1.74.0/BoostConfig.cmake (found version "1.74.0") found components: system filesystem serialization 
-- Found Boost: /usr/lib/x86_64-linux-gnu/cmake/Boost-1.74.0/BoostConfig.cmake (found version "1.74.0") found components: system serialization 
-- Found Boost: /usr/lib/x86_64-linux-gnu/cmake/Boost-1.74.0/BoostConfig.cmake (found version "1.74.0") found components: system filesystem serialization 
-- BULLET_LIB=LinearMath-float64 BULLET_LIB_ABS=/usr/lib/x86_64-linux-gnu/libLinearMath-float64.so
-- BULLET_LIB=Bullet3Common-float64 BULLET_LIB_ABS=/usr/lib/x86_64-linux-gnu/libBullet3Common-float64.so
-- BULLET_LIB=BulletInverseDynamics-float64 BULLET_LIB_ABS=/usr/lib/x86_64-linux-gnu/libBulletInverseDynamics-float64.so
-- BULLET_LIB=BulletCollision-float64 BULLET_LIB_ABS=/usr/lib/x86_64-linux-gnu/libBulletCollision-float64.so
-- BULLET_LIB=BulletDynamics-float64 BULLET_LIB_ABS=/usr/lib/x86_64-linux-gnu/libBulletDynamics-float64.so
-- BULLET_LIB=BulletSoftBody-float64 BULLET_LIB_ABS=/usr/lib/x86_64-linux-gnu/libBulletSoftBody-float64.so
-- BULLET_LIBRARIES_ABS=/usr/lib/x86_64-linux-gnu/libLinearMath-float64.so;/usr/lib/x86_64-linux-gnu/libBullet3Common-float64.so;/usr/lib/x86_64-linux-gnu/libBulletInverseDynamics-float64.so;/usr/lib/x86_64-linux-gnu/libBulletCollision-float64.so;/usr/lib/x86_64-linux-gnu/libBulletDynamics-float64.so;/usr/lib/x86_64-linux-gnu/libBulletSoftBody-float64.so
-- Found OpenMP_C: -fopenmp (found version "4.5") 
-- Found OpenMP_CXX: -fopenmp (found version "4.5") 
-- Found Boost: /usr/lib/x86_64-linux-gnu/cmake/Boost-1.74.0/BoostConfig.cmake (found version "1.74.0") found components: graph 
-- Found Boost: /usr/lib/x86_64-linux-gnu/cmake/Boost-1.74.0/BoostConfig.cmake (found version "1.74.0") found components: system filesystem serialization 
-- Found Boost: /usr/lib/x86_64-linux-gnu/cmake/Boost-1.74.0/BoostConfig.cmake (found version "1.74.0") found components: graph 
-- Found Boost: /usr/lib/x86_64-linux-gnu/cmake/Boost-1.74.0/BoostConfig.cmake (found version "1.74.0") found components: system filesystem serialization 
-- Found Boost: /usr/lib/x86_64-linux-gnu/cmake/Boost-1.74.0/BoostConfig.cmake (found version "1.74.0")  
-- Found Boost: /usr/lib/x86_64-linux-gnu/cmake/Boost-1.74.0/BoostConfig.cmake (found version "1.74.0") found components: system filesystem serialization 
-- Found Boost: /usr/lib/x86_64-linux-gnu/cmake/Boost-1.74.0/BoostConfig.cmake (found version "1.74.0") found components: graph 
-- Found Boost: /usr/lib/x86_64-linux-gnu/cmake/Boost-1.74.0/BoostConfig.cmake (found version "1.74.0") found components: system filesystem serialization 
-- Found Boost: /usr/lib/x86_64-linux-gnu/cmake/Boost-1.74.0/BoostConfig.cmake (found version "1.74.0") found components: graph 
-- Found Boost: /usr/lib/x86_64-linux-gnu/cmake/Boost-1.74.0/BoostConfig.cmake (found version "1.74.0") found components: system filesystem serialization 
-- Found Boost: /usr/lib/x86_64-linux-gnu/cmake/Boost-1.74.0/BoostConfig.cmake (found version "1.74.0") found components: graph 
-- Found Boost: /usr/lib/x86_64-linux-gnu/cmake/Boost-1.74.0/BoostConfig.cmake (found version "1.74.0") found components: system filesystem serialization 
-- Found Boost: /usr/lib/x86_64-linux-gnu/cmake/Boost-1.74.0/BoostConfig.cmake (found version "1.74.0")  
-- Found Boost: /usr/lib/x86_64-linux-gnu/cmake/Boost-1.74.0/BoostConfig.cmake (found version "1.74.0") found components: system filesystem serialization 
-- Found Boost: /usr/lib/x86_64-linux-gnu/cmake/Boost-1.74.0/BoostConfig.cmake (found version "1.74.0") found components: graph 
-- Found Boost: /usr/lib/x86_64-linux-gnu/cmake/Boost-1.74.0/BoostConfig.cmake (found version "1.74.0") found components: system filesystem serialization 
-- Found Boost: /usr/lib/x86_64-linux-gnu/cmake/Boost-1.74.0/BoostConfig.cmake (found version "1.74.0") found components: system serialization 
-- Found Boost: /usr/lib/x86_64-linux-gnu/cmake/Boost-1.74.0/BoostConfig.cmake (found version "1.74.0") found components: system filesystem serialization 
-- BULLET_LIB=LinearMath-float64 BULLET_LIB_ABS=/usr/lib/x86_64-linux-gnu/libLinearMath-float64.so
-- BULLET_LIB=Bullet3Common-float64 BULLET_LIB_ABS=/usr/lib/x86_64-linux-gnu/libBullet3Common-float64.so
-- BULLET_LIB=BulletInverseDynamics-float64 BULLET_LIB_ABS=/usr/lib/x86_64-linux-gnu/libBulletInverseDynamics-float64.so
-- BULLET_LIB=BulletCollision-float64 BULLET_LIB_ABS=/usr/lib/x86_64-linux-gnu/libBulletCollision-float64.so
-- BULLET_LIB=BulletDynamics-float64 BULLET_LIB_ABS=/usr/lib/x86_64-linux-gnu/libBulletDynamics-float64.so
-- BULLET_LIB=BulletSoftBody-float64 BULLET_LIB_ABS=/usr/lib/x86_64-linux-gnu/libBulletSoftBody-float64.so
-- BULLET_LIBRARIES_ABS=/usr/lib/x86_64-linux-gnu/libLinearMath-float64.so;/usr/lib/x86_64-linux-gnu/libBullet3Common-float64.so;/usr/lib/x86_64-linux-gnu/libBulletInverseDynamics-float64.so;/usr/lib/x86_64-linux-gnu/libBulletCollision-float64.so;/usr/lib/x86_64-linux-gnu/libBulletDynamics-float64.so;/usr/lib/x86_64-linux-gnu/libBulletSoftBody-float64.so
-- Found OpenMP_C: -fopenmp (found version "4.5") 
-- Found OpenMP_CXX: -fopenmp (found version "4.5") 
-- Found Boost: /usr/lib/x86_64-linux-gnu/cmake/Boost-1.74.0/BoostConfig.cmake (found version "1.74.0") found components: system serialization 
-- Found Boost: /usr/lib/x86_64-linux-gnu/cmake/Boost-1.74.0/BoostConfig.cmake (found version "1.74.0") found components: system filesystem serialization 
-- BULLET_LIB=LinearMath-float64 BULLET_LIB_ABS=/usr/lib/x86_64-linux-gnu/libLinearMath-float64.so
-- BULLET_LIB=Bullet3Common-float64 BULLET_LIB_ABS=/usr/lib/x86_64-linux-gnu/libBullet3Common-float64.so
-- BULLET_LIB=BulletInverseDynamics-float64 BULLET_LIB_ABS=/usr/lib/x86_64-linux-gnu/libBulletInverseDynamics-float64.so
-- BULLET_LIB=BulletCollision-float64 BULLET_LIB_ABS=/usr/lib/x86_64-linux-gnu/libBulletCollision-float64.so
-- BULLET_LIB=BulletDynamics-float64 BULLET_LIB_ABS=/usr/lib/x86_64-linux-gnu/libBulletDynamics-float64.so
-- BULLET_LIB=BulletSoftBody-float64 BULLET_LIB_ABS=/usr/lib/x86_64-linux-gnu/libBulletSoftBody-float64.so
-- BULLET_LIBRARIES_ABS=/usr/lib/x86_64-linux-gnu/libLinearMath-float64.so;/usr/lib/x86_64-linux-gnu/libBullet3Common-float64.so;/usr/lib/x86_64-linux-gnu/libBulletInverseDynamics-float64.so;/usr/lib/x86_64-linux-gnu/libBulletCollision-float64.so;/usr/lib/x86_64-linux-gnu/libBulletDynamics-float64.so;/usr/lib/x86_64-linux-gnu/libBulletSoftBody-float64.so
-- Found OpenMP_C: -fopenmp (found version "4.5") 
-- Found OpenMP_CXX: -fopenmp (found version "4.5") 
-- Found Boost: /usr/lib/x86_64-linux-gnu/cmake/Boost-1.74.0/BoostConfig.cmake (found version "1.74.0") found components: system serialization 
-- Found Boost: /usr/lib/x86_64-linux-gnu/cmake/Boost-1.74.0/BoostConfig.cmake (found version "1.74.0") found components: system filesystem serialization 
-- BULLET_LIB=LinearMath-float64 BULLET_LIB_ABS=/usr/lib/x86_64-linux-gnu/libLinearMath-float64.so
-- BULLET_LIB=Bullet3Common-float64 BULLET_LIB_ABS=/usr/lib/x86_64-linux-gnu/libBullet3Common-float64.so
-- BULLET_LIB=BulletInverseDynamics-float64 BULLET_LIB_ABS=/usr/lib/x86_64-linux-gnu/libBulletInverseDynamics-float64.so
-- BULLET_LIB=BulletCollision-float64 BULLET_LIB_ABS=/usr/lib/x86_64-linux-gnu/libBulletCollision-float64.so
-- BULLET_LIB=BulletDynamics-float64 BULLET_LIB_ABS=/usr/lib/x86_64-linux-gnu/libBulletDynamics-float64.so
-- BULLET_LIB=BulletSoftBody-float64 BULLET_LIB_ABS=/usr/lib/x86_64-linux-gnu/libBulletSoftBody-float64.so
-- BULLET_LIBRARIES_ABS=/usr/lib/x86_64-linux-gnu/libLinearMath-float64.so;/usr/lib/x86_64-linux-gnu/libBullet3Common-float64.so;/usr/lib/x86_64-linux-gnu/libBulletInverseDynamics-float64.so;/usr/lib/x86_64-linux-gnu/libBulletCollision-float64.so;/usr/lib/x86_64-linux-gnu/libBulletDynamics-float64.so;/usr/lib/x86_64-linux-gnu/libBulletSoftBody-float64.so
-- Found OpenMP_C: -fopenmp (found version "4.5") 
-- Found OpenMP_CXX: -fopenmp (found version "4.5") 
-- Found Boost: /usr/lib/x86_64-linux-gnu/cmake/Boost-1.74.0/BoostConfig.cmake (found version "1.74.0") found components: graph 
-- Found Boost: /usr/lib/x86_64-linux-gnu/cmake/Boost-1.74.0/BoostConfig.cmake (found version "1.74.0") found components: system filesystem serialization 
-- Found Boost: /usr/lib/x86_64-linux-gnu/cmake/Boost-1.74.0/BoostConfig.cmake (found version "1.74.0") found components: graph 
-- Found Boost: /usr/lib/x86_64-linux-gnu/cmake/Boost-1.74.0/BoostConfig.cmake (found version "1.74.0") found components: system filesystem serialization 
-- Found Boost: /usr/lib/x86_64-linux-gnu/cmake/Boost-1.74.0/BoostConfig.cmake (found version "1.74.0")  
-- Found Boost: /usr/lib/x86_64-linux-gnu/cmake/Boost-1.74.0/BoostConfig.cmake (found version "1.74.0") found components: system filesystem serialization 
-- Found Boost: /usr/lib/x86_64-linux-gnu/cmake/Boost-1.74.0/BoostConfig.cmake (found version "1.74.0") found components: graph 
-- Found Boost: /usr/lib/x86_64-linux-gnu/cmake/Boost-1.74.0/BoostConfig.cmake (found version "1.74.0") found components: system filesystem serialization 
-- Found Boost: /usr/lib/x86_64-linux-gnu/cmake/Boost-1.74.0/BoostConfig.cmake (found version "1.74.0") found components: graph 
-- Found Boost: /usr/lib/x86_64-linux-gnu/cmake/Boost-1.74.0/BoostConfig.cmake (found version "1.74.0") found components: system filesystem serialization 
-- Found Boost: /usr/lib/x86_64-linux-gnu/cmake/Boost-1.74.0/BoostConfig.cmake (found version "1.74.0") found components: graph 
-- Found Boost: /usr/lib/x86_64-linux-gnu/cmake/Boost-1.74.0/BoostConfig.cmake (found version "1.74.0") found components: system filesystem serialization 
-- Found Boost: /usr/lib/x86_64-linux-gnu/cmake/Boost-1.74.0/BoostConfig.cmake (found version "1.74.0")  
-- Found Boost: /usr/lib/x86_64-linux-gnu/cmake/Boost-1.74.0/BoostConfig.cmake (found version "1.74.0") found components: system filesystem serialization 
-- Found Boost: /usr/lib/x86_64-linux-gnu/cmake/Boost-1.74.0/BoostConfig.cmake (found version "1.74.0") found components: graph 
-- Found Boost: /usr/lib/x86_64-linux-gnu/cmake/Boost-1.74.0/BoostConfig.cmake (found version "1.74.0") found components: system filesystem serialization 
-- Found Boost: /usr/lib/x86_64-linux-gnu/cmake/Boost-1.74.0/BoostConfig.cmake (found version "1.74.0") found components: system serialization 
-- Found Boost: /usr/lib/x86_64-linux-gnu/cmake/Boost-1.74.0/BoostConfig.cmake (found version "1.74.0") found components: system filesystem serialization 
-- BULLET_LIB=LinearMath-float64 BULLET_LIB_ABS=/usr/lib/x86_64-linux-gnu/libLinearMath-float64.so
-- BULLET_LIB=Bullet3Common-float64 BULLET_LIB_ABS=/usr/lib/x86_64-linux-gnu/libBullet3Common-float64.so
-- BULLET_LIB=BulletInverseDynamics-float64 BULLET_LIB_ABS=/usr/lib/x86_64-linux-gnu/libBulletInverseDynamics-float64.so
-- BULLET_LIB=BulletCollision-float64 BULLET_LIB_ABS=/usr/lib/x86_64-linux-gnu/libBulletCollision-float64.so
-- BULLET_LIB=BulletDynamics-float64 BULLET_LIB_ABS=/usr/lib/x86_64-linux-gnu/libBulletDynamics-float64.so
-- BULLET_LIB=BulletSoftBody-float64 BULLET_LIB_ABS=/usr/lib/x86_64-linux-gnu/libBulletSoftBody-float64.so
-- BULLET_LIBRARIES_ABS=/usr/lib/x86_64-linux-gnu/libLinearMath-float64.so;/usr/lib/x86_64-linux-gnu/libBullet3Common-float64.so;/usr/lib/x86_64-linux-gnu/libBulletInverseDynamics-float64.so;/usr/lib/x86_64-linux-gnu/libBulletCollision-float64.so;/usr/lib/x86_64-linux-gnu/libBulletDynamics-float64.so;/usr/lib/x86_64-linux-gnu/libBulletSoftBody-float64.so
-- Found OpenMP_C: -fopenmp (found version "4.5") 
-- Found OpenMP_CXX: -fopenmp (found version "4.5") 
-- Found Boost: /usr/lib/x86_64-linux-gnu/cmake/Boost-1.74.0/BoostConfig.cmake (found version "1.74.0") found components: graph 
-- Found Boost: /usr/lib/x86_64-linux-gnu/cmake/Boost-1.74.0/BoostConfig.cmake (found version "1.74.0") found components: system filesystem serialization 
-- Found Boost: /usr/lib/x86_64-linux-gnu/cmake/Boost-1.74.0/BoostConfig.cmake (found version "1.74.0") found components: graph 
-- Found Boost: /usr/lib/x86_64-linux-gnu/cmake/Boost-1.74.0/BoostConfig.cmake (found version "1.74.0") found components: system filesystem serialization 
-- Taskflow found. Headers: /home/ubuntu/tesseract_ws/install/Taskflow/include/
-- Found Boost: /usr/lib/x86_64-linux-gnu/cmake/Boost-1.74.0/BoostConfig.cmake (found version "1.74.0") found components: graph 
-- Found Boost: /usr/lib/x86_64-linux-gnu/cmake/Boost-1.74.0/BoostConfig.cmake (found version "1.74.0") found components: system filesystem serialization 
-- Found Boost: /usr/lib/x86_64-linux-gnu/cmake/Boost-1.74.0/BoostConfig.cmake (found version "1.74.0") found components: graph 
-- Found Boost: /usr/lib/x86_64-linux-gnu/cmake/Boost-1.74.0/BoostConfig.cmake (found version "1.74.0") found components: system filesystem serialization 
-- Looking for sgemm_
-- Looking for sgemm_ - not found
-- Looking for sgemm_
-- Looking for sgemm_ - found
-- Found BLAS: /usr/lib/x86_64-linux-gnu/libblas.so  
-- Looking for cheev_
-- Looking for cheev_ - not found
-- Looking for cheev_
-- Looking for cheev_ - not found
-- Looking for cheev_
-- Looking for cheev_ - found
-- Found LAPACK: /usr/lib/x86_64-linux-gnu/liblapack.so;/usr/lib/x86_64-linux-gnu/libblas.so  
-- Found ament_lint_auto: 0.12.6 (/opt/ros/humble/share/ament_lint_auto/cmake)
-- Configuring done
-- Generating done
-- Build files have been written to: /home/ubuntu/tesseract_ws/build/snp_motion_planning
[ 28%] [32mBuilding CXX object CMakeFiles/snp_motion_planning_node.dir/src/planning_server.cpp.o[0m
[ 28%] [32mBuilding CXX object CMakeFiles/snp_motion_planning_plugins.dir/src/plugins/kinematics/motoman_hc10_ikfast_plugin.cpp.o[0m
[ 42%] [32m[1mLinking CXX shared library libsnp_motion_planning_plugins.so[0m
[ 42%] Built target snp_motion_planning_plugins
[ 57%] [32mBuilding CXX object CMakeFiles/snp_motion_planning_tasks.dir/src/plugins/tasks/constant_tcp_speed_time_parameterization_task.cpp.o[0m
[ 71%] [32mBuilding CXX object CMakeFiles/snp_motion_planning_tasks.dir/src/plugins/tasks/kinematic_limits_check_task.cpp.o[0m
[ 85%] [32m[1mLinking CXX executable snp_motion_planning_node[0m
[ 85%] Built target snp_motion_planning_node
[100%] [32m[1mLinking CXX shared library libsnp_motion_planning_tasks.so[0m
[100%] Built target snp_motion_planning_tasks
-- Install configuration: ""
-- Execute custom install script
-- Symlinking: /home/ubuntu/tesseract_ws/install/snp_motion_planning/lib/snp_motion_planning/snp_motion_planning_node
-- Symlinking: /home/ubuntu/tesseract_ws/install/snp_motion_planning/share/snp_motion_planning/environment/library_path.sh
-- Symlinking: /home/ubuntu/tesseract_ws/install/snp_motion_planning/share/snp_motion_planning/environment/library_path.dsv
-- Symlinking: /home/ubuntu/tesseract_ws/install/snp_motion_planning/share/ament_index/resource_index/package_run_dependencies/snp_motion_planning
-- Symlinking: /home/ubuntu/tesseract_ws/install/snp_motion_planning/share/ament_index/resource_index/parent_prefix_path/snp_motion_planning
-- Symlinking: /home/ubuntu/tesseract_ws/install/snp_motion_planning/share/snp_motion_planning/environment/ament_prefix_path.sh
-- Symlinking: /home/ubuntu/tesseract_ws/install/snp_motion_planning/share/snp_motion_planning/environment/ament_prefix_path.dsv
-- Symlinking: /home/ubuntu/tesseract_ws/install/snp_motion_planning/share/snp_motion_planning/environment/path.sh
-- Symlinking: /home/ubuntu/tesseract_ws/install/snp_motion_planning/share/snp_motion_planning/environment/path.dsv
-- Symlinking: /home/ubuntu/tesseract_ws/install/snp_motion_planning/share/snp_motion_planning/local_setup.bash
-- Symlinking: /home/ubuntu/tesseract_ws/install/snp_motion_planning/share/snp_motion_planning/local_setup.sh
-- Symlinking: /home/ubuntu/tesseract_ws/install/snp_motion_planning/share/snp_motion_planning/local_setup.zsh
-- Symlinking: /home/ubuntu/tesseract_ws/install/snp_motion_planning/share/snp_motion_planning/local_setup.dsv
-- Symlinking: /home/ubuntu/tesseract_ws/install/snp_motion_planning/share/snp_motion_planning/package.dsv
-- Symlinking: /home/ubuntu/tesseract_ws/install/snp_motion_planning/share/ament_index/resource_index/packages/snp_motion_planning
-- Symlinking: /home/ubuntu/tesseract_ws/install/snp_motion_planning/share/snp_motion_planning/cmake/ament_cmake_export_dependencies-extras.cmake
-- Symlinking: /home/ubuntu/tesseract_ws/install/snp_motion_planning/share/snp_motion_planning/cmake/ament_cmake_export_targets-extras.cmake
-- Symlinking: /home/ubuntu/tesseract_ws/install/snp_motion_planning/share/snp_motion_planning/cmake/snp_motion_planningConfig.cmake
-- Symlinking: /home/ubuntu/tesseract_ws/install/snp_motion_planning/share/snp_motion_planning/cmake/snp_motion_planningConfig-version.cmake
-- Symlinking: /home/ubuntu/tesseract_ws/install/snp_motion_planning/share/snp_motion_planning/package.xml
-- Symlinking: /home/ubuntu/tesseract_ws/install/snp_motion_planning/share/snp_motion_planning//config/task_composer_plugins.yaml
-- Symlinking: /home/ubuntu/tesseract_ws/install/snp_motion_planning/share/snp_motion_planning//launch/planning_server.launch.xml
-- Installing: /home/ubuntu/tesseract_ws/install/snp_motion_planning/lib/libsnp_motion_planning_plugins.so
-- Set runtime path of "/home/ubuntu/tesseract_ws/install/snp_motion_planning/lib/libsnp_motion_planning_plugins.so" to ""
-- Installing: /home/ubuntu/tesseract_ws/install/snp_motion_planning/lib/libsnp_motion_planning_tasks.so
-- Set runtime path of "/home/ubuntu/tesseract_ws/install/snp_motion_planning/lib/libsnp_motion_planning_tasks.so" to ""
-- Installing: /home/ubuntu/tesseract_ws/install/snp_motion_planning/share/snp_motion_planning/cmake/snp_motion_planning-targetsExport.cmake
-- Installing: /home/ubuntu/tesseract_ws/install/snp_motion_planning/share/snp_motion_planning/cmake/snp_motion_planning-targetsExport-noconfig.cmake
