[  1%] [34m[1mAutomatic MOC for target rviz_polygon_selection_tool__rosidl_generator_c[0m
[  3%] Built target rviz_polygon_selection_tool__cpp
[  3%] Built target ament_cmake_python_symlink_rviz_polygon_selection_tool
[  3%] Built target rviz_polygon_selection_tool__rosidl_generator_c_autogen
[  5%] [34m[1mAutomatic MOC for target rviz_polygon_selection_tool__rosidl_typesupport_fastrtps_cpp[0m
[  7%] [34m[1mAutomatic MOC for target rviz_polygon_selection_tool__rosidl_typesupport_cpp[0m
[  8%] [34m[1mAutomatic MOC for target rviz_polygon_selection_tool__rosidl_typesupport_introspection_cpp[0m
[  8%] Built target rviz_polygon_selection_tool__rosidl_typesupport_cpp_autogen
[  8%] Built target rviz_polygon_selection_tool__rosidl_typesupport_fastrtps_cpp_autogen
[  8%] Built target rviz_polygon_selection_tool__rosidl_typesupport_introspection_cpp_autogen
[ 15%] Built target rviz_polygon_selection_tool__rosidl_generator_c
[ 22%] Built target rviz_polygon_selection_tool__rosidl_typesupport_fastrtps_cpp
[ 29%] Built target rviz_polygon_selection_tool__rosidl_typesupport_cpp
[ 31%] [34m[1mAutomatic MOC for target rviz_polygon_selection_tool__rosidl_typesupport_fastrtps_c[0m
[ 38%] Built target rviz_polygon_selection_tool__rosidl_typesupport_introspection_cpp
[ 40%] [34m[1mAutomatic MOC for target rviz_polygon_selection_tool__rosidl_typesupport_introspection_c[0m
[ 40%] Built target rviz_polygon_selection_tool__rosidl_typesupport_fastrtps_c_autogen
[ 42%] [34m[1mAutomatic MOC for target rviz_polygon_selection_tool__rosidl_typesupport_c[0m
[ 42%] Built target rviz_polygon_selection_tool__rosidl_typesupport_introspection_c_autogen
[ 43%] [34m[1mAutomatic MOC for target rviz_polygon_selection_tool_plugin[0m
[ 50%] Built target rviz_polygon_selection_tool__rosidl_typesupport_fastrtps_c
running egg_info
[ 50%] Built target rviz_polygon_selection_tool__rosidl_typesupport_c_autogen
writing rviz_polygon_selection_tool.egg-info/PKG-INFO
writing dependency_links to rviz_polygon_selection_tool.egg-info/dependency_links.txt
writing top-level names to rviz_polygon_selection_tool.egg-info/top_level.txt
reading manifest file 'rviz_polygon_selection_tool.egg-info/SOURCES.txt'
writing manifest file 'rviz_polygon_selection_tool.egg-info/SOURCES.txt'
[ 50%] Built target rviz_polygon_selection_tool_plugin_autogen
[ 57%] Built target rviz_polygon_selection_tool__rosidl_typesupport_c
[ 57%] Built target ament_cmake_python_build_rviz_polygon_selection_tool_egg
[ 64%] Built target rviz_polygon_selection_tool__rosidl_typesupport_introspection_c
[ 70%] Built target rviz_polygon_selection_tool_plugin
[ 70%] Built target rviz_polygon_selection_tool
[ 71%] Built target rviz_polygon_selection_tool__py
[ 73%] [34m[1mAutomatic MOC for target rviz_polygon_selection_tool__rosidl_generator_py[0m
[ 73%] Built target rviz_polygon_selection_tool__rosidl_generator_py_autogen
[ 78%] Built target rviz_polygon_selection_tool__rosidl_generator_py
[ 80%] [34m[1mAutomatic MOC for target rviz_polygon_selection_tool__rosidl_typesupport_fastrtps_c__pyext[0m
[ 82%] [34m[1mAutomatic MOC for target rviz_polygon_selection_tool__rosidl_typesupport_c__pyext[0m
[ 84%] [34m[1mAutomatic MOC for target rviz_polygon_selection_tool__rosidl_typesupport_introspection_c__pyext[0m
[ 84%] Built target rviz_polygon_selection_tool__rosidl_typesupport_fastrtps_c__pyext_autogen
[ 84%] Built target rviz_polygon_selection_tool__rosidl_typesupport_c__pyext_autogen
[ 84%] Built target rviz_polygon_selection_tool__rosidl_typesupport_introspection_c__pyext_autogen
[ 89%] Built target rviz_polygon_selection_tool__rosidl_typesupport_fastrtps_c__pyext
[ 94%] Built target rviz_polygon_selection_tool__rosidl_typesupport_c__pyext
[100%] Built target rviz_polygon_selection_tool__rosidl_typesupport_introspection_c__pyext
-- Install configuration: ""
-- Execute custom install script
-- Up-to-date symlink: /home/ubuntu/tesseract_ws/install/rviz_polygon_selection_tool/share/ament_index/resource_index/rosidl_interfaces/rviz_polygon_selection_tool
-- Up-to-date symlink: /home/ubuntu/tesseract_ws/install/rviz_polygon_selection_tool/include/rviz_polygon_selection_tool/rviz_polygon_selection_tool/msg/rosidl_generator_c__visibility_control.h
-- Up-to-date symlink: /home/ubuntu/tesseract_ws/install/rviz_polygon_selection_tool/include/rviz_polygon_selection_tool/rviz_polygon_selection_tool/srv/detail/get_selection__functions.h
-- Up-to-date symlink: /home/ubuntu/tesseract_ws/install/rviz_polygon_selection_tool/include/rviz_polygon_selection_tool/rviz_polygon_selection_tool/srv/detail/get_selection__struct.h
-- Up-to-date symlink: /home/ubuntu/tesseract_ws/install/rviz_polygon_selection_tool/include/rviz_polygon_selection_tool/rviz_polygon_selection_tool/srv/detail/get_selection__type_support.h
-- Up-to-date symlink: /home/ubuntu/tesseract_ws/install/rviz_polygon_selection_tool/include/rviz_polygon_selection_tool/rviz_polygon_selection_tool/srv/get_selection.h
-- Up-to-date symlink: /home/ubuntu/tesseract_ws/install/rviz_polygon_selection_tool/share/rviz_polygon_selection_tool/environment/library_path.sh
-- Up-to-date symlink: /home/ubuntu/tesseract_ws/install/rviz_polygon_selection_tool/share/rviz_polygon_selection_tool/environment/library_path.dsv
-- Up-to-date symlink: /home/ubuntu/tesseract_ws/install/rviz_polygon_selection_tool/include/rviz_polygon_selection_tool/rviz_polygon_selection_tool/msg/rosidl_typesupport_fastrtps_c__visibility_control.h
-- Up-to-date symlink: /home/ubuntu/tesseract_ws/install/rviz_polygon_selection_tool/include/rviz_polygon_selection_tool/rviz_polygon_selection_tool/srv/detail/get_selection__rosidl_typesupport_fastrtps_c.h
-- Up-to-date symlink: /home/ubuntu/tesseract_ws/install/rviz_polygon_selection_tool/include/rviz_polygon_selection_tool/rviz_polygon_selection_tool/srv/detail/get_selection__builder.hpp
-- Up-to-date symlink: /home/ubuntu/tesseract_ws/install/rviz_polygon_selection_tool/include/rviz_polygon_selection_tool/rviz_polygon_selection_tool/srv/detail/get_selection__struct.hpp
-- Up-to-date symlink: /home/ubuntu/tesseract_ws/install/rviz_polygon_selection_tool/include/rviz_polygon_selection_tool/rviz_polygon_selection_tool/srv/detail/get_selection__traits.hpp
-- Up-to-date symlink: /home/ubuntu/tesseract_ws/install/rviz_polygon_selection_tool/include/rviz_polygon_selection_tool/rviz_polygon_selection_tool/srv/get_selection.hpp
-- Up-to-date symlink: /home/ubuntu/tesseract_ws/install/rviz_polygon_selection_tool/include/rviz_polygon_selection_tool/rviz_polygon_selection_tool/msg/rosidl_typesupport_fastrtps_cpp__visibility_control.h
-- Up-to-date symlink: /home/ubuntu/tesseract_ws/install/rviz_polygon_selection_tool/include/rviz_polygon_selection_tool/rviz_polygon_selection_tool/srv/detail/get_selection__rosidl_typesupport_fastrtps_cpp.hpp
-- Up-to-date symlink: /home/ubuntu/tesseract_ws/install/rviz_polygon_selection_tool/include/rviz_polygon_selection_tool/rviz_polygon_selection_tool/msg/rosidl_typesupport_introspection_c__visibility_control.h
-- Up-to-date symlink: /home/ubuntu/tesseract_ws/install/rviz_polygon_selection_tool/include/rviz_polygon_selection_tool/rviz_polygon_selection_tool/srv/detail/get_selection__rosidl_typesupport_introspection_c.h
-- Up-to-date symlink: /home/ubuntu/tesseract_ws/install/rviz_polygon_selection_tool/include/rviz_polygon_selection_tool/rviz_polygon_selection_tool/srv/detail/get_selection__rosidl_typesupport_introspection_cpp.hpp
-- Up-to-date symlink: /home/ubuntu/tesseract_ws/install/rviz_polygon_selection_tool/share/rviz_polygon_selection_tool/environment/pythonpath.sh
-- Up-to-date symlink: /home/ubuntu/tesseract_ws/install/rviz_polygon_selection_tool/share/rviz_polygon_selection_tool/environment/pythonpath.dsv
-- Up-to-date symlink: /home/ubuntu/tesseract_ws/install/rviz_polygon_selection_tool/local/lib/python3.10/dist-packages/rviz_polygon_selection_tool-0.1.0-py3.10.egg-info/PKG-INFO
-- Up-to-date symlink: /home/ubuntu/tesseract_ws/install/rviz_polygon_selection_tool/local/lib/python3.10/dist-packages/rviz_polygon_selection_tool-0.1.0-py3.10.egg-info/SOURCES.txt
-- Up-to-date symlink: /home/ubuntu/tesseract_ws/install/rviz_polygon_selection_tool/local/lib/python3.10/dist-packages/rviz_polygon_selection_tool-0.1.0-py3.10.egg-info/dependency_links.txt
-- Up-to-date symlink: /home/ubuntu/tesseract_ws/install/rviz_polygon_selection_tool/local/lib/python3.10/dist-packages/rviz_polygon_selection_tool-0.1.0-py3.10.egg-info/top_level.txt
-- Up-to-date symlink: /home/ubuntu/tesseract_ws/install/rviz_polygon_selection_tool/local/lib/python3.10/dist-packages/rviz_polygon_selection_tool/__init__.py
-- Up-to-date symlink: /home/ubuntu/tesseract_ws/install/rviz_polygon_selection_tool/local/lib/python3.10/dist-packages/rviz_polygon_selection_tool/_rviz_polygon_selection_tool_s.ep.rosidl_typesupport_c.c
-- Up-to-date symlink: /home/ubuntu/tesseract_ws/install/rviz_polygon_selection_tool/local/lib/python3.10/dist-packages/rviz_polygon_selection_tool/_rviz_polygon_selection_tool_s.ep.rosidl_typesupport_fastrtps_c.c
-- Up-to-date symlink: /home/ubuntu/tesseract_ws/install/rviz_polygon_selection_tool/local/lib/python3.10/dist-packages/rviz_polygon_selection_tool/_rviz_polygon_selection_tool_s.ep.rosidl_typesupport_introspection_c.c
-- Up-to-date symlink: /home/ubuntu/tesseract_ws/install/rviz_polygon_selection_tool/local/lib/python3.10/dist-packages/rviz_polygon_selection_tool/librviz_polygon_selection_tool__rosidl_generator_py.so
-- Up-to-date symlink: /home/ubuntu/tesseract_ws/install/rviz_polygon_selection_tool/local/lib/python3.10/dist-packages/rviz_polygon_selection_tool/rviz_polygon_selection_tool_s__rosidl_typesupport_c.cpython-310-x86_64-linux-gnu.so
-- Up-to-date symlink: /home/ubuntu/tesseract_ws/install/rviz_polygon_selection_tool/local/lib/python3.10/dist-packages/rviz_polygon_selection_tool/rviz_polygon_selection_tool_s__rosidl_typesupport_fastrtps_c.cpython-310-x86_64-linux-gnu.so
-- Up-to-date symlink: /home/ubuntu/tesseract_ws/install/rviz_polygon_selection_tool/local/lib/python3.10/dist-packages/rviz_polygon_selection_tool/rviz_polygon_selection_tool_s__rosidl_typesupport_introspection_c.cpython-310-x86_64-linux-gnu.so
-- Up-to-date symlink: /home/ubuntu/tesseract_ws/install/rviz_polygon_selection_tool/local/lib/python3.10/dist-packages/rviz_polygon_selection_tool/srv/__init__.py
-- Up-to-date symlink: /home/ubuntu/tesseract_ws/install/rviz_polygon_selection_tool/local/lib/python3.10/dist-packages/rviz_polygon_selection_tool/srv/_get_selection.py
-- Up-to-date symlink: /home/ubuntu/tesseract_ws/install/rviz_polygon_selection_tool/local/lib/python3.10/dist-packages/rviz_polygon_selection_tool/srv/_get_selection_s.c
-- Up-to-date symlink: /home/ubuntu/tesseract_ws/install/rviz_polygon_selection_tool/local/lib/python3.10/dist-packages/rviz_polygon_selection_tool/rviz_polygon_selection_tool_s__rosidl_typesupport_fastrtps_c.cpython-310-x86_64-linux-gnu.so
-- Up-to-date symlink: /home/ubuntu/tesseract_ws/install/rviz_polygon_selection_tool/local/lib/python3.10/dist-packages/rviz_polygon_selection_tool/rviz_polygon_selection_tool_s__rosidl_typesupport_introspection_c.cpython-310-x86_64-linux-gnu.so
-- Up-to-date symlink: /home/ubuntu/tesseract_ws/install/rviz_polygon_selection_tool/local/lib/python3.10/dist-packages/rviz_polygon_selection_tool/rviz_polygon_selection_tool_s__rosidl_typesupport_c.cpython-310-x86_64-linux-gnu.so
-- Up-to-date symlink: /home/ubuntu/tesseract_ws/install/rviz_polygon_selection_tool/share/rviz_polygon_selection_tool/srv/GetSelection.idl
-- Up-to-date symlink: /home/ubuntu/tesseract_ws/install/rviz_polygon_selection_tool/share/rviz_polygon_selection_tool/srv/GetSelection.srv
-- Up-to-date symlink: /home/ubuntu/tesseract_ws/install/rviz_polygon_selection_tool/share/rviz_polygon_selection_tool/srv/GetSelection_Request.msg
-- Up-to-date symlink: /home/ubuntu/tesseract_ws/install/rviz_polygon_selection_tool/share/rviz_polygon_selection_tool/srv/GetSelection_Response.msg
-- Up-to-date symlink: /home/ubuntu/tesseract_ws/install/rviz_polygon_selection_tool/share/rviz_polygon_selection_tool//plugin_description.xml
-- Up-to-date symlink: /home/ubuntu/tesseract_ws/install/rviz_polygon_selection_tool/share/ament_index/resource_index/package_run_dependencies/rviz_polygon_selection_tool
-- Up-to-date symlink: /home/ubuntu/tesseract_ws/install/rviz_polygon_selection_tool/share/ament_index/resource_index/parent_prefix_path/rviz_polygon_selection_tool
-- Up-to-date symlink: /home/ubuntu/tesseract_ws/install/rviz_polygon_selection_tool/share/rviz_polygon_selection_tool/environment/ament_prefix_path.sh
-- Up-to-date symlink: /home/ubuntu/tesseract_ws/install/rviz_polygon_selection_tool/share/rviz_polygon_selection_tool/environment/ament_prefix_path.dsv
-- Up-to-date symlink: /home/ubuntu/tesseract_ws/install/rviz_polygon_selection_tool/share/rviz_polygon_selection_tool/environment/path.sh
-- Up-to-date symlink: /home/ubuntu/tesseract_ws/install/rviz_polygon_selection_tool/share/rviz_polygon_selection_tool/environment/path.dsv
-- Up-to-date symlink: /home/ubuntu/tesseract_ws/install/rviz_polygon_selection_tool/share/rviz_polygon_selection_tool/local_setup.bash
-- Up-to-date symlink: /home/ubuntu/tesseract_ws/install/rviz_polygon_selection_tool/share/rviz_polygon_selection_tool/local_setup.sh
-- Up-to-date symlink: /home/ubuntu/tesseract_ws/install/rviz_polygon_selection_tool/share/rviz_polygon_selection_tool/local_setup.zsh
-- Up-to-date symlink: /home/ubuntu/tesseract_ws/install/rviz_polygon_selection_tool/share/rviz_polygon_selection_tool/local_setup.dsv
-- Symlinking: /home/ubuntu/tesseract_ws/install/rviz_polygon_selection_tool/share/rviz_polygon_selection_tool/package.dsv
-- Up-to-date symlink: /home/ubuntu/tesseract_ws/install/rviz_polygon_selection_tool/share/ament_index/resource_index/packages/rviz_polygon_selection_tool
-- Up-to-date symlink: /home/ubuntu/tesseract_ws/install/rviz_polygon_selection_tool/share/ament_index/resource_index/rviz_common__pluginlib__plugin/rviz_polygon_selection_tool
-- Up-to-date symlink: /home/ubuntu/tesseract_ws/install/rviz_polygon_selection_tool/share/rviz_polygon_selection_tool/cmake/rosidl_cmake-extras.cmake
-- Up-to-date symlink: /home/ubuntu/tesseract_ws/install/rviz_polygon_selection_tool/share/rviz_polygon_selection_tool/cmake/ament_cmake_export_dependencies-extras.cmake
-- Up-to-date symlink: /home/ubuntu/tesseract_ws/install/rviz_polygon_selection_tool/share/rviz_polygon_selection_tool/cmake/ament_cmake_export_include_directories-extras.cmake
-- Up-to-date symlink: /home/ubuntu/tesseract_ws/install/rviz_polygon_selection_tool/share/rviz_polygon_selection_tool/cmake/ament_cmake_export_libraries-extras.cmake
-- Up-to-date symlink: /home/ubuntu/tesseract_ws/install/rviz_polygon_selection_tool/share/rviz_polygon_selection_tool/cmake/ament_cmake_export_targets-extras.cmake
-- Up-to-date symlink: /home/ubuntu/tesseract_ws/install/rviz_polygon_selection_tool/share/rviz_polygon_selection_tool/cmake/rosidl_cmake_export_typesupport_targets-extras.cmake
-- Up-to-date symlink: /home/ubuntu/tesseract_ws/install/rviz_polygon_selection_tool/share/rviz_polygon_selection_tool/cmake/rosidl_cmake_export_typesupport_libraries-extras.cmake
-- Up-to-date symlink: /home/ubuntu/tesseract_ws/install/rviz_polygon_selection_tool/share/rviz_polygon_selection_tool/cmake/rviz_polygon_selection_toolConfig.cmake
-- Up-to-date symlink: /home/ubuntu/tesseract_ws/install/rviz_polygon_selection_tool/share/rviz_polygon_selection_tool/cmake/rviz_polygon_selection_toolConfig-version.cmake
-- Up-to-date symlink: /home/ubuntu/tesseract_ws/install/rviz_polygon_selection_tool/share/rviz_polygon_selection_tool/package.xml
-- Up-to-date: /home/ubuntu/tesseract_ws/install/rviz_polygon_selection_tool/lib/librviz_polygon_selection_tool__rosidl_generator_c.so
-- Up-to-date: /home/ubuntu/tesseract_ws/install/rviz_polygon_selection_tool/lib/librviz_polygon_selection_tool__rosidl_typesupport_fastrtps_c.so
-- Up-to-date: /home/ubuntu/tesseract_ws/install/rviz_polygon_selection_tool/lib/librviz_polygon_selection_tool__rosidl_typesupport_fastrtps_cpp.so
-- Up-to-date: /home/ubuntu/tesseract_ws/install/rviz_polygon_selection_tool/lib/librviz_polygon_selection_tool__rosidl_typesupport_introspection_c.so
-- Up-to-date: /home/ubuntu/tesseract_ws/install/rviz_polygon_selection_tool/lib/librviz_polygon_selection_tool__rosidl_typesupport_c.so
-- Up-to-date: /home/ubuntu/tesseract_ws/install/rviz_polygon_selection_tool/lib/librviz_polygon_selection_tool__rosidl_typesupport_introspection_cpp.so
-- Up-to-date: /home/ubuntu/tesseract_ws/install/rviz_polygon_selection_tool/lib/librviz_polygon_selection_tool__rosidl_typesupport_cpp.so
Listing '/home/ubuntu/tesseract_ws/install/rviz_polygon_selection_tool/local/lib/python3.10/dist-packages/rviz_polygon_selection_tool'...
Listing '/home/ubuntu/tesseract_ws/install/rviz_polygon_selection_tool/local/lib/python3.10/dist-packages/rviz_polygon_selection_tool/srv'...
-- Up-to-date: /home/ubuntu/tesseract_ws/install/rviz_polygon_selection_tool/lib/librviz_polygon_selection_tool__rosidl_generator_py.so
-- Up-to-date: /home/ubuntu/tesseract_ws/install/rviz_polygon_selection_tool/lib/librviz_polygon_selection_tool_plugin.so
-- Up-to-date: /home/ubuntu/tesseract_ws/install/rviz_polygon_selection_tool/share/rviz_polygon_selection_tool/cmake/export_rviz_polygon_selection_tool__rosidl_generator_cExport.cmake
-- Up-to-date: /home/ubuntu/tesseract_ws/install/rviz_polygon_selection_tool/share/rviz_polygon_selection_tool/cmake/export_rviz_polygon_selection_tool__rosidl_generator_cExport-noconfig.cmake
-- Up-to-date: /home/ubuntu/tesseract_ws/install/rviz_polygon_selection_tool/share/rviz_polygon_selection_tool/cmake/export_rviz_polygon_selection_tool__rosidl_typesupport_fastrtps_cExport.cmake
-- Up-to-date: /home/ubuntu/tesseract_ws/install/rviz_polygon_selection_tool/share/rviz_polygon_selection_tool/cmake/export_rviz_polygon_selection_tool__rosidl_typesupport_fastrtps_cExport-noconfig.cmake
-- Up-to-date: /home/ubuntu/tesseract_ws/install/rviz_polygon_selection_tool/share/rviz_polygon_selection_tool/cmake/export_rviz_polygon_selection_tool__rosidl_generator_cppExport.cmake
-- Up-to-date: /home/ubuntu/tesseract_ws/install/rviz_polygon_selection_tool/share/rviz_polygon_selection_tool/cmake/export_rviz_polygon_selection_tool__rosidl_typesupport_fastrtps_cppExport.cmake
-- Up-to-date: /home/ubuntu/tesseract_ws/install/rviz_polygon_selection_tool/share/rviz_polygon_selection_tool/cmake/export_rviz_polygon_selection_tool__rosidl_typesupport_fastrtps_cppExport-noconfig.cmake
-- Up-to-date: /home/ubuntu/tesseract_ws/install/rviz_polygon_selection_tool/share/rviz_polygon_selection_tool/cmake/rviz_polygon_selection_tool__rosidl_typesupport_introspection_cExport.cmake
-- Up-to-date: /home/ubuntu/tesseract_ws/install/rviz_polygon_selection_tool/share/rviz_polygon_selection_tool/cmake/rviz_polygon_selection_tool__rosidl_typesupport_introspection_cExport-noconfig.cmake
-- Up-to-date: /home/ubuntu/tesseract_ws/install/rviz_polygon_selection_tool/share/rviz_polygon_selection_tool/cmake/rviz_polygon_selection_tool__rosidl_typesupport_cExport.cmake
-- Up-to-date: /home/ubuntu/tesseract_ws/install/rviz_polygon_selection_tool/share/rviz_polygon_selection_tool/cmake/rviz_polygon_selection_tool__rosidl_typesupport_cExport-noconfig.cmake
-- Up-to-date: /home/ubuntu/tesseract_ws/install/rviz_polygon_selection_tool/share/rviz_polygon_selection_tool/cmake/rviz_polygon_selection_tool__rosidl_typesupport_introspection_cppExport.cmake
-- Up-to-date: /home/ubuntu/tesseract_ws/install/rviz_polygon_selection_tool/share/rviz_polygon_selection_tool/cmake/rviz_polygon_selection_tool__rosidl_typesupport_introspection_cppExport-noconfig.cmake
-- Up-to-date: /home/ubuntu/tesseract_ws/install/rviz_polygon_selection_tool/share/rviz_polygon_selection_tool/cmake/rviz_polygon_selection_tool__rosidl_typesupport_cppExport.cmake
-- Up-to-date: /home/ubuntu/tesseract_ws/install/rviz_polygon_selection_tool/share/rviz_polygon_selection_tool/cmake/rviz_polygon_selection_tool__rosidl_typesupport_cppExport-noconfig.cmake
-- Up-to-date: /home/ubuntu/tesseract_ws/install/rviz_polygon_selection_tool/share/rviz_polygon_selection_tool/cmake/export_rviz_polygon_selection_tool__rosidl_generator_pyExport.cmake
-- Up-to-date: /home/ubuntu/tesseract_ws/install/rviz_polygon_selection_tool/share/rviz_polygon_selection_tool/cmake/export_rviz_polygon_selection_tool__rosidl_generator_pyExport-noconfig.cmake
-- Up-to-date: /home/ubuntu/tesseract_ws/install/rviz_polygon_selection_tool/share/rviz_polygon_selection_tool/cmake/rviz_polygon_selection_tool-targetsExport.cmake
-- Up-to-date: /home/ubuntu/tesseract_ws/install/rviz_polygon_selection_tool/share/rviz_polygon_selection_tool/cmake/rviz_polygon_selection_tool-targetsExport-noconfig.cmake
