[0.046s] Invoking command in '/home/ubuntu/tesseract_ws/build/rviz_polygon_selection_tool': CMAKE_PREFIX_PATH=${CMAKE_PREFIX_PATH}:/home/ubuntu/tesseract_ws/install/industrial_reconstruction:/opt/ros/humble /usr/bin/cmake --build /home/ubuntu/tesseract_ws/build/rviz_polygon_selection_tool -- -j4 -l4
[0.220s] [  1%] [34m[1mAutomatic MOC for target rviz_polygon_selection_tool__rosidl_generator_c[0m
[0.244s] [  3%] Built target rviz_polygon_selection_tool__cpp
[0.313s] [  3%] Built target ament_cmake_python_symlink_rviz_polygon_selection_tool
[0.314s] [  3%] Built target rviz_polygon_selection_tool__rosidl_generator_c_autogen
[0.338s] [  5%] [34m[1mAutomatic MOC for target rviz_polygon_selection_tool__rosidl_typesupport_fastrtps_cpp[0m
[0.338s] [  7%] [34m[1mAutomatic MOC for target rviz_polygon_selection_tool__rosidl_typesupport_cpp[0m
[0.416s] [  8%] [34m[1mAutomatic MOC for target rviz_polygon_selection_tool__rosidl_typesupport_introspection_cpp[0m
[0.442s] [  8%] Built target rviz_polygon_selection_tool__rosidl_typesupport_cpp_autogen
[0.446s] [  8%] Built target rviz_polygon_selection_tool__rosidl_typesupport_fastrtps_cpp_autogen
[0.520s] [  8%] Built target rviz_polygon_selection_tool__rosidl_typesupport_introspection_cpp_autogen
[0.560s] [ 15%] Built target rviz_polygon_selection_tool__rosidl_generator_c
[0.561s] [ 22%] Built target rviz_polygon_selection_tool__rosidl_typesupport_fastrtps_cpp
[0.620s] [ 29%] Built target rviz_polygon_selection_tool__rosidl_typesupport_cpp
[0.655s] [ 31%] [34m[1mAutomatic MOC for target rviz_polygon_selection_tool__rosidl_typesupport_fastrtps_c[0m
[0.673s] [ 38%] Built target rviz_polygon_selection_tool__rosidl_typesupport_introspection_cpp
[0.699s] [ 40%] [34m[1mAutomatic MOC for target rviz_polygon_selection_tool__rosidl_typesupport_introspection_c[0m
[0.745s] [ 40%] Built target rviz_polygon_selection_tool__rosidl_typesupport_fastrtps_c_autogen
[0.793s] [ 42%] [34m[1mAutomatic MOC for target rviz_polygon_selection_tool__rosidl_typesupport_c[0m
[0.824s] [ 42%] Built target rviz_polygon_selection_tool__rosidl_typesupport_introspection_c_autogen
[0.853s] [ 43%] [34m[1mAutomatic MOC for target rviz_polygon_selection_tool_plugin[0m
[0.920s] [ 50%] Built target rviz_polygon_selection_tool__rosidl_typesupport_fastrtps_c
[0.928s] running egg_info
[0.929s] [ 50%] Built target rviz_polygon_selection_tool__rosidl_typesupport_c_autogen
[0.930s] writing rviz_polygon_selection_tool.egg-info/PKG-INFO
[0.930s] writing dependency_links to rviz_polygon_selection_tool.egg-info/dependency_links.txt
[0.931s] writing top-level names to rviz_polygon_selection_tool.egg-info/top_level.txt
[0.935s] reading manifest file 'rviz_polygon_selection_tool.egg-info/SOURCES.txt'
[0.936s] writing manifest file 'rviz_polygon_selection_tool.egg-info/SOURCES.txt'
[0.964s] [ 50%] Built target rviz_polygon_selection_tool_plugin_autogen
[0.997s] [ 57%] Built target rviz_polygon_selection_tool__rosidl_typesupport_c
[1.021s] [ 57%] Built target ament_cmake_python_build_rviz_polygon_selection_tool_egg
[1.046s] [ 64%] Built target rviz_polygon_selection_tool__rosidl_typesupport_introspection_c
[1.076s] [ 70%] Built target rviz_polygon_selection_tool_plugin
[1.132s] [ 70%] Built target rviz_polygon_selection_tool
[1.192s] [ 71%] Built target rviz_polygon_selection_tool__py
[1.255s] [ 73%] [34m[1mAutomatic MOC for target rviz_polygon_selection_tool__rosidl_generator_py[0m
[1.311s] [ 73%] Built target rviz_polygon_selection_tool__rosidl_generator_py_autogen
[1.377s] [ 78%] Built target rviz_polygon_selection_tool__rosidl_generator_py
[1.452s] [ 80%] [34m[1mAutomatic MOC for target rviz_polygon_selection_tool__rosidl_typesupport_fastrtps_c__pyext[0m
[1.479s] [ 82%] [34m[1mAutomatic MOC for target rviz_polygon_selection_tool__rosidl_typesupport_c__pyext[0m
[1.503s] [ 84%] [34m[1mAutomatic MOC for target rviz_polygon_selection_tool__rosidl_typesupport_introspection_c__pyext[0m
[1.527s] [ 84%] Built target rviz_polygon_selection_tool__rosidl_typesupport_fastrtps_c__pyext_autogen
[1.576s] [ 84%] Built target rviz_polygon_selection_tool__rosidl_typesupport_c__pyext_autogen
[1.582s] [ 84%] Built target rviz_polygon_selection_tool__rosidl_typesupport_introspection_c__pyext_autogen
[1.639s] [ 89%] Built target rviz_polygon_selection_tool__rosidl_typesupport_fastrtps_c__pyext
[1.673s] [ 94%] Built target rviz_polygon_selection_tool__rosidl_typesupport_c__pyext
[1.683s] [100%] Built target rviz_polygon_selection_tool__rosidl_typesupport_introspection_c__pyext
[1.712s] Invoked command in '/home/ubuntu/tesseract_ws/build/rviz_polygon_selection_tool' returned '0': CMAKE_PREFIX_PATH=${CMAKE_PREFIX_PATH}:/home/ubuntu/tesseract_ws/install/industrial_reconstruction:/opt/ros/humble /usr/bin/cmake --build /home/ubuntu/tesseract_ws/build/rviz_polygon_selection_tool -- -j4 -l4
[2.319s] Invoking command in '/home/ubuntu/tesseract_ws/build/rviz_polygon_selection_tool': CMAKE_PREFIX_PATH=${CMAKE_PREFIX_PATH}:/home/ubuntu/tesseract_ws/install/industrial_reconstruction:/opt/ros/humble /usr/bin/cmake --install /home/ubuntu/tesseract_ws/build/rviz_polygon_selection_tool
[2.341s] -- Install configuration: ""
[2.342s] -- Execute custom install script
[2.342s] -- Up-to-date symlink: /home/ubuntu/tesseract_ws/install/rviz_polygon_selection_tool/share/ament_index/resource_index/rosidl_interfaces/rviz_polygon_selection_tool
[2.343s] -- Up-to-date symlink: /home/ubuntu/tesseract_ws/install/rviz_polygon_selection_tool/include/rviz_polygon_selection_tool/rviz_polygon_selection_tool/msg/rosidl_generator_c__visibility_control.h
[2.343s] -- Up-to-date symlink: /home/ubuntu/tesseract_ws/install/rviz_polygon_selection_tool/include/rviz_polygon_selection_tool/rviz_polygon_selection_tool/srv/detail/get_selection__functions.h
[2.343s] -- Up-to-date symlink: /home/ubuntu/tesseract_ws/install/rviz_polygon_selection_tool/include/rviz_polygon_selection_tool/rviz_polygon_selection_tool/srv/detail/get_selection__struct.h
[2.344s] -- Up-to-date symlink: /home/ubuntu/tesseract_ws/install/rviz_polygon_selection_tool/include/rviz_polygon_selection_tool/rviz_polygon_selection_tool/srv/detail/get_selection__type_support.h
[2.344s] -- Up-to-date symlink: /home/ubuntu/tesseract_ws/install/rviz_polygon_selection_tool/include/rviz_polygon_selection_tool/rviz_polygon_selection_tool/srv/get_selection.h
[2.344s] -- Up-to-date symlink: /home/ubuntu/tesseract_ws/install/rviz_polygon_selection_tool/share/rviz_polygon_selection_tool/environment/library_path.sh
[2.345s] -- Up-to-date symlink: /home/ubuntu/tesseract_ws/install/rviz_polygon_selection_tool/share/rviz_polygon_selection_tool/environment/library_path.dsv
[2.345s] -- Up-to-date symlink: /home/ubuntu/tesseract_ws/install/rviz_polygon_selection_tool/include/rviz_polygon_selection_tool/rviz_polygon_selection_tool/msg/rosidl_typesupport_fastrtps_c__visibility_control.h
[2.345s] -- Up-to-date symlink: /home/ubuntu/tesseract_ws/install/rviz_polygon_selection_tool/include/rviz_polygon_selection_tool/rviz_polygon_selection_tool/srv/detail/get_selection__rosidl_typesupport_fastrtps_c.h
[2.346s] -- Up-to-date symlink: /home/ubuntu/tesseract_ws/install/rviz_polygon_selection_tool/include/rviz_polygon_selection_tool/rviz_polygon_selection_tool/srv/detail/get_selection__builder.hpp
[2.346s] -- Up-to-date symlink: /home/ubuntu/tesseract_ws/install/rviz_polygon_selection_tool/include/rviz_polygon_selection_tool/rviz_polygon_selection_tool/srv/detail/get_selection__struct.hpp
[2.346s] -- Up-to-date symlink: /home/ubuntu/tesseract_ws/install/rviz_polygon_selection_tool/include/rviz_polygon_selection_tool/rviz_polygon_selection_tool/srv/detail/get_selection__traits.hpp
[2.347s] -- Up-to-date symlink: /home/ubuntu/tesseract_ws/install/rviz_polygon_selection_tool/include/rviz_polygon_selection_tool/rviz_polygon_selection_tool/srv/get_selection.hpp
[2.347s] -- Up-to-date symlink: /home/ubuntu/tesseract_ws/install/rviz_polygon_selection_tool/include/rviz_polygon_selection_tool/rviz_polygon_selection_tool/msg/rosidl_typesupport_fastrtps_cpp__visibility_control.h
[2.348s] -- Up-to-date symlink: /home/ubuntu/tesseract_ws/install/rviz_polygon_selection_tool/include/rviz_polygon_selection_tool/rviz_polygon_selection_tool/srv/detail/get_selection__rosidl_typesupport_fastrtps_cpp.hpp
[2.348s] -- Up-to-date symlink: /home/ubuntu/tesseract_ws/install/rviz_polygon_selection_tool/include/rviz_polygon_selection_tool/rviz_polygon_selection_tool/msg/rosidl_typesupport_introspection_c__visibility_control.h
[2.348s] -- Up-to-date symlink: /home/ubuntu/tesseract_ws/install/rviz_polygon_selection_tool/include/rviz_polygon_selection_tool/rviz_polygon_selection_tool/srv/detail/get_selection__rosidl_typesupport_introspection_c.h
[2.349s] -- Up-to-date symlink: /home/ubuntu/tesseract_ws/install/rviz_polygon_selection_tool/include/rviz_polygon_selection_tool/rviz_polygon_selection_tool/srv/detail/get_selection__rosidl_typesupport_introspection_cpp.hpp
[2.349s] -- Up-to-date symlink: /home/ubuntu/tesseract_ws/install/rviz_polygon_selection_tool/share/rviz_polygon_selection_tool/environment/pythonpath.sh
[2.350s] -- Up-to-date symlink: /home/ubuntu/tesseract_ws/install/rviz_polygon_selection_tool/share/rviz_polygon_selection_tool/environment/pythonpath.dsv
[2.350s] -- Up-to-date symlink: /home/ubuntu/tesseract_ws/install/rviz_polygon_selection_tool/local/lib/python3.10/dist-packages/rviz_polygon_selection_tool-0.1.0-py3.10.egg-info/PKG-INFO
[2.350s] -- Up-to-date symlink: /home/ubuntu/tesseract_ws/install/rviz_polygon_selection_tool/local/lib/python3.10/dist-packages/rviz_polygon_selection_tool-0.1.0-py3.10.egg-info/SOURCES.txt
[2.350s] -- Up-to-date symlink: /home/ubuntu/tesseract_ws/install/rviz_polygon_selection_tool/local/lib/python3.10/dist-packages/rviz_polygon_selection_tool-0.1.0-py3.10.egg-info/dependency_links.txt
[2.351s] -- Up-to-date symlink: /home/ubuntu/tesseract_ws/install/rviz_polygon_selection_tool/local/lib/python3.10/dist-packages/rviz_polygon_selection_tool-0.1.0-py3.10.egg-info/top_level.txt
[2.352s] -- Up-to-date symlink: /home/ubuntu/tesseract_ws/install/rviz_polygon_selection_tool/local/lib/python3.10/dist-packages/rviz_polygon_selection_tool/__init__.py
[2.352s] -- Up-to-date symlink: /home/ubuntu/tesseract_ws/install/rviz_polygon_selection_tool/local/lib/python3.10/dist-packages/rviz_polygon_selection_tool/_rviz_polygon_selection_tool_s.ep.rosidl_typesupport_c.c
[2.352s] -- Up-to-date symlink: /home/ubuntu/tesseract_ws/install/rviz_polygon_selection_tool/local/lib/python3.10/dist-packages/rviz_polygon_selection_tool/_rviz_polygon_selection_tool_s.ep.rosidl_typesupport_fastrtps_c.c
[2.352s] -- Up-to-date symlink: /home/ubuntu/tesseract_ws/install/rviz_polygon_selection_tool/local/lib/python3.10/dist-packages/rviz_polygon_selection_tool/_rviz_polygon_selection_tool_s.ep.rosidl_typesupport_introspection_c.c
[2.353s] -- Up-to-date symlink: /home/ubuntu/tesseract_ws/install/rviz_polygon_selection_tool/local/lib/python3.10/dist-packages/rviz_polygon_selection_tool/librviz_polygon_selection_tool__rosidl_generator_py.so
[2.353s] -- Up-to-date symlink: /home/ubuntu/tesseract_ws/install/rviz_polygon_selection_tool/local/lib/python3.10/dist-packages/rviz_polygon_selection_tool/rviz_polygon_selection_tool_s__rosidl_typesupport_c.cpython-310-x86_64-linux-gnu.so
[2.353s] -- Up-to-date symlink: /home/ubuntu/tesseract_ws/install/rviz_polygon_selection_tool/local/lib/python3.10/dist-packages/rviz_polygon_selection_tool/rviz_polygon_selection_tool_s__rosidl_typesupport_fastrtps_c.cpython-310-x86_64-linux-gnu.so
[2.354s] -- Up-to-date symlink: /home/ubuntu/tesseract_ws/install/rviz_polygon_selection_tool/local/lib/python3.10/dist-packages/rviz_polygon_selection_tool/rviz_polygon_selection_tool_s__rosidl_typesupport_introspection_c.cpython-310-x86_64-linux-gnu.so
[2.354s] -- Up-to-date symlink: /home/ubuntu/tesseract_ws/install/rviz_polygon_selection_tool/local/lib/python3.10/dist-packages/rviz_polygon_selection_tool/srv/__init__.py
[2.354s] -- Up-to-date symlink: /home/ubuntu/tesseract_ws/install/rviz_polygon_selection_tool/local/lib/python3.10/dist-packages/rviz_polygon_selection_tool/srv/_get_selection.py
[2.354s] -- Up-to-date symlink: /home/ubuntu/tesseract_ws/install/rviz_polygon_selection_tool/local/lib/python3.10/dist-packages/rviz_polygon_selection_tool/srv/_get_selection_s.c
[2.355s] -- Up-to-date symlink: /home/ubuntu/tesseract_ws/install/rviz_polygon_selection_tool/local/lib/python3.10/dist-packages/rviz_polygon_selection_tool/rviz_polygon_selection_tool_s__rosidl_typesupport_fastrtps_c.cpython-310-x86_64-linux-gnu.so
[2.355s] -- Up-to-date symlink: /home/ubuntu/tesseract_ws/install/rviz_polygon_selection_tool/local/lib/python3.10/dist-packages/rviz_polygon_selection_tool/rviz_polygon_selection_tool_s__rosidl_typesupport_introspection_c.cpython-310-x86_64-linux-gnu.so
[2.356s] -- Up-to-date symlink: /home/ubuntu/tesseract_ws/install/rviz_polygon_selection_tool/local/lib/python3.10/dist-packages/rviz_polygon_selection_tool/rviz_polygon_selection_tool_s__rosidl_typesupport_c.cpython-310-x86_64-linux-gnu.so
[2.356s] -- Up-to-date symlink: /home/ubuntu/tesseract_ws/install/rviz_polygon_selection_tool/share/rviz_polygon_selection_tool/srv/GetSelection.idl
[2.357s] -- Up-to-date symlink: /home/ubuntu/tesseract_ws/install/rviz_polygon_selection_tool/share/rviz_polygon_selection_tool/srv/GetSelection.srv
[2.357s] -- Up-to-date symlink: /home/ubuntu/tesseract_ws/install/rviz_polygon_selection_tool/share/rviz_polygon_selection_tool/srv/GetSelection_Request.msg
[2.357s] -- Up-to-date symlink: /home/ubuntu/tesseract_ws/install/rviz_polygon_selection_tool/share/rviz_polygon_selection_tool/srv/GetSelection_Response.msg
[2.358s] -- Up-to-date symlink: /home/ubuntu/tesseract_ws/install/rviz_polygon_selection_tool/share/rviz_polygon_selection_tool//plugin_description.xml
[2.358s] -- Up-to-date symlink: /home/ubuntu/tesseract_ws/install/rviz_polygon_selection_tool/share/ament_index/resource_index/package_run_dependencies/rviz_polygon_selection_tool
[2.358s] -- Up-to-date symlink: /home/ubuntu/tesseract_ws/install/rviz_polygon_selection_tool/share/ament_index/resource_index/parent_prefix_path/rviz_polygon_selection_tool
[2.359s] -- Up-to-date symlink: /home/ubuntu/tesseract_ws/install/rviz_polygon_selection_tool/share/rviz_polygon_selection_tool/environment/ament_prefix_path.sh
[2.359s] -- Up-to-date symlink: /home/ubuntu/tesseract_ws/install/rviz_polygon_selection_tool/share/rviz_polygon_selection_tool/environment/ament_prefix_path.dsv
[2.359s] -- Up-to-date symlink: /home/ubuntu/tesseract_ws/install/rviz_polygon_selection_tool/share/rviz_polygon_selection_tool/environment/path.sh
[2.360s] -- Up-to-date symlink: /home/ubuntu/tesseract_ws/install/rviz_polygon_selection_tool/share/rviz_polygon_selection_tool/environment/path.dsv
[2.360s] -- Up-to-date symlink: /home/ubuntu/tesseract_ws/install/rviz_polygon_selection_tool/share/rviz_polygon_selection_tool/local_setup.bash
[2.360s] -- Up-to-date symlink: /home/ubuntu/tesseract_ws/install/rviz_polygon_selection_tool/share/rviz_polygon_selection_tool/local_setup.sh
[2.361s] -- Up-to-date symlink: /home/ubuntu/tesseract_ws/install/rviz_polygon_selection_tool/share/rviz_polygon_selection_tool/local_setup.zsh
[2.361s] -- Up-to-date symlink: /home/ubuntu/tesseract_ws/install/rviz_polygon_selection_tool/share/rviz_polygon_selection_tool/local_setup.dsv
[2.361s] -- Symlinking: /home/ubuntu/tesseract_ws/install/rviz_polygon_selection_tool/share/rviz_polygon_selection_tool/package.dsv
[2.383s] -- Up-to-date symlink: /home/ubuntu/tesseract_ws/install/rviz_polygon_selection_tool/share/ament_index/resource_index/packages/rviz_polygon_selection_tool
[2.384s] -- Up-to-date symlink: /home/ubuntu/tesseract_ws/install/rviz_polygon_selection_tool/share/ament_index/resource_index/rviz_common__pluginlib__plugin/rviz_polygon_selection_tool
[2.384s] -- Up-to-date symlink: /home/ubuntu/tesseract_ws/install/rviz_polygon_selection_tool/share/rviz_polygon_selection_tool/cmake/rosidl_cmake-extras.cmake
[2.384s] -- Up-to-date symlink: /home/ubuntu/tesseract_ws/install/rviz_polygon_selection_tool/share/rviz_polygon_selection_tool/cmake/ament_cmake_export_dependencies-extras.cmake
[2.385s] -- Up-to-date symlink: /home/ubuntu/tesseract_ws/install/rviz_polygon_selection_tool/share/rviz_polygon_selection_tool/cmake/ament_cmake_export_include_directories-extras.cmake
[2.385s] -- Up-to-date symlink: /home/ubuntu/tesseract_ws/install/rviz_polygon_selection_tool/share/rviz_polygon_selection_tool/cmake/ament_cmake_export_libraries-extras.cmake
[2.385s] -- Up-to-date symlink: /home/ubuntu/tesseract_ws/install/rviz_polygon_selection_tool/share/rviz_polygon_selection_tool/cmake/ament_cmake_export_targets-extras.cmake
[2.386s] -- Up-to-date symlink: /home/ubuntu/tesseract_ws/install/rviz_polygon_selection_tool/share/rviz_polygon_selection_tool/cmake/rosidl_cmake_export_typesupport_targets-extras.cmake
[2.386s] -- Up-to-date symlink: /home/ubuntu/tesseract_ws/install/rviz_polygon_selection_tool/share/rviz_polygon_selection_tool/cmake/rosidl_cmake_export_typesupport_libraries-extras.cmake
[2.386s] -- Up-to-date symlink: /home/ubuntu/tesseract_ws/install/rviz_polygon_selection_tool/share/rviz_polygon_selection_tool/cmake/rviz_polygon_selection_toolConfig.cmake
[2.387s] -- Up-to-date symlink: /home/ubuntu/tesseract_ws/install/rviz_polygon_selection_tool/share/rviz_polygon_selection_tool/cmake/rviz_polygon_selection_toolConfig-version.cmake
[2.387s] -- Up-to-date symlink: /home/ubuntu/tesseract_ws/install/rviz_polygon_selection_tool/share/rviz_polygon_selection_tool/package.xml
[2.387s] -- Up-to-date: /home/ubuntu/tesseract_ws/install/rviz_polygon_selection_tool/lib/librviz_polygon_selection_tool__rosidl_generator_c.so
[2.388s] -- Up-to-date: /home/ubuntu/tesseract_ws/install/rviz_polygon_selection_tool/lib/librviz_polygon_selection_tool__rosidl_typesupport_fastrtps_c.so
[2.389s] -- Up-to-date: /home/ubuntu/tesseract_ws/install/rviz_polygon_selection_tool/lib/librviz_polygon_selection_tool__rosidl_typesupport_fastrtps_cpp.so
[2.389s] -- Up-to-date: /home/ubuntu/tesseract_ws/install/rviz_polygon_selection_tool/lib/librviz_polygon_selection_tool__rosidl_typesupport_introspection_c.so
[2.390s] -- Up-to-date: /home/ubuntu/tesseract_ws/install/rviz_polygon_selection_tool/lib/librviz_polygon_selection_tool__rosidl_typesupport_c.so
[2.390s] -- Up-to-date: /home/ubuntu/tesseract_ws/install/rviz_polygon_selection_tool/lib/librviz_polygon_selection_tool__rosidl_typesupport_introspection_cpp.so
[2.391s] -- Up-to-date: /home/ubuntu/tesseract_ws/install/rviz_polygon_selection_tool/lib/librviz_polygon_selection_tool__rosidl_typesupport_cpp.so
[2.452s] Listing '/home/ubuntu/tesseract_ws/install/rviz_polygon_selection_tool/local/lib/python3.10/dist-packages/rviz_polygon_selection_tool'...
[2.452s] Listing '/home/ubuntu/tesseract_ws/install/rviz_polygon_selection_tool/local/lib/python3.10/dist-packages/rviz_polygon_selection_tool/srv'...
[2.459s] -- Up-to-date: /home/ubuntu/tesseract_ws/install/rviz_polygon_selection_tool/lib/librviz_polygon_selection_tool__rosidl_generator_py.so
[2.460s] -- Up-to-date: /home/ubuntu/tesseract_ws/install/rviz_polygon_selection_tool/lib/librviz_polygon_selection_tool_plugin.so
[2.460s] -- Up-to-date: /home/ubuntu/tesseract_ws/install/rviz_polygon_selection_tool/share/rviz_polygon_selection_tool/cmake/export_rviz_polygon_selection_tool__rosidl_generator_cExport.cmake
[2.460s] -- Up-to-date: /home/ubuntu/tesseract_ws/install/rviz_polygon_selection_tool/share/rviz_polygon_selection_tool/cmake/export_rviz_polygon_selection_tool__rosidl_generator_cExport-noconfig.cmake
[2.461s] -- Up-to-date: /home/ubuntu/tesseract_ws/install/rviz_polygon_selection_tool/share/rviz_polygon_selection_tool/cmake/export_rviz_polygon_selection_tool__rosidl_typesupport_fastrtps_cExport.cmake
[2.461s] -- Up-to-date: /home/ubuntu/tesseract_ws/install/rviz_polygon_selection_tool/share/rviz_polygon_selection_tool/cmake/export_rviz_polygon_selection_tool__rosidl_typesupport_fastrtps_cExport-noconfig.cmake
[2.461s] -- Up-to-date: /home/ubuntu/tesseract_ws/install/rviz_polygon_selection_tool/share/rviz_polygon_selection_tool/cmake/export_rviz_polygon_selection_tool__rosidl_generator_cppExport.cmake
[2.461s] -- Up-to-date: /home/ubuntu/tesseract_ws/install/rviz_polygon_selection_tool/share/rviz_polygon_selection_tool/cmake/export_rviz_polygon_selection_tool__rosidl_typesupport_fastrtps_cppExport.cmake
[2.461s] -- Up-to-date: /home/ubuntu/tesseract_ws/install/rviz_polygon_selection_tool/share/rviz_polygon_selection_tool/cmake/export_rviz_polygon_selection_tool__rosidl_typesupport_fastrtps_cppExport-noconfig.cmake
[2.462s] -- Up-to-date: /home/ubuntu/tesseract_ws/install/rviz_polygon_selection_tool/share/rviz_polygon_selection_tool/cmake/rviz_polygon_selection_tool__rosidl_typesupport_introspection_cExport.cmake
[2.462s] -- Up-to-date: /home/ubuntu/tesseract_ws/install/rviz_polygon_selection_tool/share/rviz_polygon_selection_tool/cmake/rviz_polygon_selection_tool__rosidl_typesupport_introspection_cExport-noconfig.cmake
[2.462s] -- Up-to-date: /home/ubuntu/tesseract_ws/install/rviz_polygon_selection_tool/share/rviz_polygon_selection_tool/cmake/rviz_polygon_selection_tool__rosidl_typesupport_cExport.cmake
[2.462s] -- Up-to-date: /home/ubuntu/tesseract_ws/install/rviz_polygon_selection_tool/share/rviz_polygon_selection_tool/cmake/rviz_polygon_selection_tool__rosidl_typesupport_cExport-noconfig.cmake
[2.462s] -- Up-to-date: /home/ubuntu/tesseract_ws/install/rviz_polygon_selection_tool/share/rviz_polygon_selection_tool/cmake/rviz_polygon_selection_tool__rosidl_typesupport_introspection_cppExport.cmake
[2.462s] -- Up-to-date: /home/ubuntu/tesseract_ws/install/rviz_polygon_selection_tool/share/rviz_polygon_selection_tool/cmake/rviz_polygon_selection_tool__rosidl_typesupport_introspection_cppExport-noconfig.cmake
[2.463s] -- Up-to-date: /home/ubuntu/tesseract_ws/install/rviz_polygon_selection_tool/share/rviz_polygon_selection_tool/cmake/rviz_polygon_selection_tool__rosidl_typesupport_cppExport.cmake
[2.463s] -- Up-to-date: /home/ubuntu/tesseract_ws/install/rviz_polygon_selection_tool/share/rviz_polygon_selection_tool/cmake/rviz_polygon_selection_tool__rosidl_typesupport_cppExport-noconfig.cmake
[2.464s] -- Up-to-date: /home/ubuntu/tesseract_ws/install/rviz_polygon_selection_tool/share/rviz_polygon_selection_tool/cmake/export_rviz_polygon_selection_tool__rosidl_generator_pyExport.cmake
[2.465s] -- Up-to-date: /home/ubuntu/tesseract_ws/install/rviz_polygon_selection_tool/share/rviz_polygon_selection_tool/cmake/export_rviz_polygon_selection_tool__rosidl_generator_pyExport-noconfig.cmake
[2.465s] -- Up-to-date: /home/ubuntu/tesseract_ws/install/rviz_polygon_selection_tool/share/rviz_polygon_selection_tool/cmake/rviz_polygon_selection_tool-targetsExport.cmake
[2.465s] -- Up-to-date: /home/ubuntu/tesseract_ws/install/rviz_polygon_selection_tool/share/rviz_polygon_selection_tool/cmake/rviz_polygon_selection_tool-targetsExport-noconfig.cmake
[2.477s] Invoked command in '/home/ubuntu/tesseract_ws/build/rviz_polygon_selection_tool' returned '0': CMAKE_PREFIX_PATH=${CMAKE_PREFIX_PATH}:/home/ubuntu/tesseract_ws/install/industrial_reconstruction:/opt/ros/humble /usr/bin/cmake --install /home/ubuntu/tesseract_ws/build/rviz_polygon_selection_tool
