[ 84%] Built target descartes_light
[100%] Built target descartes_light_bgl
-- Install configuration: ""
-- Up-to-date: /home/ubuntu/tesseract_ws/install/descartes_light/lib/cmake/descartes_light/descartes_light_macros.cmake
-- Up-to-date: /home/ubuntu/tesseract_ws/install/descartes_light/share/descartes_light/package.xml
-- Up-to-date: /home/ubuntu/tesseract_ws/install/descartes_light/lib/cmake/descartes_light/descartes_light-targets.cmake
-- Up-to-date: /home/ubuntu/tesseract_ws/install/descartes_light/lib/cmake/descartes_light/descartes_light-targets-noconfig.cmake
-- Up-to-date: /home/ubuntu/tesseract_ws/install/descartes_light/lib/cmake/descartes_light/descartes_light-config.cmake
-- Up-to-date: /home/ubuntu/tesseract_ws/install/descartes_light/lib/cmake/descartes_light/descartes_light-config-version.cmake
-- Up-to-date: /home/ubuntu/tesseract_ws/install/descartes_light/share/ament_index/resource_index/packages/descartes_light
-- Up-to-date: /home/ubuntu/tesseract_ws/install/descartes_light/share/descartes_light/hook/ament_prefix_path.dsv
-- Up-to-date: /home/ubuntu/tesseract_ws/install/descartes_light/share/descartes_light/hook/ros_package_path.dsv
-- Up-to-date: /home/ubuntu/tesseract_ws/install/descartes_light/share/descartes_light/hook/python_path.dsv
-- Up-to-date: /home/ubuntu/tesseract_ws/install/descartes_light/lib/libdescartes_light.so
-- Up-to-date: /home/ubuntu/tesseract_ws/install/descartes_light/include/
-- Up-to-date: /home/ubuntu/tesseract_ws/install/descartes_light/include//descartes_light
-- Up-to-date: /home/ubuntu/tesseract_ws/install/descartes_light/include//descartes_light/edge_evaluators
-- Up-to-date: /home/ubuntu/tesseract_ws/install/descartes_light/include//descartes_light/edge_evaluators/timing_edge_evaluator.h
-- Up-to-date: /home/ubuntu/tesseract_ws/install/descartes_light/include//descartes_light/edge_evaluators/euclidean_distance_edge_evaluator.h
-- Up-to-date: /home/ubuntu/tesseract_ws/install/descartes_light/include//descartes_light/edge_evaluators/normalized_edge_evaluator.h
-- Up-to-date: /home/ubuntu/tesseract_ws/install/descartes_light/include//descartes_light/edge_evaluators/compound_edge_evaluator.h
-- Up-to-date: /home/ubuntu/tesseract_ws/install/descartes_light/include//descartes_light/edge_evaluators/impl
-- Up-to-date: /home/ubuntu/tesseract_ws/install/descartes_light/include//descartes_light/edge_evaluators/impl/timing_edge_evaluator.hpp
-- Up-to-date: /home/ubuntu/tesseract_ws/install/descartes_light/include//descartes_light/edge_evaluators/impl/compound_edge_evaluator.hpp
-- Up-to-date: /home/ubuntu/tesseract_ws/install/descartes_light/include//descartes_light/edge_evaluators/impl/normalized_edge_evaluator.hpp
-- Up-to-date: /home/ubuntu/tesseract_ws/install/descartes_light/include//descartes_light/edge_evaluators/impl/euclidean_distance_edge_evaluator.hpp
-- Up-to-date: /home/ubuntu/tesseract_ws/install/descartes_light/include//descartes_light/samplers
-- Up-to-date: /home/ubuntu/tesseract_ws/install/descartes_light/include//descartes_light/samplers/fixed_joint_waypoint_sampler.h
-- Up-to-date: /home/ubuntu/tesseract_ws/install/descartes_light/include//descartes_light/samplers/impl
-- Up-to-date: /home/ubuntu/tesseract_ws/install/descartes_light/include//descartes_light/samplers/impl/fixed_joint_waypoint_sampler.hpp
-- Up-to-date: /home/ubuntu/tesseract_ws/install/descartes_light/include//descartes_light/types.h
-- Up-to-date: /home/ubuntu/tesseract_ws/install/descartes_light/include//descartes_light/state_evaluators
-- Up-to-date: /home/ubuntu/tesseract_ws/install/descartes_light/include//descartes_light/state_evaluators/normalized_state_evaluator.h
-- Up-to-date: /home/ubuntu/tesseract_ws/install/descartes_light/include//descartes_light/state_evaluators/euclidean_distance_state_evaluator.h
-- Up-to-date: /home/ubuntu/tesseract_ws/install/descartes_light/include//descartes_light/state_evaluators/impl
-- Up-to-date: /home/ubuntu/tesseract_ws/install/descartes_light/include//descartes_light/state_evaluators/impl/normalized_state_evaluator.hpp
-- Up-to-date: /home/ubuntu/tesseract_ws/install/descartes_light/include//descartes_light/state_evaluators/impl/euclidean_distance_state_evaluator.hpp
-- Up-to-date: /home/ubuntu/tesseract_ws/install/descartes_light/include//descartes_light/core
-- Up-to-date: /home/ubuntu/tesseract_ws/install/descartes_light/include//descartes_light/core/state_evaluator.h
-- Up-to-date: /home/ubuntu/tesseract_ws/install/descartes_light/include//descartes_light/core/waypoint_sampler.h
-- Up-to-date: /home/ubuntu/tesseract_ws/install/descartes_light/include//descartes_light/core/edge_evaluator.h
-- Up-to-date: /home/ubuntu/tesseract_ws/install/descartes_light/include//descartes_light/core/solver.h
-- Up-to-date: /home/ubuntu/tesseract_ws/install/descartes_light/include//descartes_light/descartes_macros.h
-- Up-to-date: /home/ubuntu/tesseract_ws/install/descartes_light/include//descartes_light/solvers
-- Up-to-date: /home/ubuntu/tesseract_ws/install/descartes_light/include//descartes_light/solvers/ladder_graph
-- Up-to-date: /home/ubuntu/tesseract_ws/install/descartes_light/include//descartes_light/solvers/ladder_graph/ladder_graph_dag_search.h
-- Up-to-date: /home/ubuntu/tesseract_ws/install/descartes_light/include//descartes_light/solvers/ladder_graph/ladder_graph.h
-- Up-to-date: /home/ubuntu/tesseract_ws/install/descartes_light/include//descartes_light/solvers/ladder_graph/ladder_graph_solver.h
-- Up-to-date: /home/ubuntu/tesseract_ws/install/descartes_light/include//descartes_light/solvers/ladder_graph/impl
-- Up-to-date: /home/ubuntu/tesseract_ws/install/descartes_light/include//descartes_light/solvers/ladder_graph/impl/ladder_graph_solver.hpp
-- Up-to-date: /home/ubuntu/tesseract_ws/install/descartes_light/include//descartes_light/solvers/ladder_graph/impl/ladder_graph_dag_search.hpp
-- Up-to-date: /home/ubuntu/tesseract_ws/install/descartes_light/include//descartes_light/solvers/ladder_graph/impl/ladder_graph.hpp
-- Up-to-date: /home/ubuntu/tesseract_ws/install/descartes_light/lib/libdescartes_light_bgl.so
-- Up-to-date: /home/ubuntu/tesseract_ws/install/descartes_light/include/
-- Up-to-date: /home/ubuntu/tesseract_ws/install/descartes_light/include//descartes_light
-- Up-to-date: /home/ubuntu/tesseract_ws/install/descartes_light/include//descartes_light/bgl
-- Up-to-date: /home/ubuntu/tesseract_ws/install/descartes_light/include//descartes_light/bgl/bgl_dfs_solver.h
-- Up-to-date: /home/ubuntu/tesseract_ws/install/descartes_light/include//descartes_light/bgl/boost_graph_types.h
-- Up-to-date: /home/ubuntu/tesseract_ws/install/descartes_light/include//descartes_light/bgl/bgl_dijkstra_solver.h
-- Up-to-date: /home/ubuntu/tesseract_ws/install/descartes_light/include//descartes_light/bgl/bgl_solver.h
-- Up-to-date: /home/ubuntu/tesseract_ws/install/descartes_light/include//descartes_light/bgl/event_visitors.h
-- Up-to-date: /home/ubuntu/tesseract_ws/install/descartes_light/include//descartes_light/bgl/utils.h
-- Up-to-date: /home/ubuntu/tesseract_ws/install/descartes_light/include//descartes_light/bgl/impl
-- Up-to-date: /home/ubuntu/tesseract_ws/install/descartes_light/include//descartes_light/bgl/impl/utils.hpp
-- Up-to-date: /home/ubuntu/tesseract_ws/install/descartes_light/include//descartes_light/bgl/impl/bgl_dijkstra_solver.hpp
-- Up-to-date: /home/ubuntu/tesseract_ws/install/descartes_light/include//descartes_light/bgl/impl/event_visitors.hpp
-- Up-to-date: /home/ubuntu/tesseract_ws/install/descartes_light/include//descartes_light/bgl/impl/bgl_solver.hpp
-- Up-to-date: /home/ubuntu/tesseract_ws/install/descartes_light/include//descartes_light/bgl/impl/bgl_dfs_solver.hpp
