-- Found ament_cmake: 1.3.5 (/opt/ros/humble/share/ament_cmake/cmake)
-- Override CMake install command with custom implementation using symlinks instead of copying resources
-- Found geometry_msgs: 4.2.3 (/opt/ros/humble/share/geometry_msgs/cmake)
-- Found rosidl_generator_c: 3.1.4 (/opt/ros/humble/share/rosidl_generator_c/cmake)
-- Found rosidl_adapter: 3.1.4 (/opt/ros/humble/share/rosidl_adapter/cmake)
-- Found rosidl_generator_cpp: 3.1.4 (/opt/ros/humble/share/rosidl_generator_cpp/cmake)
-- Using all available rosidl_typesupport_c: rosidl_typesupport_fastrtps_c;rosidl_typesupport_introspection_c
-- Using all available rosidl_typesupport_cpp: rosidl_typesupport_fastrtps_cpp;rosidl_typesupport_introspection_cpp
-- Found rosidl_default_generators: 1.2.0 (/opt/ros/humble/share/rosidl_default_generators/cmake)
-- Found trajectory_msgs: 4.2.3 (/opt/ros/humble/share/trajectory_msgs/cmake)
-- Found ament_cmake_ros: 0.10.0 (/opt/ros/humble/share/ament_cmake_ros/cmake)
-- Using all available rosidl_typesupport_c: rosidl_typesupport_fastrtps_c;rosidl_typesupport_introspection_c
-- Using all available rosidl_typesupport_cpp: rosidl_typesupport_fastrtps_cpp;rosidl_typesupport_introspection_cpp
-- Found python_cmake_module: 0.10.0 (/opt/ros/humble/share/python_cmake_module/cmake)
-- Using PYTHON_EXECUTABLE: /usr/bin/python3
-- Using PYTHON_INCLUDE_DIRS: /usr/include/python3.10
-- Using PYTHON_LIBRARIES: /usr/lib/x86_64-linux-gnu/libpython3.10.so
-- Found ament_lint_auto: 0.12.6 (/opt/ros/humble/share/ament_lint_auto/cmake)
-- Configuring done
-- Generating done
-- Build files have been written to: /home/ubuntu/tesseract_ws/build/snp_msgs
Consolidate compiler generated dependencies of target snp_msgs__rosidl_generator_c
[  1%] Building C object CMakeFiles/snp_msgs__rosidl_generator_c.dir/rosidl_generator_c/snp_msgs/msg/detail/tool_paths__functions.c.o
[  3%] Built target snp_msgs__cpp
[  4%] Building C object CMakeFiles/snp_msgs__rosidl_generator_c.dir/rosidl_generator_c/snp_msgs/msg/detail/tool_path__functions.c.o
[  4%] Built target ament_cmake_python_symlink_snp_msgs
Consolidate compiler generated dependencies of target snp_msgs__rosidl_typesupport_cpp
Consolidate compiler generated dependencies of target snp_msgs__rosidl_typesupport_fastrtps_cpp
[  6%] Building CXX object CMakeFiles/snp_msgs__rosidl_typesupport_cpp.dir/rosidl_typesupport_cpp/snp_msgs/msg/tool_path__type_support.cpp.o
[  7%] Building CXX object CMakeFiles/snp_msgs__rosidl_typesupport_fastrtps_cpp.dir/rosidl_typesupport_fastrtps_cpp/snp_msgs/msg/detail/dds_fastrtps/tool_path__type_support.cpp.o
[  9%] Building CXX object CMakeFiles/snp_msgs__rosidl_typesupport_fastrtps_cpp.dir/rosidl_typesupport_fastrtps_cpp/snp_msgs/msg/detail/dds_fastrtps/tool_paths__type_support.cpp.o
[ 11%] Building C object CMakeFiles/snp_msgs__rosidl_generator_c.dir/rosidl_generator_c/snp_msgs/srv/detail/execute_motion_plan__functions.c.o
[ 12%] Building CXX object CMakeFiles/snp_msgs__rosidl_typesupport_cpp.dir/rosidl_typesupport_cpp/snp_msgs/msg/tool_paths__type_support.cpp.o
[ 14%] Building C object CMakeFiles/snp_msgs__rosidl_generator_c.dir/rosidl_generator_c/snp_msgs/srv/detail/generate_motion_plan__functions.c.o
[ 15%] Building CXX object CMakeFiles/snp_msgs__rosidl_typesupport_fastrtps_cpp.dir/rosidl_typesupport_fastrtps_cpp/snp_msgs/srv/detail/dds_fastrtps/execute_motion_plan__type_support.cpp.o
[ 17%] Building CXX object CMakeFiles/snp_msgs__rosidl_typesupport_cpp.dir/rosidl_typesupport_cpp/snp_msgs/srv/execute_motion_plan__type_support.cpp.o
[ 19%] Building C object CMakeFiles/snp_msgs__rosidl_generator_c.dir/rosidl_generator_c/snp_msgs/srv/detail/generate_tool_paths__functions.c.o
[ 20%] Building CXX object CMakeFiles/snp_msgs__rosidl_typesupport_fastrtps_cpp.dir/rosidl_typesupport_fastrtps_cpp/snp_msgs/srv/detail/dds_fastrtps/generate_motion_plan__type_support.cpp.o
[ 22%] Linking C shared library libsnp_msgs__rosidl_generator_c.so
[ 23%] Built target snp_msgs__rosidl_generator_c
[ 25%] Building CXX object CMakeFiles/snp_msgs__rosidl_typesupport_fastrtps_cpp.dir/rosidl_typesupport_fastrtps_cpp/snp_msgs/srv/detail/dds_fastrtps/generate_tool_paths__type_support.cpp.o
[ 26%] Building CXX object CMakeFiles/snp_msgs__rosidl_typesupport_cpp.dir/rosidl_typesupport_cpp/snp_msgs/srv/generate_motion_plan__type_support.cpp.o
[ 28%] Building CXX object CMakeFiles/snp_msgs__rosidl_typesupport_cpp.dir/rosidl_typesupport_cpp/snp_msgs/srv/generate_tool_paths__type_support.cpp.o
Consolidate compiler generated dependencies of target snp_msgs__rosidl_typesupport_introspection_cpp
[ 30%] Building CXX object CMakeFiles/snp_msgs__rosidl_typesupport_introspection_cpp.dir/rosidl_typesupport_introspection_cpp/snp_msgs/msg/detail/tool_path__type_support.cpp.o
[ 31%] Linking CXX shared library libsnp_msgs__rosidl_typesupport_cpp.so
[ 33%] Built target snp_msgs__rosidl_typesupport_cpp
Consolidate compiler generated dependencies of target snp_msgs__rosidl_typesupport_fastrtps_c
[ 34%] Building CXX object CMakeFiles/snp_msgs__rosidl_typesupport_fastrtps_c.dir/rosidl_typesupport_fastrtps_c/snp_msgs/msg/detail/tool_path__type_support_c.cpp.o
[ 36%] Linking CXX shared library libsnp_msgs__rosidl_typesupport_fastrtps_cpp.so
running egg_info
writing snp_msgs.egg-info/PKG-INFO
writing dependency_links to snp_msgs.egg-info/dependency_links.txt
writing top-level names to snp_msgs.egg-info/top_level.txt
reading manifest file 'snp_msgs.egg-info/SOURCES.txt'
writing manifest file 'snp_msgs.egg-info/SOURCES.txt'
[ 36%] Built target ament_cmake_python_build_snp_msgs_egg
[ 38%] Built target snp_msgs__rosidl_typesupport_fastrtps_cpp
[ 39%] Building CXX object CMakeFiles/snp_msgs__rosidl_typesupport_fastrtps_c.dir/rosidl_typesupport_fastrtps_c/snp_msgs/msg/detail/tool_paths__type_support_c.cpp.o
[ 41%] Building CXX object CMakeFiles/snp_msgs__rosidl_typesupport_introspection_cpp.dir/rosidl_typesupport_introspection_cpp/snp_msgs/msg/detail/tool_paths__type_support.cpp.o
[ 42%] Building CXX object CMakeFiles/snp_msgs__rosidl_typesupport_fastrtps_c.dir/rosidl_typesupport_fastrtps_c/snp_msgs/srv/detail/execute_motion_plan__type_support_c.cpp.o
[ 44%] Building CXX object CMakeFiles/snp_msgs__rosidl_typesupport_introspection_cpp.dir/rosidl_typesupport_introspection_cpp/snp_msgs/srv/detail/execute_motion_plan__type_support.cpp.o
[ 46%] Building CXX object CMakeFiles/snp_msgs__rosidl_typesupport_fastrtps_c.dir/rosidl_typesupport_fastrtps_c/snp_msgs/srv/detail/generate_motion_plan__type_support_c.cpp.o
[ 47%] Building CXX object CMakeFiles/snp_msgs__rosidl_typesupport_fastrtps_c.dir/rosidl_typesupport_fastrtps_c/snp_msgs/srv/detail/generate_tool_paths__type_support_c.cpp.o
[ 49%] Building CXX object CMakeFiles/snp_msgs__rosidl_typesupport_introspection_cpp.dir/rosidl_typesupport_introspection_cpp/snp_msgs/srv/detail/generate_motion_plan__type_support.cpp.o
[ 50%] Linking CXX shared library libsnp_msgs__rosidl_typesupport_fastrtps_c.so
[ 52%] Building CXX object CMakeFiles/snp_msgs__rosidl_typesupport_introspection_cpp.dir/rosidl_typesupport_introspection_cpp/snp_msgs/srv/detail/generate_tool_paths__type_support.cpp.o
[ 53%] Built target snp_msgs__rosidl_typesupport_fastrtps_c
[ 55%] Linking CXX shared library libsnp_msgs__rosidl_typesupport_introspection_cpp.so
[ 57%] Built target snp_msgs__rosidl_typesupport_introspection_cpp
Consolidate compiler generated dependencies of target snp_msgs__rosidl_typesupport_c
[ 58%] Building CXX object CMakeFiles/snp_msgs__rosidl_typesupport_c.dir/rosidl_typesupport_c/snp_msgs/msg/tool_path__type_support.cpp.o
[ 60%] Building CXX object CMakeFiles/snp_msgs__rosidl_typesupport_c.dir/rosidl_typesupport_c/snp_msgs/srv/execute_motion_plan__type_support.cpp.o
[ 61%] Building CXX object CMakeFiles/snp_msgs__rosidl_typesupport_c.dir/rosidl_typesupport_c/snp_msgs/srv/generate_motion_plan__type_support.cpp.o
[ 63%] Building CXX object CMakeFiles/snp_msgs__rosidl_typesupport_c.dir/rosidl_typesupport_c/snp_msgs/srv/generate_tool_paths__type_support.cpp.o
[ 65%] Building CXX object CMakeFiles/snp_msgs__rosidl_typesupport_c.dir/rosidl_typesupport_c/snp_msgs/msg/tool_paths__type_support.cpp.o
[ 66%] Linking CXX shared library libsnp_msgs__rosidl_typesupport_c.so
[ 68%] Built target snp_msgs__rosidl_typesupport_c
Consolidate compiler generated dependencies of target snp_msgs__rosidl_typesupport_introspection_c
[ 69%] Building C object CMakeFiles/snp_msgs__rosidl_typesupport_introspection_c.dir/rosidl_typesupport_introspection_c/snp_msgs/msg/detail/tool_path__type_support.c.o
[ 71%] Building C object CMakeFiles/snp_msgs__rosidl_typesupport_introspection_c.dir/rosidl_typesupport_introspection_c/snp_msgs/srv/detail/generate_motion_plan__type_support.c.o
[ 73%] Building C object CMakeFiles/snp_msgs__rosidl_typesupport_introspection_c.dir/rosidl_typesupport_introspection_c/snp_msgs/srv/detail/generate_tool_paths__type_support.c.o
[ 74%] Building C object CMakeFiles/snp_msgs__rosidl_typesupport_introspection_c.dir/rosidl_typesupport_introspection_c/snp_msgs/srv/detail/execute_motion_plan__type_support.c.o
[ 76%] Building C object CMakeFiles/snp_msgs__rosidl_typesupport_introspection_c.dir/rosidl_typesupport_introspection_c/snp_msgs/msg/detail/tool_paths__type_support.c.o
[ 77%] Linking C shared library libsnp_msgs__rosidl_typesupport_introspection_c.so
[ 79%] Built target snp_msgs__rosidl_typesupport_introspection_c
[ 79%] Built target snp_msgs
[ 80%] Built target snp_msgs__py
Consolidate compiler generated dependencies of target snp_msgs__rosidl_generator_py
[ 82%] Building C object CMakeFiles/snp_msgs__rosidl_generator_py.dir/rosidl_generator_py/snp_msgs/msg/_tool_path_s.c.o
[ 84%] Building C object CMakeFiles/snp_msgs__rosidl_generator_py.dir/rosidl_generator_py/snp_msgs/srv/_generate_motion_plan_s.c.o
[ 85%] Building C object CMakeFiles/snp_msgs__rosidl_generator_py.dir/rosidl_generator_py/snp_msgs/srv/_generate_tool_paths_s.c.o
[ 87%] Building C object CMakeFiles/snp_msgs__rosidl_generator_py.dir/rosidl_generator_py/snp_msgs/srv/_execute_motion_plan_s.c.o
[ 88%] Building C object CMakeFiles/snp_msgs__rosidl_generator_py.dir/rosidl_generator_py/snp_msgs/msg/_tool_paths_s.c.o
[ 90%] Linking C shared library rosidl_generator_py/snp_msgs/libsnp_msgs__rosidl_generator_py.so
[ 90%] Built target snp_msgs__rosidl_generator_py
Consolidate compiler generated dependencies of target snp_msgs__rosidl_typesupport_fastrtps_c__pyext
[ 92%] Building C object CMakeFiles/snp_msgs__rosidl_typesupport_fastrtps_c__pyext.dir/rosidl_generator_py/snp_msgs/_snp_msgs_s.ep.rosidl_typesupport_fastrtps_c.c.o
[ 93%] Linking C shared library rosidl_generator_py/snp_msgs/snp_msgs_s__rosidl_typesupport_fastrtps_c.cpython-310-x86_64-linux-gnu.so
[ 93%] Built target snp_msgs__rosidl_typesupport_fastrtps_c__pyext
Consolidate compiler generated dependencies of target snp_msgs__rosidl_typesupport_c__pyext
[ 95%] Building C object CMakeFiles/snp_msgs__rosidl_typesupport_c__pyext.dir/rosidl_generator_py/snp_msgs/_snp_msgs_s.ep.rosidl_typesupport_c.c.o
[ 96%] Linking C shared library rosidl_generator_py/snp_msgs/snp_msgs_s__rosidl_typesupport_c.cpython-310-x86_64-linux-gnu.so
[ 96%] Built target snp_msgs__rosidl_typesupport_c__pyext
Consolidate compiler generated dependencies of target snp_msgs__rosidl_typesupport_introspection_c__pyext
[ 98%] Building C object CMakeFiles/snp_msgs__rosidl_typesupport_introspection_c__pyext.dir/rosidl_generator_py/snp_msgs/_snp_msgs_s.ep.rosidl_typesupport_introspection_c.c.o
[100%] Linking C shared library rosidl_generator_py/snp_msgs/snp_msgs_s__rosidl_typesupport_introspection_c.cpython-310-x86_64-linux-gnu.so
[100%] Built target snp_msgs__rosidl_typesupport_introspection_c__pyext
-- Install configuration: "RelWithDebInfo"
-- Execute custom install script
-- Up-to-date symlink: /home/ubuntu/tesseract_ws/install/snp_msgs/share/ament_index/resource_index/rosidl_interfaces/snp_msgs
-- Up-to-date symlink: /home/ubuntu/tesseract_ws/install/snp_msgs/include/snp_msgs/snp_msgs/msg/detail/tool_path__functions.h
-- Up-to-date symlink: /home/ubuntu/tesseract_ws/install/snp_msgs/include/snp_msgs/snp_msgs/msg/detail/tool_path__struct.h
-- Up-to-date symlink: /home/ubuntu/tesseract_ws/install/snp_msgs/include/snp_msgs/snp_msgs/msg/detail/tool_path__type_support.h
-- Up-to-date symlink: /home/ubuntu/tesseract_ws/install/snp_msgs/include/snp_msgs/snp_msgs/msg/detail/tool_paths__functions.h
-- Up-to-date symlink: /home/ubuntu/tesseract_ws/install/snp_msgs/include/snp_msgs/snp_msgs/msg/detail/tool_paths__struct.h
-- Up-to-date symlink: /home/ubuntu/tesseract_ws/install/snp_msgs/include/snp_msgs/snp_msgs/msg/detail/tool_paths__type_support.h
-- Up-to-date symlink: /home/ubuntu/tesseract_ws/install/snp_msgs/include/snp_msgs/snp_msgs/msg/rosidl_generator_c__visibility_control.h
-- Up-to-date symlink: /home/ubuntu/tesseract_ws/install/snp_msgs/include/snp_msgs/snp_msgs/msg/tool_path.h
-- Up-to-date symlink: /home/ubuntu/tesseract_ws/install/snp_msgs/include/snp_msgs/snp_msgs/msg/tool_paths.h
-- Up-to-date symlink: /home/ubuntu/tesseract_ws/install/snp_msgs/include/snp_msgs/snp_msgs/srv/detail/execute_motion_plan__functions.h
-- Up-to-date symlink: /home/ubuntu/tesseract_ws/install/snp_msgs/include/snp_msgs/snp_msgs/srv/detail/execute_motion_plan__struct.h
-- Up-to-date symlink: /home/ubuntu/tesseract_ws/install/snp_msgs/include/snp_msgs/snp_msgs/srv/detail/execute_motion_plan__type_support.h
-- Up-to-date symlink: /home/ubuntu/tesseract_ws/install/snp_msgs/include/snp_msgs/snp_msgs/srv/detail/generate_motion_plan__functions.h
-- Up-to-date symlink: /home/ubuntu/tesseract_ws/install/snp_msgs/include/snp_msgs/snp_msgs/srv/detail/generate_motion_plan__struct.h
-- Up-to-date symlink: /home/ubuntu/tesseract_ws/install/snp_msgs/include/snp_msgs/snp_msgs/srv/detail/generate_motion_plan__type_support.h
-- Up-to-date symlink: /home/ubuntu/tesseract_ws/install/snp_msgs/include/snp_msgs/snp_msgs/srv/detail/generate_tool_paths__functions.h
-- Up-to-date symlink: /home/ubuntu/tesseract_ws/install/snp_msgs/include/snp_msgs/snp_msgs/srv/detail/generate_tool_paths__struct.h
-- Up-to-date symlink: /home/ubuntu/tesseract_ws/install/snp_msgs/include/snp_msgs/snp_msgs/srv/detail/generate_tool_paths__type_support.h
-- Up-to-date symlink: /home/ubuntu/tesseract_ws/install/snp_msgs/include/snp_msgs/snp_msgs/srv/execute_motion_plan.h
-- Up-to-date symlink: /home/ubuntu/tesseract_ws/install/snp_msgs/include/snp_msgs/snp_msgs/srv/generate_motion_plan.h
-- Up-to-date symlink: /home/ubuntu/tesseract_ws/install/snp_msgs/include/snp_msgs/snp_msgs/srv/generate_tool_paths.h
-- Up-to-date symlink: /home/ubuntu/tesseract_ws/install/snp_msgs/share/snp_msgs/environment/library_path.sh
-- Up-to-date symlink: /home/ubuntu/tesseract_ws/install/snp_msgs/share/snp_msgs/environment/library_path.dsv
-- Up-to-date symlink: /home/ubuntu/tesseract_ws/install/snp_msgs/include/snp_msgs/snp_msgs/msg/detail/tool_path__rosidl_typesupport_fastrtps_c.h
-- Up-to-date symlink: /home/ubuntu/tesseract_ws/install/snp_msgs/include/snp_msgs/snp_msgs/msg/detail/tool_paths__rosidl_typesupport_fastrtps_c.h
-- Up-to-date symlink: /home/ubuntu/tesseract_ws/install/snp_msgs/include/snp_msgs/snp_msgs/msg/rosidl_typesupport_fastrtps_c__visibility_control.h
-- Up-to-date symlink: /home/ubuntu/tesseract_ws/install/snp_msgs/include/snp_msgs/snp_msgs/srv/detail/execute_motion_plan__rosidl_typesupport_fastrtps_c.h
-- Up-to-date symlink: /home/ubuntu/tesseract_ws/install/snp_msgs/include/snp_msgs/snp_msgs/srv/detail/generate_motion_plan__rosidl_typesupport_fastrtps_c.h
-- Up-to-date symlink: /home/ubuntu/tesseract_ws/install/snp_msgs/include/snp_msgs/snp_msgs/srv/detail/generate_tool_paths__rosidl_typesupport_fastrtps_c.h
-- Up-to-date symlink: /home/ubuntu/tesseract_ws/install/snp_msgs/include/snp_msgs/snp_msgs/msg/detail/tool_path__builder.hpp
-- Up-to-date symlink: /home/ubuntu/tesseract_ws/install/snp_msgs/include/snp_msgs/snp_msgs/msg/detail/tool_path__struct.hpp
-- Up-to-date symlink: /home/ubuntu/tesseract_ws/install/snp_msgs/include/snp_msgs/snp_msgs/msg/detail/tool_path__traits.hpp
-- Up-to-date symlink: /home/ubuntu/tesseract_ws/install/snp_msgs/include/snp_msgs/snp_msgs/msg/detail/tool_paths__builder.hpp
-- Up-to-date symlink: /home/ubuntu/tesseract_ws/install/snp_msgs/include/snp_msgs/snp_msgs/msg/detail/tool_paths__struct.hpp
-- Up-to-date symlink: /home/ubuntu/tesseract_ws/install/snp_msgs/include/snp_msgs/snp_msgs/msg/detail/tool_paths__traits.hpp
-- Up-to-date symlink: /home/ubuntu/tesseract_ws/install/snp_msgs/include/snp_msgs/snp_msgs/msg/tool_path.hpp
-- Up-to-date symlink: /home/ubuntu/tesseract_ws/install/snp_msgs/include/snp_msgs/snp_msgs/msg/tool_paths.hpp
-- Up-to-date symlink: /home/ubuntu/tesseract_ws/install/snp_msgs/include/snp_msgs/snp_msgs/srv/detail/execute_motion_plan__builder.hpp
-- Up-to-date symlink: /home/ubuntu/tesseract_ws/install/snp_msgs/include/snp_msgs/snp_msgs/srv/detail/execute_motion_plan__struct.hpp
-- Up-to-date symlink: /home/ubuntu/tesseract_ws/install/snp_msgs/include/snp_msgs/snp_msgs/srv/detail/execute_motion_plan__traits.hpp
-- Up-to-date symlink: /home/ubuntu/tesseract_ws/install/snp_msgs/include/snp_msgs/snp_msgs/srv/detail/generate_motion_plan__builder.hpp
-- Up-to-date symlink: /home/ubuntu/tesseract_ws/install/snp_msgs/include/snp_msgs/snp_msgs/srv/detail/generate_motion_plan__struct.hpp
-- Up-to-date symlink: /home/ubuntu/tesseract_ws/install/snp_msgs/include/snp_msgs/snp_msgs/srv/detail/generate_motion_plan__traits.hpp
-- Up-to-date symlink: /home/ubuntu/tesseract_ws/install/snp_msgs/include/snp_msgs/snp_msgs/srv/detail/generate_tool_paths__builder.hpp
-- Up-to-date symlink: /home/ubuntu/tesseract_ws/install/snp_msgs/include/snp_msgs/snp_msgs/srv/detail/generate_tool_paths__struct.hpp
-- Up-to-date symlink: /home/ubuntu/tesseract_ws/install/snp_msgs/include/snp_msgs/snp_msgs/srv/detail/generate_tool_paths__traits.hpp
-- Up-to-date symlink: /home/ubuntu/tesseract_ws/install/snp_msgs/include/snp_msgs/snp_msgs/srv/execute_motion_plan.hpp
-- Up-to-date symlink: /home/ubuntu/tesseract_ws/install/snp_msgs/include/snp_msgs/snp_msgs/srv/generate_motion_plan.hpp
-- Up-to-date symlink: /home/ubuntu/tesseract_ws/install/snp_msgs/include/snp_msgs/snp_msgs/srv/generate_tool_paths.hpp
-- Up-to-date symlink: /home/ubuntu/tesseract_ws/install/snp_msgs/include/snp_msgs/snp_msgs/msg/detail/tool_path__rosidl_typesupport_fastrtps_cpp.hpp
-- Up-to-date symlink: /home/ubuntu/tesseract_ws/install/snp_msgs/include/snp_msgs/snp_msgs/msg/detail/tool_paths__rosidl_typesupport_fastrtps_cpp.hpp
-- Up-to-date symlink: /home/ubuntu/tesseract_ws/install/snp_msgs/include/snp_msgs/snp_msgs/msg/rosidl_typesupport_fastrtps_cpp__visibility_control.h
-- Up-to-date symlink: /home/ubuntu/tesseract_ws/install/snp_msgs/include/snp_msgs/snp_msgs/srv/detail/execute_motion_plan__rosidl_typesupport_fastrtps_cpp.hpp
-- Up-to-date symlink: /home/ubuntu/tesseract_ws/install/snp_msgs/include/snp_msgs/snp_msgs/srv/detail/generate_motion_plan__rosidl_typesupport_fastrtps_cpp.hpp
-- Up-to-date symlink: /home/ubuntu/tesseract_ws/install/snp_msgs/include/snp_msgs/snp_msgs/srv/detail/generate_tool_paths__rosidl_typesupport_fastrtps_cpp.hpp
-- Up-to-date symlink: /home/ubuntu/tesseract_ws/install/snp_msgs/include/snp_msgs/snp_msgs/msg/detail/tool_path__rosidl_typesupport_introspection_c.h
-- Up-to-date symlink: /home/ubuntu/tesseract_ws/install/snp_msgs/include/snp_msgs/snp_msgs/msg/detail/tool_paths__rosidl_typesupport_introspection_c.h
-- Up-to-date symlink: /home/ubuntu/tesseract_ws/install/snp_msgs/include/snp_msgs/snp_msgs/msg/rosidl_typesupport_introspection_c__visibility_control.h
-- Up-to-date symlink: /home/ubuntu/tesseract_ws/install/snp_msgs/include/snp_msgs/snp_msgs/srv/detail/execute_motion_plan__rosidl_typesupport_introspection_c.h
-- Up-to-date symlink: /home/ubuntu/tesseract_ws/install/snp_msgs/include/snp_msgs/snp_msgs/srv/detail/generate_motion_plan__rosidl_typesupport_introspection_c.h
-- Up-to-date symlink: /home/ubuntu/tesseract_ws/install/snp_msgs/include/snp_msgs/snp_msgs/srv/detail/generate_tool_paths__rosidl_typesupport_introspection_c.h
-- Up-to-date symlink: /home/ubuntu/tesseract_ws/install/snp_msgs/include/snp_msgs/snp_msgs/msg/detail/tool_path__rosidl_typesupport_introspection_cpp.hpp
-- Up-to-date symlink: /home/ubuntu/tesseract_ws/install/snp_msgs/include/snp_msgs/snp_msgs/msg/detail/tool_paths__rosidl_typesupport_introspection_cpp.hpp
-- Up-to-date symlink: /home/ubuntu/tesseract_ws/install/snp_msgs/include/snp_msgs/snp_msgs/srv/detail/execute_motion_plan__rosidl_typesupport_introspection_cpp.hpp
-- Up-to-date symlink: /home/ubuntu/tesseract_ws/install/snp_msgs/include/snp_msgs/snp_msgs/srv/detail/generate_motion_plan__rosidl_typesupport_introspection_cpp.hpp
-- Up-to-date symlink: /home/ubuntu/tesseract_ws/install/snp_msgs/include/snp_msgs/snp_msgs/srv/detail/generate_tool_paths__rosidl_typesupport_introspection_cpp.hpp
-- Up-to-date symlink: /home/ubuntu/tesseract_ws/install/snp_msgs/share/snp_msgs/environment/pythonpath.sh
-- Up-to-date symlink: /home/ubuntu/tesseract_ws/install/snp_msgs/share/snp_msgs/environment/pythonpath.dsv
-- Up-to-date symlink: /home/ubuntu/tesseract_ws/install/snp_msgs/local/lib/python3.10/dist-packages/snp_msgs-0.0.0-py3.10.egg-info/PKG-INFO
-- Up-to-date symlink: /home/ubuntu/tesseract_ws/install/snp_msgs/local/lib/python3.10/dist-packages/snp_msgs-0.0.0-py3.10.egg-info/SOURCES.txt
-- Up-to-date symlink: /home/ubuntu/tesseract_ws/install/snp_msgs/local/lib/python3.10/dist-packages/snp_msgs-0.0.0-py3.10.egg-info/dependency_links.txt
-- Up-to-date symlink: /home/ubuntu/tesseract_ws/install/snp_msgs/local/lib/python3.10/dist-packages/snp_msgs-0.0.0-py3.10.egg-info/top_level.txt
-- Up-to-date symlink: /home/ubuntu/tesseract_ws/install/snp_msgs/local/lib/python3.10/dist-packages/snp_msgs/__init__.py
-- Up-to-date symlink: /home/ubuntu/tesseract_ws/install/snp_msgs/local/lib/python3.10/dist-packages/snp_msgs/_snp_msgs_s.ep.rosidl_typesupport_c.c
-- Up-to-date symlink: /home/ubuntu/tesseract_ws/install/snp_msgs/local/lib/python3.10/dist-packages/snp_msgs/_snp_msgs_s.ep.rosidl_typesupport_fastrtps_c.c
-- Up-to-date symlink: /home/ubuntu/tesseract_ws/install/snp_msgs/local/lib/python3.10/dist-packages/snp_msgs/_snp_msgs_s.ep.rosidl_typesupport_introspection_c.c
-- Up-to-date symlink: /home/ubuntu/tesseract_ws/install/snp_msgs/local/lib/python3.10/dist-packages/snp_msgs/libsnp_msgs__rosidl_generator_py.so
-- Up-to-date symlink: /home/ubuntu/tesseract_ws/install/snp_msgs/local/lib/python3.10/dist-packages/snp_msgs/msg/__init__.py
-- Up-to-date symlink: /home/ubuntu/tesseract_ws/install/snp_msgs/local/lib/python3.10/dist-packages/snp_msgs/msg/_tool_path.py
-- Up-to-date symlink: /home/ubuntu/tesseract_ws/install/snp_msgs/local/lib/python3.10/dist-packages/snp_msgs/msg/_tool_path_s.c
-- Up-to-date symlink: /home/ubuntu/tesseract_ws/install/snp_msgs/local/lib/python3.10/dist-packages/snp_msgs/msg/_tool_paths.py
-- Up-to-date symlink: /home/ubuntu/tesseract_ws/install/snp_msgs/local/lib/python3.10/dist-packages/snp_msgs/msg/_tool_paths_s.c
-- Up-to-date symlink: /home/ubuntu/tesseract_ws/install/snp_msgs/local/lib/python3.10/dist-packages/snp_msgs/snp_msgs_s__rosidl_typesupport_c.cpython-310-x86_64-linux-gnu.so
-- Up-to-date symlink: /home/ubuntu/tesseract_ws/install/snp_msgs/local/lib/python3.10/dist-packages/snp_msgs/snp_msgs_s__rosidl_typesupport_fastrtps_c.cpython-310-x86_64-linux-gnu.so
-- Up-to-date symlink: /home/ubuntu/tesseract_ws/install/snp_msgs/local/lib/python3.10/dist-packages/snp_msgs/snp_msgs_s__rosidl_typesupport_introspection_c.cpython-310-x86_64-linux-gnu.so
-- Up-to-date symlink: /home/ubuntu/tesseract_ws/install/snp_msgs/local/lib/python3.10/dist-packages/snp_msgs/srv/__init__.py
-- Up-to-date symlink: /home/ubuntu/tesseract_ws/install/snp_msgs/local/lib/python3.10/dist-packages/snp_msgs/srv/_execute_motion_plan.py
-- Up-to-date symlink: /home/ubuntu/tesseract_ws/install/snp_msgs/local/lib/python3.10/dist-packages/snp_msgs/srv/_execute_motion_plan_s.c
-- Up-to-date symlink: /home/ubuntu/tesseract_ws/install/snp_msgs/local/lib/python3.10/dist-packages/snp_msgs/srv/_generate_motion_plan.py
-- Up-to-date symlink: /home/ubuntu/tesseract_ws/install/snp_msgs/local/lib/python3.10/dist-packages/snp_msgs/srv/_generate_motion_plan_s.c
-- Up-to-date symlink: /home/ubuntu/tesseract_ws/install/snp_msgs/local/lib/python3.10/dist-packages/snp_msgs/srv/_generate_tool_paths.py
-- Up-to-date symlink: /home/ubuntu/tesseract_ws/install/snp_msgs/local/lib/python3.10/dist-packages/snp_msgs/srv/_generate_tool_paths_s.c
-- Up-to-date symlink: /home/ubuntu/tesseract_ws/install/snp_msgs/local/lib/python3.10/dist-packages/snp_msgs/snp_msgs_s__rosidl_typesupport_fastrtps_c.cpython-310-x86_64-linux-gnu.so
-- Up-to-date symlink: /home/ubuntu/tesseract_ws/install/snp_msgs/local/lib/python3.10/dist-packages/snp_msgs/snp_msgs_s__rosidl_typesupport_introspection_c.cpython-310-x86_64-linux-gnu.so
-- Up-to-date symlink: /home/ubuntu/tesseract_ws/install/snp_msgs/local/lib/python3.10/dist-packages/snp_msgs/snp_msgs_s__rosidl_typesupport_c.cpython-310-x86_64-linux-gnu.so
-- Up-to-date symlink: /home/ubuntu/tesseract_ws/install/snp_msgs/share/snp_msgs/msg/ToolPath.idl
-- Up-to-date symlink: /home/ubuntu/tesseract_ws/install/snp_msgs/share/snp_msgs/msg/ToolPaths.idl
-- Up-to-date symlink: /home/ubuntu/tesseract_ws/install/snp_msgs/share/snp_msgs/srv/ExecuteMotionPlan.idl
-- Up-to-date symlink: /home/ubuntu/tesseract_ws/install/snp_msgs/share/snp_msgs/srv/GenerateMotionPlan.idl
-- Up-to-date symlink: /home/ubuntu/tesseract_ws/install/snp_msgs/share/snp_msgs/srv/GenerateToolPaths.idl
-- Up-to-date symlink: /home/ubuntu/tesseract_ws/install/snp_msgs/share/snp_msgs/msg/ToolPath.msg
-- Up-to-date symlink: /home/ubuntu/tesseract_ws/install/snp_msgs/share/snp_msgs/msg/ToolPaths.msg
-- Up-to-date symlink: /home/ubuntu/tesseract_ws/install/snp_msgs/share/snp_msgs/srv/ExecuteMotionPlan.srv
-- Up-to-date symlink: /home/ubuntu/tesseract_ws/install/snp_msgs/share/snp_msgs/srv/ExecuteMotionPlan_Request.msg
-- Up-to-date symlink: /home/ubuntu/tesseract_ws/install/snp_msgs/share/snp_msgs/srv/ExecuteMotionPlan_Response.msg
-- Up-to-date symlink: /home/ubuntu/tesseract_ws/install/snp_msgs/share/snp_msgs/srv/GenerateMotionPlan.srv
-- Up-to-date symlink: /home/ubuntu/tesseract_ws/install/snp_msgs/share/snp_msgs/srv/GenerateMotionPlan_Request.msg
-- Up-to-date symlink: /home/ubuntu/tesseract_ws/install/snp_msgs/share/snp_msgs/srv/GenerateMotionPlan_Response.msg
-- Up-to-date symlink: /home/ubuntu/tesseract_ws/install/snp_msgs/share/snp_msgs/srv/GenerateToolPaths.srv
-- Up-to-date symlink: /home/ubuntu/tesseract_ws/install/snp_msgs/share/snp_msgs/srv/GenerateToolPaths_Request.msg
-- Up-to-date symlink: /home/ubuntu/tesseract_ws/install/snp_msgs/share/snp_msgs/srv/GenerateToolPaths_Response.msg
-- Up-to-date symlink: /home/ubuntu/tesseract_ws/install/snp_msgs/share/ament_index/resource_index/package_run_dependencies/snp_msgs
-- Up-to-date symlink: /home/ubuntu/tesseract_ws/install/snp_msgs/share/ament_index/resource_index/parent_prefix_path/snp_msgs
-- Up-to-date symlink: /home/ubuntu/tesseract_ws/install/snp_msgs/share/snp_msgs/environment/ament_prefix_path.sh
-- Up-to-date symlink: /home/ubuntu/tesseract_ws/install/snp_msgs/share/snp_msgs/environment/ament_prefix_path.dsv
-- Up-to-date symlink: /home/ubuntu/tesseract_ws/install/snp_msgs/share/snp_msgs/environment/path.sh
-- Up-to-date symlink: /home/ubuntu/tesseract_ws/install/snp_msgs/share/snp_msgs/environment/path.dsv
-- Up-to-date symlink: /home/ubuntu/tesseract_ws/install/snp_msgs/share/snp_msgs/local_setup.bash
-- Up-to-date symlink: /home/ubuntu/tesseract_ws/install/snp_msgs/share/snp_msgs/local_setup.sh
-- Up-to-date symlink: /home/ubuntu/tesseract_ws/install/snp_msgs/share/snp_msgs/local_setup.zsh
-- Up-to-date symlink: /home/ubuntu/tesseract_ws/install/snp_msgs/share/snp_msgs/local_setup.dsv
-- Symlinking: /home/ubuntu/tesseract_ws/install/snp_msgs/share/snp_msgs/package.dsv
-- Up-to-date symlink: /home/ubuntu/tesseract_ws/install/snp_msgs/share/ament_index/resource_index/packages/snp_msgs
-- Up-to-date symlink: /home/ubuntu/tesseract_ws/install/snp_msgs/share/snp_msgs/cmake/rosidl_cmake-extras.cmake
-- Up-to-date symlink: /home/ubuntu/tesseract_ws/install/snp_msgs/share/snp_msgs/cmake/ament_cmake_export_dependencies-extras.cmake
-- Up-to-date symlink: /home/ubuntu/tesseract_ws/install/snp_msgs/share/snp_msgs/cmake/ament_cmake_export_include_directories-extras.cmake
-- Up-to-date symlink: /home/ubuntu/tesseract_ws/install/snp_msgs/share/snp_msgs/cmake/ament_cmake_export_libraries-extras.cmake
-- Up-to-date symlink: /home/ubuntu/tesseract_ws/install/snp_msgs/share/snp_msgs/cmake/ament_cmake_export_targets-extras.cmake
-- Up-to-date symlink: /home/ubuntu/tesseract_ws/install/snp_msgs/share/snp_msgs/cmake/rosidl_cmake_export_typesupport_targets-extras.cmake
-- Up-to-date symlink: /home/ubuntu/tesseract_ws/install/snp_msgs/share/snp_msgs/cmake/rosidl_cmake_export_typesupport_libraries-extras.cmake
-- Up-to-date symlink: /home/ubuntu/tesseract_ws/install/snp_msgs/share/snp_msgs/cmake/snp_msgsConfig.cmake
-- Up-to-date symlink: /home/ubuntu/tesseract_ws/install/snp_msgs/share/snp_msgs/cmake/snp_msgsConfig-version.cmake
-- Up-to-date symlink: /home/ubuntu/tesseract_ws/install/snp_msgs/share/snp_msgs/package.xml
-- Installing: /home/ubuntu/tesseract_ws/install/snp_msgs/lib/libsnp_msgs__rosidl_generator_c.so
-- Set runtime path of "/home/ubuntu/tesseract_ws/install/snp_msgs/lib/libsnp_msgs__rosidl_generator_c.so" to ""
-- Installing: /home/ubuntu/tesseract_ws/install/snp_msgs/lib/libsnp_msgs__rosidl_typesupport_fastrtps_c.so
-- Set runtime path of "/home/ubuntu/tesseract_ws/install/snp_msgs/lib/libsnp_msgs__rosidl_typesupport_fastrtps_c.so" to ""
-- Installing: /home/ubuntu/tesseract_ws/install/snp_msgs/lib/libsnp_msgs__rosidl_typesupport_fastrtps_cpp.so
-- Set runtime path of "/home/ubuntu/tesseract_ws/install/snp_msgs/lib/libsnp_msgs__rosidl_typesupport_fastrtps_cpp.so" to ""
-- Installing: /home/ubuntu/tesseract_ws/install/snp_msgs/lib/libsnp_msgs__rosidl_typesupport_introspection_c.so
-- Set runtime path of "/home/ubuntu/tesseract_ws/install/snp_msgs/lib/libsnp_msgs__rosidl_typesupport_introspection_c.so" to ""
-- Installing: /home/ubuntu/tesseract_ws/install/snp_msgs/lib/libsnp_msgs__rosidl_typesupport_c.so
-- Set runtime path of "/home/ubuntu/tesseract_ws/install/snp_msgs/lib/libsnp_msgs__rosidl_typesupport_c.so" to ""
-- Installing: /home/ubuntu/tesseract_ws/install/snp_msgs/lib/libsnp_msgs__rosidl_typesupport_introspection_cpp.so
-- Set runtime path of "/home/ubuntu/tesseract_ws/install/snp_msgs/lib/libsnp_msgs__rosidl_typesupport_introspection_cpp.so" to ""
-- Installing: /home/ubuntu/tesseract_ws/install/snp_msgs/lib/libsnp_msgs__rosidl_typesupport_cpp.so
-- Set runtime path of "/home/ubuntu/tesseract_ws/install/snp_msgs/lib/libsnp_msgs__rosidl_typesupport_cpp.so" to ""
Listing '/home/ubuntu/tesseract_ws/install/snp_msgs/local/lib/python3.10/dist-packages/snp_msgs'...
Compiling '/home/ubuntu/tesseract_ws/install/snp_msgs/local/lib/python3.10/dist-packages/snp_msgs/__init__.py'...
Listing '/home/ubuntu/tesseract_ws/install/snp_msgs/local/lib/python3.10/dist-packages/snp_msgs/msg'...
Listing '/home/ubuntu/tesseract_ws/install/snp_msgs/local/lib/python3.10/dist-packages/snp_msgs/srv'...
-- Installing: /home/ubuntu/tesseract_ws/install/snp_msgs/lib/libsnp_msgs__rosidl_generator_py.so
-- Set runtime path of "/home/ubuntu/tesseract_ws/install/snp_msgs/lib/libsnp_msgs__rosidl_generator_py.so" to ""
-- Up-to-date: /home/ubuntu/tesseract_ws/install/snp_msgs/share/snp_msgs/cmake/export_snp_msgs__rosidl_generator_cExport.cmake
-- Installing: /home/ubuntu/tesseract_ws/install/snp_msgs/share/snp_msgs/cmake/export_snp_msgs__rosidl_generator_cExport-relwithdebinfo.cmake
-- Up-to-date: /home/ubuntu/tesseract_ws/install/snp_msgs/share/snp_msgs/cmake/export_snp_msgs__rosidl_typesupport_fastrtps_cExport.cmake
-- Installing: /home/ubuntu/tesseract_ws/install/snp_msgs/share/snp_msgs/cmake/export_snp_msgs__rosidl_typesupport_fastrtps_cExport-relwithdebinfo.cmake
-- Up-to-date: /home/ubuntu/tesseract_ws/install/snp_msgs/share/snp_msgs/cmake/export_snp_msgs__rosidl_generator_cppExport.cmake
-- Up-to-date: /home/ubuntu/tesseract_ws/install/snp_msgs/share/snp_msgs/cmake/export_snp_msgs__rosidl_typesupport_fastrtps_cppExport.cmake
-- Installing: /home/ubuntu/tesseract_ws/install/snp_msgs/share/snp_msgs/cmake/export_snp_msgs__rosidl_typesupport_fastrtps_cppExport-relwithdebinfo.cmake
-- Up-to-date: /home/ubuntu/tesseract_ws/install/snp_msgs/share/snp_msgs/cmake/snp_msgs__rosidl_typesupport_introspection_cExport.cmake
-- Installing: /home/ubuntu/tesseract_ws/install/snp_msgs/share/snp_msgs/cmake/snp_msgs__rosidl_typesupport_introspection_cExport-relwithdebinfo.cmake
-- Up-to-date: /home/ubuntu/tesseract_ws/install/snp_msgs/share/snp_msgs/cmake/snp_msgs__rosidl_typesupport_cExport.cmake
-- Installing: /home/ubuntu/tesseract_ws/install/snp_msgs/share/snp_msgs/cmake/snp_msgs__rosidl_typesupport_cExport-relwithdebinfo.cmake
-- Up-to-date: /home/ubuntu/tesseract_ws/install/snp_msgs/share/snp_msgs/cmake/snp_msgs__rosidl_typesupport_introspection_cppExport.cmake
-- Installing: /home/ubuntu/tesseract_ws/install/snp_msgs/share/snp_msgs/cmake/snp_msgs__rosidl_typesupport_introspection_cppExport-relwithdebinfo.cmake
-- Up-to-date: /home/ubuntu/tesseract_ws/install/snp_msgs/share/snp_msgs/cmake/snp_msgs__rosidl_typesupport_cppExport.cmake
-- Installing: /home/ubuntu/tesseract_ws/install/snp_msgs/share/snp_msgs/cmake/snp_msgs__rosidl_typesupport_cppExport-relwithdebinfo.cmake
-- Up-to-date: /home/ubuntu/tesseract_ws/install/snp_msgs/share/snp_msgs/cmake/export_snp_msgs__rosidl_generator_pyExport.cmake
-- Installing: /home/ubuntu/tesseract_ws/install/snp_msgs/share/snp_msgs/cmake/export_snp_msgs__rosidl_generator_pyExport-relwithdebinfo.cmake
