-- The C compiler identification is GNU 11.3.0
-- The CXX compiler identification is GNU 11.3.0
-- Detecting C compiler ABI info
-- Detecting C compiler ABI info - done
-- Check for working C compiler: /usr/bin/cc - skipped
-- Detecting C compile features
-- Detecting C compile features - done
-- Detecting CXX compiler ABI info
-- Detecting CXX compiler ABI info - done
-- Check for working CXX compiler: /usr/bin/c++ - skipped
-- Detecting CXX compile features
-- Detecting CXX compile features - done
-- Found ament_cmake: 1.3.5 (/opt/ros/humble/share/ament_cmake/cmake)
-- Found Python3: /usr/bin/python3.10 (found version "3.10.6") found components: Interpreter 
-- Override CMake install command with custom implementation using symlinks instead of copying resources
-- Found myworkcell_core: 0.0.0 (/home/ubuntu/ros2_ws/install/myworkcell_core/share/myworkcell_core/cmake)
-- Found rosidl_generator_c: 3.1.4 (/opt/ros/humble/share/rosidl_generator_c/cmake)
-- Found rosidl_adapter: 3.1.4 (/opt/ros/humble/share/rosidl_adapter/cmake)
-- Found rosidl_generator_cpp: 3.1.4 (/opt/ros/humble/share/rosidl_generator_cpp/cmake)
-- Using all available rosidl_typesupport_c: rosidl_typesupport_fastrtps_c;rosidl_typesupport_introspection_c
-- Using all available rosidl_typesupport_cpp: rosidl_typesupport_fastrtps_cpp;rosidl_typesupport_introspection_cpp
-- Found tf2_ros: 0.25.2 (/opt/ros/humble/share/tf2_ros/cmake)
-- Found rmw_implementation_cmake: 6.1.1 (/opt/ros/humble/share/rmw_implementation_cmake/cmake)
-- Found rmw_fastrtps_cpp: 6.2.2 (/opt/ros/humble/share/rmw_fastrtps_cpp/cmake)
-- Found OpenSSL: /usr/lib/x86_64-linux-gnu/libcrypto.so (found version "3.0.2")  
-- Found FastRTPS: /opt/ros/humble/include  
-- Using RMW implementation 'rmw_fastrtps_cpp' as default
-- Looking for pthread.h
-- Looking for pthread.h - found
-- Performing Test CMAKE_HAVE_LIBC_PTHREAD
-- Performing Test CMAKE_HAVE_LIBC_PTHREAD - Success
-- Found Threads: TRUE  
-- Found tf2_geometry_msgs: 0.25.2 (/opt/ros/humble/share/tf2_geometry_msgs/cmake)
-- Found eigen3_cmake_module: 0.1.1 (/opt/ros/humble/share/eigen3_cmake_module/cmake)
-- Found Eigen3: TRUE (found version "3.4.0") 
-- Ensuring Eigen3 include directory is part of orocos-kdl CMake target
-- Found ament_lint_auto: 0.12.6 (/opt/ros/humble/share/ament_lint_auto/cmake)
-- Added test 'copyright' to check source files copyright and LICENSE
-- Added test 'flake8' to check Python code syntax and style conventions
-- Added test 'lint_cmake' to check CMake code style
-- Added test 'pep257' to check Python code against some of the docstring style conventions in PEP 257
-- Added test 'xmllint' to check XML markup files
-- Configuring done
-- Generating done
-- Build files have been written to: /home/ubuntu/ros2_ws/build/myworkcell_support
-- Install configuration: ""
-- Execute custom install script
-- Symlinking: /home/ubuntu/ros2_ws/install/myworkcell_support/share/myworkcell_support//launch/urdf.launch.py
-- Symlinking: /home/ubuntu/ros2_ws/install/myworkcell_support/share/myworkcell_support//launch/workcell.launch.py
-- Up-to-date symlink: /home/ubuntu/ros2_ws/install/myworkcell_support/share/myworkcell_support//launch/urdf.launch.py
-- Up-to-date symlink: /home/ubuntu/ros2_ws/install/myworkcell_support/share/myworkcell_support//launch/workcell.launch.py
-- Symlinking: /home/ubuntu/ros2_ws/install/myworkcell_support/share/myworkcell_support//urdf/workcell.urdf.xacro
-- Symlinking: /home/ubuntu/ros2_ws/install/myworkcell_support/share/ament_index/resource_index/package_run_dependencies/myworkcell_support
-- Symlinking: /home/ubuntu/ros2_ws/install/myworkcell_support/share/ament_index/resource_index/parent_prefix_path/myworkcell_support
-- Symlinking: /home/ubuntu/ros2_ws/install/myworkcell_support/share/myworkcell_support/environment/ament_prefix_path.sh
-- Symlinking: /home/ubuntu/ros2_ws/install/myworkcell_support/share/myworkcell_support/environment/ament_prefix_path.dsv
-- Symlinking: /home/ubuntu/ros2_ws/install/myworkcell_support/share/myworkcell_support/environment/path.sh
-- Symlinking: /home/ubuntu/ros2_ws/install/myworkcell_support/share/myworkcell_support/environment/path.dsv
-- Symlinking: /home/ubuntu/ros2_ws/install/myworkcell_support/share/myworkcell_support/local_setup.bash
-- Symlinking: /home/ubuntu/ros2_ws/install/myworkcell_support/share/myworkcell_support/local_setup.sh
-- Symlinking: /home/ubuntu/ros2_ws/install/myworkcell_support/share/myworkcell_support/local_setup.zsh
-- Symlinking: /home/ubuntu/ros2_ws/install/myworkcell_support/share/myworkcell_support/local_setup.dsv
-- Symlinking: /home/ubuntu/ros2_ws/install/myworkcell_support/share/myworkcell_support/package.dsv
-- Symlinking: /home/ubuntu/ros2_ws/install/myworkcell_support/share/ament_index/resource_index/packages/myworkcell_support
-- Symlinking: /home/ubuntu/ros2_ws/install/myworkcell_support/share/myworkcell_support/cmake/myworkcell_supportConfig.cmake
-- Symlinking: /home/ubuntu/ros2_ws/install/myworkcell_support/share/myworkcell_support/cmake/myworkcell_supportConfig-version.cmake
-- Symlinking: /home/ubuntu/ros2_ws/install/myworkcell_support/share/myworkcell_support/package.xml
