[0.014s] Invoking command in '/home/ubuntu/ros2_ws/build/myworkcell_support': CMAKE_PREFIX_PATH=/home/ubuntu/ros2_ws/install/myworkcell_core:/home/ubuntu/ros2_ws/install/fake_ar_publisher:/home/ubuntu/ros2_ws/install/myworkcell_moveit_config:/home/ubuntu/ros2_ws/install/myworkcell_support:/opt/ros/humble /usr/bin/cmake /home/ubuntu/ros2_ws/src/myworkcell_support -DAMENT_CMAKE_SYMLINK_INSTALL=1 -DCMAKE_INSTALL_PREFIX=/home/ubuntu/ros2_ws/install/myworkcell_support
[0.074s] -- The C compiler identification is GNU 11.3.0
[0.135s] -- The CXX compiler identification is GNU 11.3.0
[0.143s] -- Detecting C compiler ABI info
[0.215s] -- Detecting C compiler ABI info - done
[0.223s] -- Check for working C compiler: /usr/bin/cc - skipped
[0.224s] -- Detecting C compile features
[0.224s] -- Detecting C compile features - done
[0.227s] -- Detecting CXX compiler ABI info
[0.312s] -- Detecting CXX compiler ABI info - done
[0.321s] -- Check for working CXX compiler: /usr/bin/c++ - skipped
[0.321s] -- Detecting CXX compile features
[0.322s] -- Detecting CXX compile features - done
[0.324s] -- Found ament_cmake: 1.3.5 (/opt/ros/humble/share/ament_cmake/cmake)
[0.512s] -- Found Python3: /usr/bin/python3.10 (found version "3.10.6") found components: Interpreter 
[0.579s] -- Override CMake install command with custom implementation using symlinks instead of copying resources
[0.609s] -- Found myworkcell_core: 0.0.0 (/home/ubuntu/ros2_ws/install/myworkcell_core/share/myworkcell_core/cmake)
[0.655s] -- Found rosidl_generator_c: 3.1.4 (/opt/ros/humble/share/rosidl_generator_c/cmake)
[0.661s] -- Found rosidl_adapter: 3.1.4 (/opt/ros/humble/share/rosidl_adapter/cmake)
[0.670s] -- Found rosidl_generator_cpp: 3.1.4 (/opt/ros/humble/share/rosidl_generator_cpp/cmake)
[0.688s] -- Using all available rosidl_typesupport_c: rosidl_typesupport_fastrtps_c;rosidl_typesupport_introspection_c
[0.710s] -- Using all available rosidl_typesupport_cpp: rosidl_typesupport_fastrtps_cpp;rosidl_typesupport_introspection_cpp
[0.965s] -- Found tf2_ros: 0.25.2 (/opt/ros/humble/share/tf2_ros/cmake)
[1.120s] -- Found rmw_implementation_cmake: 6.1.1 (/opt/ros/humble/share/rmw_implementation_cmake/cmake)
[1.123s] -- Found rmw_fastrtps_cpp: 6.2.2 (/opt/ros/humble/share/rmw_fastrtps_cpp/cmake)
[1.227s] -- Found OpenSSL: /usr/lib/x86_64-linux-gnu/libcrypto.so (found version "3.0.2")  
[1.259s] -- Found FastRTPS: /opt/ros/humble/include  
[1.315s] -- Using RMW implementation 'rmw_fastrtps_cpp' as default
[1.326s] -- Looking for pthread.h
[1.401s] -- Looking for pthread.h - found
[1.401s] -- Performing Test CMAKE_HAVE_LIBC_PTHREAD
[1.476s] -- Performing Test CMAKE_HAVE_LIBC_PTHREAD - Success
[1.477s] -- Found Threads: TRUE  
[2.000s] -- Found tf2_geometry_msgs: 0.25.2 (/opt/ros/humble/share/tf2_geometry_msgs/cmake)
[2.017s] -- Found eigen3_cmake_module: 0.1.1 (/opt/ros/humble/share/eigen3_cmake_module/cmake)
[2.019s] -- Found Eigen3: TRUE (found version "3.4.0") 
[2.019s] -- Ensuring Eigen3 include directory is part of orocos-kdl CMake target
[2.032s] -- Found ament_lint_auto: 0.12.6 (/opt/ros/humble/share/ament_lint_auto/cmake)
[2.125s] -- Added test 'copyright' to check source files copyright and LICENSE
[2.127s] -- Added test 'flake8' to check Python code syntax and style conventions
[2.127s] -- Added test 'lint_cmake' to check CMake code style
[2.128s] -- Added test 'pep257' to check Python code against some of the docstring style conventions in PEP 257
[2.129s] -- Added test 'xmllint' to check XML markup files
[2.130s] -- Configuring done
[2.136s] -- Generating done
[2.138s] -- Build files have been written to: /home/ubuntu/ros2_ws/build/myworkcell_support
[2.151s] Invoked command in '/home/ubuntu/ros2_ws/build/myworkcell_support' returned '0': CMAKE_PREFIX_PATH=/home/ubuntu/ros2_ws/install/myworkcell_core:/home/ubuntu/ros2_ws/install/fake_ar_publisher:/home/ubuntu/ros2_ws/install/myworkcell_moveit_config:/home/ubuntu/ros2_ws/install/myworkcell_support:/opt/ros/humble /usr/bin/cmake /home/ubuntu/ros2_ws/src/myworkcell_support -DAMENT_CMAKE_SYMLINK_INSTALL=1 -DCMAKE_INSTALL_PREFIX=/home/ubuntu/ros2_ws/install/myworkcell_support
[2.153s] Invoking command in '/home/ubuntu/ros2_ws/build/myworkcell_support': CMAKE_PREFIX_PATH=/home/ubuntu/ros2_ws/install/myworkcell_core:/home/ubuntu/ros2_ws/install/fake_ar_publisher:/home/ubuntu/ros2_ws/install/myworkcell_moveit_config:/home/ubuntu/ros2_ws/install/myworkcell_support:/opt/ros/humble /usr/bin/cmake --build /home/ubuntu/ros2_ws/build/myworkcell_support -- -j4 -l4
[2.194s] Invoked command in '/home/ubuntu/ros2_ws/build/myworkcell_support' returned '0': CMAKE_PREFIX_PATH=/home/ubuntu/ros2_ws/install/myworkcell_core:/home/ubuntu/ros2_ws/install/fake_ar_publisher:/home/ubuntu/ros2_ws/install/myworkcell_moveit_config:/home/ubuntu/ros2_ws/install/myworkcell_support:/opt/ros/humble /usr/bin/cmake --build /home/ubuntu/ros2_ws/build/myworkcell_support -- -j4 -l4
[2.218s] Invoking command in '/home/ubuntu/ros2_ws/build/myworkcell_support': CMAKE_PREFIX_PATH=/home/ubuntu/ros2_ws/install/myworkcell_core:/home/ubuntu/ros2_ws/install/fake_ar_publisher:/home/ubuntu/ros2_ws/install/myworkcell_moveit_config:/home/ubuntu/ros2_ws/install/myworkcell_support:/opt/ros/humble /usr/bin/cmake --install /home/ubuntu/ros2_ws/build/myworkcell_support
[2.225s] -- Install configuration: ""
[2.225s] -- Execute custom install script
[2.226s] -- Symlinking: /home/ubuntu/ros2_ws/install/myworkcell_support/share/myworkcell_support//launch/urdf.launch.py
[2.234s] -- Symlinking: /home/ubuntu/ros2_ws/install/myworkcell_support/share/myworkcell_support//launch/workcell.launch.py
[2.242s] -- Up-to-date symlink: /home/ubuntu/ros2_ws/install/myworkcell_support/share/myworkcell_support//launch/urdf.launch.py
[2.243s] -- Up-to-date symlink: /home/ubuntu/ros2_ws/install/myworkcell_support/share/myworkcell_support//launch/workcell.launch.py
[2.243s] -- Symlinking: /home/ubuntu/ros2_ws/install/myworkcell_support/share/myworkcell_support//urdf/workcell.urdf.xacro
[2.251s] -- Symlinking: /home/ubuntu/ros2_ws/install/myworkcell_support/share/ament_index/resource_index/package_run_dependencies/myworkcell_support
[2.259s] -- Symlinking: /home/ubuntu/ros2_ws/install/myworkcell_support/share/ament_index/resource_index/parent_prefix_path/myworkcell_support
[2.267s] -- Symlinking: /home/ubuntu/ros2_ws/install/myworkcell_support/share/myworkcell_support/environment/ament_prefix_path.sh
[2.275s] -- Symlinking: /home/ubuntu/ros2_ws/install/myworkcell_support/share/myworkcell_support/environment/ament_prefix_path.dsv
[2.284s] -- Symlinking: /home/ubuntu/ros2_ws/install/myworkcell_support/share/myworkcell_support/environment/path.sh
[2.293s] -- Symlinking: /home/ubuntu/ros2_ws/install/myworkcell_support/share/myworkcell_support/environment/path.dsv
[2.302s] -- Symlinking: /home/ubuntu/ros2_ws/install/myworkcell_support/share/myworkcell_support/local_setup.bash
[2.310s] -- Symlinking: /home/ubuntu/ros2_ws/install/myworkcell_support/share/myworkcell_support/local_setup.sh
[2.319s] -- Symlinking: /home/ubuntu/ros2_ws/install/myworkcell_support/share/myworkcell_support/local_setup.zsh
[2.327s] -- Symlinking: /home/ubuntu/ros2_ws/install/myworkcell_support/share/myworkcell_support/local_setup.dsv
[2.335s] -- Symlinking: /home/ubuntu/ros2_ws/install/myworkcell_support/share/myworkcell_support/package.dsv
[2.342s] -- Symlinking: /home/ubuntu/ros2_ws/install/myworkcell_support/share/ament_index/resource_index/packages/myworkcell_support
[2.350s] -- Symlinking: /home/ubuntu/ros2_ws/install/myworkcell_support/share/myworkcell_support/cmake/myworkcell_supportConfig.cmake
[2.357s] -- Symlinking: /home/ubuntu/ros2_ws/install/myworkcell_support/share/myworkcell_support/cmake/myworkcell_supportConfig-version.cmake
[2.365s] -- Symlinking: /home/ubuntu/ros2_ws/install/myworkcell_support/share/myworkcell_support/package.xml
[2.376s] Invoked command in '/home/ubuntu/ros2_ws/build/myworkcell_support' returned '0': CMAKE_PREFIX_PATH=/home/ubuntu/ros2_ws/install/myworkcell_core:/home/ubuntu/ros2_ws/install/fake_ar_publisher:/home/ubuntu/ros2_ws/install/myworkcell_moveit_config:/home/ubuntu/ros2_ws/install/myworkcell_support:/opt/ros/humble /usr/bin/cmake --install /home/ubuntu/ros2_ws/build/myworkcell_support
