[0.376s] DEBUG:colcon:Command line arguments: ['/usr/bin/colcon', 'build']
[0.376s] DEBUG:colcon:Parsed command line arguments: Namespace(log_base=None, log_level=None, verb_name='build', build_base='build', install_base='install', merge_install=False, symlink_install=False, test_result_base=None, continue_on_error=False, executor='parallel', parallel_workers=4, event_handlers=None, ignore_user_meta=False, metas=['./colcon.meta'], base_paths=['.'], packages_ignore=None, packages_ignore_regex=None, paths=None, packages_up_to=None, packages_up_to_regex=None, packages_above=None, packages_above_and_dependencies=None, packages_above_depth=None, packages_select_by_dep=None, packages_skip_by_dep=None, packages_skip_up_to=None, packages_select_build_failed=False, packages_skip_build_finished=False, packages_select_test_failures=False, packages_skip_test_passed=False, packages_select=None, packages_skip=None, packages_select_regex=None, packages_skip_regex=None, packages_start=None, packages_end=None, allow_overriding=[], cmake_args=None, cmake_target=None, cmake_target_skip_unavailable=False, cmake_clean_cache=False, cmake_clean_first=False, cmake_force_configure=False, ament_cmake_args=None, catkin_cmake_args=None, catkin_skip_building_tests=False, verb_parser=<colcon_defaults.argument_parser.defaults.DefaultArgumentsDecorator object at 0x7f03dacf25c0>, verb_extension=<colcon_core.verb.build.BuildVerb object at 0x7f03db542650>, main=<bound method BuildVerb.main of <colcon_core.verb.build.BuildVerb object at 0x7f03db542650>>)
[0.402s] Level 1:colcon.colcon_core.package_discovery:discover_packages(colcon_meta) check parameters
[0.402s] Level 1:colcon.colcon_core.package_discovery:discover_packages(recursive) check parameters
[0.402s] Level 1:colcon.colcon_core.package_discovery:discover_packages(ignore) check parameters
[0.402s] Level 1:colcon.colcon_core.package_discovery:discover_packages(path) check parameters
[0.402s] Level 1:colcon.colcon_core.package_discovery:discover_packages(colcon_meta) discover
[0.402s] Level 1:colcon.colcon_core.package_discovery:discover_packages(recursive) discover
[0.402s] INFO:colcon.colcon_core.package_discovery:Crawling recursively for packages in '/home/ubuntu/perception_ws'
[0.402s] Level 1:colcon.colcon_core.package_identification:_identify(.) by extensions ['ignore', 'ignore_ament_install']
[0.402s] Level 1:colcon.colcon_core.package_identification:_identify(.) by extension 'ignore'
[0.402s] Level 1:colcon.colcon_core.package_identification:_identify(.) by extension 'ignore_ament_install'
[0.402s] Level 1:colcon.colcon_core.package_identification:_identify(.) by extensions ['colcon_pkg']
[0.402s] Level 1:colcon.colcon_core.package_identification:_identify(.) by extension 'colcon_pkg'
[0.403s] Level 1:colcon.colcon_core.package_identification:_identify(.) by extensions ['colcon_meta']
[0.403s] Level 1:colcon.colcon_core.package_identification:_identify(.) by extension 'colcon_meta'
[0.403s] Level 1:colcon.colcon_core.package_identification:_identify(.) by extensions ['ros']
[0.403s] Level 1:colcon.colcon_core.package_identification:_identify(.) by extension 'ros'
[0.415s] Level 1:colcon.colcon_core.package_identification:_identify(.) by extensions ['cmake', 'python']
[0.415s] Level 1:colcon.colcon_core.package_identification:_identify(.) by extension 'cmake'
[0.415s] Level 1:colcon.colcon_core.package_identification:_identify(.) by extension 'python'
[0.415s] Level 1:colcon.colcon_core.package_identification:_identify(.) by extensions ['python_setup_py']
[0.415s] Level 1:colcon.colcon_core.package_identification:_identify(.) by extension 'python_setup_py'
[0.415s] Level 1:colcon.colcon_core.package_identification:_identify(build) by extensions ['ignore', 'ignore_ament_install']
[0.415s] Level 1:colcon.colcon_core.package_identification:_identify(build) by extension 'ignore'
[0.415s] Level 1:colcon.colcon_core.package_identification:_identify(build) ignored
[0.416s] Level 1:colcon.colcon_core.package_identification:_identify(install) by extensions ['ignore', 'ignore_ament_install']
[0.416s] Level 1:colcon.colcon_core.package_identification:_identify(install) by extension 'ignore'
[0.416s] Level 1:colcon.colcon_core.package_identification:_identify(install) ignored
[0.416s] Level 1:colcon.colcon_core.package_identification:_identify(log) by extensions ['ignore', 'ignore_ament_install']
[0.416s] Level 1:colcon.colcon_core.package_identification:_identify(log) by extension 'ignore'
[0.416s] Level 1:colcon.colcon_core.package_identification:_identify(log) ignored
[0.416s] Level 1:colcon.colcon_core.package_identification:_identify(src) by extensions ['ignore', 'ignore_ament_install']
[0.416s] Level 1:colcon.colcon_core.package_identification:_identify(src) by extension 'ignore'
[0.416s] Level 1:colcon.colcon_core.package_identification:_identify(src) by extension 'ignore_ament_install'
[0.416s] Level 1:colcon.colcon_core.package_identification:_identify(src) by extensions ['colcon_pkg']
[0.416s] Level 1:colcon.colcon_core.package_identification:_identify(src) by extension 'colcon_pkg'
[0.416s] Level 1:colcon.colcon_core.package_identification:_identify(src) by extensions ['colcon_meta']
[0.416s] Level 1:colcon.colcon_core.package_identification:_identify(src) by extension 'colcon_meta'
[0.416s] Level 1:colcon.colcon_core.package_identification:_identify(src) by extensions ['ros']
[0.416s] Level 1:colcon.colcon_core.package_identification:_identify(src) by extension 'ros'
[0.416s] Level 1:colcon.colcon_core.package_identification:_identify(src) by extensions ['cmake', 'python']
[0.416s] Level 1:colcon.colcon_core.package_identification:_identify(src) by extension 'cmake'
[0.416s] Level 1:colcon.colcon_core.package_identification:_identify(src) by extension 'python'
[0.416s] Level 1:colcon.colcon_core.package_identification:_identify(src) by extensions ['python_setup_py']
[0.417s] Level 1:colcon.colcon_core.package_identification:_identify(src) by extension 'python_setup_py'
[0.417s] Level 1:colcon.colcon_core.package_identification:_identify(src/lesson_perception) by extensions ['ignore', 'ignore_ament_install']
[0.417s] Level 1:colcon.colcon_core.package_identification:_identify(src/lesson_perception) by extension 'ignore'
[0.417s] Level 1:colcon.colcon_core.package_identification:_identify(src/lesson_perception) by extension 'ignore_ament_install'
[0.417s] Level 1:colcon.colcon_core.package_identification:_identify(src/lesson_perception) by extensions ['colcon_pkg']
[0.417s] Level 1:colcon.colcon_core.package_identification:_identify(src/lesson_perception) by extension 'colcon_pkg'
[0.417s] Level 1:colcon.colcon_core.package_identification:_identify(src/lesson_perception) by extensions ['colcon_meta']
[0.417s] Level 1:colcon.colcon_core.package_identification:_identify(src/lesson_perception) by extension 'colcon_meta'
[0.417s] Level 1:colcon.colcon_core.package_identification:_identify(src/lesson_perception) by extensions ['ros']
[0.417s] Level 1:colcon.colcon_core.package_identification:_identify(src/lesson_perception) by extension 'ros'
[0.420s] DEBUG:colcon.colcon_core.package_identification:Package 'src/lesson_perception' with type 'ros.ament_cmake' and name 'lesson_perception'
[0.420s] Level 1:colcon.colcon_core.package_discovery:discover_packages(recursive) using defaults
[0.420s] Level 1:colcon.colcon_core.package_discovery:discover_packages(ignore) discover
[0.420s] Level 1:colcon.colcon_core.package_discovery:discover_packages(ignore) using defaults
[0.420s] Level 1:colcon.colcon_core.package_discovery:discover_packages(path) discover
[0.420s] Level 1:colcon.colcon_core.package_discovery:discover_packages(path) using defaults
[0.444s] Level 1:colcon.colcon_core.package_discovery:discover_packages(prefix_path) check parameters
[0.444s] Level 1:colcon.colcon_core.package_discovery:discover_packages(prefix_path) discover
[0.448s] DEBUG:colcon.colcon_installed_package_information.package_discovery:Found 356 installed packages in /opt/ros/humble
[0.450s] Level 1:colcon.colcon_core.package_discovery:discover_packages(prefix_path) using defaults
[0.522s] Level 5:colcon.colcon_core.verb:set package 'lesson_perception' build argument 'cmake_args' from command line to 'None'
[0.522s] Level 5:colcon.colcon_core.verb:set package 'lesson_perception' build argument 'cmake_target' from command line to 'None'
[0.522s] Level 5:colcon.colcon_core.verb:set package 'lesson_perception' build argument 'cmake_target_skip_unavailable' from command line to 'False'
[0.522s] Level 5:colcon.colcon_core.verb:set package 'lesson_perception' build argument 'cmake_clean_cache' from command line to 'False'
[0.522s] Level 5:colcon.colcon_core.verb:set package 'lesson_perception' build argument 'cmake_clean_first' from command line to 'False'
[0.522s] Level 5:colcon.colcon_core.verb:set package 'lesson_perception' build argument 'cmake_force_configure' from command line to 'False'
[0.522s] Level 5:colcon.colcon_core.verb:set package 'lesson_perception' build argument 'ament_cmake_args' from command line to 'None'
[0.522s] Level 5:colcon.colcon_core.verb:set package 'lesson_perception' build argument 'catkin_cmake_args' from command line to 'None'
[0.522s] Level 5:colcon.colcon_core.verb:set package 'lesson_perception' build argument 'catkin_skip_building_tests' from command line to 'False'
[0.523s] DEBUG:colcon.colcon_core.verb:Building package 'lesson_perception' with the following arguments: {'ament_cmake_args': None, 'build_base': '/home/ubuntu/perception_ws/build/lesson_perception', 'catkin_cmake_args': None, 'catkin_skip_building_tests': False, 'cmake_args': None, 'cmake_clean_cache': False, 'cmake_clean_first': False, 'cmake_force_configure': False, 'cmake_target': None, 'cmake_target_skip_unavailable': False, 'install_base': '/home/ubuntu/perception_ws/install/lesson_perception', 'merge_install': False, 'path': '/home/ubuntu/perception_ws/src/lesson_perception', 'symlink_install': False, 'test_result_base': None}
[0.523s] INFO:colcon.colcon_core.executor:Executing jobs using 'parallel' executor
[0.526s] DEBUG:colcon.colcon_parallel_executor.executor.parallel:run_until_complete
[0.527s] INFO:colcon.colcon_ros.task.ament_cmake.build:Building ROS package in '/home/ubuntu/perception_ws/src/lesson_perception' with build type 'ament_cmake'
[0.527s] INFO:colcon.colcon_cmake.task.cmake.build:Building CMake package in '/home/ubuntu/perception_ws/src/lesson_perception'
[0.531s] INFO:colcon.colcon_core.plugin_system:Skipping extension 'colcon_core.shell.bat': Not used on non-Windows systems
[0.531s] INFO:colcon.colcon_core.shell:Skip shell extension 'powershell' for command environment: Not usable outside of PowerShell
[0.531s] DEBUG:colcon.colcon_core.shell:Skip shell extension 'dsv' for command environment
[0.541s] DEBUG:colcon.colcon_core.event_handler.log_command:Invoking command in '/home/ubuntu/perception_ws/build/lesson_perception': CMAKE_PREFIX_PATH=/opt/ros/humble /usr/bin/cmake /home/ubuntu/perception_ws/src/lesson_perception -DCMAKE_INSTALL_PREFIX=/home/ubuntu/perception_ws/install/lesson_perception
[5.007s] DEBUG:colcon.colcon_core.event_handler.log_command:Invoked command in '/home/ubuntu/perception_ws/build/lesson_perception' returned '0': CMAKE_PREFIX_PATH=/opt/ros/humble /usr/bin/cmake /home/ubuntu/perception_ws/src/lesson_perception -DCMAKE_INSTALL_PREFIX=/home/ubuntu/perception_ws/install/lesson_perception
[5.010s] DEBUG:colcon.colcon_core.event_handler.log_command:Invoking command in '/home/ubuntu/perception_ws/build/lesson_perception': CMAKE_PREFIX_PATH=/opt/ros/humble /usr/bin/cmake --build /home/ubuntu/perception_ws/build/lesson_perception -- -j4 -l4
[22.993s] DEBUG:colcon.colcon_core.event_handler.log_command:Invoked command in '/home/ubuntu/perception_ws/build/lesson_perception' returned '0': CMAKE_PREFIX_PATH=/opt/ros/humble /usr/bin/cmake --build /home/ubuntu/perception_ws/build/lesson_perception -- -j4 -l4
[23.030s] DEBUG:colcon.colcon_core.event_handler.log_command:Invoking command in '/home/ubuntu/perception_ws/build/lesson_perception': CMAKE_PREFIX_PATH=/opt/ros/humble /usr/bin/cmake --install /home/ubuntu/perception_ws/build/lesson_perception
[23.048s] Level 1:colcon.colcon_core.environment:create_environment_scripts_only(lesson_perception)
[23.049s] DEBUG:colcon.colcon_core.event_handler.log_command:Invoked command in '/home/ubuntu/perception_ws/build/lesson_perception' returned '0': CMAKE_PREFIX_PATH=/opt/ros/humble /usr/bin/cmake --install /home/ubuntu/perception_ws/build/lesson_perception
[23.053s] Level 1:colcon.colcon_core.environment:checking '/home/ubuntu/perception_ws/install/lesson_perception' for CMake module files
[23.053s] Level 1:colcon.colcon_core.environment:checking '/home/ubuntu/perception_ws/install/lesson_perception' for CMake config files
[23.054s] Level 1:colcon.colcon_core.shell:create_environment_hook('lesson_perception', 'cmake_prefix_path')
[23.055s] INFO:colcon.colcon_core.shell:Creating environment hook '/home/ubuntu/perception_ws/install/lesson_perception/share/lesson_perception/hook/cmake_prefix_path.ps1'
[23.056s] INFO:colcon.colcon_core.shell:Creating environment descriptor '/home/ubuntu/perception_ws/install/lesson_perception/share/lesson_perception/hook/cmake_prefix_path.dsv'
[23.056s] INFO:colcon.colcon_core.shell:Creating environment hook '/home/ubuntu/perception_ws/install/lesson_perception/share/lesson_perception/hook/cmake_prefix_path.sh'
[23.057s] Level 1:colcon.colcon_core.environment:checking '/home/ubuntu/perception_ws/install/lesson_perception/lib'
[23.057s] Level 1:colcon.colcon_core.environment:checking '/home/ubuntu/perception_ws/install/lesson_perception/bin'
[23.057s] Level 1:colcon.colcon_core.environment:checking '/home/ubuntu/perception_ws/install/lesson_perception/lib/pkgconfig/lesson_perception.pc'
[23.058s] Level 1:colcon.colcon_core.environment:checking '/home/ubuntu/perception_ws/install/lesson_perception/lib/python3.10/site-packages'
[23.058s] Level 1:colcon.colcon_core.environment:checking '/home/ubuntu/perception_ws/install/lesson_perception/bin'
[23.059s] INFO:colcon.colcon_core.shell:Creating package script '/home/ubuntu/perception_ws/install/lesson_perception/share/lesson_perception/package.ps1'
[23.060s] INFO:colcon.colcon_core.shell:Creating package descriptor '/home/ubuntu/perception_ws/install/lesson_perception/share/lesson_perception/package.dsv'
[23.060s] INFO:colcon.colcon_core.shell:Creating package script '/home/ubuntu/perception_ws/install/lesson_perception/share/lesson_perception/package.sh'
[23.061s] INFO:colcon.colcon_core.shell:Creating package script '/home/ubuntu/perception_ws/install/lesson_perception/share/lesson_perception/package.bash'
[23.062s] INFO:colcon.colcon_core.shell:Creating package script '/home/ubuntu/perception_ws/install/lesson_perception/share/lesson_perception/package.zsh'
[23.062s] Level 1:colcon.colcon_core.environment:create_file_with_runtime_dependencies(/home/ubuntu/perception_ws/install/lesson_perception/share/colcon-core/packages/lesson_perception)
[23.090s] Level 1:colcon.colcon_core.environment:create_environment_scripts_only(lesson_perception)
[23.092s] Level 1:colcon.colcon_core.environment:checking '/home/ubuntu/perception_ws/install/lesson_perception' for CMake module files
[23.093s] Level 1:colcon.colcon_core.environment:checking '/home/ubuntu/perception_ws/install/lesson_perception' for CMake config files
[23.093s] Level 1:colcon.colcon_core.shell:create_environment_hook('lesson_perception', 'cmake_prefix_path')
[23.094s] INFO:colcon.colcon_core.shell:Creating environment hook '/home/ubuntu/perception_ws/install/lesson_perception/share/lesson_perception/hook/cmake_prefix_path.ps1'
[23.095s] INFO:colcon.colcon_core.shell:Creating environment descriptor '/home/ubuntu/perception_ws/install/lesson_perception/share/lesson_perception/hook/cmake_prefix_path.dsv'
[23.095s] INFO:colcon.colcon_core.shell:Creating environment hook '/home/ubuntu/perception_ws/install/lesson_perception/share/lesson_perception/hook/cmake_prefix_path.sh'
[23.095s] Level 1:colcon.colcon_core.environment:checking '/home/ubuntu/perception_ws/install/lesson_perception/lib'
[23.095s] Level 1:colcon.colcon_core.environment:checking '/home/ubuntu/perception_ws/install/lesson_perception/bin'
[23.095s] Level 1:colcon.colcon_core.environment:checking '/home/ubuntu/perception_ws/install/lesson_perception/lib/pkgconfig/lesson_perception.pc'
[23.096s] Level 1:colcon.colcon_core.environment:checking '/home/ubuntu/perception_ws/install/lesson_perception/lib/python3.10/site-packages'
[23.096s] Level 1:colcon.colcon_core.environment:checking '/home/ubuntu/perception_ws/install/lesson_perception/bin'
[23.097s] INFO:colcon.colcon_core.shell:Creating package script '/home/ubuntu/perception_ws/install/lesson_perception/share/lesson_perception/package.ps1'
[23.098s] INFO:colcon.colcon_core.shell:Creating package descriptor '/home/ubuntu/perception_ws/install/lesson_perception/share/lesson_perception/package.dsv'
[23.098s] INFO:colcon.colcon_core.shell:Creating package script '/home/ubuntu/perception_ws/install/lesson_perception/share/lesson_perception/package.sh'
[23.099s] INFO:colcon.colcon_core.shell:Creating package script '/home/ubuntu/perception_ws/install/lesson_perception/share/lesson_perception/package.bash'
[23.099s] INFO:colcon.colcon_core.shell:Creating package script '/home/ubuntu/perception_ws/install/lesson_perception/share/lesson_perception/package.zsh'
[23.099s] Level 1:colcon.colcon_core.environment:create_file_with_runtime_dependencies(/home/ubuntu/perception_ws/install/lesson_perception/share/colcon-core/packages/lesson_perception)
[23.100s] DEBUG:colcon.colcon_parallel_executor.executor.parallel:closing loop
[23.100s] DEBUG:colcon.colcon_parallel_executor.executor.parallel:loop closed
[23.100s] DEBUG:colcon.colcon_parallel_executor.executor.parallel:run_until_complete finished with '0'
[23.100s] DEBUG:colcon.colcon_core.event_reactor:joining thread
[23.106s] INFO:colcon.colcon_core.plugin_system:Skipping extension 'colcon_notification.desktop_notification.terminal_notifier': Not used on non-Darwin systems
[23.106s] INFO:colcon.colcon_core.plugin_system:Skipping extension 'colcon_notification.desktop_notification.win32': Not used on non-Windows systems
[23.106s] INFO:colcon.colcon_notification.desktop_notification:Sending desktop notification using 'notify2'
[23.117s] DEBUG:colcon.colcon_core.event_reactor:joined thread
[23.119s] INFO:colcon.colcon_core.shell:Creating prefix script '/home/ubuntu/perception_ws/install/local_setup.ps1'
[23.120s] INFO:colcon.colcon_core.shell:Creating prefix util module '/home/ubuntu/perception_ws/install/_local_setup_util_ps1.py'
[23.122s] INFO:colcon.colcon_core.shell:Creating prefix chain script '/home/ubuntu/perception_ws/install/setup.ps1'
[23.124s] INFO:colcon.colcon_core.shell:Creating prefix script '/home/ubuntu/perception_ws/install/local_setup.sh'
[23.125s] INFO:colcon.colcon_core.shell:Creating prefix util module '/home/ubuntu/perception_ws/install/_local_setup_util_sh.py'
[23.125s] INFO:colcon.colcon_core.shell:Creating prefix chain script '/home/ubuntu/perception_ws/install/setup.sh'
[23.127s] INFO:colcon.colcon_core.shell:Creating prefix script '/home/ubuntu/perception_ws/install/local_setup.bash'
[23.128s] INFO:colcon.colcon_core.shell:Creating prefix chain script '/home/ubuntu/perception_ws/install/setup.bash'
[23.130s] INFO:colcon.colcon_core.shell:Creating prefix script '/home/ubuntu/perception_ws/install/local_setup.zsh'
[23.131s] INFO:colcon.colcon_core.shell:Creating prefix chain script '/home/ubuntu/perception_ws/install/setup.zsh'
