[100%] Built target trajopt_common
-- Install configuration: ""
-- Up-to-date: /home/ubuntu/tesseract_ws/install/trajopt_common/share/trajopt_common/package.xml
-- Up-to-date: /home/ubuntu/tesseract_ws/install/trajopt_common/lib/libtrajopt_common.so
-- Up-to-date: /home/ubuntu/tesseract_ws/install/trajopt_common/lib/cmake/trajopt_common/trajopt_common-targets.cmake
-- Up-to-date: /home/ubuntu/tesseract_ws/install/trajopt_common/lib/cmake/trajopt_common/trajopt_common-targets-noconfig.cmake
-- Up-to-date: /home/ubuntu/tesseract_ws/install/trajopt_common/lib/cmake/trajopt_common/trajopt_common-config.cmake
-- Up-to-date: /home/ubuntu/tesseract_ws/install/trajopt_common/lib/cmake/trajopt_common/trajopt_common-config-version.cmake
-- Up-to-date: /home/ubuntu/tesseract_ws/install/trajopt_common/share/ament_index/resource_index/packages/trajopt_common
-- Up-to-date: /home/ubuntu/tesseract_ws/install/trajopt_common/share/trajopt_common/hook/ament_prefix_path.dsv
-- Up-to-date: /home/ubuntu/tesseract_ws/install/trajopt_common/share/trajopt_common/hook/ros_package_path.dsv
-- Up-to-date: /home/ubuntu/tesseract_ws/install/trajopt_common/share/trajopt_common/hook/python_path.dsv
-- Up-to-date: /home/ubuntu/tesseract_ws/install/trajopt_common/include/trajopt_common
-- Up-to-date: /home/ubuntu/tesseract_ws/install/trajopt_common/include/trajopt_common/utils.hpp
-- Up-to-date: /home/ubuntu/tesseract_ws/install/trajopt_common/include/trajopt_common/macros.h
-- Up-to-date: /home/ubuntu/tesseract_ws/install/trajopt_common/include/trajopt_common/eigen_conversions.hpp
-- Up-to-date: /home/ubuntu/tesseract_ws/install/trajopt_common/include/trajopt_common/config.hpp
-- Up-to-date: /home/ubuntu/tesseract_ws/install/trajopt_common/include/trajopt_common/eigen_slicing.hpp
-- Up-to-date: /home/ubuntu/tesseract_ws/install/trajopt_common/include/trajopt_common/clock.hpp
-- Up-to-date: /home/ubuntu/tesseract_ws/install/trajopt_common/include/trajopt_common/interpolation.hpp
-- Up-to-date: /home/ubuntu/tesseract_ws/install/trajopt_common/include/trajopt_common/vector_ops.hpp
-- Up-to-date: /home/ubuntu/tesseract_ws/install/trajopt_common/include/trajopt_common/math.hpp
-- Up-to-date: /home/ubuntu/tesseract_ws/install/trajopt_common/include/trajopt_common/stl_to_string.hpp
-- Up-to-date: /home/ubuntu/tesseract_ws/install/trajopt_common/include/trajopt_common/basic_array.hpp
-- Up-to-date: /home/ubuntu/tesseract_ws/install/trajopt_common/include/trajopt_common/logging.hpp
-- Up-to-date: /home/ubuntu/tesseract_ws/install/trajopt_common/lib/cmake/trajopt_common/trajopt_macros.cmake
-- Up-to-date: /home/ubuntu/tesseract_ws/install/trajopt_common/share/trajopt_common/data
-- Up-to-date: /home/ubuntu/tesseract_ws/install/trajopt_common/share/trajopt_common/data/boxbot_world.xacro
-- Up-to-date: /home/ubuntu/tesseract_ws/install/trajopt_common/share/trajopt_common/data/boxbot_macro.xacro
-- Up-to-date: /home/ubuntu/tesseract_ws/install/trajopt_common/share/trajopt_common/data/pr2.urdf
-- Up-to-date: /home/ubuntu/tesseract_ws/install/trajopt_common/share/trajopt_common/data/config
-- Up-to-date: /home/ubuntu/tesseract_ws/install/trajopt_common/share/trajopt_common/data/config/numerical_ik1.json
-- Up-to-date: /home/ubuntu/tesseract_ws/install/trajopt_common/share/trajopt_common/data/config/arm_around_table_time.json
-- Up-to-date: /home/ubuntu/tesseract_ws/install/trajopt_common/share/trajopt_common/data/config/arm_around_table.json
-- Up-to-date: /home/ubuntu/tesseract_ws/install/trajopt_common/share/trajopt_common/data/config/simple_collision_test.json
-- Up-to-date: /home/ubuntu/tesseract_ws/install/trajopt_common/share/trajopt_common/data/config/arm_around_table_continuous.json
-- Up-to-date: /home/ubuntu/tesseract_ws/install/trajopt_common/share/trajopt_common/data/config/box_cast_test.json
-- Up-to-date: /home/ubuntu/tesseract_ws/install/trajopt_common/share/trajopt_common/data/spherebot.srdf
-- Up-to-date: /home/ubuntu/tesseract_ws/install/trajopt_common/share/trajopt_common/data/contact_manager_plugins.yaml
-- Up-to-date: /home/ubuntu/tesseract_ws/install/trajopt_common/share/trajopt_common/data/boxbot_world.urdf
-- Up-to-date: /home/ubuntu/tesseract_ws/install/trajopt_common/share/trajopt_common/data/pr2
-- Up-to-date: /home/ubuntu/tesseract_ws/install/trajopt_common/share/trajopt_common/data/pr2/materials
-- Up-to-date: /home/ubuntu/tesseract_ws/install/trajopt_common/share/trajopt_common/data/pr2/materials/textures
-- Up-to-date: /home/ubuntu/tesseract_ws/install/trajopt_common/share/trajopt_common/data/pr2/materials/textures/pr2_wheel_left.png
-- Up-to-date: /home/ubuntu/tesseract_ws/install/trajopt_common/share/trajopt_common/data/pr2/materials/textures/pr2_caster_texture.png
-- Up-to-date: /home/ubuntu/tesseract_ws/install/trajopt_common/share/trajopt_common/data/pr2/materials/textures/pr2_wheel_right.png
-- Up-to-date: /home/ubuntu/tesseract_ws/install/trajopt_common/share/trajopt_common/data/pr2/meshes
-- Up-to-date: /home/ubuntu/tesseract_ws/install/trajopt_common/share/trajopt_common/data/pr2/meshes/gripper_v0
-- Up-to-date: /home/ubuntu/tesseract_ws/install/trajopt_common/share/trajopt_common/data/pr2/meshes/gripper_v0/l_float_normals.tif
-- Up-to-date: /home/ubuntu/tesseract_ws/install/trajopt_common/share/trajopt_common/data/pr2/meshes/gripper_v0/l_finger_tip_normals.tif
-- Up-to-date: /home/ubuntu/tesseract_ws/install/trajopt_common/share/trajopt_common/data/pr2/meshes/gripper_v0/l_finger_color.tif
-- Up-to-date: /home/ubuntu/tesseract_ws/install/trajopt_common/share/trajopt_common/data/pr2/meshes/gripper_v0/palm_H_Color_100430.tif
-- Up-to-date: /home/ubuntu/tesseract_ws/install/trajopt_common/share/trajopt_common/data/pr2/meshes/gripper_v0/finger_H_Color_100430.tif
-- Up-to-date: /home/ubuntu/tesseract_ws/install/trajopt_common/share/trajopt_common/data/pr2/meshes/gripper_v0/gripper_palm.stl
-- Up-to-date: /home/ubuntu/tesseract_ws/install/trajopt_common/share/trajopt_common/data/pr2/meshes/gripper_v0/l_float_color.tif
-- Up-to-date: /home/ubuntu/tesseract_ws/install/trajopt_common/share/trajopt_common/data/pr2/meshes/gripper_v0/finger_H_UV_100430.dae
-- Up-to-date: /home/ubuntu/tesseract_ws/install/trajopt_common/share/trajopt_common/data/pr2/meshes/gripper_v0/iv
-- Up-to-date: /home/ubuntu/tesseract_ws/install/trajopt_common/share/trajopt_common/data/pr2/meshes/gripper_v0/iv/upper_finger_r.iv
-- Up-to-date: /home/ubuntu/tesseract_ws/install/trajopt_common/share/trajopt_common/data/pr2/meshes/gripper_v0/iv/gripper_palm.iv
-- Up-to-date: /home/ubuntu/tesseract_ws/install/trajopt_common/share/trajopt_common/data/pr2/meshes/gripper_v0/iv/upper_finger_l.iv
-- Up-to-date: /home/ubuntu/tesseract_ws/install/trajopt_common/share/trajopt_common/data/pr2/meshes/gripper_v0/iv/finger_tip_l.iv
-- Up-to-date: /home/ubuntu/tesseract_ws/install/trajopt_common/share/trajopt_common/data/pr2/meshes/gripper_v0/iv/l_finger_tip.iv
-- Up-to-date: /home/ubuntu/tesseract_ws/install/trajopt_common/share/trajopt_common/data/pr2/meshes/gripper_v0/iv/finger_tip_pad2_r.iv
-- Up-to-date: /home/ubuntu/tesseract_ws/install/trajopt_common/share/trajopt_common/data/pr2/meshes/gripper_v0/iv/finger_tip_r.iv
-- Up-to-date: /home/ubuntu/tesseract_ws/install/trajopt_common/share/trajopt_common/data/pr2/meshes/gripper_v0/iv/l_finger.iv
-- Up-to-date: /home/ubuntu/tesseract_ws/install/trajopt_common/share/trajopt_common/data/pr2/meshes/gripper_v0/iv/l_floating.iv
-- Up-to-date: /home/ubuntu/tesseract_ws/install/trajopt_common/share/trajopt_common/data/pr2/meshes/gripper_v0/iv/finger_tip_pad2_l.iv
-- Up-to-date: /home/ubuntu/tesseract_ws/install/trajopt_common/share/trajopt_common/data/pr2/meshes/gripper_v0/finger_tip_l.stl
-- Up-to-date: /home/ubuntu/tesseract_ws/install/trajopt_common/share/trajopt_common/data/pr2/meshes/gripper_v0/finger_tip_pad2_r.stl
-- Up-to-date: /home/ubuntu/tesseract_ws/install/trajopt_common/share/trajopt_common/data/pr2/meshes/gripper_v0/l_finger_normals.tif
-- Up-to-date: /home/ubuntu/tesseract_ws/install/trajopt_common/share/trajopt_common/data/pr2/meshes/gripper_v0/finger_tip_pad2_l.stl
-- Up-to-date: /home/ubuntu/tesseract_ws/install/trajopt_common/share/trajopt_common/data/pr2/meshes/gripper_v0/palm_H_UV_100430.dae
-- Up-to-date: /home/ubuntu/tesseract_ws/install/trajopt_common/share/trajopt_common/data/pr2/meshes/gripper_v0/l_float.dae
-- Up-to-date: /home/ubuntu/tesseract_ws/install/trajopt_common/share/trajopt_common/data/pr2/meshes/gripper_v0/l_finger.dae
-- Up-to-date: /home/ubuntu/tesseract_ws/install/trajopt_common/share/trajopt_common/data/pr2/meshes/gripper_v0/finger_tip_r.stl
-- Up-to-date: /home/ubuntu/tesseract_ws/install/trajopt_common/share/trajopt_common/data/pr2/meshes/gripper_v0/float_H_Color_100430.tif
-- Up-to-date: /home/ubuntu/tesseract_ws/install/trajopt_common/share/trajopt_common/data/pr2/meshes/gripper_v0/l_finger_tip.dae
-- Up-to-date: /home/ubuntu/tesseract_ws/install/trajopt_common/share/trajopt_common/data/pr2/meshes/gripper_v0/upper_finger_r.stl
-- Up-to-date: /home/ubuntu/tesseract_ws/install/trajopt_common/share/trajopt_common/data/pr2/meshes/gripper_v0/convex
-- Up-to-date: /home/ubuntu/tesseract_ws/install/trajopt_common/share/trajopt_common/data/pr2/meshes/gripper_v0/convex/gripper_palm.xml
-- Up-to-date: /home/ubuntu/tesseract_ws/install/trajopt_common/share/trajopt_common/data/pr2/meshes/gripper_v0/convex/finger_tip_l_convex.iv
-- Up-to-date: /home/ubuntu/tesseract_ws/install/trajopt_common/share/trajopt_common/data/pr2/meshes/gripper_v0/convex/l_floating.dae
-- Up-to-date: /home/ubuntu/tesseract_ws/install/trajopt_common/share/trajopt_common/data/pr2/meshes/gripper_v0/convex/finger_tip_pad2_r.dae
-- Up-to-date: /home/ubuntu/tesseract_ws/install/trajopt_common/share/trajopt_common/data/pr2/meshes/gripper_v0/convex/upper_finger_r_convex.stlb
-- Up-to-date: /home/ubuntu/tesseract_ws/install/trajopt_common/share/trajopt_common/data/pr2/meshes/gripper_v0/convex/finger_tip_l.dae
-- Up-to-date: /home/ubuntu/tesseract_ws/install/trajopt_common/share/trajopt_common/data/pr2/meshes/gripper_v0/convex/l_finger_tip.xml
-- Up-to-date: /home/ubuntu/tesseract_ws/install/trajopt_common/share/trajopt_common/data/pr2/meshes/gripper_v0/convex/finger_tip_pad2_r.obj
-- Up-to-date: /home/ubuntu/tesseract_ws/install/trajopt_common/share/trajopt_common/data/pr2/meshes/gripper_v0/convex/finger_tip_r_convex.obj
-- Up-to-date: /home/ubuntu/tesseract_ws/install/trajopt_common/share/trajopt_common/data/pr2/meshes/gripper_v0/convex/upper_finger_r.obj
-- Up-to-date: /home/ubuntu/tesseract_ws/install/trajopt_common/share/trajopt_common/data/pr2/meshes/gripper_v0/convex/upper_finger_l_convex.stla
-- Up-to-date: /home/ubuntu/tesseract_ws/install/trajopt_common/share/trajopt_common/data/pr2/meshes/gripper_v0/convex/upper_finger_l_convex.iv
-- Up-to-date: /home/ubuntu/tesseract_ws/install/trajopt_common/share/trajopt_common/data/pr2/meshes/gripper_v0/convex/finger_tip_r.obj
-- Up-to-date: /home/ubuntu/tesseract_ws/install/trajopt_common/share/trajopt_common/data/pr2/meshes/gripper_v0/convex/upper_finger_l.obj
-- Up-to-date: /home/ubuntu/tesseract_ws/install/trajopt_common/share/trajopt_common/data/pr2/meshes/gripper_v0/convex/l_floating_convex.obj
-- Up-to-date: /home/ubuntu/tesseract_ws/install/trajopt_common/share/trajopt_common/data/pr2/meshes/gripper_v0/convex/finger_tip_r.dae
-- Up-to-date: /home/ubuntu/tesseract_ws/install/trajopt_common/share/trajopt_common/data/pr2/meshes/gripper_v0/convex/finger_tip_pad2_l.obj
-- Up-to-date: /home/ubuntu/tesseract_ws/install/trajopt_common/share/trajopt_common/data/pr2/meshes/gripper_v0/convex/l_finger_tip_convex.stla
-- Up-to-date: /home/ubuntu/tesseract_ws/install/trajopt_common/share/trajopt_common/data/pr2/meshes/gripper_v0/convex/l_floating_convex.iv
-- Up-to-date: /home/ubuntu/tesseract_ws/install/trajopt_common/share/trajopt_common/data/pr2/meshes/gripper_v0/convex/finger_tip_l_convex.stlb
-- Up-to-date: /home/ubuntu/tesseract_ws/install/trajopt_common/share/trajopt_common/data/pr2/meshes/gripper_v0/convex/l_finger_convex.stla
-- Up-to-date: /home/ubuntu/tesseract_ws/install/trajopt_common/share/trajopt_common/data/pr2/meshes/gripper_v0/convex/finger_tip_r_convex.stla
-- Up-to-date: /home/ubuntu/tesseract_ws/install/trajopt_common/share/trajopt_common/data/pr2/meshes/gripper_v0/convex/upper_finger_l.dae
-- Up-to-date: /home/ubuntu/tesseract_ws/install/trajopt_common/share/trajopt_common/data/pr2/meshes/gripper_v0/convex/l_finger_tip_convex.obj
-- Up-to-date: /home/ubuntu/tesseract_ws/install/trajopt_common/share/trajopt_common/data/pr2/meshes/gripper_v0/convex/upper_finger_r_convex.iv
-- Up-to-date: /home/ubuntu/tesseract_ws/install/trajopt_common/share/trajopt_common/data/pr2/meshes/gripper_v0/convex/gripper_palm_convex.stlb
-- Up-to-date: /home/ubuntu/tesseract_ws/install/trajopt_common/share/trajopt_common/data/pr2/meshes/gripper_v0/convex/l_finger.dae
-- Up-to-date: /home/ubuntu/tesseract_ws/install/trajopt_common/share/trajopt_common/data/pr2/meshes/gripper_v0/convex/finger_tip_pad2_r_convex.iv
-- Up-to-date: /home/ubuntu/tesseract_ws/install/trajopt_common/share/trajopt_common/data/pr2/meshes/gripper_v0/convex/finger_tip_pad2_r.xml
-- Up-to-date: /home/ubuntu/tesseract_ws/install/trajopt_common/share/trajopt_common/data/pr2/meshes/gripper_v0/convex/upper_finger_r.dae
-- Up-to-date: /home/ubuntu/tesseract_ws/install/trajopt_common/share/trajopt_common/data/pr2/meshes/gripper_v0/convex/gripper_palm_convex.obj
-- Up-to-date: /home/ubuntu/tesseract_ws/install/trajopt_common/share/trajopt_common/data/pr2/meshes/gripper_v0/convex/l_finger_tip.obj
-- Up-to-date: /home/ubuntu/tesseract_ws/install/trajopt_common/share/trajopt_common/data/pr2/meshes/gripper_v0/convex/finger_tip_l_convex.obj
-- Up-to-date: /home/ubuntu/tesseract_ws/install/trajopt_common/share/trajopt_common/data/pr2/meshes/gripper_v0/convex/finger_tip_pad2_r_convex.stla
-- Up-to-date: /home/ubuntu/tesseract_ws/install/trajopt_common/share/trajopt_common/data/pr2/meshes/gripper_v0/convex/gripper_palm_convex.stla
-- Up-to-date: /home/ubuntu/tesseract_ws/install/trajopt_common/share/trajopt_common/data/pr2/meshes/gripper_v0/convex/finger_tip_pad2_l_convex.stlb
-- Up-to-date: /home/ubuntu/tesseract_ws/install/trajopt_common/share/trajopt_common/data/pr2/meshes/gripper_v0/convex/l_finger_tip.dae
-- Up-to-date: /home/ubuntu/tesseract_ws/install/trajopt_common/share/trajopt_common/data/pr2/meshes/gripper_v0/convex/l_finger.obj
-- Up-to-date: /home/ubuntu/tesseract_ws/install/trajopt_common/share/trajopt_common/data/pr2/meshes/gripper_v0/convex/finger_tip_pad2_l.dae
-- Up-to-date: /home/ubuntu/tesseract_ws/install/trajopt_common/share/trajopt_common/data/pr2/meshes/gripper_v0/convex/finger_tip_r.xml
-- Up-to-date: /home/ubuntu/tesseract_ws/install/trajopt_common/share/trajopt_common/data/pr2/meshes/gripper_v0/convex/l_floating.xml
-- Up-to-date: /home/ubuntu/tesseract_ws/install/trajopt_common/share/trajopt_common/data/pr2/meshes/gripper_v0/convex/gripper_palm.obj
-- Up-to-date: /home/ubuntu/tesseract_ws/install/trajopt_common/share/trajopt_common/data/pr2/meshes/gripper_v0/convex/gripper_palm_convex.iv
-- Up-to-date: /home/ubuntu/tesseract_ws/install/trajopt_common/share/trajopt_common/data/pr2/meshes/gripper_v0/convex/upper_finger_r_convex.stla
-- Up-to-date: /home/ubuntu/tesseract_ws/install/trajopt_common/share/trajopt_common/data/pr2/meshes/gripper_v0/convex/l_finger_convex.obj
-- Up-to-date: /home/ubuntu/tesseract_ws/install/trajopt_common/share/trajopt_common/data/pr2/meshes/gripper_v0/convex/finger_tip_pad2_l.xml
-- Up-to-date: /home/ubuntu/tesseract_ws/install/trajopt_common/share/trajopt_common/data/pr2/meshes/gripper_v0/convex/finger_tip_pad2_r_convex.obj
-- Up-to-date: /home/ubuntu/tesseract_ws/install/trajopt_common/share/trajopt_common/data/pr2/meshes/gripper_v0/convex/finger_tip_l_convex.stla
-- Up-to-date: /home/ubuntu/tesseract_ws/install/trajopt_common/share/trajopt_common/data/pr2/meshes/gripper_v0/convex/finger_tip_l.obj
-- Up-to-date: /home/ubuntu/tesseract_ws/install/trajopt_common/share/trajopt_common/data/pr2/meshes/gripper_v0/convex/l_finger_convex.stlb
-- Up-to-date: /home/ubuntu/tesseract_ws/install/trajopt_common/share/trajopt_common/data/pr2/meshes/gripper_v0/convex/l_finger_convex.iv
-- Up-to-date: /home/ubuntu/tesseract_ws/install/trajopt_common/share/trajopt_common/data/pr2/meshes/gripper_v0/convex/finger_tip_pad2_r_convex.stlb
-- Up-to-date: /home/ubuntu/tesseract_ws/install/trajopt_common/share/trajopt_common/data/pr2/meshes/gripper_v0/convex/finger_tip_pad2_l_convex.obj
-- Up-to-date: /home/ubuntu/tesseract_ws/install/trajopt_common/share/trajopt_common/data/pr2/meshes/gripper_v0/convex/finger_tip_pad2_l_convex.iv
-- Up-to-date: /home/ubuntu/tesseract_ws/install/trajopt_common/share/trajopt_common/data/pr2/meshes/gripper_v0/convex/finger_tip_r_convex.iv
-- Up-to-date: /home/ubuntu/tesseract_ws/install/trajopt_common/share/trajopt_common/data/pr2/meshes/gripper_v0/convex/upper_finger_l.xml
-- Up-to-date: /home/ubuntu/tesseract_ws/install/trajopt_common/share/trajopt_common/data/pr2/meshes/gripper_v0/convex/l_finger_tip_convex.stlb
-- Up-to-date: /home/ubuntu/tesseract_ws/install/trajopt_common/share/trajopt_common/data/pr2/meshes/gripper_v0/convex/l_floating_convex.stlb
-- Up-to-date: /home/ubuntu/tesseract_ws/install/trajopt_common/share/trajopt_common/data/pr2/meshes/gripper_v0/convex/upper_finger_r.xml
-- Up-to-date: /home/ubuntu/tesseract_ws/install/trajopt_common/share/trajopt_common/data/pr2/meshes/gripper_v0/convex/l_finger_tip_convex.iv
-- Up-to-date: /home/ubuntu/tesseract_ws/install/trajopt_common/share/trajopt_common/data/pr2/meshes/gripper_v0/convex/l_floating_convex.stla
-- Up-to-date: /home/ubuntu/tesseract_ws/install/trajopt_common/share/trajopt_common/data/pr2/meshes/gripper_v0/convex/gripper_palm.dae
-- Up-to-date: /home/ubuntu/tesseract_ws/install/trajopt_common/share/trajopt_common/data/pr2/meshes/gripper_v0/convex/finger_tip_r_convex.stlb
-- Up-to-date: /home/ubuntu/tesseract_ws/install/trajopt_common/share/trajopt_common/data/pr2/meshes/gripper_v0/convex/upper_finger_r_convex.obj
-- Up-to-date: /home/ubuntu/tesseract_ws/install/trajopt_common/share/trajopt_common/data/pr2/meshes/gripper_v0/convex/l_finger.xml
-- Up-to-date: /home/ubuntu/tesseract_ws/install/trajopt_common/share/trajopt_common/data/pr2/meshes/gripper_v0/convex/upper_finger_l_convex.obj
-- Up-to-date: /home/ubuntu/tesseract_ws/install/trajopt_common/share/trajopt_common/data/pr2/meshes/gripper_v0/convex/l_floating.obj
-- Up-to-date: /home/ubuntu/tesseract_ws/install/trajopt_common/share/trajopt_common/data/pr2/meshes/gripper_v0/convex/upper_finger_l_convex.stlb
-- Up-to-date: /home/ubuntu/tesseract_ws/install/trajopt_common/share/trajopt_common/data/pr2/meshes/gripper_v0/convex/finger_tip_l.xml
-- Up-to-date: /home/ubuntu/tesseract_ws/install/trajopt_common/share/trajopt_common/data/pr2/meshes/gripper_v0/convex/finger_tip_pad2_l_convex.stla
-- Up-to-date: /home/ubuntu/tesseract_ws/install/trajopt_common/share/trajopt_common/data/pr2/meshes/gripper_v0/float_H_UV_100430.dae
-- Up-to-date: /home/ubuntu/tesseract_ws/install/trajopt_common/share/trajopt_common/data/pr2/meshes/gripper_v0/l_finger_tip_color.tif
-- Up-to-date: /home/ubuntu/tesseract_ws/install/trajopt_common/share/trajopt_common/data/pr2/meshes/gripper_v0/gripper_palm_normals.tif
-- Up-to-date: /home/ubuntu/tesseract_ws/install/trajopt_common/share/trajopt_common/data/pr2/meshes/gripper_v0/fingertip_H_Color_100430.tif
-- Up-to-date: /home/ubuntu/tesseract_ws/install/trajopt_common/share/trajopt_common/data/pr2/meshes/gripper_v0/upper_finger_l.stl
-- Up-to-date: /home/ubuntu/tesseract_ws/install/trajopt_common/share/trajopt_common/data/pr2/meshes/gripper_v0/l_floating.stl
-- Up-to-date: /home/ubuntu/tesseract_ws/install/trajopt_common/share/trajopt_common/data/pr2/meshes/gripper_v0/gripper_palm.dae
-- Up-to-date: /home/ubuntu/tesseract_ws/install/trajopt_common/share/trajopt_common/data/pr2/meshes/gripper_v0/finger_tip_H_UV_100430.dae
-- Up-to-date: /home/ubuntu/tesseract_ws/install/trajopt_common/share/trajopt_common/data/pr2/meshes/gripper_v0/gripper_palm_color.tif
-- Up-to-date: /home/ubuntu/tesseract_ws/install/trajopt_common/share/trajopt_common/data/pr2/meshes/gripper_v0/l_finger.stl
-- Up-to-date: /home/ubuntu/tesseract_ws/install/trajopt_common/share/trajopt_common/data/pr2/meshes/gripper_v0/l_finger_tip.stl
-- Up-to-date: /home/ubuntu/tesseract_ws/install/trajopt_common/share/trajopt_common/data/pr2/meshes/upper_arm_v0
-- Up-to-date: /home/ubuntu/tesseract_ws/install/trajopt_common/share/trajopt_common/data/pr2/meshes/upper_arm_v0/upper_arm_normals.tif
-- Up-to-date: /home/ubuntu/tesseract_ws/install/trajopt_common/share/trajopt_common/data/pr2/meshes/upper_arm_v0/upper_arm.dae
-- Up-to-date: /home/ubuntu/tesseract_ws/install/trajopt_common/share/trajopt_common/data/pr2/meshes/upper_arm_v0/iv
-- Up-to-date: /home/ubuntu/tesseract_ws/install/trajopt_common/share/trajopt_common/data/pr2/meshes/upper_arm_v0/iv/upper_arm.iv
-- Up-to-date: /home/ubuntu/tesseract_ws/install/trajopt_common/share/trajopt_common/data/pr2/meshes/upper_arm_v0/iv/elbow_flex.iv
-- Up-to-date: /home/ubuntu/tesseract_ws/install/trajopt_common/share/trajopt_common/data/pr2/meshes/upper_arm_v0/iv/forearm_roll_L.iv
-- Up-to-date: /home/ubuntu/tesseract_ws/install/trajopt_common/share/trajopt_common/data/pr2/meshes/upper_arm_v0/iv/forearm_roll.iv
-- Up-to-date: /home/ubuntu/tesseract_ws/install/trajopt_common/share/trajopt_common/data/pr2/meshes/upper_arm_v0/elbow_flex_color.tif
-- Up-to-date: /home/ubuntu/tesseract_ws/install/trajopt_common/share/trajopt_common/data/pr2/meshes/upper_arm_v0/upper_arm_color.tif
-- Up-to-date: /home/ubuntu/tesseract_ws/install/trajopt_common/share/trajopt_common/data/pr2/meshes/upper_arm_v0/elbow_flex.dae
-- Up-to-date: /home/ubuntu/tesseract_ws/install/trajopt_common/share/trajopt_common/data/pr2/meshes/upper_arm_v0/convex
-- Up-to-date: /home/ubuntu/tesseract_ws/install/trajopt_common/share/trajopt_common/data/pr2/meshes/upper_arm_v0/convex/upper_arm_convex.stla
-- Up-to-date: /home/ubuntu/tesseract_ws/install/trajopt_common/share/trajopt_common/data/pr2/meshes/upper_arm_v0/convex/elbow_flex_convex.stla
-- Up-to-date: /home/ubuntu/tesseract_ws/install/trajopt_common/share/trajopt_common/data/pr2/meshes/upper_arm_v0/convex/forearm_roll_L.dae
-- Up-to-date: /home/ubuntu/tesseract_ws/install/trajopt_common/share/trajopt_common/data/pr2/meshes/upper_arm_v0/convex/forearm_roll_L_convex.iv
-- Up-to-date: /home/ubuntu/tesseract_ws/install/trajopt_common/share/trajopt_common/data/pr2/meshes/upper_arm_v0/convex/upper_arm.dae
-- Up-to-date: /home/ubuntu/tesseract_ws/install/trajopt_common/share/trajopt_common/data/pr2/meshes/upper_arm_v0/convex/forearm_roll.dae
-- Up-to-date: /home/ubuntu/tesseract_ws/install/trajopt_common/share/trajopt_common/data/pr2/meshes/upper_arm_v0/convex/elbow_flex_convex.obj
-- Up-to-date: /home/ubuntu/tesseract_ws/install/trajopt_common/share/trajopt_common/data/pr2/meshes/upper_arm_v0/convex/forearm_roll_convex.stla
-- Up-to-date: /home/ubuntu/tesseract_ws/install/trajopt_common/share/trajopt_common/data/pr2/meshes/upper_arm_v0/convex/elbow_flex.xml
-- Up-to-date: /home/ubuntu/tesseract_ws/install/trajopt_common/share/trajopt_common/data/pr2/meshes/upper_arm_v0/convex/forearm_roll_L_convex.stlb
-- Up-to-date: /home/ubuntu/tesseract_ws/install/trajopt_common/share/trajopt_common/data/pr2/meshes/upper_arm_v0/convex/forearm_roll.obj
-- Up-to-date: /home/ubuntu/tesseract_ws/install/trajopt_common/share/trajopt_common/data/pr2/meshes/upper_arm_v0/convex/upper_arm.obj
-- Up-to-date: /home/ubuntu/tesseract_ws/install/trajopt_common/share/trajopt_common/data/pr2/meshes/upper_arm_v0/convex/forearm_roll_L.obj
-- Up-to-date: /home/ubuntu/tesseract_ws/install/trajopt_common/share/trajopt_common/data/pr2/meshes/upper_arm_v0/convex/forearm_roll_L_convex.stla
-- Up-to-date: /home/ubuntu/tesseract_ws/install/trajopt_common/share/trajopt_common/data/pr2/meshes/upper_arm_v0/convex/elbow_flex.dae
-- Up-to-date: /home/ubuntu/tesseract_ws/install/trajopt_common/share/trajopt_common/data/pr2/meshes/upper_arm_v0/convex/forearm_roll_L_convex.obj
-- Up-to-date: /home/ubuntu/tesseract_ws/install/trajopt_common/share/trajopt_common/data/pr2/meshes/upper_arm_v0/convex/forearm_roll_convex.obj
-- Up-to-date: /home/ubuntu/tesseract_ws/install/trajopt_common/share/trajopt_common/data/pr2/meshes/upper_arm_v0/convex/elbow_flex.obj
-- Up-to-date: /home/ubuntu/tesseract_ws/install/trajopt_common/share/trajopt_common/data/pr2/meshes/upper_arm_v0/convex/upper_arm_convex.obj
-- Up-to-date: /home/ubuntu/tesseract_ws/install/trajopt_common/share/trajopt_common/data/pr2/meshes/upper_arm_v0/convex/elbow_flex_convex.iv
-- Up-to-date: /home/ubuntu/tesseract_ws/install/trajopt_common/share/trajopt_common/data/pr2/meshes/upper_arm_v0/convex/elbow_flex_convex.stlb
-- Up-to-date: /home/ubuntu/tesseract_ws/install/trajopt_common/share/trajopt_common/data/pr2/meshes/upper_arm_v0/convex/forearm_roll.xml
-- Up-to-date: /home/ubuntu/tesseract_ws/install/trajopt_common/share/trajopt_common/data/pr2/meshes/upper_arm_v0/convex/forearm_roll_L.xml
-- Up-to-date: /home/ubuntu/tesseract_ws/install/trajopt_common/share/trajopt_common/data/pr2/meshes/upper_arm_v0/convex/upper_arm_convex.stlb
-- Up-to-date: /home/ubuntu/tesseract_ws/install/trajopt_common/share/trajopt_common/data/pr2/meshes/upper_arm_v0/convex/upper_arm_convex.iv
-- Up-to-date: /home/ubuntu/tesseract_ws/install/trajopt_common/share/trajopt_common/data/pr2/meshes/upper_arm_v0/convex/forearm_roll_convex.iv
-- Up-to-date: /home/ubuntu/tesseract_ws/install/trajopt_common/share/trajopt_common/data/pr2/meshes/upper_arm_v0/convex/forearm_roll_convex.stlb
-- Up-to-date: /home/ubuntu/tesseract_ws/install/trajopt_common/share/trajopt_common/data/pr2/meshes/upper_arm_v0/convex/upper_arm.xml
-- Up-to-date: /home/ubuntu/tesseract_ws/install/trajopt_common/share/trajopt_common/data/pr2/meshes/upper_arm_v0/elbow_flex_normals.tif
-- Up-to-date: /home/ubuntu/tesseract_ws/install/trajopt_common/share/trajopt_common/data/pr2/meshes/upper_arm_v0/elbow_flex.stl
-- Up-to-date: /home/ubuntu/tesseract_ws/install/trajopt_common/share/trajopt_common/data/pr2/meshes/upper_arm_v0/forearm_roll.stl
-- Up-to-date: /home/ubuntu/tesseract_ws/install/trajopt_common/share/trajopt_common/data/pr2/meshes/upper_arm_v0/upper_arm.jpg
-- Up-to-date: /home/ubuntu/tesseract_ws/install/trajopt_common/share/trajopt_common/data/pr2/meshes/upper_arm_v0/upper_arm.stl
-- Up-to-date: /home/ubuntu/tesseract_ws/install/trajopt_common/share/trajopt_common/data/pr2/meshes/upper_arm_v0/forearm_roll_L.stl
-- Up-to-date: /home/ubuntu/tesseract_ws/install/trajopt_common/share/trajopt_common/data/pr2/meshes/base_v0
-- Up-to-date: /home/ubuntu/tesseract_ws/install/trajopt_common/share/trajopt_common/data/pr2/meshes/base_v0/wheel.stl
-- Up-to-date: /home/ubuntu/tesseract_ws/install/trajopt_common/share/trajopt_common/data/pr2/meshes/base_v0/wheel.dae
-- Up-to-date: /home/ubuntu/tesseract_ws/install/trajopt_common/share/trajopt_common/data/pr2/meshes/base_v0/wheel_normals.tif
-- Up-to-date: /home/ubuntu/tesseract_ws/install/trajopt_common/share/trajopt_common/data/pr2/meshes/base_v0/wheel_h.dae
-- Up-to-date: /home/ubuntu/tesseract_ws/install/trajopt_common/share/trajopt_common/data/pr2/meshes/base_v0/iv
-- Up-to-date: /home/ubuntu/tesseract_ws/install/trajopt_common/share/trajopt_common/data/pr2/meshes/base_v0/iv/base_L.iv
-- Up-to-date: /home/ubuntu/tesseract_ws/install/trajopt_common/share/trajopt_common/data/pr2/meshes/base_v0/iv/pr2_wheel.iv
-- Up-to-date: /home/ubuntu/tesseract_ws/install/trajopt_common/share/trajopt_common/data/pr2/meshes/base_v0/iv/base.iv
-- Up-to-date: /home/ubuntu/tesseract_ws/install/trajopt_common/share/trajopt_common/data/pr2/meshes/base_v0/iv/caster.iv
-- Up-to-date: /home/ubuntu/tesseract_ws/install/trajopt_common/share/trajopt_common/data/pr2/meshes/base_v0/iv/wheel.iv
-- Up-to-date: /home/ubuntu/tesseract_ws/install/trajopt_common/share/trajopt_common/data/pr2/meshes/base_v0/iv/caster_L.iv
-- Up-to-date: /home/ubuntu/tesseract_ws/install/trajopt_common/share/trajopt_common/data/pr2/meshes/base_v0/base.stl
-- Up-to-date: /home/ubuntu/tesseract_ws/install/trajopt_common/share/trajopt_common/data/pr2/meshes/base_v0/base_normals.tif
-- Up-to-date: /home/ubuntu/tesseract_ws/install/trajopt_common/share/trajopt_common/data/pr2/meshes/base_v0/wheel_h_color.tif
-- Up-to-date: /home/ubuntu/tesseract_ws/install/trajopt_common/share/trajopt_common/data/pr2/meshes/base_v0/base_L.stl
-- Up-to-date: /home/ubuntu/tesseract_ws/install/trajopt_common/share/trajopt_common/data/pr2/meshes/base_v0/wheel_color.tif
-- Up-to-date: /home/ubuntu/tesseract_ws/install/trajopt_common/share/trajopt_common/data/pr2/meshes/base_v0/convex
-- Up-to-date: /home/ubuntu/tesseract_ws/install/trajopt_common/share/trajopt_common/data/pr2/meshes/base_v0/convex/pr2_wheel_convex.obj
-- Up-to-date: /home/ubuntu/tesseract_ws/install/trajopt_common/share/trajopt_common/data/pr2/meshes/base_v0/convex/base_convex.obj
-- Up-to-date: /home/ubuntu/tesseract_ws/install/trajopt_common/share/trajopt_common/data/pr2/meshes/base_v0/convex/caster.dae
-- Up-to-date: /home/ubuntu/tesseract_ws/install/trajopt_common/share/trajopt_common/data/pr2/meshes/base_v0/convex/caster_L_convex.stla
-- Up-to-date: /home/ubuntu/tesseract_ws/install/trajopt_common/share/trajopt_common/data/pr2/meshes/base_v0/convex/wheel.xml
-- Up-to-date: /home/ubuntu/tesseract_ws/install/trajopt_common/share/trajopt_common/data/pr2/meshes/base_v0/convex/base_L.obj
-- Up-to-date: /home/ubuntu/tesseract_ws/install/trajopt_common/share/trajopt_common/data/pr2/meshes/base_v0/convex/wheel.dae
-- Up-to-date: /home/ubuntu/tesseract_ws/install/trajopt_common/share/trajopt_common/data/pr2/meshes/base_v0/convex/caster_L.xml
-- Up-to-date: /home/ubuntu/tesseract_ws/install/trajopt_common/share/trajopt_common/data/pr2/meshes/base_v0/convex/pr2_wheel.obj
-- Up-to-date: /home/ubuntu/tesseract_ws/install/trajopt_common/share/trajopt_common/data/pr2/meshes/base_v0/convex/base_L_convex.stla
-- Up-to-date: /home/ubuntu/tesseract_ws/install/trajopt_common/share/trajopt_common/data/pr2/meshes/base_v0/convex/pr2_wheel_convex.iv
-- Up-to-date: /home/ubuntu/tesseract_ws/install/trajopt_common/share/trajopt_common/data/pr2/meshes/base_v0/convex/base.xml
-- Up-to-date: /home/ubuntu/tesseract_ws/install/trajopt_common/share/trajopt_common/data/pr2/meshes/base_v0/convex/caster_L_convex.iv
-- Up-to-date: /home/ubuntu/tesseract_ws/install/trajopt_common/share/trajopt_common/data/pr2/meshes/base_v0/convex/base_L_convex.obj
-- Up-to-date: /home/ubuntu/tesseract_ws/install/trajopt_common/share/trajopt_common/data/pr2/meshes/base_v0/convex/wheel_convex.obj
-- Up-to-date: /home/ubuntu/tesseract_ws/install/trajopt_common/share/trajopt_common/data/pr2/meshes/base_v0/convex/pr2_wheel.xml
-- Up-to-date: /home/ubuntu/tesseract_ws/install/trajopt_common/share/trajopt_common/data/pr2/meshes/base_v0/convex/base_L_convex.stlb
-- Up-to-date: /home/ubuntu/tesseract_ws/install/trajopt_common/share/trajopt_common/data/pr2/meshes/base_v0/convex/caster_L.dae
-- Up-to-date: /home/ubuntu/tesseract_ws/install/trajopt_common/share/trajopt_common/data/pr2/meshes/base_v0/convex/base_L_convex.iv
-- Up-to-date: /home/ubuntu/tesseract_ws/install/trajopt_common/share/trajopt_common/data/pr2/meshes/base_v0/convex/caster_convex.stla
-- Up-to-date: /home/ubuntu/tesseract_ws/install/trajopt_common/share/trajopt_common/data/pr2/meshes/base_v0/convex/caster_convex.iv
-- Up-to-date: /home/ubuntu/tesseract_ws/install/trajopt_common/share/trajopt_common/data/pr2/meshes/base_v0/convex/caster_L_convex.stlb
-- Up-to-date: /home/ubuntu/tesseract_ws/install/trajopt_common/share/trajopt_common/data/pr2/meshes/base_v0/convex/wheel_convex.stla
-- Up-to-date: /home/ubuntu/tesseract_ws/install/trajopt_common/share/trajopt_common/data/pr2/meshes/base_v0/convex/base.obj
-- Up-to-date: /home/ubuntu/tesseract_ws/install/trajopt_common/share/trajopt_common/data/pr2/meshes/base_v0/convex/caster_convex.stlb
-- Up-to-date: /home/ubuntu/tesseract_ws/install/trajopt_common/share/trajopt_common/data/pr2/meshes/base_v0/convex/wheel_convex.stlb
-- Up-to-date: /home/ubuntu/tesseract_ws/install/trajopt_common/share/trajopt_common/data/pr2/meshes/base_v0/convex/pr2_wheel_convex.stla
-- Up-to-date: /home/ubuntu/tesseract_ws/install/trajopt_common/share/trajopt_common/data/pr2/meshes/base_v0/convex/caster_L_convex.obj
-- Up-to-date: /home/ubuntu/tesseract_ws/install/trajopt_common/share/trajopt_common/data/pr2/meshes/base_v0/convex/base_L.xml
-- Up-to-date: /home/ubuntu/tesseract_ws/install/trajopt_common/share/trajopt_common/data/pr2/meshes/base_v0/convex/caster_convex.obj
-- Up-to-date: /home/ubuntu/tesseract_ws/install/trajopt_common/share/trajopt_common/data/pr2/meshes/base_v0/convex/wheel_convex.iv
-- Up-to-date: /home/ubuntu/tesseract_ws/install/trajopt_common/share/trajopt_common/data/pr2/meshes/base_v0/convex/wheel.obj
-- Up-to-date: /home/ubuntu/tesseract_ws/install/trajopt_common/share/trajopt_common/data/pr2/meshes/base_v0/convex/caster_L.obj
-- Up-to-date: /home/ubuntu/tesseract_ws/install/trajopt_common/share/trajopt_common/data/pr2/meshes/base_v0/convex/pr2_wheel_convex.stlb
-- Up-to-date: /home/ubuntu/tesseract_ws/install/trajopt_common/share/trajopt_common/data/pr2/meshes/base_v0/convex/base.dae
-- Up-to-date: /home/ubuntu/tesseract_ws/install/trajopt_common/share/trajopt_common/data/pr2/meshes/base_v0/convex/base_convex.iv
-- Up-to-date: /home/ubuntu/tesseract_ws/install/trajopt_common/share/trajopt_common/data/pr2/meshes/base_v0/convex/pr2_wheel.dae
-- Up-to-date: /home/ubuntu/tesseract_ws/install/trajopt_common/share/trajopt_common/data/pr2/meshes/base_v0/convex/caster.xml
-- Up-to-date: /home/ubuntu/tesseract_ws/install/trajopt_common/share/trajopt_common/data/pr2/meshes/base_v0/convex/base_convex.stla
-- Up-to-date: /home/ubuntu/tesseract_ws/install/trajopt_common/share/trajopt_common/data/pr2/meshes/base_v0/convex/caster.obj
-- Up-to-date: /home/ubuntu/tesseract_ws/install/trajopt_common/share/trajopt_common/data/pr2/meshes/base_v0/convex/base_L.dae
-- Up-to-date: /home/ubuntu/tesseract_ws/install/trajopt_common/share/trajopt_common/data/pr2/meshes/base_v0/convex/base_convex.stlb
-- Up-to-date: /home/ubuntu/tesseract_ws/install/trajopt_common/share/trajopt_common/data/pr2/meshes/base_v0/caster_L.stl
-- Up-to-date: /home/ubuntu/tesseract_ws/install/trajopt_common/share/trajopt_common/data/pr2/meshes/base_v0/caster.stl
-- Up-to-date: /home/ubuntu/tesseract_ws/install/trajopt_common/share/trajopt_common/data/pr2/meshes/base_v0/base.dae
-- Up-to-date: /home/ubuntu/tesseract_ws/install/trajopt_common/share/trajopt_common/data/pr2/meshes/base_v0/pr2_wheel.stl
-- Up-to-date: /home/ubuntu/tesseract_ws/install/trajopt_common/share/trajopt_common/data/pr2/meshes/base_v0/base_color.tif
-- Up-to-date: /home/ubuntu/tesseract_ws/install/trajopt_common/share/trajopt_common/data/pr2/meshes/forearm_v0
-- Up-to-date: /home/ubuntu/tesseract_ws/install/trajopt_common/share/trajopt_common/data/pr2/meshes/forearm_v0/forearm_color.tif
-- Up-to-date: /home/ubuntu/tesseract_ws/install/trajopt_common/share/trajopt_common/data/pr2/meshes/forearm_v0/forearm.stl
-- Up-to-date: /home/ubuntu/tesseract_ws/install/trajopt_common/share/trajopt_common/data/pr2/meshes/forearm_v0/forearm_normals.tif
-- Up-to-date: /home/ubuntu/tesseract_ws/install/trajopt_common/share/trajopt_common/data/pr2/meshes/forearm_v0/wrist_normals.tif
-- Up-to-date: /home/ubuntu/tesseract_ws/install/trajopt_common/share/trajopt_common/data/pr2/meshes/forearm_v0/iv
-- Up-to-date: /home/ubuntu/tesseract_ws/install/trajopt_common/share/trajopt_common/data/pr2/meshes/forearm_v0/iv/wrist_roll_L.iv
-- Up-to-date: /home/ubuntu/tesseract_ws/install/trajopt_common/share/trajopt_common/data/pr2/meshes/forearm_v0/iv/forearm.iv
-- Up-to-date: /home/ubuntu/tesseract_ws/install/trajopt_common/share/trajopt_common/data/pr2/meshes/forearm_v0/iv/wrist_flex.iv
-- Up-to-date: /home/ubuntu/tesseract_ws/install/trajopt_common/share/trajopt_common/data/pr2/meshes/forearm_v0/iv/wrist_roll.iv
-- Up-to-date: /home/ubuntu/tesseract_ws/install/trajopt_common/share/trajopt_common/data/pr2/meshes/forearm_v0/wrist_flex.stl
-- Up-to-date: /home/ubuntu/tesseract_ws/install/trajopt_common/share/trajopt_common/data/pr2/meshes/forearm_v0/forearm.jpg
-- Up-to-date: /home/ubuntu/tesseract_ws/install/trajopt_common/share/trajopt_common/data/pr2/meshes/forearm_v0/wrist_color.tif
-- Up-to-date: /home/ubuntu/tesseract_ws/install/trajopt_common/share/trajopt_common/data/pr2/meshes/forearm_v0/convex
-- Up-to-date: /home/ubuntu/tesseract_ws/install/trajopt_common/share/trajopt_common/data/pr2/meshes/forearm_v0/convex/wrist_roll_L.xml
-- Up-to-date: /home/ubuntu/tesseract_ws/install/trajopt_common/share/trajopt_common/data/pr2/meshes/forearm_v0/convex/wrist_roll_L_convex.iv
-- Up-to-date: /home/ubuntu/tesseract_ws/install/trajopt_common/share/trajopt_common/data/pr2/meshes/forearm_v0/convex/wrist_flex_convex.iv
-- Up-to-date: /home/ubuntu/tesseract_ws/install/trajopt_common/share/trajopt_common/data/pr2/meshes/forearm_v0/convex/forearm_convex.iv
-- Up-to-date: /home/ubuntu/tesseract_ws/install/trajopt_common/share/trajopt_common/data/pr2/meshes/forearm_v0/convex/wrist_roll_L_convex.obj
-- Up-to-date: /home/ubuntu/tesseract_ws/install/trajopt_common/share/trajopt_common/data/pr2/meshes/forearm_v0/convex/forearm_convex.stlb
-- Up-to-date: /home/ubuntu/tesseract_ws/install/trajopt_common/share/trajopt_common/data/pr2/meshes/forearm_v0/convex/wrist_roll_convex.obj
-- Up-to-date: /home/ubuntu/tesseract_ws/install/trajopt_common/share/trajopt_common/data/pr2/meshes/forearm_v0/convex/wrist_roll_L.dae
-- Up-to-date: /home/ubuntu/tesseract_ws/install/trajopt_common/share/trajopt_common/data/pr2/meshes/forearm_v0/convex/wrist_flex_convex.obj
-- Up-to-date: /home/ubuntu/tesseract_ws/install/trajopt_common/share/trajopt_common/data/pr2/meshes/forearm_v0/convex/wrist_roll.xml
-- Up-to-date: /home/ubuntu/tesseract_ws/install/trajopt_common/share/trajopt_common/data/pr2/meshes/forearm_v0/convex/wrist_flex_convex.stla
-- Up-to-date: /home/ubuntu/tesseract_ws/install/trajopt_common/share/trajopt_common/data/pr2/meshes/forearm_v0/convex/wrist_roll_L_convex.stla
-- Up-to-date: /home/ubuntu/tesseract_ws/install/trajopt_common/share/trajopt_common/data/pr2/meshes/forearm_v0/convex/forearm.xml
-- Up-to-date: /home/ubuntu/tesseract_ws/install/trajopt_common/share/trajopt_common/data/pr2/meshes/forearm_v0/convex/wrist_roll.dae
-- Up-to-date: /home/ubuntu/tesseract_ws/install/trajopt_common/share/trajopt_common/data/pr2/meshes/forearm_v0/convex/wrist_flex.obj
-- Up-to-date: /home/ubuntu/tesseract_ws/install/trajopt_common/share/trajopt_common/data/pr2/meshes/forearm_v0/convex/wrist_roll_convex.stla
-- Up-to-date: /home/ubuntu/tesseract_ws/install/trajopt_common/share/trajopt_common/data/pr2/meshes/forearm_v0/convex/forearm_convex.stla
-- Up-to-date: /home/ubuntu/tesseract_ws/install/trajopt_common/share/trajopt_common/data/pr2/meshes/forearm_v0/convex/wrist_roll.obj
-- Up-to-date: /home/ubuntu/tesseract_ws/install/trajopt_common/share/trajopt_common/data/pr2/meshes/forearm_v0/convex/wrist_roll_L.obj
-- Up-to-date: /home/ubuntu/tesseract_ws/install/trajopt_common/share/trajopt_common/data/pr2/meshes/forearm_v0/convex/forearm.dae
-- Up-to-date: /home/ubuntu/tesseract_ws/install/trajopt_common/share/trajopt_common/data/pr2/meshes/forearm_v0/convex/forearm_convex.obj
-- Up-to-date: /home/ubuntu/tesseract_ws/install/trajopt_common/share/trajopt_common/data/pr2/meshes/forearm_v0/convex/wrist_roll_convex.stlb
-- Up-to-date: /home/ubuntu/tesseract_ws/install/trajopt_common/share/trajopt_common/data/pr2/meshes/forearm_v0/convex/wrist_roll_L_convex.stlb
-- Up-to-date: /home/ubuntu/tesseract_ws/install/trajopt_common/share/trajopt_common/data/pr2/meshes/forearm_v0/convex/wrist_flex.xml
-- Up-to-date: /home/ubuntu/tesseract_ws/install/trajopt_common/share/trajopt_common/data/pr2/meshes/forearm_v0/convex/wrist_flex_convex.stlb
-- Up-to-date: /home/ubuntu/tesseract_ws/install/trajopt_common/share/trajopt_common/data/pr2/meshes/forearm_v0/convex/wrist_roll_convex.iv
-- Up-to-date: /home/ubuntu/tesseract_ws/install/trajopt_common/share/trajopt_common/data/pr2/meshes/forearm_v0/convex/forearm.obj
-- Up-to-date: /home/ubuntu/tesseract_ws/install/trajopt_common/share/trajopt_common/data/pr2/meshes/forearm_v0/convex/wrist_flex.dae
-- Up-to-date: /home/ubuntu/tesseract_ws/install/trajopt_common/share/trajopt_common/data/pr2/meshes/forearm_v0/forearm.dae
-- Up-to-date: /home/ubuntu/tesseract_ws/install/trajopt_common/share/trajopt_common/data/pr2/meshes/forearm_v0/wrist_roll_L.stl
-- Up-to-date: /home/ubuntu/tesseract_ws/install/trajopt_common/share/trajopt_common/data/pr2/meshes/forearm_v0/wrist_roll.stl
-- Up-to-date: /home/ubuntu/tesseract_ws/install/trajopt_common/share/trajopt_common/data/pr2/meshes/forearm_v0/wrist_flex.dae
-- Up-to-date: /home/ubuntu/tesseract_ws/install/trajopt_common/share/trajopt_common/data/pr2/meshes/head_v0
-- Up-to-date: /home/ubuntu/tesseract_ws/install/trajopt_common/share/trajopt_common/data/pr2/meshes/head_v0/head_pan.dae
-- Up-to-date: /home/ubuntu/tesseract_ws/install/trajopt_common/share/trajopt_common/data/pr2/meshes/head_v0/head_pan_normals.tif
-- Up-to-date: /home/ubuntu/tesseract_ws/install/trajopt_common/share/trajopt_common/data/pr2/meshes/head_v0/iv
-- Up-to-date: /home/ubuntu/tesseract_ws/install/trajopt_common/share/trajopt_common/data/pr2/meshes/head_v0/iv/head_pan_L.iv
-- Up-to-date: /home/ubuntu/tesseract_ws/install/trajopt_common/share/trajopt_common/data/pr2/meshes/head_v0/iv/head_tilt.iv
-- Up-to-date: /home/ubuntu/tesseract_ws/install/trajopt_common/share/trajopt_common/data/pr2/meshes/head_v0/iv/head_pan.iv
-- Up-to-date: /home/ubuntu/tesseract_ws/install/trajopt_common/share/trajopt_common/data/pr2/meshes/head_v0/iv/head_tilt_L.iv
-- Up-to-date: /home/ubuntu/tesseract_ws/install/trajopt_common/share/trajopt_common/data/pr2/meshes/head_v0/head_tilt_color_red.tif
-- Up-to-date: /home/ubuntu/tesseract_ws/install/trajopt_common/share/trajopt_common/data/pr2/meshes/head_v0/head_tilt_L.stl
-- Up-to-date: /home/ubuntu/tesseract_ws/install/trajopt_common/share/trajopt_common/data/pr2/meshes/head_v0/head_pan.stl
-- Up-to-date: /home/ubuntu/tesseract_ws/install/trajopt_common/share/trajopt_common/data/pr2/meshes/head_v0/head_tilt_green.tif
-- Up-to-date: /home/ubuntu/tesseract_ws/install/trajopt_common/share/trajopt_common/data/pr2/meshes/head_v0/convex
-- Up-to-date: /home/ubuntu/tesseract_ws/install/trajopt_common/share/trajopt_common/data/pr2/meshes/head_v0/convex/head_pan.dae
-- Up-to-date: /home/ubuntu/tesseract_ws/install/trajopt_common/share/trajopt_common/data/pr2/meshes/head_v0/convex/head_tilt.xml
-- Up-to-date: /home/ubuntu/tesseract_ws/install/trajopt_common/share/trajopt_common/data/pr2/meshes/head_v0/convex/head_pan_L_convex.stla
-- Up-to-date: /home/ubuntu/tesseract_ws/install/trajopt_common/share/trajopt_common/data/pr2/meshes/head_v0/convex/head_pan_L_convex.stlb
-- Up-to-date: /home/ubuntu/tesseract_ws/install/trajopt_common/share/trajopt_common/data/pr2/meshes/head_v0/convex/head_tilt_L.xml
-- Up-to-date: /home/ubuntu/tesseract_ws/install/trajopt_common/share/trajopt_common/data/pr2/meshes/head_v0/convex/head_tilt_L_convex.iv
-- Up-to-date: /home/ubuntu/tesseract_ws/install/trajopt_common/share/trajopt_common/data/pr2/meshes/head_v0/convex/head_pan.obj
-- Up-to-date: /home/ubuntu/tesseract_ws/install/trajopt_common/share/trajopt_common/data/pr2/meshes/head_v0/convex/head_tilt_convex.stla
-- Up-to-date: /home/ubuntu/tesseract_ws/install/trajopt_common/share/trajopt_common/data/pr2/meshes/head_v0/convex/head_pan_L_convex.iv
-- Up-to-date: /home/ubuntu/tesseract_ws/install/trajopt_common/share/trajopt_common/data/pr2/meshes/head_v0/convex/head_pan_L.obj
-- Up-to-date: /home/ubuntu/tesseract_ws/install/trajopt_common/share/trajopt_common/data/pr2/meshes/head_v0/convex/head_pan_convex.stla
-- Up-to-date: /home/ubuntu/tesseract_ws/install/trajopt_common/share/trajopt_common/data/pr2/meshes/head_v0/convex/head_tilt_L.dae
-- Up-to-date: /home/ubuntu/tesseract_ws/install/trajopt_common/share/trajopt_common/data/pr2/meshes/head_v0/convex/head_pan_convex.obj
-- Up-to-date: /home/ubuntu/tesseract_ws/install/trajopt_common/share/trajopt_common/data/pr2/meshes/head_v0/convex/head_pan_L.dae
-- Up-to-date: /home/ubuntu/tesseract_ws/install/trajopt_common/share/trajopt_common/data/pr2/meshes/head_v0/convex/head_tilt_convex.iv
-- Up-to-date: /home/ubuntu/tesseract_ws/install/trajopt_common/share/trajopt_common/data/pr2/meshes/head_v0/convex/head_pan_L_convex.obj
-- Up-to-date: /home/ubuntu/tesseract_ws/install/trajopt_common/share/trajopt_common/data/pr2/meshes/head_v0/convex/head_pan_L.xml
-- Up-to-date: /home/ubuntu/tesseract_ws/install/trajopt_common/share/trajopt_common/data/pr2/meshes/head_v0/convex/head_tilt_L_convex.stlb
-- Up-to-date: /home/ubuntu/tesseract_ws/install/trajopt_common/share/trajopt_common/data/pr2/meshes/head_v0/convex/head_tilt_L_convex.stla
-- Up-to-date: /home/ubuntu/tesseract_ws/install/trajopt_common/share/trajopt_common/data/pr2/meshes/head_v0/convex/head_pan_convex.iv
-- Up-to-date: /home/ubuntu/tesseract_ws/install/trajopt_common/share/trajopt_common/data/pr2/meshes/head_v0/convex/head_tilt_convex.stlb
-- Up-to-date: /home/ubuntu/tesseract_ws/install/trajopt_common/share/trajopt_common/data/pr2/meshes/head_v0/convex/head_tilt.dae
-- Up-to-date: /home/ubuntu/tesseract_ws/install/trajopt_common/share/trajopt_common/data/pr2/meshes/head_v0/convex/head_tilt_L.obj
-- Up-to-date: /home/ubuntu/tesseract_ws/install/trajopt_common/share/trajopt_common/data/pr2/meshes/head_v0/convex/head_tilt.obj
-- Up-to-date: /home/ubuntu/tesseract_ws/install/trajopt_common/share/trajopt_common/data/pr2/meshes/head_v0/convex/head_tilt_L_convex.obj
-- Up-to-date: /home/ubuntu/tesseract_ws/install/trajopt_common/share/trajopt_common/data/pr2/meshes/head_v0/convex/head_pan_convex.stlb
-- Up-to-date: /home/ubuntu/tesseract_ws/install/trajopt_common/share/trajopt_common/data/pr2/meshes/head_v0/convex/head_pan.xml
-- Up-to-date: /home/ubuntu/tesseract_ws/install/trajopt_common/share/trajopt_common/data/pr2/meshes/head_v0/convex/head_tilt_convex.obj
-- Up-to-date: /home/ubuntu/tesseract_ws/install/trajopt_common/share/trajopt_common/data/pr2/meshes/head_v0/head_tilt.stl
-- Up-to-date: /home/ubuntu/tesseract_ws/install/trajopt_common/share/trajopt_common/data/pr2/meshes/head_v0/head_tilt_normals.tif
-- Up-to-date: /home/ubuntu/tesseract_ws/install/trajopt_common/share/trajopt_common/data/pr2/meshes/head_v0/head_tilt_color_yellow.tif
-- Up-to-date: /home/ubuntu/tesseract_ws/install/trajopt_common/share/trajopt_common/data/pr2/meshes/head_v0/head_tilt.dae
-- Up-to-date: /home/ubuntu/tesseract_ws/install/trajopt_common/share/trajopt_common/data/pr2/meshes/head_v0/head_pan_L.stl
-- Up-to-date: /home/ubuntu/tesseract_ws/install/trajopt_common/share/trajopt_common/data/pr2/meshes/head_v0/head_tilt_color.tif
-- Up-to-date: /home/ubuntu/tesseract_ws/install/trajopt_common/share/trajopt_common/data/pr2/meshes/head_v0/head_pan_color.tif
-- Up-to-date: /home/ubuntu/tesseract_ws/install/trajopt_common/share/trajopt_common/data/pr2/meshes/torso_v0
-- Up-to-date: /home/ubuntu/tesseract_ws/install/trajopt_common/share/trajopt_common/data/pr2/meshes/torso_v0/torso_lift_color.tif
-- Up-to-date: /home/ubuntu/tesseract_ws/install/trajopt_common/share/trajopt_common/data/pr2/meshes/torso_v0/torso.stl
-- Up-to-date: /home/ubuntu/tesseract_ws/install/trajopt_common/share/trajopt_common/data/pr2/meshes/torso_v0/iv
-- Up-to-date: /home/ubuntu/tesseract_ws/install/trajopt_common/share/trajopt_common/data/pr2/meshes/torso_v0/iv/torso_lift_L.iv
-- Up-to-date: /home/ubuntu/tesseract_ws/install/trajopt_common/share/trajopt_common/data/pr2/meshes/torso_v0/iv/torso.iv
-- Up-to-date: /home/ubuntu/tesseract_ws/install/trajopt_common/share/trajopt_common/data/pr2/meshes/torso_v0/iv/torso_lift.iv
-- Up-to-date: /home/ubuntu/tesseract_ws/install/trajopt_common/share/trajopt_common/data/pr2/meshes/torso_v0/torso_lift_L.stl
-- Up-to-date: /home/ubuntu/tesseract_ws/install/trajopt_common/share/trajopt_common/data/pr2/meshes/torso_v0/torso_lift_normals.tif
-- Up-to-date: /home/ubuntu/tesseract_ws/install/trajopt_common/share/trajopt_common/data/pr2/meshes/torso_v0/convex
-- Up-to-date: /home/ubuntu/tesseract_ws/install/trajopt_common/share/trajopt_common/data/pr2/meshes/torso_v0/convex/torso_convex.obj
-- Up-to-date: /home/ubuntu/tesseract_ws/install/trajopt_common/share/trajopt_common/data/pr2/meshes/torso_v0/convex/torso.obj
-- Up-to-date: /home/ubuntu/tesseract_ws/install/trajopt_common/share/trajopt_common/data/pr2/meshes/torso_v0/convex/torso_lift_convex.obj
-- Up-to-date: /home/ubuntu/tesseract_ws/install/trajopt_common/share/trajopt_common/data/pr2/meshes/torso_v0/convex/torso.dae
-- Up-to-date: /home/ubuntu/tesseract_ws/install/trajopt_common/share/trajopt_common/data/pr2/meshes/torso_v0/convex/torso_lift_L_convex.iv
-- Up-to-date: /home/ubuntu/tesseract_ws/install/trajopt_common/share/trajopt_common/data/pr2/meshes/torso_v0/convex/torso_lift_convex.stlb
-- Up-to-date: /home/ubuntu/tesseract_ws/install/trajopt_common/share/trajopt_common/data/pr2/meshes/torso_v0/convex/torso_lift.obj
-- Up-to-date: /home/ubuntu/tesseract_ws/install/trajopt_common/share/trajopt_common/data/pr2/meshes/torso_v0/convex/torso_lift_L.obj
-- Up-to-date: /home/ubuntu/tesseract_ws/install/trajopt_common/share/trajopt_common/data/pr2/meshes/torso_v0/convex/torso.xml
-- Up-to-date: /home/ubuntu/tesseract_ws/install/trajopt_common/share/trajopt_common/data/pr2/meshes/torso_v0/convex/torso_lift_convex.stla
-- Up-to-date: /home/ubuntu/tesseract_ws/install/trajopt_common/share/trajopt_common/data/pr2/meshes/torso_v0/convex/torso_lift_L.xml
-- Up-to-date: /home/ubuntu/tesseract_ws/install/trajopt_common/share/trajopt_common/data/pr2/meshes/torso_v0/convex/torso_lift_L_convex.stla
-- Up-to-date: /home/ubuntu/tesseract_ws/install/trajopt_common/share/trajopt_common/data/pr2/meshes/torso_v0/convex/torso_convex.stla
-- Up-to-date: /home/ubuntu/tesseract_ws/install/trajopt_common/share/trajopt_common/data/pr2/meshes/torso_v0/convex/torso_lift_L_convex.obj
-- Up-to-date: /home/ubuntu/tesseract_ws/install/trajopt_common/share/trajopt_common/data/pr2/meshes/torso_v0/convex/torso_lift_L.dae
-- Up-to-date: /home/ubuntu/tesseract_ws/install/trajopt_common/share/trajopt_common/data/pr2/meshes/torso_v0/convex/torso_convex.stlb
-- Up-to-date: /home/ubuntu/tesseract_ws/install/trajopt_common/share/trajopt_common/data/pr2/meshes/torso_v0/convex/torso_lift.xml
-- Up-to-date: /home/ubuntu/tesseract_ws/install/trajopt_common/share/trajopt_common/data/pr2/meshes/torso_v0/convex/torso_lift_convex.iv
-- Up-to-date: /home/ubuntu/tesseract_ws/install/trajopt_common/share/trajopt_common/data/pr2/meshes/torso_v0/convex/torso_lift.dae
-- Up-to-date: /home/ubuntu/tesseract_ws/install/trajopt_common/share/trajopt_common/data/pr2/meshes/torso_v0/convex/torso_lift_L_convex.stlb
-- Up-to-date: /home/ubuntu/tesseract_ws/install/trajopt_common/share/trajopt_common/data/pr2/meshes/torso_v0/convex/torso_convex.iv
-- Up-to-date: /home/ubuntu/tesseract_ws/install/trajopt_common/share/trajopt_common/data/pr2/meshes/torso_v0/torso_lift.stl
-- Up-to-date: /home/ubuntu/tesseract_ws/install/trajopt_common/share/trajopt_common/data/pr2/meshes/torso_v0/torso_lift.dae
-- Up-to-date: /home/ubuntu/tesseract_ws/install/trajopt_common/share/trajopt_common/data/pr2/meshes/tilting_laser_v0
-- Up-to-date: /home/ubuntu/tesseract_ws/install/trajopt_common/share/trajopt_common/data/pr2/meshes/tilting_laser_v0/tilting_hokuyo_color.tif
-- Up-to-date: /home/ubuntu/tesseract_ws/install/trajopt_common/share/trajopt_common/data/pr2/meshes/tilting_laser_v0/tilting_hokuyo_L.stl
-- Up-to-date: /home/ubuntu/tesseract_ws/install/trajopt_common/share/trajopt_common/data/pr2/meshes/tilting_laser_v0/iv
-- Up-to-date: /home/ubuntu/tesseract_ws/install/trajopt_common/share/trajopt_common/data/pr2/meshes/tilting_laser_v0/iv/tilting_hokuyo_L.iv
-- Up-to-date: /home/ubuntu/tesseract_ws/install/trajopt_common/share/trajopt_common/data/pr2/meshes/tilting_laser_v0/iv/hok_tilt.iv
-- Up-to-date: /home/ubuntu/tesseract_ws/install/trajopt_common/share/trajopt_common/data/pr2/meshes/tilting_laser_v0/iv/tilting_hokuyo.iv
-- Up-to-date: /home/ubuntu/tesseract_ws/install/trajopt_common/share/trajopt_common/data/pr2/meshes/tilting_laser_v0/tilting_hokuyo_normals.tif
-- Up-to-date: /home/ubuntu/tesseract_ws/install/trajopt_common/share/trajopt_common/data/pr2/meshes/tilting_laser_v0/convex
-- Up-to-date: /home/ubuntu/tesseract_ws/install/trajopt_common/share/trajopt_common/data/pr2/meshes/tilting_laser_v0/convex/hok_tilt_convex.stla
-- Up-to-date: /home/ubuntu/tesseract_ws/install/trajopt_common/share/trajopt_common/data/pr2/meshes/tilting_laser_v0/convex/tilting_hokuyo_convex.stla
-- Up-to-date: /home/ubuntu/tesseract_ws/install/trajopt_common/share/trajopt_common/data/pr2/meshes/tilting_laser_v0/convex/tilting_hokuyo_L.xml
-- Up-to-date: /home/ubuntu/tesseract_ws/install/trajopt_common/share/trajopt_common/data/pr2/meshes/tilting_laser_v0/convex/tilting_hokuyo_convex.iv
-- Up-to-date: /home/ubuntu/tesseract_ws/install/trajopt_common/share/trajopt_common/data/pr2/meshes/tilting_laser_v0/convex/tilting_hokuyo.obj
-- Up-to-date: /home/ubuntu/tesseract_ws/install/trajopt_common/share/trajopt_common/data/pr2/meshes/tilting_laser_v0/convex/tilting_hokuyo_L_convex.obj
-- Up-to-date: /home/ubuntu/tesseract_ws/install/trajopt_common/share/trajopt_common/data/pr2/meshes/tilting_laser_v0/convex/hok_tilt_convex.iv
-- Up-to-date: /home/ubuntu/tesseract_ws/install/trajopt_common/share/trajopt_common/data/pr2/meshes/tilting_laser_v0/convex/tilting_hokuyo_L_convex.stla
-- Up-to-date: /home/ubuntu/tesseract_ws/install/trajopt_common/share/trajopt_common/data/pr2/meshes/tilting_laser_v0/convex/hok_tilt.dae
-- Up-to-date: /home/ubuntu/tesseract_ws/install/trajopt_common/share/trajopt_common/data/pr2/meshes/tilting_laser_v0/convex/tilting_hokuyo_convex.obj
-- Up-to-date: /home/ubuntu/tesseract_ws/install/trajopt_common/share/trajopt_common/data/pr2/meshes/tilting_laser_v0/convex/tilting_hokuyo_L_convex.stlb
-- Up-to-date: /home/ubuntu/tesseract_ws/install/trajopt_common/share/trajopt_common/data/pr2/meshes/tilting_laser_v0/convex/hok_tilt_convex.obj
-- Up-to-date: /home/ubuntu/tesseract_ws/install/trajopt_common/share/trajopt_common/data/pr2/meshes/tilting_laser_v0/convex/hok_tilt.xml
-- Up-to-date: /home/ubuntu/tesseract_ws/install/trajopt_common/share/trajopt_common/data/pr2/meshes/tilting_laser_v0/convex/tilting_hokuyo_L.obj
-- Up-to-date: /home/ubuntu/tesseract_ws/install/trajopt_common/share/trajopt_common/data/pr2/meshes/tilting_laser_v0/convex/tilting_hokuyo_convex.stlb
-- Up-to-date: /home/ubuntu/tesseract_ws/install/trajopt_common/share/trajopt_common/data/pr2/meshes/tilting_laser_v0/convex/tilting_hokuyo_L_convex.iv
-- Up-to-date: /home/ubuntu/tesseract_ws/install/trajopt_common/share/trajopt_common/data/pr2/meshes/tilting_laser_v0/convex/hok_tilt.obj
-- Up-to-date: /home/ubuntu/tesseract_ws/install/trajopt_common/share/trajopt_common/data/pr2/meshes/tilting_laser_v0/convex/tilting_hokuyo_L.dae
-- Up-to-date: /home/ubuntu/tesseract_ws/install/trajopt_common/share/trajopt_common/data/pr2/meshes/tilting_laser_v0/convex/tilting_hokuyo.dae
-- Up-to-date: /home/ubuntu/tesseract_ws/install/trajopt_common/share/trajopt_common/data/pr2/meshes/tilting_laser_v0/convex/hok_tilt_convex.stlb
-- Up-to-date: /home/ubuntu/tesseract_ws/install/trajopt_common/share/trajopt_common/data/pr2/meshes/tilting_laser_v0/convex/tilting_hokuyo.xml
-- Up-to-date: /home/ubuntu/tesseract_ws/install/trajopt_common/share/trajopt_common/data/pr2/meshes/tilting_laser_v0/hok_tilt.stl
-- Up-to-date: /home/ubuntu/tesseract_ws/install/trajopt_common/share/trajopt_common/data/pr2/meshes/tilting_laser_v0/tilting_hokuyo.dae
-- Up-to-date: /home/ubuntu/tesseract_ws/install/trajopt_common/share/trajopt_common/data/pr2/meshes/tilting_laser_v0/tilting_hokuyo.stl
-- Up-to-date: /home/ubuntu/tesseract_ws/install/trajopt_common/share/trajopt_common/data/pr2/meshes/sensors
-- Up-to-date: /home/ubuntu/tesseract_ws/install/trajopt_common/share/trajopt_common/data/pr2/meshes/sensors/kinect_prosilica_v0
-- Up-to-date: /home/ubuntu/tesseract_ws/install/trajopt_common/share/trajopt_common/data/pr2/meshes/sensors/kinect_prosilica_v0/115x100_swept_back_no_sensors--coarse.STL
-- Up-to-date: /home/ubuntu/tesseract_ws/install/trajopt_common/share/trajopt_common/data/pr2/meshes/sensors/kinect_prosilica_v0/115x100_swept_fwd--coarse.STL
-- Up-to-date: /home/ubuntu/tesseract_ws/install/trajopt_common/share/trajopt_common/data/pr2/meshes/sensors/kinect_prosilica_v0/Prosilica_w_Lens--coarse.STL
-- Up-to-date: /home/ubuntu/tesseract_ws/install/trajopt_common/share/trajopt_common/data/pr2/meshes/sensors/kinect_prosilica_v0/115x100_swept_fwd_no_sensors--coarse.STL
-- Up-to-date: /home/ubuntu/tesseract_ws/install/trajopt_common/share/trajopt_common/data/pr2/meshes/sensors/kinect_prosilica_v0/68-04546_Kinect_Sensor--coarse.STL
-- Up-to-date: /home/ubuntu/tesseract_ws/install/trajopt_common/share/trajopt_common/data/pr2/meshes/sensors/kinect_prosilica_v0/115x100_swept_back--coarse.STL
-- Up-to-date: /home/ubuntu/tesseract_ws/install/trajopt_common/share/trajopt_common/data/pr2/meshes/sensors/kinect_v0
-- Up-to-date: /home/ubuntu/tesseract_ws/install/trajopt_common/share/trajopt_common/data/pr2/meshes/sensors/kinect_v0/kinect_mount.stl
-- Up-to-date: /home/ubuntu/tesseract_ws/install/trajopt_common/share/trajopt_common/data/pr2/meshes/sensors/kinect_v0/kinect_color.tga
-- Up-to-date: /home/ubuntu/tesseract_ws/install/trajopt_common/share/trajopt_common/data/pr2/meshes/sensors/kinect_v0/kinect.dae
-- Up-to-date: /home/ubuntu/tesseract_ws/install/trajopt_common/share/trajopt_common/data/pr2/meshes/sensors/kinect_v0/kinect.tga
-- Up-to-date: /home/ubuntu/tesseract_ws/install/trajopt_common/share/trajopt_common/data/pr2/meshes/sensors/kinect2_v0
-- Up-to-date: /home/ubuntu/tesseract_ws/install/trajopt_common/share/trajopt_common/data/pr2/meshes/sensors/kinect2_v0/kinect2_assembly.STL
-- Up-to-date: /home/ubuntu/tesseract_ws/install/trajopt_common/share/trajopt_common/data/pr2/meshes/shoulder_v0
-- Up-to-date: /home/ubuntu/tesseract_ws/install/trajopt_common/share/trajopt_common/data/pr2/meshes/shoulder_v0/shoulder_lift.stl
-- Up-to-date: /home/ubuntu/tesseract_ws/install/trajopt_common/share/trajopt_common/data/pr2/meshes/shoulder_v0/iv
-- Up-to-date: /home/ubuntu/tesseract_ws/install/trajopt_common/share/trajopt_common/data/pr2/meshes/shoulder_v0/iv/upper_arm_roll_L.iv
-- Up-to-date: /home/ubuntu/tesseract_ws/install/trajopt_common/share/trajopt_common/data/pr2/meshes/shoulder_v0/iv/shoulder_lift.iv
-- Up-to-date: /home/ubuntu/tesseract_ws/install/trajopt_common/share/trajopt_common/data/pr2/meshes/shoulder_v0/iv/upper_arm_roll.iv
-- Up-to-date: /home/ubuntu/tesseract_ws/install/trajopt_common/share/trajopt_common/data/pr2/meshes/shoulder_v0/iv/shoulder_yaw.iv
-- Up-to-date: /home/ubuntu/tesseract_ws/install/trajopt_common/share/trajopt_common/data/pr2/meshes/shoulder_v0/iv/shoulder_pan.iv
-- Up-to-date: /home/ubuntu/tesseract_ws/install/trajopt_common/share/trajopt_common/data/pr2/meshes/shoulder_v0/upper_arm_roll_L.stl
-- Up-to-date: /home/ubuntu/tesseract_ws/install/trajopt_common/share/trajopt_common/data/pr2/meshes/shoulder_v0/shoulder_lift.dae
-- Up-to-date: /home/ubuntu/tesseract_ws/install/trajopt_common/share/trajopt_common/data/pr2/meshes/shoulder_v0/upper_arm_roll_color.tif
-- Up-to-date: /home/ubuntu/tesseract_ws/install/trajopt_common/share/trajopt_common/data/pr2/meshes/shoulder_v0/shoulder_lift_normals.tif
-- Up-to-date: /home/ubuntu/tesseract_ws/install/trajopt_common/share/trajopt_common/data/pr2/meshes/shoulder_v0/shoulder_yaw.stl
-- Up-to-date: /home/ubuntu/tesseract_ws/install/trajopt_common/share/trajopt_common/data/pr2/meshes/shoulder_v0/upper_arm_roll.stl
-- Up-to-date: /home/ubuntu/tesseract_ws/install/trajopt_common/share/trajopt_common/data/pr2/meshes/shoulder_v0/upper_arm_roll.dae
-- Up-to-date: /home/ubuntu/tesseract_ws/install/trajopt_common/share/trajopt_common/data/pr2/meshes/shoulder_v0/shoulder_pan_normals.tif
-- Up-to-date: /home/ubuntu/tesseract_ws/install/trajopt_common/share/trajopt_common/data/pr2/meshes/shoulder_v0/convex
-- Up-to-date: /home/ubuntu/tesseract_ws/install/trajopt_common/share/trajopt_common/data/pr2/meshes/shoulder_v0/convex/upper_arm_roll_convex.stlb
-- Up-to-date: /home/ubuntu/tesseract_ws/install/trajopt_common/share/trajopt_common/data/pr2/meshes/shoulder_v0/convex/upper_arm_roll_L_convex.iv
-- Up-to-date: /home/ubuntu/tesseract_ws/install/trajopt_common/share/trajopt_common/data/pr2/meshes/shoulder_v0/convex/shoulder_lift_convex.obj
-- Up-to-date: /home/ubuntu/tesseract_ws/install/trajopt_common/share/trajopt_common/data/pr2/meshes/shoulder_v0/convex/upper_arm_roll.obj
-- Up-to-date: /home/ubuntu/tesseract_ws/install/trajopt_common/share/trajopt_common/data/pr2/meshes/shoulder_v0/convex/shoulder_pan.xml
-- Up-to-date: /home/ubuntu/tesseract_ws/install/trajopt_common/share/trajopt_common/data/pr2/meshes/shoulder_v0/convex/upper_arm_roll_L_convex.stlb
-- Up-to-date: /home/ubuntu/tesseract_ws/install/trajopt_common/share/trajopt_common/data/pr2/meshes/shoulder_v0/convex/shoulder_lift.dae
-- Up-to-date: /home/ubuntu/tesseract_ws/install/trajopt_common/share/trajopt_common/data/pr2/meshes/shoulder_v0/convex/shoulder_lift_convex.stla
-- Up-to-date: /home/ubuntu/tesseract_ws/install/trajopt_common/share/trajopt_common/data/pr2/meshes/shoulder_v0/convex/shoulder_pan_convex.iv
-- Up-to-date: /home/ubuntu/tesseract_ws/install/trajopt_common/share/trajopt_common/data/pr2/meshes/shoulder_v0/convex/shoulder_pan_convex.obj
-- Up-to-date: /home/ubuntu/tesseract_ws/install/trajopt_common/share/trajopt_common/data/pr2/meshes/shoulder_v0/convex/upper_arm_roll_convex.obj
-- Up-to-date: /home/ubuntu/tesseract_ws/install/trajopt_common/share/trajopt_common/data/pr2/meshes/shoulder_v0/convex/shoulder_lift_convex.stlb
-- Up-to-date: /home/ubuntu/tesseract_ws/install/trajopt_common/share/trajopt_common/data/pr2/meshes/shoulder_v0/convex/upper_arm_roll_L_convex.stla
-- Up-to-date: /home/ubuntu/tesseract_ws/install/trajopt_common/share/trajopt_common/data/pr2/meshes/shoulder_v0/convex/shoulder_lift_convex.iv
-- Up-to-date: /home/ubuntu/tesseract_ws/install/trajopt_common/share/trajopt_common/data/pr2/meshes/shoulder_v0/convex/shoulder_yaw.obj
-- Up-to-date: /home/ubuntu/tesseract_ws/install/trajopt_common/share/trajopt_common/data/pr2/meshes/shoulder_v0/convex/shoulder_pan_convex.stlb
-- Up-to-date: /home/ubuntu/tesseract_ws/install/trajopt_common/share/trajopt_common/data/pr2/meshes/shoulder_v0/convex/shoulder_yaw.dae
-- Up-to-date: /home/ubuntu/tesseract_ws/install/trajopt_common/share/trajopt_common/data/pr2/meshes/shoulder_v0/convex/shoulder_lift.obj
-- Up-to-date: /home/ubuntu/tesseract_ws/install/trajopt_common/share/trajopt_common/data/pr2/meshes/shoulder_v0/convex/upper_arm_roll.dae
-- Up-to-date: /home/ubuntu/tesseract_ws/install/trajopt_common/share/trajopt_common/data/pr2/meshes/shoulder_v0/convex/upper_arm_roll_L_convex.obj
-- Up-to-date: /home/ubuntu/tesseract_ws/install/trajopt_common/share/trajopt_common/data/pr2/meshes/shoulder_v0/convex/upper_arm_roll.xml
-- Up-to-date: /home/ubuntu/tesseract_ws/install/trajopt_common/share/trajopt_common/data/pr2/meshes/shoulder_v0/convex/shoulder_pan.dae
-- Up-to-date: /home/ubuntu/tesseract_ws/install/trajopt_common/share/trajopt_common/data/pr2/meshes/shoulder_v0/convex/upper_arm_roll_L.dae
-- Up-to-date: /home/ubuntu/tesseract_ws/install/trajopt_common/share/trajopt_common/data/pr2/meshes/shoulder_v0/convex/upper_arm_roll_convex.stla
-- Up-to-date: /home/ubuntu/tesseract_ws/install/trajopt_common/share/trajopt_common/data/pr2/meshes/shoulder_v0/convex/shoulder_yaw_convex.obj
-- Up-to-date: /home/ubuntu/tesseract_ws/install/trajopt_common/share/trajopt_common/data/pr2/meshes/shoulder_v0/convex/shoulder_pan.obj
-- Up-to-date: /home/ubuntu/tesseract_ws/install/trajopt_common/share/trajopt_common/data/pr2/meshes/shoulder_v0/convex/upper_arm_roll_convex.iv
-- Up-to-date: /home/ubuntu/tesseract_ws/install/trajopt_common/share/trajopt_common/data/pr2/meshes/shoulder_v0/convex/shoulder_yaw_convex.iv
-- Up-to-date: /home/ubuntu/tesseract_ws/install/trajopt_common/share/trajopt_common/data/pr2/meshes/shoulder_v0/convex/shoulder_yaw.xml
-- Up-to-date: /home/ubuntu/tesseract_ws/install/trajopt_common/share/trajopt_common/data/pr2/meshes/shoulder_v0/convex/shoulder_lift.xml
-- Up-to-date: /home/ubuntu/tesseract_ws/install/trajopt_common/share/trajopt_common/data/pr2/meshes/shoulder_v0/convex/shoulder_yaw_convex.stlb
-- Up-to-date: /home/ubuntu/tesseract_ws/install/trajopt_common/share/trajopt_common/data/pr2/meshes/shoulder_v0/convex/upper_arm_roll_L.xml
-- Up-to-date: /home/ubuntu/tesseract_ws/install/trajopt_common/share/trajopt_common/data/pr2/meshes/shoulder_v0/convex/shoulder_pan_convex.stla
-- Up-to-date: /home/ubuntu/tesseract_ws/install/trajopt_common/share/trajopt_common/data/pr2/meshes/shoulder_v0/convex/shoulder_yaw_convex.stla
-- Up-to-date: /home/ubuntu/tesseract_ws/install/trajopt_common/share/trajopt_common/data/pr2/meshes/shoulder_v0/convex/upper_arm_roll_L.obj
-- Up-to-date: /home/ubuntu/tesseract_ws/install/trajopt_common/share/trajopt_common/data/pr2/meshes/shoulder_v0/shoulder_pan.dae
-- Up-to-date: /home/ubuntu/tesseract_ws/install/trajopt_common/share/trajopt_common/data/pr2/meshes/shoulder_v0/shoulder_pan.stl
-- Up-to-date: /home/ubuntu/tesseract_ws/install/trajopt_common/share/trajopt_common/data/pr2/meshes/shoulder_v0/shoulder_pan_color.tif
-- Up-to-date: /home/ubuntu/tesseract_ws/install/trajopt_common/share/trajopt_common/data/pr2/meshes/shoulder_v0/shoulder_lift_color.tif
-- Up-to-date: /home/ubuntu/tesseract_ws/install/trajopt_common/share/trajopt_common/data/pr2/meshes/shoulder_v0/upper_arm_roll_normals.tif
-- Up-to-date: /home/ubuntu/tesseract_ws/install/trajopt_common/share/trajopt_common/data/boxbot.xacro
-- Up-to-date: /home/ubuntu/tesseract_ws/install/trajopt_common/share/trajopt_common/data/pr2.srdf
-- Up-to-date: /home/ubuntu/tesseract_ws/install/trajopt_common/share/trajopt_common/data/boxbot.srdf
-- Up-to-date: /home/ubuntu/tesseract_ws/install/trajopt_common/share/trajopt_common/data/boxbot.urdf
-- Up-to-date: /home/ubuntu/tesseract_ws/install/trajopt_common/share/trajopt_common/data/meshes
-- Up-to-date: /home/ubuntu/tesseract_ws/install/trajopt_common/share/trajopt_common/data/meshes/Table.stl
-- Up-to-date: /home/ubuntu/tesseract_ws/install/trajopt_common/share/trajopt_common/data/box_1m_macro.xacro
-- Up-to-date: /home/ubuntu/tesseract_ws/install/trajopt_common/share/trajopt_common/data/spherebot.urdf
-- Up-to-date: /home/ubuntu/tesseract_ws/install/trajopt_common/share/trajopt_common/data/arm_around_table.urdf
-- Up-to-date: /home/ubuntu/tesseract_ws/install/trajopt_common/share/trajopt_common/data/pr2_plugins.yaml
