-- Found ament_cmake: 1.3.5 (/opt/ros/humble/share/ament_cmake/cmake)
-- Override CMake install command with custom implementation using symlinks instead of copying resources
-- Found rclcpp: 16.0.4 (/opt/ros/humble/share/rclcpp/cmake)
-- Found rosidl_generator_c: 3.1.4 (/opt/ros/humble/share/rosidl_generator_c/cmake)
-- Found rosidl_adapter: 3.1.4 (/opt/ros/humble/share/rosidl_adapter/cmake)
-- Found rosidl_generator_cpp: 3.1.4 (/opt/ros/humble/share/rosidl_generator_cpp/cmake)
-- Using all available rosidl_typesupport_c: rosidl_typesupport_fastrtps_c;rosidl_typesupport_introspection_c
-- Using all available rosidl_typesupport_cpp: rosidl_typesupport_fastrtps_cpp;rosidl_typesupport_introspection_cpp
-- Found rmw_implementation_cmake: 6.1.1 (/opt/ros/humble/share/rmw_implementation_cmake/cmake)
-- Found rmw_fastrtps_cpp: 6.2.2 (/opt/ros/humble/share/rmw_fastrtps_cpp/cmake)
-- Using RMW implementation 'rmw_fastrtps_cpp' as default
-- Found snp_msgs: 0.0.0 (/home/ubuntu/tesseract_ws/install/snp_msgs/share/snp_msgs/cmake)
-- Found std_srvs: 4.2.3 (/opt/ros/humble/share/std_srvs/cmake)
-- Found tesseract_monitoring: 0.18.0 (/home/ubuntu/tesseract_ws/install/tesseract_monitoring/share/tesseract_monitoring/cmake)
-- BULLET_LIB=LinearMath-float64 BULLET_LIB_ABS=/usr/lib/x86_64-linux-gnu/libLinearMath-float64.so
-- BULLET_LIB=Bullet3Common-float64 BULLET_LIB_ABS=/usr/lib/x86_64-linux-gnu/libBullet3Common-float64.so
-- BULLET_LIB=BulletInverseDynamics-float64 BULLET_LIB_ABS=/usr/lib/x86_64-linux-gnu/libBulletInverseDynamics-float64.so
-- BULLET_LIB=BulletCollision-float64 BULLET_LIB_ABS=/usr/lib/x86_64-linux-gnu/libBulletCollision-float64.so
-- BULLET_LIB=BulletDynamics-float64 BULLET_LIB_ABS=/usr/lib/x86_64-linux-gnu/libBulletDynamics-float64.so
-- BULLET_LIB=BulletSoftBody-float64 BULLET_LIB_ABS=/usr/lib/x86_64-linux-gnu/libBulletSoftBody-float64.so
-- BULLET_LIBRARIES_ABS=/usr/lib/x86_64-linux-gnu/libLinearMath-float64.so;/usr/lib/x86_64-linux-gnu/libBullet3Common-float64.so;/usr/lib/x86_64-linux-gnu/libBulletInverseDynamics-float64.so;/usr/lib/x86_64-linux-gnu/libBulletCollision-float64.so;/usr/lib/x86_64-linux-gnu/libBulletDynamics-float64.so;/usr/lib/x86_64-linux-gnu/libBulletSoftBody-float64.so
-- Eigen found (include: /usr/include/eigen3, version: 3.4.0)
-- OpenNI found (version: 1.5.4.0, include: /usr/include/ni, lib: /usr/lib/libOpenNI.so;libusb::libusb)
-- OpenNI2 found (version: 2.2.0.33, include: /usr/include/openni2, lib: /usr/lib/x86_64-linux-gnu/libOpenNI2.so;libusb::libusb)
-- Eigen found (include: /usr/include/eigen3, version: 3.4.0)
-- BULLET_LIB=LinearMath-float64 BULLET_LIB_ABS=/usr/lib/x86_64-linux-gnu/libLinearMath-float64.so
-- BULLET_LIB=Bullet3Common-float64 BULLET_LIB_ABS=/usr/lib/x86_64-linux-gnu/libBullet3Common-float64.so
-- BULLET_LIB=BulletInverseDynamics-float64 BULLET_LIB_ABS=/usr/lib/x86_64-linux-gnu/libBulletInverseDynamics-float64.so
-- BULLET_LIB=BulletCollision-float64 BULLET_LIB_ABS=/usr/lib/x86_64-linux-gnu/libBulletCollision-float64.so
-- BULLET_LIB=BulletDynamics-float64 BULLET_LIB_ABS=/usr/lib/x86_64-linux-gnu/libBulletDynamics-float64.so
-- BULLET_LIB=BulletSoftBody-float64 BULLET_LIB_ABS=/usr/lib/x86_64-linux-gnu/libBulletSoftBody-float64.so
-- BULLET_LIBRARIES_ABS=/usr/lib/x86_64-linux-gnu/libLinearMath-float64.so;/usr/lib/x86_64-linux-gnu/libBullet3Common-float64.so;/usr/lib/x86_64-linux-gnu/libBulletInverseDynamics-float64.so;/usr/lib/x86_64-linux-gnu/libBulletCollision-float64.so;/usr/lib/x86_64-linux-gnu/libBulletDynamics-float64.so;/usr/lib/x86_64-linux-gnu/libBulletSoftBody-float64.so
-- BULLET_LIB=LinearMath-float64 BULLET_LIB_ABS=/usr/lib/x86_64-linux-gnu/libLinearMath-float64.so
-- BULLET_LIB=Bullet3Common-float64 BULLET_LIB_ABS=/usr/lib/x86_64-linux-gnu/libBullet3Common-float64.so
-- BULLET_LIB=BulletInverseDynamics-float64 BULLET_LIB_ABS=/usr/lib/x86_64-linux-gnu/libBulletInverseDynamics-float64.so
-- BULLET_LIB=BulletCollision-float64 BULLET_LIB_ABS=/usr/lib/x86_64-linux-gnu/libBulletCollision-float64.so
-- BULLET_LIB=BulletDynamics-float64 BULLET_LIB_ABS=/usr/lib/x86_64-linux-gnu/libBulletDynamics-float64.so
-- BULLET_LIB=BulletSoftBody-float64 BULLET_LIB_ABS=/usr/lib/x86_64-linux-gnu/libBulletSoftBody-float64.so
-- BULLET_LIBRARIES_ABS=/usr/lib/x86_64-linux-gnu/libLinearMath-float64.so;/usr/lib/x86_64-linux-gnu/libBullet3Common-float64.so;/usr/lib/x86_64-linux-gnu/libBulletInverseDynamics-float64.so;/usr/lib/x86_64-linux-gnu/libBulletCollision-float64.so;/usr/lib/x86_64-linux-gnu/libBulletDynamics-float64.so;/usr/lib/x86_64-linux-gnu/libBulletSoftBody-float64.so
-- BULLET_LIB=LinearMath-float64 BULLET_LIB_ABS=/usr/lib/x86_64-linux-gnu/libLinearMath-float64.so
-- BULLET_LIB=Bullet3Common-float64 BULLET_LIB_ABS=/usr/lib/x86_64-linux-gnu/libBullet3Common-float64.so
-- BULLET_LIB=BulletInverseDynamics-float64 BULLET_LIB_ABS=/usr/lib/x86_64-linux-gnu/libBulletInverseDynamics-float64.so
-- BULLET_LIB=BulletCollision-float64 BULLET_LIB_ABS=/usr/lib/x86_64-linux-gnu/libBulletCollision-float64.so
-- BULLET_LIB=BulletDynamics-float64 BULLET_LIB_ABS=/usr/lib/x86_64-linux-gnu/libBulletDynamics-float64.so
-- BULLET_LIB=BulletSoftBody-float64 BULLET_LIB_ABS=/usr/lib/x86_64-linux-gnu/libBulletSoftBody-float64.so
-- BULLET_LIBRARIES_ABS=/usr/lib/x86_64-linux-gnu/libLinearMath-float64.so;/usr/lib/x86_64-linux-gnu/libBullet3Common-float64.so;/usr/lib/x86_64-linux-gnu/libBulletInverseDynamics-float64.so;/usr/lib/x86_64-linux-gnu/libBulletCollision-float64.so;/usr/lib/x86_64-linux-gnu/libBulletDynamics-float64.so;/usr/lib/x86_64-linux-gnu/libBulletSoftBody-float64.so
-- BULLET_LIB=LinearMath-float64 BULLET_LIB_ABS=/usr/lib/x86_64-linux-gnu/libLinearMath-float64.so
-- BULLET_LIB=Bullet3Common-float64 BULLET_LIB_ABS=/usr/lib/x86_64-linux-gnu/libBullet3Common-float64.so
-- BULLET_LIB=BulletInverseDynamics-float64 BULLET_LIB_ABS=/usr/lib/x86_64-linux-gnu/libBulletInverseDynamics-float64.so
-- BULLET_LIB=BulletCollision-float64 BULLET_LIB_ABS=/usr/lib/x86_64-linux-gnu/libBulletCollision-float64.so
-- BULLET_LIB=BulletDynamics-float64 BULLET_LIB_ABS=/usr/lib/x86_64-linux-gnu/libBulletDynamics-float64.so
-- BULLET_LIB=BulletSoftBody-float64 BULLET_LIB_ABS=/usr/lib/x86_64-linux-gnu/libBulletSoftBody-float64.so
-- BULLET_LIBRARIES_ABS=/usr/lib/x86_64-linux-gnu/libLinearMath-float64.so;/usr/lib/x86_64-linux-gnu/libBullet3Common-float64.so;/usr/lib/x86_64-linux-gnu/libBulletInverseDynamics-float64.so;/usr/lib/x86_64-linux-gnu/libBulletCollision-float64.so;/usr/lib/x86_64-linux-gnu/libBulletDynamics-float64.so;/usr/lib/x86_64-linux-gnu/libBulletSoftBody-float64.so
-- BULLET_LIB=LinearMath-float64 BULLET_LIB_ABS=/usr/lib/x86_64-linux-gnu/libLinearMath-float64.so
-- BULLET_LIB=Bullet3Common-float64 BULLET_LIB_ABS=/usr/lib/x86_64-linux-gnu/libBullet3Common-float64.so
-- BULLET_LIB=BulletInverseDynamics-float64 BULLET_LIB_ABS=/usr/lib/x86_64-linux-gnu/libBulletInverseDynamics-float64.so
-- BULLET_LIB=BulletCollision-float64 BULLET_LIB_ABS=/usr/lib/x86_64-linux-gnu/libBulletCollision-float64.so
-- BULLET_LIB=BulletDynamics-float64 BULLET_LIB_ABS=/usr/lib/x86_64-linux-gnu/libBulletDynamics-float64.so
-- BULLET_LIB=BulletSoftBody-float64 BULLET_LIB_ABS=/usr/lib/x86_64-linux-gnu/libBulletSoftBody-float64.so
-- BULLET_LIBRARIES_ABS=/usr/lib/x86_64-linux-gnu/libLinearMath-float64.so;/usr/lib/x86_64-linux-gnu/libBullet3Common-float64.so;/usr/lib/x86_64-linux-gnu/libBulletInverseDynamics-float64.so;/usr/lib/x86_64-linux-gnu/libBulletCollision-float64.so;/usr/lib/x86_64-linux-gnu/libBulletDynamics-float64.so;/usr/lib/x86_64-linux-gnu/libBulletSoftBody-float64.so
-- BULLET_LIB=LinearMath-float64 BULLET_LIB_ABS=/usr/lib/x86_64-linux-gnu/libLinearMath-float64.so
-- BULLET_LIB=Bullet3Common-float64 BULLET_LIB_ABS=/usr/lib/x86_64-linux-gnu/libBullet3Common-float64.so
-- BULLET_LIB=BulletInverseDynamics-float64 BULLET_LIB_ABS=/usr/lib/x86_64-linux-gnu/libBulletInverseDynamics-float64.so
-- BULLET_LIB=BulletCollision-float64 BULLET_LIB_ABS=/usr/lib/x86_64-linux-gnu/libBulletCollision-float64.so
-- BULLET_LIB=BulletDynamics-float64 BULLET_LIB_ABS=/usr/lib/x86_64-linux-gnu/libBulletDynamics-float64.so
-- BULLET_LIB=BulletSoftBody-float64 BULLET_LIB_ABS=/usr/lib/x86_64-linux-gnu/libBulletSoftBody-float64.so
-- BULLET_LIBRARIES_ABS=/usr/lib/x86_64-linux-gnu/libLinearMath-float64.so;/usr/lib/x86_64-linux-gnu/libBullet3Common-float64.so;/usr/lib/x86_64-linux-gnu/libBulletInverseDynamics-float64.so;/usr/lib/x86_64-linux-gnu/libBulletCollision-float64.so;/usr/lib/x86_64-linux-gnu/libBulletDynamics-float64.so;/usr/lib/x86_64-linux-gnu/libBulletSoftBody-float64.so
-- BULLET_LIB=LinearMath-float64 BULLET_LIB_ABS=/usr/lib/x86_64-linux-gnu/libLinearMath-float64.so
-- BULLET_LIB=Bullet3Common-float64 BULLET_LIB_ABS=/usr/lib/x86_64-linux-gnu/libBullet3Common-float64.so
-- BULLET_LIB=BulletInverseDynamics-float64 BULLET_LIB_ABS=/usr/lib/x86_64-linux-gnu/libBulletInverseDynamics-float64.so
-- BULLET_LIB=BulletCollision-float64 BULLET_LIB_ABS=/usr/lib/x86_64-linux-gnu/libBulletCollision-float64.so
-- BULLET_LIB=BulletDynamics-float64 BULLET_LIB_ABS=/usr/lib/x86_64-linux-gnu/libBulletDynamics-float64.so
-- BULLET_LIB=BulletSoftBody-float64 BULLET_LIB_ABS=/usr/lib/x86_64-linux-gnu/libBulletSoftBody-float64.so
-- BULLET_LIBRARIES_ABS=/usr/lib/x86_64-linux-gnu/libLinearMath-float64.so;/usr/lib/x86_64-linux-gnu/libBullet3Common-float64.so;/usr/lib/x86_64-linux-gnu/libBulletInverseDynamics-float64.so;/usr/lib/x86_64-linux-gnu/libBulletCollision-float64.so;/usr/lib/x86_64-linux-gnu/libBulletDynamics-float64.so;/usr/lib/x86_64-linux-gnu/libBulletSoftBody-float64.so
-- BULLET_LIB=LinearMath-float64 BULLET_LIB_ABS=/usr/lib/x86_64-linux-gnu/libLinearMath-float64.so
-- BULLET_LIB=Bullet3Common-float64 BULLET_LIB_ABS=/usr/lib/x86_64-linux-gnu/libBullet3Common-float64.so
-- BULLET_LIB=BulletInverseDynamics-float64 BULLET_LIB_ABS=/usr/lib/x86_64-linux-gnu/libBulletInverseDynamics-float64.so
-- BULLET_LIB=BulletCollision-float64 BULLET_LIB_ABS=/usr/lib/x86_64-linux-gnu/libBulletCollision-float64.so
-- BULLET_LIB=BulletDynamics-float64 BULLET_LIB_ABS=/usr/lib/x86_64-linux-gnu/libBulletDynamics-float64.so
-- BULLET_LIB=BulletSoftBody-float64 BULLET_LIB_ABS=/usr/lib/x86_64-linux-gnu/libBulletSoftBody-float64.so
-- BULLET_LIBRARIES_ABS=/usr/lib/x86_64-linux-gnu/libLinearMath-float64.so;/usr/lib/x86_64-linux-gnu/libBullet3Common-float64.so;/usr/lib/x86_64-linux-gnu/libBulletInverseDynamics-float64.so;/usr/lib/x86_64-linux-gnu/libBulletCollision-float64.so;/usr/lib/x86_64-linux-gnu/libBulletDynamics-float64.so;/usr/lib/x86_64-linux-gnu/libBulletSoftBody-float64.so
-- BULLET_LIB=LinearMath-float64 BULLET_LIB_ABS=/usr/lib/x86_64-linux-gnu/libLinearMath-float64.so
-- BULLET_LIB=Bullet3Common-float64 BULLET_LIB_ABS=/usr/lib/x86_64-linux-gnu/libBullet3Common-float64.so
-- BULLET_LIB=BulletInverseDynamics-float64 BULLET_LIB_ABS=/usr/lib/x86_64-linux-gnu/libBulletInverseDynamics-float64.so
-- BULLET_LIB=BulletCollision-float64 BULLET_LIB_ABS=/usr/lib/x86_64-linux-gnu/libBulletCollision-float64.so
-- BULLET_LIB=BulletDynamics-float64 BULLET_LIB_ABS=/usr/lib/x86_64-linux-gnu/libBulletDynamics-float64.so
-- BULLET_LIB=BulletSoftBody-float64 BULLET_LIB_ABS=/usr/lib/x86_64-linux-gnu/libBulletSoftBody-float64.so
-- BULLET_LIBRARIES_ABS=/usr/lib/x86_64-linux-gnu/libLinearMath-float64.so;/usr/lib/x86_64-linux-gnu/libBullet3Common-float64.so;/usr/lib/x86_64-linux-gnu/libBulletInverseDynamics-float64.so;/usr/lib/x86_64-linux-gnu/libBulletCollision-float64.so;/usr/lib/x86_64-linux-gnu/libBulletDynamics-float64.so;/usr/lib/x86_64-linux-gnu/libBulletSoftBody-float64.so
-- BULLET_LIB=LinearMath-float64 BULLET_LIB_ABS=/usr/lib/x86_64-linux-gnu/libLinearMath-float64.so
-- BULLET_LIB=Bullet3Common-float64 BULLET_LIB_ABS=/usr/lib/x86_64-linux-gnu/libBullet3Common-float64.so
-- BULLET_LIB=BulletInverseDynamics-float64 BULLET_LIB_ABS=/usr/lib/x86_64-linux-gnu/libBulletInverseDynamics-float64.so
-- BULLET_LIB=BulletCollision-float64 BULLET_LIB_ABS=/usr/lib/x86_64-linux-gnu/libBulletCollision-float64.so
-- BULLET_LIB=BulletDynamics-float64 BULLET_LIB_ABS=/usr/lib/x86_64-linux-gnu/libBulletDynamics-float64.so
-- BULLET_LIB=BulletSoftBody-float64 BULLET_LIB_ABS=/usr/lib/x86_64-linux-gnu/libBulletSoftBody-float64.so
-- BULLET_LIBRARIES_ABS=/usr/lib/x86_64-linux-gnu/libLinearMath-float64.so;/usr/lib/x86_64-linux-gnu/libBullet3Common-float64.so;/usr/lib/x86_64-linux-gnu/libBulletInverseDynamics-float64.so;/usr/lib/x86_64-linux-gnu/libBulletCollision-float64.so;/usr/lib/x86_64-linux-gnu/libBulletDynamics-float64.so;/usr/lib/x86_64-linux-gnu/libBulletSoftBody-float64.so
-- BULLET_LIB=LinearMath-float64 BULLET_LIB_ABS=/usr/lib/x86_64-linux-gnu/libLinearMath-float64.so
-- BULLET_LIB=Bullet3Common-float64 BULLET_LIB_ABS=/usr/lib/x86_64-linux-gnu/libBullet3Common-float64.so
-- BULLET_LIB=BulletInverseDynamics-float64 BULLET_LIB_ABS=/usr/lib/x86_64-linux-gnu/libBulletInverseDynamics-float64.so
-- BULLET_LIB=BulletCollision-float64 BULLET_LIB_ABS=/usr/lib/x86_64-linux-gnu/libBulletCollision-float64.so
-- BULLET_LIB=BulletDynamics-float64 BULLET_LIB_ABS=/usr/lib/x86_64-linux-gnu/libBulletDynamics-float64.so
-- BULLET_LIB=BulletSoftBody-float64 BULLET_LIB_ABS=/usr/lib/x86_64-linux-gnu/libBulletSoftBody-float64.so
-- BULLET_LIBRARIES_ABS=/usr/lib/x86_64-linux-gnu/libLinearMath-float64.so;/usr/lib/x86_64-linux-gnu/libBullet3Common-float64.so;/usr/lib/x86_64-linux-gnu/libBulletInverseDynamics-float64.so;/usr/lib/x86_64-linux-gnu/libBulletCollision-float64.so;/usr/lib/x86_64-linux-gnu/libBulletDynamics-float64.so;/usr/lib/x86_64-linux-gnu/libBulletSoftBody-float64.so
-- BULLET_LIB=LinearMath-float64 BULLET_LIB_ABS=/usr/lib/x86_64-linux-gnu/libLinearMath-float64.so
-- BULLET_LIB=Bullet3Common-float64 BULLET_LIB_ABS=/usr/lib/x86_64-linux-gnu/libBullet3Common-float64.so
-- BULLET_LIB=BulletInverseDynamics-float64 BULLET_LIB_ABS=/usr/lib/x86_64-linux-gnu/libBulletInverseDynamics-float64.so
-- BULLET_LIB=BulletCollision-float64 BULLET_LIB_ABS=/usr/lib/x86_64-linux-gnu/libBulletCollision-float64.so
-- BULLET_LIB=BulletDynamics-float64 BULLET_LIB_ABS=/usr/lib/x86_64-linux-gnu/libBulletDynamics-float64.so
-- BULLET_LIB=BulletSoftBody-float64 BULLET_LIB_ABS=/usr/lib/x86_64-linux-gnu/libBulletSoftBody-float64.so
-- BULLET_LIBRARIES_ABS=/usr/lib/x86_64-linux-gnu/libLinearMath-float64.so;/usr/lib/x86_64-linux-gnu/libBullet3Common-float64.so;/usr/lib/x86_64-linux-gnu/libBulletInverseDynamics-float64.so;/usr/lib/x86_64-linux-gnu/libBulletCollision-float64.so;/usr/lib/x86_64-linux-gnu/libBulletDynamics-float64.so;/usr/lib/x86_64-linux-gnu/libBulletSoftBody-float64.so
-- BULLET_LIB=LinearMath-float64 BULLET_LIB_ABS=/usr/lib/x86_64-linux-gnu/libLinearMath-float64.so
-- BULLET_LIB=Bullet3Common-float64 BULLET_LIB_ABS=/usr/lib/x86_64-linux-gnu/libBullet3Common-float64.so
-- BULLET_LIB=BulletInverseDynamics-float64 BULLET_LIB_ABS=/usr/lib/x86_64-linux-gnu/libBulletInverseDynamics-float64.so
-- BULLET_LIB=BulletCollision-float64 BULLET_LIB_ABS=/usr/lib/x86_64-linux-gnu/libBulletCollision-float64.so
-- BULLET_LIB=BulletDynamics-float64 BULLET_LIB_ABS=/usr/lib/x86_64-linux-gnu/libBulletDynamics-float64.so
-- BULLET_LIB=BulletSoftBody-float64 BULLET_LIB_ABS=/usr/lib/x86_64-linux-gnu/libBulletSoftBody-float64.so
-- BULLET_LIBRARIES_ABS=/usr/lib/x86_64-linux-gnu/libLinearMath-float64.so;/usr/lib/x86_64-linux-gnu/libBullet3Common-float64.so;/usr/lib/x86_64-linux-gnu/libBulletInverseDynamics-float64.so;/usr/lib/x86_64-linux-gnu/libBulletCollision-float64.so;/usr/lib/x86_64-linux-gnu/libBulletDynamics-float64.so;/usr/lib/x86_64-linux-gnu/libBulletSoftBody-float64.so
-- BULLET_LIB=LinearMath-float64 BULLET_LIB_ABS=/usr/lib/x86_64-linux-gnu/libLinearMath-float64.so
-- BULLET_LIB=Bullet3Common-float64 BULLET_LIB_ABS=/usr/lib/x86_64-linux-gnu/libBullet3Common-float64.so
-- BULLET_LIB=BulletInverseDynamics-float64 BULLET_LIB_ABS=/usr/lib/x86_64-linux-gnu/libBulletInverseDynamics-float64.so
-- BULLET_LIB=BulletCollision-float64 BULLET_LIB_ABS=/usr/lib/x86_64-linux-gnu/libBulletCollision-float64.so
-- BULLET_LIB=BulletDynamics-float64 BULLET_LIB_ABS=/usr/lib/x86_64-linux-gnu/libBulletDynamics-float64.so
-- BULLET_LIB=BulletSoftBody-float64 BULLET_LIB_ABS=/usr/lib/x86_64-linux-gnu/libBulletSoftBody-float64.so
-- BULLET_LIBRARIES_ABS=/usr/lib/x86_64-linux-gnu/libLinearMath-float64.so;/usr/lib/x86_64-linux-gnu/libBullet3Common-float64.so;/usr/lib/x86_64-linux-gnu/libBulletInverseDynamics-float64.so;/usr/lib/x86_64-linux-gnu/libBulletCollision-float64.so;/usr/lib/x86_64-linux-gnu/libBulletDynamics-float64.so;/usr/lib/x86_64-linux-gnu/libBulletSoftBody-float64.so
-- BULLET_LIB=LinearMath-float64 BULLET_LIB_ABS=/usr/lib/x86_64-linux-gnu/libLinearMath-float64.so
-- BULLET_LIB=Bullet3Common-float64 BULLET_LIB_ABS=/usr/lib/x86_64-linux-gnu/libBullet3Common-float64.so
-- BULLET_LIB=BulletInverseDynamics-float64 BULLET_LIB_ABS=/usr/lib/x86_64-linux-gnu/libBulletInverseDynamics-float64.so
-- BULLET_LIB=BulletCollision-float64 BULLET_LIB_ABS=/usr/lib/x86_64-linux-gnu/libBulletCollision-float64.so
-- BULLET_LIB=BulletDynamics-float64 BULLET_LIB_ABS=/usr/lib/x86_64-linux-gnu/libBulletDynamics-float64.so
-- BULLET_LIB=BulletSoftBody-float64 BULLET_LIB_ABS=/usr/lib/x86_64-linux-gnu/libBulletSoftBody-float64.so
-- BULLET_LIBRARIES_ABS=/usr/lib/x86_64-linux-gnu/libLinearMath-float64.so;/usr/lib/x86_64-linux-gnu/libBullet3Common-float64.so;/usr/lib/x86_64-linux-gnu/libBulletInverseDynamics-float64.so;/usr/lib/x86_64-linux-gnu/libBulletCollision-float64.so;/usr/lib/x86_64-linux-gnu/libBulletDynamics-float64.so;/usr/lib/x86_64-linux-gnu/libBulletSoftBody-float64.so
-- BULLET_LIB=LinearMath-float64 BULLET_LIB_ABS=/usr/lib/x86_64-linux-gnu/libLinearMath-float64.so
-- BULLET_LIB=Bullet3Common-float64 BULLET_LIB_ABS=/usr/lib/x86_64-linux-gnu/libBullet3Common-float64.so
-- BULLET_LIB=BulletInverseDynamics-float64 BULLET_LIB_ABS=/usr/lib/x86_64-linux-gnu/libBulletInverseDynamics-float64.so
-- BULLET_LIB=BulletCollision-float64 BULLET_LIB_ABS=/usr/lib/x86_64-linux-gnu/libBulletCollision-float64.so
-- BULLET_LIB=BulletDynamics-float64 BULLET_LIB_ABS=/usr/lib/x86_64-linux-gnu/libBulletDynamics-float64.so
-- BULLET_LIB=BulletSoftBody-float64 BULLET_LIB_ABS=/usr/lib/x86_64-linux-gnu/libBulletSoftBody-float64.so
-- BULLET_LIBRARIES_ABS=/usr/lib/x86_64-linux-gnu/libLinearMath-float64.so;/usr/lib/x86_64-linux-gnu/libBullet3Common-float64.so;/usr/lib/x86_64-linux-gnu/libBulletInverseDynamics-float64.so;/usr/lib/x86_64-linux-gnu/libBulletCollision-float64.so;/usr/lib/x86_64-linux-gnu/libBulletDynamics-float64.so;/usr/lib/x86_64-linux-gnu/libBulletSoftBody-float64.so
-- BULLET_LIB=LinearMath-float64 BULLET_LIB_ABS=/usr/lib/x86_64-linux-gnu/libLinearMath-float64.so
-- BULLET_LIB=Bullet3Common-float64 BULLET_LIB_ABS=/usr/lib/x86_64-linux-gnu/libBullet3Common-float64.so
-- BULLET_LIB=BulletInverseDynamics-float64 BULLET_LIB_ABS=/usr/lib/x86_64-linux-gnu/libBulletInverseDynamics-float64.so
-- BULLET_LIB=BulletCollision-float64 BULLET_LIB_ABS=/usr/lib/x86_64-linux-gnu/libBulletCollision-float64.so
-- BULLET_LIB=BulletDynamics-float64 BULLET_LIB_ABS=/usr/lib/x86_64-linux-gnu/libBulletDynamics-float64.so
-- BULLET_LIB=BulletSoftBody-float64 BULLET_LIB_ABS=/usr/lib/x86_64-linux-gnu/libBulletSoftBody-float64.so
-- BULLET_LIBRARIES_ABS=/usr/lib/x86_64-linux-gnu/libLinearMath-float64.so;/usr/lib/x86_64-linux-gnu/libBullet3Common-float64.so;/usr/lib/x86_64-linux-gnu/libBulletInverseDynamics-float64.so;/usr/lib/x86_64-linux-gnu/libBulletCollision-float64.so;/usr/lib/x86_64-linux-gnu/libBulletDynamics-float64.so;/usr/lib/x86_64-linux-gnu/libBulletSoftBody-float64.so
-- BULLET_LIB=LinearMath-float64 BULLET_LIB_ABS=/usr/lib/x86_64-linux-gnu/libLinearMath-float64.so
-- BULLET_LIB=Bullet3Common-float64 BULLET_LIB_ABS=/usr/lib/x86_64-linux-gnu/libBullet3Common-float64.so
-- BULLET_LIB=BulletInverseDynamics-float64 BULLET_LIB_ABS=/usr/lib/x86_64-linux-gnu/libBulletInverseDynamics-float64.so
-- BULLET_LIB=BulletCollision-float64 BULLET_LIB_ABS=/usr/lib/x86_64-linux-gnu/libBulletCollision-float64.so
-- BULLET_LIB=BulletDynamics-float64 BULLET_LIB_ABS=/usr/lib/x86_64-linux-gnu/libBulletDynamics-float64.so
-- BULLET_LIB=BulletSoftBody-float64 BULLET_LIB_ABS=/usr/lib/x86_64-linux-gnu/libBulletSoftBody-float64.so
-- BULLET_LIBRARIES_ABS=/usr/lib/x86_64-linux-gnu/libLinearMath-float64.so;/usr/lib/x86_64-linux-gnu/libBullet3Common-float64.so;/usr/lib/x86_64-linux-gnu/libBulletInverseDynamics-float64.so;/usr/lib/x86_64-linux-gnu/libBulletCollision-float64.so;/usr/lib/x86_64-linux-gnu/libBulletDynamics-float64.so;/usr/lib/x86_64-linux-gnu/libBulletSoftBody-float64.so
-- BULLET_LIB=LinearMath-float64 BULLET_LIB_ABS=/usr/lib/x86_64-linux-gnu/libLinearMath-float64.so
-- BULLET_LIB=Bullet3Common-float64 BULLET_LIB_ABS=/usr/lib/x86_64-linux-gnu/libBullet3Common-float64.so
-- BULLET_LIB=BulletInverseDynamics-float64 BULLET_LIB_ABS=/usr/lib/x86_64-linux-gnu/libBulletInverseDynamics-float64.so
-- BULLET_LIB=BulletCollision-float64 BULLET_LIB_ABS=/usr/lib/x86_64-linux-gnu/libBulletCollision-float64.so
-- BULLET_LIB=BulletDynamics-float64 BULLET_LIB_ABS=/usr/lib/x86_64-linux-gnu/libBulletDynamics-float64.so
-- BULLET_LIB=BulletSoftBody-float64 BULLET_LIB_ABS=/usr/lib/x86_64-linux-gnu/libBulletSoftBody-float64.so
-- BULLET_LIBRARIES_ABS=/usr/lib/x86_64-linux-gnu/libLinearMath-float64.so;/usr/lib/x86_64-linux-gnu/libBullet3Common-float64.so;/usr/lib/x86_64-linux-gnu/libBulletInverseDynamics-float64.so;/usr/lib/x86_64-linux-gnu/libBulletCollision-float64.so;/usr/lib/x86_64-linux-gnu/libBulletDynamics-float64.so;/usr/lib/x86_64-linux-gnu/libBulletSoftBody-float64.so
-- Taskflow found. Headers: /home/ubuntu/tesseract_ws/install/Taskflow/include/
-- Found Boost: /usr/lib/x86_64-linux-gnu/cmake/Boost-1.74.0/BoostConfig.cmake (found version "1.74.0") found components: serialization 
-- Found Boost: /usr/lib/x86_64-linux-gnu/cmake/Boost-1.74.0/BoostConfig.cmake (found version "1.74.0") found components: system filesystem serialization 
-- Found Boost: /usr/lib/x86_64-linux-gnu/cmake/Boost-1.74.0/BoostConfig.cmake (found version "1.74.0") found components: serialization 
-- Found Boost: /usr/lib/x86_64-linux-gnu/cmake/Boost-1.74.0/BoostConfig.cmake (found version "1.74.0") found components: system filesystem serialization 
-- Found Boost: /usr/lib/x86_64-linux-gnu/cmake/Boost-1.74.0/BoostConfig.cmake (found version "1.74.0") found components: serialization 
-- Found Boost: /usr/lib/x86_64-linux-gnu/cmake/Boost-1.74.0/BoostConfig.cmake (found version "1.74.0") found components: system serialization 
-- Found Boost: /usr/lib/x86_64-linux-gnu/cmake/Boost-1.74.0/BoostConfig.cmake (found version "1.74.0") found components: system filesystem serialization 
-- BULLET_LIB=LinearMath-float64 BULLET_LIB_ABS=/usr/lib/x86_64-linux-gnu/libLinearMath-float64.so
-- BULLET_LIB=Bullet3Common-float64 BULLET_LIB_ABS=/usr/lib/x86_64-linux-gnu/libBullet3Common-float64.so
-- BULLET_LIB=BulletInverseDynamics-float64 BULLET_LIB_ABS=/usr/lib/x86_64-linux-gnu/libBulletInverseDynamics-float64.so
-- BULLET_LIB=BulletCollision-float64 BULLET_LIB_ABS=/usr/lib/x86_64-linux-gnu/libBulletCollision-float64.so
-- BULLET_LIB=BulletDynamics-float64 BULLET_LIB_ABS=/usr/lib/x86_64-linux-gnu/libBulletDynamics-float64.so
-- BULLET_LIB=BulletSoftBody-float64 BULLET_LIB_ABS=/usr/lib/x86_64-linux-gnu/libBulletSoftBody-float64.so
-- BULLET_LIBRARIES_ABS=/usr/lib/x86_64-linux-gnu/libLinearMath-float64.so;/usr/lib/x86_64-linux-gnu/libBullet3Common-float64.so;/usr/lib/x86_64-linux-gnu/libBulletInverseDynamics-float64.so;/usr/lib/x86_64-linux-gnu/libBulletCollision-float64.so;/usr/lib/x86_64-linux-gnu/libBulletDynamics-float64.so;/usr/lib/x86_64-linux-gnu/libBulletSoftBody-float64.so
-- Found OpenMP_C: -fopenmp (found version "4.5") 
-- Found OpenMP_CXX: -fopenmp (found version "4.5") 
-- Found Boost: /usr/lib/x86_64-linux-gnu/cmake/Boost-1.74.0/BoostConfig.cmake (found version "1.74.0") found components: graph 
-- Found Boost: /usr/lib/x86_64-linux-gnu/cmake/Boost-1.74.0/BoostConfig.cmake (found version "1.74.0") found components: system filesystem serialization 
-- Found Boost: /usr/lib/x86_64-linux-gnu/cmake/Boost-1.74.0/BoostConfig.cmake (found version "1.74.0") found components: graph 
-- Found Boost: /usr/lib/x86_64-linux-gnu/cmake/Boost-1.74.0/BoostConfig.cmake (found version "1.74.0") found components: system filesystem serialization 
-- Found Boost: /usr/lib/x86_64-linux-gnu/cmake/Boost-1.74.0/BoostConfig.cmake (found version "1.74.0")  
-- Found Boost: /usr/lib/x86_64-linux-gnu/cmake/Boost-1.74.0/BoostConfig.cmake (found version "1.74.0") found components: system filesystem serialization 
-- Found Boost: /usr/lib/x86_64-linux-gnu/cmake/Boost-1.74.0/BoostConfig.cmake (found version "1.74.0") found components: graph 
-- Found Boost: /usr/lib/x86_64-linux-gnu/cmake/Boost-1.74.0/BoostConfig.cmake (found version "1.74.0") found components: system filesystem serialization 
-- Found Boost: /usr/lib/x86_64-linux-gnu/cmake/Boost-1.74.0/BoostConfig.cmake (found version "1.74.0") found components: graph 
-- Found Boost: /usr/lib/x86_64-linux-gnu/cmake/Boost-1.74.0/BoostConfig.cmake (found version "1.74.0") found components: system filesystem serialization 
-- Found Boost: /usr/lib/x86_64-linux-gnu/cmake/Boost-1.74.0/BoostConfig.cmake (found version "1.74.0") found components: graph 
-- Found Boost: /usr/lib/x86_64-linux-gnu/cmake/Boost-1.74.0/BoostConfig.cmake (found version "1.74.0") found components: system filesystem serialization 
-- Found Boost: /usr/lib/x86_64-linux-gnu/cmake/Boost-1.74.0/BoostConfig.cmake (found version "1.74.0")  
-- Found Boost: /usr/lib/x86_64-linux-gnu/cmake/Boost-1.74.0/BoostConfig.cmake (found version "1.74.0") found components: system filesystem serialization 
-- Found Boost: /usr/lib/x86_64-linux-gnu/cmake/Boost-1.74.0/BoostConfig.cmake (found version "1.74.0") found components: graph 
-- Found Boost: /usr/lib/x86_64-linux-gnu/cmake/Boost-1.74.0/BoostConfig.cmake (found version "1.74.0") found components: system filesystem serialization 
-- Found Boost: /usr/lib/x86_64-linux-gnu/cmake/Boost-1.74.0/BoostConfig.cmake (found version "1.74.0") found components: system serialization 
-- Found Boost: /usr/lib/x86_64-linux-gnu/cmake/Boost-1.74.0/BoostConfig.cmake (found version "1.74.0") found components: system filesystem serialization 
-- BULLET_LIB=LinearMath-float64 BULLET_LIB_ABS=/usr/lib/x86_64-linux-gnu/libLinearMath-float64.so
-- BULLET_LIB=Bullet3Common-float64 BULLET_LIB_ABS=/usr/lib/x86_64-linux-gnu/libBullet3Common-float64.so
-- BULLET_LIB=BulletInverseDynamics-float64 BULLET_LIB_ABS=/usr/lib/x86_64-linux-gnu/libBulletInverseDynamics-float64.so
-- BULLET_LIB=BulletCollision-float64 BULLET_LIB_ABS=/usr/lib/x86_64-linux-gnu/libBulletCollision-float64.so
-- BULLET_LIB=BulletDynamics-float64 BULLET_LIB_ABS=/usr/lib/x86_64-linux-gnu/libBulletDynamics-float64.so
-- BULLET_LIB=BulletSoftBody-float64 BULLET_LIB_ABS=/usr/lib/x86_64-linux-gnu/libBulletSoftBody-float64.so
-- BULLET_LIBRARIES_ABS=/usr/lib/x86_64-linux-gnu/libLinearMath-float64.so;/usr/lib/x86_64-linux-gnu/libBullet3Common-float64.so;/usr/lib/x86_64-linux-gnu/libBulletInverseDynamics-float64.so;/usr/lib/x86_64-linux-gnu/libBulletCollision-float64.so;/usr/lib/x86_64-linux-gnu/libBulletDynamics-float64.so;/usr/lib/x86_64-linux-gnu/libBulletSoftBody-float64.so
-- Found OpenMP_C: -fopenmp (found version "4.5") 
-- Found OpenMP_CXX: -fopenmp (found version "4.5") 
-- Found Boost: /usr/lib/x86_64-linux-gnu/cmake/Boost-1.74.0/BoostConfig.cmake (found version "1.74.0") found components: serialization 
-- Found Boost: /usr/lib/x86_64-linux-gnu/cmake/Boost-1.74.0/BoostConfig.cmake (found version "1.74.0")  
-- Found Boost: /usr/lib/x86_64-linux-gnu/cmake/Boost-1.74.0/BoostConfig.cmake (found version "1.74.0") found components: system serialization 
-- Found Boost: /usr/lib/x86_64-linux-gnu/cmake/Boost-1.74.0/BoostConfig.cmake (found version "1.74.0") found components: system filesystem serialization 
-- BULLET_LIB=LinearMath-float64 BULLET_LIB_ABS=/usr/lib/x86_64-linux-gnu/libLinearMath-float64.so
-- BULLET_LIB=Bullet3Common-float64 BULLET_LIB_ABS=/usr/lib/x86_64-linux-gnu/libBullet3Common-float64.so
-- BULLET_LIB=BulletInverseDynamics-float64 BULLET_LIB_ABS=/usr/lib/x86_64-linux-gnu/libBulletInverseDynamics-float64.so
-- BULLET_LIB=BulletCollision-float64 BULLET_LIB_ABS=/usr/lib/x86_64-linux-gnu/libBulletCollision-float64.so
-- BULLET_LIB=BulletDynamics-float64 BULLET_LIB_ABS=/usr/lib/x86_64-linux-gnu/libBulletDynamics-float64.so
-- BULLET_LIB=BulletSoftBody-float64 BULLET_LIB_ABS=/usr/lib/x86_64-linux-gnu/libBulletSoftBody-float64.so
-- BULLET_LIBRARIES_ABS=/usr/lib/x86_64-linux-gnu/libLinearMath-float64.so;/usr/lib/x86_64-linux-gnu/libBullet3Common-float64.so;/usr/lib/x86_64-linux-gnu/libBulletInverseDynamics-float64.so;/usr/lib/x86_64-linux-gnu/libBulletCollision-float64.so;/usr/lib/x86_64-linux-gnu/libBulletDynamics-float64.so;/usr/lib/x86_64-linux-gnu/libBulletSoftBody-float64.so
-- Found OpenMP_C: -fopenmp (found version "4.5") 
-- Found OpenMP_CXX: -fopenmp (found version "4.5") 
-- Found Boost: /usr/lib/x86_64-linux-gnu/cmake/Boost-1.74.0/BoostConfig.cmake (found version "1.74.0")  
-- Found Boost: /usr/lib/x86_64-linux-gnu/cmake/Boost-1.74.0/BoostConfig.cmake (found version "1.74.0") found components: program_options 
-- Found Boost: /usr/lib/x86_64-linux-gnu/cmake/Boost-1.74.0/BoostConfig.cmake (found version "1.74.0") found components: system filesystem serialization 
-- Found Boost: /usr/lib/x86_64-linux-gnu/cmake/Boost-1.74.0/BoostConfig.cmake (found version "1.74.0")  
-- Found OpenMP_C: -fopenmp (found version "4.5") 
-- Found OpenMP_CXX: -fopenmp (found version "4.5") 
-- Found Boost: /usr/lib/x86_64-linux-gnu/cmake/Boost-1.74.0/BoostConfig.cmake (found version "1.74.0") found components: program_options 
-- Found Boost: /usr/lib/x86_64-linux-gnu/cmake/Boost-1.74.0/BoostConfig.cmake (found version "1.74.0") found components: system filesystem serialization 
-- Found Boost: /usr/lib/x86_64-linux-gnu/cmake/Boost-1.74.0/BoostConfig.cmake (found version "1.74.0") found components: system serialization 
-- Found Boost: /usr/lib/x86_64-linux-gnu/cmake/Boost-1.74.0/BoostConfig.cmake (found version "1.74.0") found components: system filesystem serialization 
-- BULLET_LIB=LinearMath-float64 BULLET_LIB_ABS=/usr/lib/x86_64-linux-gnu/libLinearMath-float64.so
-- BULLET_LIB=Bullet3Common-float64 BULLET_LIB_ABS=/usr/lib/x86_64-linux-gnu/libBullet3Common-float64.so
-- BULLET_LIB=BulletInverseDynamics-float64 BULLET_LIB_ABS=/usr/lib/x86_64-linux-gnu/libBulletInverseDynamics-float64.so
-- BULLET_LIB=BulletCollision-float64 BULLET_LIB_ABS=/usr/lib/x86_64-linux-gnu/libBulletCollision-float64.so
-- BULLET_LIB=BulletDynamics-float64 BULLET_LIB_ABS=/usr/lib/x86_64-linux-gnu/libBulletDynamics-float64.so
-- BULLET_LIB=BulletSoftBody-float64 BULLET_LIB_ABS=/usr/lib/x86_64-linux-gnu/libBulletSoftBody-float64.so
-- BULLET_LIBRARIES_ABS=/usr/lib/x86_64-linux-gnu/libLinearMath-float64.so;/usr/lib/x86_64-linux-gnu/libBullet3Common-float64.so;/usr/lib/x86_64-linux-gnu/libBulletInverseDynamics-float64.so;/usr/lib/x86_64-linux-gnu/libBulletCollision-float64.so;/usr/lib/x86_64-linux-gnu/libBulletDynamics-float64.so;/usr/lib/x86_64-linux-gnu/libBulletSoftBody-float64.so
-- Found OpenMP_C: -fopenmp (found version "4.5") 
-- Found OpenMP_CXX: -fopenmp (found version "4.5") 
-- Found Boost: /usr/lib/x86_64-linux-gnu/cmake/Boost-1.74.0/BoostConfig.cmake (found version "1.74.0") found components: graph 
-- Found Boost: /usr/lib/x86_64-linux-gnu/cmake/Boost-1.74.0/BoostConfig.cmake (found version "1.74.0") found components: system filesystem serialization 
-- Found Boost: /usr/lib/x86_64-linux-gnu/cmake/Boost-1.74.0/BoostConfig.cmake (found version "1.74.0") found components: graph 
-- Found Boost: /usr/lib/x86_64-linux-gnu/cmake/Boost-1.74.0/BoostConfig.cmake (found version "1.74.0") found components: system filesystem serialization 
-- Found Boost: /usr/lib/x86_64-linux-gnu/cmake/Boost-1.74.0/BoostConfig.cmake (found version "1.74.0")  
-- Found Boost: /usr/lib/x86_64-linux-gnu/cmake/Boost-1.74.0/BoostConfig.cmake (found version "1.74.0") found components: system filesystem serialization 
-- Found Boost: /usr/lib/x86_64-linux-gnu/cmake/Boost-1.74.0/BoostConfig.cmake (found version "1.74.0") found components: graph 
-- Found Boost: /usr/lib/x86_64-linux-gnu/cmake/Boost-1.74.0/BoostConfig.cmake (found version "1.74.0") found components: system filesystem serialization 
-- Found Boost: /usr/lib/x86_64-linux-gnu/cmake/Boost-1.74.0/BoostConfig.cmake (found version "1.74.0") found components: graph 
-- Found Boost: /usr/lib/x86_64-linux-gnu/cmake/Boost-1.74.0/BoostConfig.cmake (found version "1.74.0") found components: system filesystem serialization 
-- Found Boost: /usr/lib/x86_64-linux-gnu/cmake/Boost-1.74.0/BoostConfig.cmake (found version "1.74.0") found components: graph 
-- Found Boost: /usr/lib/x86_64-linux-gnu/cmake/Boost-1.74.0/BoostConfig.cmake (found version "1.74.0") found components: system filesystem serialization 
-- Found Boost: /usr/lib/x86_64-linux-gnu/cmake/Boost-1.74.0/BoostConfig.cmake (found version "1.74.0")  
-- Found Boost: /usr/lib/x86_64-linux-gnu/cmake/Boost-1.74.0/BoostConfig.cmake (found version "1.74.0") found components: system filesystem serialization 
-- Found Boost: /usr/lib/x86_64-linux-gnu/cmake/Boost-1.74.0/BoostConfig.cmake (found version "1.74.0") found components: graph 
-- Found Boost: /usr/lib/x86_64-linux-gnu/cmake/Boost-1.74.0/BoostConfig.cmake (found version "1.74.0") found components: system filesystem serialization 
-- Found Boost: /usr/lib/x86_64-linux-gnu/cmake/Boost-1.74.0/BoostConfig.cmake (found version "1.74.0") found components: system serialization 
-- Found Boost: /usr/lib/x86_64-linux-gnu/cmake/Boost-1.74.0/BoostConfig.cmake (found version "1.74.0") found components: system filesystem serialization 
-- BULLET_LIB=LinearMath-float64 BULLET_LIB_ABS=/usr/lib/x86_64-linux-gnu/libLinearMath-float64.so
-- BULLET_LIB=Bullet3Common-float64 BULLET_LIB_ABS=/usr/lib/x86_64-linux-gnu/libBullet3Common-float64.so
-- BULLET_LIB=BulletInverseDynamics-float64 BULLET_LIB_ABS=/usr/lib/x86_64-linux-gnu/libBulletInverseDynamics-float64.so
-- BULLET_LIB=BulletCollision-float64 BULLET_LIB_ABS=/usr/lib/x86_64-linux-gnu/libBulletCollision-float64.so
-- BULLET_LIB=BulletDynamics-float64 BULLET_LIB_ABS=/usr/lib/x86_64-linux-gnu/libBulletDynamics-float64.so
-- BULLET_LIB=BulletSoftBody-float64 BULLET_LIB_ABS=/usr/lib/x86_64-linux-gnu/libBulletSoftBody-float64.so
-- BULLET_LIBRARIES_ABS=/usr/lib/x86_64-linux-gnu/libLinearMath-float64.so;/usr/lib/x86_64-linux-gnu/libBullet3Common-float64.so;/usr/lib/x86_64-linux-gnu/libBulletInverseDynamics-float64.so;/usr/lib/x86_64-linux-gnu/libBulletCollision-float64.so;/usr/lib/x86_64-linux-gnu/libBulletDynamics-float64.so;/usr/lib/x86_64-linux-gnu/libBulletSoftBody-float64.so
-- Found OpenMP_C: -fopenmp (found version "4.5") 
-- Found OpenMP_CXX: -fopenmp (found version "4.5") 
-- Found Boost: /usr/lib/x86_64-linux-gnu/cmake/Boost-1.74.0/BoostConfig.cmake (found version "1.74.0") found components: system serialization 
-- Found Boost: /usr/lib/x86_64-linux-gnu/cmake/Boost-1.74.0/BoostConfig.cmake (found version "1.74.0") found components: system filesystem serialization 
-- BULLET_LIB=LinearMath-float64 BULLET_LIB_ABS=/usr/lib/x86_64-linux-gnu/libLinearMath-float64.so
-- BULLET_LIB=Bullet3Common-float64 BULLET_LIB_ABS=/usr/lib/x86_64-linux-gnu/libBullet3Common-float64.so
-- BULLET_LIB=BulletInverseDynamics-float64 BULLET_LIB_ABS=/usr/lib/x86_64-linux-gnu/libBulletInverseDynamics-float64.so
-- BULLET_LIB=BulletCollision-float64 BULLET_LIB_ABS=/usr/lib/x86_64-linux-gnu/libBulletCollision-float64.so
-- BULLET_LIB=BulletDynamics-float64 BULLET_LIB_ABS=/usr/lib/x86_64-linux-gnu/libBulletDynamics-float64.so
-- BULLET_LIB=BulletSoftBody-float64 BULLET_LIB_ABS=/usr/lib/x86_64-linux-gnu/libBulletSoftBody-float64.so
-- BULLET_LIBRARIES_ABS=/usr/lib/x86_64-linux-gnu/libLinearMath-float64.so;/usr/lib/x86_64-linux-gnu/libBullet3Common-float64.so;/usr/lib/x86_64-linux-gnu/libBulletInverseDynamics-float64.so;/usr/lib/x86_64-linux-gnu/libBulletCollision-float64.so;/usr/lib/x86_64-linux-gnu/libBulletDynamics-float64.so;/usr/lib/x86_64-linux-gnu/libBulletSoftBody-float64.so
-- Found OpenMP_C: -fopenmp (found version "4.5") 
-- Found OpenMP_CXX: -fopenmp (found version "4.5") 
-- Found Boost: /usr/lib/x86_64-linux-gnu/cmake/Boost-1.74.0/BoostConfig.cmake (found version "1.74.0") found components: system serialization 
-- Found Boost: /usr/lib/x86_64-linux-gnu/cmake/Boost-1.74.0/BoostConfig.cmake (found version "1.74.0") found components: system filesystem serialization 
-- BULLET_LIB=LinearMath-float64 BULLET_LIB_ABS=/usr/lib/x86_64-linux-gnu/libLinearMath-float64.so
-- BULLET_LIB=Bullet3Common-float64 BULLET_LIB_ABS=/usr/lib/x86_64-linux-gnu/libBullet3Common-float64.so
-- BULLET_LIB=BulletInverseDynamics-float64 BULLET_LIB_ABS=/usr/lib/x86_64-linux-gnu/libBulletInverseDynamics-float64.so
-- BULLET_LIB=BulletCollision-float64 BULLET_LIB_ABS=/usr/lib/x86_64-linux-gnu/libBulletCollision-float64.so
-- BULLET_LIB=BulletDynamics-float64 BULLET_LIB_ABS=/usr/lib/x86_64-linux-gnu/libBulletDynamics-float64.so
-- BULLET_LIB=BulletSoftBody-float64 BULLET_LIB_ABS=/usr/lib/x86_64-linux-gnu/libBulletSoftBody-float64.so
-- BULLET_LIBRARIES_ABS=/usr/lib/x86_64-linux-gnu/libLinearMath-float64.so;/usr/lib/x86_64-linux-gnu/libBullet3Common-float64.so;/usr/lib/x86_64-linux-gnu/libBulletInverseDynamics-float64.so;/usr/lib/x86_64-linux-gnu/libBulletCollision-float64.so;/usr/lib/x86_64-linux-gnu/libBulletDynamics-float64.so;/usr/lib/x86_64-linux-gnu/libBulletSoftBody-float64.so
-- Found OpenMP_C: -fopenmp (found version "4.5") 
-- Found OpenMP_CXX: -fopenmp (found version "4.5") 
-- Found Boost: /usr/lib/x86_64-linux-gnu/cmake/Boost-1.74.0/BoostConfig.cmake (found version "1.74.0") found components: graph 
-- Found Boost: /usr/lib/x86_64-linux-gnu/cmake/Boost-1.74.0/BoostConfig.cmake (found version "1.74.0") found components: system filesystem serialization 
-- Found Boost: /usr/lib/x86_64-linux-gnu/cmake/Boost-1.74.0/BoostConfig.cmake (found version "1.74.0") found components: graph 
-- Found Boost: /usr/lib/x86_64-linux-gnu/cmake/Boost-1.74.0/BoostConfig.cmake (found version "1.74.0") found components: system filesystem serialization 
-- Found Boost: /usr/lib/x86_64-linux-gnu/cmake/Boost-1.74.0/BoostConfig.cmake (found version "1.74.0")  
-- Found Boost: /usr/lib/x86_64-linux-gnu/cmake/Boost-1.74.0/BoostConfig.cmake (found version "1.74.0") found components: system filesystem serialization 
-- Found Boost: /usr/lib/x86_64-linux-gnu/cmake/Boost-1.74.0/BoostConfig.cmake (found version "1.74.0") found components: graph 
-- Found Boost: /usr/lib/x86_64-linux-gnu/cmake/Boost-1.74.0/BoostConfig.cmake (found version "1.74.0") found components: system filesystem serialization 
-- Found Boost: /usr/lib/x86_64-linux-gnu/cmake/Boost-1.74.0/BoostConfig.cmake (found version "1.74.0") found components: graph 
-- Found Boost: /usr/lib/x86_64-linux-gnu/cmake/Boost-1.74.0/BoostConfig.cmake (found version "1.74.0") found components: system filesystem serialization 
-- Found Boost: /usr/lib/x86_64-linux-gnu/cmake/Boost-1.74.0/BoostConfig.cmake (found version "1.74.0") found components: graph 
-- Found Boost: /usr/lib/x86_64-linux-gnu/cmake/Boost-1.74.0/BoostConfig.cmake (found version "1.74.0") found components: system filesystem serialization 
-- Found Boost: /usr/lib/x86_64-linux-gnu/cmake/Boost-1.74.0/BoostConfig.cmake (found version "1.74.0")  
-- Found Boost: /usr/lib/x86_64-linux-gnu/cmake/Boost-1.74.0/BoostConfig.cmake (found version "1.74.0") found components: system filesystem serialization 
-- Found Boost: /usr/lib/x86_64-linux-gnu/cmake/Boost-1.74.0/BoostConfig.cmake (found version "1.74.0") found components: graph 
-- Found Boost: /usr/lib/x86_64-linux-gnu/cmake/Boost-1.74.0/BoostConfig.cmake (found version "1.74.0") found components: system filesystem serialization 
-- Found Boost: /usr/lib/x86_64-linux-gnu/cmake/Boost-1.74.0/BoostConfig.cmake (found version "1.74.0") found components: system serialization 
-- Found Boost: /usr/lib/x86_64-linux-gnu/cmake/Boost-1.74.0/BoostConfig.cmake (found version "1.74.0") found components: system filesystem serialization 
-- BULLET_LIB=LinearMath-float64 BULLET_LIB_ABS=/usr/lib/x86_64-linux-gnu/libLinearMath-float64.so
-- BULLET_LIB=Bullet3Common-float64 BULLET_LIB_ABS=/usr/lib/x86_64-linux-gnu/libBullet3Common-float64.so
-- BULLET_LIB=BulletInverseDynamics-float64 BULLET_LIB_ABS=/usr/lib/x86_64-linux-gnu/libBulletInverseDynamics-float64.so
-- BULLET_LIB=BulletCollision-float64 BULLET_LIB_ABS=/usr/lib/x86_64-linux-gnu/libBulletCollision-float64.so
-- BULLET_LIB=BulletDynamics-float64 BULLET_LIB_ABS=/usr/lib/x86_64-linux-gnu/libBulletDynamics-float64.so
-- BULLET_LIB=BulletSoftBody-float64 BULLET_LIB_ABS=/usr/lib/x86_64-linux-gnu/libBulletSoftBody-float64.so
-- BULLET_LIBRARIES_ABS=/usr/lib/x86_64-linux-gnu/libLinearMath-float64.so;/usr/lib/x86_64-linux-gnu/libBullet3Common-float64.so;/usr/lib/x86_64-linux-gnu/libBulletInverseDynamics-float64.so;/usr/lib/x86_64-linux-gnu/libBulletCollision-float64.so;/usr/lib/x86_64-linux-gnu/libBulletDynamics-float64.so;/usr/lib/x86_64-linux-gnu/libBulletSoftBody-float64.so
-- Found OpenMP_C: -fopenmp (found version "4.5") 
-- Found OpenMP_CXX: -fopenmp (found version "4.5") 
-- Found Boost: /usr/lib/x86_64-linux-gnu/cmake/Boost-1.74.0/BoostConfig.cmake (found version "1.74.0") found components: graph 
-- Found Boost: /usr/lib/x86_64-linux-gnu/cmake/Boost-1.74.0/BoostConfig.cmake (found version "1.74.0") found components: system filesystem serialization 
-- Found Boost: /usr/lib/x86_64-linux-gnu/cmake/Boost-1.74.0/BoostConfig.cmake (found version "1.74.0") found components: graph 
-- Found Boost: /usr/lib/x86_64-linux-gnu/cmake/Boost-1.74.0/BoostConfig.cmake (found version "1.74.0") found components: system filesystem serialization 
-- Found Boost: /usr/lib/x86_64-linux-gnu/cmake/Boost-1.74.0/BoostConfig.cmake (found version "1.74.0") found components: program_options 
-- Found Boost: /usr/lib/x86_64-linux-gnu/cmake/Boost-1.74.0/BoostConfig.cmake (found version "1.74.0") found components: system filesystem serialization 
-- Found Boost: /usr/lib/x86_64-linux-gnu/cmake/Boost-1.74.0/BoostConfig.cmake (found version "1.74.0")  
-- Found OpenMP_C: -fopenmp (found version "4.5") 
-- Found OpenMP_CXX: -fopenmp (found version "4.5") 
-- Found Boost: /usr/lib/x86_64-linux-gnu/cmake/Boost-1.74.0/BoostConfig.cmake (found version "1.74.0") found components: program_options 
-- Found Boost: /usr/lib/x86_64-linux-gnu/cmake/Boost-1.74.0/BoostConfig.cmake (found version "1.74.0") found components: system filesystem serialization 
-- Found Boost: /usr/lib/x86_64-linux-gnu/cmake/Boost-1.74.0/BoostConfig.cmake (found version "1.74.0") found components: system serialization 
-- Found Boost: /usr/lib/x86_64-linux-gnu/cmake/Boost-1.74.0/BoostConfig.cmake (found version "1.74.0") found components: system filesystem serialization 
-- BULLET_LIB=LinearMath-float64 BULLET_LIB_ABS=/usr/lib/x86_64-linux-gnu/libLinearMath-float64.so
-- BULLET_LIB=Bullet3Common-float64 BULLET_LIB_ABS=/usr/lib/x86_64-linux-gnu/libBullet3Common-float64.so
-- BULLET_LIB=BulletInverseDynamics-float64 BULLET_LIB_ABS=/usr/lib/x86_64-linux-gnu/libBulletInverseDynamics-float64.so
-- BULLET_LIB=BulletCollision-float64 BULLET_LIB_ABS=/usr/lib/x86_64-linux-gnu/libBulletCollision-float64.so
-- BULLET_LIB=BulletDynamics-float64 BULLET_LIB_ABS=/usr/lib/x86_64-linux-gnu/libBulletDynamics-float64.so
-- BULLET_LIB=BulletSoftBody-float64 BULLET_LIB_ABS=/usr/lib/x86_64-linux-gnu/libBulletSoftBody-float64.so
-- BULLET_LIBRARIES_ABS=/usr/lib/x86_64-linux-gnu/libLinearMath-float64.so;/usr/lib/x86_64-linux-gnu/libBullet3Common-float64.so;/usr/lib/x86_64-linux-gnu/libBulletInverseDynamics-float64.so;/usr/lib/x86_64-linux-gnu/libBulletCollision-float64.so;/usr/lib/x86_64-linux-gnu/libBulletDynamics-float64.so;/usr/lib/x86_64-linux-gnu/libBulletSoftBody-float64.so
-- Found OpenMP_C: -fopenmp (found version "4.5") 
-- Found OpenMP_CXX: -fopenmp (found version "4.5") 
-- Found Boost: /usr/lib/x86_64-linux-gnu/cmake/Boost-1.74.0/BoostConfig.cmake (found version "1.74.0") found components: graph 
-- Found Boost: /usr/lib/x86_64-linux-gnu/cmake/Boost-1.74.0/BoostConfig.cmake (found version "1.74.0") found components: system filesystem serialization 
-- Found Boost: /usr/lib/x86_64-linux-gnu/cmake/Boost-1.74.0/BoostConfig.cmake (found version "1.74.0") found components: graph 
-- Found Boost: /usr/lib/x86_64-linux-gnu/cmake/Boost-1.74.0/BoostConfig.cmake (found version "1.74.0") found components: system filesystem serialization 
-- Found Boost: /usr/lib/x86_64-linux-gnu/cmake/Boost-1.74.0/BoostConfig.cmake (found version "1.74.0")  
-- Found Boost: /usr/lib/x86_64-linux-gnu/cmake/Boost-1.74.0/BoostConfig.cmake (found version "1.74.0") found components: system filesystem serialization 
-- Found Boost: /usr/lib/x86_64-linux-gnu/cmake/Boost-1.74.0/BoostConfig.cmake (found version "1.74.0") found components: graph 
-- Found Boost: /usr/lib/x86_64-linux-gnu/cmake/Boost-1.74.0/BoostConfig.cmake (found version "1.74.0") found components: system filesystem serialization 
-- Found Boost: /usr/lib/x86_64-linux-gnu/cmake/Boost-1.74.0/BoostConfig.cmake (found version "1.74.0") found components: graph 
-- Found Boost: /usr/lib/x86_64-linux-gnu/cmake/Boost-1.74.0/BoostConfig.cmake (found version "1.74.0") found components: system filesystem serialization 
-- Found Boost: /usr/lib/x86_64-linux-gnu/cmake/Boost-1.74.0/BoostConfig.cmake (found version "1.74.0") found components: graph 
-- Found Boost: /usr/lib/x86_64-linux-gnu/cmake/Boost-1.74.0/BoostConfig.cmake (found version "1.74.0") found components: system filesystem serialization 
-- Found Boost: /usr/lib/x86_64-linux-gnu/cmake/Boost-1.74.0/BoostConfig.cmake (found version "1.74.0")  
-- Found Boost: /usr/lib/x86_64-linux-gnu/cmake/Boost-1.74.0/BoostConfig.cmake (found version "1.74.0") found components: system filesystem serialization 
-- Found Boost: /usr/lib/x86_64-linux-gnu/cmake/Boost-1.74.0/BoostConfig.cmake (found version "1.74.0") found components: graph 
-- Found Boost: /usr/lib/x86_64-linux-gnu/cmake/Boost-1.74.0/BoostConfig.cmake (found version "1.74.0") found components: system filesystem serialization 
-- Found Boost: /usr/lib/x86_64-linux-gnu/cmake/Boost-1.74.0/BoostConfig.cmake (found version "1.74.0") found components: system serialization 
-- Found Boost: /usr/lib/x86_64-linux-gnu/cmake/Boost-1.74.0/BoostConfig.cmake (found version "1.74.0") found components: system filesystem serialization 
-- BULLET_LIB=LinearMath-float64 BULLET_LIB_ABS=/usr/lib/x86_64-linux-gnu/libLinearMath-float64.so
-- BULLET_LIB=Bullet3Common-float64 BULLET_LIB_ABS=/usr/lib/x86_64-linux-gnu/libBullet3Common-float64.so
-- BULLET_LIB=BulletInverseDynamics-float64 BULLET_LIB_ABS=/usr/lib/x86_64-linux-gnu/libBulletInverseDynamics-float64.so
-- BULLET_LIB=BulletCollision-float64 BULLET_LIB_ABS=/usr/lib/x86_64-linux-gnu/libBulletCollision-float64.so
-- BULLET_LIB=BulletDynamics-float64 BULLET_LIB_ABS=/usr/lib/x86_64-linux-gnu/libBulletDynamics-float64.so
-- BULLET_LIB=BulletSoftBody-float64 BULLET_LIB_ABS=/usr/lib/x86_64-linux-gnu/libBulletSoftBody-float64.so
-- BULLET_LIBRARIES_ABS=/usr/lib/x86_64-linux-gnu/libLinearMath-float64.so;/usr/lib/x86_64-linux-gnu/libBullet3Common-float64.so;/usr/lib/x86_64-linux-gnu/libBulletInverseDynamics-float64.so;/usr/lib/x86_64-linux-gnu/libBulletCollision-float64.so;/usr/lib/x86_64-linux-gnu/libBulletDynamics-float64.so;/usr/lib/x86_64-linux-gnu/libBulletSoftBody-float64.so
-- Found OpenMP_C: -fopenmp (found version "4.5") 
-- Found OpenMP_CXX: -fopenmp (found version "4.5") 
-- Found Boost: /usr/lib/x86_64-linux-gnu/cmake/Boost-1.74.0/BoostConfig.cmake (found version "1.74.0")  
-- Found Boost: /usr/lib/x86_64-linux-gnu/cmake/Boost-1.74.0/BoostConfig.cmake (found version "1.74.0") found components: program_options 
-- Found Boost: /usr/lib/x86_64-linux-gnu/cmake/Boost-1.74.0/BoostConfig.cmake (found version "1.74.0") found components: system filesystem serialization 
-- Found Boost: /usr/lib/x86_64-linux-gnu/cmake/Boost-1.74.0/BoostConfig.cmake (found version "1.74.0") found components: system serialization 
-- Found Boost: /usr/lib/x86_64-linux-gnu/cmake/Boost-1.74.0/BoostConfig.cmake (found version "1.74.0") found components: system filesystem serialization 
-- BULLET_LIB=LinearMath-float64 BULLET_LIB_ABS=/usr/lib/x86_64-linux-gnu/libLinearMath-float64.so
-- BULLET_LIB=Bullet3Common-float64 BULLET_LIB_ABS=/usr/lib/x86_64-linux-gnu/libBullet3Common-float64.so
-- BULLET_LIB=BulletInverseDynamics-float64 BULLET_LIB_ABS=/usr/lib/x86_64-linux-gnu/libBulletInverseDynamics-float64.so
-- BULLET_LIB=BulletCollision-float64 BULLET_LIB_ABS=/usr/lib/x86_64-linux-gnu/libBulletCollision-float64.so
-- BULLET_LIB=BulletDynamics-float64 BULLET_LIB_ABS=/usr/lib/x86_64-linux-gnu/libBulletDynamics-float64.so
-- BULLET_LIB=BulletSoftBody-float64 BULLET_LIB_ABS=/usr/lib/x86_64-linux-gnu/libBulletSoftBody-float64.so
-- BULLET_LIBRARIES_ABS=/usr/lib/x86_64-linux-gnu/libLinearMath-float64.so;/usr/lib/x86_64-linux-gnu/libBullet3Common-float64.so;/usr/lib/x86_64-linux-gnu/libBulletInverseDynamics-float64.so;/usr/lib/x86_64-linux-gnu/libBulletCollision-float64.so;/usr/lib/x86_64-linux-gnu/libBulletDynamics-float64.so;/usr/lib/x86_64-linux-gnu/libBulletSoftBody-float64.so
-- Found OpenMP_C: -fopenmp (found version "4.5") 
-- Found OpenMP_CXX: -fopenmp (found version "4.5") 
-- Found Boost: /usr/lib/x86_64-linux-gnu/cmake/Boost-1.74.0/BoostConfig.cmake (found version "1.74.0") found components: graph 
-- Found Boost: /usr/lib/x86_64-linux-gnu/cmake/Boost-1.74.0/BoostConfig.cmake (found version "1.74.0") found components: system filesystem serialization 
-- Found Boost: /usr/lib/x86_64-linux-gnu/cmake/Boost-1.74.0/BoostConfig.cmake (found version "1.74.0") found components: graph 
-- Found Boost: /usr/lib/x86_64-linux-gnu/cmake/Boost-1.74.0/BoostConfig.cmake (found version "1.74.0") found components: system filesystem serialization 
-- Found Boost: /usr/lib/x86_64-linux-gnu/cmake/Boost-1.74.0/BoostConfig.cmake (found version "1.74.0")  
-- Found Boost: /usr/lib/x86_64-linux-gnu/cmake/Boost-1.74.0/BoostConfig.cmake (found version "1.74.0") found components: system filesystem serialization 
-- Found Boost: /usr/lib/x86_64-linux-gnu/cmake/Boost-1.74.0/BoostConfig.cmake (found version "1.74.0") found components: graph 
-- Found Boost: /usr/lib/x86_64-linux-gnu/cmake/Boost-1.74.0/BoostConfig.cmake (found version "1.74.0") found components: system filesystem serialization 
-- Found Boost: /usr/lib/x86_64-linux-gnu/cmake/Boost-1.74.0/BoostConfig.cmake (found version "1.74.0") found components: graph 
-- Found Boost: /usr/lib/x86_64-linux-gnu/cmake/Boost-1.74.0/BoostConfig.cmake (found version "1.74.0") found components: system filesystem serialization 
-- Found Boost: /usr/lib/x86_64-linux-gnu/cmake/Boost-1.74.0/BoostConfig.cmake (found version "1.74.0") found components: graph 
-- Found Boost: /usr/lib/x86_64-linux-gnu/cmake/Boost-1.74.0/BoostConfig.cmake (found version "1.74.0") found components: system filesystem serialization 
-- Found Boost: /usr/lib/x86_64-linux-gnu/cmake/Boost-1.74.0/BoostConfig.cmake (found version "1.74.0")  
-- Found Boost: /usr/lib/x86_64-linux-gnu/cmake/Boost-1.74.0/BoostConfig.cmake (found version "1.74.0") found components: system filesystem serialization 
-- Found Boost: /usr/lib/x86_64-linux-gnu/cmake/Boost-1.74.0/BoostConfig.cmake (found version "1.74.0") found components: graph 
-- Found Boost: /usr/lib/x86_64-linux-gnu/cmake/Boost-1.74.0/BoostConfig.cmake (found version "1.74.0") found components: system filesystem serialization 
-- Found Boost: /usr/lib/x86_64-linux-gnu/cmake/Boost-1.74.0/BoostConfig.cmake (found version "1.74.0") found components: system serialization 
-- Found Boost: /usr/lib/x86_64-linux-gnu/cmake/Boost-1.74.0/BoostConfig.cmake (found version "1.74.0") found components: system filesystem serialization 
-- BULLET_LIB=LinearMath-float64 BULLET_LIB_ABS=/usr/lib/x86_64-linux-gnu/libLinearMath-float64.so
-- BULLET_LIB=Bullet3Common-float64 BULLET_LIB_ABS=/usr/lib/x86_64-linux-gnu/libBullet3Common-float64.so
-- BULLET_LIB=BulletInverseDynamics-float64 BULLET_LIB_ABS=/usr/lib/x86_64-linux-gnu/libBulletInverseDynamics-float64.so
-- BULLET_LIB=BulletCollision-float64 BULLET_LIB_ABS=/usr/lib/x86_64-linux-gnu/libBulletCollision-float64.so
-- BULLET_LIB=BulletDynamics-float64 BULLET_LIB_ABS=/usr/lib/x86_64-linux-gnu/libBulletDynamics-float64.so
-- BULLET_LIB=BulletSoftBody-float64 BULLET_LIB_ABS=/usr/lib/x86_64-linux-gnu/libBulletSoftBody-float64.so
-- BULLET_LIBRARIES_ABS=/usr/lib/x86_64-linux-gnu/libLinearMath-float64.so;/usr/lib/x86_64-linux-gnu/libBullet3Common-float64.so;/usr/lib/x86_64-linux-gnu/libBulletInverseDynamics-float64.so;/usr/lib/x86_64-linux-gnu/libBulletCollision-float64.so;/usr/lib/x86_64-linux-gnu/libBulletDynamics-float64.so;/usr/lib/x86_64-linux-gnu/libBulletSoftBody-float64.so
-- Found OpenMP_C: -fopenmp (found version "4.5") 
-- Found OpenMP_CXX: -fopenmp (found version "4.5") 
-- Found Boost: /usr/lib/x86_64-linux-gnu/cmake/Boost-1.74.0/BoostConfig.cmake (found version "1.74.0")  
-- Found Boost: /usr/lib/x86_64-linux-gnu/cmake/Boost-1.74.0/BoostConfig.cmake (found version "1.74.0") found components: program_options 
-- Found Boost: /usr/lib/x86_64-linux-gnu/cmake/Boost-1.74.0/BoostConfig.cmake (found version "1.74.0") found components: system filesystem serialization 
-- Found Boost: /usr/lib/x86_64-linux-gnu/cmake/Boost-1.74.0/BoostConfig.cmake (found version "1.74.0") found components: system serialization 
-- Found Boost: /usr/lib/x86_64-linux-gnu/cmake/Boost-1.74.0/BoostConfig.cmake (found version "1.74.0") found components: system filesystem serialization 
-- BULLET_LIB=LinearMath-float64 BULLET_LIB_ABS=/usr/lib/x86_64-linux-gnu/libLinearMath-float64.so
-- BULLET_LIB=Bullet3Common-float64 BULLET_LIB_ABS=/usr/lib/x86_64-linux-gnu/libBullet3Common-float64.so
-- BULLET_LIB=BulletInverseDynamics-float64 BULLET_LIB_ABS=/usr/lib/x86_64-linux-gnu/libBulletInverseDynamics-float64.so
-- BULLET_LIB=BulletCollision-float64 BULLET_LIB_ABS=/usr/lib/x86_64-linux-gnu/libBulletCollision-float64.so
-- BULLET_LIB=BulletDynamics-float64 BULLET_LIB_ABS=/usr/lib/x86_64-linux-gnu/libBulletDynamics-float64.so
-- BULLET_LIB=BulletSoftBody-float64 BULLET_LIB_ABS=/usr/lib/x86_64-linux-gnu/libBulletSoftBody-float64.so
-- BULLET_LIBRARIES_ABS=/usr/lib/x86_64-linux-gnu/libLinearMath-float64.so;/usr/lib/x86_64-linux-gnu/libBullet3Common-float64.so;/usr/lib/x86_64-linux-gnu/libBulletInverseDynamics-float64.so;/usr/lib/x86_64-linux-gnu/libBulletCollision-float64.so;/usr/lib/x86_64-linux-gnu/libBulletDynamics-float64.so;/usr/lib/x86_64-linux-gnu/libBulletSoftBody-float64.so
-- Found OpenMP_C: -fopenmp (found version "4.5") 
-- Found OpenMP_CXX: -fopenmp (found version "4.5") 
-- Found Boost: /usr/lib/x86_64-linux-gnu/cmake/Boost-1.74.0/BoostConfig.cmake (found version "1.74.0") found components: system serialization 
-- Found Boost: /usr/lib/x86_64-linux-gnu/cmake/Boost-1.74.0/BoostConfig.cmake (found version "1.74.0") found components: system filesystem serialization 
-- BULLET_LIB=LinearMath-float64 BULLET_LIB_ABS=/usr/lib/x86_64-linux-gnu/libLinearMath-float64.so
-- BULLET_LIB=Bullet3Common-float64 BULLET_LIB_ABS=/usr/lib/x86_64-linux-gnu/libBullet3Common-float64.so
-- BULLET_LIB=BulletInverseDynamics-float64 BULLET_LIB_ABS=/usr/lib/x86_64-linux-gnu/libBulletInverseDynamics-float64.so
-- BULLET_LIB=BulletCollision-float64 BULLET_LIB_ABS=/usr/lib/x86_64-linux-gnu/libBulletCollision-float64.so
-- BULLET_LIB=BulletDynamics-float64 BULLET_LIB_ABS=/usr/lib/x86_64-linux-gnu/libBulletDynamics-float64.so
-- BULLET_LIB=BulletSoftBody-float64 BULLET_LIB_ABS=/usr/lib/x86_64-linux-gnu/libBulletSoftBody-float64.so
-- BULLET_LIBRARIES_ABS=/usr/lib/x86_64-linux-gnu/libLinearMath-float64.so;/usr/lib/x86_64-linux-gnu/libBullet3Common-float64.so;/usr/lib/x86_64-linux-gnu/libBulletInverseDynamics-float64.so;/usr/lib/x86_64-linux-gnu/libBulletCollision-float64.so;/usr/lib/x86_64-linux-gnu/libBulletDynamics-float64.so;/usr/lib/x86_64-linux-gnu/libBulletSoftBody-float64.so
-- Found OpenMP_C: -fopenmp (found version "4.5") 
-- Found OpenMP_CXX: -fopenmp (found version "4.5") 
-- Found Boost: /usr/lib/x86_64-linux-gnu/cmake/Boost-1.74.0/BoostConfig.cmake (found version "1.74.0") found components: graph 
-- Found Boost: /usr/lib/x86_64-linux-gnu/cmake/Boost-1.74.0/BoostConfig.cmake (found version "1.74.0") found components: system filesystem serialization 
-- Found Boost: /usr/lib/x86_64-linux-gnu/cmake/Boost-1.74.0/BoostConfig.cmake (found version "1.74.0") found components: graph 
-- Found Boost: /usr/lib/x86_64-linux-gnu/cmake/Boost-1.74.0/BoostConfig.cmake (found version "1.74.0") found components: system filesystem serialization 
-- Found Boost: /usr/lib/x86_64-linux-gnu/cmake/Boost-1.74.0/BoostConfig.cmake (found version "1.74.0")  
-- Found Boost: /usr/lib/x86_64-linux-gnu/cmake/Boost-1.74.0/BoostConfig.cmake (found version "1.74.0") found components: system filesystem serialization 
-- Found Boost: /usr/lib/x86_64-linux-gnu/cmake/Boost-1.74.0/BoostConfig.cmake (found version "1.74.0") found components: graph 
-- Found Boost: /usr/lib/x86_64-linux-gnu/cmake/Boost-1.74.0/BoostConfig.cmake (found version "1.74.0") found components: system filesystem serialization 
-- Found Boost: /usr/lib/x86_64-linux-gnu/cmake/Boost-1.74.0/BoostConfig.cmake (found version "1.74.0") found components: graph 
-- Found Boost: /usr/lib/x86_64-linux-gnu/cmake/Boost-1.74.0/BoostConfig.cmake (found version "1.74.0") found components: system filesystem serialization 
-- Found Boost: /usr/lib/x86_64-linux-gnu/cmake/Boost-1.74.0/BoostConfig.cmake (found version "1.74.0") found components: graph 
-- Found Boost: /usr/lib/x86_64-linux-gnu/cmake/Boost-1.74.0/BoostConfig.cmake (found version "1.74.0") found components: system filesystem serialization 
-- Found Boost: /usr/lib/x86_64-linux-gnu/cmake/Boost-1.74.0/BoostConfig.cmake (found version "1.74.0")  
-- Found Boost: /usr/lib/x86_64-linux-gnu/cmake/Boost-1.74.0/BoostConfig.cmake (found version "1.74.0") found components: system filesystem serialization 
-- Found Boost: /usr/lib/x86_64-linux-gnu/cmake/Boost-1.74.0/BoostConfig.cmake (found version "1.74.0") found components: graph 
-- Found Boost: /usr/lib/x86_64-linux-gnu/cmake/Boost-1.74.0/BoostConfig.cmake (found version "1.74.0") found components: system filesystem serialization 
-- Found Boost: /usr/lib/x86_64-linux-gnu/cmake/Boost-1.74.0/BoostConfig.cmake (found version "1.74.0") found components: system serialization 
-- Found Boost: /usr/lib/x86_64-linux-gnu/cmake/Boost-1.74.0/BoostConfig.cmake (found version "1.74.0") found components: system filesystem serialization 
-- BULLET_LIB=LinearMath-float64 BULLET_LIB_ABS=/usr/lib/x86_64-linux-gnu/libLinearMath-float64.so
-- BULLET_LIB=Bullet3Common-float64 BULLET_LIB_ABS=/usr/lib/x86_64-linux-gnu/libBullet3Common-float64.so
-- BULLET_LIB=BulletInverseDynamics-float64 BULLET_LIB_ABS=/usr/lib/x86_64-linux-gnu/libBulletInverseDynamics-float64.so
-- BULLET_LIB=BulletCollision-float64 BULLET_LIB_ABS=/usr/lib/x86_64-linux-gnu/libBulletCollision-float64.so
-- BULLET_LIB=BulletDynamics-float64 BULLET_LIB_ABS=/usr/lib/x86_64-linux-gnu/libBulletDynamics-float64.so
-- BULLET_LIB=BulletSoftBody-float64 BULLET_LIB_ABS=/usr/lib/x86_64-linux-gnu/libBulletSoftBody-float64.so
-- BULLET_LIBRARIES_ABS=/usr/lib/x86_64-linux-gnu/libLinearMath-float64.so;/usr/lib/x86_64-linux-gnu/libBullet3Common-float64.so;/usr/lib/x86_64-linux-gnu/libBulletInverseDynamics-float64.so;/usr/lib/x86_64-linux-gnu/libBulletCollision-float64.so;/usr/lib/x86_64-linux-gnu/libBulletDynamics-float64.so;/usr/lib/x86_64-linux-gnu/libBulletSoftBody-float64.so
-- Found OpenMP_C: -fopenmp (found version "4.5") 
-- Found OpenMP_CXX: -fopenmp (found version "4.5") 
-- Found Boost: /usr/lib/x86_64-linux-gnu/cmake/Boost-1.74.0/BoostConfig.cmake (found version "1.74.0") found components: graph 
-- Found Boost: /usr/lib/x86_64-linux-gnu/cmake/Boost-1.74.0/BoostConfig.cmake (found version "1.74.0") found components: system filesystem serialization 
-- Found Boost: /usr/lib/x86_64-linux-gnu/cmake/Boost-1.74.0/BoostConfig.cmake (found version "1.74.0") found components: graph 
-- Found Boost: /usr/lib/x86_64-linux-gnu/cmake/Boost-1.74.0/BoostConfig.cmake (found version "1.74.0") found components: system filesystem serialization 
-- Found Boost: /usr/lib/x86_64-linux-gnu/cmake/Boost-1.74.0/BoostConfig.cmake (found version "1.74.0") found components: serialization 
-- Found Boost: /usr/lib/x86_64-linux-gnu/cmake/Boost-1.74.0/BoostConfig.cmake (found version "1.74.0")  
-- Found Boost: /usr/lib/x86_64-linux-gnu/cmake/Boost-1.74.0/BoostConfig.cmake (found version "1.74.0") found components: program_options 
-- Found Boost: /usr/lib/x86_64-linux-gnu/cmake/Boost-1.74.0/BoostConfig.cmake (found version "1.74.0") found components: system filesystem serialization 
-- Found Boost: /usr/lib/x86_64-linux-gnu/cmake/Boost-1.74.0/BoostConfig.cmake (found version "1.74.0")  
-- Found OpenMP_C: -fopenmp (found version "4.5") 
-- Found OpenMP_CXX: -fopenmp (found version "4.5") 
-- Found Boost: /usr/lib/x86_64-linux-gnu/cmake/Boost-1.74.0/BoostConfig.cmake (found version "1.74.0") found components: program_options 
-- Found Boost: /usr/lib/x86_64-linux-gnu/cmake/Boost-1.74.0/BoostConfig.cmake (found version "1.74.0") found components: system filesystem serialization 
-- Found Boost: /usr/lib/x86_64-linux-gnu/cmake/Boost-1.74.0/BoostConfig.cmake (found version "1.74.0") found components: system serialization 
-- Found Boost: /usr/lib/x86_64-linux-gnu/cmake/Boost-1.74.0/BoostConfig.cmake (found version "1.74.0") found components: system filesystem serialization 
-- BULLET_LIB=LinearMath-float64 BULLET_LIB_ABS=/usr/lib/x86_64-linux-gnu/libLinearMath-float64.so
-- BULLET_LIB=Bullet3Common-float64 BULLET_LIB_ABS=/usr/lib/x86_64-linux-gnu/libBullet3Common-float64.so
-- BULLET_LIB=BulletInverseDynamics-float64 BULLET_LIB_ABS=/usr/lib/x86_64-linux-gnu/libBulletInverseDynamics-float64.so
-- BULLET_LIB=BulletCollision-float64 BULLET_LIB_ABS=/usr/lib/x86_64-linux-gnu/libBulletCollision-float64.so
-- BULLET_LIB=BulletDynamics-float64 BULLET_LIB_ABS=/usr/lib/x86_64-linux-gnu/libBulletDynamics-float64.so
-- BULLET_LIB=BulletSoftBody-float64 BULLET_LIB_ABS=/usr/lib/x86_64-linux-gnu/libBulletSoftBody-float64.so
-- BULLET_LIBRARIES_ABS=/usr/lib/x86_64-linux-gnu/libLinearMath-float64.so;/usr/lib/x86_64-linux-gnu/libBullet3Common-float64.so;/usr/lib/x86_64-linux-gnu/libBulletInverseDynamics-float64.so;/usr/lib/x86_64-linux-gnu/libBulletCollision-float64.so;/usr/lib/x86_64-linux-gnu/libBulletDynamics-float64.so;/usr/lib/x86_64-linux-gnu/libBulletSoftBody-float64.so
-- Found OpenMP_C: -fopenmp (found version "4.5") 
-- Found OpenMP_CXX: -fopenmp (found version "4.5") 
-- Found Boost: /usr/lib/x86_64-linux-gnu/cmake/Boost-1.74.0/BoostConfig.cmake (found version "1.74.0") found components: graph 
-- Found Boost: /usr/lib/x86_64-linux-gnu/cmake/Boost-1.74.0/BoostConfig.cmake (found version "1.74.0") found components: system filesystem serialization 
-- Found Boost: /usr/lib/x86_64-linux-gnu/cmake/Boost-1.74.0/BoostConfig.cmake (found version "1.74.0") found components: graph 
-- Found Boost: /usr/lib/x86_64-linux-gnu/cmake/Boost-1.74.0/BoostConfig.cmake (found version "1.74.0") found components: system filesystem serialization 
-- Found Boost: /usr/lib/x86_64-linux-gnu/cmake/Boost-1.74.0/BoostConfig.cmake (found version "1.74.0")  
-- Found Boost: /usr/lib/x86_64-linux-gnu/cmake/Boost-1.74.0/BoostConfig.cmake (found version "1.74.0") found components: system filesystem serialization 
-- Found Boost: /usr/lib/x86_64-linux-gnu/cmake/Boost-1.74.0/BoostConfig.cmake (found version "1.74.0") found components: graph 
-- Found Boost: /usr/lib/x86_64-linux-gnu/cmake/Boost-1.74.0/BoostConfig.cmake (found version "1.74.0") found components: system filesystem serialization 
-- Found Boost: /usr/lib/x86_64-linux-gnu/cmake/Boost-1.74.0/BoostConfig.cmake (found version "1.74.0") found components: graph 
-- Found Boost: /usr/lib/x86_64-linux-gnu/cmake/Boost-1.74.0/BoostConfig.cmake (found version "1.74.0") found components: system filesystem serialization 
-- Found Boost: /usr/lib/x86_64-linux-gnu/cmake/Boost-1.74.0/BoostConfig.cmake (found version "1.74.0") found components: graph 
-- Found Boost: /usr/lib/x86_64-linux-gnu/cmake/Boost-1.74.0/BoostConfig.cmake (found version "1.74.0") found components: system filesystem serialization 
-- Found Boost: /usr/lib/x86_64-linux-gnu/cmake/Boost-1.74.0/BoostConfig.cmake (found version "1.74.0")  
-- Found Boost: /usr/lib/x86_64-linux-gnu/cmake/Boost-1.74.0/BoostConfig.cmake (found version "1.74.0") found components: system filesystem serialization 
-- Found Boost: /usr/lib/x86_64-linux-gnu/cmake/Boost-1.74.0/BoostConfig.cmake (found version "1.74.0") found components: graph 
-- Found Boost: /usr/lib/x86_64-linux-gnu/cmake/Boost-1.74.0/BoostConfig.cmake (found version "1.74.0") found components: system filesystem serialization 
-- Found Boost: /usr/lib/x86_64-linux-gnu/cmake/Boost-1.74.0/BoostConfig.cmake (found version "1.74.0") found components: system serialization 
-- Found Boost: /usr/lib/x86_64-linux-gnu/cmake/Boost-1.74.0/BoostConfig.cmake (found version "1.74.0") found components: system filesystem serialization 
-- BULLET_LIB=LinearMath-float64 BULLET_LIB_ABS=/usr/lib/x86_64-linux-gnu/libLinearMath-float64.so
-- BULLET_LIB=Bullet3Common-float64 BULLET_LIB_ABS=/usr/lib/x86_64-linux-gnu/libBullet3Common-float64.so
-- BULLET_LIB=BulletInverseDynamics-float64 BULLET_LIB_ABS=/usr/lib/x86_64-linux-gnu/libBulletInverseDynamics-float64.so
-- BULLET_LIB=BulletCollision-float64 BULLET_LIB_ABS=/usr/lib/x86_64-linux-gnu/libBulletCollision-float64.so
-- BULLET_LIB=BulletDynamics-float64 BULLET_LIB_ABS=/usr/lib/x86_64-linux-gnu/libBulletDynamics-float64.so
-- BULLET_LIB=BulletSoftBody-float64 BULLET_LIB_ABS=/usr/lib/x86_64-linux-gnu/libBulletSoftBody-float64.so
-- BULLET_LIBRARIES_ABS=/usr/lib/x86_64-linux-gnu/libLinearMath-float64.so;/usr/lib/x86_64-linux-gnu/libBullet3Common-float64.so;/usr/lib/x86_64-linux-gnu/libBulletInverseDynamics-float64.so;/usr/lib/x86_64-linux-gnu/libBulletCollision-float64.so;/usr/lib/x86_64-linux-gnu/libBulletDynamics-float64.so;/usr/lib/x86_64-linux-gnu/libBulletSoftBody-float64.so
-- Found OpenMP_C: -fopenmp (found version "4.5") 
-- Found OpenMP_CXX: -fopenmp (found version "4.5") 
-- Found Boost: /usr/lib/x86_64-linux-gnu/cmake/Boost-1.74.0/BoostConfig.cmake (found version "1.74.0") found components: system serialization 
-- Found Boost: /usr/lib/x86_64-linux-gnu/cmake/Boost-1.74.0/BoostConfig.cmake (found version "1.74.0") found components: system filesystem serialization 
-- BULLET_LIB=LinearMath-float64 BULLET_LIB_ABS=/usr/lib/x86_64-linux-gnu/libLinearMath-float64.so
-- BULLET_LIB=Bullet3Common-float64 BULLET_LIB_ABS=/usr/lib/x86_64-linux-gnu/libBullet3Common-float64.so
-- BULLET_LIB=BulletInverseDynamics-float64 BULLET_LIB_ABS=/usr/lib/x86_64-linux-gnu/libBulletInverseDynamics-float64.so
-- BULLET_LIB=BulletCollision-float64 BULLET_LIB_ABS=/usr/lib/x86_64-linux-gnu/libBulletCollision-float64.so
-- BULLET_LIB=BulletDynamics-float64 BULLET_LIB_ABS=/usr/lib/x86_64-linux-gnu/libBulletDynamics-float64.so
-- BULLET_LIB=BulletSoftBody-float64 BULLET_LIB_ABS=/usr/lib/x86_64-linux-gnu/libBulletSoftBody-float64.so
-- BULLET_LIBRARIES_ABS=/usr/lib/x86_64-linux-gnu/libLinearMath-float64.so;/usr/lib/x86_64-linux-gnu/libBullet3Common-float64.so;/usr/lib/x86_64-linux-gnu/libBulletInverseDynamics-float64.so;/usr/lib/x86_64-linux-gnu/libBulletCollision-float64.so;/usr/lib/x86_64-linux-gnu/libBulletDynamics-float64.so;/usr/lib/x86_64-linux-gnu/libBulletSoftBody-float64.so
-- Found OpenMP_C: -fopenmp (found version "4.5") 
-- Found OpenMP_CXX: -fopenmp (found version "4.5") 
-- Found Boost: /usr/lib/x86_64-linux-gnu/cmake/Boost-1.74.0/BoostConfig.cmake (found version "1.74.0") found components: system serialization 
-- Found Boost: /usr/lib/x86_64-linux-gnu/cmake/Boost-1.74.0/BoostConfig.cmake (found version "1.74.0") found components: system filesystem serialization 
-- BULLET_LIB=LinearMath-float64 BULLET_LIB_ABS=/usr/lib/x86_64-linux-gnu/libLinearMath-float64.so
-- BULLET_LIB=Bullet3Common-float64 BULLET_LIB_ABS=/usr/lib/x86_64-linux-gnu/libBullet3Common-float64.so
-- BULLET_LIB=BulletInverseDynamics-float64 BULLET_LIB_ABS=/usr/lib/x86_64-linux-gnu/libBulletInverseDynamics-float64.so
-- BULLET_LIB=BulletCollision-float64 BULLET_LIB_ABS=/usr/lib/x86_64-linux-gnu/libBulletCollision-float64.so
-- BULLET_LIB=BulletDynamics-float64 BULLET_LIB_ABS=/usr/lib/x86_64-linux-gnu/libBulletDynamics-float64.so
-- BULLET_LIB=BulletSoftBody-float64 BULLET_LIB_ABS=/usr/lib/x86_64-linux-gnu/libBulletSoftBody-float64.so
-- BULLET_LIBRARIES_ABS=/usr/lib/x86_64-linux-gnu/libLinearMath-float64.so;/usr/lib/x86_64-linux-gnu/libBullet3Common-float64.so;/usr/lib/x86_64-linux-gnu/libBulletInverseDynamics-float64.so;/usr/lib/x86_64-linux-gnu/libBulletCollision-float64.so;/usr/lib/x86_64-linux-gnu/libBulletDynamics-float64.so;/usr/lib/x86_64-linux-gnu/libBulletSoftBody-float64.so
-- Found OpenMP_C: -fopenmp (found version "4.5") 
-- Found OpenMP_CXX: -fopenmp (found version "4.5") 
-- Found Boost: /usr/lib/x86_64-linux-gnu/cmake/Boost-1.74.0/BoostConfig.cmake (found version "1.74.0") found components: graph 
-- Found Boost: /usr/lib/x86_64-linux-gnu/cmake/Boost-1.74.0/BoostConfig.cmake (found version "1.74.0") found components: system filesystem serialization 
-- Found Boost: /usr/lib/x86_64-linux-gnu/cmake/Boost-1.74.0/BoostConfig.cmake (found version "1.74.0") found components: graph 
-- Found Boost: /usr/lib/x86_64-linux-gnu/cmake/Boost-1.74.0/BoostConfig.cmake (found version "1.74.0") found components: system filesystem serialization 
-- Found Boost: /usr/lib/x86_64-linux-gnu/cmake/Boost-1.74.0/BoostConfig.cmake (found version "1.74.0")  
-- Found Boost: /usr/lib/x86_64-linux-gnu/cmake/Boost-1.74.0/BoostConfig.cmake (found version "1.74.0") found components: system filesystem serialization 
-- Found Boost: /usr/lib/x86_64-linux-gnu/cmake/Boost-1.74.0/BoostConfig.cmake (found version "1.74.0") found components: graph 
-- Found Boost: /usr/lib/x86_64-linux-gnu/cmake/Boost-1.74.0/BoostConfig.cmake (found version "1.74.0") found components: system filesystem serialization 
-- Found Boost: /usr/lib/x86_64-linux-gnu/cmake/Boost-1.74.0/BoostConfig.cmake (found version "1.74.0") found components: graph 
-- Found Boost: /usr/lib/x86_64-linux-gnu/cmake/Boost-1.74.0/BoostConfig.cmake (found version "1.74.0") found components: system filesystem serialization 
-- Found Boost: /usr/lib/x86_64-linux-gnu/cmake/Boost-1.74.0/BoostConfig.cmake (found version "1.74.0") found components: graph 
-- Found Boost: /usr/lib/x86_64-linux-gnu/cmake/Boost-1.74.0/BoostConfig.cmake (found version "1.74.0") found components: system filesystem serialization 
-- Found Boost: /usr/lib/x86_64-linux-gnu/cmake/Boost-1.74.0/BoostConfig.cmake (found version "1.74.0")  
-- Found Boost: /usr/lib/x86_64-linux-gnu/cmake/Boost-1.74.0/BoostConfig.cmake (found version "1.74.0") found components: system filesystem serialization 
-- Found Boost: /usr/lib/x86_64-linux-gnu/cmake/Boost-1.74.0/BoostConfig.cmake (found version "1.74.0") found components: graph 
-- Found Boost: /usr/lib/x86_64-linux-gnu/cmake/Boost-1.74.0/BoostConfig.cmake (found version "1.74.0") found components: system filesystem serialization 
-- Found Boost: /usr/lib/x86_64-linux-gnu/cmake/Boost-1.74.0/BoostConfig.cmake (found version "1.74.0") found components: system serialization 
-- Found Boost: /usr/lib/x86_64-linux-gnu/cmake/Boost-1.74.0/BoostConfig.cmake (found version "1.74.0") found components: system filesystem serialization 
-- BULLET_LIB=LinearMath-float64 BULLET_LIB_ABS=/usr/lib/x86_64-linux-gnu/libLinearMath-float64.so
-- BULLET_LIB=Bullet3Common-float64 BULLET_LIB_ABS=/usr/lib/x86_64-linux-gnu/libBullet3Common-float64.so
-- BULLET_LIB=BulletInverseDynamics-float64 BULLET_LIB_ABS=/usr/lib/x86_64-linux-gnu/libBulletInverseDynamics-float64.so
-- BULLET_LIB=BulletCollision-float64 BULLET_LIB_ABS=/usr/lib/x86_64-linux-gnu/libBulletCollision-float64.so
-- BULLET_LIB=BulletDynamics-float64 BULLET_LIB_ABS=/usr/lib/x86_64-linux-gnu/libBulletDynamics-float64.so
-- BULLET_LIB=BulletSoftBody-float64 BULLET_LIB_ABS=/usr/lib/x86_64-linux-gnu/libBulletSoftBody-float64.so
-- BULLET_LIBRARIES_ABS=/usr/lib/x86_64-linux-gnu/libLinearMath-float64.so;/usr/lib/x86_64-linux-gnu/libBullet3Common-float64.so;/usr/lib/x86_64-linux-gnu/libBulletInverseDynamics-float64.so;/usr/lib/x86_64-linux-gnu/libBulletCollision-float64.so;/usr/lib/x86_64-linux-gnu/libBulletDynamics-float64.so;/usr/lib/x86_64-linux-gnu/libBulletSoftBody-float64.so
-- Found OpenMP_C: -fopenmp (found version "4.5") 
-- Found OpenMP_CXX: -fopenmp (found version "4.5") 
-- Found Boost: /usr/lib/x86_64-linux-gnu/cmake/Boost-1.74.0/BoostConfig.cmake (found version "1.74.0") found components: graph 
-- Found Boost: /usr/lib/x86_64-linux-gnu/cmake/Boost-1.74.0/BoostConfig.cmake (found version "1.74.0") found components: system filesystem serialization 
-- Found Boost: /usr/lib/x86_64-linux-gnu/cmake/Boost-1.74.0/BoostConfig.cmake (found version "1.74.0") found components: graph 
-- Found Boost: /usr/lib/x86_64-linux-gnu/cmake/Boost-1.74.0/BoostConfig.cmake (found version "1.74.0") found components: system filesystem serialization 
-- Taskflow found. Headers: /home/ubuntu/tesseract_ws/install/Taskflow/include/
-- Found Boost: /usr/lib/x86_64-linux-gnu/cmake/Boost-1.74.0/BoostConfig.cmake (found version "1.74.0") found components: graph 
-- Found Boost: /usr/lib/x86_64-linux-gnu/cmake/Boost-1.74.0/BoostConfig.cmake (found version "1.74.0") found components: system filesystem serialization 
-- Found Boost: /usr/lib/x86_64-linux-gnu/cmake/Boost-1.74.0/BoostConfig.cmake (found version "1.74.0") found components: graph 
-- Found Boost: /usr/lib/x86_64-linux-gnu/cmake/Boost-1.74.0/BoostConfig.cmake (found version "1.74.0") found components: system filesystem serialization 
-- Found ament_lint_auto: 0.12.6 (/opt/ros/humble/share/ament_lint_auto/cmake)
-- Configuring done
-- Generating done
-- Build files have been written to: /home/ubuntu/tesseract_ws/build/snp_motion_planning
Consolidate compiler generated dependencies of target snp_motion_planning_plugins
Consolidate compiler generated dependencies of target snp_motion_planning_node
Consolidate compiler generated dependencies of target snp_motion_planning_tasks
[ 28%] Building CXX object CMakeFiles/snp_motion_planning_node.dir/src/planning_server.cpp.o
[ 28%] Building CXX object CMakeFiles/snp_motion_planning_plugins.dir/src/plugins/kinematics/motoman_hc10_ikfast_plugin.cpp.o
[ 42%] Building CXX object CMakeFiles/snp_motion_planning_tasks.dir/src/plugins/tasks/kinematic_limits_check_task.cpp.o
[ 57%] Building CXX object CMakeFiles/snp_motion_planning_tasks.dir/src/plugins/tasks/constant_tcp_speed_time_parameterization_task.cpp.o
[ 71%] Linking CXX shared library libsnp_motion_planning_plugins.so
[ 71%] Built target snp_motion_planning_plugins
[ 85%] Linking CXX shared library libsnp_motion_planning_tasks.so
[ 85%] Built target snp_motion_planning_tasks
[100%] Linking CXX executable snp_motion_planning_node
[100%] Built target snp_motion_planning_node
-- Install configuration: "Release"
-- Execute custom install script
-- Up-to-date symlink: /home/ubuntu/tesseract_ws/install/snp_motion_planning/lib/snp_motion_planning/snp_motion_planning_node
-- Up-to-date symlink: /home/ubuntu/tesseract_ws/install/snp_motion_planning/share/snp_motion_planning/environment/library_path.sh
-- Up-to-date symlink: /home/ubuntu/tesseract_ws/install/snp_motion_planning/share/snp_motion_planning/environment/library_path.dsv
-- Up-to-date symlink: /home/ubuntu/tesseract_ws/install/snp_motion_planning/share/ament_index/resource_index/package_run_dependencies/snp_motion_planning
-- Up-to-date symlink: /home/ubuntu/tesseract_ws/install/snp_motion_planning/share/ament_index/resource_index/parent_prefix_path/snp_motion_planning
-- Up-to-date symlink: /home/ubuntu/tesseract_ws/install/snp_motion_planning/share/snp_motion_planning/environment/ament_prefix_path.sh
-- Up-to-date symlink: /home/ubuntu/tesseract_ws/install/snp_motion_planning/share/snp_motion_planning/environment/ament_prefix_path.dsv
-- Up-to-date symlink: /home/ubuntu/tesseract_ws/install/snp_motion_planning/share/snp_motion_planning/environment/path.sh
-- Up-to-date symlink: /home/ubuntu/tesseract_ws/install/snp_motion_planning/share/snp_motion_planning/environment/path.dsv
-- Up-to-date symlink: /home/ubuntu/tesseract_ws/install/snp_motion_planning/share/snp_motion_planning/local_setup.bash
-- Up-to-date symlink: /home/ubuntu/tesseract_ws/install/snp_motion_planning/share/snp_motion_planning/local_setup.sh
-- Up-to-date symlink: /home/ubuntu/tesseract_ws/install/snp_motion_planning/share/snp_motion_planning/local_setup.zsh
-- Up-to-date symlink: /home/ubuntu/tesseract_ws/install/snp_motion_planning/share/snp_motion_planning/local_setup.dsv
-- Symlinking: /home/ubuntu/tesseract_ws/install/snp_motion_planning/share/snp_motion_planning/package.dsv
-- Up-to-date symlink: /home/ubuntu/tesseract_ws/install/snp_motion_planning/share/ament_index/resource_index/packages/snp_motion_planning
-- Up-to-date symlink: /home/ubuntu/tesseract_ws/install/snp_motion_planning/share/snp_motion_planning/cmake/ament_cmake_export_dependencies-extras.cmake
-- Up-to-date symlink: /home/ubuntu/tesseract_ws/install/snp_motion_planning/share/snp_motion_planning/cmake/ament_cmake_export_targets-extras.cmake
-- Up-to-date symlink: /home/ubuntu/tesseract_ws/install/snp_motion_planning/share/snp_motion_planning/cmake/snp_motion_planningConfig.cmake
-- Up-to-date symlink: /home/ubuntu/tesseract_ws/install/snp_motion_planning/share/snp_motion_planning/cmake/snp_motion_planningConfig-version.cmake
-- Up-to-date symlink: /home/ubuntu/tesseract_ws/install/snp_motion_planning/share/snp_motion_planning/package.xml
-- Up-to-date symlink: /home/ubuntu/tesseract_ws/install/snp_motion_planning/share/snp_motion_planning//config/task_composer_plugins.yaml
-- Up-to-date symlink: /home/ubuntu/tesseract_ws/install/snp_motion_planning/share/snp_motion_planning//launch/planning_server.launch.xml
-- Installing: /home/ubuntu/tesseract_ws/install/snp_motion_planning/lib/libsnp_motion_planning_plugins.so
-- Set runtime path of "/home/ubuntu/tesseract_ws/install/snp_motion_planning/lib/libsnp_motion_planning_plugins.so" to ""
-- Installing: /home/ubuntu/tesseract_ws/install/snp_motion_planning/lib/libsnp_motion_planning_tasks.so
-- Set runtime path of "/home/ubuntu/tesseract_ws/install/snp_motion_planning/lib/libsnp_motion_planning_tasks.so" to ""
-- Up-to-date: /home/ubuntu/tesseract_ws/install/snp_motion_planning/share/snp_motion_planning/cmake/snp_motion_planning-targetsExport.cmake
-- Up-to-date: /home/ubuntu/tesseract_ws/install/snp_motion_planning/share/snp_motion_planning/cmake/snp_motion_planning-targetsExport-release.cmake
