[ 94%] Built target noether_gui
[ 97%] Built target noether_gui_plugins
[100%] Built target noether_gui_app
-- Install configuration: ""
-- Up-to-date: /home/ubuntu/tesseract_ws/install/noether_gui/include/noether_gui
-- Up-to-date: /home/ubuntu/tesseract_ws/install/noether_gui/include/noether_gui/widgets
-- Up-to-date: /home/ubuntu/tesseract_ws/install/noether_gui/include/noether_gui/widgets/tpp_pipeline_widget.h
-- Up-to-date: /home/ubuntu/tesseract_ws/install/noether_gui/include/noether_gui/widgets/tpp_widget.h
-- Up-to-date: /home/ubuntu/tesseract_ws/install/noether_gui/include/noether_gui/widgets/collapsible_area_widget.h
-- Up-to-date: /home/ubuntu/tesseract_ws/install/noether_gui/include/noether_gui/widgets/tool_path_modifiers
-- Up-to-date: /home/ubuntu/tesseract_ws/install/noether_gui/include/noether_gui/widgets/tool_path_modifiers/tool_drag_orientation_modifier_widget.h
-- Up-to-date: /home/ubuntu/tesseract_ws/install/noether_gui/include/noether_gui/widgets/tool_path_modifiers/fixed_orientation_modifier_widget.h
-- Up-to-date: /home/ubuntu/tesseract_ws/install/noether_gui/include/noether_gui/widgets/tool_path_modifiers/standard_edge_paths_organization_modifier_widget.h
-- Up-to-date: /home/ubuntu/tesseract_ws/install/noether_gui/include/noether_gui/widgets/tool_path_modifiers/snake_organization_modifier_widget.h
-- Up-to-date: /home/ubuntu/tesseract_ws/install/noether_gui/include/noether_gui/widgets/tool_path_modifiers/raster_organization_modifier_widget.h
-- Up-to-date: /home/ubuntu/tesseract_ws/install/noether_gui/include/noether_gui/widgets/tool_path_modifiers/direction_of_travel_orientation_modifier_widget.h
-- Up-to-date: /home/ubuntu/tesseract_ws/install/noether_gui/include/noether_gui/widgets/tool_path_modifiers/moving_average_orientation_smoothing_modifier_widget.h
-- Up-to-date: /home/ubuntu/tesseract_ws/install/noether_gui/include/noether_gui/widgets/tool_path_modifiers/uniform_orientation_modifier_widget.h
-- Up-to-date: /home/ubuntu/tesseract_ws/install/noether_gui/include/noether_gui/widgets/tool_path_modifiers/circular_lead_out_modifier_widget.h
-- Up-to-date: /home/ubuntu/tesseract_ws/install/noether_gui/include/noether_gui/widgets/tool_path_modifiers/circular_lead_in_modifier_widget.h
-- Up-to-date: /home/ubuntu/tesseract_ws/install/noether_gui/include/noether_gui/widgets/plugin_loader_widget.h
-- Up-to-date: /home/ubuntu/tesseract_ws/install/noether_gui/include/noether_gui/widgets/tool_path_planners
-- Up-to-date: /home/ubuntu/tesseract_ws/install/noether_gui/include/noether_gui/widgets/tool_path_planners/raster
-- Up-to-date: /home/ubuntu/tesseract_ws/install/noether_gui/include/noether_gui/widgets/tool_path_planners/raster/raster_planner_widget.h
-- Up-to-date: /home/ubuntu/tesseract_ws/install/noether_gui/include/noether_gui/widgets/tool_path_planners/raster/plane_slicer_raster_planner_widget.h
-- Up-to-date: /home/ubuntu/tesseract_ws/install/noether_gui/include/noether_gui/widgets/tool_path_planners/raster/direction_generators
-- Up-to-date: /home/ubuntu/tesseract_ws/install/noether_gui/include/noether_gui/widgets/tool_path_planners/raster/direction_generators/principal_axis_direction_generator_widget.h
-- Up-to-date: /home/ubuntu/tesseract_ws/install/noether_gui/include/noether_gui/widgets/tool_path_planners/raster/direction_generators/fixed_direction_generator_widget.h
-- Up-to-date: /home/ubuntu/tesseract_ws/install/noether_gui/include/noether_gui/widgets/tool_path_planners/raster/origin_generators
-- Up-to-date: /home/ubuntu/tesseract_ws/install/noether_gui/include/noether_gui/widgets/tool_path_planners/raster/origin_generators/centroid_origin_generator_widget.h
-- Up-to-date: /home/ubuntu/tesseract_ws/install/noether_gui/include/noether_gui/widgets/tool_path_planners/raster/origin_generators/fixed_origin_generator_widget.h
-- Up-to-date: /home/ubuntu/tesseract_ws/install/noether_gui/include/noether_gui/widgets/tool_path_planners/raster/origin_generators/aabb_origin_generator_widget.h
-- Up-to-date: /home/ubuntu/tesseract_ws/install/noether_gui/include/noether_gui/widgets/plugin_loader_widget.hpp
-- Up-to-date: /home/ubuntu/tesseract_ws/install/noether_gui/include/noether_gui/widgets.h
-- Up-to-date: /home/ubuntu/tesseract_ws/install/noether_gui/include/noether_gui/plugin_interface.h
-- Up-to-date: /home/ubuntu/tesseract_ws/install/noether_gui/include/noether_gui/utils.h
-- Up-to-date: /home/ubuntu/tesseract_ws/install/noether_gui/share/noether_gui/package.xml
-- Up-to-date: /home/ubuntu/tesseract_ws/install/noether_gui/lib/libnoether_gui.so
-- Up-to-date: /home/ubuntu/tesseract_ws/install/noether_gui/lib/libnoether_gui_plugins.so
-- Up-to-date: /home/ubuntu/tesseract_ws/install/noether_gui/bin/noether_gui_app
-- Up-to-date: /home/ubuntu/tesseract_ws/install/noether_gui/lib/cmake/noether_gui/noether_gui-targets.cmake
-- Up-to-date: /home/ubuntu/tesseract_ws/install/noether_gui/lib/cmake/noether_gui/noether_gui-targets-noconfig.cmake
-- Up-to-date: /home/ubuntu/tesseract_ws/install/noether_gui/lib/cmake/noether_gui/noether_gui-config.cmake
-- Up-to-date: /home/ubuntu/tesseract_ws/install/noether_gui/lib/cmake/noether_gui/noether_gui-config-version.cmake
-- Up-to-date: /home/ubuntu/tesseract_ws/install/noether_gui/share/ament_index/resource_index/packages/noether_gui
-- Up-to-date: /home/ubuntu/tesseract_ws/install/noether_gui/share/noether_gui/hook/ament_prefix_path.dsv
-- Up-to-date: /home/ubuntu/tesseract_ws/install/noether_gui/share/noether_gui/hook/ros_package_path.dsv
-- Up-to-date: /home/ubuntu/tesseract_ws/install/noether_gui/share/noether_gui/hook/python_path.dsv
