[100%] Built target trajopt_ifopt
-- Install configuration: ""
-- Up-to-date: /home/ubuntu/tesseract_ws/install/trajopt_ifopt/share/trajopt_ifopt/package.xml
-- Up-to-date: /home/ubuntu/tesseract_ws/install/trajopt_ifopt/lib/libtrajopt_ifopt.so
-- Up-to-date: /home/ubuntu/tesseract_ws/install/trajopt_ifopt/lib/cmake/trajopt_ifopt/trajopt_ifopt-targets.cmake
-- Up-to-date: /home/ubuntu/tesseract_ws/install/trajopt_ifopt/lib/cmake/trajopt_ifopt/trajopt_ifopt-targets-noconfig.cmake
-- Up-to-date: /home/ubuntu/tesseract_ws/install/trajopt_ifopt/lib/cmake/trajopt_ifopt/trajopt_ifopt-config.cmake
-- Up-to-date: /home/ubuntu/tesseract_ws/install/trajopt_ifopt/lib/cmake/trajopt_ifopt/trajopt_ifopt-config-version.cmake
-- Up-to-date: /home/ubuntu/tesseract_ws/install/trajopt_ifopt/share/ament_index/resource_index/packages/trajopt_ifopt
-- Up-to-date: /home/ubuntu/tesseract_ws/install/trajopt_ifopt/share/trajopt_ifopt/hook/ament_prefix_path.dsv
-- Up-to-date: /home/ubuntu/tesseract_ws/install/trajopt_ifopt/share/trajopt_ifopt/hook/ros_package_path.dsv
-- Up-to-date: /home/ubuntu/tesseract_ws/install/trajopt_ifopt/share/trajopt_ifopt/hook/python_path.dsv
-- Up-to-date: /home/ubuntu/tesseract_ws/install/trajopt_ifopt/include/trajopt_ifopt
-- Up-to-date: /home/ubuntu/tesseract_ws/install/trajopt_ifopt/include/trajopt_ifopt/cache.h
-- Up-to-date: /home/ubuntu/tesseract_ws/install/trajopt_ifopt/include/trajopt_ifopt/utils
-- Up-to-date: /home/ubuntu/tesseract_ws/install/trajopt_ifopt/include/trajopt_ifopt/utils/trajopt_utils.h
-- Up-to-date: /home/ubuntu/tesseract_ws/install/trajopt_ifopt/include/trajopt_ifopt/utils/ifopt_utils.h
-- Up-to-date: /home/ubuntu/tesseract_ws/install/trajopt_ifopt/include/trajopt_ifopt/utils/numeric_differentiation.h
-- Up-to-date: /home/ubuntu/tesseract_ws/install/trajopt_ifopt/include/trajopt_ifopt/constraints
-- Up-to-date: /home/ubuntu/tesseract_ws/install/trajopt_ifopt/include/trajopt_ifopt/constraints/cartesian_position_constraint.h
-- Up-to-date: /home/ubuntu/tesseract_ws/install/trajopt_ifopt/include/trajopt_ifopt/constraints/cartesian_line_constraint.h
-- Up-to-date: /home/ubuntu/tesseract_ws/install/trajopt_ifopt/include/trajopt_ifopt/constraints/joint_jerk_constraint.h
-- Up-to-date: /home/ubuntu/tesseract_ws/install/trajopt_ifopt/include/trajopt_ifopt/constraints/joint_position_constraint.h
-- Up-to-date: /home/ubuntu/tesseract_ws/install/trajopt_ifopt/include/trajopt_ifopt/constraints/joint_velocity_constraint.h
-- Up-to-date: /home/ubuntu/tesseract_ws/install/trajopt_ifopt/include/trajopt_ifopt/constraints/collision
-- Up-to-date: /home/ubuntu/tesseract_ws/install/trajopt_ifopt/include/trajopt_ifopt/constraints/collision/continuous_collision_numerical_constraint.h
-- Up-to-date: /home/ubuntu/tesseract_ws/install/trajopt_ifopt/include/trajopt_ifopt/constraints/collision/discrete_collision_numerical_constraint.h
-- Up-to-date: /home/ubuntu/tesseract_ws/install/trajopt_ifopt/include/trajopt_ifopt/constraints/collision/continuous_collision_evaluators.h
-- Up-to-date: /home/ubuntu/tesseract_ws/install/trajopt_ifopt/include/trajopt_ifopt/constraints/collision/weighted_average_methods.h
-- Up-to-date: /home/ubuntu/tesseract_ws/install/trajopt_ifopt/include/trajopt_ifopt/constraints/collision/collision_types.h
-- Up-to-date: /home/ubuntu/tesseract_ws/install/trajopt_ifopt/include/trajopt_ifopt/constraints/collision/discrete_collision_constraint.h
-- Up-to-date: /home/ubuntu/tesseract_ws/install/trajopt_ifopt/include/trajopt_ifopt/constraints/collision/collision_utils.h
-- Up-to-date: /home/ubuntu/tesseract_ws/install/trajopt_ifopt/include/trajopt_ifopt/constraints/collision/discrete_collision_evaluators.h
-- Up-to-date: /home/ubuntu/tesseract_ws/install/trajopt_ifopt/include/trajopt_ifopt/constraints/collision/continuous_collision_constraint.h
-- Up-to-date: /home/ubuntu/tesseract_ws/install/trajopt_ifopt/include/trajopt_ifopt/constraints/joint_acceleration_constraint.h
-- Up-to-date: /home/ubuntu/tesseract_ws/install/trajopt_ifopt/include/trajopt_ifopt/constraints/inverse_kinematics_constraint.h
-- Up-to-date: /home/ubuntu/tesseract_ws/install/trajopt_ifopt/include/trajopt_ifopt/trajopt_ifopt.h
-- Up-to-date: /home/ubuntu/tesseract_ws/install/trajopt_ifopt/include/trajopt_ifopt/costs
-- Up-to-date: /home/ubuntu/tesseract_ws/install/trajopt_ifopt/include/trajopt_ifopt/costs/squared_cost.h
-- Up-to-date: /home/ubuntu/tesseract_ws/install/trajopt_ifopt/include/trajopt_ifopt/costs/absolute_cost.h
-- Up-to-date: /home/ubuntu/tesseract_ws/install/trajopt_ifopt/include/trajopt_ifopt/variable_sets
-- Up-to-date: /home/ubuntu/tesseract_ws/install/trajopt_ifopt/include/trajopt_ifopt/variable_sets/joint_position_variable.h
