[0.013s] Invoking command in '/home/ubuntu/perception_ws/build/lesson_perception': CMAKE_PREFIX_PATH=/opt/ros/humble /usr/bin/cmake /home/ubuntu/perception_ws/src/lesson_perception -DCMAKE_INSTALL_PREFIX=/home/ubuntu/perception_ws/install/lesson_perception
[0.068s] -- The C compiler identification is GNU 11.3.0
[0.128s] -- The CXX compiler identification is GNU 11.3.0
[0.136s] -- Detecting C compiler ABI info
[0.203s] -- Detecting C compiler ABI info - done
[0.211s] -- Check for working C compiler: /usr/bin/cc - skipped
[0.212s] -- Detecting C compile features
[0.212s] -- Detecting C compile features - done
[0.215s] -- Detecting CXX compiler ABI info
[0.295s] -- Detecting CXX compiler ABI info - done
[0.304s] -- Check for working CXX compiler: /usr/bin/c++ - skipped
[0.304s] -- Detecting CXX compile features
[0.304s] -- Detecting CXX compile features - done
[0.307s] -- Found ament_cmake: 1.3.5 (/opt/ros/humble/share/ament_cmake/cmake)
[0.488s] -- Found Python3: /usr/bin/python3.10 (found version "3.10.6") found components: Interpreter 
[0.580s] -- Found rclcpp: 16.0.4 (/opt/ros/humble/share/rclcpp/cmake)
[0.627s] -- Found rosidl_generator_c: 3.1.4 (/opt/ros/humble/share/rosidl_generator_c/cmake)
[0.634s] -- Found rosidl_adapter: 3.1.4 (/opt/ros/humble/share/rosidl_adapter/cmake)
[0.643s] -- Found rosidl_generator_cpp: 3.1.4 (/opt/ros/humble/share/rosidl_generator_cpp/cmake)
[0.658s] -- Using all available rosidl_typesupport_c: rosidl_typesupport_fastrtps_c;rosidl_typesupport_introspection_c
[0.680s] -- Using all available rosidl_typesupport_cpp: rosidl_typesupport_fastrtps_cpp;rosidl_typesupport_introspection_cpp
[0.761s] -- Found rmw_implementation_cmake: 6.1.1 (/opt/ros/humble/share/rmw_implementation_cmake/cmake)
[0.764s] -- Found rmw_fastrtps_cpp: 6.2.2 (/opt/ros/humble/share/rmw_fastrtps_cpp/cmake)
[0.863s] -- Found OpenSSL: /usr/lib/x86_64-linux-gnu/libcrypto.so (found version "3.0.2")  
[0.894s] -- Found FastRTPS: /opt/ros/humble/include  
[0.950s] -- Using RMW implementation 'rmw_fastrtps_cpp' as default
[0.960s] -- Looking for pthread.h
[1.035s] -- Looking for pthread.h - found
[1.035s] -- Performing Test CMAKE_HAVE_LIBC_PTHREAD
[1.108s] -- Performing Test CMAKE_HAVE_LIBC_PTHREAD - Success
[1.109s] -- Found Threads: TRUE  
[1.305s] -- Found sensor_msgs: 4.2.3 (/opt/ros/humble/share/sensor_msgs/cmake)
[1.465s] -- Found tf2_ros: 0.25.2 (/opt/ros/humble/share/tf2_ros/cmake)
[1.896s] -- Found pcl_ros: 2.4.0 (/opt/ros/humble/share/pcl_ros/cmake)
[2.241s] -- Found eigen3_cmake_module: 0.1.1 (/opt/ros/humble/share/eigen3_cmake_module/cmake)
[2.242s] -- Found Eigen3: TRUE (found version "3.4.0") 
[2.242s] -- Ensuring Eigen3 include directory is part of orocos-kdl CMake target
[2.280s] -- Checking for module 'eigen3'
[2.292s] --   Found eigen3, version 3.4.0
[2.320s] -- Found Eigen: /usr/include/eigen3 (Required is at least version "3.1") 
[2.320s] -- Eigen found (include: /usr/include/eigen3, version: 3.4.0)
[2.359s] -- Checking for module 'flann'
[2.371s] --   Found flann, version 1.9.1
[2.408s] -- Found FLANN: /usr/lib/x86_64-linux-gnu/libflann_cpp.so  
[2.408s] -- FLANN found (include: /usr/include, lib: /usr/lib/x86_64-linux-gnu/libflann_cpp.so)
[3.368s] -- Checking for module 'libusb-1.0'
[3.381s] --   Found libusb-1.0, version 1.0.25
[3.415s] -- Found libusb: /usr/lib/x86_64-linux-gnu/libusb-1.0.so  
[3.416s] -- OpenNI found (version: 1.5.4.0, include: /usr/include/ni, lib: /usr/lib/libOpenNI.so;libusb::libusb)
[3.470s] -- OpenNI2 found (version: 2.2.0.33, include: /usr/include/openni2, lib: /usr/lib/x86_64-linux-gnu/libOpenNI2.so;libusb::libusb)
[3.647s] -- Eigen found (include: /usr/include/eigen3, version: 3.4.0)
[3.654s] -- OpenNI found (version: 1.5.4.0, include: /usr/include/ni, lib: /usr/lib/libOpenNI.so;libusb::libusb)
[3.661s] -- OpenNI2 found (version: 2.2.0.33, include: /usr/include/openni2, lib: /usr/lib/x86_64-linux-gnu/libOpenNI2.so;libusb::libusb)
[3.837s] -- Found Qhull version 8.0.2
[4.012s] -- OpenNI found (version: 1.5.4.0, include: /usr/include/ni, lib: /usr/lib/libOpenNI.so;libusb::libusb)
[4.179s] -- Found PCL_COMMON: /usr/lib/x86_64-linux-gnu/libpcl_common.so  
[4.180s] -- Found PCL_KDTREE: /usr/lib/x86_64-linux-gnu/libpcl_kdtree.so  
[4.181s] -- Found PCL_OCTREE: /usr/lib/x86_64-linux-gnu/libpcl_octree.so  
[4.182s] -- Found PCL_SEARCH: /usr/lib/x86_64-linux-gnu/libpcl_search.so  
[4.183s] -- Found PCL_SAMPLE_CONSENSUS: /usr/lib/x86_64-linux-gnu/libpcl_sample_consensus.so  
[4.185s] -- Found PCL_FILTERS: /usr/lib/x86_64-linux-gnu/libpcl_filters.so  
[4.185s] -- Found PCL_2D: /usr/include/pcl-1.12  
[4.186s] -- Found PCL_GEOMETRY: /usr/include/pcl-1.12  
[4.187s] -- Found PCL_IO: /usr/lib/x86_64-linux-gnu/libpcl_io.so  
[4.188s] -- Found PCL_FEATURES: /usr/lib/x86_64-linux-gnu/libpcl_features.so  
[4.189s] -- Found PCL_ML: /usr/lib/x86_64-linux-gnu/libpcl_ml.so  
[4.190s] -- Found PCL_SEGMENTATION: /usr/lib/x86_64-linux-gnu/libpcl_segmentation.so  
[4.191s] -- Found PCL_VISUALIZATION: /usr/lib/x86_64-linux-gnu/libpcl_visualization.so  
[4.193s] -- Found PCL_SURFACE: /usr/lib/x86_64-linux-gnu/libpcl_surface.so  
[4.194s] -- Found PCL_REGISTRATION: /usr/lib/x86_64-linux-gnu/libpcl_registration.so  
[4.195s] -- Found PCL_KEYPOINTS: /usr/lib/x86_64-linux-gnu/libpcl_keypoints.so  
[4.196s] -- Found PCL_TRACKING: /usr/lib/x86_64-linux-gnu/libpcl_tracking.so  
[4.197s] -- Found PCL_RECOGNITION: /usr/lib/x86_64-linux-gnu/libpcl_recognition.so  
[4.199s] -- Found PCL_STEREO: /usr/lib/x86_64-linux-gnu/libpcl_stereo.so  
[4.200s] -- Found PCL_APPS: /usr/lib/x86_64-linux-gnu/libpcl_apps.so  
[4.201s] -- Found PCL_IN_HAND_SCANNER: /usr/include/pcl-1.12  
[4.201s] -- Found PCL_MODELER: /usr/include/pcl-1.12  
[4.202s] -- Found PCL_POINT_CLOUD_EDITOR: /usr/include/pcl-1.12  
[4.203s] -- Found PCL_OUTOFCORE: /usr/lib/x86_64-linux-gnu/libpcl_outofcore.so  
[4.204s] -- Found PCL_PEOPLE: /usr/lib/x86_64-linux-gnu/libpcl_people.so  
[4.218s] -- Found tf2_eigen: 0.25.2 (/opt/ros/humble/share/tf2_eigen/cmake)
[4.223s] [33mCMake Warning (dev) at CMakeLists.txt:27 (find_package):
[4.223s]   Policy CMP0074 is not set: find_package uses <PackageName>_ROOT variables.
[4.223s]   Run "cmake --help-policy CMP0074" for policy details.  Use the cmake_policy
[4.223s]   command to set the policy and suppress this warning.
[4.223s] 
[4.223s]   CMake variable PCL_ROOT is set to:
[4.223s] 
[4.223s]     /usr
[4.223s] 
[4.223s]   For compatibility, CMake is ignoring the variable.
[4.223s] This warning is for project developers.  Use -Wno-dev to suppress it.
[4.224s] [0m
[4.306s] -- Found ament_lint_auto: 0.12.6 (/opt/ros/humble/share/ament_lint_auto/cmake)
[4.377s] -- Configuring done
[4.454s] -- Generating done
[4.457s] -- Build files have been written to: /home/ubuntu/perception_ws/build/lesson_perception
[4.479s] Invoked command in '/home/ubuntu/perception_ws/build/lesson_perception' returned '0': CMAKE_PREFIX_PATH=/opt/ros/humble /usr/bin/cmake /home/ubuntu/perception_ws/src/lesson_perception -DCMAKE_INSTALL_PREFIX=/home/ubuntu/perception_ws/install/lesson_perception
[4.482s] Invoking command in '/home/ubuntu/perception_ws/build/lesson_perception': CMAKE_PREFIX_PATH=/opt/ros/humble /usr/bin/cmake --build /home/ubuntu/perception_ws/build/lesson_perception -- -j4 -l4
[4.534s] [ 25%] [32mBuilding CXX object CMakeFiles/pcd_to_pointcloud.dir/src/pcd_to_pointcloud.cpp.o[0m
[4.534s] [ 50%] [32mBuilding CXX object CMakeFiles/perception_node.dir/src/perception_node.cpp.o[0m
[13.014s] [ 75%] [32m[1mLinking CXX executable pcd_to_pointcloud[0m
[13.584s] [ 75%] Built target pcd_to_pointcloud
[21.581s] [100%] [32m[1mLinking CXX executable perception_node[0m
[22.455s] [100%] Built target perception_node
[22.465s] Invoked command in '/home/ubuntu/perception_ws/build/lesson_perception' returned '0': CMAKE_PREFIX_PATH=/opt/ros/humble /usr/bin/cmake --build /home/ubuntu/perception_ws/build/lesson_perception -- -j4 -l4
[22.502s] Invoking command in '/home/ubuntu/perception_ws/build/lesson_perception': CMAKE_PREFIX_PATH=/opt/ros/humble /usr/bin/cmake --install /home/ubuntu/perception_ws/build/lesson_perception
[22.509s] -- Install configuration: ""
[22.509s] -- Installing: /home/ubuntu/perception_ws/install/lesson_perception/lib/lesson_perception/perception_node
[22.514s] -- Set runtime path of "/home/ubuntu/perception_ws/install/lesson_perception/lib/lesson_perception/perception_node" to ""
[22.514s] -- Installing: /home/ubuntu/perception_ws/install/lesson_perception/lib/lesson_perception/pcd_to_pointcloud
[22.516s] -- Set runtime path of "/home/ubuntu/perception_ws/install/lesson_perception/lib/lesson_perception/pcd_to_pointcloud" to ""
[22.516s] -- Installing: /home/ubuntu/perception_ws/install/lesson_perception/share/lesson_perception/launch
[22.516s] -- Installing: /home/ubuntu/perception_ws/install/lesson_perception/share/lesson_perception/launch/processing_node.launch.py
[22.516s] -- Installing: /home/ubuntu/perception_ws/install/lesson_perception/share/ament_index/resource_index/package_run_dependencies/lesson_perception
[22.516s] -- Installing: /home/ubuntu/perception_ws/install/lesson_perception/share/ament_index/resource_index/parent_prefix_path/lesson_perception
[22.517s] -- Installing: /home/ubuntu/perception_ws/install/lesson_perception/share/lesson_perception/environment/ament_prefix_path.sh
[22.517s] -- Installing: /home/ubuntu/perception_ws/install/lesson_perception/share/lesson_perception/environment/ament_prefix_path.dsv
[22.517s] -- Installing: /home/ubuntu/perception_ws/install/lesson_perception/share/lesson_perception/environment/path.sh
[22.517s] -- Installing: /home/ubuntu/perception_ws/install/lesson_perception/share/lesson_perception/environment/path.dsv
[22.517s] -- Installing: /home/ubuntu/perception_ws/install/lesson_perception/share/lesson_perception/local_setup.bash
[22.518s] -- Installing: /home/ubuntu/perception_ws/install/lesson_perception/share/lesson_perception/local_setup.sh
[22.518s] -- Installing: /home/ubuntu/perception_ws/install/lesson_perception/share/lesson_perception/local_setup.zsh
[22.518s] -- Installing: /home/ubuntu/perception_ws/install/lesson_perception/share/lesson_perception/local_setup.dsv
[22.518s] -- Installing: /home/ubuntu/perception_ws/install/lesson_perception/share/lesson_perception/package.dsv
[22.518s] -- Installing: /home/ubuntu/perception_ws/install/lesson_perception/share/ament_index/resource_index/packages/lesson_perception
[22.519s] -- Installing: /home/ubuntu/perception_ws/install/lesson_perception/share/lesson_perception/cmake/lesson_perceptionConfig.cmake
[22.519s] -- Installing: /home/ubuntu/perception_ws/install/lesson_perception/share/lesson_perception/cmake/lesson_perceptionConfig-version.cmake
[22.519s] -- Installing: /home/ubuntu/perception_ws/install/lesson_perception/share/lesson_perception/package.xml
[22.521s] Invoked command in '/home/ubuntu/perception_ws/build/lesson_perception' returned '0': CMAKE_PREFIX_PATH=/opt/ros/humble /usr/bin/cmake --install /home/ubuntu/perception_ws/build/lesson_perception
