[ 33%] Built target ifopt_core
[ 58%] Built target ifopt_core-test
[ 83%] Built target ifopt_ipopt
[100%] Built target ifopt_ipopt-example
-- Install configuration: ""
-- Up-to-date: /home/ubuntu/tesseract_ws/install/ifopt/share/ifopt/cmake/ifopt-config.cmake
-- Up-to-date: /home/ubuntu/tesseract_ws/install/ifopt/share/ifopt/cmake/ifopt-config-version.cmake
-- Up-to-date: /home/ubuntu/tesseract_ws/install/ifopt/share/ifopt/package.xml
-- Up-to-date: /home/ubuntu/tesseract_ws/install/ifopt/lib/libifopt_core.so
-- Up-to-date: /home/ubuntu/tesseract_ws/install/ifopt/include/ifopt
-- Up-to-date: /home/ubuntu/tesseract_ws/install/ifopt/include/ifopt/variable_set.h
-- Up-to-date: /home/ubuntu/tesseract_ws/install/ifopt/include/ifopt/bounds.h
-- Up-to-date: /home/ubuntu/tesseract_ws/install/ifopt/include/ifopt/cost_term.h
-- Up-to-date: /home/ubuntu/tesseract_ws/install/ifopt/include/ifopt/composite.h
-- Up-to-date: /home/ubuntu/tesseract_ws/install/ifopt/include/ifopt/problem.h
-- Up-to-date: /home/ubuntu/tesseract_ws/install/ifopt/include/ifopt/solver.h
-- Up-to-date: /home/ubuntu/tesseract_ws/install/ifopt/include/ifopt/constraint_set.h
-- Up-to-date: /home/ubuntu/tesseract_ws/install/ifopt/include/ifopt/test_vars_constr_cost.h
-- Up-to-date: /home/ubuntu/tesseract_ws/install/ifopt/share/ifopt/cmake/ifopt_core-targets.cmake
-- Up-to-date: /home/ubuntu/tesseract_ws/install/ifopt/share/ifopt/cmake/ifopt_core-targets-noconfig.cmake
-- Up-to-date: /home/ubuntu/tesseract_ws/install/ifopt/lib/ifopt/ifopt_core-test
-- Up-to-date: /home/ubuntu/tesseract_ws/install/ifopt/lib/libifopt_ipopt.so
-- Up-to-date: /home/ubuntu/tesseract_ws/install/ifopt/lib/ifopt/ifopt_ipopt-example
-- Up-to-date: /home/ubuntu/tesseract_ws/install/ifopt/include/ifopt
-- Up-to-date: /home/ubuntu/tesseract_ws/install/ifopt/include/ifopt/ipopt_adapter.h
-- Up-to-date: /home/ubuntu/tesseract_ws/install/ifopt/include/ifopt/ipopt_solver.h
-- Up-to-date: /home/ubuntu/tesseract_ws/install/ifopt/share/ifopt/cmake/ifopt_ipopt-targets.cmake
-- Up-to-date: /home/ubuntu/tesseract_ws/install/ifopt/share/ifopt/cmake/ifopt_ipopt-targets-noconfig.cmake
