[0.040s] Invoking command in '/home/ubuntu/tesseract_ws/build/ifopt': CMAKE_PREFIX_PATH=${CMAKE_PREFIX_PATH}:/home/ubuntu/tesseract_ws/install/industrial_reconstruction:/opt/ros/humble /usr/bin/cmake --build /home/ubuntu/tesseract_ws/build/ifopt -- -j4 -l4
[0.247s] [ 33%] Built target ifopt_core
[0.356s] [ 58%] Built target ifopt_core-test
[0.429s] [ 83%] Built target ifopt_ipopt
[0.530s] [100%] Built target ifopt_ipopt-example
[0.619s] Invoked command in '/home/ubuntu/tesseract_ws/build/ifopt' returned '0': CMAKE_PREFIX_PATH=${CMAKE_PREFIX_PATH}:/home/ubuntu/tesseract_ws/install/industrial_reconstruction:/opt/ros/humble /usr/bin/cmake --build /home/ubuntu/tesseract_ws/build/ifopt -- -j4 -l4
[0.838s] Invoking command in '/home/ubuntu/tesseract_ws/build/ifopt': CMAKE_PREFIX_PATH=${CMAKE_PREFIX_PATH}:/home/ubuntu/tesseract_ws/install/industrial_reconstruction:/opt/ros/humble /usr/bin/cmake --install /home/ubuntu/tesseract_ws/build/ifopt
[0.859s] -- Install configuration: ""
[0.859s] -- Up-to-date: /home/ubuntu/tesseract_ws/install/ifopt/share/ifopt/cmake/ifopt-config.cmake
[0.860s] -- Up-to-date: /home/ubuntu/tesseract_ws/install/ifopt/share/ifopt/cmake/ifopt-config-version.cmake
[0.860s] -- Up-to-date: /home/ubuntu/tesseract_ws/install/ifopt/share/ifopt/package.xml
[0.860s] -- Up-to-date: /home/ubuntu/tesseract_ws/install/ifopt/lib/libifopt_core.so
[0.860s] -- Up-to-date: /home/ubuntu/tesseract_ws/install/ifopt/include/ifopt
[0.861s] -- Up-to-date: /home/ubuntu/tesseract_ws/install/ifopt/include/ifopt/variable_set.h
[0.861s] -- Up-to-date: /home/ubuntu/tesseract_ws/install/ifopt/include/ifopt/bounds.h
[0.861s] -- Up-to-date: /home/ubuntu/tesseract_ws/install/ifopt/include/ifopt/cost_term.h
[0.861s] -- Up-to-date: /home/ubuntu/tesseract_ws/install/ifopt/include/ifopt/composite.h
[0.862s] -- Up-to-date: /home/ubuntu/tesseract_ws/install/ifopt/include/ifopt/problem.h
[0.862s] -- Up-to-date: /home/ubuntu/tesseract_ws/install/ifopt/include/ifopt/solver.h
[0.862s] -- Up-to-date: /home/ubuntu/tesseract_ws/install/ifopt/include/ifopt/constraint_set.h
[0.862s] -- Up-to-date: /home/ubuntu/tesseract_ws/install/ifopt/include/ifopt/test_vars_constr_cost.h
[0.863s] -- Up-to-date: /home/ubuntu/tesseract_ws/install/ifopt/share/ifopt/cmake/ifopt_core-targets.cmake
[0.863s] -- Up-to-date: /home/ubuntu/tesseract_ws/install/ifopt/share/ifopt/cmake/ifopt_core-targets-noconfig.cmake
[0.864s] -- Up-to-date: /home/ubuntu/tesseract_ws/install/ifopt/lib/ifopt/ifopt_core-test
[0.865s] -- Up-to-date: /home/ubuntu/tesseract_ws/install/ifopt/lib/libifopt_ipopt.so
[0.866s] -- Up-to-date: /home/ubuntu/tesseract_ws/install/ifopt/lib/ifopt/ifopt_ipopt-example
[0.867s] -- Up-to-date: /home/ubuntu/tesseract_ws/install/ifopt/include/ifopt
[0.867s] -- Up-to-date: /home/ubuntu/tesseract_ws/install/ifopt/include/ifopt/ipopt_adapter.h
[0.867s] -- Up-to-date: /home/ubuntu/tesseract_ws/install/ifopt/include/ifopt/ipopt_solver.h
[0.868s] -- Up-to-date: /home/ubuntu/tesseract_ws/install/ifopt/share/ifopt/cmake/ifopt_ipopt-targets.cmake
[0.868s] -- Up-to-date: /home/ubuntu/tesseract_ws/install/ifopt/share/ifopt/cmake/ifopt_ipopt-targets-noconfig.cmake
[0.871s] Invoked command in '/home/ubuntu/tesseract_ws/build/ifopt' returned '0': CMAKE_PREFIX_PATH=${CMAKE_PREFIX_PATH}:/home/ubuntu/tesseract_ws/install/industrial_reconstruction:/opt/ros/humble /usr/bin/cmake --install /home/ubuntu/tesseract_ws/build/ifopt
