[0.032s] Invoking command in '/home/ubuntu/tesseract_ws/build/snp_msgs': CMAKE_PREFIX_PATH=${CMAKE_PREFIX_PATH}:/home/ubuntu/tesseract_ws/install/industrial_reconstruction:/opt/ros/humble /usr/bin/cmake /home/ubuntu/tesseract_ws/src/snp_msgs -DTESSERACT_BUILD_FCL=OFF -DAMENT_CMAKE_SYMLINK_INSTALL=1 -DCMAKE_INSTALL_PREFIX=/home/ubuntu/tesseract_ws/install/snp_msgs
[0.205s] -- The C compiler identification is GNU 11.3.0
[0.419s] -- The CXX compiler identification is GNU 11.3.0
[0.442s] -- Detecting C compiler ABI info
[0.627s] -- Detecting C compiler ABI info - done
[0.654s] -- Check for working C compiler: /usr/bin/cc - skipped
[0.654s] -- Detecting C compile features
[0.655s] -- Detecting C compile features - done
[0.661s] -- Detecting CXX compiler ABI info
[0.930s] -- Detecting CXX compiler ABI info - done
[0.946s] -- Check for working CXX compiler: /usr/bin/c++ - skipped
[0.947s] -- Detecting CXX compile features
[0.949s] -- Detecting CXX compile features - done
[0.961s] -- Found ament_cmake: 1.3.5 (/opt/ros/humble/share/ament_cmake/cmake)
[1.377s] -- Found Python3: /usr/bin/python3.10 (found version "3.10.6") found components: Interpreter 
[1.497s] -- Override CMake install command with custom implementation using symlinks instead of copying resources
[1.685s] -- Found geometry_msgs: 4.2.3 (/opt/ros/humble/share/geometry_msgs/cmake)
[1.849s] -- Found rosidl_generator_c: 3.1.4 (/opt/ros/humble/share/rosidl_generator_c/cmake)
[1.877s] -- Found rosidl_adapter: 3.1.4 (/opt/ros/humble/share/rosidl_adapter/cmake)
[1.925s] -- Found rosidl_generator_cpp: 3.1.4 (/opt/ros/humble/share/rosidl_generator_cpp/cmake)
[1.976s] -- Using all available rosidl_typesupport_c: rosidl_typesupport_fastrtps_c;rosidl_typesupport_introspection_c
[2.061s] -- Using all available rosidl_typesupport_cpp: rosidl_typesupport_fastrtps_cpp;rosidl_typesupport_introspection_cpp
[2.408s] -- Found rosidl_default_generators: 1.2.0 (/opt/ros/humble/share/rosidl_default_generators/cmake)
[2.459s] -- Found trajectory_msgs: 4.2.3 (/opt/ros/humble/share/trajectory_msgs/cmake)
[3.287s] -- Found ament_cmake_ros: 0.10.0 (/opt/ros/humble/share/ament_cmake_ros/cmake)
[4.209s] -- Using all available rosidl_typesupport_c: rosidl_typesupport_fastrtps_c;rosidl_typesupport_introspection_c
[4.567s] -- Using all available rosidl_typesupport_cpp: rosidl_typesupport_fastrtps_cpp;rosidl_typesupport_introspection_cpp
[4.612s] -- Found PythonInterp: /usr/bin/python3 (found suitable version "3.10.6", minimum required is "3.6") 
[4.624s] -- Found python_cmake_module: 0.10.0 (/opt/ros/humble/share/python_cmake_module/cmake)
[4.683s] -- Found PythonLibs: /usr/lib/x86_64-linux-gnu/libpython3.10.so (found suitable version "3.10.6", minimum required is "3.5") 
[4.683s] -- Using PYTHON_EXECUTABLE: /usr/bin/python3
[4.683s] -- Using PYTHON_INCLUDE_DIRS: /usr/include/python3.10
[4.683s] -- Using PYTHON_LIBRARIES: /usr/lib/x86_64-linux-gnu/libpython3.10.so
[4.725s] -- Found PythonExtra: .so  
[4.942s] -- Found ament_lint_auto: 0.12.6 (/opt/ros/humble/share/ament_lint_auto/cmake)
[4.958s] -- Configuring done
[5.035s] -- Generating done
[5.039s] [33mCMake Warning:
[5.039s]   Manually-specified variables were not used by the project:
[5.039s] 
[5.039s]     TESSERACT_BUILD_FCL
[5.039s] 
[5.039s] [0m
[5.039s] -- Build files have been written to: /home/ubuntu/tesseract_ws/build/snp_msgs
[5.062s] Invoked command in '/home/ubuntu/tesseract_ws/build/snp_msgs' returned '0': CMAKE_PREFIX_PATH=${CMAKE_PREFIX_PATH}:/home/ubuntu/tesseract_ws/install/industrial_reconstruction:/opt/ros/humble /usr/bin/cmake /home/ubuntu/tesseract_ws/src/snp_msgs -DTESSERACT_BUILD_FCL=OFF -DAMENT_CMAKE_SYMLINK_INSTALL=1 -DCMAKE_INSTALL_PREFIX=/home/ubuntu/tesseract_ws/install/snp_msgs
[5.062s] Invoking command in '/home/ubuntu/tesseract_ws/build/snp_msgs': CMAKE_PREFIX_PATH=${CMAKE_PREFIX_PATH}:/home/ubuntu/tesseract_ws/install/industrial_reconstruction:/opt/ros/humble /usr/bin/cmake --build /home/ubuntu/tesseract_ws/build/snp_msgs -- -j4 -l4
[5.198s] [  1%] [34m[1mGenerating C code for ROS interfaces[0m
[5.248s] [  3%] Built target ament_cmake_python_symlink_snp_msgs
[5.248s] [  3%] [34m[1mGenerating C++ code for ROS interfaces[0m
[5.874s] running egg_info
[5.875s] creating snp_msgs.egg-info
[5.875s] writing snp_msgs.egg-info/PKG-INFO
[5.875s] writing dependency_links to snp_msgs.egg-info/dependency_links.txt
[5.876s] writing top-level names to snp_msgs.egg-info/top_level.txt
[5.876s] writing manifest file 'snp_msgs.egg-info/SOURCES.txt'
[5.879s] reading manifest file 'snp_msgs.egg-info/SOURCES.txt'
[5.881s] writing manifest file 'snp_msgs.egg-info/SOURCES.txt'
[5.964s] [  3%] Built target ament_cmake_python_build_snp_msgs_egg
[7.170s] [  3%] Built target snp_msgs__cpp
[7.211s] [  4%] [34m[1mGenerating C++ type support dispatch for ROS interfaces[0m
[7.227s] [  6%] [32mBuilding C object CMakeFiles/snp_msgs__rosidl_generator_c.dir/rosidl_generator_c/snp_msgs/msg/detail/tool_path__functions.c.o[0m
[7.234s] [  7%] [34m[1mGenerating C++ type support for eProsima Fast-RTPS[0m
[7.258s] [  9%] [34m[1mGenerating C++ introspection for ROS interfaces[0m
[7.366s] [ 11%] [32mBuilding C object CMakeFiles/snp_msgs__rosidl_generator_c.dir/rosidl_generator_c/snp_msgs/msg/detail/tool_paths__functions.c.o[0m
[7.545s] [ 12%] [32mBuilding C object CMakeFiles/snp_msgs__rosidl_generator_c.dir/rosidl_generator_c/snp_msgs/srv/detail/execute_motion_plan__functions.c.o[0m
[7.724s] [ 14%] [32mBuilding C object CMakeFiles/snp_msgs__rosidl_generator_c.dir/rosidl_generator_c/snp_msgs/srv/detail/generate_motion_plan__functions.c.o[0m
[7.915s] [ 15%] [32mBuilding C object CMakeFiles/snp_msgs__rosidl_generator_c.dir/rosidl_generator_c/snp_msgs/srv/detail/generate_tool_paths__functions.c.o[0m
[8.211s] [ 17%] [32m[1mLinking C shared library libsnp_msgs__rosidl_generator_c.so[0m
[8.391s] [ 17%] Built target snp_msgs__rosidl_generator_c
[8.489s] [ 19%] [34m[1mGenerating C type support for eProsima Fast-RTPS[0m
[9.201s] [ 20%] [32mBuilding CXX object CMakeFiles/snp_msgs__rosidl_typesupport_cpp.dir/rosidl_typesupport_cpp/snp_msgs/msg/tool_path__type_support.cpp.o[0m
[9.773s] [ 22%] [32mBuilding CXX object CMakeFiles/snp_msgs__rosidl_typesupport_fastrtps_cpp.dir/rosidl_typesupport_fastrtps_cpp/snp_msgs/msg/detail/dds_fastrtps/tool_path__type_support.cpp.o[0m
[9.773s] [ 23%] [32mBuilding CXX object CMakeFiles/snp_msgs__rosidl_typesupport_introspection_cpp.dir/rosidl_typesupport_introspection_cpp/snp_msgs/msg/detail/tool_path__type_support.cpp.o[0m
[10.019s] [ 25%] [32mBuilding CXX object CMakeFiles/snp_msgs__rosidl_typesupport_cpp.dir/rosidl_typesupport_cpp/snp_msgs/msg/tool_paths__type_support.cpp.o[0m
[10.724s] [ 26%] [32mBuilding CXX object CMakeFiles/snp_msgs__rosidl_typesupport_cpp.dir/rosidl_typesupport_cpp/snp_msgs/srv/execute_motion_plan__type_support.cpp.o[0m
[10.791s] [ 28%] [32mBuilding CXX object CMakeFiles/snp_msgs__rosidl_typesupport_fastrtps_cpp.dir/rosidl_typesupport_fastrtps_cpp/snp_msgs/msg/detail/dds_fastrtps/tool_paths__type_support.cpp.o[0m
[11.084s] [ 30%] [32mBuilding CXX object CMakeFiles/snp_msgs__rosidl_typesupport_introspection_cpp.dir/rosidl_typesupport_introspection_cpp/snp_msgs/msg/detail/tool_paths__type_support.cpp.o[0m
[11.303s] [ 31%] [32mBuilding CXX object CMakeFiles/snp_msgs__rosidl_typesupport_fastrtps_c.dir/rosidl_typesupport_fastrtps_c/snp_msgs/msg/detail/tool_path__type_support_c.cpp.o[0m
[11.874s] [ 33%] [32mBuilding CXX object CMakeFiles/snp_msgs__rosidl_typesupport_cpp.dir/rosidl_typesupport_cpp/snp_msgs/srv/generate_motion_plan__type_support.cpp.o[0m
[12.334s] [ 34%] [32mBuilding CXX object CMakeFiles/snp_msgs__rosidl_typesupport_fastrtps_c.dir/rosidl_typesupport_fastrtps_c/snp_msgs/msg/detail/tool_paths__type_support_c.cpp.o[0m
[12.377s] [ 36%] [32mBuilding CXX object CMakeFiles/snp_msgs__rosidl_typesupport_fastrtps_cpp.dir/rosidl_typesupport_fastrtps_cpp/snp_msgs/srv/detail/dds_fastrtps/execute_motion_plan__type_support.cpp.o[0m
[12.539s] [ 38%] [32mBuilding CXX object CMakeFiles/snp_msgs__rosidl_typesupport_introspection_cpp.dir/rosidl_typesupport_introspection_cpp/snp_msgs/srv/detail/execute_motion_plan__type_support.cpp.o[0m
[12.542s] [ 39%] [32mBuilding CXX object CMakeFiles/snp_msgs__rosidl_typesupport_cpp.dir/rosidl_typesupport_cpp/snp_msgs/srv/generate_tool_paths__type_support.cpp.o[0m
[13.155s] [ 41%] [32mBuilding CXX object CMakeFiles/snp_msgs__rosidl_typesupport_fastrtps_c.dir/rosidl_typesupport_fastrtps_c/snp_msgs/srv/detail/execute_motion_plan__type_support_c.cpp.o[0m
[13.192s] [ 42%] [32m[1mLinking CXX shared library libsnp_msgs__rosidl_typesupport_cpp.so[0m
[13.408s] [ 42%] Built target snp_msgs__rosidl_typesupport_cpp
[13.412s] [ 44%] [32mBuilding CXX object CMakeFiles/snp_msgs__rosidl_typesupport_fastrtps_cpp.dir/rosidl_typesupport_fastrtps_cpp/snp_msgs/srv/detail/dds_fastrtps/generate_motion_plan__type_support.cpp.o[0m
[13.459s] [ 46%] [32mBuilding CXX object CMakeFiles/snp_msgs__rosidl_typesupport_introspection_cpp.dir/rosidl_typesupport_introspection_cpp/snp_msgs/srv/detail/generate_motion_plan__type_support.cpp.o[0m
[13.463s] [ 47%] [32mBuilding CXX object CMakeFiles/snp_msgs__rosidl_typesupport_fastrtps_cpp.dir/rosidl_typesupport_fastrtps_cpp/snp_msgs/srv/detail/dds_fastrtps/generate_tool_paths__type_support.cpp.o[0m
[14.094s] [ 49%] [32mBuilding CXX object CMakeFiles/snp_msgs__rosidl_typesupport_fastrtps_c.dir/rosidl_typesupport_fastrtps_c/snp_msgs/srv/detail/generate_motion_plan__type_support_c.cpp.o[0m
[14.464s] [ 50%] [32mBuilding CXX object CMakeFiles/snp_msgs__rosidl_typesupport_fastrtps_c.dir/rosidl_typesupport_fastrtps_c/snp_msgs/srv/detail/generate_tool_paths__type_support_c.cpp.o[0m
[14.487s] [ 52%] [32mBuilding CXX object CMakeFiles/snp_msgs__rosidl_typesupport_introspection_cpp.dir/rosidl_typesupport_introspection_cpp/snp_msgs/srv/detail/generate_tool_paths__type_support.cpp.o[0m
[14.525s] [ 53%] [32m[1mLinking CXX shared library libsnp_msgs__rosidl_typesupport_fastrtps_cpp.so[0m
[14.772s] [ 53%] Built target snp_msgs__rosidl_typesupport_fastrtps_cpp
[14.827s] [ 55%] [34m[1mGenerating C introspection for ROS interfaces[0m
[14.945s] [ 57%] [34m[1mGenerating C type support dispatch for ROS interfaces[0m
[15.385s] [ 58%] [32m[1mLinking CXX shared library libsnp_msgs__rosidl_typesupport_fastrtps_c.so[0m
[15.544s] [ 60%] [32m[1mLinking CXX shared library libsnp_msgs__rosidl_typesupport_introspection_cpp.so[0m
[15.620s] [ 60%] Built target snp_msgs__rosidl_typesupport_fastrtps_c
[15.814s] [ 60%] Built target snp_msgs__rosidl_typesupport_introspection_cpp
[16.284s] [ 61%] [32mBuilding CXX object CMakeFiles/snp_msgs__rosidl_typesupport_c.dir/rosidl_typesupport_c/snp_msgs/msg/tool_paths__type_support.cpp.o[0m
[16.293s] [ 63%] [32mBuilding CXX object CMakeFiles/snp_msgs__rosidl_typesupport_c.dir/rosidl_typesupport_c/snp_msgs/msg/tool_path__type_support.cpp.o[0m
[16.309s] [ 65%] [32mBuilding CXX object CMakeFiles/snp_msgs__rosidl_typesupport_c.dir/rosidl_typesupport_c/snp_msgs/srv/execute_motion_plan__type_support.cpp.o[0m
[16.400s] [ 66%] [32mBuilding CXX object CMakeFiles/snp_msgs__rosidl_typesupport_c.dir/rosidl_typesupport_c/snp_msgs/srv/generate_tool_paths__type_support.cpp.o[0m
[16.410s] [ 68%] [32mBuilding CXX object CMakeFiles/snp_msgs__rosidl_typesupport_c.dir/rosidl_typesupport_c/snp_msgs/srv/generate_motion_plan__type_support.cpp.o[0m
[16.519s] [ 69%] [32m[1mLinking CXX shared library libsnp_msgs__rosidl_typesupport_c.so[0m
[16.585s] [ 71%] [32mBuilding C object CMakeFiles/snp_msgs__rosidl_typesupport_introspection_c.dir/rosidl_typesupport_introspection_c/snp_msgs/msg/detail/tool_path__type_support.c.o[0m
[16.603s] [ 73%] [32mBuilding C object CMakeFiles/snp_msgs__rosidl_typesupport_introspection_c.dir/rosidl_typesupport_introspection_c/snp_msgs/msg/detail/tool_paths__type_support.c.o[0m
[16.609s] [ 74%] [32mBuilding C object CMakeFiles/snp_msgs__rosidl_typesupport_introspection_c.dir/rosidl_typesupport_introspection_c/snp_msgs/srv/detail/execute_motion_plan__type_support.c.o[0m
[16.627s] [ 74%] Built target snp_msgs__rosidl_typesupport_c
[16.672s] [ 76%] [32mBuilding C object CMakeFiles/snp_msgs__rosidl_typesupport_introspection_c.dir/rosidl_typesupport_introspection_c/snp_msgs/srv/detail/generate_motion_plan__type_support.c.o[0m
[16.730s] [ 77%] [32mBuilding C object CMakeFiles/snp_msgs__rosidl_typesupport_introspection_c.dir/rosidl_typesupport_introspection_c/snp_msgs/srv/detail/generate_tool_paths__type_support.c.o[0m
[16.817s] [ 79%] [32m[1mLinking C shared library libsnp_msgs__rosidl_typesupport_introspection_c.so[0m
[16.898s] [ 79%] Built target snp_msgs__rosidl_typesupport_introspection_c
[16.961s] [ 79%] Built target snp_msgs
[17.025s] [ 80%] [34m[1mGenerating Python code for ROS interfaces[0m
[19.979s] [ 80%] Built target snp_msgs__py
[20.048s] [ 82%] [32mBuilding C object CMakeFiles/snp_msgs__rosidl_generator_py.dir/rosidl_generator_py/snp_msgs/msg/_tool_path_s.c.o[0m
[20.049s] [ 84%] [32mBuilding C object CMakeFiles/snp_msgs__rosidl_generator_py.dir/rosidl_generator_py/snp_msgs/srv/_execute_motion_plan_s.c.o[0m
[20.061s] [ 85%] [32mBuilding C object CMakeFiles/snp_msgs__rosidl_generator_py.dir/rosidl_generator_py/snp_msgs/msg/_tool_paths_s.c.o[0m
[20.071s] [ 87%] [32mBuilding C object CMakeFiles/snp_msgs__rosidl_generator_py.dir/rosidl_generator_py/snp_msgs/srv/_generate_motion_plan_s.c.o[0m
[20.309s] [ 88%] [32mBuilding C object CMakeFiles/snp_msgs__rosidl_generator_py.dir/rosidl_generator_py/snp_msgs/srv/_generate_tool_paths_s.c.o[0m
[20.548s] [ 90%] [32m[1mLinking C shared library rosidl_generator_py/snp_msgs/libsnp_msgs__rosidl_generator_py.so[0m
[20.653s] [ 90%] Built target snp_msgs__rosidl_generator_py
[20.725s] [ 92%] [32mBuilding C object CMakeFiles/snp_msgs__rosidl_typesupport_fastrtps_c__pyext.dir/rosidl_generator_py/snp_msgs/_snp_msgs_s.ep.rosidl_typesupport_fastrtps_c.c.o[0m
[20.747s] [ 93%] [32mBuilding C object CMakeFiles/snp_msgs__rosidl_typesupport_introspection_c__pyext.dir/rosidl_generator_py/snp_msgs/_snp_msgs_s.ep.rosidl_typesupport_introspection_c.c.o[0m
[20.781s] [ 95%] [32mBuilding C object CMakeFiles/snp_msgs__rosidl_typesupport_c__pyext.dir/rosidl_generator_py/snp_msgs/_snp_msgs_s.ep.rosidl_typesupport_c.c.o[0m
[21.016s] [ 96%] [32m[1mLinking C shared library rosidl_generator_py/snp_msgs/snp_msgs_s__rosidl_typesupport_fastrtps_c.cpython-310-x86_64-linux-gnu.so[0m
[21.029s] [ 98%] [32m[1mLinking C shared library rosidl_generator_py/snp_msgs/snp_msgs_s__rosidl_typesupport_introspection_c.cpython-310-x86_64-linux-gnu.so[0m
[21.091s] [100%] [32m[1mLinking C shared library rosidl_generator_py/snp_msgs/snp_msgs_s__rosidl_typesupport_c.cpython-310-x86_64-linux-gnu.so[0m
[21.130s] [100%] Built target snp_msgs__rosidl_typesupport_fastrtps_c__pyext
[21.156s] [100%] Built target snp_msgs__rosidl_typesupport_introspection_c__pyext
[21.226s] [100%] Built target snp_msgs__rosidl_typesupport_c__pyext
[21.254s] Invoked command in '/home/ubuntu/tesseract_ws/build/snp_msgs' returned '0': CMAKE_PREFIX_PATH=${CMAKE_PREFIX_PATH}:/home/ubuntu/tesseract_ws/install/industrial_reconstruction:/opt/ros/humble /usr/bin/cmake --build /home/ubuntu/tesseract_ws/build/snp_msgs -- -j4 -l4
[22.292s] Invoking command in '/home/ubuntu/tesseract_ws/build/snp_msgs': CMAKE_PREFIX_PATH=${CMAKE_PREFIX_PATH}:/home/ubuntu/tesseract_ws/install/industrial_reconstruction:/opt/ros/humble /usr/bin/cmake --install /home/ubuntu/tesseract_ws/build/snp_msgs
[22.313s] -- Install configuration: ""
[22.314s] -- Execute custom install script
[22.314s] -- Symlinking: /home/ubuntu/tesseract_ws/install/snp_msgs/share/ament_index/resource_index/rosidl_interfaces/snp_msgs
[22.336s] -- Symlinking: /home/ubuntu/tesseract_ws/install/snp_msgs/include/snp_msgs/snp_msgs/msg/detail/tool_path__functions.h
[22.357s] -- Symlinking: /home/ubuntu/tesseract_ws/install/snp_msgs/include/snp_msgs/snp_msgs/msg/detail/tool_path__struct.h
[22.378s] -- Symlinking: /home/ubuntu/tesseract_ws/install/snp_msgs/include/snp_msgs/snp_msgs/msg/detail/tool_path__type_support.h
[22.399s] -- Symlinking: /home/ubuntu/tesseract_ws/install/snp_msgs/include/snp_msgs/snp_msgs/msg/detail/tool_paths__functions.h
[22.422s] -- Symlinking: /home/ubuntu/tesseract_ws/install/snp_msgs/include/snp_msgs/snp_msgs/msg/detail/tool_paths__struct.h
[22.443s] -- Symlinking: /home/ubuntu/tesseract_ws/install/snp_msgs/include/snp_msgs/snp_msgs/msg/detail/tool_paths__type_support.h
[22.465s] -- Symlinking: /home/ubuntu/tesseract_ws/install/snp_msgs/include/snp_msgs/snp_msgs/msg/rosidl_generator_c__visibility_control.h
[22.488s] -- Symlinking: /home/ubuntu/tesseract_ws/install/snp_msgs/include/snp_msgs/snp_msgs/msg/tool_path.h
[22.509s] -- Symlinking: /home/ubuntu/tesseract_ws/install/snp_msgs/include/snp_msgs/snp_msgs/msg/tool_paths.h
[22.542s] -- Symlinking: /home/ubuntu/tesseract_ws/install/snp_msgs/include/snp_msgs/snp_msgs/srv/detail/execute_motion_plan__functions.h
[22.566s] -- Symlinking: /home/ubuntu/tesseract_ws/install/snp_msgs/include/snp_msgs/snp_msgs/srv/detail/execute_motion_plan__struct.h
[22.588s] -- Symlinking: /home/ubuntu/tesseract_ws/install/snp_msgs/include/snp_msgs/snp_msgs/srv/detail/execute_motion_plan__type_support.h
[22.611s] -- Symlinking: /home/ubuntu/tesseract_ws/install/snp_msgs/include/snp_msgs/snp_msgs/srv/detail/generate_motion_plan__functions.h
[22.638s] -- Symlinking: /home/ubuntu/tesseract_ws/install/snp_msgs/include/snp_msgs/snp_msgs/srv/detail/generate_motion_plan__struct.h
[22.660s] -- Symlinking: /home/ubuntu/tesseract_ws/install/snp_msgs/include/snp_msgs/snp_msgs/srv/detail/generate_motion_plan__type_support.h
[22.684s] -- Symlinking: /home/ubuntu/tesseract_ws/install/snp_msgs/include/snp_msgs/snp_msgs/srv/detail/generate_tool_paths__functions.h
[22.702s] -- Symlinking: /home/ubuntu/tesseract_ws/install/snp_msgs/include/snp_msgs/snp_msgs/srv/detail/generate_tool_paths__struct.h
[22.730s] -- Symlinking: /home/ubuntu/tesseract_ws/install/snp_msgs/include/snp_msgs/snp_msgs/srv/detail/generate_tool_paths__type_support.h
[22.749s] -- Symlinking: /home/ubuntu/tesseract_ws/install/snp_msgs/include/snp_msgs/snp_msgs/srv/execute_motion_plan.h
[22.769s] -- Symlinking: /home/ubuntu/tesseract_ws/install/snp_msgs/include/snp_msgs/snp_msgs/srv/generate_motion_plan.h
[22.789s] -- Symlinking: /home/ubuntu/tesseract_ws/install/snp_msgs/include/snp_msgs/snp_msgs/srv/generate_tool_paths.h
[22.818s] -- Symlinking: /home/ubuntu/tesseract_ws/install/snp_msgs/share/snp_msgs/environment/library_path.sh
[22.857s] -- Symlinking: /home/ubuntu/tesseract_ws/install/snp_msgs/share/snp_msgs/environment/library_path.dsv
[22.883s] -- Symlinking: /home/ubuntu/tesseract_ws/install/snp_msgs/include/snp_msgs/snp_msgs/msg/detail/tool_path__rosidl_typesupport_fastrtps_c.h
[22.920s] -- Symlinking: /home/ubuntu/tesseract_ws/install/snp_msgs/include/snp_msgs/snp_msgs/msg/detail/tool_paths__rosidl_typesupport_fastrtps_c.h
[22.935s] -- Symlinking: /home/ubuntu/tesseract_ws/install/snp_msgs/include/snp_msgs/snp_msgs/msg/rosidl_typesupport_fastrtps_c__visibility_control.h
[22.953s] -- Symlinking: /home/ubuntu/tesseract_ws/install/snp_msgs/include/snp_msgs/snp_msgs/srv/detail/execute_motion_plan__rosidl_typesupport_fastrtps_c.h
[22.972s] -- Symlinking: /home/ubuntu/tesseract_ws/install/snp_msgs/include/snp_msgs/snp_msgs/srv/detail/generate_motion_plan__rosidl_typesupport_fastrtps_c.h
[22.993s] -- Symlinking: /home/ubuntu/tesseract_ws/install/snp_msgs/include/snp_msgs/snp_msgs/srv/detail/generate_tool_paths__rosidl_typesupport_fastrtps_c.h
[23.014s] -- Symlinking: /home/ubuntu/tesseract_ws/install/snp_msgs/include/snp_msgs/snp_msgs/msg/detail/tool_path__builder.hpp
[23.034s] -- Symlinking: /home/ubuntu/tesseract_ws/install/snp_msgs/include/snp_msgs/snp_msgs/msg/detail/tool_path__struct.hpp
[23.055s] -- Symlinking: /home/ubuntu/tesseract_ws/install/snp_msgs/include/snp_msgs/snp_msgs/msg/detail/tool_path__traits.hpp
[23.076s] -- Symlinking: /home/ubuntu/tesseract_ws/install/snp_msgs/include/snp_msgs/snp_msgs/msg/detail/tool_paths__builder.hpp
[23.097s] -- Symlinking: /home/ubuntu/tesseract_ws/install/snp_msgs/include/snp_msgs/snp_msgs/msg/detail/tool_paths__struct.hpp
[23.117s] -- Symlinking: /home/ubuntu/tesseract_ws/install/snp_msgs/include/snp_msgs/snp_msgs/msg/detail/tool_paths__traits.hpp
[23.140s] -- Symlinking: /home/ubuntu/tesseract_ws/install/snp_msgs/include/snp_msgs/snp_msgs/msg/tool_path.hpp
[23.165s] -- Symlinking: /home/ubuntu/tesseract_ws/install/snp_msgs/include/snp_msgs/snp_msgs/msg/tool_paths.hpp
[23.188s] -- Symlinking: /home/ubuntu/tesseract_ws/install/snp_msgs/include/snp_msgs/snp_msgs/srv/detail/execute_motion_plan__builder.hpp
[23.234s] -- Symlinking: /home/ubuntu/tesseract_ws/install/snp_msgs/include/snp_msgs/snp_msgs/srv/detail/execute_motion_plan__struct.hpp
[23.260s] -- Symlinking: /home/ubuntu/tesseract_ws/install/snp_msgs/include/snp_msgs/snp_msgs/srv/detail/execute_motion_plan__traits.hpp
[23.273s] -- Symlinking: /home/ubuntu/tesseract_ws/install/snp_msgs/include/snp_msgs/snp_msgs/srv/detail/generate_motion_plan__builder.hpp
[23.303s] -- Symlinking: /home/ubuntu/tesseract_ws/install/snp_msgs/include/snp_msgs/snp_msgs/srv/detail/generate_motion_plan__struct.hpp
[23.349s] -- Symlinking: /home/ubuntu/tesseract_ws/install/snp_msgs/include/snp_msgs/snp_msgs/srv/detail/generate_motion_plan__traits.hpp
[23.379s] -- Symlinking: /home/ubuntu/tesseract_ws/install/snp_msgs/include/snp_msgs/snp_msgs/srv/detail/generate_tool_paths__builder.hpp
[23.406s] -- Symlinking: /home/ubuntu/tesseract_ws/install/snp_msgs/include/snp_msgs/snp_msgs/srv/detail/generate_tool_paths__struct.hpp
[23.439s] -- Symlinking: /home/ubuntu/tesseract_ws/install/snp_msgs/include/snp_msgs/snp_msgs/srv/detail/generate_tool_paths__traits.hpp
[23.460s] -- Symlinking: /home/ubuntu/tesseract_ws/install/snp_msgs/include/snp_msgs/snp_msgs/srv/execute_motion_plan.hpp
[23.483s] -- Symlinking: /home/ubuntu/tesseract_ws/install/snp_msgs/include/snp_msgs/snp_msgs/srv/generate_motion_plan.hpp
[23.509s] -- Symlinking: /home/ubuntu/tesseract_ws/install/snp_msgs/include/snp_msgs/snp_msgs/srv/generate_tool_paths.hpp
[23.532s] -- Symlinking: /home/ubuntu/tesseract_ws/install/snp_msgs/include/snp_msgs/snp_msgs/msg/detail/tool_path__rosidl_typesupport_fastrtps_cpp.hpp
[23.559s] -- Symlinking: /home/ubuntu/tesseract_ws/install/snp_msgs/include/snp_msgs/snp_msgs/msg/detail/tool_paths__rosidl_typesupport_fastrtps_cpp.hpp
[23.588s] -- Symlinking: /home/ubuntu/tesseract_ws/install/snp_msgs/include/snp_msgs/snp_msgs/msg/rosidl_typesupport_fastrtps_cpp__visibility_control.h
[23.610s] -- Symlinking: /home/ubuntu/tesseract_ws/install/snp_msgs/include/snp_msgs/snp_msgs/srv/detail/execute_motion_plan__rosidl_typesupport_fastrtps_cpp.hpp
[23.632s] -- Symlinking: /home/ubuntu/tesseract_ws/install/snp_msgs/include/snp_msgs/snp_msgs/srv/detail/generate_motion_plan__rosidl_typesupport_fastrtps_cpp.hpp
[23.654s] -- Symlinking: /home/ubuntu/tesseract_ws/install/snp_msgs/include/snp_msgs/snp_msgs/srv/detail/generate_tool_paths__rosidl_typesupport_fastrtps_cpp.hpp
[23.676s] -- Symlinking: /home/ubuntu/tesseract_ws/install/snp_msgs/include/snp_msgs/snp_msgs/msg/detail/tool_path__rosidl_typesupport_introspection_c.h
[23.696s] -- Symlinking: /home/ubuntu/tesseract_ws/install/snp_msgs/include/snp_msgs/snp_msgs/msg/detail/tool_paths__rosidl_typesupport_introspection_c.h
[23.718s] -- Symlinking: /home/ubuntu/tesseract_ws/install/snp_msgs/include/snp_msgs/snp_msgs/msg/rosidl_typesupport_introspection_c__visibility_control.h
[23.740s] -- Symlinking: /home/ubuntu/tesseract_ws/install/snp_msgs/include/snp_msgs/snp_msgs/srv/detail/execute_motion_plan__rosidl_typesupport_introspection_c.h
[23.762s] -- Symlinking: /home/ubuntu/tesseract_ws/install/snp_msgs/include/snp_msgs/snp_msgs/srv/detail/generate_motion_plan__rosidl_typesupport_introspection_c.h
[23.783s] -- Symlinking: /home/ubuntu/tesseract_ws/install/snp_msgs/include/snp_msgs/snp_msgs/srv/detail/generate_tool_paths__rosidl_typesupport_introspection_c.h
[23.806s] -- Symlinking: /home/ubuntu/tesseract_ws/install/snp_msgs/include/snp_msgs/snp_msgs/msg/detail/tool_path__rosidl_typesupport_introspection_cpp.hpp
[23.828s] -- Symlinking: /home/ubuntu/tesseract_ws/install/snp_msgs/include/snp_msgs/snp_msgs/msg/detail/tool_paths__rosidl_typesupport_introspection_cpp.hpp
[23.850s] -- Symlinking: /home/ubuntu/tesseract_ws/install/snp_msgs/include/snp_msgs/snp_msgs/srv/detail/execute_motion_plan__rosidl_typesupport_introspection_cpp.hpp
[23.882s] -- Symlinking: /home/ubuntu/tesseract_ws/install/snp_msgs/include/snp_msgs/snp_msgs/srv/detail/generate_motion_plan__rosidl_typesupport_introspection_cpp.hpp
[23.903s] -- Symlinking: /home/ubuntu/tesseract_ws/install/snp_msgs/include/snp_msgs/snp_msgs/srv/detail/generate_tool_paths__rosidl_typesupport_introspection_cpp.hpp
[23.926s] -- Symlinking: /home/ubuntu/tesseract_ws/install/snp_msgs/share/snp_msgs/environment/pythonpath.sh
[23.946s] -- Symlinking: /home/ubuntu/tesseract_ws/install/snp_msgs/share/snp_msgs/environment/pythonpath.dsv
[23.967s] -- Symlinking: /home/ubuntu/tesseract_ws/install/snp_msgs/local/lib/python3.10/dist-packages/snp_msgs-0.0.0-py3.10.egg-info/PKG-INFO
[23.988s] -- Symlinking: /home/ubuntu/tesseract_ws/install/snp_msgs/local/lib/python3.10/dist-packages/snp_msgs-0.0.0-py3.10.egg-info/SOURCES.txt
[24.010s] -- Symlinking: /home/ubuntu/tesseract_ws/install/snp_msgs/local/lib/python3.10/dist-packages/snp_msgs-0.0.0-py3.10.egg-info/dependency_links.txt
[24.032s] -- Symlinking: /home/ubuntu/tesseract_ws/install/snp_msgs/local/lib/python3.10/dist-packages/snp_msgs-0.0.0-py3.10.egg-info/top_level.txt
[24.057s] -- Symlinking: /home/ubuntu/tesseract_ws/install/snp_msgs/local/lib/python3.10/dist-packages/snp_msgs/__init__.py
[24.081s] -- Symlinking: /home/ubuntu/tesseract_ws/install/snp_msgs/local/lib/python3.10/dist-packages/snp_msgs/_snp_msgs_s.ep.rosidl_typesupport_c.c
[24.109s] -- Symlinking: /home/ubuntu/tesseract_ws/install/snp_msgs/local/lib/python3.10/dist-packages/snp_msgs/_snp_msgs_s.ep.rosidl_typesupport_fastrtps_c.c
[24.134s] -- Symlinking: /home/ubuntu/tesseract_ws/install/snp_msgs/local/lib/python3.10/dist-packages/snp_msgs/_snp_msgs_s.ep.rosidl_typesupport_introspection_c.c
[24.154s] -- Symlinking: /home/ubuntu/tesseract_ws/install/snp_msgs/local/lib/python3.10/dist-packages/snp_msgs/libsnp_msgs__rosidl_generator_py.so
[24.174s] -- Symlinking: /home/ubuntu/tesseract_ws/install/snp_msgs/local/lib/python3.10/dist-packages/snp_msgs/msg/__init__.py
[24.196s] -- Symlinking: /home/ubuntu/tesseract_ws/install/snp_msgs/local/lib/python3.10/dist-packages/snp_msgs/msg/_tool_path.py
[24.216s] -- Symlinking: /home/ubuntu/tesseract_ws/install/snp_msgs/local/lib/python3.10/dist-packages/snp_msgs/msg/_tool_path_s.c
[24.241s] -- Symlinking: /home/ubuntu/tesseract_ws/install/snp_msgs/local/lib/python3.10/dist-packages/snp_msgs/msg/_tool_paths.py
[24.261s] -- Symlinking: /home/ubuntu/tesseract_ws/install/snp_msgs/local/lib/python3.10/dist-packages/snp_msgs/msg/_tool_paths_s.c
[24.286s] -- Symlinking: /home/ubuntu/tesseract_ws/install/snp_msgs/local/lib/python3.10/dist-packages/snp_msgs/snp_msgs_s__rosidl_typesupport_c.cpython-310-x86_64-linux-gnu.so
[24.302s] -- Symlinking: /home/ubuntu/tesseract_ws/install/snp_msgs/local/lib/python3.10/dist-packages/snp_msgs/snp_msgs_s__rosidl_typesupport_fastrtps_c.cpython-310-x86_64-linux-gnu.so
[24.322s] -- Symlinking: /home/ubuntu/tesseract_ws/install/snp_msgs/local/lib/python3.10/dist-packages/snp_msgs/snp_msgs_s__rosidl_typesupport_introspection_c.cpython-310-x86_64-linux-gnu.so
[24.344s] -- Symlinking: /home/ubuntu/tesseract_ws/install/snp_msgs/local/lib/python3.10/dist-packages/snp_msgs/srv/__init__.py
[24.367s] -- Symlinking: /home/ubuntu/tesseract_ws/install/snp_msgs/local/lib/python3.10/dist-packages/snp_msgs/srv/_execute_motion_plan.py
[24.389s] -- Symlinking: /home/ubuntu/tesseract_ws/install/snp_msgs/local/lib/python3.10/dist-packages/snp_msgs/srv/_execute_motion_plan_s.c
[24.412s] -- Symlinking: /home/ubuntu/tesseract_ws/install/snp_msgs/local/lib/python3.10/dist-packages/snp_msgs/srv/_generate_motion_plan.py
[24.442s] -- Symlinking: /home/ubuntu/tesseract_ws/install/snp_msgs/local/lib/python3.10/dist-packages/snp_msgs/srv/_generate_motion_plan_s.c
[24.466s] -- Symlinking: /home/ubuntu/tesseract_ws/install/snp_msgs/local/lib/python3.10/dist-packages/snp_msgs/srv/_generate_tool_paths.py
[24.487s] -- Symlinking: /home/ubuntu/tesseract_ws/install/snp_msgs/local/lib/python3.10/dist-packages/snp_msgs/srv/_generate_tool_paths_s.c
[24.508s] -- Up-to-date symlink: /home/ubuntu/tesseract_ws/install/snp_msgs/local/lib/python3.10/dist-packages/snp_msgs/snp_msgs_s__rosidl_typesupport_fastrtps_c.cpython-310-x86_64-linux-gnu.so
[24.508s] -- Up-to-date symlink: /home/ubuntu/tesseract_ws/install/snp_msgs/local/lib/python3.10/dist-packages/snp_msgs/snp_msgs_s__rosidl_typesupport_introspection_c.cpython-310-x86_64-linux-gnu.so
[24.509s] -- Up-to-date symlink: /home/ubuntu/tesseract_ws/install/snp_msgs/local/lib/python3.10/dist-packages/snp_msgs/snp_msgs_s__rosidl_typesupport_c.cpython-310-x86_64-linux-gnu.so
[24.509s] -- Symlinking: /home/ubuntu/tesseract_ws/install/snp_msgs/share/snp_msgs/msg/ToolPath.idl
[24.539s] -- Symlinking: /home/ubuntu/tesseract_ws/install/snp_msgs/share/snp_msgs/msg/ToolPaths.idl
[24.569s] -- Symlinking: /home/ubuntu/tesseract_ws/install/snp_msgs/share/snp_msgs/srv/ExecuteMotionPlan.idl
[24.601s] -- Symlinking: /home/ubuntu/tesseract_ws/install/snp_msgs/share/snp_msgs/srv/GenerateMotionPlan.idl
[24.625s] -- Symlinking: /home/ubuntu/tesseract_ws/install/snp_msgs/share/snp_msgs/srv/GenerateToolPaths.idl
[24.646s] -- Symlinking: /home/ubuntu/tesseract_ws/install/snp_msgs/share/snp_msgs/msg/ToolPath.msg
[24.667s] -- Symlinking: /home/ubuntu/tesseract_ws/install/snp_msgs/share/snp_msgs/msg/ToolPaths.msg
[24.688s] -- Symlinking: /home/ubuntu/tesseract_ws/install/snp_msgs/share/snp_msgs/srv/ExecuteMotionPlan.srv
[24.713s] -- Symlinking: /home/ubuntu/tesseract_ws/install/snp_msgs/share/snp_msgs/srv/ExecuteMotionPlan_Request.msg
[24.769s] -- Symlinking: /home/ubuntu/tesseract_ws/install/snp_msgs/share/snp_msgs/srv/ExecuteMotionPlan_Response.msg
[24.808s] -- Symlinking: /home/ubuntu/tesseract_ws/install/snp_msgs/share/snp_msgs/srv/GenerateMotionPlan.srv
[24.840s] -- Symlinking: /home/ubuntu/tesseract_ws/install/snp_msgs/share/snp_msgs/srv/GenerateMotionPlan_Request.msg
[24.867s] -- Symlinking: /home/ubuntu/tesseract_ws/install/snp_msgs/share/snp_msgs/srv/GenerateMotionPlan_Response.msg
[24.901s] -- Symlinking: /home/ubuntu/tesseract_ws/install/snp_msgs/share/snp_msgs/srv/GenerateToolPaths.srv
[24.928s] -- Symlinking: /home/ubuntu/tesseract_ws/install/snp_msgs/share/snp_msgs/srv/GenerateToolPaths_Request.msg
[24.974s] -- Symlinking: /home/ubuntu/tesseract_ws/install/snp_msgs/share/snp_msgs/srv/GenerateToolPaths_Response.msg
[25.025s] -- Symlinking: /home/ubuntu/tesseract_ws/install/snp_msgs/share/ament_index/resource_index/package_run_dependencies/snp_msgs
[25.068s] -- Symlinking: /home/ubuntu/tesseract_ws/install/snp_msgs/share/ament_index/resource_index/parent_prefix_path/snp_msgs
[25.090s] -- Symlinking: /home/ubuntu/tesseract_ws/install/snp_msgs/share/snp_msgs/environment/ament_prefix_path.sh
[25.122s] -- Symlinking: /home/ubuntu/tesseract_ws/install/snp_msgs/share/snp_msgs/environment/ament_prefix_path.dsv
[25.147s] -- Symlinking: /home/ubuntu/tesseract_ws/install/snp_msgs/share/snp_msgs/environment/path.sh
[25.173s] -- Symlinking: /home/ubuntu/tesseract_ws/install/snp_msgs/share/snp_msgs/environment/path.dsv
[25.199s] -- Symlinking: /home/ubuntu/tesseract_ws/install/snp_msgs/share/snp_msgs/local_setup.bash
[25.223s] -- Symlinking: /home/ubuntu/tesseract_ws/install/snp_msgs/share/snp_msgs/local_setup.sh
[25.261s] -- Symlinking: /home/ubuntu/tesseract_ws/install/snp_msgs/share/snp_msgs/local_setup.zsh
[25.298s] -- Symlinking: /home/ubuntu/tesseract_ws/install/snp_msgs/share/snp_msgs/local_setup.dsv
[25.321s] -- Symlinking: /home/ubuntu/tesseract_ws/install/snp_msgs/share/snp_msgs/package.dsv
[25.359s] -- Symlinking: /home/ubuntu/tesseract_ws/install/snp_msgs/share/ament_index/resource_index/packages/snp_msgs
[25.389s] -- Symlinking: /home/ubuntu/tesseract_ws/install/snp_msgs/share/snp_msgs/cmake/rosidl_cmake-extras.cmake
[25.414s] -- Symlinking: /home/ubuntu/tesseract_ws/install/snp_msgs/share/snp_msgs/cmake/ament_cmake_export_dependencies-extras.cmake
[25.441s] -- Symlinking: /home/ubuntu/tesseract_ws/install/snp_msgs/share/snp_msgs/cmake/ament_cmake_export_include_directories-extras.cmake
[25.473s] -- Symlinking: /home/ubuntu/tesseract_ws/install/snp_msgs/share/snp_msgs/cmake/ament_cmake_export_libraries-extras.cmake
[25.494s] -- Symlinking: /home/ubuntu/tesseract_ws/install/snp_msgs/share/snp_msgs/cmake/ament_cmake_export_targets-extras.cmake
[25.527s] -- Symlinking: /home/ubuntu/tesseract_ws/install/snp_msgs/share/snp_msgs/cmake/rosidl_cmake_export_typesupport_targets-extras.cmake
[25.572s] -- Symlinking: /home/ubuntu/tesseract_ws/install/snp_msgs/share/snp_msgs/cmake/rosidl_cmake_export_typesupport_libraries-extras.cmake
[25.598s] -- Symlinking: /home/ubuntu/tesseract_ws/install/snp_msgs/share/snp_msgs/cmake/snp_msgsConfig.cmake
[25.627s] -- Symlinking: /home/ubuntu/tesseract_ws/install/snp_msgs/share/snp_msgs/cmake/snp_msgsConfig-version.cmake
[25.669s] -- Symlinking: /home/ubuntu/tesseract_ws/install/snp_msgs/share/snp_msgs/package.xml
[25.696s] -- Installing: /home/ubuntu/tesseract_ws/install/snp_msgs/lib/libsnp_msgs__rosidl_generator_c.so
[25.696s] -- Set runtime path of "/home/ubuntu/tesseract_ws/install/snp_msgs/lib/libsnp_msgs__rosidl_generator_c.so" to ""
[25.697s] -- Installing: /home/ubuntu/tesseract_ws/install/snp_msgs/lib/libsnp_msgs__rosidl_typesupport_fastrtps_c.so
[25.698s] -- Set runtime path of "/home/ubuntu/tesseract_ws/install/snp_msgs/lib/libsnp_msgs__rosidl_typesupport_fastrtps_c.so" to ""
[25.698s] -- Installing: /home/ubuntu/tesseract_ws/install/snp_msgs/lib/libsnp_msgs__rosidl_typesupport_fastrtps_cpp.so
[25.698s] -- Set runtime path of "/home/ubuntu/tesseract_ws/install/snp_msgs/lib/libsnp_msgs__rosidl_typesupport_fastrtps_cpp.so" to ""
[25.699s] -- Installing: /home/ubuntu/tesseract_ws/install/snp_msgs/lib/libsnp_msgs__rosidl_typesupport_introspection_c.so
[25.699s] -- Set runtime path of "/home/ubuntu/tesseract_ws/install/snp_msgs/lib/libsnp_msgs__rosidl_typesupport_introspection_c.so" to ""
[25.699s] -- Installing: /home/ubuntu/tesseract_ws/install/snp_msgs/lib/libsnp_msgs__rosidl_typesupport_c.so
[25.700s] -- Set runtime path of "/home/ubuntu/tesseract_ws/install/snp_msgs/lib/libsnp_msgs__rosidl_typesupport_c.so" to ""
[25.700s] -- Installing: /home/ubuntu/tesseract_ws/install/snp_msgs/lib/libsnp_msgs__rosidl_typesupport_introspection_cpp.so
[25.701s] -- Set runtime path of "/home/ubuntu/tesseract_ws/install/snp_msgs/lib/libsnp_msgs__rosidl_typesupport_introspection_cpp.so" to ""
[25.701s] -- Installing: /home/ubuntu/tesseract_ws/install/snp_msgs/lib/libsnp_msgs__rosidl_typesupport_cpp.so
[25.702s] -- Set runtime path of "/home/ubuntu/tesseract_ws/install/snp_msgs/lib/libsnp_msgs__rosidl_typesupport_cpp.so" to ""
[25.813s] Listing '/home/ubuntu/tesseract_ws/install/snp_msgs/local/lib/python3.10/dist-packages/snp_msgs'...
[25.813s] Compiling '/home/ubuntu/tesseract_ws/install/snp_msgs/local/lib/python3.10/dist-packages/snp_msgs/__init__.py'...
[25.813s] Listing '/home/ubuntu/tesseract_ws/install/snp_msgs/local/lib/python3.10/dist-packages/snp_msgs/msg'...
[25.813s] Compiling '/home/ubuntu/tesseract_ws/install/snp_msgs/local/lib/python3.10/dist-packages/snp_msgs/msg/__init__.py'...
[25.813s] Compiling '/home/ubuntu/tesseract_ws/install/snp_msgs/local/lib/python3.10/dist-packages/snp_msgs/msg/_tool_path.py'...
[25.813s] Compiling '/home/ubuntu/tesseract_ws/install/snp_msgs/local/lib/python3.10/dist-packages/snp_msgs/msg/_tool_paths.py'...
[25.813s] Listing '/home/ubuntu/tesseract_ws/install/snp_msgs/local/lib/python3.10/dist-packages/snp_msgs/srv'...
[25.813s] Compiling '/home/ubuntu/tesseract_ws/install/snp_msgs/local/lib/python3.10/dist-packages/snp_msgs/srv/__init__.py'...
[25.813s] Compiling '/home/ubuntu/tesseract_ws/install/snp_msgs/local/lib/python3.10/dist-packages/snp_msgs/srv/_execute_motion_plan.py'...
[25.814s] Compiling '/home/ubuntu/tesseract_ws/install/snp_msgs/local/lib/python3.10/dist-packages/snp_msgs/srv/_generate_motion_plan.py'...
[25.814s] Compiling '/home/ubuntu/tesseract_ws/install/snp_msgs/local/lib/python3.10/dist-packages/snp_msgs/srv/_generate_tool_paths.py'...
[25.833s] -- Installing: /home/ubuntu/tesseract_ws/install/snp_msgs/lib/libsnp_msgs__rosidl_generator_py.so
[25.834s] -- Set runtime path of "/home/ubuntu/tesseract_ws/install/snp_msgs/lib/libsnp_msgs__rosidl_generator_py.so" to ""
[25.834s] -- Installing: /home/ubuntu/tesseract_ws/install/snp_msgs/share/snp_msgs/cmake/export_snp_msgs__rosidl_generator_cExport.cmake
[25.835s] -- Installing: /home/ubuntu/tesseract_ws/install/snp_msgs/share/snp_msgs/cmake/export_snp_msgs__rosidl_generator_cExport-noconfig.cmake
[25.835s] -- Installing: /home/ubuntu/tesseract_ws/install/snp_msgs/share/snp_msgs/cmake/export_snp_msgs__rosidl_typesupport_fastrtps_cExport.cmake
[25.836s] -- Installing: /home/ubuntu/tesseract_ws/install/snp_msgs/share/snp_msgs/cmake/export_snp_msgs__rosidl_typesupport_fastrtps_cExport-noconfig.cmake
[25.836s] -- Installing: /home/ubuntu/tesseract_ws/install/snp_msgs/share/snp_msgs/cmake/export_snp_msgs__rosidl_generator_cppExport.cmake
[25.837s] -- Installing: /home/ubuntu/tesseract_ws/install/snp_msgs/share/snp_msgs/cmake/export_snp_msgs__rosidl_typesupport_fastrtps_cppExport.cmake
[25.838s] -- Installing: /home/ubuntu/tesseract_ws/install/snp_msgs/share/snp_msgs/cmake/export_snp_msgs__rosidl_typesupport_fastrtps_cppExport-noconfig.cmake
[25.838s] -- Installing: /home/ubuntu/tesseract_ws/install/snp_msgs/share/snp_msgs/cmake/snp_msgs__rosidl_typesupport_introspection_cExport.cmake
[25.838s] -- Installing: /home/ubuntu/tesseract_ws/install/snp_msgs/share/snp_msgs/cmake/snp_msgs__rosidl_typesupport_introspection_cExport-noconfig.cmake
[25.839s] -- Installing: /home/ubuntu/tesseract_ws/install/snp_msgs/share/snp_msgs/cmake/snp_msgs__rosidl_typesupport_cExport.cmake
[25.839s] -- Installing: /home/ubuntu/tesseract_ws/install/snp_msgs/share/snp_msgs/cmake/snp_msgs__rosidl_typesupport_cExport-noconfig.cmake
[25.840s] -- Installing: /home/ubuntu/tesseract_ws/install/snp_msgs/share/snp_msgs/cmake/snp_msgs__rosidl_typesupport_introspection_cppExport.cmake
[25.840s] -- Installing: /home/ubuntu/tesseract_ws/install/snp_msgs/share/snp_msgs/cmake/snp_msgs__rosidl_typesupport_introspection_cppExport-noconfig.cmake
[25.841s] -- Installing: /home/ubuntu/tesseract_ws/install/snp_msgs/share/snp_msgs/cmake/snp_msgs__rosidl_typesupport_cppExport.cmake
[25.841s] -- Installing: /home/ubuntu/tesseract_ws/install/snp_msgs/share/snp_msgs/cmake/snp_msgs__rosidl_typesupport_cppExport-noconfig.cmake
[25.842s] -- Installing: /home/ubuntu/tesseract_ws/install/snp_msgs/share/snp_msgs/cmake/export_snp_msgs__rosidl_generator_pyExport.cmake
[25.842s] -- Installing: /home/ubuntu/tesseract_ws/install/snp_msgs/share/snp_msgs/cmake/export_snp_msgs__rosidl_generator_pyExport-noconfig.cmake
[25.851s] Invoked command in '/home/ubuntu/tesseract_ws/build/snp_msgs' returned '0': CMAKE_PREFIX_PATH=${CMAKE_PREFIX_PATH}:/home/ubuntu/tesseract_ws/install/industrial_reconstruction:/opt/ros/humble /usr/bin/cmake --install /home/ubuntu/tesseract_ws/build/snp_msgs
