[ 22%] Built target tesseract_rviz_markers
[ 40%] Built target tesseract_rviz_interactive_marker
[ 90%] Built target tesseract_rviz
[ 95%] Built target tesseract_rviz_workbench_plugin
[100%] Built target tesseract_rviz_environment_plugin
-- Install configuration: ""
-- Execute custom install script
-- Up-to-date symlink: /home/ubuntu/tesseract_ws/install/tesseract_rviz/include/tesseract_rviz/conversions.h
-- Up-to-date symlink: /home/ubuntu/tesseract_ws/install/tesseract_rviz/include/tesseract_rviz/environment_display.h
-- Up-to-date symlink: /home/ubuntu/tesseract_ws/install/tesseract_rviz/include/tesseract_rviz/environment_monitor_properties.h
-- Up-to-date symlink: /home/ubuntu/tesseract_ws/install/tesseract_rviz/include/tesseract_rviz/interactive_marker/integer_action.h
-- Up-to-date symlink: /home/ubuntu/tesseract_ws/install/tesseract_rviz/include/tesseract_rviz/interactive_marker/interactive_marker.h
-- Up-to-date symlink: /home/ubuntu/tesseract_ws/install/tesseract_rviz/include/tesseract_rviz/interactive_marker/interactive_marker_control.h
-- Up-to-date symlink: /home/ubuntu/tesseract_ws/install/tesseract_rviz/include/tesseract_rviz/joint_trajectory_monitor_properties.h
-- Up-to-date symlink: /home/ubuntu/tesseract_ws/install/tesseract_rviz/include/tesseract_rviz/markers/arrow_marker.h
-- Up-to-date symlink: /home/ubuntu/tesseract_ws/install/tesseract_rviz/include/tesseract_rviz/markers/cube_marker.h
-- Up-to-date symlink: /home/ubuntu/tesseract_ws/install/tesseract_rviz/include/tesseract_rviz/markers/cylinder_marker.h
-- Up-to-date symlink: /home/ubuntu/tesseract_ws/install/tesseract_rviz/include/tesseract_rviz/markers/marker_base.h
-- Up-to-date symlink: /home/ubuntu/tesseract_ws/install/tesseract_rviz/include/tesseract_rviz/markers/marker_selection_handler.h
-- Up-to-date symlink: /home/ubuntu/tesseract_ws/install/tesseract_rviz/include/tesseract_rviz/markers/sphere_marker.h
-- Up-to-date symlink: /home/ubuntu/tesseract_ws/install/tesseract_rviz/include/tesseract_rviz/markers/text_view_facing_marker.h
-- Up-to-date symlink: /home/ubuntu/tesseract_ws/install/tesseract_rviz/include/tesseract_rviz/markers/triangle_list_marker.h
-- Up-to-date symlink: /home/ubuntu/tesseract_ws/install/tesseract_rviz/include/tesseract_rviz/markers/utils.h
-- Up-to-date symlink: /home/ubuntu/tesseract_ws/install/tesseract_rviz/include/tesseract_rviz/ros_contact_results_render_manager.h
-- Up-to-date symlink: /home/ubuntu/tesseract_ws/install/tesseract_rviz/include/tesseract_rviz/ros_manipulation_widget.h
-- Up-to-date symlink: /home/ubuntu/tesseract_ws/install/tesseract_rviz/include/tesseract_rviz/ros_scene_graph_render_manager.h
-- Up-to-date symlink: /home/ubuntu/tesseract_ws/install/tesseract_rviz/include/tesseract_rviz/rostopic_combo_box.h
-- Up-to-date symlink: /home/ubuntu/tesseract_ws/install/tesseract_rviz/include/tesseract_rviz/set_theme_tool.h
-- Up-to-date symlink: /home/ubuntu/tesseract_ws/install/tesseract_rviz/include/tesseract_rviz/types.h
-- Up-to-date symlink: /home/ubuntu/tesseract_ws/install/tesseract_rviz/include/tesseract_rviz/workbench_display.h
-- Up-to-date symlink: /home/ubuntu/tesseract_ws/install/tesseract_rviz/share/tesseract_rviz/ogre_media/models/tesseract_capsule.mesh
-- Up-to-date symlink: /home/ubuntu/tesseract_ws/install/tesseract_rviz/share/tesseract_rviz/ogre_media/models/tesseract_cone.mesh
-- Up-to-date symlink: /home/ubuntu/tesseract_ws/install/tesseract_rviz/share/tesseract_rviz/ogre_media/models/tesseract_cube.mesh
-- Up-to-date symlink: /home/ubuntu/tesseract_ws/install/tesseract_rviz/share/tesseract_rviz/ogre_media/models/tesseract_cylinder.mesh
-- Up-to-date symlink: /home/ubuntu/tesseract_ws/install/tesseract_rviz/share/tesseract_rviz/ogre_media/models/tesseract_sphere.mesh
-- Up-to-date symlink: /home/ubuntu/tesseract_ws/install/tesseract_rviz/share/tesseract_rviz/tesseract_rviz_environment_plugin_description.xml
-- Up-to-date symlink: /home/ubuntu/tesseract_ws/install/tesseract_rviz/share/tesseract_rviz/tesseract_rviz_workbench_plugin_description.xml
-- Up-to-date symlink: /home/ubuntu/tesseract_ws/install/tesseract_rviz/share/tesseract_rviz//tesseract_rviz_environment_plugin_description.xml
-- Up-to-date symlink: /home/ubuntu/tesseract_ws/install/tesseract_rviz/share/tesseract_rviz//tesseract_rviz_workbench_plugin_description.xml
-- Up-to-date symlink: /home/ubuntu/tesseract_ws/install/tesseract_rviz/share/ament_index/resource_index/package_run_dependencies/tesseract_rviz
-- Up-to-date symlink: /home/ubuntu/tesseract_ws/install/tesseract_rviz/share/ament_index/resource_index/parent_prefix_path/tesseract_rviz
-- Up-to-date symlink: /home/ubuntu/tesseract_ws/install/tesseract_rviz/share/tesseract_rviz/environment/ament_prefix_path.sh
-- Up-to-date symlink: /home/ubuntu/tesseract_ws/install/tesseract_rviz/share/tesseract_rviz/environment/ament_prefix_path.dsv
-- Up-to-date symlink: /home/ubuntu/tesseract_ws/install/tesseract_rviz/share/tesseract_rviz/environment/path.sh
-- Up-to-date symlink: /home/ubuntu/tesseract_ws/install/tesseract_rviz/share/tesseract_rviz/environment/path.dsv
-- Up-to-date symlink: /home/ubuntu/tesseract_ws/install/tesseract_rviz/share/tesseract_rviz/local_setup.bash
-- Up-to-date symlink: /home/ubuntu/tesseract_ws/install/tesseract_rviz/share/tesseract_rviz/local_setup.sh
-- Up-to-date symlink: /home/ubuntu/tesseract_ws/install/tesseract_rviz/share/tesseract_rviz/local_setup.zsh
-- Up-to-date symlink: /home/ubuntu/tesseract_ws/install/tesseract_rviz/share/tesseract_rviz/local_setup.dsv
-- Symlinking: /home/ubuntu/tesseract_ws/install/tesseract_rviz/share/tesseract_rviz/package.dsv
-- Up-to-date symlink: /home/ubuntu/tesseract_ws/install/tesseract_rviz/share/ament_index/resource_index/packages/tesseract_rviz
-- Up-to-date symlink: /home/ubuntu/tesseract_ws/install/tesseract_rviz/share/ament_index/resource_index/rviz_common__pluginlib__plugin/tesseract_rviz
-- Up-to-date symlink: /home/ubuntu/tesseract_ws/install/tesseract_rviz/share/tesseract_rviz/cmake/ament_cmake_export_targets-extras.cmake
-- Up-to-date symlink: /home/ubuntu/tesseract_ws/install/tesseract_rviz/share/tesseract_rviz/cmake/tesseract_rvizConfig.cmake
-- Up-to-date symlink: /home/ubuntu/tesseract_ws/install/tesseract_rviz/share/tesseract_rviz/cmake/tesseract_rvizConfig-version.cmake
-- Up-to-date symlink: /home/ubuntu/tesseract_ws/install/tesseract_rviz/share/tesseract_rviz/package.xml
-- Up-to-date: /home/ubuntu/tesseract_ws/install/tesseract_rviz/lib/libtesseract_rviz.so
-- Up-to-date: /home/ubuntu/tesseract_ws/install/tesseract_rviz/lib/libtesseract_rviz_markers.so
-- Up-to-date: /home/ubuntu/tesseract_ws/install/tesseract_rviz/lib/libtesseract_rviz_interactive_marker.so
-- Up-to-date: /home/ubuntu/tesseract_ws/install/tesseract_rviz/lib/libtesseract_rviz_environment_plugin.so
-- Up-to-date: /home/ubuntu/tesseract_ws/install/tesseract_rviz/lib/libtesseract_rviz_workbench_plugin.so
-- Up-to-date: /home/ubuntu/tesseract_ws/install/tesseract_rviz/share/tesseract_rviz/cmake/-targetsExport.cmake
-- Up-to-date: /home/ubuntu/tesseract_ws/install/tesseract_rviz/share/tesseract_rviz/cmake/-targetsExport-noconfig.cmake
