-- The C compiler identification is GNU 11.3.0
-- The CXX compiler identification is GNU 11.3.0
-- Detecting C compiler ABI info
-- Detecting C compiler ABI info - done
-- Check for working C compiler: /usr/bin/cc - skipped
-- Detecting C compile features
-- Detecting C compile features - done
-- Detecting CXX compiler ABI info
-- Detecting CXX compiler ABI info - done
-- Check for working CXX compiler: /usr/bin/c++ - skipped
-- Detecting CXX compile features
-- Detecting CXX compile features - done
-- Found ament_cmake: 1.3.5 (/opt/ros/humble/share/ament_cmake/cmake)
-- Found Python3: /usr/bin/python3.10 (found version "3.10.6") found components: Interpreter 
-- Override CMake install command with custom implementation using symlinks instead of copying resources
-- Found control_msgs: 4.4.0 (/opt/ros/humble/share/control_msgs/cmake)
-- Found rosidl_generator_c: 3.1.4 (/opt/ros/humble/share/rosidl_generator_c/cmake)
-- Found rosidl_adapter: 3.1.4 (/opt/ros/humble/share/rosidl_adapter/cmake)
-- Found rosidl_generator_cpp: 3.1.4 (/opt/ros/humble/share/rosidl_generator_cpp/cmake)
-- Using all available rosidl_typesupport_c: rosidl_typesupport_fastrtps_c;rosidl_typesupport_introspection_c
-- Using all available rosidl_typesupport_cpp: rosidl_typesupport_fastrtps_cpp;rosidl_typesupport_introspection_cpp
-- Found std_srvs: 4.2.3 (/opt/ros/humble/share/std_srvs/cmake)
-- Found rclcpp: 16.0.4 (/opt/ros/humble/share/rclcpp/cmake)
-- Found rmw_implementation_cmake: 6.1.1 (/opt/ros/humble/share/rmw_implementation_cmake/cmake)
-- Found rmw_fastrtps_cpp: 6.2.2 (/opt/ros/humble/share/rmw_fastrtps_cpp/cmake)
-- Found OpenSSL: /usr/lib/x86_64-linux-gnu/libcrypto.so (found version "3.0.2")  
-- Found FastRTPS: /opt/ros/humble/include  
-- Using RMW implementation 'rmw_fastrtps_cpp' as default
-- Looking for pthread.h
-- Looking for pthread.h - found
-- Performing Test CMAKE_HAVE_LIBC_PTHREAD
-- Performing Test CMAKE_HAVE_LIBC_PTHREAD - Success
-- Found Threads: TRUE  
-- Found rclcpp_action: 16.0.4 (/opt/ros/humble/share/rclcpp_action/cmake)
-- Found snp_msgs: 0.0.0 (/home/ubuntu/tesseract_ws/install/snp_msgs/share/snp_msgs/cmake)
-- Found ament_lint_auto: 0.12.6 (/opt/ros/humble/share/ament_lint_auto/cmake)
-- Configuring done
-- Generating done
[33mCMake Warning:
  Manually-specified variables were not used by the project:

    TESSERACT_BUILD_FCL

[0m
-- Build files have been written to: /home/ubuntu/tesseract_ws/build/snp_motion_execution
[ 16%] [32mBuilding CXX object CMakeFiles/execution_simulator.dir/src/execution_simulator_node.cpp.o[0m
[ 33%] [32mBuilding CXX object CMakeFiles/snp_motion_execution_node.dir/src/motion_execution_node.cpp.o[0m
[ 50%] [32mBuilding CXX object CMakeFiles/robot_enable_simulator.dir/src/robot_enable_simulator_node.cpp.o[0m
[ 66%] [32m[1mLinking CXX executable robot_enable_simulator[0m
[ 66%] Built target robot_enable_simulator
[ 83%] [32m[1mLinking CXX executable execution_simulator[0m
[ 83%] Built target execution_simulator
[100%] [32m[1mLinking CXX executable snp_motion_execution_node[0m
[100%] Built target snp_motion_execution_node
-- Install configuration: ""
-- Execute custom install script
-- Symlinking: /home/ubuntu/tesseract_ws/install/snp_motion_execution/lib/snp_motion_execution/snp_motion_execution_node
-- Symlinking: /home/ubuntu/tesseract_ws/install/snp_motion_execution/lib/snp_motion_execution/execution_simulator
-- Symlinking: /home/ubuntu/tesseract_ws/install/snp_motion_execution/lib/snp_motion_execution/robot_enable_simulator
-- Symlinking: /home/ubuntu/tesseract_ws/install/snp_motion_execution/share/snp_motion_execution/launch/ros2_control.launch.py
-- Symlinking: /home/ubuntu/tesseract_ws/install/snp_motion_execution/share/ament_index/resource_index/package_run_dependencies/snp_motion_execution
-- Symlinking: /home/ubuntu/tesseract_ws/install/snp_motion_execution/share/ament_index/resource_index/parent_prefix_path/snp_motion_execution
-- Symlinking: /home/ubuntu/tesseract_ws/install/snp_motion_execution/share/snp_motion_execution/environment/ament_prefix_path.sh
-- Symlinking: /home/ubuntu/tesseract_ws/install/snp_motion_execution/share/snp_motion_execution/environment/ament_prefix_path.dsv
-- Symlinking: /home/ubuntu/tesseract_ws/install/snp_motion_execution/share/snp_motion_execution/environment/path.sh
-- Symlinking: /home/ubuntu/tesseract_ws/install/snp_motion_execution/share/snp_motion_execution/environment/path.dsv
-- Symlinking: /home/ubuntu/tesseract_ws/install/snp_motion_execution/share/snp_motion_execution/local_setup.bash
-- Symlinking: /home/ubuntu/tesseract_ws/install/snp_motion_execution/share/snp_motion_execution/local_setup.sh
-- Symlinking: /home/ubuntu/tesseract_ws/install/snp_motion_execution/share/snp_motion_execution/local_setup.zsh
-- Symlinking: /home/ubuntu/tesseract_ws/install/snp_motion_execution/share/snp_motion_execution/local_setup.dsv
-- Symlinking: /home/ubuntu/tesseract_ws/install/snp_motion_execution/share/snp_motion_execution/package.dsv
-- Symlinking: /home/ubuntu/tesseract_ws/install/snp_motion_execution/share/ament_index/resource_index/packages/snp_motion_execution
-- Symlinking: /home/ubuntu/tesseract_ws/install/snp_motion_execution/share/snp_motion_execution/cmake/ament_cmake_export_dependencies-extras.cmake
-- Symlinking: /home/ubuntu/tesseract_ws/install/snp_motion_execution/share/snp_motion_execution/cmake/snp_motion_executionConfig.cmake
-- Symlinking: /home/ubuntu/tesseract_ws/install/snp_motion_execution/share/snp_motion_execution/cmake/snp_motion_executionConfig-version.cmake
-- Symlinking: /home/ubuntu/tesseract_ws/install/snp_motion_execution/share/snp_motion_execution/package.xml
