Consolidate compiler generated dependencies of target snp_motion_planning_plugins
[ 28%] Built target snp_motion_planning_plugins
Consolidate compiler generated dependencies of target snp_motion_planning_node
Consolidate compiler generated dependencies of target snp_motion_planning_tasks
[ 85%] Built target snp_motion_planning_tasks
[100%] Built target snp_motion_planning_node
-- Install configuration: "Release"
-- Execute custom install script
-- Up-to-date symlink: /home/ubuntu/tesseract_ws/install/snp_motion_planning/lib/snp_motion_planning/snp_motion_planning_node
-- Up-to-date symlink: /home/ubuntu/tesseract_ws/install/snp_motion_planning/share/snp_motion_planning/environment/library_path.sh
-- Up-to-date symlink: /home/ubuntu/tesseract_ws/install/snp_motion_planning/share/snp_motion_planning/environment/library_path.dsv
-- Up-to-date symlink: /home/ubuntu/tesseract_ws/install/snp_motion_planning/share/ament_index/resource_index/package_run_dependencies/snp_motion_planning
-- Up-to-date symlink: /home/ubuntu/tesseract_ws/install/snp_motion_planning/share/ament_index/resource_index/parent_prefix_path/snp_motion_planning
-- Up-to-date symlink: /home/ubuntu/tesseract_ws/install/snp_motion_planning/share/snp_motion_planning/environment/ament_prefix_path.sh
-- Up-to-date symlink: /home/ubuntu/tesseract_ws/install/snp_motion_planning/share/snp_motion_planning/environment/ament_prefix_path.dsv
-- Up-to-date symlink: /home/ubuntu/tesseract_ws/install/snp_motion_planning/share/snp_motion_planning/environment/path.sh
-- Up-to-date symlink: /home/ubuntu/tesseract_ws/install/snp_motion_planning/share/snp_motion_planning/environment/path.dsv
-- Up-to-date symlink: /home/ubuntu/tesseract_ws/install/snp_motion_planning/share/snp_motion_planning/local_setup.bash
-- Up-to-date symlink: /home/ubuntu/tesseract_ws/install/snp_motion_planning/share/snp_motion_planning/local_setup.sh
-- Up-to-date symlink: /home/ubuntu/tesseract_ws/install/snp_motion_planning/share/snp_motion_planning/local_setup.zsh
-- Up-to-date symlink: /home/ubuntu/tesseract_ws/install/snp_motion_planning/share/snp_motion_planning/local_setup.dsv
-- Symlinking: /home/ubuntu/tesseract_ws/install/snp_motion_planning/share/snp_motion_planning/package.dsv
-- Up-to-date symlink: /home/ubuntu/tesseract_ws/install/snp_motion_planning/share/ament_index/resource_index/packages/snp_motion_planning
-- Up-to-date symlink: /home/ubuntu/tesseract_ws/install/snp_motion_planning/share/snp_motion_planning/cmake/ament_cmake_export_dependencies-extras.cmake
-- Up-to-date symlink: /home/ubuntu/tesseract_ws/install/snp_motion_planning/share/snp_motion_planning/cmake/ament_cmake_export_targets-extras.cmake
-- Up-to-date symlink: /home/ubuntu/tesseract_ws/install/snp_motion_planning/share/snp_motion_planning/cmake/snp_motion_planningConfig.cmake
-- Up-to-date symlink: /home/ubuntu/tesseract_ws/install/snp_motion_planning/share/snp_motion_planning/cmake/snp_motion_planningConfig-version.cmake
-- Up-to-date symlink: /home/ubuntu/tesseract_ws/install/snp_motion_planning/share/snp_motion_planning/package.xml
-- Up-to-date symlink: /home/ubuntu/tesseract_ws/install/snp_motion_planning/share/snp_motion_planning//config/task_composer_plugins.yaml
-- Up-to-date symlink: /home/ubuntu/tesseract_ws/install/snp_motion_planning/share/snp_motion_planning//launch/planning_server.launch.xml
-- Up-to-date: /home/ubuntu/tesseract_ws/install/snp_motion_planning/lib/libsnp_motion_planning_plugins.so
-- Up-to-date: /home/ubuntu/tesseract_ws/install/snp_motion_planning/lib/libsnp_motion_planning_tasks.so
-- Up-to-date: /home/ubuntu/tesseract_ws/install/snp_motion_planning/share/snp_motion_planning/cmake/snp_motion_planning-targetsExport.cmake
-- Up-to-date: /home/ubuntu/tesseract_ws/install/snp_motion_planning/share/snp_motion_planning/cmake/snp_motion_planning-targetsExport-release.cmake
