-- The C compiler identification is GNU 11.3.0
-- The CXX compiler identification is GNU 11.3.0
-- Detecting C compiler ABI info
-- Detecting C compiler ABI info - done
-- Check for working C compiler: /usr/bin/cc - skipped
-- Detecting C compile features
-- Detecting C compile features - done
-- Detecting CXX compiler ABI info
-- Detecting CXX compiler ABI info - done
-- Check for working CXX compiler: /usr/bin/c++ - skipped
-- Detecting CXX compile features
-- Detecting CXX compile features - done
-- Found ament_cmake: 1.3.5 (/opt/ros/humble/share/ament_cmake/cmake)
-- Found Python3: /usr/bin/python3.10 (found version "3.10.6") found components: Interpreter 
-- Override CMake install command with custom implementation using symlinks instead of copying resources
-- Found industrial_reconstruction_msgs: 0.0.0 (/home/ubuntu/tesseract_ws/install/industrial_reconstruction_msgs/share/industrial_reconstruction_msgs/cmake)
-- Found rosidl_generator_c: 3.1.4 (/opt/ros/humble/share/rosidl_generator_c/cmake)
-- Found rosidl_adapter: 3.1.4 (/opt/ros/humble/share/rosidl_adapter/cmake)
-- Found rosidl_generator_cpp: 3.1.4 (/opt/ros/humble/share/rosidl_generator_cpp/cmake)
-- Using all available rosidl_typesupport_c: rosidl_typesupport_fastrtps_c;rosidl_typesupport_introspection_c
-- Using all available rosidl_typesupport_cpp: rosidl_typesupport_fastrtps_cpp;rosidl_typesupport_introspection_cpp
-- Found rclcpp: 16.0.4 (/opt/ros/humble/share/rclcpp/cmake)
-- Found rmw_implementation_cmake: 6.1.1 (/opt/ros/humble/share/rmw_implementation_cmake/cmake)
-- Found rmw_fastrtps_cpp: 6.2.2 (/opt/ros/humble/share/rmw_fastrtps_cpp/cmake)
-- Found OpenSSL: /usr/lib/x86_64-linux-gnu/libcrypto.so (found version "3.0.2")  
-- Found FastRTPS: /opt/ros/humble/include  
-- Using RMW implementation 'rmw_fastrtps_cpp' as default
-- Looking for pthread.h
-- Looking for pthread.h - found
-- Performing Test CMAKE_HAVE_LIBC_PTHREAD
-- Performing Test CMAKE_HAVE_LIBC_PTHREAD - Success
-- Found Threads: TRUE  
-- Found rclcpp_action: 16.0.4 (/opt/ros/humble/share/rclcpp_action/cmake)
-- Found rclcpp_components: 16.0.4 (/opt/ros/humble/share/rclcpp_components/cmake)
-- Found sensor_msgs: 4.2.3 (/opt/ros/humble/share/sensor_msgs/cmake)
-- Found control_msgs: 4.4.0 (/opt/ros/humble/share/control_msgs/cmake)
-- Found snp_msgs: 0.0.0 (/home/ubuntu/tesseract_ws/install/snp_msgs/share/snp_msgs/cmake)
-- Found std_srvs: 4.2.3 (/opt/ros/humble/share/std_srvs/cmake)
-- Found tf2_eigen: 0.25.2 (/opt/ros/humble/share/tf2_eigen/cmake)
-- Found rviz_common: 11.2.5 (/opt/ros/humble/share/rviz_common/cmake)
-- Setting OGRE_DIR to: '/opt/ros/humble/share/rviz_ogre_vendor/cmake/../../../opt/rviz_ogre_vendor/lib/OGRE/cmake'
-- Found OGRE
--   static     : OFF
--   components : HLMS;MeshLodGenerator;Overlay;Paging;Property;RTShaderSystem;Terrain;Volume
--   plugins    : Plugin_BSPSceneManager;Plugin_OctreeSceneManager;Plugin_PCZSceneManager;Plugin_ParticleFX;RenderSystem_GL;RenderSystem_GL3Plus;Codec_STBI
--   media      : /opt/ros/humble/opt/rviz_ogre_vendor/share/OGRE/Media
-- OGRE_LIBRARIES: OgreHLMS;OgreMeshLodGenerator;OgreOverlay;OgrePaging;OgreProperty;OgreRTShaderSystem;OgreTerrain;OgreVolume;OgreMain
-- OGRE_LIBRARY_DIRS: /opt/ros/humble/opt/rviz_ogre_vendor/lib
-- OGRE_PLUGINS: Plugin_BSPSceneManager;Plugin_OctreeSceneManager;Plugin_PCZSceneManager;Plugin_ParticleFX;RenderSystem_GL;RenderSystem_GL3Plus;Codec_STBI
-- OGRE_PLUGIN_DIR: /opt/ros/humble/opt/rviz_ogre_vendor/lib/OGRE
-- rviz_ogre_vendor::OgreOverlay for IMPORTED_LOCATION_RELEASE: /opt/ros/humble/opt/rviz_ogre_vendor/lib/libOgreOverlay.so
-- rviz_ogre_vendor::OgreOverlay for IMPORTED_LOCATION_DEBUG: /opt/ros/humble/opt/rviz_ogre_vendor/lib/libOgreOverlay.so
-- rviz_ogre_vendor::OgreMain for IMPORTED_LOCATION_RELEASE: /opt/ros/humble/opt/rviz_ogre_vendor/lib/libOgreMain.so
-- rviz_ogre_vendor::OgreMain for IMPORTED_LOCATION_DEBUG: /opt/ros/humble/opt/rviz_ogre_vendor/lib/libOgreMain.so
-- Could not find freeimage library
-- Found ZLIB: /usr/lib/x86_64-linux-gnu/libz.so (found version "1.2.11") 
-- Found OpenGL: /usr/lib/x86_64-linux-gnu/libOpenGL.so   
-- Found X11: /usr/include   
-- Looking for XOpenDisplay in /usr/lib/x86_64-linux-gnu/libX11.so;/usr/lib/x86_64-linux-gnu/libXext.so
-- Looking for XOpenDisplay in /usr/lib/x86_64-linux-gnu/libX11.so;/usr/lib/x86_64-linux-gnu/libXext.so - found
-- Looking for gethostbyname
-- Looking for gethostbyname - found
-- Looking for connect
-- Looking for connect - found
-- Looking for remove
-- Looking for remove - found
-- Looking for shmat
-- Looking for shmat - found
-- Looking for IceConnectionNumber in ICE
-- Looking for IceConnectionNumber in ICE - found
-- rviz_ogre_vendor::RenderSystem_GL for IMPORTED_LOCATION_RELEASE: _render_system_gl_static_library_abs-NOTFOUND
-- rviz_ogre_vendor::RenderSystem_GL for IMPORTED_LOCATION_DEBUG: _render_system_gl_static_library_abs-NOTFOUND
-- library: /usr/lib/x86_64-linux-gnu/libcurl.so
-- Found Eigen3: TRUE (found version "3.4.0") 
-- Ensuring Eigen3 include directory is part of orocos-kdl CMake target
-- Configuring done
-- Generating done
-- Build files have been written to: /home/ubuntu/tesseract_ws/build/snp_application
[  8%] [34m[1mAutomatic MOC and UIC for target snp_application_widget[0m
[  8%] Built target snp_application_widget_autogen
[ 16%] [32mBuilding CXX object CMakeFiles/snp_application_widget.dir/snp_application_widget_autogen/mocs_compilation.cpp.o[0m
[ 25%] [32mBuilding CXX object CMakeFiles/snp_application_widget.dir/src/snp_widget.cpp.o[0m
[ 33%] [32m[1mLinking CXX shared library libsnp_application_widget.so[0m
[ 33%] Built target snp_application_widget
[ 41%] [34m[1mAutomatic MOC and UIC for target snp_application_panel[0m
[ 41%] Built target snp_application_panel_autogen
[ 50%] [34m[1mAutomatic MOC and UIC for target roscon_app[0m
[ 50%] Built target roscon_app_autogen
[ 58%] [32mBuilding CXX object CMakeFiles/snp_application_panel.dir/snp_application_panel_autogen/mocs_compilation.cpp.o[0m
[ 66%] [32mBuilding CXX object CMakeFiles/snp_application_panel.dir/src/snp_panel.cpp.o[0m
[ 75%] [32m[1mLinking CXX shared library libsnp_application_panel.so[0m
[ 75%] Built target snp_application_panel
[ 83%] [32mBuilding CXX object CMakeFiles/roscon_app.dir/roscon_app_autogen/mocs_compilation.cpp.o[0m
[ 91%] [32mBuilding CXX object CMakeFiles/roscon_app.dir/src/main.cpp.o[0m
[100%] [32m[1mLinking CXX executable roscon_app[0m
[100%] Built target roscon_app
-- Install configuration: ""
-- Execute custom install script
-- Symlinking: /home/ubuntu/tesseract_ws/install/snp_application/share/snp_application/environment/library_path.sh
-- Symlinking: /home/ubuntu/tesseract_ws/install/snp_application/share/snp_application/environment/library_path.dsv
-- Symlinking: /home/ubuntu/tesseract_ws/install/snp_application/lib/snp_application//roscon_app
-- Symlinking: /home/ubuntu/tesseract_ws/install/snp_application/share/snp_application//plugin_description.xml
-- Symlinking: /home/ubuntu/tesseract_ws/install/snp_application/share/ament_index/resource_index/package_run_dependencies/snp_application
-- Symlinking: /home/ubuntu/tesseract_ws/install/snp_application/share/ament_index/resource_index/parent_prefix_path/snp_application
-- Symlinking: /home/ubuntu/tesseract_ws/install/snp_application/share/snp_application/environment/ament_prefix_path.sh
-- Symlinking: /home/ubuntu/tesseract_ws/install/snp_application/share/snp_application/environment/ament_prefix_path.dsv
-- Symlinking: /home/ubuntu/tesseract_ws/install/snp_application/share/snp_application/environment/path.sh
-- Symlinking: /home/ubuntu/tesseract_ws/install/snp_application/share/snp_application/environment/path.dsv
-- Symlinking: /home/ubuntu/tesseract_ws/install/snp_application/share/snp_application/local_setup.bash
-- Symlinking: /home/ubuntu/tesseract_ws/install/snp_application/share/snp_application/local_setup.sh
-- Symlinking: /home/ubuntu/tesseract_ws/install/snp_application/share/snp_application/local_setup.zsh
-- Symlinking: /home/ubuntu/tesseract_ws/install/snp_application/share/snp_application/local_setup.dsv
-- Symlinking: /home/ubuntu/tesseract_ws/install/snp_application/share/snp_application/package.dsv
-- Symlinking: /home/ubuntu/tesseract_ws/install/snp_application/share/ament_index/resource_index/packages/snp_application
-- Symlinking: /home/ubuntu/tesseract_ws/install/snp_application/share/ament_index/resource_index/rviz_common__pluginlib__plugin/snp_application
-- Symlinking: /home/ubuntu/tesseract_ws/install/snp_application/share/snp_application/cmake/ament_cmake_export_targets-extras.cmake
-- Symlinking: /home/ubuntu/tesseract_ws/install/snp_application/share/snp_application/cmake/snp_applicationConfig.cmake
-- Symlinking: /home/ubuntu/tesseract_ws/install/snp_application/share/snp_application/cmake/snp_applicationConfig-version.cmake
-- Symlinking: /home/ubuntu/tesseract_ws/install/snp_application/share/snp_application/package.xml
-- Installing: /home/ubuntu/tesseract_ws/install/snp_application/lib/libsnp_application_widget.so
-- Set runtime path of "/home/ubuntu/tesseract_ws/install/snp_application/lib/libsnp_application_widget.so" to ""
-- Installing: /home/ubuntu/tesseract_ws/install/snp_application/lib/libsnp_application_panel.so
-- Set runtime path of "/home/ubuntu/tesseract_ws/install/snp_application/lib/libsnp_application_panel.so" to ""
-- Installing: /home/ubuntu/tesseract_ws/install/snp_application/share/snp_application/cmake/snp_application-targetsExport.cmake
-- Installing: /home/ubuntu/tesseract_ws/install/snp_application/share/snp_application/cmake/snp_application-targetsExport-noconfig.cmake
