[0.050s] Invoking command in '/home/ubuntu/tesseract_ws/build/snp_application': CMAKE_PREFIX_PATH=/home/ubuntu/tesseract_ws/install/snp_msgs:/home/ubuntu/tesseract_ws/install/industrial_reconstruction_msgs:/home/ubuntu/tesseract_ws/install/vhacd:/home/ubuntu/tesseract_ws/install/tesseract_ros_examples:/home/ubuntu/tesseract_ws/install/tesseract_rviz:/home/ubuntu/tesseract_ws/install/tesseract_planning_server:/home/ubuntu/tesseract_ws/install/snp_motion_planning:/home/ubuntu/tesseract_ws/install/tesseract_monitoring:/home/ubuntu/tesseract_ws/install/tesseract_rosutils:/home/ubuntu/tesseract_ws/install/tesseract_qt:/home/ubuntu/tesseract_ws/install/tesseract_examples:/home/ubuntu/tesseract_ws/install/tesseract_task_composer:/home/ubuntu/tesseract_ws/install/tesseract_motion_planners:/home/ubuntu/tesseract_ws/install/trajopt_sqp:/home/ubuntu/tesseract_ws/install/trajopt:/home/ubuntu/tesseract_ws/install/trajopt_sco:/home/ubuntu/tesseract_ws/install/trajopt_ifopt:/home/ubuntu/tesseract_ws/install/trajopt_common:/home/ubuntu/tesseract_ws/install/tesseract_visualization:/home/ubuntu/tesseract_ws/install/tesseract_environment:/home/ubuntu/tesseract_ws/install/tesseract_urdf:/home/ubuntu/tesseract_ws/install/tesseract_time_parameterization:/home/ubuntu/tesseract_ws/install/tesseract_collision:/home/ubuntu/tesseract_ws/install/tesseract_support:/home/ubuntu/tesseract_ws/install/tesseract_kinematics:/home/ubuntu/tesseract_ws/install/tesseract_state_solver:/home/ubuntu/tesseract_ws/install/tesseract_srdf:/home/ubuntu/tesseract_ws/install/tesseract_scene_graph:/home/ubuntu/tesseract_ws/install/tesseract_msgs:/home/ubuntu/tesseract_ws/install/tesseract_geometry:/home/ubuntu/tesseract_ws/install/tesseract_command_language:/home/ubuntu/tesseract_ws/install/tesseract_common:/home/ubuntu/tesseract_ws/install/snp_automate_2022:/home/ubuntu/tesseract_ws/install/snp_tpp:/home/ubuntu/tesseract_ws/install/snp_scanning:/home/ubuntu/tesseract_ws/install/snp_motion_execution:/home/ubuntu/tesseract_ws/install/snp_application:/home/ubuntu/tesseract_ws/install/rviz_polygon_selection_tool:/home/ubuntu/tesseract_ws/install/ros_industrial_cmake_boilerplate:/home/ubuntu/tesseract_ws/install/qt_advanced_docking:/home/ubuntu/tesseract_ws/install/qpoases:/home/ubuntu/tesseract_ws/install/osqp_eigen:/home/ubuntu/tesseract_ws/install/osqp:/home/ubuntu/tesseract_ws/install/opw_kinematics:/home/ubuntu/tesseract_ws/install/noether_gui:/home/ubuntu/tesseract_ws/install/noether_tpp:/home/ubuntu/tesseract_ws/install/noether_filtering:/home/ubuntu/tesseract_ws/install/motoman_hc10_support:/home/ubuntu/tesseract_ws/install/motoman_resources:/home/ubuntu/tesseract_ws/install/ifopt:/home/ubuntu/tesseract_ws/install/descartes_light:/home/ubuntu/tesseract_ws/install/boost_plugin_loader:/home/ubuntu/tesseract_ws/install/Taskflow:/home/ubuntu/tesseract_ws/install/industrial_reconstruction:/opt/ros/humble LD_LIBRARY_PATH=/home/ubuntu/tesseract_ws/install/snp_msgs/lib:/home/ubuntu/tesseract_ws/install/industrial_reconstruction_msgs/lib:/home/ubuntu/tesseract_ws/install/vhacd/lib:/home/ubuntu/tesseract_ws/install/tesseract_rviz/lib:/home/ubuntu/tesseract_ws/install/tesseract_planning_server/lib:/home/ubuntu/tesseract_ws/install/snp_motion_planning/lib:/home/ubuntu/tesseract_ws/install/tesseract_monitoring/lib:/home/ubuntu/tesseract_ws/install/tesseract_rosutils/lib:/home/ubuntu/tesseract_ws/install/tesseract_qt/lib:/home/ubuntu/tesseract_ws/install/tesseract_examples/lib:/home/ubuntu/tesseract_ws/install/tesseract_task_composer/lib:/home/ubuntu/tesseract_ws/install/tesseract_motion_planners/lib:/home/ubuntu/tesseract_ws/install/trajopt_sqp/lib:/home/ubuntu/tesseract_ws/install/trajopt/lib:/home/ubuntu/tesseract_ws/install/trajopt_sco/lib:/home/ubuntu/tesseract_ws/install/trajopt_ifopt/lib:/home/ubuntu/tesseract_ws/install/trajopt_common/lib:/home/ubuntu/tesseract_ws/install/tesseract_visualization/lib:/home/ubuntu/tesseract_ws/install/tesseract_environment/lib:/home/ubuntu/tesseract_ws/install/tesseract_urdf/lib:/home/ubuntu/tesseract_ws/install/tesseract_time_parameterization/lib:/home/ubuntu/tesseract_ws/install/tesseract_collision/lib:/home/ubuntu/tesseract_ws/install/tesseract_support/lib:/home/ubuntu/tesseract_ws/install/tesseract_kinematics/lib:/home/ubuntu/tesseract_ws/install/tesseract_state_solver/lib:/home/ubuntu/tesseract_ws/install/tesseract_srdf/lib:/home/ubuntu/tesseract_ws/install/tesseract_scene_graph/lib:/home/ubuntu/tesseract_ws/install/tesseract_msgs/lib:/home/ubuntu/tesseract_ws/install/tesseract_geometry/lib:/home/ubuntu/tesseract_ws/install/tesseract_command_language/lib:/home/ubuntu/tesseract_ws/install/tesseract_common/lib:/home/ubuntu/tesseract_ws/install/snp_tpp/lib:/home/ubuntu/tesseract_ws/install/snp_application/lib:/home/ubuntu/tesseract_ws/install/rviz_polygon_selection_tool/lib:/home/ubuntu/tesseract_ws/install/qt_advanced_docking/lib:/home/ubuntu/tesseract_ws/install/qpoases/lib:/home/ubuntu/tesseract_ws/install/osqp_eigen/lib:/home/ubuntu/tesseract_ws/install/osqp/lib:/home/ubuntu/tesseract_ws/install/noether_gui/lib:/home/ubuntu/tesseract_ws/install/noether_tpp/lib:/home/ubuntu/tesseract_ws/install/noether_filtering/lib:/home/ubuntu/tesseract_ws/install/ifopt/lib:/home/ubuntu/tesseract_ws/install/descartes_light/lib:/home/ubuntu/tesseract_ws/install/boost_plugin_loader/lib:/opt/ros/humble/opt/rviz_ogre_vendor/lib:/opt/ros/humble/lib/x86_64-linux-gnu:/opt/ros/humble/lib /usr/bin/cmake /home/ubuntu/tesseract_ws/src/snp_application -DTESSERACT_BUILD_FCL=OFF -DAMENT_CMAKE_SYMLINK_INSTALL=1 -DCMAKE_INSTALL_PREFIX=/home/ubuntu/tesseract_ws/install/snp_application
[0.191s] -- The C compiler identification is GNU 11.3.0
[0.313s] -- The CXX compiler identification is GNU 11.3.0
[0.330s] -- Detecting C compiler ABI info
[0.566s] -- Detecting C compiler ABI info - done
[0.580s] -- Check for working C compiler: /usr/bin/cc - skipped
[0.585s] -- Detecting C compile features
[0.586s] -- Detecting C compile features - done
[0.593s] -- Detecting CXX compiler ABI info
[0.880s] -- Detecting CXX compiler ABI info - done
[0.894s] -- Check for working CXX compiler: /usr/bin/c++ - skipped
[0.895s] -- Detecting CXX compile features
[0.895s] -- Detecting CXX compile features - done
[0.985s] -- Found ament_cmake: 1.3.5 (/opt/ros/humble/share/ament_cmake/cmake)
[1.362s] -- Found Python3: /usr/bin/python3.10 (found version "3.10.6") found components: Interpreter 
[1.477s] -- Override CMake install command with custom implementation using symlinks instead of copying resources
[1.643s] -- Found industrial_reconstruction_msgs: 0.0.0 (/home/ubuntu/tesseract_ws/install/industrial_reconstruction_msgs/share/industrial_reconstruction_msgs/cmake)
[1.797s] -- Found rosidl_generator_c: 3.1.4 (/opt/ros/humble/share/rosidl_generator_c/cmake)
[1.817s] -- Found rosidl_adapter: 3.1.4 (/opt/ros/humble/share/rosidl_adapter/cmake)
[1.850s] -- Found rosidl_generator_cpp: 3.1.4 (/opt/ros/humble/share/rosidl_generator_cpp/cmake)
[1.897s] -- Using all available rosidl_typesupport_c: rosidl_typesupport_fastrtps_c;rosidl_typesupport_introspection_c
[1.969s] -- Using all available rosidl_typesupport_cpp: rosidl_typesupport_fastrtps_cpp;rosidl_typesupport_introspection_cpp
[2.502s] -- Found rclcpp: 16.0.4 (/opt/ros/humble/share/rclcpp/cmake)
[2.748s] -- Found rmw_implementation_cmake: 6.1.1 (/opt/ros/humble/share/rmw_implementation_cmake/cmake)
[2.765s] -- Found rmw_fastrtps_cpp: 6.2.2 (/opt/ros/humble/share/rmw_fastrtps_cpp/cmake)
[3.260s] -- Found OpenSSL: /usr/lib/x86_64-linux-gnu/libcrypto.so (found version "3.0.2")  
[3.362s] -- Found FastRTPS: /opt/ros/humble/include  
[3.509s] -- Using RMW implementation 'rmw_fastrtps_cpp' as default
[3.553s] -- Looking for pthread.h
[3.736s] -- Looking for pthread.h - found
[3.737s] -- Performing Test CMAKE_HAVE_LIBC_PTHREAD
[3.925s] -- Performing Test CMAKE_HAVE_LIBC_PTHREAD - Success
[3.925s] -- Found Threads: TRUE  
[4.251s] -- Found rclcpp_action: 16.0.4 (/opt/ros/humble/share/rclcpp_action/cmake)
[4.508s] -- Found rclcpp_components: 16.0.4 (/opt/ros/humble/share/rclcpp_components/cmake)
[4.691s] -- Found sensor_msgs: 4.2.3 (/opt/ros/humble/share/sensor_msgs/cmake)
[4.894s] -- Found control_msgs: 4.4.0 (/opt/ros/humble/share/control_msgs/cmake)
[5.542s] -- Found snp_msgs: 0.0.0 (/home/ubuntu/tesseract_ws/install/snp_msgs/share/snp_msgs/cmake)
[5.775s] -- Found std_srvs: 4.2.3 (/opt/ros/humble/share/std_srvs/cmake)
[5.820s] -- Found tf2_eigen: 0.25.2 (/opt/ros/humble/share/tf2_eigen/cmake)
[6.283s] -- Found rviz_common: 11.2.5 (/opt/ros/humble/share/rviz_common/cmake)
[6.350s] -- Setting OGRE_DIR to: '/opt/ros/humble/share/rviz_ogre_vendor/cmake/../../../opt/rviz_ogre_vendor/lib/OGRE/cmake'
[6.353s] -- Found OGRE
[6.353s] --   static     : OFF
[6.353s] --   components : HLMS;MeshLodGenerator;Overlay;Paging;Property;RTShaderSystem;Terrain;Volume
[6.353s] --   plugins    : Plugin_BSPSceneManager;Plugin_OctreeSceneManager;Plugin_PCZSceneManager;Plugin_ParticleFX;RenderSystem_GL;RenderSystem_GL3Plus;Codec_STBI
[6.354s] --   media      : /opt/ros/humble/opt/rviz_ogre_vendor/share/OGRE/Media
[6.354s] -- OGRE_LIBRARIES: OgreHLMS;OgreMeshLodGenerator;OgreOverlay;OgrePaging;OgreProperty;OgreRTShaderSystem;OgreTerrain;OgreVolume;OgreMain
[6.354s] -- OGRE_LIBRARY_DIRS: /opt/ros/humble/opt/rviz_ogre_vendor/lib
[6.354s] -- OGRE_PLUGINS: Plugin_BSPSceneManager;Plugin_OctreeSceneManager;Plugin_PCZSceneManager;Plugin_ParticleFX;RenderSystem_GL;RenderSystem_GL3Plus;Codec_STBI
[6.354s] -- OGRE_PLUGIN_DIR: /opt/ros/humble/opt/rviz_ogre_vendor/lib/OGRE
[6.355s] -- rviz_ogre_vendor::OgreOverlay for IMPORTED_LOCATION_RELEASE: /opt/ros/humble/opt/rviz_ogre_vendor/lib/libOgreOverlay.so
[6.355s] -- rviz_ogre_vendor::OgreOverlay for IMPORTED_LOCATION_DEBUG: /opt/ros/humble/opt/rviz_ogre_vendor/lib/libOgreOverlay.so
[6.356s] -- rviz_ogre_vendor::OgreMain for IMPORTED_LOCATION_RELEASE: /opt/ros/humble/opt/rviz_ogre_vendor/lib/libOgreMain.so
[6.356s] -- rviz_ogre_vendor::OgreMain for IMPORTED_LOCATION_DEBUG: /opt/ros/humble/opt/rviz_ogre_vendor/lib/libOgreMain.so
[6.361s] -- Could not find freeimage library
[6.425s] -- Found ZLIB: /usr/lib/x86_64-linux-gnu/libz.so (found version "1.2.11") 
[6.443s] -- Found OpenGL: /usr/lib/x86_64-linux-gnu/libOpenGL.so   
[6.792s] -- Found X11: /usr/include   
[6.792s] -- Looking for XOpenDisplay in /usr/lib/x86_64-linux-gnu/libX11.so;/usr/lib/x86_64-linux-gnu/libXext.so
[7.030s] -- Looking for XOpenDisplay in /usr/lib/x86_64-linux-gnu/libX11.so;/usr/lib/x86_64-linux-gnu/libXext.so - found
[7.031s] -- Looking for gethostbyname
[7.206s] -- Looking for gethostbyname - found
[7.206s] -- Looking for connect
[7.374s] -- Looking for connect - found
[7.374s] -- Looking for remove
[7.549s] -- Looking for remove - found
[7.549s] -- Looking for shmat
[7.728s] -- Looking for shmat - found
[7.728s] -- Looking for IceConnectionNumber in ICE
[7.903s] -- Looking for IceConnectionNumber in ICE - found
[7.908s] -- rviz_ogre_vendor::RenderSystem_GL for IMPORTED_LOCATION_RELEASE: _render_system_gl_static_library_abs-NOTFOUND
[7.909s] -- rviz_ogre_vendor::RenderSystem_GL for IMPORTED_LOCATION_DEBUG: _render_system_gl_static_library_abs-NOTFOUND
[8.192s] -- library: /usr/lib/x86_64-linux-gnu/libcurl.so
[8.363s] -- Found Eigen3: TRUE (found version "3.4.0") 
[8.363s] -- Ensuring Eigen3 include directory is part of orocos-kdl CMake target
[8.661s] -- Configuring done
[8.801s] -- Generating done
[8.805s] [33mCMake Warning:
[8.805s]   Manually-specified variables were not used by the project:
[8.805s] 
[8.805s]     TESSERACT_BUILD_FCL
[8.805s] 
[8.805s] [0m
[8.806s] -- Build files have been written to: /home/ubuntu/tesseract_ws/build/snp_application
[8.835s] Invoked command in '/home/ubuntu/tesseract_ws/build/snp_application' returned '0': CMAKE_PREFIX_PATH=/home/ubuntu/tesseract_ws/install/snp_msgs:/home/ubuntu/tesseract_ws/install/industrial_reconstruction_msgs:/home/ubuntu/tesseract_ws/install/vhacd:/home/ubuntu/tesseract_ws/install/tesseract_ros_examples:/home/ubuntu/tesseract_ws/install/tesseract_rviz:/home/ubuntu/tesseract_ws/install/tesseract_planning_server:/home/ubuntu/tesseract_ws/install/snp_motion_planning:/home/ubuntu/tesseract_ws/install/tesseract_monitoring:/home/ubuntu/tesseract_ws/install/tesseract_rosutils:/home/ubuntu/tesseract_ws/install/tesseract_qt:/home/ubuntu/tesseract_ws/install/tesseract_examples:/home/ubuntu/tesseract_ws/install/tesseract_task_composer:/home/ubuntu/tesseract_ws/install/tesseract_motion_planners:/home/ubuntu/tesseract_ws/install/trajopt_sqp:/home/ubuntu/tesseract_ws/install/trajopt:/home/ubuntu/tesseract_ws/install/trajopt_sco:/home/ubuntu/tesseract_ws/install/trajopt_ifopt:/home/ubuntu/tesseract_ws/install/trajopt_common:/home/ubuntu/tesseract_ws/install/tesseract_visualization:/home/ubuntu/tesseract_ws/install/tesseract_environment:/home/ubuntu/tesseract_ws/install/tesseract_urdf:/home/ubuntu/tesseract_ws/install/tesseract_time_parameterization:/home/ubuntu/tesseract_ws/install/tesseract_collision:/home/ubuntu/tesseract_ws/install/tesseract_support:/home/ubuntu/tesseract_ws/install/tesseract_kinematics:/home/ubuntu/tesseract_ws/install/tesseract_state_solver:/home/ubuntu/tesseract_ws/install/tesseract_srdf:/home/ubuntu/tesseract_ws/install/tesseract_scene_graph:/home/ubuntu/tesseract_ws/install/tesseract_msgs:/home/ubuntu/tesseract_ws/install/tesseract_geometry:/home/ubuntu/tesseract_ws/install/tesseract_command_language:/home/ubuntu/tesseract_ws/install/tesseract_common:/home/ubuntu/tesseract_ws/install/snp_automate_2022:/home/ubuntu/tesseract_ws/install/snp_tpp:/home/ubuntu/tesseract_ws/install/snp_scanning:/home/ubuntu/tesseract_ws/install/snp_motion_execution:/home/ubuntu/tesseract_ws/install/snp_application:/home/ubuntu/tesseract_ws/install/rviz_polygon_selection_tool:/home/ubuntu/tesseract_ws/install/ros_industrial_cmake_boilerplate:/home/ubuntu/tesseract_ws/install/qt_advanced_docking:/home/ubuntu/tesseract_ws/install/qpoases:/home/ubuntu/tesseract_ws/install/osqp_eigen:/home/ubuntu/tesseract_ws/install/osqp:/home/ubuntu/tesseract_ws/install/opw_kinematics:/home/ubuntu/tesseract_ws/install/noether_gui:/home/ubuntu/tesseract_ws/install/noether_tpp:/home/ubuntu/tesseract_ws/install/noether_filtering:/home/ubuntu/tesseract_ws/install/motoman_hc10_support:/home/ubuntu/tesseract_ws/install/motoman_resources:/home/ubuntu/tesseract_ws/install/ifopt:/home/ubuntu/tesseract_ws/install/descartes_light:/home/ubuntu/tesseract_ws/install/boost_plugin_loader:/home/ubuntu/tesseract_ws/install/Taskflow:/home/ubuntu/tesseract_ws/install/industrial_reconstruction:/opt/ros/humble LD_LIBRARY_PATH=/home/ubuntu/tesseract_ws/install/snp_msgs/lib:/home/ubuntu/tesseract_ws/install/industrial_reconstruction_msgs/lib:/home/ubuntu/tesseract_ws/install/vhacd/lib:/home/ubuntu/tesseract_ws/install/tesseract_rviz/lib:/home/ubuntu/tesseract_ws/install/tesseract_planning_server/lib:/home/ubuntu/tesseract_ws/install/snp_motion_planning/lib:/home/ubuntu/tesseract_ws/install/tesseract_monitoring/lib:/home/ubuntu/tesseract_ws/install/tesseract_rosutils/lib:/home/ubuntu/tesseract_ws/install/tesseract_qt/lib:/home/ubuntu/tesseract_ws/install/tesseract_examples/lib:/home/ubuntu/tesseract_ws/install/tesseract_task_composer/lib:/home/ubuntu/tesseract_ws/install/tesseract_motion_planners/lib:/home/ubuntu/tesseract_ws/install/trajopt_sqp/lib:/home/ubuntu/tesseract_ws/install/trajopt/lib:/home/ubuntu/tesseract_ws/install/trajopt_sco/lib:/home/ubuntu/tesseract_ws/install/trajopt_ifopt/lib:/home/ubuntu/tesseract_ws/install/trajopt_common/lib:/home/ubuntu/tesseract_ws/install/tesseract_visualization/lib:/home/ubuntu/tesseract_ws/install/tesseract_environment/lib:/home/ubuntu/tesseract_ws/install/tesseract_urdf/lib:/home/ubuntu/tesseract_ws/install/tesseract_time_parameterization/lib:/home/ubuntu/tesseract_ws/install/tesseract_collision/lib:/home/ubuntu/tesseract_ws/install/tesseract_support/lib:/home/ubuntu/tesseract_ws/install/tesseract_kinematics/lib:/home/ubuntu/tesseract_ws/install/tesseract_state_solver/lib:/home/ubuntu/tesseract_ws/install/tesseract_srdf/lib:/home/ubuntu/tesseract_ws/install/tesseract_scene_graph/lib:/home/ubuntu/tesseract_ws/install/tesseract_msgs/lib:/home/ubuntu/tesseract_ws/install/tesseract_geometry/lib:/home/ubuntu/tesseract_ws/install/tesseract_command_language/lib:/home/ubuntu/tesseract_ws/install/tesseract_common/lib:/home/ubuntu/tesseract_ws/install/snp_tpp/lib:/home/ubuntu/tesseract_ws/install/snp_application/lib:/home/ubuntu/tesseract_ws/install/rviz_polygon_selection_tool/lib:/home/ubuntu/tesseract_ws/install/qt_advanced_docking/lib:/home/ubuntu/tesseract_ws/install/qpoases/lib:/home/ubuntu/tesseract_ws/install/osqp_eigen/lib:/home/ubuntu/tesseract_ws/install/osqp/lib:/home/ubuntu/tesseract_ws/install/noether_gui/lib:/home/ubuntu/tesseract_ws/install/noether_tpp/lib:/home/ubuntu/tesseract_ws/install/noether_filtering/lib:/home/ubuntu/tesseract_ws/install/ifopt/lib:/home/ubuntu/tesseract_ws/install/descartes_light/lib:/home/ubuntu/tesseract_ws/install/boost_plugin_loader/lib:/opt/ros/humble/opt/rviz_ogre_vendor/lib:/opt/ros/humble/lib/x86_64-linux-gnu:/opt/ros/humble/lib /usr/bin/cmake /home/ubuntu/tesseract_ws/src/snp_application -DTESSERACT_BUILD_FCL=OFF -DAMENT_CMAKE_SYMLINK_INSTALL=1 -DCMAKE_INSTALL_PREFIX=/home/ubuntu/tesseract_ws/install/snp_application
[8.836s] Invoking command in '/home/ubuntu/tesseract_ws/build/snp_application': CMAKE_PREFIX_PATH=/home/ubuntu/tesseract_ws/install/snp_msgs:/home/ubuntu/tesseract_ws/install/industrial_reconstruction_msgs:/home/ubuntu/tesseract_ws/install/vhacd:/home/ubuntu/tesseract_ws/install/tesseract_ros_examples:/home/ubuntu/tesseract_ws/install/tesseract_rviz:/home/ubuntu/tesseract_ws/install/tesseract_planning_server:/home/ubuntu/tesseract_ws/install/snp_motion_planning:/home/ubuntu/tesseract_ws/install/tesseract_monitoring:/home/ubuntu/tesseract_ws/install/tesseract_rosutils:/home/ubuntu/tesseract_ws/install/tesseract_qt:/home/ubuntu/tesseract_ws/install/tesseract_examples:/home/ubuntu/tesseract_ws/install/tesseract_task_composer:/home/ubuntu/tesseract_ws/install/tesseract_motion_planners:/home/ubuntu/tesseract_ws/install/trajopt_sqp:/home/ubuntu/tesseract_ws/install/trajopt:/home/ubuntu/tesseract_ws/install/trajopt_sco:/home/ubuntu/tesseract_ws/install/trajopt_ifopt:/home/ubuntu/tesseract_ws/install/trajopt_common:/home/ubuntu/tesseract_ws/install/tesseract_visualization:/home/ubuntu/tesseract_ws/install/tesseract_environment:/home/ubuntu/tesseract_ws/install/tesseract_urdf:/home/ubuntu/tesseract_ws/install/tesseract_time_parameterization:/home/ubuntu/tesseract_ws/install/tesseract_collision:/home/ubuntu/tesseract_ws/install/tesseract_support:/home/ubuntu/tesseract_ws/install/tesseract_kinematics:/home/ubuntu/tesseract_ws/install/tesseract_state_solver:/home/ubuntu/tesseract_ws/install/tesseract_srdf:/home/ubuntu/tesseract_ws/install/tesseract_scene_graph:/home/ubuntu/tesseract_ws/install/tesseract_msgs:/home/ubuntu/tesseract_ws/install/tesseract_geometry:/home/ubuntu/tesseract_ws/install/tesseract_command_language:/home/ubuntu/tesseract_ws/install/tesseract_common:/home/ubuntu/tesseract_ws/install/snp_automate_2022:/home/ubuntu/tesseract_ws/install/snp_tpp:/home/ubuntu/tesseract_ws/install/snp_scanning:/home/ubuntu/tesseract_ws/install/snp_motion_execution:/home/ubuntu/tesseract_ws/install/snp_application:/home/ubuntu/tesseract_ws/install/rviz_polygon_selection_tool:/home/ubuntu/tesseract_ws/install/ros_industrial_cmake_boilerplate:/home/ubuntu/tesseract_ws/install/qt_advanced_docking:/home/ubuntu/tesseract_ws/install/qpoases:/home/ubuntu/tesseract_ws/install/osqp_eigen:/home/ubuntu/tesseract_ws/install/osqp:/home/ubuntu/tesseract_ws/install/opw_kinematics:/home/ubuntu/tesseract_ws/install/noether_gui:/home/ubuntu/tesseract_ws/install/noether_tpp:/home/ubuntu/tesseract_ws/install/noether_filtering:/home/ubuntu/tesseract_ws/install/motoman_hc10_support:/home/ubuntu/tesseract_ws/install/motoman_resources:/home/ubuntu/tesseract_ws/install/ifopt:/home/ubuntu/tesseract_ws/install/descartes_light:/home/ubuntu/tesseract_ws/install/boost_plugin_loader:/home/ubuntu/tesseract_ws/install/Taskflow:/home/ubuntu/tesseract_ws/install/industrial_reconstruction:/opt/ros/humble LD_LIBRARY_PATH=/home/ubuntu/tesseract_ws/install/snp_msgs/lib:/home/ubuntu/tesseract_ws/install/industrial_reconstruction_msgs/lib:/home/ubuntu/tesseract_ws/install/vhacd/lib:/home/ubuntu/tesseract_ws/install/tesseract_rviz/lib:/home/ubuntu/tesseract_ws/install/tesseract_planning_server/lib:/home/ubuntu/tesseract_ws/install/snp_motion_planning/lib:/home/ubuntu/tesseract_ws/install/tesseract_monitoring/lib:/home/ubuntu/tesseract_ws/install/tesseract_rosutils/lib:/home/ubuntu/tesseract_ws/install/tesseract_qt/lib:/home/ubuntu/tesseract_ws/install/tesseract_examples/lib:/home/ubuntu/tesseract_ws/install/tesseract_task_composer/lib:/home/ubuntu/tesseract_ws/install/tesseract_motion_planners/lib:/home/ubuntu/tesseract_ws/install/trajopt_sqp/lib:/home/ubuntu/tesseract_ws/install/trajopt/lib:/home/ubuntu/tesseract_ws/install/trajopt_sco/lib:/home/ubuntu/tesseract_ws/install/trajopt_ifopt/lib:/home/ubuntu/tesseract_ws/install/trajopt_common/lib:/home/ubuntu/tesseract_ws/install/tesseract_visualization/lib:/home/ubuntu/tesseract_ws/install/tesseract_environment/lib:/home/ubuntu/tesseract_ws/install/tesseract_urdf/lib:/home/ubuntu/tesseract_ws/install/tesseract_time_parameterization/lib:/home/ubuntu/tesseract_ws/install/tesseract_collision/lib:/home/ubuntu/tesseract_ws/install/tesseract_support/lib:/home/ubuntu/tesseract_ws/install/tesseract_kinematics/lib:/home/ubuntu/tesseract_ws/install/tesseract_state_solver/lib:/home/ubuntu/tesseract_ws/install/tesseract_srdf/lib:/home/ubuntu/tesseract_ws/install/tesseract_scene_graph/lib:/home/ubuntu/tesseract_ws/install/tesseract_msgs/lib:/home/ubuntu/tesseract_ws/install/tesseract_geometry/lib:/home/ubuntu/tesseract_ws/install/tesseract_command_language/lib:/home/ubuntu/tesseract_ws/install/tesseract_common/lib:/home/ubuntu/tesseract_ws/install/snp_tpp/lib:/home/ubuntu/tesseract_ws/install/snp_application/lib:/home/ubuntu/tesseract_ws/install/rviz_polygon_selection_tool/lib:/home/ubuntu/tesseract_ws/install/qt_advanced_docking/lib:/home/ubuntu/tesseract_ws/install/qpoases/lib:/home/ubuntu/tesseract_ws/install/osqp_eigen/lib:/home/ubuntu/tesseract_ws/install/osqp/lib:/home/ubuntu/tesseract_ws/install/noether_gui/lib:/home/ubuntu/tesseract_ws/install/noether_tpp/lib:/home/ubuntu/tesseract_ws/install/noether_filtering/lib:/home/ubuntu/tesseract_ws/install/ifopt/lib:/home/ubuntu/tesseract_ws/install/descartes_light/lib:/home/ubuntu/tesseract_ws/install/boost_plugin_loader/lib:/opt/ros/humble/opt/rviz_ogre_vendor/lib:/opt/ros/humble/lib/x86_64-linux-gnu:/opt/ros/humble/lib /usr/bin/cmake --build /home/ubuntu/tesseract_ws/build/snp_application -- -j4 -l4
[8.993s] [  8%] [34m[1mAutomatic MOC and UIC for target snp_application_widget[0m
[9.633s] [  8%] Built target snp_application_widget_autogen
[9.702s] [ 16%] [32mBuilding CXX object CMakeFiles/snp_application_widget.dir/snp_application_widget_autogen/mocs_compilation.cpp.o[0m
[9.713s] [ 25%] [32mBuilding CXX object CMakeFiles/snp_application_widget.dir/src/snp_widget.cpp.o[0m
[10.903s] In file included from [01m[K/home/ubuntu/tesseract_ws/src/snp_application/src/snp_widget.cpp:8[m[K:
[10.903s] [01m[K/opt/ros/humble/include/tf2_eigen/tf2_eigen/tf2_eigen.h:32:2:[m[K [01;35m[Kwarning: [m[K#warning This header is obsolete, please include tf2_eigen/tf2_eigen.hpp instead [[01;35m[K]8;;https://gcc.gnu.org/onlinedocs/gcc/Warning-Options.html#index-Wcpp-Wcpp]8;;[m[K]
[10.903s]    32 | #[01;35m[Kwarning[m[K This header is obsolete, please include tf2_eigen/tf2_eigen.hpp instead
[10.903s]       |  [01;35m[K^~~~~~~[m[K
[46.103s] [ 33%] [32m[1mLinking CXX shared library libsnp_application_widget.so[0m
[50.401s] [ 33%] Built target snp_application_widget
[50.451s] [ 41%] [34m[1mAutomatic MOC and UIC for target snp_application_panel[0m
[50.525s] [ 41%] Built target snp_application_panel_autogen
[50.584s] [ 50%] [34m[1mAutomatic MOC and UIC for target roscon_app[0m
[50.650s] [ 50%] Built target roscon_app_autogen
[50.708s] [ 58%] [32mBuilding CXX object CMakeFiles/snp_application_panel.dir/snp_application_panel_autogen/mocs_compilation.cpp.o[0m
[50.757s] [ 66%] [32mBuilding CXX object CMakeFiles/snp_application_panel.dir/src/snp_panel.cpp.o[0m
[56.729s] [ 75%] [32m[1mLinking CXX shared library libsnp_application_panel.so[0m
[58.097s] [ 75%] Built target snp_application_panel
[58.142s] [ 83%] [32mBuilding CXX object CMakeFiles/roscon_app.dir/roscon_app_autogen/mocs_compilation.cpp.o[0m
[58.178s] [ 91%] [32mBuilding CXX object CMakeFiles/roscon_app.dir/src/main.cpp.o[0m
[65.855s] [100%] [32m[1mLinking CXX executable roscon_app[0m
[68.270s] [100%] Built target roscon_app
[68.296s] Invoked command in '/home/ubuntu/tesseract_ws/build/snp_application' returned '0': CMAKE_PREFIX_PATH=/home/ubuntu/tesseract_ws/install/snp_msgs:/home/ubuntu/tesseract_ws/install/industrial_reconstruction_msgs:/home/ubuntu/tesseract_ws/install/vhacd:/home/ubuntu/tesseract_ws/install/tesseract_ros_examples:/home/ubuntu/tesseract_ws/install/tesseract_rviz:/home/ubuntu/tesseract_ws/install/tesseract_planning_server:/home/ubuntu/tesseract_ws/install/snp_motion_planning:/home/ubuntu/tesseract_ws/install/tesseract_monitoring:/home/ubuntu/tesseract_ws/install/tesseract_rosutils:/home/ubuntu/tesseract_ws/install/tesseract_qt:/home/ubuntu/tesseract_ws/install/tesseract_examples:/home/ubuntu/tesseract_ws/install/tesseract_task_composer:/home/ubuntu/tesseract_ws/install/tesseract_motion_planners:/home/ubuntu/tesseract_ws/install/trajopt_sqp:/home/ubuntu/tesseract_ws/install/trajopt:/home/ubuntu/tesseract_ws/install/trajopt_sco:/home/ubuntu/tesseract_ws/install/trajopt_ifopt:/home/ubuntu/tesseract_ws/install/trajopt_common:/home/ubuntu/tesseract_ws/install/tesseract_visualization:/home/ubuntu/tesseract_ws/install/tesseract_environment:/home/ubuntu/tesseract_ws/install/tesseract_urdf:/home/ubuntu/tesseract_ws/install/tesseract_time_parameterization:/home/ubuntu/tesseract_ws/install/tesseract_collision:/home/ubuntu/tesseract_ws/install/tesseract_support:/home/ubuntu/tesseract_ws/install/tesseract_kinematics:/home/ubuntu/tesseract_ws/install/tesseract_state_solver:/home/ubuntu/tesseract_ws/install/tesseract_srdf:/home/ubuntu/tesseract_ws/install/tesseract_scene_graph:/home/ubuntu/tesseract_ws/install/tesseract_msgs:/home/ubuntu/tesseract_ws/install/tesseract_geometry:/home/ubuntu/tesseract_ws/install/tesseract_command_language:/home/ubuntu/tesseract_ws/install/tesseract_common:/home/ubuntu/tesseract_ws/install/snp_automate_2022:/home/ubuntu/tesseract_ws/install/snp_tpp:/home/ubuntu/tesseract_ws/install/snp_scanning:/home/ubuntu/tesseract_ws/install/snp_motion_execution:/home/ubuntu/tesseract_ws/install/snp_application:/home/ubuntu/tesseract_ws/install/rviz_polygon_selection_tool:/home/ubuntu/tesseract_ws/install/ros_industrial_cmake_boilerplate:/home/ubuntu/tesseract_ws/install/qt_advanced_docking:/home/ubuntu/tesseract_ws/install/qpoases:/home/ubuntu/tesseract_ws/install/osqp_eigen:/home/ubuntu/tesseract_ws/install/osqp:/home/ubuntu/tesseract_ws/install/opw_kinematics:/home/ubuntu/tesseract_ws/install/noether_gui:/home/ubuntu/tesseract_ws/install/noether_tpp:/home/ubuntu/tesseract_ws/install/noether_filtering:/home/ubuntu/tesseract_ws/install/motoman_hc10_support:/home/ubuntu/tesseract_ws/install/motoman_resources:/home/ubuntu/tesseract_ws/install/ifopt:/home/ubuntu/tesseract_ws/install/descartes_light:/home/ubuntu/tesseract_ws/install/boost_plugin_loader:/home/ubuntu/tesseract_ws/install/Taskflow:/home/ubuntu/tesseract_ws/install/industrial_reconstruction:/opt/ros/humble LD_LIBRARY_PATH=/home/ubuntu/tesseract_ws/install/snp_msgs/lib:/home/ubuntu/tesseract_ws/install/industrial_reconstruction_msgs/lib:/home/ubuntu/tesseract_ws/install/vhacd/lib:/home/ubuntu/tesseract_ws/install/tesseract_rviz/lib:/home/ubuntu/tesseract_ws/install/tesseract_planning_server/lib:/home/ubuntu/tesseract_ws/install/snp_motion_planning/lib:/home/ubuntu/tesseract_ws/install/tesseract_monitoring/lib:/home/ubuntu/tesseract_ws/install/tesseract_rosutils/lib:/home/ubuntu/tesseract_ws/install/tesseract_qt/lib:/home/ubuntu/tesseract_ws/install/tesseract_examples/lib:/home/ubuntu/tesseract_ws/install/tesseract_task_composer/lib:/home/ubuntu/tesseract_ws/install/tesseract_motion_planners/lib:/home/ubuntu/tesseract_ws/install/trajopt_sqp/lib:/home/ubuntu/tesseract_ws/install/trajopt/lib:/home/ubuntu/tesseract_ws/install/trajopt_sco/lib:/home/ubuntu/tesseract_ws/install/trajopt_ifopt/lib:/home/ubuntu/tesseract_ws/install/trajopt_common/lib:/home/ubuntu/tesseract_ws/install/tesseract_visualization/lib:/home/ubuntu/tesseract_ws/install/tesseract_environment/lib:/home/ubuntu/tesseract_ws/install/tesseract_urdf/lib:/home/ubuntu/tesseract_ws/install/tesseract_time_parameterization/lib:/home/ubuntu/tesseract_ws/install/tesseract_collision/lib:/home/ubuntu/tesseract_ws/install/tesseract_support/lib:/home/ubuntu/tesseract_ws/install/tesseract_kinematics/lib:/home/ubuntu/tesseract_ws/install/tesseract_state_solver/lib:/home/ubuntu/tesseract_ws/install/tesseract_srdf/lib:/home/ubuntu/tesseract_ws/install/tesseract_scene_graph/lib:/home/ubuntu/tesseract_ws/install/tesseract_msgs/lib:/home/ubuntu/tesseract_ws/install/tesseract_geometry/lib:/home/ubuntu/tesseract_ws/install/tesseract_command_language/lib:/home/ubuntu/tesseract_ws/install/tesseract_common/lib:/home/ubuntu/tesseract_ws/install/snp_tpp/lib:/home/ubuntu/tesseract_ws/install/snp_application/lib:/home/ubuntu/tesseract_ws/install/rviz_polygon_selection_tool/lib:/home/ubuntu/tesseract_ws/install/qt_advanced_docking/lib:/home/ubuntu/tesseract_ws/install/qpoases/lib:/home/ubuntu/tesseract_ws/install/osqp_eigen/lib:/home/ubuntu/tesseract_ws/install/osqp/lib:/home/ubuntu/tesseract_ws/install/noether_gui/lib:/home/ubuntu/tesseract_ws/install/noether_tpp/lib:/home/ubuntu/tesseract_ws/install/noether_filtering/lib:/home/ubuntu/tesseract_ws/install/ifopt/lib:/home/ubuntu/tesseract_ws/install/descartes_light/lib:/home/ubuntu/tesseract_ws/install/boost_plugin_loader/lib:/opt/ros/humble/opt/rviz_ogre_vendor/lib:/opt/ros/humble/lib/x86_64-linux-gnu:/opt/ros/humble/lib /usr/bin/cmake --build /home/ubuntu/tesseract_ws/build/snp_application -- -j4 -l4
[68.506s] Invoking command in '/home/ubuntu/tesseract_ws/build/snp_application': CMAKE_PREFIX_PATH=/home/ubuntu/tesseract_ws/install/snp_msgs:/home/ubuntu/tesseract_ws/install/industrial_reconstruction_msgs:/home/ubuntu/tesseract_ws/install/vhacd:/home/ubuntu/tesseract_ws/install/tesseract_ros_examples:/home/ubuntu/tesseract_ws/install/tesseract_rviz:/home/ubuntu/tesseract_ws/install/tesseract_planning_server:/home/ubuntu/tesseract_ws/install/snp_motion_planning:/home/ubuntu/tesseract_ws/install/tesseract_monitoring:/home/ubuntu/tesseract_ws/install/tesseract_rosutils:/home/ubuntu/tesseract_ws/install/tesseract_qt:/home/ubuntu/tesseract_ws/install/tesseract_examples:/home/ubuntu/tesseract_ws/install/tesseract_task_composer:/home/ubuntu/tesseract_ws/install/tesseract_motion_planners:/home/ubuntu/tesseract_ws/install/trajopt_sqp:/home/ubuntu/tesseract_ws/install/trajopt:/home/ubuntu/tesseract_ws/install/trajopt_sco:/home/ubuntu/tesseract_ws/install/trajopt_ifopt:/home/ubuntu/tesseract_ws/install/trajopt_common:/home/ubuntu/tesseract_ws/install/tesseract_visualization:/home/ubuntu/tesseract_ws/install/tesseract_environment:/home/ubuntu/tesseract_ws/install/tesseract_urdf:/home/ubuntu/tesseract_ws/install/tesseract_time_parameterization:/home/ubuntu/tesseract_ws/install/tesseract_collision:/home/ubuntu/tesseract_ws/install/tesseract_support:/home/ubuntu/tesseract_ws/install/tesseract_kinematics:/home/ubuntu/tesseract_ws/install/tesseract_state_solver:/home/ubuntu/tesseract_ws/install/tesseract_srdf:/home/ubuntu/tesseract_ws/install/tesseract_scene_graph:/home/ubuntu/tesseract_ws/install/tesseract_msgs:/home/ubuntu/tesseract_ws/install/tesseract_geometry:/home/ubuntu/tesseract_ws/install/tesseract_command_language:/home/ubuntu/tesseract_ws/install/tesseract_common:/home/ubuntu/tesseract_ws/install/snp_automate_2022:/home/ubuntu/tesseract_ws/install/snp_tpp:/home/ubuntu/tesseract_ws/install/snp_scanning:/home/ubuntu/tesseract_ws/install/snp_motion_execution:/home/ubuntu/tesseract_ws/install/snp_application:/home/ubuntu/tesseract_ws/install/rviz_polygon_selection_tool:/home/ubuntu/tesseract_ws/install/ros_industrial_cmake_boilerplate:/home/ubuntu/tesseract_ws/install/qt_advanced_docking:/home/ubuntu/tesseract_ws/install/qpoases:/home/ubuntu/tesseract_ws/install/osqp_eigen:/home/ubuntu/tesseract_ws/install/osqp:/home/ubuntu/tesseract_ws/install/opw_kinematics:/home/ubuntu/tesseract_ws/install/noether_gui:/home/ubuntu/tesseract_ws/install/noether_tpp:/home/ubuntu/tesseract_ws/install/noether_filtering:/home/ubuntu/tesseract_ws/install/motoman_hc10_support:/home/ubuntu/tesseract_ws/install/motoman_resources:/home/ubuntu/tesseract_ws/install/ifopt:/home/ubuntu/tesseract_ws/install/descartes_light:/home/ubuntu/tesseract_ws/install/boost_plugin_loader:/home/ubuntu/tesseract_ws/install/Taskflow:/home/ubuntu/tesseract_ws/install/industrial_reconstruction:/opt/ros/humble LD_LIBRARY_PATH=/home/ubuntu/tesseract_ws/install/snp_msgs/lib:/home/ubuntu/tesseract_ws/install/industrial_reconstruction_msgs/lib:/home/ubuntu/tesseract_ws/install/vhacd/lib:/home/ubuntu/tesseract_ws/install/tesseract_rviz/lib:/home/ubuntu/tesseract_ws/install/tesseract_planning_server/lib:/home/ubuntu/tesseract_ws/install/snp_motion_planning/lib:/home/ubuntu/tesseract_ws/install/tesseract_monitoring/lib:/home/ubuntu/tesseract_ws/install/tesseract_rosutils/lib:/home/ubuntu/tesseract_ws/install/tesseract_qt/lib:/home/ubuntu/tesseract_ws/install/tesseract_examples/lib:/home/ubuntu/tesseract_ws/install/tesseract_task_composer/lib:/home/ubuntu/tesseract_ws/install/tesseract_motion_planners/lib:/home/ubuntu/tesseract_ws/install/trajopt_sqp/lib:/home/ubuntu/tesseract_ws/install/trajopt/lib:/home/ubuntu/tesseract_ws/install/trajopt_sco/lib:/home/ubuntu/tesseract_ws/install/trajopt_ifopt/lib:/home/ubuntu/tesseract_ws/install/trajopt_common/lib:/home/ubuntu/tesseract_ws/install/tesseract_visualization/lib:/home/ubuntu/tesseract_ws/install/tesseract_environment/lib:/home/ubuntu/tesseract_ws/install/tesseract_urdf/lib:/home/ubuntu/tesseract_ws/install/tesseract_time_parameterization/lib:/home/ubuntu/tesseract_ws/install/tesseract_collision/lib:/home/ubuntu/tesseract_ws/install/tesseract_support/lib:/home/ubuntu/tesseract_ws/install/tesseract_kinematics/lib:/home/ubuntu/tesseract_ws/install/tesseract_state_solver/lib:/home/ubuntu/tesseract_ws/install/tesseract_srdf/lib:/home/ubuntu/tesseract_ws/install/tesseract_scene_graph/lib:/home/ubuntu/tesseract_ws/install/tesseract_msgs/lib:/home/ubuntu/tesseract_ws/install/tesseract_geometry/lib:/home/ubuntu/tesseract_ws/install/tesseract_command_language/lib:/home/ubuntu/tesseract_ws/install/tesseract_common/lib:/home/ubuntu/tesseract_ws/install/snp_tpp/lib:/home/ubuntu/tesseract_ws/install/snp_application/lib:/home/ubuntu/tesseract_ws/install/rviz_polygon_selection_tool/lib:/home/ubuntu/tesseract_ws/install/qt_advanced_docking/lib:/home/ubuntu/tesseract_ws/install/qpoases/lib:/home/ubuntu/tesseract_ws/install/osqp_eigen/lib:/home/ubuntu/tesseract_ws/install/osqp/lib:/home/ubuntu/tesseract_ws/install/noether_gui/lib:/home/ubuntu/tesseract_ws/install/noether_tpp/lib:/home/ubuntu/tesseract_ws/install/noether_filtering/lib:/home/ubuntu/tesseract_ws/install/ifopt/lib:/home/ubuntu/tesseract_ws/install/descartes_light/lib:/home/ubuntu/tesseract_ws/install/boost_plugin_loader/lib:/opt/ros/humble/opt/rviz_ogre_vendor/lib:/opt/ros/humble/lib/x86_64-linux-gnu:/opt/ros/humble/lib /usr/bin/cmake --install /home/ubuntu/tesseract_ws/build/snp_application
[68.525s] -- Install configuration: ""
[68.526s] -- Execute custom install script
[68.526s] -- Symlinking: /home/ubuntu/tesseract_ws/install/snp_application/share/snp_application/environment/library_path.sh
[68.548s] -- Symlinking: /home/ubuntu/tesseract_ws/install/snp_application/share/snp_application/environment/library_path.dsv
[68.572s] -- Symlinking: /home/ubuntu/tesseract_ws/install/snp_application/lib/snp_application//roscon_app
[68.595s] -- Symlinking: /home/ubuntu/tesseract_ws/install/snp_application/share/snp_application//plugin_description.xml
[68.617s] -- Symlinking: /home/ubuntu/tesseract_ws/install/snp_application/share/ament_index/resource_index/package_run_dependencies/snp_application
[68.638s] -- Symlinking: /home/ubuntu/tesseract_ws/install/snp_application/share/ament_index/resource_index/parent_prefix_path/snp_application
[68.662s] -- Symlinking: /home/ubuntu/tesseract_ws/install/snp_application/share/snp_application/environment/ament_prefix_path.sh
[68.682s] -- Symlinking: /home/ubuntu/tesseract_ws/install/snp_application/share/snp_application/environment/ament_prefix_path.dsv
[68.700s] -- Symlinking: /home/ubuntu/tesseract_ws/install/snp_application/share/snp_application/environment/path.sh
[68.715s] -- Symlinking: /home/ubuntu/tesseract_ws/install/snp_application/share/snp_application/environment/path.dsv
[68.733s] -- Symlinking: /home/ubuntu/tesseract_ws/install/snp_application/share/snp_application/local_setup.bash
[68.755s] -- Symlinking: /home/ubuntu/tesseract_ws/install/snp_application/share/snp_application/local_setup.sh
[68.779s] -- Symlinking: /home/ubuntu/tesseract_ws/install/snp_application/share/snp_application/local_setup.zsh
[68.801s] -- Symlinking: /home/ubuntu/tesseract_ws/install/snp_application/share/snp_application/local_setup.dsv
[68.822s] -- Symlinking: /home/ubuntu/tesseract_ws/install/snp_application/share/snp_application/package.dsv
[68.846s] -- Symlinking: /home/ubuntu/tesseract_ws/install/snp_application/share/ament_index/resource_index/packages/snp_application
[68.867s] -- Symlinking: /home/ubuntu/tesseract_ws/install/snp_application/share/ament_index/resource_index/rviz_common__pluginlib__plugin/snp_application
[68.887s] -- Symlinking: /home/ubuntu/tesseract_ws/install/snp_application/share/snp_application/cmake/ament_cmake_export_targets-extras.cmake
[68.908s] -- Symlinking: /home/ubuntu/tesseract_ws/install/snp_application/share/snp_application/cmake/snp_applicationConfig.cmake
[68.930s] -- Symlinking: /home/ubuntu/tesseract_ws/install/snp_application/share/snp_application/cmake/snp_applicationConfig-version.cmake
[68.951s] -- Symlinking: /home/ubuntu/tesseract_ws/install/snp_application/share/snp_application/package.xml
[68.973s] -- Installing: /home/ubuntu/tesseract_ws/install/snp_application/lib/libsnp_application_widget.so
[68.985s] -- Set runtime path of "/home/ubuntu/tesseract_ws/install/snp_application/lib/libsnp_application_widget.so" to ""
[68.985s] -- Installing: /home/ubuntu/tesseract_ws/install/snp_application/lib/libsnp_application_panel.so
[68.986s] -- Set runtime path of "/home/ubuntu/tesseract_ws/install/snp_application/lib/libsnp_application_panel.so" to ""
[68.986s] -- Installing: /home/ubuntu/tesseract_ws/install/snp_application/share/snp_application/cmake/snp_application-targetsExport.cmake
[68.986s] -- Installing: /home/ubuntu/tesseract_ws/install/snp_application/share/snp_application/cmake/snp_application-targetsExport-noconfig.cmake
[68.992s] Invoked command in '/home/ubuntu/tesseract_ws/build/snp_application' returned '0': CMAKE_PREFIX_PATH=/home/ubuntu/tesseract_ws/install/snp_msgs:/home/ubuntu/tesseract_ws/install/industrial_reconstruction_msgs:/home/ubuntu/tesseract_ws/install/vhacd:/home/ubuntu/tesseract_ws/install/tesseract_ros_examples:/home/ubuntu/tesseract_ws/install/tesseract_rviz:/home/ubuntu/tesseract_ws/install/tesseract_planning_server:/home/ubuntu/tesseract_ws/install/snp_motion_planning:/home/ubuntu/tesseract_ws/install/tesseract_monitoring:/home/ubuntu/tesseract_ws/install/tesseract_rosutils:/home/ubuntu/tesseract_ws/install/tesseract_qt:/home/ubuntu/tesseract_ws/install/tesseract_examples:/home/ubuntu/tesseract_ws/install/tesseract_task_composer:/home/ubuntu/tesseract_ws/install/tesseract_motion_planners:/home/ubuntu/tesseract_ws/install/trajopt_sqp:/home/ubuntu/tesseract_ws/install/trajopt:/home/ubuntu/tesseract_ws/install/trajopt_sco:/home/ubuntu/tesseract_ws/install/trajopt_ifopt:/home/ubuntu/tesseract_ws/install/trajopt_common:/home/ubuntu/tesseract_ws/install/tesseract_visualization:/home/ubuntu/tesseract_ws/install/tesseract_environment:/home/ubuntu/tesseract_ws/install/tesseract_urdf:/home/ubuntu/tesseract_ws/install/tesseract_time_parameterization:/home/ubuntu/tesseract_ws/install/tesseract_collision:/home/ubuntu/tesseract_ws/install/tesseract_support:/home/ubuntu/tesseract_ws/install/tesseract_kinematics:/home/ubuntu/tesseract_ws/install/tesseract_state_solver:/home/ubuntu/tesseract_ws/install/tesseract_srdf:/home/ubuntu/tesseract_ws/install/tesseract_scene_graph:/home/ubuntu/tesseract_ws/install/tesseract_msgs:/home/ubuntu/tesseract_ws/install/tesseract_geometry:/home/ubuntu/tesseract_ws/install/tesseract_command_language:/home/ubuntu/tesseract_ws/install/tesseract_common:/home/ubuntu/tesseract_ws/install/snp_automate_2022:/home/ubuntu/tesseract_ws/install/snp_tpp:/home/ubuntu/tesseract_ws/install/snp_scanning:/home/ubuntu/tesseract_ws/install/snp_motion_execution:/home/ubuntu/tesseract_ws/install/snp_application:/home/ubuntu/tesseract_ws/install/rviz_polygon_selection_tool:/home/ubuntu/tesseract_ws/install/ros_industrial_cmake_boilerplate:/home/ubuntu/tesseract_ws/install/qt_advanced_docking:/home/ubuntu/tesseract_ws/install/qpoases:/home/ubuntu/tesseract_ws/install/osqp_eigen:/home/ubuntu/tesseract_ws/install/osqp:/home/ubuntu/tesseract_ws/install/opw_kinematics:/home/ubuntu/tesseract_ws/install/noether_gui:/home/ubuntu/tesseract_ws/install/noether_tpp:/home/ubuntu/tesseract_ws/install/noether_filtering:/home/ubuntu/tesseract_ws/install/motoman_hc10_support:/home/ubuntu/tesseract_ws/install/motoman_resources:/home/ubuntu/tesseract_ws/install/ifopt:/home/ubuntu/tesseract_ws/install/descartes_light:/home/ubuntu/tesseract_ws/install/boost_plugin_loader:/home/ubuntu/tesseract_ws/install/Taskflow:/home/ubuntu/tesseract_ws/install/industrial_reconstruction:/opt/ros/humble LD_LIBRARY_PATH=/home/ubuntu/tesseract_ws/install/snp_msgs/lib:/home/ubuntu/tesseract_ws/install/industrial_reconstruction_msgs/lib:/home/ubuntu/tesseract_ws/install/vhacd/lib:/home/ubuntu/tesseract_ws/install/tesseract_rviz/lib:/home/ubuntu/tesseract_ws/install/tesseract_planning_server/lib:/home/ubuntu/tesseract_ws/install/snp_motion_planning/lib:/home/ubuntu/tesseract_ws/install/tesseract_monitoring/lib:/home/ubuntu/tesseract_ws/install/tesseract_rosutils/lib:/home/ubuntu/tesseract_ws/install/tesseract_qt/lib:/home/ubuntu/tesseract_ws/install/tesseract_examples/lib:/home/ubuntu/tesseract_ws/install/tesseract_task_composer/lib:/home/ubuntu/tesseract_ws/install/tesseract_motion_planners/lib:/home/ubuntu/tesseract_ws/install/trajopt_sqp/lib:/home/ubuntu/tesseract_ws/install/trajopt/lib:/home/ubuntu/tesseract_ws/install/trajopt_sco/lib:/home/ubuntu/tesseract_ws/install/trajopt_ifopt/lib:/home/ubuntu/tesseract_ws/install/trajopt_common/lib:/home/ubuntu/tesseract_ws/install/tesseract_visualization/lib:/home/ubuntu/tesseract_ws/install/tesseract_environment/lib:/home/ubuntu/tesseract_ws/install/tesseract_urdf/lib:/home/ubuntu/tesseract_ws/install/tesseract_time_parameterization/lib:/home/ubuntu/tesseract_ws/install/tesseract_collision/lib:/home/ubuntu/tesseract_ws/install/tesseract_support/lib:/home/ubuntu/tesseract_ws/install/tesseract_kinematics/lib:/home/ubuntu/tesseract_ws/install/tesseract_state_solver/lib:/home/ubuntu/tesseract_ws/install/tesseract_srdf/lib:/home/ubuntu/tesseract_ws/install/tesseract_scene_graph/lib:/home/ubuntu/tesseract_ws/install/tesseract_msgs/lib:/home/ubuntu/tesseract_ws/install/tesseract_geometry/lib:/home/ubuntu/tesseract_ws/install/tesseract_command_language/lib:/home/ubuntu/tesseract_ws/install/tesseract_common/lib:/home/ubuntu/tesseract_ws/install/snp_tpp/lib:/home/ubuntu/tesseract_ws/install/snp_application/lib:/home/ubuntu/tesseract_ws/install/rviz_polygon_selection_tool/lib:/home/ubuntu/tesseract_ws/install/qt_advanced_docking/lib:/home/ubuntu/tesseract_ws/install/qpoases/lib:/home/ubuntu/tesseract_ws/install/osqp_eigen/lib:/home/ubuntu/tesseract_ws/install/osqp/lib:/home/ubuntu/tesseract_ws/install/noether_gui/lib:/home/ubuntu/tesseract_ws/install/noether_tpp/lib:/home/ubuntu/tesseract_ws/install/noether_filtering/lib:/home/ubuntu/tesseract_ws/install/ifopt/lib:/home/ubuntu/tesseract_ws/install/descartes_light/lib:/home/ubuntu/tesseract_ws/install/boost_plugin_loader/lib:/opt/ros/humble/opt/rviz_ogre_vendor/lib:/opt/ros/humble/lib/x86_64-linux-gnu:/opt/ros/humble/lib /usr/bin/cmake --install /home/ubuntu/tesseract_ws/build/snp_application
