[100%] Built target noether_tpp
-- Install configuration: ""
-- Up-to-date: /home/ubuntu/tesseract_ws/install/noether_tpp/include/
-- Up-to-date: /home/ubuntu/tesseract_ws/install/noether_tpp/include//noether_tpp
-- Up-to-date: /home/ubuntu/tesseract_ws/install/noether_tpp/include//noether_tpp/mesh_modifiers
-- Up-to-date: /home/ubuntu/tesseract_ws/install/noether_tpp/include//noether_tpp/mesh_modifiers/compound_modifier.h
-- Up-to-date: /home/ubuntu/tesseract_ws/install/noether_tpp/include//noether_tpp/core
-- Up-to-date: /home/ubuntu/tesseract_ws/install/noether_tpp/include//noether_tpp/core/tool_path_modifier.h
-- Up-to-date: /home/ubuntu/tesseract_ws/install/noether_tpp/include//noether_tpp/core/tool_path_planner.h
-- Up-to-date: /home/ubuntu/tesseract_ws/install/noether_tpp/include//noether_tpp/core/types.h
-- Up-to-date: /home/ubuntu/tesseract_ws/install/noether_tpp/include//noether_tpp/core/tool_path_planner_pipeline.h
-- Up-to-date: /home/ubuntu/tesseract_ws/install/noether_tpp/include//noether_tpp/core/mesh_modifier.h
-- Up-to-date: /home/ubuntu/tesseract_ws/install/noether_tpp/include//noether_tpp/tool_path_modifiers
-- Up-to-date: /home/ubuntu/tesseract_ws/install/noether_tpp/include//noether_tpp/tool_path_modifiers/snake_organization_modifier.h
-- Up-to-date: /home/ubuntu/tesseract_ws/install/noether_tpp/include//noether_tpp/tool_path_modifiers/uniform_orientation_modifier.h
-- Up-to-date: /home/ubuntu/tesseract_ws/install/noether_tpp/include//noether_tpp/tool_path_modifiers/raster_organization_modifier.h
-- Up-to-date: /home/ubuntu/tesseract_ws/install/noether_tpp/include//noether_tpp/tool_path_modifiers/standard_edge_paths_organization_modifier.h
-- Up-to-date: /home/ubuntu/tesseract_ws/install/noether_tpp/include//noether_tpp/tool_path_modifiers/moving_average_orientation_smoothing_modifier.h
-- Up-to-date: /home/ubuntu/tesseract_ws/install/noether_tpp/include//noether_tpp/tool_path_modifiers/circular_lead_out_modifier.h
-- Up-to-date: /home/ubuntu/tesseract_ws/install/noether_tpp/include//noether_tpp/tool_path_modifiers/compound_modifier.h
-- Up-to-date: /home/ubuntu/tesseract_ws/install/noether_tpp/include//noether_tpp/tool_path_modifiers/direction_of_travel_orientation_modifier.h
-- Up-to-date: /home/ubuntu/tesseract_ws/install/noether_tpp/include//noether_tpp/tool_path_modifiers/tool_drag_orientation_modifier.h
-- Up-to-date: /home/ubuntu/tesseract_ws/install/noether_tpp/include//noether_tpp/tool_path_modifiers/circular_lead_in_modifier.h
-- Up-to-date: /home/ubuntu/tesseract_ws/install/noether_tpp/include//noether_tpp/tool_path_modifiers/fixed_orientation_modifier.h
-- Up-to-date: /home/ubuntu/tesseract_ws/install/noether_tpp/include//noether_tpp/tool_path_planners
-- Up-to-date: /home/ubuntu/tesseract_ws/install/noether_tpp/include//noether_tpp/tool_path_planners/raster
-- Up-to-date: /home/ubuntu/tesseract_ws/install/noether_tpp/include//noether_tpp/tool_path_planners/raster/plane_slicer_raster_planner.h
-- Up-to-date: /home/ubuntu/tesseract_ws/install/noether_tpp/include//noether_tpp/tool_path_planners/raster/raster_planner.h
-- Up-to-date: /home/ubuntu/tesseract_ws/install/noether_tpp/include//noether_tpp/tool_path_planners/raster/direction_generators
-- Up-to-date: /home/ubuntu/tesseract_ws/install/noether_tpp/include//noether_tpp/tool_path_planners/raster/direction_generators/fixed_direction_generator.h
-- Up-to-date: /home/ubuntu/tesseract_ws/install/noether_tpp/include//noether_tpp/tool_path_planners/raster/direction_generators/principal_axis_direction_generator.h
-- Up-to-date: /home/ubuntu/tesseract_ws/install/noether_tpp/include//noether_tpp/tool_path_planners/raster/origin_generators
-- Up-to-date: /home/ubuntu/tesseract_ws/install/noether_tpp/include//noether_tpp/tool_path_planners/raster/origin_generators/offset_origin_generator.h
-- Up-to-date: /home/ubuntu/tesseract_ws/install/noether_tpp/include//noether_tpp/tool_path_planners/raster/origin_generators/aabb_origin_generator.h
-- Up-to-date: /home/ubuntu/tesseract_ws/install/noether_tpp/include//noether_tpp/tool_path_planners/raster/origin_generators/centroid_origin_generator.h
-- Up-to-date: /home/ubuntu/tesseract_ws/install/noether_tpp/include//noether_tpp/tool_path_planners/raster/origin_generators/fixed_origin_generator.h
-- Up-to-date: /home/ubuntu/tesseract_ws/install/noether_tpp/include//noether_tpp/tool_path_planners/edge
-- Up-to-date: /home/ubuntu/tesseract_ws/install/noether_tpp/include//noether_tpp/tool_path_planners/edge/edge_planner.h
-- Up-to-date: /home/ubuntu/tesseract_ws/install/noether_tpp/include//noether_tpp/utils.h
-- Up-to-date: /home/ubuntu/tesseract_ws/install/noether_tpp/share/noether_tpp/package.xml
-- Up-to-date: /home/ubuntu/tesseract_ws/install/noether_tpp/lib/libnoether_tpp.so
-- Up-to-date: /home/ubuntu/tesseract_ws/install/noether_tpp/lib/cmake/noether_tpp/noether_tpp-targets.cmake
-- Up-to-date: /home/ubuntu/tesseract_ws/install/noether_tpp/lib/cmake/noether_tpp/noether_tpp-targets-noconfig.cmake
-- Up-to-date: /home/ubuntu/tesseract_ws/install/noether_tpp/lib/cmake/noether_tpp/noether_tpp-config.cmake
-- Up-to-date: /home/ubuntu/tesseract_ws/install/noether_tpp/lib/cmake/noether_tpp/noether_tpp-config-version.cmake
-- Up-to-date: /home/ubuntu/tesseract_ws/install/noether_tpp/share/ament_index/resource_index/packages/noether_tpp
-- Up-to-date: /home/ubuntu/tesseract_ws/install/noether_tpp/share/noether_tpp/hook/ament_prefix_path.dsv
-- Up-to-date: /home/ubuntu/tesseract_ws/install/noether_tpp/share/noether_tpp/hook/ros_package_path.dsv
-- Up-to-date: /home/ubuntu/tesseract_ws/install/noether_tpp/share/noether_tpp/hook/python_path.dsv
