[ 20%] Built target gtest_main
[ 40%] Built target gtest
[ 80%] Built target tesseract_rosutils
[100%] Built target tesseract_rosutils_unit
-- Install configuration: ""
-- Execute custom install script
-- Up-to-date symlink: /home/ubuntu/tesseract_ws/install/tesseract_rosutils/share/tesseract_rosutils/environment/library_path.sh
-- Up-to-date symlink: /home/ubuntu/tesseract_ws/install/tesseract_rosutils/share/tesseract_rosutils/environment/library_path.dsv
-- Up-to-date symlink: /home/ubuntu/tesseract_ws/install/tesseract_rosutils/include/tesseract_rosutils/conversions.h
-- Up-to-date symlink: /home/ubuntu/tesseract_ws/install/tesseract_rosutils/include/tesseract_rosutils/plotting.h
-- Up-to-date symlink: /home/ubuntu/tesseract_ws/install/tesseract_rosutils/include/tesseract_rosutils/utils.h
-- Up-to-date symlink: /home/ubuntu/tesseract_ws/install/tesseract_rosutils/share/ament_index/resource_index/package_run_dependencies/tesseract_rosutils
-- Up-to-date symlink: /home/ubuntu/tesseract_ws/install/tesseract_rosutils/share/ament_index/resource_index/parent_prefix_path/tesseract_rosutils
-- Up-to-date symlink: /home/ubuntu/tesseract_ws/install/tesseract_rosutils/share/tesseract_rosutils/environment/ament_prefix_path.sh
-- Up-to-date symlink: /home/ubuntu/tesseract_ws/install/tesseract_rosutils/share/tesseract_rosutils/environment/ament_prefix_path.dsv
-- Up-to-date symlink: /home/ubuntu/tesseract_ws/install/tesseract_rosutils/share/tesseract_rosutils/environment/path.sh
-- Up-to-date symlink: /home/ubuntu/tesseract_ws/install/tesseract_rosutils/share/tesseract_rosutils/environment/path.dsv
-- Up-to-date symlink: /home/ubuntu/tesseract_ws/install/tesseract_rosutils/share/tesseract_rosutils/local_setup.bash
-- Up-to-date symlink: /home/ubuntu/tesseract_ws/install/tesseract_rosutils/share/tesseract_rosutils/local_setup.sh
-- Up-to-date symlink: /home/ubuntu/tesseract_ws/install/tesseract_rosutils/share/tesseract_rosutils/local_setup.zsh
-- Up-to-date symlink: /home/ubuntu/tesseract_ws/install/tesseract_rosutils/share/tesseract_rosutils/local_setup.dsv
-- Symlinking: /home/ubuntu/tesseract_ws/install/tesseract_rosutils/share/tesseract_rosutils/package.dsv
-- Up-to-date symlink: /home/ubuntu/tesseract_ws/install/tesseract_rosutils/share/ament_index/resource_index/packages/tesseract_rosutils
-- Up-to-date symlink: /home/ubuntu/tesseract_ws/install/tesseract_rosutils/share/tesseract_rosutils/cmake/ament_cmake_export_targets-extras.cmake
-- Up-to-date symlink: /home/ubuntu/tesseract_ws/install/tesseract_rosutils/share/tesseract_rosutils/cmake/ament_cmake_export_dependencies-extras.cmake
-- Up-to-date symlink: /home/ubuntu/tesseract_ws/install/tesseract_rosutils/share/tesseract_rosutils/cmake/tesseract_rosutilsConfig.cmake
-- Up-to-date symlink: /home/ubuntu/tesseract_ws/install/tesseract_rosutils/share/tesseract_rosutils/cmake/tesseract_rosutilsConfig-version.cmake
-- Up-to-date symlink: /home/ubuntu/tesseract_ws/install/tesseract_rosutils/share/tesseract_rosutils/package.xml
-- Up-to-date: /home/ubuntu/tesseract_ws/install/tesseract_rosutils/lib/libtesseract_rosutils.so
-- Up-to-date: /home/ubuntu/tesseract_ws/install/tesseract_rosutils/share/tesseract_rosutils/cmake/tesseract_rosutils-targetsExport.cmake
-- Up-to-date: /home/ubuntu/tesseract_ws/install/tesseract_rosutils/share/tesseract_rosutils/cmake/tesseract_rosutils-targetsExport-noconfig.cmake
