-- Install configuration: ""
-- Execute custom install script
-- Up-to-date symlink: /home/ubuntu/tesseract_ws/install/motoman_hc10_support/share/motoman_hc10_support//config/joint_names_hc10.yaml
-- Up-to-date symlink: /home/ubuntu/tesseract_ws/install/motoman_hc10_support/share/motoman_hc10_support//config/joint_names_hc10dt.yaml
-- Up-to-date symlink: /home/ubuntu/tesseract_ws/install/motoman_hc10_support/share/motoman_hc10_support//config/joint_names_hc10dt_b10.yaml
-- Up-to-date symlink: /home/ubuntu/tesseract_ws/install/motoman_hc10_support/share/motoman_hc10_support//launch/load_hc10.launch
-- Up-to-date symlink: /home/ubuntu/tesseract_ws/install/motoman_hc10_support/share/motoman_hc10_support//launch/load_hc10dt.launch
-- Up-to-date symlink: /home/ubuntu/tesseract_ws/install/motoman_hc10_support/share/motoman_hc10_support//launch/load_hc10dt_b10.launch
-- Up-to-date symlink: /home/ubuntu/tesseract_ws/install/motoman_hc10_support/share/motoman_hc10_support//launch/robot_interface_streaming_hc10.launch
-- Up-to-date symlink: /home/ubuntu/tesseract_ws/install/motoman_hc10_support/share/motoman_hc10_support//launch/robot_interface_streaming_hc10dt.launch
-- Up-to-date symlink: /home/ubuntu/tesseract_ws/install/motoman_hc10_support/share/motoman_hc10_support//launch/robot_interface_streaming_hc10dt_b10.launch
-- Up-to-date symlink: /home/ubuntu/tesseract_ws/install/motoman_hc10_support/share/motoman_hc10_support//launch/robot_state_visualize_hc10.launch
-- Up-to-date symlink: /home/ubuntu/tesseract_ws/install/motoman_hc10_support/share/motoman_hc10_support//launch/robot_state_visualize_hc10dt.launch
-- Up-to-date symlink: /home/ubuntu/tesseract_ws/install/motoman_hc10_support/share/motoman_hc10_support//launch/robot_state_visualize_hc10dt_b10.launch
-- Up-to-date symlink: /home/ubuntu/tesseract_ws/install/motoman_hc10_support/share/motoman_hc10_support//launch/test_hc10.launch
-- Up-to-date symlink: /home/ubuntu/tesseract_ws/install/motoman_hc10_support/share/motoman_hc10_support//launch/test_hc10dt.launch
-- Up-to-date symlink: /home/ubuntu/tesseract_ws/install/motoman_hc10_support/share/motoman_hc10_support//launch/test_hc10dt_b10.launch
-- Up-to-date symlink: /home/ubuntu/tesseract_ws/install/motoman_hc10_support/share/motoman_hc10_support//meshes/hc10/collision/base_link.stl
-- Up-to-date symlink: /home/ubuntu/tesseract_ws/install/motoman_hc10_support/share/motoman_hc10_support//meshes/hc10/collision/link_1_s.stl
-- Up-to-date symlink: /home/ubuntu/tesseract_ws/install/motoman_hc10_support/share/motoman_hc10_support//meshes/hc10/collision/link_2_l.stl
-- Up-to-date symlink: /home/ubuntu/tesseract_ws/install/motoman_hc10_support/share/motoman_hc10_support//meshes/hc10/collision/link_3_u.stl
-- Up-to-date symlink: /home/ubuntu/tesseract_ws/install/motoman_hc10_support/share/motoman_hc10_support//meshes/hc10/collision/link_4_r.stl
-- Up-to-date symlink: /home/ubuntu/tesseract_ws/install/motoman_hc10_support/share/motoman_hc10_support//meshes/hc10/collision/link_5_b.stl
-- Up-to-date symlink: /home/ubuntu/tesseract_ws/install/motoman_hc10_support/share/motoman_hc10_support//meshes/hc10/collision/link_6_t.stl
-- Up-to-date symlink: /home/ubuntu/tesseract_ws/install/motoman_hc10_support/share/motoman_hc10_support//meshes/hc10/visual/base_link.dae
-- Up-to-date symlink: /home/ubuntu/tesseract_ws/install/motoman_hc10_support/share/motoman_hc10_support//meshes/hc10/visual/link_1_s.dae
-- Up-to-date symlink: /home/ubuntu/tesseract_ws/install/motoman_hc10_support/share/motoman_hc10_support//meshes/hc10/visual/link_2_l.dae
-- Up-to-date symlink: /home/ubuntu/tesseract_ws/install/motoman_hc10_support/share/motoman_hc10_support//meshes/hc10/visual/link_3_u.dae
-- Up-to-date symlink: /home/ubuntu/tesseract_ws/install/motoman_hc10_support/share/motoman_hc10_support//meshes/hc10/visual/link_4_r.dae
-- Up-to-date symlink: /home/ubuntu/tesseract_ws/install/motoman_hc10_support/share/motoman_hc10_support//meshes/hc10/visual/link_5_b.dae
-- Up-to-date symlink: /home/ubuntu/tesseract_ws/install/motoman_hc10_support/share/motoman_hc10_support//meshes/hc10/visual/link_6_t.dae
-- Up-to-date symlink: /home/ubuntu/tesseract_ws/install/motoman_hc10_support/share/motoman_hc10_support//meshes/hc10dt/collision/link_6_t.stl
-- Up-to-date symlink: /home/ubuntu/tesseract_ws/install/motoman_hc10_support/share/motoman_hc10_support//meshes/hc10dt/visual/link_6_t.dae
-- Up-to-date symlink: /home/ubuntu/tesseract_ws/install/motoman_hc10_support/share/motoman_hc10_support//meshes/hc10dt_b10/collision/base_link.stl
-- Up-to-date symlink: /home/ubuntu/tesseract_ws/install/motoman_hc10_support/share/motoman_hc10_support//meshes/hc10dt_b10/collision/link_1_s.stl
-- Up-to-date symlink: /home/ubuntu/tesseract_ws/install/motoman_hc10_support/share/motoman_hc10_support//meshes/hc10dt_b10/collision/link_2_l.stl
-- Up-to-date symlink: /home/ubuntu/tesseract_ws/install/motoman_hc10_support/share/motoman_hc10_support//meshes/hc10dt_b10/collision/link_3_u.stl
-- Up-to-date symlink: /home/ubuntu/tesseract_ws/install/motoman_hc10_support/share/motoman_hc10_support//meshes/hc10dt_b10/collision/link_4_r.stl
-- Up-to-date symlink: /home/ubuntu/tesseract_ws/install/motoman_hc10_support/share/motoman_hc10_support//meshes/hc10dt_b10/collision/link_5_b.stl
-- Up-to-date symlink: /home/ubuntu/tesseract_ws/install/motoman_hc10_support/share/motoman_hc10_support//meshes/hc10dt_b10/collision/link_6_t.stl
-- Up-to-date symlink: /home/ubuntu/tesseract_ws/install/motoman_hc10_support/share/motoman_hc10_support//meshes/hc10dt_b10/visual/base_link.dae
-- Up-to-date symlink: /home/ubuntu/tesseract_ws/install/motoman_hc10_support/share/motoman_hc10_support//meshes/hc10dt_b10/visual/link_1_s.dae
-- Up-to-date symlink: /home/ubuntu/tesseract_ws/install/motoman_hc10_support/share/motoman_hc10_support//meshes/hc10dt_b10/visual/link_2_l.dae
-- Up-to-date symlink: /home/ubuntu/tesseract_ws/install/motoman_hc10_support/share/motoman_hc10_support//meshes/hc10dt_b10/visual/link_3_u.dae
-- Up-to-date symlink: /home/ubuntu/tesseract_ws/install/motoman_hc10_support/share/motoman_hc10_support//meshes/hc10dt_b10/visual/link_4_r.dae
-- Up-to-date symlink: /home/ubuntu/tesseract_ws/install/motoman_hc10_support/share/motoman_hc10_support//meshes/hc10dt_b10/visual/link_5_b.dae
-- Up-to-date symlink: /home/ubuntu/tesseract_ws/install/motoman_hc10_support/share/motoman_hc10_support//meshes/hc10dt_b10/visual/link_6_t.dae
-- Up-to-date symlink: /home/ubuntu/tesseract_ws/install/motoman_hc10_support/share/motoman_hc10_support//urdf/hc10.xacro
-- Up-to-date symlink: /home/ubuntu/tesseract_ws/install/motoman_hc10_support/share/motoman_hc10_support//urdf/hc10_macro.xacro
-- Up-to-date symlink: /home/ubuntu/tesseract_ws/install/motoman_hc10_support/share/motoman_hc10_support//urdf/hc10dt.xacro
-- Up-to-date symlink: /home/ubuntu/tesseract_ws/install/motoman_hc10_support/share/motoman_hc10_support//urdf/hc10dt_b10.xacro
-- Up-to-date symlink: /home/ubuntu/tesseract_ws/install/motoman_hc10_support/share/motoman_hc10_support//urdf/hc10dt_b10_macro.xacro
-- Up-to-date symlink: /home/ubuntu/tesseract_ws/install/motoman_hc10_support/share/motoman_hc10_support//urdf/hc10dt_macro.xacro
-- Up-to-date symlink: /home/ubuntu/tesseract_ws/install/motoman_hc10_support/share/ament_index/resource_index/package_run_dependencies/motoman_hc10_support
-- Up-to-date symlink: /home/ubuntu/tesseract_ws/install/motoman_hc10_support/share/ament_index/resource_index/parent_prefix_path/motoman_hc10_support
-- Up-to-date symlink: /home/ubuntu/tesseract_ws/install/motoman_hc10_support/share/motoman_hc10_support/environment/ament_prefix_path.sh
-- Up-to-date symlink: /home/ubuntu/tesseract_ws/install/motoman_hc10_support/share/motoman_hc10_support/environment/ament_prefix_path.dsv
-- Up-to-date symlink: /home/ubuntu/tesseract_ws/install/motoman_hc10_support/share/motoman_hc10_support/environment/path.sh
-- Up-to-date symlink: /home/ubuntu/tesseract_ws/install/motoman_hc10_support/share/motoman_hc10_support/environment/path.dsv
-- Up-to-date symlink: /home/ubuntu/tesseract_ws/install/motoman_hc10_support/share/motoman_hc10_support/local_setup.bash
-- Up-to-date symlink: /home/ubuntu/tesseract_ws/install/motoman_hc10_support/share/motoman_hc10_support/local_setup.sh
-- Up-to-date symlink: /home/ubuntu/tesseract_ws/install/motoman_hc10_support/share/motoman_hc10_support/local_setup.zsh
-- Up-to-date symlink: /home/ubuntu/tesseract_ws/install/motoman_hc10_support/share/motoman_hc10_support/local_setup.dsv
-- Symlinking: /home/ubuntu/tesseract_ws/install/motoman_hc10_support/share/motoman_hc10_support/package.dsv
-- Up-to-date symlink: /home/ubuntu/tesseract_ws/install/motoman_hc10_support/share/ament_index/resource_index/packages/motoman_hc10_support
-- Up-to-date symlink: /home/ubuntu/tesseract_ws/install/motoman_hc10_support/share/motoman_hc10_support/cmake/motoman_hc10_supportConfig.cmake
-- Up-to-date symlink: /home/ubuntu/tesseract_ws/install/motoman_hc10_support/share/motoman_hc10_support/cmake/motoman_hc10_supportConfig-version.cmake
-- Up-to-date symlink: /home/ubuntu/tesseract_ws/install/motoman_hc10_support/share/motoman_hc10_support/package.xml
