[0.388s] DEBUG:colcon:Command line arguments: ['/usr/bin/colcon', 'build', '--symlink-install']
[0.388s] DEBUG:colcon:Parsed command line arguments: Namespace(log_base=None, log_level=None, verb_name='build', build_base='build', install_base='install', merge_install=False, symlink_install=True, test_result_base=None, continue_on_error=False, executor='parallel', parallel_workers=4, event_handlers=None, ignore_user_meta=False, metas=['./colcon.meta'], base_paths=['.'], packages_ignore=None, packages_ignore_regex=None, paths=None, packages_up_to=None, packages_up_to_regex=None, packages_above=None, packages_above_and_dependencies=None, packages_above_depth=None, packages_select_by_dep=None, packages_skip_by_dep=None, packages_skip_up_to=None, packages_select_build_failed=False, packages_skip_build_finished=False, packages_select_test_failures=False, packages_skip_test_passed=False, packages_select=None, packages_skip=None, packages_select_regex=None, packages_skip_regex=None, packages_start=None, packages_end=None, allow_overriding=[], cmake_args=None, cmake_target=None, cmake_target_skip_unavailable=False, cmake_clean_cache=False, cmake_clean_first=False, cmake_force_configure=False, ament_cmake_args=None, catkin_cmake_args=None, catkin_skip_building_tests=False, verb_parser=<colcon_defaults.argument_parser.defaults.DefaultArgumentsDecorator object at 0x7f76769f22f0>, verb_extension=<colcon_core.verb.build.BuildVerb object at 0x7f7677247670>, main=<bound method BuildVerb.main of <colcon_core.verb.build.BuildVerb object at 0x7f7677247670>>)
[0.415s] Level 1:colcon.colcon_core.package_discovery:discover_packages(colcon_meta) check parameters
[0.415s] Level 1:colcon.colcon_core.package_discovery:discover_packages(recursive) check parameters
[0.415s] Level 1:colcon.colcon_core.package_discovery:discover_packages(ignore) check parameters
[0.415s] Level 1:colcon.colcon_core.package_discovery:discover_packages(path) check parameters
[0.415s] Level 1:colcon.colcon_core.package_discovery:discover_packages(colcon_meta) discover
[0.415s] Level 1:colcon.colcon_core.package_discovery:discover_packages(recursive) discover
[0.415s] INFO:colcon.colcon_core.package_discovery:Crawling recursively for packages in '/home/ubuntu/perception_driven_ws'
[0.415s] Level 1:colcon.colcon_core.package_identification:_identify(.) by extensions ['ignore', 'ignore_ament_install']
[0.415s] Level 1:colcon.colcon_core.package_identification:_identify(.) by extension 'ignore'
[0.416s] Level 1:colcon.colcon_core.package_identification:_identify(.) by extension 'ignore_ament_install'
[0.416s] Level 1:colcon.colcon_core.package_identification:_identify(.) by extensions ['colcon_pkg']
[0.416s] Level 1:colcon.colcon_core.package_identification:_identify(.) by extension 'colcon_pkg'
[0.416s] Level 1:colcon.colcon_core.package_identification:_identify(.) by extensions ['colcon_meta']
[0.416s] Level 1:colcon.colcon_core.package_identification:_identify(.) by extension 'colcon_meta'
[0.416s] Level 1:colcon.colcon_core.package_identification:_identify(.) by extensions ['ros']
[0.416s] Level 1:colcon.colcon_core.package_identification:_identify(.) by extension 'ros'
[0.428s] Level 1:colcon.colcon_core.package_identification:_identify(.) by extensions ['cmake', 'python']
[0.429s] Level 1:colcon.colcon_core.package_identification:_identify(.) by extension 'cmake'
[0.429s] Level 1:colcon.colcon_core.package_identification:_identify(.) by extension 'python'
[0.429s] Level 1:colcon.colcon_core.package_identification:_identify(.) by extensions ['python_setup_py']
[0.429s] Level 1:colcon.colcon_core.package_identification:_identify(.) by extension 'python_setup_py'
[0.429s] Level 1:colcon.colcon_core.package_identification:_identify(build) by extensions ['ignore', 'ignore_ament_install']
[0.429s] Level 1:colcon.colcon_core.package_identification:_identify(build) by extension 'ignore'
[0.429s] Level 1:colcon.colcon_core.package_identification:_identify(build) ignored
[0.429s] Level 1:colcon.colcon_core.package_identification:_identify(devel) by extensions ['ignore', 'ignore_ament_install']
[0.429s] Level 1:colcon.colcon_core.package_identification:_identify(devel) by extension 'ignore'
[0.429s] Level 1:colcon.colcon_core.package_identification:_identify(devel) by extension 'ignore_ament_install'
[0.429s] Level 1:colcon.colcon_core.package_identification:_identify(devel) by extensions ['colcon_pkg']
[0.429s] Level 1:colcon.colcon_core.package_identification:_identify(devel) by extension 'colcon_pkg'
[0.429s] Level 1:colcon.colcon_core.package_identification:_identify(devel) by extensions ['colcon_meta']
[0.429s] Level 1:colcon.colcon_core.package_identification:_identify(devel) by extension 'colcon_meta'
[0.429s] Level 1:colcon.colcon_core.package_identification:_identify(devel) by extensions ['ros']
[0.429s] Level 1:colcon.colcon_core.package_identification:_identify(devel) by extension 'ros'
[0.429s] Level 1:colcon.colcon_core.package_identification:_identify(devel) by extensions ['cmake', 'python']
[0.429s] Level 1:colcon.colcon_core.package_identification:_identify(devel) by extension 'cmake'
[0.430s] Level 1:colcon.colcon_core.package_identification:_identify(devel) by extension 'python'
[0.430s] Level 1:colcon.colcon_core.package_identification:_identify(devel) by extensions ['python_setup_py']
[0.430s] Level 1:colcon.colcon_core.package_identification:_identify(devel) by extension 'python_setup_py'
[0.430s] Level 1:colcon.colcon_core.package_identification:_identify(install) by extensions ['ignore', 'ignore_ament_install']
[0.430s] Level 1:colcon.colcon_core.package_identification:_identify(install) by extension 'ignore'
[0.430s] Level 1:colcon.colcon_core.package_identification:_identify(install) ignored
[0.430s] Level 1:colcon.colcon_core.package_identification:_identify(log) by extensions ['ignore', 'ignore_ament_install']
[0.430s] Level 1:colcon.colcon_core.package_identification:_identify(log) by extension 'ignore'
[0.430s] Level 1:colcon.colcon_core.package_identification:_identify(log) ignored
[0.430s] Level 1:colcon.colcon_core.package_identification:_identify(logs) by extensions ['ignore', 'ignore_ament_install']
[0.430s] Level 1:colcon.colcon_core.package_identification:_identify(logs) by extension 'ignore'
[0.430s] Level 1:colcon.colcon_core.package_identification:_identify(logs) by extension 'ignore_ament_install'
[0.430s] Level 1:colcon.colcon_core.package_identification:_identify(logs) by extensions ['colcon_pkg']
[0.430s] Level 1:colcon.colcon_core.package_identification:_identify(logs) by extension 'colcon_pkg'
[0.430s] Level 1:colcon.colcon_core.package_identification:_identify(logs) by extensions ['colcon_meta']
[0.430s] Level 1:colcon.colcon_core.package_identification:_identify(logs) by extension 'colcon_meta'
[0.430s] Level 1:colcon.colcon_core.package_identification:_identify(logs) by extensions ['ros']
[0.430s] Level 1:colcon.colcon_core.package_identification:_identify(logs) by extension 'ros'
[0.431s] Level 1:colcon.colcon_core.package_identification:_identify(logs) by extensions ['cmake', 'python']
[0.431s] Level 1:colcon.colcon_core.package_identification:_identify(logs) by extension 'cmake'
[0.431s] Level 1:colcon.colcon_core.package_identification:_identify(logs) by extension 'python'
[0.431s] Level 1:colcon.colcon_core.package_identification:_identify(logs) by extensions ['python_setup_py']
[0.431s] Level 1:colcon.colcon_core.package_identification:_identify(logs) by extension 'python_setup_py'
[0.431s] Level 1:colcon.colcon_core.package_identification:_identify(src) by extensions ['ignore', 'ignore_ament_install']
[0.431s] Level 1:colcon.colcon_core.package_identification:_identify(src) by extension 'ignore'
[0.431s] Level 1:colcon.colcon_core.package_identification:_identify(src) by extension 'ignore_ament_install'
[0.431s] Level 1:colcon.colcon_core.package_identification:_identify(src) by extensions ['colcon_pkg']
[0.431s] Level 1:colcon.colcon_core.package_identification:_identify(src) by extension 'colcon_pkg'
[0.431s] Level 1:colcon.colcon_core.package_identification:_identify(src) by extensions ['colcon_meta']
[0.431s] Level 1:colcon.colcon_core.package_identification:_identify(src) by extension 'colcon_meta'
[0.431s] Level 1:colcon.colcon_core.package_identification:_identify(src) by extensions ['ros']
[0.431s] Level 1:colcon.colcon_core.package_identification:_identify(src) by extension 'ros'
[0.431s] Level 1:colcon.colcon_core.package_identification:_identify(src) by extensions ['cmake', 'python']
[0.431s] Level 1:colcon.colcon_core.package_identification:_identify(src) by extension 'cmake'
[0.431s] Level 1:colcon.colcon_core.package_identification:_identify(src) by extension 'python'
[0.431s] Level 1:colcon.colcon_core.package_identification:_identify(src) by extensions ['python_setup_py']
[0.431s] Level 1:colcon.colcon_core.package_identification:_identify(src) by extension 'python_setup_py'
[0.431s] Level 1:colcon.colcon_core.package_identification:_identify(src/industrial_moveit2_utils) by extensions ['ignore', 'ignore_ament_install']
[0.432s] Level 1:colcon.colcon_core.package_identification:_identify(src/industrial_moveit2_utils) by extension 'ignore'
[0.432s] Level 1:colcon.colcon_core.package_identification:_identify(src/industrial_moveit2_utils) by extension 'ignore_ament_install'
[0.432s] Level 1:colcon.colcon_core.package_identification:_identify(src/industrial_moveit2_utils) by extensions ['colcon_pkg']
[0.432s] Level 1:colcon.colcon_core.package_identification:_identify(src/industrial_moveit2_utils) by extension 'colcon_pkg'
[0.432s] Level 1:colcon.colcon_core.package_identification:_identify(src/industrial_moveit2_utils) by extensions ['colcon_meta']
[0.432s] Level 1:colcon.colcon_core.package_identification:_identify(src/industrial_moveit2_utils) by extension 'colcon_meta'
[0.432s] Level 1:colcon.colcon_core.package_identification:_identify(src/industrial_moveit2_utils) by extensions ['ros']
[0.432s] Level 1:colcon.colcon_core.package_identification:_identify(src/industrial_moveit2_utils) by extension 'ros'
[0.434s] DEBUG:colcon.colcon_core.package_identification:Package 'src/industrial_moveit2_utils' with type 'ros.ament_python' and name 'industrial_moveit2_utils'
[0.434s] Level 1:colcon.colcon_core.package_identification:_identify(src/pick_and_place_application) by extensions ['ignore', 'ignore_ament_install']
[0.435s] Level 1:colcon.colcon_core.package_identification:_identify(src/pick_and_place_application) by extension 'ignore'
[0.435s] Level 1:colcon.colcon_core.package_identification:_identify(src/pick_and_place_application) by extension 'ignore_ament_install'
[0.435s] Level 1:colcon.colcon_core.package_identification:_identify(src/pick_and_place_application) by extensions ['colcon_pkg']
[0.435s] Level 1:colcon.colcon_core.package_identification:_identify(src/pick_and_place_application) by extension 'colcon_pkg'
[0.435s] Level 1:colcon.colcon_core.package_identification:_identify(src/pick_and_place_application) by extensions ['colcon_meta']
[0.435s] Level 1:colcon.colcon_core.package_identification:_identify(src/pick_and_place_application) by extension 'colcon_meta'
[0.435s] Level 1:colcon.colcon_core.package_identification:_identify(src/pick_and_place_application) by extensions ['ros']
[0.435s] Level 1:colcon.colcon_core.package_identification:_identify(src/pick_and_place_application) by extension 'ros'
[0.436s] DEBUG:colcon.colcon_core.package_identification:Package 'src/pick_and_place_application' with type 'ros.ament_cmake' and name 'pick_and_place_application'
[0.436s] Level 1:colcon.colcon_core.package_identification:_identify(src/pick_and_place_msgs) by extensions ['ignore', 'ignore_ament_install']
[0.436s] Level 1:colcon.colcon_core.package_identification:_identify(src/pick_and_place_msgs) by extension 'ignore'
[0.436s] Level 1:colcon.colcon_core.package_identification:_identify(src/pick_and_place_msgs) by extension 'ignore_ament_install'
[0.436s] Level 1:colcon.colcon_core.package_identification:_identify(src/pick_and_place_msgs) by extensions ['colcon_pkg']
[0.436s] Level 1:colcon.colcon_core.package_identification:_identify(src/pick_and_place_msgs) by extension 'colcon_pkg'
[0.436s] Level 1:colcon.colcon_core.package_identification:_identify(src/pick_and_place_msgs) by extensions ['colcon_meta']
[0.436s] Level 1:colcon.colcon_core.package_identification:_identify(src/pick_and_place_msgs) by extension 'colcon_meta'
[0.436s] Level 1:colcon.colcon_core.package_identification:_identify(src/pick_and_place_msgs) by extensions ['ros']
[0.436s] Level 1:colcon.colcon_core.package_identification:_identify(src/pick_and_place_msgs) by extension 'ros'
[0.437s] DEBUG:colcon.colcon_core.package_identification:Package 'src/pick_and_place_msgs' with type 'ros.ament_cmake' and name 'pick_and_place_msgs'
[0.437s] Level 1:colcon.colcon_core.package_identification:_identify(src/robot_workcell_support) by extensions ['ignore', 'ignore_ament_install']
[0.437s] Level 1:colcon.colcon_core.package_identification:_identify(src/robot_workcell_support) by extension 'ignore'
[0.437s] Level 1:colcon.colcon_core.package_identification:_identify(src/robot_workcell_support) by extension 'ignore_ament_install'
[0.437s] Level 1:colcon.colcon_core.package_identification:_identify(src/robot_workcell_support) by extensions ['colcon_pkg']
[0.437s] Level 1:colcon.colcon_core.package_identification:_identify(src/robot_workcell_support) by extension 'colcon_pkg'
[0.437s] Level 1:colcon.colcon_core.package_identification:_identify(src/robot_workcell_support) by extensions ['colcon_meta']
[0.437s] Level 1:colcon.colcon_core.package_identification:_identify(src/robot_workcell_support) by extension 'colcon_meta'
[0.437s] Level 1:colcon.colcon_core.package_identification:_identify(src/robot_workcell_support) by extensions ['ros']
[0.437s] Level 1:colcon.colcon_core.package_identification:_identify(src/robot_workcell_support) by extension 'ros'
[0.438s] DEBUG:colcon.colcon_core.package_identification:Package 'src/robot_workcell_support' with type 'ros.ament_cmake' and name 'robot_workcell_support'
[0.438s] Level 1:colcon.colcon_core.package_identification:_identify(src/ur5_workcell_moveit2_config) by extensions ['ignore', 'ignore_ament_install']
[0.438s] Level 1:colcon.colcon_core.package_identification:_identify(src/ur5_workcell_moveit2_config) by extension 'ignore'
[0.438s] Level 1:colcon.colcon_core.package_identification:_identify(src/ur5_workcell_moveit2_config) by extension 'ignore_ament_install'
[0.438s] Level 1:colcon.colcon_core.package_identification:_identify(src/ur5_workcell_moveit2_config) by extensions ['colcon_pkg']
[0.438s] Level 1:colcon.colcon_core.package_identification:_identify(src/ur5_workcell_moveit2_config) by extension 'colcon_pkg'
[0.438s] Level 1:colcon.colcon_core.package_identification:_identify(src/ur5_workcell_moveit2_config) by extensions ['colcon_meta']
[0.438s] Level 1:colcon.colcon_core.package_identification:_identify(src/ur5_workcell_moveit2_config) by extension 'colcon_meta'
[0.438s] Level 1:colcon.colcon_core.package_identification:_identify(src/ur5_workcell_moveit2_config) by extensions ['ros']
[0.438s] Level 1:colcon.colcon_core.package_identification:_identify(src/ur5_workcell_moveit2_config) by extension 'ros'
[0.439s] DEBUG:colcon.colcon_core.package_identification:Package 'src/ur5_workcell_moveit2_config' with type 'ros.ament_cmake' and name 'ur5_workcell_moveit2_config'
[0.439s] Level 1:colcon.colcon_core.package_discovery:discover_packages(recursive) using defaults
[0.439s] Level 1:colcon.colcon_core.package_discovery:discover_packages(ignore) discover
[0.439s] Level 1:colcon.colcon_core.package_discovery:discover_packages(ignore) using defaults
[0.439s] Level 1:colcon.colcon_core.package_discovery:discover_packages(path) discover
[0.439s] Level 1:colcon.colcon_core.package_discovery:discover_packages(path) using defaults
[0.465s] Level 1:colcon.colcon_core.package_discovery:discover_packages(prefix_path) check parameters
[0.465s] Level 1:colcon.colcon_core.package_discovery:discover_packages(prefix_path) discover
[0.467s] DEBUG:colcon.colcon_installed_package_information.package_discovery:Found 1 installed packages in /home/ubuntu/perception_ws/install
[0.469s] DEBUG:colcon.colcon_installed_package_information.package_discovery:Found 356 installed packages in /opt/ros/humble
[0.471s] Level 1:colcon.colcon_core.package_discovery:discover_packages(prefix_path) using defaults
[0.546s] Level 5:colcon.colcon_core.verb:set package 'industrial_moveit2_utils' build argument 'cmake_args' from command line to 'None'
[0.546s] Level 5:colcon.colcon_core.verb:set package 'industrial_moveit2_utils' build argument 'cmake_target' from command line to 'None'
[0.546s] Level 5:colcon.colcon_core.verb:set package 'industrial_moveit2_utils' build argument 'cmake_target_skip_unavailable' from command line to 'False'
[0.546s] Level 5:colcon.colcon_core.verb:set package 'industrial_moveit2_utils' build argument 'cmake_clean_cache' from command line to 'False'
[0.546s] Level 5:colcon.colcon_core.verb:set package 'industrial_moveit2_utils' build argument 'cmake_clean_first' from command line to 'False'
[0.546s] Level 5:colcon.colcon_core.verb:set package 'industrial_moveit2_utils' build argument 'cmake_force_configure' from command line to 'False'
[0.546s] Level 5:colcon.colcon_core.verb:set package 'industrial_moveit2_utils' build argument 'ament_cmake_args' from command line to 'None'
[0.546s] Level 5:colcon.colcon_core.verb:set package 'industrial_moveit2_utils' build argument 'catkin_cmake_args' from command line to 'None'
[0.546s] Level 5:colcon.colcon_core.verb:set package 'industrial_moveit2_utils' build argument 'catkin_skip_building_tests' from command line to 'False'
[0.546s] DEBUG:colcon.colcon_core.verb:Building package 'industrial_moveit2_utils' with the following arguments: {'ament_cmake_args': None, 'build_base': '/home/ubuntu/perception_driven_ws/build/industrial_moveit2_utils', 'catkin_cmake_args': None, 'catkin_skip_building_tests': False, 'cmake_args': None, 'cmake_clean_cache': False, 'cmake_clean_first': False, 'cmake_force_configure': False, 'cmake_target': None, 'cmake_target_skip_unavailable': False, 'install_base': '/home/ubuntu/perception_driven_ws/install/industrial_moveit2_utils', 'merge_install': False, 'path': '/home/ubuntu/perception_driven_ws/src/industrial_moveit2_utils', 'symlink_install': True, 'test_result_base': None}
[0.548s] Level 5:colcon.colcon_core.verb:set package 'pick_and_place_msgs' build argument 'cmake_args' from command line to 'None'
[0.548s] Level 5:colcon.colcon_core.verb:set package 'pick_and_place_msgs' build argument 'cmake_target' from command line to 'None'
[0.548s] Level 5:colcon.colcon_core.verb:set package 'pick_and_place_msgs' build argument 'cmake_target_skip_unavailable' from command line to 'False'
[0.548s] Level 5:colcon.colcon_core.verb:set package 'pick_and_place_msgs' build argument 'cmake_clean_cache' from command line to 'False'
[0.548s] Level 5:colcon.colcon_core.verb:set package 'pick_and_place_msgs' build argument 'cmake_clean_first' from command line to 'False'
[0.548s] Level 5:colcon.colcon_core.verb:set package 'pick_and_place_msgs' build argument 'cmake_force_configure' from command line to 'False'
[0.548s] Level 5:colcon.colcon_core.verb:set package 'pick_and_place_msgs' build argument 'ament_cmake_args' from command line to 'None'
[0.548s] Level 5:colcon.colcon_core.verb:set package 'pick_and_place_msgs' build argument 'catkin_cmake_args' from command line to 'None'
[0.548s] Level 5:colcon.colcon_core.verb:set package 'pick_and_place_msgs' build argument 'catkin_skip_building_tests' from command line to 'False'
[0.548s] DEBUG:colcon.colcon_core.verb:Building package 'pick_and_place_msgs' with the following arguments: {'ament_cmake_args': None, 'build_base': '/home/ubuntu/perception_driven_ws/build/pick_and_place_msgs', 'catkin_cmake_args': None, 'catkin_skip_building_tests': False, 'cmake_args': None, 'cmake_clean_cache': False, 'cmake_clean_first': False, 'cmake_force_configure': False, 'cmake_target': None, 'cmake_target_skip_unavailable': False, 'install_base': '/home/ubuntu/perception_driven_ws/install/pick_and_place_msgs', 'merge_install': False, 'path': '/home/ubuntu/perception_driven_ws/src/pick_and_place_msgs', 'symlink_install': True, 'test_result_base': None}
[0.549s] Level 5:colcon.colcon_core.verb:set package 'robot_workcell_support' build argument 'cmake_args' from command line to 'None'
[0.549s] Level 5:colcon.colcon_core.verb:set package 'robot_workcell_support' build argument 'cmake_target' from command line to 'None'
[0.549s] Level 5:colcon.colcon_core.verb:set package 'robot_workcell_support' build argument 'cmake_target_skip_unavailable' from command line to 'False'
[0.549s] Level 5:colcon.colcon_core.verb:set package 'robot_workcell_support' build argument 'cmake_clean_cache' from command line to 'False'
[0.549s] Level 5:colcon.colcon_core.verb:set package 'robot_workcell_support' build argument 'cmake_clean_first' from command line to 'False'
[0.549s] Level 5:colcon.colcon_core.verb:set package 'robot_workcell_support' build argument 'cmake_force_configure' from command line to 'False'
[0.549s] Level 5:colcon.colcon_core.verb:set package 'robot_workcell_support' build argument 'ament_cmake_args' from command line to 'None'
[0.549s] Level 5:colcon.colcon_core.verb:set package 'robot_workcell_support' build argument 'catkin_cmake_args' from command line to 'None'
[0.549s] Level 5:colcon.colcon_core.verb:set package 'robot_workcell_support' build argument 'catkin_skip_building_tests' from command line to 'False'
[0.549s] DEBUG:colcon.colcon_core.verb:Building package 'robot_workcell_support' with the following arguments: {'ament_cmake_args': None, 'build_base': '/home/ubuntu/perception_driven_ws/build/robot_workcell_support', 'catkin_cmake_args': None, 'catkin_skip_building_tests': False, 'cmake_args': None, 'cmake_clean_cache': False, 'cmake_clean_first': False, 'cmake_force_configure': False, 'cmake_target': None, 'cmake_target_skip_unavailable': False, 'install_base': '/home/ubuntu/perception_driven_ws/install/robot_workcell_support', 'merge_install': False, 'path': '/home/ubuntu/perception_driven_ws/src/robot_workcell_support', 'symlink_install': True, 'test_result_base': None}
[0.550s] Level 5:colcon.colcon_core.verb:set package 'pick_and_place_application' build argument 'cmake_args' from command line to 'None'
[0.550s] Level 5:colcon.colcon_core.verb:set package 'pick_and_place_application' build argument 'cmake_target' from command line to 'None'
[0.550s] Level 5:colcon.colcon_core.verb:set package 'pick_and_place_application' build argument 'cmake_target_skip_unavailable' from command line to 'False'
[0.550s] Level 5:colcon.colcon_core.verb:set package 'pick_and_place_application' build argument 'cmake_clean_cache' from command line to 'False'
[0.550s] Level 5:colcon.colcon_core.verb:set package 'pick_and_place_application' build argument 'cmake_clean_first' from command line to 'False'
[0.550s] Level 5:colcon.colcon_core.verb:set package 'pick_and_place_application' build argument 'cmake_force_configure' from command line to 'False'
[0.550s] Level 5:colcon.colcon_core.verb:set package 'pick_and_place_application' build argument 'ament_cmake_args' from command line to 'None'
[0.550s] Level 5:colcon.colcon_core.verb:set package 'pick_and_place_application' build argument 'catkin_cmake_args' from command line to 'None'
[0.550s] Level 5:colcon.colcon_core.verb:set package 'pick_and_place_application' build argument 'catkin_skip_building_tests' from command line to 'False'
[0.550s] DEBUG:colcon.colcon_core.verb:Building package 'pick_and_place_application' with the following arguments: {'ament_cmake_args': None, 'build_base': '/home/ubuntu/perception_driven_ws/build/pick_and_place_application', 'catkin_cmake_args': None, 'catkin_skip_building_tests': False, 'cmake_args': None, 'cmake_clean_cache': False, 'cmake_clean_first': False, 'cmake_force_configure': False, 'cmake_target': None, 'cmake_target_skip_unavailable': False, 'install_base': '/home/ubuntu/perception_driven_ws/install/pick_and_place_application', 'merge_install': False, 'path': '/home/ubuntu/perception_driven_ws/src/pick_and_place_application', 'symlink_install': True, 'test_result_base': None}
[0.551s] Level 5:colcon.colcon_core.verb:set package 'ur5_workcell_moveit2_config' build argument 'cmake_args' from command line to 'None'
[0.551s] Level 5:colcon.colcon_core.verb:set package 'ur5_workcell_moveit2_config' build argument 'cmake_target' from command line to 'None'
[0.551s] Level 5:colcon.colcon_core.verb:set package 'ur5_workcell_moveit2_config' build argument 'cmake_target_skip_unavailable' from command line to 'False'
[0.551s] Level 5:colcon.colcon_core.verb:set package 'ur5_workcell_moveit2_config' build argument 'cmake_clean_cache' from command line to 'False'
[0.551s] Level 5:colcon.colcon_core.verb:set package 'ur5_workcell_moveit2_config' build argument 'cmake_clean_first' from command line to 'False'
[0.551s] Level 5:colcon.colcon_core.verb:set package 'ur5_workcell_moveit2_config' build argument 'cmake_force_configure' from command line to 'False'
[0.551s] Level 5:colcon.colcon_core.verb:set package 'ur5_workcell_moveit2_config' build argument 'ament_cmake_args' from command line to 'None'
[0.552s] Level 5:colcon.colcon_core.verb:set package 'ur5_workcell_moveit2_config' build argument 'catkin_cmake_args' from command line to 'None'
[0.552s] Level 5:colcon.colcon_core.verb:set package 'ur5_workcell_moveit2_config' build argument 'catkin_skip_building_tests' from command line to 'False'
[0.552s] DEBUG:colcon.colcon_core.verb:Building package 'ur5_workcell_moveit2_config' with the following arguments: {'ament_cmake_args': None, 'build_base': '/home/ubuntu/perception_driven_ws/build/ur5_workcell_moveit2_config', 'catkin_cmake_args': None, 'catkin_skip_building_tests': False, 'cmake_args': None, 'cmake_clean_cache': False, 'cmake_clean_first': False, 'cmake_force_configure': False, 'cmake_target': None, 'cmake_target_skip_unavailable': False, 'install_base': '/home/ubuntu/perception_driven_ws/install/ur5_workcell_moveit2_config', 'merge_install': False, 'path': '/home/ubuntu/perception_driven_ws/src/ur5_workcell_moveit2_config', 'symlink_install': True, 'test_result_base': None}
[0.552s] INFO:colcon.colcon_core.executor:Executing jobs using 'parallel' executor
[0.555s] DEBUG:colcon.colcon_parallel_executor.executor.parallel:run_until_complete
[0.556s] INFO:colcon.colcon_ros.task.ament_cmake.build:Building ROS package in '/home/ubuntu/perception_driven_ws/src/pick_and_place_msgs' with build type 'ament_cmake'
[0.556s] INFO:colcon.colcon_cmake.task.cmake.build:Building CMake package in '/home/ubuntu/perception_driven_ws/src/pick_and_place_msgs'
[0.560s] INFO:colcon.colcon_core.plugin_system:Skipping extension 'colcon_core.shell.bat': Not used on non-Windows systems
[0.560s] INFO:colcon.colcon_core.shell:Skip shell extension 'powershell' for command environment: Not usable outside of PowerShell
[0.561s] DEBUG:colcon.colcon_core.shell:Skip shell extension 'dsv' for command environment
[0.566s] INFO:colcon.colcon_ros.task.ament_cmake.build:Building ROS package in '/home/ubuntu/perception_driven_ws/src/robot_workcell_support' with build type 'ament_cmake'
[0.566s] INFO:colcon.colcon_cmake.task.cmake.build:Building CMake package in '/home/ubuntu/perception_driven_ws/src/robot_workcell_support'
[0.567s] INFO:colcon.colcon_core.shell:Skip shell extension 'powershell' for command environment: Not usable outside of PowerShell
[0.568s] DEBUG:colcon.colcon_core.shell:Skip shell extension 'dsv' for command environment
[0.574s] INFO:colcon.colcon_ros.task.ament_python.build:Building ROS package in '/home/ubuntu/perception_driven_ws/src/industrial_moveit2_utils' with build type 'ament_python'
[0.574s] Level 1:colcon.colcon_core.shell:create_environment_hook('industrial_moveit2_utils', 'ament_prefix_path')
[0.576s] INFO:colcon.colcon_core.shell:Creating environment hook '/home/ubuntu/perception_driven_ws/install/industrial_moveit2_utils/share/industrial_moveit2_utils/hook/ament_prefix_path.ps1'
[0.577s] INFO:colcon.colcon_core.shell:Creating environment descriptor '/home/ubuntu/perception_driven_ws/install/industrial_moveit2_utils/share/industrial_moveit2_utils/hook/ament_prefix_path.dsv'
[0.577s] INFO:colcon.colcon_core.shell:Creating environment hook '/home/ubuntu/perception_driven_ws/install/industrial_moveit2_utils/share/industrial_moveit2_utils/hook/ament_prefix_path.sh'
[0.579s] INFO:colcon.colcon_core.shell:Skip shell extension 'powershell' for command environment: Not usable outside of PowerShell
[0.579s] DEBUG:colcon.colcon_core.shell:Skip shell extension 'dsv' for command environment
[0.594s] DEBUG:colcon.colcon_core.event_handler.log_command:Invoking command in '/home/ubuntu/perception_driven_ws/build/pick_and_place_msgs': CMAKE_PREFIX_PATH=${CMAKE_PREFIX_PATH}:/opt/ros/humble /usr/bin/cmake --build /home/ubuntu/perception_driven_ws/build/pick_and_place_msgs -- -j4 -l4
[0.597s] DEBUG:colcon.colcon_core.event_handler.log_command:Invoking command in '/home/ubuntu/perception_driven_ws/build/robot_workcell_support': CMAKE_PREFIX_PATH=${CMAKE_PREFIX_PATH}:/opt/ros/humble /usr/bin/cmake --build /home/ubuntu/perception_driven_ws/build/robot_workcell_support -- -j4 -l4
[1.036s] INFO:colcon.colcon_core.task.python.build:Building Python package in '/home/ubuntu/perception_driven_ws/src/industrial_moveit2_utils'
[1.038s] INFO:colcon.colcon_core.shell:Skip shell extension 'powershell' for command environment: Not usable outside of PowerShell
[1.038s] DEBUG:colcon.colcon_core.shell:Skip shell extension 'dsv' for command environment
[1.044s] DEBUG:colcon.colcon_core.event_handler.log_command:Invoked command in '/home/ubuntu/perception_driven_ws/build/robot_workcell_support' returned '0': CMAKE_PREFIX_PATH=${CMAKE_PREFIX_PATH}:/opt/ros/humble /usr/bin/cmake --build /home/ubuntu/perception_driven_ws/build/robot_workcell_support -- -j4 -l4
[1.087s] DEBUG:colcon.colcon_core.event_handler.log_command:Invoking command in '/home/ubuntu/perception_driven_ws/build/robot_workcell_support': CMAKE_PREFIX_PATH=${CMAKE_PREFIX_PATH}:/opt/ros/humble /usr/bin/cmake --install /home/ubuntu/perception_driven_ws/build/robot_workcell_support
[1.124s] Level 1:colcon.colcon_core.environment:create_environment_scripts_only(robot_workcell_support)
[1.126s] DEBUG:colcon.colcon_core.event_handler.log_command:Invoked command in '/home/ubuntu/perception_driven_ws/build/robot_workcell_support' returned '0': CMAKE_PREFIX_PATH=${CMAKE_PREFIX_PATH}:/opt/ros/humble /usr/bin/cmake --install /home/ubuntu/perception_driven_ws/build/robot_workcell_support
[1.132s] Level 1:colcon.colcon_core.environment:checking '/home/ubuntu/perception_driven_ws/install/robot_workcell_support' for CMake module files
[1.133s] Level 1:colcon.colcon_core.environment:checking '/home/ubuntu/perception_driven_ws/install/robot_workcell_support' for CMake config files
[1.134s] Level 1:colcon.colcon_core.shell:create_environment_hook('robot_workcell_support', 'cmake_prefix_path')
[1.136s] INFO:colcon.colcon_core.shell:Creating environment hook '/home/ubuntu/perception_driven_ws/install/robot_workcell_support/share/robot_workcell_support/hook/cmake_prefix_path.ps1'
[1.137s] INFO:colcon.colcon_core.shell:Creating environment descriptor '/home/ubuntu/perception_driven_ws/install/robot_workcell_support/share/robot_workcell_support/hook/cmake_prefix_path.dsv'
[1.137s] INFO:colcon.colcon_core.shell:Creating environment hook '/home/ubuntu/perception_driven_ws/install/robot_workcell_support/share/robot_workcell_support/hook/cmake_prefix_path.sh'
[1.138s] Level 1:colcon.colcon_core.environment:checking '/home/ubuntu/perception_driven_ws/install/robot_workcell_support/bin'
[1.138s] Level 1:colcon.colcon_core.environment:checking '/home/ubuntu/perception_driven_ws/install/robot_workcell_support/lib/pkgconfig/robot_workcell_support.pc'
[1.139s] Level 1:colcon.colcon_core.environment:checking '/home/ubuntu/perception_driven_ws/install/robot_workcell_support/lib/python3.10/site-packages'
[1.140s] Level 1:colcon.colcon_core.environment:checking '/home/ubuntu/perception_driven_ws/install/robot_workcell_support/bin'
[1.142s] INFO:colcon.colcon_core.shell:Creating package script '/home/ubuntu/perception_driven_ws/install/robot_workcell_support/share/robot_workcell_support/package.ps1'
[1.143s] INFO:colcon.colcon_core.shell:Creating package descriptor '/home/ubuntu/perception_driven_ws/install/robot_workcell_support/share/robot_workcell_support/package.dsv'
[1.145s] INFO:colcon.colcon_core.shell:Creating package script '/home/ubuntu/perception_driven_ws/install/robot_workcell_support/share/robot_workcell_support/package.sh'
[1.146s] INFO:colcon.colcon_core.shell:Creating package script '/home/ubuntu/perception_driven_ws/install/robot_workcell_support/share/robot_workcell_support/package.bash'
[1.147s] INFO:colcon.colcon_core.shell:Creating package script '/home/ubuntu/perception_driven_ws/install/robot_workcell_support/share/robot_workcell_support/package.zsh'
[1.148s] Level 1:colcon.colcon_core.environment:create_file_with_runtime_dependencies(/home/ubuntu/perception_driven_ws/install/robot_workcell_support/share/colcon-core/packages/robot_workcell_support)
[1.158s] DEBUG:colcon.colcon_core.event_handler.log_command:Invoked command in '/home/ubuntu/perception_driven_ws/build/pick_and_place_msgs' returned '0': CMAKE_PREFIX_PATH=${CMAKE_PREFIX_PATH}:/opt/ros/humble /usr/bin/cmake --build /home/ubuntu/perception_driven_ws/build/pick_and_place_msgs -- -j4 -l4
[1.174s] Level 1:colcon.colcon_core.environment:create_environment_scripts_only(robot_workcell_support)
[1.177s] Level 1:colcon.colcon_core.environment:checking '/home/ubuntu/perception_driven_ws/install/robot_workcell_support' for CMake module files
[1.178s] Level 1:colcon.colcon_core.environment:checking '/home/ubuntu/perception_driven_ws/install/robot_workcell_support' for CMake config files
[1.179s] Level 1:colcon.colcon_core.shell:create_environment_hook('robot_workcell_support', 'cmake_prefix_path')
[1.181s] INFO:colcon.colcon_core.shell:Creating environment hook '/home/ubuntu/perception_driven_ws/install/robot_workcell_support/share/robot_workcell_support/hook/cmake_prefix_path.ps1'
[1.182s] INFO:colcon.colcon_core.shell:Creating environment descriptor '/home/ubuntu/perception_driven_ws/install/robot_workcell_support/share/robot_workcell_support/hook/cmake_prefix_path.dsv'
[1.182s] INFO:colcon.colcon_core.shell:Creating environment hook '/home/ubuntu/perception_driven_ws/install/robot_workcell_support/share/robot_workcell_support/hook/cmake_prefix_path.sh'
[1.183s] Level 1:colcon.colcon_core.environment:checking '/home/ubuntu/perception_driven_ws/install/robot_workcell_support/bin'
[1.183s] Level 1:colcon.colcon_core.environment:checking '/home/ubuntu/perception_driven_ws/install/robot_workcell_support/lib/pkgconfig/robot_workcell_support.pc'
[1.184s] Level 1:colcon.colcon_core.environment:checking '/home/ubuntu/perception_driven_ws/install/robot_workcell_support/lib/python3.10/site-packages'
[1.184s] Level 1:colcon.colcon_core.environment:checking '/home/ubuntu/perception_driven_ws/install/robot_workcell_support/bin'
[1.186s] INFO:colcon.colcon_core.shell:Creating package script '/home/ubuntu/perception_driven_ws/install/robot_workcell_support/share/robot_workcell_support/package.ps1'
[1.187s] INFO:colcon.colcon_core.shell:Creating package descriptor '/home/ubuntu/perception_driven_ws/install/robot_workcell_support/share/robot_workcell_support/package.dsv'
[1.188s] INFO:colcon.colcon_core.shell:Creating package script '/home/ubuntu/perception_driven_ws/install/robot_workcell_support/share/robot_workcell_support/package.sh'
[1.188s] INFO:colcon.colcon_core.shell:Creating package script '/home/ubuntu/perception_driven_ws/install/robot_workcell_support/share/robot_workcell_support/package.bash'
[1.189s] INFO:colcon.colcon_core.shell:Creating package script '/home/ubuntu/perception_driven_ws/install/robot_workcell_support/share/robot_workcell_support/package.zsh'
[1.189s] Level 1:colcon.colcon_core.environment:create_file_with_runtime_dependencies(/home/ubuntu/perception_driven_ws/install/robot_workcell_support/share/colcon-core/packages/robot_workcell_support)
[1.191s] INFO:colcon.colcon_ros.task.ament_cmake.build:Building ROS package in '/home/ubuntu/perception_driven_ws/src/ur5_workcell_moveit2_config' with build type 'ament_cmake'
[1.192s] INFO:colcon.colcon_cmake.task.cmake.build:Building CMake package in '/home/ubuntu/perception_driven_ws/src/ur5_workcell_moveit2_config'
[1.193s] INFO:colcon.colcon_core.shell:Skip shell extension 'powershell' for command environment: Not usable outside of PowerShell
[1.193s] DEBUG:colcon.colcon_core.shell:Skip shell extension 'dsv' for command environment
[1.204s] DEBUG:colcon.colcon_core.event_handler.log_command:Invoking command in '/home/ubuntu/perception_driven_ws/build/ur5_workcell_moveit2_config': AMENT_PREFIX_PATH=/home/ubuntu/perception_driven_ws/install/robot_workcell_support:${AMENT_PREFIX_PATH} CMAKE_PREFIX_PATH=/home/ubuntu/perception_driven_ws/install/robot_workcell_support:/home/ubuntu/perception_ws/install/lesson_perception:/opt/ros/humble /usr/bin/cmake --build /home/ubuntu/perception_driven_ws/build/ur5_workcell_moveit2_config -- -j4 -l4
[1.256s] DEBUG:colcon.colcon_core.event_handler.log_command:Invoked command in '/home/ubuntu/perception_driven_ws/build/ur5_workcell_moveit2_config' returned '0': AMENT_PREFIX_PATH=/home/ubuntu/perception_driven_ws/install/robot_workcell_support:${AMENT_PREFIX_PATH} CMAKE_PREFIX_PATH=/home/ubuntu/perception_driven_ws/install/robot_workcell_support:/home/ubuntu/perception_ws/install/lesson_perception:/opt/ros/humble /usr/bin/cmake --build /home/ubuntu/perception_driven_ws/build/ur5_workcell_moveit2_config -- -j4 -l4
[1.272s] DEBUG:colcon.colcon_core.event_handler.log_command:Invoking command in '/home/ubuntu/perception_driven_ws/build/pick_and_place_msgs': CMAKE_PREFIX_PATH=${CMAKE_PREFIX_PATH}:/opt/ros/humble /usr/bin/cmake --install /home/ubuntu/perception_driven_ws/build/pick_and_place_msgs
[1.291s] DEBUG:colcon.colcon_core.event_handler.log_command:Invoking command in '/home/ubuntu/perception_driven_ws/build/ur5_workcell_moveit2_config': AMENT_PREFIX_PATH=/home/ubuntu/perception_driven_ws/install/robot_workcell_support:${AMENT_PREFIX_PATH} CMAKE_PREFIX_PATH=/home/ubuntu/perception_driven_ws/install/robot_workcell_support:/home/ubuntu/perception_ws/install/lesson_perception:/opt/ros/humble /usr/bin/cmake --install /home/ubuntu/perception_driven_ws/build/ur5_workcell_moveit2_config
[1.317s] Level 1:colcon.colcon_core.environment:create_environment_scripts_only(ur5_workcell_moveit2_config)
[1.320s] Level 1:colcon.colcon_core.environment:checking '/home/ubuntu/perception_driven_ws/install/ur5_workcell_moveit2_config' for CMake module files
[1.320s] DEBUG:colcon.colcon_core.event_handler.log_command:Invoked command in '/home/ubuntu/perception_driven_ws/build/ur5_workcell_moveit2_config' returned '0': AMENT_PREFIX_PATH=/home/ubuntu/perception_driven_ws/install/robot_workcell_support:${AMENT_PREFIX_PATH} CMAKE_PREFIX_PATH=/home/ubuntu/perception_driven_ws/install/robot_workcell_support:/home/ubuntu/perception_ws/install/lesson_perception:/opt/ros/humble /usr/bin/cmake --install /home/ubuntu/perception_driven_ws/build/ur5_workcell_moveit2_config
[1.322s] Level 1:colcon.colcon_core.environment:checking '/home/ubuntu/perception_driven_ws/install/ur5_workcell_moveit2_config' for CMake config files
[1.322s] Level 1:colcon.colcon_core.shell:create_environment_hook('ur5_workcell_moveit2_config', 'cmake_prefix_path')
[1.324s] INFO:colcon.colcon_core.shell:Creating environment hook '/home/ubuntu/perception_driven_ws/install/ur5_workcell_moveit2_config/share/ur5_workcell_moveit2_config/hook/cmake_prefix_path.ps1'
[1.324s] INFO:colcon.colcon_core.shell:Creating environment descriptor '/home/ubuntu/perception_driven_ws/install/ur5_workcell_moveit2_config/share/ur5_workcell_moveit2_config/hook/cmake_prefix_path.dsv'
[1.324s] INFO:colcon.colcon_core.shell:Creating environment hook '/home/ubuntu/perception_driven_ws/install/ur5_workcell_moveit2_config/share/ur5_workcell_moveit2_config/hook/cmake_prefix_path.sh'
[1.325s] Level 1:colcon.colcon_core.environment:checking '/home/ubuntu/perception_driven_ws/install/ur5_workcell_moveit2_config/bin'
[1.325s] Level 1:colcon.colcon_core.environment:checking '/home/ubuntu/perception_driven_ws/install/ur5_workcell_moveit2_config/lib/pkgconfig/ur5_workcell_moveit2_config.pc'
[1.325s] Level 1:colcon.colcon_core.environment:checking '/home/ubuntu/perception_driven_ws/install/ur5_workcell_moveit2_config/lib/python3.10/site-packages'
[1.326s] Level 1:colcon.colcon_core.environment:checking '/home/ubuntu/perception_driven_ws/install/ur5_workcell_moveit2_config/bin'
[1.327s] INFO:colcon.colcon_core.shell:Creating package script '/home/ubuntu/perception_driven_ws/install/ur5_workcell_moveit2_config/share/ur5_workcell_moveit2_config/package.ps1'
[1.327s] INFO:colcon.colcon_core.shell:Creating package descriptor '/home/ubuntu/perception_driven_ws/install/ur5_workcell_moveit2_config/share/ur5_workcell_moveit2_config/package.dsv'
[1.328s] INFO:colcon.colcon_core.shell:Creating package script '/home/ubuntu/perception_driven_ws/install/ur5_workcell_moveit2_config/share/ur5_workcell_moveit2_config/package.sh'
[1.328s] INFO:colcon.colcon_core.shell:Creating package script '/home/ubuntu/perception_driven_ws/install/ur5_workcell_moveit2_config/share/ur5_workcell_moveit2_config/package.bash'
[1.328s] INFO:colcon.colcon_core.shell:Creating package script '/home/ubuntu/perception_driven_ws/install/ur5_workcell_moveit2_config/share/ur5_workcell_moveit2_config/package.zsh'
[1.329s] Level 1:colcon.colcon_core.environment:create_file_with_runtime_dependencies(/home/ubuntu/perception_driven_ws/install/ur5_workcell_moveit2_config/share/colcon-core/packages/ur5_workcell_moveit2_config)
[1.353s] Level 1:colcon.colcon_core.environment:create_environment_scripts_only(ur5_workcell_moveit2_config)
[1.355s] Level 1:colcon.colcon_core.environment:checking '/home/ubuntu/perception_driven_ws/install/ur5_workcell_moveit2_config' for CMake module files
[1.355s] Level 1:colcon.colcon_core.environment:checking '/home/ubuntu/perception_driven_ws/install/ur5_workcell_moveit2_config' for CMake config files
[1.356s] Level 1:colcon.colcon_core.shell:create_environment_hook('ur5_workcell_moveit2_config', 'cmake_prefix_path')
[1.357s] INFO:colcon.colcon_core.shell:Creating environment hook '/home/ubuntu/perception_driven_ws/install/ur5_workcell_moveit2_config/share/ur5_workcell_moveit2_config/hook/cmake_prefix_path.ps1'
[1.358s] INFO:colcon.colcon_core.shell:Creating environment descriptor '/home/ubuntu/perception_driven_ws/install/ur5_workcell_moveit2_config/share/ur5_workcell_moveit2_config/hook/cmake_prefix_path.dsv'
[1.358s] INFO:colcon.colcon_core.shell:Creating environment hook '/home/ubuntu/perception_driven_ws/install/ur5_workcell_moveit2_config/share/ur5_workcell_moveit2_config/hook/cmake_prefix_path.sh'
[1.358s] Level 1:colcon.colcon_core.environment:checking '/home/ubuntu/perception_driven_ws/install/ur5_workcell_moveit2_config/bin'
[1.359s] Level 1:colcon.colcon_core.environment:checking '/home/ubuntu/perception_driven_ws/install/ur5_workcell_moveit2_config/lib/pkgconfig/ur5_workcell_moveit2_config.pc'
[1.359s] Level 1:colcon.colcon_core.environment:checking '/home/ubuntu/perception_driven_ws/install/ur5_workcell_moveit2_config/lib/python3.10/site-packages'
[1.359s] Level 1:colcon.colcon_core.environment:checking '/home/ubuntu/perception_driven_ws/install/ur5_workcell_moveit2_config/bin'
[1.360s] INFO:colcon.colcon_core.shell:Creating package script '/home/ubuntu/perception_driven_ws/install/ur5_workcell_moveit2_config/share/ur5_workcell_moveit2_config/package.ps1'
[1.361s] INFO:colcon.colcon_core.shell:Creating package descriptor '/home/ubuntu/perception_driven_ws/install/ur5_workcell_moveit2_config/share/ur5_workcell_moveit2_config/package.dsv'
[1.361s] INFO:colcon.colcon_core.shell:Creating package script '/home/ubuntu/perception_driven_ws/install/ur5_workcell_moveit2_config/share/ur5_workcell_moveit2_config/package.sh'
[1.362s] INFO:colcon.colcon_core.shell:Creating package script '/home/ubuntu/perception_driven_ws/install/ur5_workcell_moveit2_config/share/ur5_workcell_moveit2_config/package.bash'
[1.362s] INFO:colcon.colcon_core.shell:Creating package script '/home/ubuntu/perception_driven_ws/install/ur5_workcell_moveit2_config/share/ur5_workcell_moveit2_config/package.zsh'
[1.362s] Level 1:colcon.colcon_core.environment:create_file_with_runtime_dependencies(/home/ubuntu/perception_driven_ws/install/ur5_workcell_moveit2_config/share/colcon-core/packages/ur5_workcell_moveit2_config)
[1.398s] Level 1:colcon.colcon_core.environment:create_environment_scripts_only(pick_and_place_msgs)
[1.400s] Level 1:colcon.colcon_core.environment:checking '/home/ubuntu/perception_driven_ws/install/pick_and_place_msgs' for CMake module files
[1.401s] DEBUG:colcon.colcon_core.event_handler.log_command:Invoked command in '/home/ubuntu/perception_driven_ws/build/pick_and_place_msgs' returned '0': CMAKE_PREFIX_PATH=${CMAKE_PREFIX_PATH}:/opt/ros/humble /usr/bin/cmake --install /home/ubuntu/perception_driven_ws/build/pick_and_place_msgs
[1.401s] Level 1:colcon.colcon_core.environment:checking '/home/ubuntu/perception_driven_ws/install/pick_and_place_msgs' for CMake config files
[1.402s] Level 1:colcon.colcon_core.shell:create_environment_hook('pick_and_place_msgs', 'cmake_prefix_path')
[1.404s] INFO:colcon.colcon_core.shell:Creating environment hook '/home/ubuntu/perception_driven_ws/install/pick_and_place_msgs/share/pick_and_place_msgs/hook/cmake_prefix_path.ps1'
[1.404s] INFO:colcon.colcon_core.shell:Creating environment descriptor '/home/ubuntu/perception_driven_ws/install/pick_and_place_msgs/share/pick_and_place_msgs/hook/cmake_prefix_path.dsv'
[1.405s] INFO:colcon.colcon_core.shell:Creating environment hook '/home/ubuntu/perception_driven_ws/install/pick_and_place_msgs/share/pick_and_place_msgs/hook/cmake_prefix_path.sh'
[1.405s] Level 1:colcon.colcon_core.environment:checking '/home/ubuntu/perception_driven_ws/install/pick_and_place_msgs/lib'
[1.405s] Level 1:colcon.colcon_core.shell:create_environment_hook('pick_and_place_msgs', 'ld_library_path_lib')
[1.407s] INFO:colcon.colcon_core.shell:Creating environment hook '/home/ubuntu/perception_driven_ws/install/pick_and_place_msgs/share/pick_and_place_msgs/hook/ld_library_path_lib.ps1'
[1.407s] INFO:colcon.colcon_core.shell:Creating environment descriptor '/home/ubuntu/perception_driven_ws/install/pick_and_place_msgs/share/pick_and_place_msgs/hook/ld_library_path_lib.dsv'
[1.407s] INFO:colcon.colcon_core.shell:Creating environment hook '/home/ubuntu/perception_driven_ws/install/pick_and_place_msgs/share/pick_and_place_msgs/hook/ld_library_path_lib.sh'
[1.408s] Level 1:colcon.colcon_core.environment:checking '/home/ubuntu/perception_driven_ws/install/pick_and_place_msgs/bin'
[1.408s] Level 1:colcon.colcon_core.environment:checking '/home/ubuntu/perception_driven_ws/install/pick_and_place_msgs/lib/pkgconfig/pick_and_place_msgs.pc'
[1.408s] Level 1:colcon.colcon_core.environment:checking '/home/ubuntu/perception_driven_ws/install/pick_and_place_msgs/lib/python3.10/site-packages'
[1.408s] Level 1:colcon.colcon_core.environment:checking '/home/ubuntu/perception_driven_ws/install/pick_and_place_msgs/bin'
[1.410s] INFO:colcon.colcon_core.shell:Creating package script '/home/ubuntu/perception_driven_ws/install/pick_and_place_msgs/share/pick_and_place_msgs/package.ps1'
[1.410s] INFO:colcon.colcon_core.shell:Creating package descriptor '/home/ubuntu/perception_driven_ws/install/pick_and_place_msgs/share/pick_and_place_msgs/package.dsv'
[1.411s] INFO:colcon.colcon_core.shell:Creating package script '/home/ubuntu/perception_driven_ws/install/pick_and_place_msgs/share/pick_and_place_msgs/package.sh'
[1.411s] INFO:colcon.colcon_core.shell:Creating package script '/home/ubuntu/perception_driven_ws/install/pick_and_place_msgs/share/pick_and_place_msgs/package.bash'
[1.411s] INFO:colcon.colcon_core.shell:Creating package script '/home/ubuntu/perception_driven_ws/install/pick_and_place_msgs/share/pick_and_place_msgs/package.zsh'
[1.412s] Level 1:colcon.colcon_core.environment:create_file_with_runtime_dependencies(/home/ubuntu/perception_driven_ws/install/pick_and_place_msgs/share/colcon-core/packages/pick_and_place_msgs)
[1.500s] Level 1:colcon.colcon_core.environment:create_environment_scripts_only(pick_and_place_msgs)
[1.502s] Level 1:colcon.colcon_core.environment:checking '/home/ubuntu/perception_driven_ws/install/pick_and_place_msgs' for CMake module files
[1.502s] Level 1:colcon.colcon_core.environment:checking '/home/ubuntu/perception_driven_ws/install/pick_and_place_msgs' for CMake config files
[1.503s] Level 1:colcon.colcon_core.shell:create_environment_hook('pick_and_place_msgs', 'cmake_prefix_path')
[1.505s] INFO:colcon.colcon_core.shell:Creating environment hook '/home/ubuntu/perception_driven_ws/install/pick_and_place_msgs/share/pick_and_place_msgs/hook/cmake_prefix_path.ps1'
[1.506s] INFO:colcon.colcon_core.shell:Creating environment descriptor '/home/ubuntu/perception_driven_ws/install/pick_and_place_msgs/share/pick_and_place_msgs/hook/cmake_prefix_path.dsv'
[1.507s] INFO:colcon.colcon_core.shell:Creating environment hook '/home/ubuntu/perception_driven_ws/install/pick_and_place_msgs/share/pick_and_place_msgs/hook/cmake_prefix_path.sh'
[1.508s] Level 1:colcon.colcon_core.environment:checking '/home/ubuntu/perception_driven_ws/install/pick_and_place_msgs/lib'
[1.508s] Level 1:colcon.colcon_core.shell:create_environment_hook('pick_and_place_msgs', 'ld_library_path_lib')
[1.509s] INFO:colcon.colcon_core.shell:Creating environment hook '/home/ubuntu/perception_driven_ws/install/pick_and_place_msgs/share/pick_and_place_msgs/hook/ld_library_path_lib.ps1'
[1.509s] INFO:colcon.colcon_core.shell:Creating environment descriptor '/home/ubuntu/perception_driven_ws/install/pick_and_place_msgs/share/pick_and_place_msgs/hook/ld_library_path_lib.dsv'
[1.509s] INFO:colcon.colcon_core.shell:Creating environment hook '/home/ubuntu/perception_driven_ws/install/pick_and_place_msgs/share/pick_and_place_msgs/hook/ld_library_path_lib.sh'
[1.510s] Level 1:colcon.colcon_core.environment:checking '/home/ubuntu/perception_driven_ws/install/pick_and_place_msgs/bin'
[1.510s] Level 1:colcon.colcon_core.environment:checking '/home/ubuntu/perception_driven_ws/install/pick_and_place_msgs/lib/pkgconfig/pick_and_place_msgs.pc'
[1.510s] Level 1:colcon.colcon_core.environment:checking '/home/ubuntu/perception_driven_ws/install/pick_and_place_msgs/lib/python3.10/site-packages'
[1.510s] Level 1:colcon.colcon_core.environment:checking '/home/ubuntu/perception_driven_ws/install/pick_and_place_msgs/bin'
[1.512s] INFO:colcon.colcon_core.shell:Creating package script '/home/ubuntu/perception_driven_ws/install/pick_and_place_msgs/share/pick_and_place_msgs/package.ps1'
[1.512s] INFO:colcon.colcon_core.shell:Creating package descriptor '/home/ubuntu/perception_driven_ws/install/pick_and_place_msgs/share/pick_and_place_msgs/package.dsv'
[1.513s] INFO:colcon.colcon_core.shell:Creating package script '/home/ubuntu/perception_driven_ws/install/pick_and_place_msgs/share/pick_and_place_msgs/package.sh'
[1.513s] INFO:colcon.colcon_core.shell:Creating package script '/home/ubuntu/perception_driven_ws/install/pick_and_place_msgs/share/pick_and_place_msgs/package.bash'
[1.513s] INFO:colcon.colcon_core.shell:Creating package script '/home/ubuntu/perception_driven_ws/install/pick_and_place_msgs/share/pick_and_place_msgs/package.zsh'
[1.514s] Level 1:colcon.colcon_core.environment:create_file_with_runtime_dependencies(/home/ubuntu/perception_driven_ws/install/pick_and_place_msgs/share/colcon-core/packages/pick_and_place_msgs)
[1.514s] INFO:colcon.colcon_ros.task.ament_cmake.build:Building ROS package in '/home/ubuntu/perception_driven_ws/src/pick_and_place_application' with build type 'ament_cmake'
[1.514s] INFO:colcon.colcon_cmake.task.cmake.build:Building CMake package in '/home/ubuntu/perception_driven_ws/src/pick_and_place_application'
[1.516s] INFO:colcon.colcon_core.shell:Skip shell extension 'powershell' for command environment: Not usable outside of PowerShell
[1.516s] DEBUG:colcon.colcon_core.shell:Skip shell extension 'dsv' for command environment
[1.530s] DEBUG:colcon.colcon_core.event_handler.log_command:Invoking command in '/home/ubuntu/perception_driven_ws/build/pick_and_place_application': AMENT_PREFIX_PATH=/home/ubuntu/perception_driven_ws/install/pick_and_place_msgs:${AMENT_PREFIX_PATH} CMAKE_PREFIX_PATH=/home/ubuntu/perception_driven_ws/install/pick_and_place_msgs:/home/ubuntu/perception_ws/install/lesson_perception:/opt/ros/humble LD_LIBRARY_PATH=/home/ubuntu/perception_driven_ws/install/pick_and_place_msgs/lib:${LD_LIBRARY_PATH} PYTHONPATH=/home/ubuntu/perception_driven_ws/install/pick_and_place_msgs/local/lib/python3.10/dist-packages:${PYTHONPATH} /usr/bin/cmake --build /home/ubuntu/perception_driven_ws/build/pick_and_place_application -- -j4 -l4
[1.562s] DEBUG:colcon.colcon_core.event_handler.log_command:Invoking command in '/home/ubuntu/perception_driven_ws/build/industrial_moveit2_utils': PYTHONPATH=/home/ubuntu/perception_driven_ws/build/industrial_moveit2_utils/prefix_override:/home/ubuntu/perception_driven_ws/install/industrial_moveit2_utils/lib/python3.10/site-packages:${PYTHONPATH} /usr/bin/python3 setup.py develop --editable --build-directory /home/ubuntu/perception_driven_ws/build/industrial_moveit2_utils/build --no-deps install_data
[2.489s] Level 1:colcon.colcon_core.shell:create_environment_hook('industrial_moveit2_utils', 'pythonpath_develop')
[2.491s] INFO:colcon.colcon_core.shell:Creating environment hook '/home/ubuntu/perception_driven_ws/build/industrial_moveit2_utils/share/industrial_moveit2_utils/hook/pythonpath_develop.ps1'
[2.492s] INFO:colcon.colcon_core.shell:Creating environment descriptor '/home/ubuntu/perception_driven_ws/build/industrial_moveit2_utils/share/industrial_moveit2_utils/hook/pythonpath_develop.dsv'
[2.501s] DEBUG:colcon.colcon_core.event_handler.log_command:Invoked command in '/home/ubuntu/perception_driven_ws/build/industrial_moveit2_utils' returned '0': PYTHONPATH=/home/ubuntu/perception_driven_ws/build/industrial_moveit2_utils/prefix_override:/home/ubuntu/perception_driven_ws/install/industrial_moveit2_utils/lib/python3.10/site-packages:${PYTHONPATH} /usr/bin/python3 setup.py develop --editable --build-directory /home/ubuntu/perception_driven_ws/build/industrial_moveit2_utils/build --no-deps install_data
[2.501s] INFO:colcon.colcon_core.shell:Creating environment hook '/home/ubuntu/perception_driven_ws/build/industrial_moveit2_utils/share/industrial_moveit2_utils/hook/pythonpath_develop.sh'
[2.506s] Level 1:colcon.colcon_core.environment:checking '/home/ubuntu/perception_driven_ws/install/industrial_moveit2_utils' for CMake module files
[2.506s] Level 1:colcon.colcon_core.environment:checking '/home/ubuntu/perception_driven_ws/install/industrial_moveit2_utils' for CMake config files
[2.507s] Level 1:colcon.colcon_core.environment:checking '/home/ubuntu/perception_driven_ws/install/industrial_moveit2_utils/lib'
[2.507s] Level 1:colcon.colcon_core.environment:checking '/home/ubuntu/perception_driven_ws/install/industrial_moveit2_utils/bin'
[2.507s] Level 1:colcon.colcon_core.environment:checking '/home/ubuntu/perception_driven_ws/install/industrial_moveit2_utils/lib/pkgconfig/industrial_moveit2_utils.pc'
[2.508s] Level 1:colcon.colcon_core.environment:checking '/home/ubuntu/perception_driven_ws/install/industrial_moveit2_utils/lib/python3.10/site-packages'
[2.508s] Level 1:colcon.colcon_core.shell:create_environment_hook('industrial_moveit2_utils', 'pythonpath')
[2.510s] INFO:colcon.colcon_core.shell:Creating environment hook '/home/ubuntu/perception_driven_ws/install/industrial_moveit2_utils/share/industrial_moveit2_utils/hook/pythonpath.ps1'
[2.511s] INFO:colcon.colcon_core.shell:Creating environment descriptor '/home/ubuntu/perception_driven_ws/install/industrial_moveit2_utils/share/industrial_moveit2_utils/hook/pythonpath.dsv'
[2.511s] INFO:colcon.colcon_core.shell:Creating environment hook '/home/ubuntu/perception_driven_ws/install/industrial_moveit2_utils/share/industrial_moveit2_utils/hook/pythonpath.sh'
[2.512s] Level 1:colcon.colcon_core.environment:checking '/home/ubuntu/perception_driven_ws/install/industrial_moveit2_utils/bin'
[2.512s] Level 1:colcon.colcon_core.environment:create_environment_scripts_only(industrial_moveit2_utils)
[2.515s] INFO:colcon.colcon_core.shell:Creating package script '/home/ubuntu/perception_driven_ws/install/industrial_moveit2_utils/share/industrial_moveit2_utils/package.ps1'
[2.515s] INFO:colcon.colcon_core.shell:Creating package descriptor '/home/ubuntu/perception_driven_ws/install/industrial_moveit2_utils/share/industrial_moveit2_utils/package.dsv'
[2.516s] INFO:colcon.colcon_core.shell:Creating package script '/home/ubuntu/perception_driven_ws/install/industrial_moveit2_utils/share/industrial_moveit2_utils/package.sh'
[2.517s] INFO:colcon.colcon_core.shell:Creating package script '/home/ubuntu/perception_driven_ws/install/industrial_moveit2_utils/share/industrial_moveit2_utils/package.bash'
[2.517s] INFO:colcon.colcon_core.shell:Creating package script '/home/ubuntu/perception_driven_ws/install/industrial_moveit2_utils/share/industrial_moveit2_utils/package.zsh'
[2.518s] Level 1:colcon.colcon_core.environment:create_file_with_runtime_dependencies(/home/ubuntu/perception_driven_ws/install/industrial_moveit2_utils/share/colcon-core/packages/industrial_moveit2_utils)
[28.594s] DEBUG:colcon.colcon_core.event_handler.log_command:Invoked command in '/home/ubuntu/perception_driven_ws/build/pick_and_place_application' returned '2': AMENT_PREFIX_PATH=/home/ubuntu/perception_driven_ws/install/pick_and_place_msgs:${AMENT_PREFIX_PATH} CMAKE_PREFIX_PATH=/home/ubuntu/perception_driven_ws/install/pick_and_place_msgs:/home/ubuntu/perception_ws/install/lesson_perception:/opt/ros/humble LD_LIBRARY_PATH=/home/ubuntu/perception_driven_ws/install/pick_and_place_msgs/lib:${LD_LIBRARY_PATH} PYTHONPATH=/home/ubuntu/perception_driven_ws/install/pick_and_place_msgs/local/lib/python3.10/dist-packages:${PYTHONPATH} /usr/bin/cmake --build /home/ubuntu/perception_driven_ws/build/pick_and_place_application -- -j4 -l4
[28.653s] Level 1:colcon.colcon_core.environment:create_environment_scripts_only(pick_and_place_application)
[28.655s] Level 1:colcon.colcon_core.environment:checking '/home/ubuntu/perception_driven_ws/install/pick_and_place_application' for CMake module files
[28.655s] Level 1:colcon.colcon_core.environment:checking '/home/ubuntu/perception_driven_ws/install/pick_and_place_application' for CMake config files
[28.656s] Level 1:colcon.colcon_core.environment:checking '/home/ubuntu/perception_driven_ws/install/pick_and_place_application/bin'
[28.656s] Level 1:colcon.colcon_core.environment:checking '/home/ubuntu/perception_driven_ws/install/pick_and_place_application/lib/pkgconfig/pick_and_place_application.pc'
[28.656s] Level 1:colcon.colcon_core.environment:checking '/home/ubuntu/perception_driven_ws/install/pick_and_place_application/lib/python3.10/site-packages'
[28.656s] Level 1:colcon.colcon_core.environment:checking '/home/ubuntu/perception_driven_ws/install/pick_and_place_application/bin'
[28.657s] INFO:colcon.colcon_core.shell:Creating package script '/home/ubuntu/perception_driven_ws/install/pick_and_place_application/share/pick_and_place_application/package.ps1'
[28.658s] INFO:colcon.colcon_core.shell:Creating package descriptor '/home/ubuntu/perception_driven_ws/install/pick_and_place_application/share/pick_and_place_application/package.dsv'
[28.658s] INFO:colcon.colcon_core.shell:Creating package script '/home/ubuntu/perception_driven_ws/install/pick_and_place_application/share/pick_and_place_application/package.sh'
[28.659s] INFO:colcon.colcon_core.shell:Creating package script '/home/ubuntu/perception_driven_ws/install/pick_and_place_application/share/pick_and_place_application/package.bash'
[28.659s] INFO:colcon.colcon_core.shell:Creating package script '/home/ubuntu/perception_driven_ws/install/pick_and_place_application/share/pick_and_place_application/package.zsh'
[28.660s] Level 1:colcon.colcon_core.environment:create_file_with_runtime_dependencies(/home/ubuntu/perception_driven_ws/install/pick_and_place_application/share/colcon-core/packages/pick_and_place_application)
[28.670s] DEBUG:colcon.colcon_parallel_executor.executor.parallel:closing loop
[28.670s] DEBUG:colcon.colcon_parallel_executor.executor.parallel:loop closed
[28.670s] DEBUG:colcon.colcon_parallel_executor.executor.parallel:run_until_complete finished with '2'
[28.670s] DEBUG:colcon.colcon_core.event_reactor:joining thread
[28.677s] INFO:colcon.colcon_core.plugin_system:Skipping extension 'colcon_notification.desktop_notification.terminal_notifier': Not used on non-Darwin systems
[28.677s] INFO:colcon.colcon_core.plugin_system:Skipping extension 'colcon_notification.desktop_notification.win32': Not used on non-Windows systems
[28.677s] INFO:colcon.colcon_notification.desktop_notification:Sending desktop notification using 'notify2'
[28.690s] DEBUG:colcon.colcon_core.event_reactor:joined thread
[28.692s] INFO:colcon.colcon_core.shell:Creating prefix script '/home/ubuntu/perception_driven_ws/install/local_setup.ps1'
[28.693s] INFO:colcon.colcon_core.shell:Creating prefix util module '/home/ubuntu/perception_driven_ws/install/_local_setup_util_ps1.py'
[28.694s] INFO:colcon.colcon_core.shell:Creating prefix chain script '/home/ubuntu/perception_driven_ws/install/setup.ps1'
[28.695s] INFO:colcon.colcon_core.shell:Creating prefix script '/home/ubuntu/perception_driven_ws/install/local_setup.sh'
[28.696s] INFO:colcon.colcon_core.shell:Creating prefix util module '/home/ubuntu/perception_driven_ws/install/_local_setup_util_sh.py'
[28.697s] INFO:colcon.colcon_core.shell:Creating prefix chain script '/home/ubuntu/perception_driven_ws/install/setup.sh'
[28.699s] INFO:colcon.colcon_core.shell:Creating prefix script '/home/ubuntu/perception_driven_ws/install/local_setup.bash'
[28.700s] INFO:colcon.colcon_core.shell:Creating prefix chain script '/home/ubuntu/perception_driven_ws/install/setup.bash'
[28.702s] INFO:colcon.colcon_core.shell:Creating prefix script '/home/ubuntu/perception_driven_ws/install/local_setup.zsh'
[28.702s] INFO:colcon.colcon_core.shell:Creating prefix chain script '/home/ubuntu/perception_driven_ws/install/setup.zsh'
